build time -- 2022-07-18 03:04:40.027746
20220718 041316.234 INFO             PET0 !!!!!!!!!!!!!!!!!!!!!!!!!!!!!!!!!!!!!!!!!!!!!!!!!!!!!!
20220718 041316.234 INFO             PET0 !!! THE ESMF_LOG IS SET TO OUTPUT ALL LOG MESSAGES !!!
20220718 041316.234 INFO             PET0 !!!     THIS MAY CAUSE SLOWDOWN IN PERFORMANCE     !!!
20220718 041316.234 INFO             PET0 !!! FOR PRODUCTION RUNS, USE:                      !!!
20220718 041316.234 INFO             PET0 !!!                   ESMF_LOGKIND_Multi_On_Error  !!!
20220718 041316.234 INFO             PET0 !!!!!!!!!!!!!!!!!!!!!!!!!!!!!!!!!!!!!!!!!!!!!!!!!!!!!!
20220718 041316.234 INFO             PET0 Running with ESMF Version   : v8.4.0b04-9-g4da4a8320a
20220718 041316.234 INFO             PET0 ESMF library build date/time: "Jul 18 2022" "02:56:59"
20220718 041316.234 INFO             PET0 ESMF library build location : /glade/scratch/dunlap/esmf-testing/intel_18.0.5_intelmpi_O_feature_named-alias
20220718 041316.234 INFO             PET0 ESMF_COMM                   : intelmpi
20220718 041316.234 INFO             PET0 ESMF_MOAB                   : enabled
20220718 041316.234 INFO             PET0 ESMF_LAPACK                 : enabled
20220718 041316.234 INFO             PET0 ESMF_NETCDF                 : enabled
20220718 041316.234 INFO             PET0 ESMF_PNETCDF                : disabled
20220718 041316.234 INFO             PET0 ESMF_PIO                    : enabled
20220718 041316.234 INFO             PET0 ESMF_YAMLCPP                : enabled
20220718 041316.280 DEBUG            PET0 about to destroy Grid: 0x17fa350
20220718 041316.284 DEBUG            PET0 about to destroy Grid: 0x17fc1d0
20220718 041316.296 INFO             PET0  NUMBER_OF_PROCESSORS           4
20220718 041316.296 INFO             PET0  PASS  Example ESMF_NUOPCAtmModelEx, ESMF_NUOPCAtmModelEx.F90, line 806
20220718 041316.296 INFO             PET0 Finalizing ESMF
20220718 041316.234 INFO             PET1 !!!!!!!!!!!!!!!!!!!!!!!!!!!!!!!!!!!!!!!!!!!!!!!!!!!!!!
20220718 041316.234 INFO             PET1 !!! THE ESMF_LOG IS SET TO OUTPUT ALL LOG MESSAGES !!!
20220718 041316.234 INFO             PET1 !!!     THIS MAY CAUSE SLOWDOWN IN PERFORMANCE     !!!
20220718 041316.234 INFO             PET1 !!! FOR PRODUCTION RUNS, USE:                      !!!
20220718 041316.234 INFO             PET1 !!!                   ESMF_LOGKIND_Multi_On_Error  !!!
20220718 041316.234 INFO             PET1 !!!!!!!!!!!!!!!!!!!!!!!!!!!!!!!!!!!!!!!!!!!!!!!!!!!!!!
20220718 041316.234 INFO             PET1 Running with ESMF Version   : v8.4.0b04-9-g4da4a8320a
20220718 041316.234 INFO             PET1 ESMF library build date/time: "Jul 18 2022" "02:56:59"
20220718 041316.234 INFO             PET1 ESMF library build location : /glade/scratch/dunlap/esmf-testing/intel_18.0.5_intelmpi_O_feature_named-alias
20220718 041316.234 INFO             PET1 ESMF_COMM                   : intelmpi
20220718 041316.234 INFO             PET1 ESMF_MOAB                   : enabled
20220718 041316.234 INFO             PET1 ESMF_LAPACK                 : enabled
20220718 041316.234 INFO             PET1 ESMF_NETCDF                 : enabled
20220718 041316.234 INFO             PET1 ESMF_PNETCDF                : disabled
20220718 041316.234 INFO             PET1 ESMF_PIO                    : enabled
20220718 041316.234 INFO             PET1 ESMF_YAMLCPP                : enabled
20220718 041316.280 DEBUG            PET1 about to destroy Grid: 0xb5bc60
20220718 041316.284 DEBUG            PET1 about to destroy Grid: 0xb5c940
20220718 041316.296 INFO             PET1  NUMBER_OF_PROCESSORS           4
20220718 041316.296 INFO             PET1  PASS  Example ESMF_NUOPCAtmModelEx, ESMF_NUOPCAtmModelEx.F90, line 806
20220718 041316.296 INFO             PET1 Finalizing ESMF
20220718 041316.233 INFO             PET2 !!!!!!!!!!!!!!!!!!!!!!!!!!!!!!!!!!!!!!!!!!!!!!!!!!!!!!
20220718 041316.233 INFO             PET2 !!! THE ESMF_LOG IS SET TO OUTPUT ALL LOG MESSAGES !!!
20220718 041316.233 INFO             PET2 !!!     THIS MAY CAUSE SLOWDOWN IN PERFORMANCE     !!!
20220718 041316.233 INFO             PET2 !!! FOR PRODUCTION RUNS, USE:                      !!!
20220718 041316.233 INFO             PET2 !!!                   ESMF_LOGKIND_Multi_On_Error  !!!
20220718 041316.233 INFO             PET2 !!!!!!!!!!!!!!!!!!!!!!!!!!!!!!!!!!!!!!!!!!!!!!!!!!!!!!
20220718 041316.233 INFO             PET2 Running with ESMF Version   : v8.4.0b04-9-g4da4a8320a
20220718 041316.233 INFO             PET2 ESMF library build date/time: "Jul 18 2022" "02:56:59"
20220718 041316.233 INFO             PET2 ESMF library build location : /glade/scratch/dunlap/esmf-testing/intel_18.0.5_intelmpi_O_feature_named-alias
20220718 041316.233 INFO             PET2 ESMF_COMM                   : intelmpi
20220718 041316.234 INFO             PET2 ESMF_MOAB                   : enabled
20220718 041316.234 INFO             PET2 ESMF_LAPACK                 : enabled
20220718 041316.234 INFO             PET2 ESMF_NETCDF                 : enabled
20220718 041316.234 INFO             PET2 ESMF_PNETCDF                : disabled
20220718 041316.234 INFO             PET2 ESMF_PIO                    : enabled
20220718 041316.234 INFO             PET2 ESMF_YAMLCPP                : enabled
20220718 041316.280 DEBUG            PET2 about to destroy Grid: 0x1249c60
20220718 041316.284 DEBUG            PET2 about to destroy Grid: 0x124a940
20220718 041316.296 INFO             PET2  NUMBER_OF_PROCESSORS           4
20220718 041316.296 INFO             PET2  PASS  Example ESMF_NUOPCAtmModelEx, ESMF_NUOPCAtmModelEx.F90, line 806
20220718 041316.296 INFO             PET2 Finalizing ESMF
20220718 041316.234 INFO             PET3 !!!!!!!!!!!!!!!!!!!!!!!!!!!!!!!!!!!!!!!!!!!!!!!!!!!!!!
20220718 041316.234 INFO             PET3 !!! THE ESMF_LOG IS SET TO OUTPUT ALL LOG MESSAGES !!!
20220718 041316.234 INFO             PET3 !!!     THIS MAY CAUSE SLOWDOWN IN PERFORMANCE     !!!
20220718 041316.234 INFO             PET3 !!! FOR PRODUCTION RUNS, USE:                      !!!
20220718 041316.234 INFO             PET3 !!!                   ESMF_LOGKIND_Multi_On_Error  !!!
20220718 041316.234 INFO             PET3 !!!!!!!!!!!!!!!!!!!!!!!!!!!!!!!!!!!!!!!!!!!!!!!!!!!!!!
20220718 041316.234 INFO             PET3 Running with ESMF Version   : v8.4.0b04-9-g4da4a8320a
20220718 041316.234 INFO             PET3 ESMF library build date/time: "Jul 18 2022" "02:56:59"
20220718 041316.234 INFO             PET3 ESMF library build location : /glade/scratch/dunlap/esmf-testing/intel_18.0.5_intelmpi_O_feature_named-alias
20220718 041316.234 INFO             PET3 ESMF_COMM                   : intelmpi
20220718 041316.234 INFO             PET3 ESMF_MOAB                   : enabled
20220718 041316.234 INFO             PET3 ESMF_LAPACK                 : enabled
20220718 041316.234 INFO             PET3 ESMF_NETCDF                 : enabled
20220718 041316.234 INFO             PET3 ESMF_PNETCDF                : disabled
20220718 041316.234 INFO             PET3 ESMF_PIO                    : enabled
20220718 041316.234 INFO             PET3 ESMF_YAMLCPP                : enabled
20220718 041316.280 DEBUG            PET3 about to destroy Grid: 0x24a4c60
20220718 041316.284 DEBUG            PET3 about to destroy Grid: 0x24a5940
20220718 041316.296 INFO             PET3  NUMBER_OF_PROCESSORS           4
20220718 041316.296 INFO             PET3  PASS  Example ESMF_NUOPCAtmModelEx, ESMF_NUOPCAtmModelEx.F90, line 806
20220718 041316.296 INFO             PET3 Finalizing ESMF
