build time -- 2022-05-28 01:27:25
20220528 014623.850 INFO             PET0 !!!!!!!!!!!!!!!!!!!!!!!!!!!!!!!!!!!!!!!!!!!!!!!!!!!!!!
20220528 014623.850 INFO             PET0 !!! THE ESMF_LOG IS SET TO OUTPUT ALL LOG MESSAGES !!!
20220528 014623.850 INFO             PET0 !!!     THIS MAY CAUSE SLOWDOWN IN PERFORMANCE     !!!
20220528 014623.850 INFO             PET0 !!! FOR PRODUCTION RUNS, USE:                      !!!
20220528 014623.850 INFO             PET0 !!!                   ESMF_LOGKIND_Multi_On_Error  !!!
20220528 014623.850 INFO             PET0 !!!!!!!!!!!!!!!!!!!!!!!!!!!!!!!!!!!!!!!!!!!!!!!!!!!!!!
20220528 014623.850 INFO             PET0 Running with ESMF Version   : v8.3.0b16-3-gc2b47388e1
20220528 014623.850 INFO             PET0 ESMF library build date/time: "May 28 2022" "01:26:16"
20220528 014623.850 INFO             PET0 ESMF library build location : /lfs/h1/emc/ptmp/Mark.Potts/intel_19.1.3_mpi_O_release_8.3.0
20220528 014623.850 INFO             PET0 ESMF_COMM                   : mpi
20220528 014623.852 INFO             PET0 ESMF_MOAB                   : enabled
20220528 014623.852 INFO             PET0 ESMF_LAPACK                 : enabled
20220528 014623.852 INFO             PET0 ESMF_NETCDF                 : enabled
20220528 014623.852 INFO             PET0 ESMF_PNETCDF                : disabled
20220528 014623.852 INFO             PET0 ESMF_PIO                    : enabled
20220528 014623.852 INFO             PET0 ESMF_YAMLCPP                : enabled
20220528 014623.854 INFO             PET0  NUMBER_OF_PROCESSORS           1
20220528 014623.854 INFO             PET0  PASS  Example ESMF_XGridSparseMatEx, ESMF_XGridSparseMatEx.F90, line 642
20220528 014623.854 INFO             PET0 Finalizing ESMF
