build time -- 2022-05-28 01:27:25
20220528 014706.398 INFO             PET0 !!!!!!!!!!!!!!!!!!!!!!!!!!!!!!!!!!!!!!!!!!!!!!!!!!!!!!
20220528 014706.398 INFO             PET0 !!! THE ESMF_LOG IS SET TO OUTPUT ALL LOG MESSAGES !!!
20220528 014706.398 INFO             PET0 !!!     THIS MAY CAUSE SLOWDOWN IN PERFORMANCE     !!!
20220528 014706.398 INFO             PET0 !!! FOR PRODUCTION RUNS, USE:                      !!!
20220528 014706.398 INFO             PET0 !!!                   ESMF_LOGKIND_Multi_On_Error  !!!
20220528 014706.398 INFO             PET0 !!!!!!!!!!!!!!!!!!!!!!!!!!!!!!!!!!!!!!!!!!!!!!!!!!!!!!
20220528 014706.398 INFO             PET0 Running with ESMF Version   : v8.3.0b16-3-gc2b47388e1
20220528 014706.398 INFO             PET0 ESMF library build date/time: "May 28 2022" "01:26:16"
20220528 014706.398 INFO             PET0 ESMF library build location : /lfs/h1/emc/ptmp/Mark.Potts/intel_19.1.3_mpi_O_release_8.3.0
20220528 014706.398 INFO             PET0 ESMF_COMM                   : mpi
20220528 014706.399 INFO             PET0 ESMF_MOAB                   : enabled
20220528 014706.399 INFO             PET0 ESMF_LAPACK                 : enabled
20220528 014706.399 INFO             PET0 ESMF_NETCDF                 : enabled
20220528 014706.399 INFO             PET0 ESMF_PNETCDF                : disabled
20220528 014706.399 INFO             PET0 ESMF_PIO                    : enabled
20220528 014706.399 INFO             PET0 ESMF_YAMLCPP                : enabled
20220528 014706.431 DEBUG            PET0 about to destroy Grid: 0x1efb720
20220528 014706.434 DEBUG            PET0 about to destroy Grid: 0x1efd730
20220528 014706.443 INFO             PET0  NUMBER_OF_PROCESSORS           4
20220528 014706.443 INFO             PET0  PASS  Example ESMF_NUOPCAtmModelEx, ESMF_NUOPCAtmModelEx.F90, line 806
20220528 014706.443 INFO             PET0 Finalizing ESMF
20220528 014706.398 INFO             PET1 !!!!!!!!!!!!!!!!!!!!!!!!!!!!!!!!!!!!!!!!!!!!!!!!!!!!!!
20220528 014706.398 INFO             PET1 !!! THE ESMF_LOG IS SET TO OUTPUT ALL LOG MESSAGES !!!
20220528 014706.398 INFO             PET1 !!!     THIS MAY CAUSE SLOWDOWN IN PERFORMANCE     !!!
20220528 014706.398 INFO             PET1 !!! FOR PRODUCTION RUNS, USE:                      !!!
20220528 014706.398 INFO             PET1 !!!                   ESMF_LOGKIND_Multi_On_Error  !!!
20220528 014706.398 INFO             PET1 !!!!!!!!!!!!!!!!!!!!!!!!!!!!!!!!!!!!!!!!!!!!!!!!!!!!!!
20220528 014706.398 INFO             PET1 Running with ESMF Version   : v8.3.0b16-3-gc2b47388e1
20220528 014706.398 INFO             PET1 ESMF library build date/time: "May 28 2022" "01:26:16"
20220528 014706.398 INFO             PET1 ESMF library build location : /lfs/h1/emc/ptmp/Mark.Potts/intel_19.1.3_mpi_O_release_8.3.0
20220528 014706.398 INFO             PET1 ESMF_COMM                   : mpi
20220528 014706.399 INFO             PET1 ESMF_MOAB                   : enabled
20220528 014706.399 INFO             PET1 ESMF_LAPACK                 : enabled
20220528 014706.399 INFO             PET1 ESMF_NETCDF                 : enabled
20220528 014706.399 INFO             PET1 ESMF_PNETCDF                : disabled
20220528 014706.399 INFO             PET1 ESMF_PIO                    : enabled
20220528 014706.399 INFO             PET1 ESMF_YAMLCPP                : enabled
20220528 014706.431 DEBUG            PET1 about to destroy Grid: 0x20c18a0
20220528 014706.434 DEBUG            PET1 about to destroy Grid: 0x20c28b0
20220528 014706.443 INFO             PET1  NUMBER_OF_PROCESSORS           4
20220528 014706.443 INFO             PET1  PASS  Example ESMF_NUOPCAtmModelEx, ESMF_NUOPCAtmModelEx.F90, line 806
20220528 014706.443 INFO             PET1 Finalizing ESMF
20220528 014706.397 INFO             PET2 !!!!!!!!!!!!!!!!!!!!!!!!!!!!!!!!!!!!!!!!!!!!!!!!!!!!!!
20220528 014706.398 INFO             PET2 !!! THE ESMF_LOG IS SET TO OUTPUT ALL LOG MESSAGES !!!
20220528 014706.398 INFO             PET2 !!!     THIS MAY CAUSE SLOWDOWN IN PERFORMANCE     !!!
20220528 014706.398 INFO             PET2 !!! FOR PRODUCTION RUNS, USE:                      !!!
20220528 014706.398 INFO             PET2 !!!                   ESMF_LOGKIND_Multi_On_Error  !!!
20220528 014706.398 INFO             PET2 !!!!!!!!!!!!!!!!!!!!!!!!!!!!!!!!!!!!!!!!!!!!!!!!!!!!!!
20220528 014706.398 INFO             PET2 Running with ESMF Version   : v8.3.0b16-3-gc2b47388e1
20220528 014706.398 INFO             PET2 ESMF library build date/time: "May 28 2022" "01:26:16"
20220528 014706.398 INFO             PET2 ESMF library build location : /lfs/h1/emc/ptmp/Mark.Potts/intel_19.1.3_mpi_O_release_8.3.0
20220528 014706.398 INFO             PET2 ESMF_COMM                   : mpi
20220528 014706.398 INFO             PET2 ESMF_MOAB                   : enabled
20220528 014706.398 INFO             PET2 ESMF_LAPACK                 : enabled
20220528 014706.398 INFO             PET2 ESMF_NETCDF                 : enabled
20220528 014706.398 INFO             PET2 ESMF_PNETCDF                : disabled
20220528 014706.398 INFO             PET2 ESMF_PIO                    : enabled
20220528 014706.398 INFO             PET2 ESMF_YAMLCPP                : enabled
20220528 014706.431 DEBUG            PET2 about to destroy Grid: 0x1c3f6d0
20220528 014706.434 DEBUG            PET2 about to destroy Grid: 0x1c406e0
20220528 014706.443 INFO             PET2  NUMBER_OF_PROCESSORS           4
20220528 014706.443 INFO             PET2  PASS  Example ESMF_NUOPCAtmModelEx, ESMF_NUOPCAtmModelEx.F90, line 806
20220528 014706.443 INFO             PET2 Finalizing ESMF
20220528 014706.397 INFO             PET3 !!!!!!!!!!!!!!!!!!!!!!!!!!!!!!!!!!!!!!!!!!!!!!!!!!!!!!
20220528 014706.398 INFO             PET3 !!! THE ESMF_LOG IS SET TO OUTPUT ALL LOG MESSAGES !!!
20220528 014706.398 INFO             PET3 !!!     THIS MAY CAUSE SLOWDOWN IN PERFORMANCE     !!!
20220528 014706.398 INFO             PET3 !!! FOR PRODUCTION RUNS, USE:                      !!!
20220528 014706.398 INFO             PET3 !!!                   ESMF_LOGKIND_Multi_On_Error  !!!
20220528 014706.398 INFO             PET3 !!!!!!!!!!!!!!!!!!!!!!!!!!!!!!!!!!!!!!!!!!!!!!!!!!!!!!
20220528 014706.398 INFO             PET3 Running with ESMF Version   : v8.3.0b16-3-gc2b47388e1
20220528 014706.398 INFO             PET3 ESMF library build date/time: "May 28 2022" "01:26:16"
20220528 014706.398 INFO             PET3 ESMF library build location : /lfs/h1/emc/ptmp/Mark.Potts/intel_19.1.3_mpi_O_release_8.3.0
20220528 014706.398 INFO             PET3 ESMF_COMM                   : mpi
20220528 014706.398 INFO             PET3 ESMF_MOAB                   : enabled
20220528 014706.398 INFO             PET3 ESMF_LAPACK                 : enabled
20220528 014706.398 INFO             PET3 ESMF_NETCDF                 : enabled
20220528 014706.398 INFO             PET3 ESMF_PNETCDF                : disabled
20220528 014706.398 INFO             PET3 ESMF_PIO                    : enabled
20220528 014706.398 INFO             PET3 ESMF_YAMLCPP                : enabled
20220528 014706.431 DEBUG            PET3 about to destroy Grid: 0x13dfaa0
20220528 014706.434 DEBUG            PET3 about to destroy Grid: 0x13e0ab0
20220528 014706.443 INFO             PET3  NUMBER_OF_PROCESSORS           4
20220528 014706.443 INFO             PET3  PASS  Example ESMF_NUOPCAtmModelEx, ESMF_NUOPCAtmModelEx.F90, line 806
20220528 014706.443 INFO             PET3 Finalizing ESMF
