build time -- 2022-07-09 02:26:01.491252
20220709 025727.689 INFO             PET0 !!!!!!!!!!!!!!!!!!!!!!!!!!!!!!!!!!!!!!!!!!!!!!!!!!!!!!
20220709 025727.689 INFO             PET0 !!! THE ESMF_LOG IS SET TO OUTPUT ALL LOG MESSAGES !!!
20220709 025727.689 INFO             PET0 !!!     THIS MAY CAUSE SLOWDOWN IN PERFORMANCE     !!!
20220709 025727.689 INFO             PET0 !!! FOR PRODUCTION RUNS, USE:                      !!!
20220709 025727.689 INFO             PET0 !!!                   ESMF_LOGKIND_Multi_On_Error  !!!
20220709 025727.689 INFO             PET0 !!!!!!!!!!!!!!!!!!!!!!!!!!!!!!!!!!!!!!!!!!!!!!!!!!!!!!
20220709 025727.689 INFO             PET0 Running with ESMF Version   : v8.4.0b03-3-g14a79d558f
20220709 025727.689 INFO             PET0 ESMF library build date/time: "Jul  9 2022" "02:23:00"
20220709 025727.689 INFO             PET0 ESMF library build location : /glade/scratch/dunlap/esmf-testing/gfortran_9.1.0_mpt_g_develop
20220709 025727.689 INFO             PET0 ESMF_COMM                   : mpt
20220709 025727.689 INFO             PET0 ESMF_MOAB                   : enabled
20220709 025727.689 INFO             PET0 ESMF_LAPACK                 : enabled
20220709 025727.689 INFO             PET0 ESMF_NETCDF                 : enabled
20220709 025727.689 INFO             PET0 ESMF_PNETCDF                : disabled
20220709 025727.689 INFO             PET0 ESMF_PIO                    : enabled
20220709 025727.689 INFO             PET0 ESMF_YAMLCPP                : enabled
20220709 025727.786 DEBUG            PET0 about to destroy Grid: 0x37ddff0
20220709 025727.798 DEBUG            PET0 about to destroy Grid: 0x37df890
20220709 025727.832 INFO             PET0  NUMBER_OF_PROCESSORS           4
20220709 025727.832 INFO             PET0  PASS  Example ESMF_NUOPCAtmModelEx, ESMF_NUOPCAtmModelEx.F90, line 806
20220709 025727.832 INFO             PET0 Finalizing ESMF
20220709 025727.689 INFO             PET1 !!!!!!!!!!!!!!!!!!!!!!!!!!!!!!!!!!!!!!!!!!!!!!!!!!!!!!
20220709 025727.690 INFO             PET1 !!! THE ESMF_LOG IS SET TO OUTPUT ALL LOG MESSAGES !!!
20220709 025727.690 INFO             PET1 !!!     THIS MAY CAUSE SLOWDOWN IN PERFORMANCE     !!!
20220709 025727.690 INFO             PET1 !!! FOR PRODUCTION RUNS, USE:                      !!!
20220709 025727.690 INFO             PET1 !!!                   ESMF_LOGKIND_Multi_On_Error  !!!
20220709 025727.690 INFO             PET1 !!!!!!!!!!!!!!!!!!!!!!!!!!!!!!!!!!!!!!!!!!!!!!!!!!!!!!
20220709 025727.690 INFO             PET1 Running with ESMF Version   : v8.4.0b03-3-g14a79d558f
20220709 025727.690 INFO             PET1 ESMF library build date/time: "Jul  9 2022" "02:23:00"
20220709 025727.690 INFO             PET1 ESMF library build location : /glade/scratch/dunlap/esmf-testing/gfortran_9.1.0_mpt_g_develop
20220709 025727.690 INFO             PET1 ESMF_COMM                   : mpt
20220709 025727.690 INFO             PET1 ESMF_MOAB                   : enabled
20220709 025727.690 INFO             PET1 ESMF_LAPACK                 : enabled
20220709 025727.690 INFO             PET1 ESMF_NETCDF                 : enabled
20220709 025727.690 INFO             PET1 ESMF_PNETCDF                : disabled
20220709 025727.690 INFO             PET1 ESMF_PIO                    : enabled
20220709 025727.690 INFO             PET1 ESMF_YAMLCPP                : enabled
20220709 025727.786 DEBUG            PET1 about to destroy Grid: 0x37de200
20220709 025727.798 DEBUG            PET1 about to destroy Grid: 0x37df260
20220709 025727.832 INFO             PET1  NUMBER_OF_PROCESSORS           4
20220709 025727.832 INFO             PET1  PASS  Example ESMF_NUOPCAtmModelEx, ESMF_NUOPCAtmModelEx.F90, line 806
20220709 025727.832 INFO             PET1 Finalizing ESMF
20220709 025727.689 INFO             PET2 !!!!!!!!!!!!!!!!!!!!!!!!!!!!!!!!!!!!!!!!!!!!!!!!!!!!!!
20220709 025727.689 INFO             PET2 !!! THE ESMF_LOG IS SET TO OUTPUT ALL LOG MESSAGES !!!
20220709 025727.689 INFO             PET2 !!!     THIS MAY CAUSE SLOWDOWN IN PERFORMANCE     !!!
20220709 025727.689 INFO             PET2 !!! FOR PRODUCTION RUNS, USE:                      !!!
20220709 025727.689 INFO             PET2 !!!                   ESMF_LOGKIND_Multi_On_Error  !!!
20220709 025727.689 INFO             PET2 !!!!!!!!!!!!!!!!!!!!!!!!!!!!!!!!!!!!!!!!!!!!!!!!!!!!!!
20220709 025727.689 INFO             PET2 Running with ESMF Version   : v8.4.0b03-3-g14a79d558f
20220709 025727.689 INFO             PET2 ESMF library build date/time: "Jul  9 2022" "02:23:00"
20220709 025727.689 INFO             PET2 ESMF library build location : /glade/scratch/dunlap/esmf-testing/gfortran_9.1.0_mpt_g_develop
20220709 025727.689 INFO             PET2 ESMF_COMM                   : mpt
20220709 025727.689 INFO             PET2 ESMF_MOAB                   : enabled
20220709 025727.689 INFO             PET2 ESMF_LAPACK                 : enabled
20220709 025727.689 INFO             PET2 ESMF_NETCDF                 : enabled
20220709 025727.689 INFO             PET2 ESMF_PNETCDF                : disabled
20220709 025727.689 INFO             PET2 ESMF_PIO                    : enabled
20220709 025727.689 INFO             PET2 ESMF_YAMLCPP                : enabled
20220709 025727.786 DEBUG            PET2 about to destroy Grid: 0x37dd9e0
20220709 025727.798 DEBUG            PET2 about to destroy Grid: 0x37dea40
20220709 025727.831 INFO             PET2  NUMBER_OF_PROCESSORS           4
20220709 025727.832 INFO             PET2  PASS  Example ESMF_NUOPCAtmModelEx, ESMF_NUOPCAtmModelEx.F90, line 806
20220709 025727.832 INFO             PET2 Finalizing ESMF
20220709 025727.689 INFO             PET3 !!!!!!!!!!!!!!!!!!!!!!!!!!!!!!!!!!!!!!!!!!!!!!!!!!!!!!
20220709 025727.689 INFO             PET3 !!! THE ESMF_LOG IS SET TO OUTPUT ALL LOG MESSAGES !!!
20220709 025727.689 INFO             PET3 !!!     THIS MAY CAUSE SLOWDOWN IN PERFORMANCE     !!!
20220709 025727.689 INFO             PET3 !!! FOR PRODUCTION RUNS, USE:                      !!!
20220709 025727.689 INFO             PET3 !!!                   ESMF_LOGKIND_Multi_On_Error  !!!
20220709 025727.689 INFO             PET3 !!!!!!!!!!!!!!!!!!!!!!!!!!!!!!!!!!!!!!!!!!!!!!!!!!!!!!
20220709 025727.689 INFO             PET3 Running with ESMF Version   : v8.4.0b03-3-g14a79d558f
20220709 025727.689 INFO             PET3 ESMF library build date/time: "Jul  9 2022" "02:23:00"
20220709 025727.689 INFO             PET3 ESMF library build location : /glade/scratch/dunlap/esmf-testing/gfortran_9.1.0_mpt_g_develop
20220709 025727.689 INFO             PET3 ESMF_COMM                   : mpt
20220709 025727.689 INFO             PET3 ESMF_MOAB                   : enabled
20220709 025727.689 INFO             PET3 ESMF_LAPACK                 : enabled
20220709 025727.689 INFO             PET3 ESMF_NETCDF                 : enabled
20220709 025727.689 INFO             PET3 ESMF_PNETCDF                : disabled
20220709 025727.689 INFO             PET3 ESMF_PIO                    : enabled
20220709 025727.689 INFO             PET3 ESMF_YAMLCPP                : enabled
20220709 025727.786 DEBUG            PET3 about to destroy Grid: 0x37dd9c0
20220709 025727.798 DEBUG            PET3 about to destroy Grid: 0x37dea20
20220709 025727.831 INFO             PET3  NUMBER_OF_PROCESSORS           4
20220709 025727.832 INFO             PET3  PASS  Example ESMF_NUOPCAtmModelEx, ESMF_NUOPCAtmModelEx.F90, line 806
20220709 025727.832 INFO             PET3 Finalizing ESMF
