build time -- 2022-06-28 02:27:10.578935
20220628 025607.404 INFO             PET0 !!!!!!!!!!!!!!!!!!!!!!!!!!!!!!!!!!!!!!!!!!!!!!!!!!!!!!
20220628 025607.404 INFO             PET0 !!! THE ESMF_LOG IS SET TO OUTPUT ALL LOG MESSAGES !!!
20220628 025607.404 INFO             PET0 !!!     THIS MAY CAUSE SLOWDOWN IN PERFORMANCE     !!!
20220628 025607.404 INFO             PET0 !!! FOR PRODUCTION RUNS, USE:                      !!!
20220628 025607.404 INFO             PET0 !!!                   ESMF_LOGKIND_Multi_On_Error  !!!
20220628 025607.404 INFO             PET0 !!!!!!!!!!!!!!!!!!!!!!!!!!!!!!!!!!!!!!!!!!!!!!!!!!!!!!
20220628 025607.404 INFO             PET0 Running with ESMF Version   : v8.4.0b01-2-gf0d4ab211d
20220628 025607.404 INFO             PET0 ESMF library build date/time: "Jun 28 2022" "02:23:56"
20220628 025607.404 INFO             PET0 ESMF library build location : /glade/scratch/dunlap/esmf-testing/gfortran_9.1.0_mpt_g_develop
20220628 025607.404 INFO             PET0 ESMF_COMM                   : mpt
20220628 025607.405 INFO             PET0 ESMF_MOAB                   : enabled
20220628 025607.405 INFO             PET0 ESMF_LAPACK                 : enabled
20220628 025607.405 INFO             PET0 ESMF_NETCDF                 : enabled
20220628 025607.405 INFO             PET0 ESMF_PNETCDF                : disabled
20220628 025607.405 INFO             PET0 ESMF_PIO                    : enabled
20220628 025607.405 INFO             PET0 ESMF_YAMLCPP                : enabled
20220628 025607.405 INFO             PET0  NUMBER_OF_PROCESSORS           4
20220628 025607.405 INFO             PET0  PASS  Example ESMF_VMUserMpiCommMultiEx, ESMF_VMUserMpiCommMultiEx.F90, line 126
20220628 025607.405 INFO             PET0 Finalizing ESMF
20220628 025607.403 INFO             PET0 !!!!!!!!!!!!!!!!!!!!!!!!!!!!!!!!!!!!!!!!!!!!!!!!!!!!!!
20220628 025607.403 INFO             PET0 !!! THE ESMF_LOG IS SET TO OUTPUT ALL LOG MESSAGES !!!
20220628 025607.403 INFO             PET0 !!!     THIS MAY CAUSE SLOWDOWN IN PERFORMANCE     !!!
20220628 025607.403 INFO             PET0 !!! FOR PRODUCTION RUNS, USE:                      !!!
20220628 025607.403 INFO             PET0 !!!                   ESMF_LOGKIND_Multi_On_Error  !!!
20220628 025607.403 INFO             PET0 !!!!!!!!!!!!!!!!!!!!!!!!!!!!!!!!!!!!!!!!!!!!!!!!!!!!!!
20220628 025607.403 INFO             PET0 Running with ESMF Version   : v8.4.0b01-2-gf0d4ab211d
20220628 025607.403 INFO             PET0 ESMF library build date/time: "Jun 28 2022" "02:23:56"
20220628 025607.403 INFO             PET0 ESMF library build location : /glade/scratch/dunlap/esmf-testing/gfortran_9.1.0_mpt_g_develop
20220628 025607.403 INFO             PET0 ESMF_COMM                   : mpt
20220628 025607.403 INFO             PET0 ESMF_MOAB                   : enabled
20220628 025607.403 INFO             PET0 ESMF_LAPACK                 : enabled
20220628 025607.403 INFO             PET0 ESMF_NETCDF                 : enabled
20220628 025607.403 INFO             PET0 ESMF_PNETCDF                : disabled
20220628 025607.403 INFO             PET0 ESMF_PIO                    : enabled
20220628 025607.403 INFO             PET0 ESMF_YAMLCPP                : enabled
20220628 025607.404 INFO             PET0  NUMBER_OF_PROCESSORS           4
20220628 025607.404 INFO             PET0  PASS  Example ESMF_VMUserMpiCommMultiEx, ESMF_VMUserMpiCommMultiEx.F90, line 154
20220628 025607.404 INFO             PET0 Finalizing ESMF
20220628 025607.404 INFO             PET1 !!!!!!!!!!!!!!!!!!!!!!!!!!!!!!!!!!!!!!!!!!!!!!!!!!!!!!
20220628 025607.404 INFO             PET1 !!! THE ESMF_LOG IS SET TO OUTPUT ALL LOG MESSAGES !!!
20220628 025607.404 INFO             PET1 !!!     THIS MAY CAUSE SLOWDOWN IN PERFORMANCE     !!!
20220628 025607.404 INFO             PET1 !!! FOR PRODUCTION RUNS, USE:                      !!!
20220628 025607.404 INFO             PET1 !!!                   ESMF_LOGKIND_Multi_On_Error  !!!
20220628 025607.404 INFO             PET1 !!!!!!!!!!!!!!!!!!!!!!!!!!!!!!!!!!!!!!!!!!!!!!!!!!!!!!
20220628 025607.404 INFO             PET1 Running with ESMF Version   : v8.4.0b01-2-gf0d4ab211d
20220628 025607.404 INFO             PET1 ESMF library build date/time: "Jun 28 2022" "02:23:56"
20220628 025607.404 INFO             PET1 ESMF library build location : /glade/scratch/dunlap/esmf-testing/gfortran_9.1.0_mpt_g_develop
20220628 025607.404 INFO             PET1 ESMF_COMM                   : mpt
20220628 025607.404 INFO             PET1 ESMF_MOAB                   : enabled
20220628 025607.404 INFO             PET1 ESMF_LAPACK                 : enabled
20220628 025607.404 INFO             PET1 ESMF_NETCDF                 : enabled
20220628 025607.404 INFO             PET1 ESMF_PNETCDF                : disabled
20220628 025607.404 INFO             PET1 ESMF_PIO                    : enabled
20220628 025607.404 INFO             PET1 ESMF_YAMLCPP                : enabled
20220628 025607.405 INFO             PET1  NUMBER_OF_PROCESSORS           4
20220628 025607.405 INFO             PET1  PASS  Example ESMF_VMUserMpiCommMultiEx, ESMF_VMUserMpiCommMultiEx.F90, line 126
20220628 025607.405 INFO             PET1 Finalizing ESMF
20220628 025607.404 INFO             PET1 !!!!!!!!!!!!!!!!!!!!!!!!!!!!!!!!!!!!!!!!!!!!!!!!!!!!!!
20220628 025607.404 INFO             PET1 !!! THE ESMF_LOG IS SET TO OUTPUT ALL LOG MESSAGES !!!
20220628 025607.404 INFO             PET1 !!!     THIS MAY CAUSE SLOWDOWN IN PERFORMANCE     !!!
20220628 025607.404 INFO             PET1 !!! FOR PRODUCTION RUNS, USE:                      !!!
20220628 025607.404 INFO             PET1 !!!                   ESMF_LOGKIND_Multi_On_Error  !!!
20220628 025607.404 INFO             PET1 !!!!!!!!!!!!!!!!!!!!!!!!!!!!!!!!!!!!!!!!!!!!!!!!!!!!!!
20220628 025607.404 INFO             PET1 Running with ESMF Version   : v8.4.0b01-2-gf0d4ab211d
20220628 025607.404 INFO             PET1 ESMF library build date/time: "Jun 28 2022" "02:23:56"
20220628 025607.404 INFO             PET1 ESMF library build location : /glade/scratch/dunlap/esmf-testing/gfortran_9.1.0_mpt_g_develop
20220628 025607.404 INFO             PET1 ESMF_COMM                   : mpt
20220628 025607.404 INFO             PET1 ESMF_MOAB                   : enabled
20220628 025607.404 INFO             PET1 ESMF_LAPACK                 : enabled
20220628 025607.404 INFO             PET1 ESMF_NETCDF                 : enabled
20220628 025607.404 INFO             PET1 ESMF_PNETCDF                : disabled
20220628 025607.404 INFO             PET1 ESMF_PIO                    : enabled
20220628 025607.404 INFO             PET1 ESMF_YAMLCPP                : enabled
20220628 025607.404 INFO             PET1  NUMBER_OF_PROCESSORS           4
20220628 025607.404 INFO             PET1  PASS  Example ESMF_VMUserMpiCommMultiEx, ESMF_VMUserMpiCommMultiEx.F90, line 154
20220628 025607.404 INFO             PET1 Finalizing ESMF
