build time -- 2022-07-07 06:16:08
20220707 064716.696 INFO             PET0 !!!!!!!!!!!!!!!!!!!!!!!!!!!!!!!!!!!!!!!!!!!!!!!!!!!!!!
20220707 064716.696 INFO             PET0 !!! THE ESMF_LOG IS SET TO OUTPUT ALL LOG MESSAGES !!!
20220707 064716.696 INFO             PET0 !!!     THIS MAY CAUSE SLOWDOWN IN PERFORMANCE     !!!
20220707 064716.696 INFO             PET0 !!! FOR PRODUCTION RUNS, USE:                      !!!
20220707 064716.696 INFO             PET0 !!!                   ESMF_LOGKIND_Multi_On_Error  !!!
20220707 064716.696 INFO             PET0 !!!!!!!!!!!!!!!!!!!!!!!!!!!!!!!!!!!!!!!!!!!!!!!!!!!!!!
20220707 064716.696 INFO             PET0 Running with ESMF Version   : v8.4.0b03-3-g14a79d558f
20220707 064716.696 INFO             PET0 ESMF library build date/time: "Jul  7 2022" "06:14:23"
20220707 064716.696 INFO             PET0 ESMF library build location : /scratch1/NCEPDEV/stmp2/role.esmfmaint/intel_18.0.5b_intelmpi_O_develop
20220707 064716.696 INFO             PET0 ESMF_COMM                   : intelmpi
20220707 064716.697 INFO             PET0 ESMF_MOAB                   : enabled
20220707 064716.697 INFO             PET0 ESMF_LAPACK                 : enabled
20220707 064716.697 INFO             PET0 ESMF_NETCDF                 : enabled
20220707 064716.697 INFO             PET0 ESMF_PNETCDF                : disabled
20220707 064716.697 INFO             PET0 ESMF_PIO                    : enabled
20220707 064716.697 INFO             PET0 ESMF_YAMLCPP                : enabled
20220707 064716.733 DEBUG            PET0 about to destroy Grid: 0x10abf90
20220707 064716.736 DEBUG            PET0 about to destroy Grid: 0x10ada10
20220707 064716.745 INFO             PET0  NUMBER_OF_PROCESSORS           4
20220707 064716.745 INFO             PET0  PASS  Example ESMF_NUOPCAtmModelEx, ESMF_NUOPCAtmModelEx.F90, line 806
20220707 064716.745 INFO             PET0 Finalizing ESMF
20220707 064716.696 INFO             PET1 !!!!!!!!!!!!!!!!!!!!!!!!!!!!!!!!!!!!!!!!!!!!!!!!!!!!!!
20220707 064716.696 INFO             PET1 !!! THE ESMF_LOG IS SET TO OUTPUT ALL LOG MESSAGES !!!
20220707 064716.696 INFO             PET1 !!!     THIS MAY CAUSE SLOWDOWN IN PERFORMANCE     !!!
20220707 064716.696 INFO             PET1 !!! FOR PRODUCTION RUNS, USE:                      !!!
20220707 064716.696 INFO             PET1 !!!                   ESMF_LOGKIND_Multi_On_Error  !!!
20220707 064716.696 INFO             PET1 !!!!!!!!!!!!!!!!!!!!!!!!!!!!!!!!!!!!!!!!!!!!!!!!!!!!!!
20220707 064716.696 INFO             PET1 Running with ESMF Version   : v8.4.0b03-3-g14a79d558f
20220707 064716.696 INFO             PET1 ESMF library build date/time: "Jul  7 2022" "06:14:23"
20220707 064716.696 INFO             PET1 ESMF library build location : /scratch1/NCEPDEV/stmp2/role.esmfmaint/intel_18.0.5b_intelmpi_O_develop
20220707 064716.696 INFO             PET1 ESMF_COMM                   : intelmpi
20220707 064716.696 INFO             PET1 ESMF_MOAB                   : enabled
20220707 064716.696 INFO             PET1 ESMF_LAPACK                 : enabled
20220707 064716.696 INFO             PET1 ESMF_NETCDF                 : enabled
20220707 064716.696 INFO             PET1 ESMF_PNETCDF                : disabled
20220707 064716.696 INFO             PET1 ESMF_PIO                    : enabled
20220707 064716.696 INFO             PET1 ESMF_YAMLCPP                : enabled
20220707 064716.733 DEBUG            PET1 about to destroy Grid: 0xf6e950
20220707 064716.736 DEBUG            PET1 about to destroy Grid: 0xf6f630
20220707 064716.745 INFO             PET1  NUMBER_OF_PROCESSORS           4
20220707 064716.745 INFO             PET1  PASS  Example ESMF_NUOPCAtmModelEx, ESMF_NUOPCAtmModelEx.F90, line 806
20220707 064716.745 INFO             PET1 Finalizing ESMF
20220707 064716.696 INFO             PET2 !!!!!!!!!!!!!!!!!!!!!!!!!!!!!!!!!!!!!!!!!!!!!!!!!!!!!!
20220707 064716.696 INFO             PET2 !!! THE ESMF_LOG IS SET TO OUTPUT ALL LOG MESSAGES !!!
20220707 064716.696 INFO             PET2 !!!     THIS MAY CAUSE SLOWDOWN IN PERFORMANCE     !!!
20220707 064716.696 INFO             PET2 !!! FOR PRODUCTION RUNS, USE:                      !!!
20220707 064716.696 INFO             PET2 !!!                   ESMF_LOGKIND_Multi_On_Error  !!!
20220707 064716.696 INFO             PET2 !!!!!!!!!!!!!!!!!!!!!!!!!!!!!!!!!!!!!!!!!!!!!!!!!!!!!!
20220707 064716.696 INFO             PET2 Running with ESMF Version   : v8.4.0b03-3-g14a79d558f
20220707 064716.696 INFO             PET2 ESMF library build date/time: "Jul  7 2022" "06:14:23"
20220707 064716.696 INFO             PET2 ESMF library build location : /scratch1/NCEPDEV/stmp2/role.esmfmaint/intel_18.0.5b_intelmpi_O_develop
20220707 064716.696 INFO             PET2 ESMF_COMM                   : intelmpi
20220707 064716.697 INFO             PET2 ESMF_MOAB                   : enabled
20220707 064716.697 INFO             PET2 ESMF_LAPACK                 : enabled
20220707 064716.697 INFO             PET2 ESMF_NETCDF                 : enabled
20220707 064716.697 INFO             PET2 ESMF_PNETCDF                : disabled
20220707 064716.697 INFO             PET2 ESMF_PIO                    : enabled
20220707 064716.697 INFO             PET2 ESMF_YAMLCPP                : enabled
20220707 064716.733 DEBUG            PET2 about to destroy Grid: 0x1357950
20220707 064716.736 DEBUG            PET2 about to destroy Grid: 0x1358630
20220707 064716.745 INFO             PET2  NUMBER_OF_PROCESSORS           4
20220707 064716.745 INFO             PET2  PASS  Example ESMF_NUOPCAtmModelEx, ESMF_NUOPCAtmModelEx.F90, line 806
20220707 064716.745 INFO             PET2 Finalizing ESMF
20220707 064716.695 INFO             PET3 !!!!!!!!!!!!!!!!!!!!!!!!!!!!!!!!!!!!!!!!!!!!!!!!!!!!!!
20220707 064716.695 INFO             PET3 !!! THE ESMF_LOG IS SET TO OUTPUT ALL LOG MESSAGES !!!
20220707 064716.695 INFO             PET3 !!!     THIS MAY CAUSE SLOWDOWN IN PERFORMANCE     !!!
20220707 064716.695 INFO             PET3 !!! FOR PRODUCTION RUNS, USE:                      !!!
20220707 064716.695 INFO             PET3 !!!                   ESMF_LOGKIND_Multi_On_Error  !!!
20220707 064716.695 INFO             PET3 !!!!!!!!!!!!!!!!!!!!!!!!!!!!!!!!!!!!!!!!!!!!!!!!!!!!!!
20220707 064716.695 INFO             PET3 Running with ESMF Version   : v8.4.0b03-3-g14a79d558f
20220707 064716.695 INFO             PET3 ESMF library build date/time: "Jul  7 2022" "06:14:23"
20220707 064716.695 INFO             PET3 ESMF library build location : /scratch1/NCEPDEV/stmp2/role.esmfmaint/intel_18.0.5b_intelmpi_O_develop
20220707 064716.695 INFO             PET3 ESMF_COMM                   : intelmpi
20220707 064716.696 INFO             PET3 ESMF_MOAB                   : enabled
20220707 064716.696 INFO             PET3 ESMF_LAPACK                 : enabled
20220707 064716.696 INFO             PET3 ESMF_NETCDF                 : enabled
20220707 064716.696 INFO             PET3 ESMF_PNETCDF                : disabled
20220707 064716.696 INFO             PET3 ESMF_PIO                    : enabled
20220707 064716.696 INFO             PET3 ESMF_YAMLCPP                : enabled
20220707 064716.733 DEBUG            PET3 about to destroy Grid: 0x1bbd950
20220707 064716.736 DEBUG            PET3 about to destroy Grid: 0x1bbe630
20220707 064716.745 INFO             PET3  NUMBER_OF_PROCESSORS           4
20220707 064716.745 INFO             PET3  PASS  Example ESMF_NUOPCAtmModelEx, ESMF_NUOPCAtmModelEx.F90, line 806
20220707 064716.745 INFO             PET3 Finalizing ESMF
