build time -- 2022-07-06 06:23:55
20220706 064912.761 INFO             PET0 !!!!!!!!!!!!!!!!!!!!!!!!!!!!!!!!!!!!!!!!!!!!!!!!!!!!!!
20220706 064912.761 INFO             PET0 !!! THE ESMF_LOG IS SET TO OUTPUT ALL LOG MESSAGES !!!
20220706 064912.761 INFO             PET0 !!!     THIS MAY CAUSE SLOWDOWN IN PERFORMANCE     !!!
20220706 064912.761 INFO             PET0 !!! FOR PRODUCTION RUNS, USE:                      !!!
20220706 064912.761 INFO             PET0 !!!                   ESMF_LOGKIND_Multi_On_Error  !!!
20220706 064912.761 INFO             PET0 !!!!!!!!!!!!!!!!!!!!!!!!!!!!!!!!!!!!!!!!!!!!!!!!!!!!!!
20220706 064912.761 INFO             PET0 Running with ESMF Version   : v8.4.0b03
20220706 064912.761 INFO             PET0 ESMF library build date/time: "Jul  6 2022" "06:22:13"
20220706 064912.761 INFO             PET0 ESMF library build location : /scratch1/NCEPDEV/stmp2/role.esmfmaint/intel_18.0.5b_intelmpi_O_develop
20220706 064912.761 INFO             PET0 ESMF_COMM                   : intelmpi
20220706 064912.762 INFO             PET0 ESMF_MOAB                   : enabled
20220706 064912.762 INFO             PET0 ESMF_LAPACK                 : enabled
20220706 064912.762 INFO             PET0 ESMF_NETCDF                 : enabled
20220706 064912.762 INFO             PET0 ESMF_PNETCDF                : disabled
20220706 064912.762 INFO             PET0 ESMF_PIO                    : enabled
20220706 064912.762 INFO             PET0 ESMF_YAMLCPP                : enabled
20220706 064912.763 INFO             PET0  NUMBER_OF_PROCESSORS           1
20220706 064912.763 INFO             PET0  PASS  Example ESMF_TimeEx, ESMF_TimeEx.F90, line 141
20220706 064912.763 INFO             PET0 Finalizing ESMF
