build time -- 2022-06-09 06:24:11
20220609 065044.531 INFO             PET0 !!!!!!!!!!!!!!!!!!!!!!!!!!!!!!!!!!!!!!!!!!!!!!!!!!!!!!
20220609 065044.531 INFO             PET0 !!! THE ESMF_LOG IS SET TO OUTPUT ALL LOG MESSAGES !!!
20220609 065044.531 INFO             PET0 !!!     THIS MAY CAUSE SLOWDOWN IN PERFORMANCE     !!!
20220609 065044.531 INFO             PET0 !!! FOR PRODUCTION RUNS, USE:                      !!!
20220609 065044.531 INFO             PET0 !!!                   ESMF_LOGKIND_Multi_On_Error  !!!
20220609 065044.531 INFO             PET0 !!!!!!!!!!!!!!!!!!!!!!!!!!!!!!!!!!!!!!!!!!!!!!!!!!!!!!
20220609 065044.531 INFO             PET0 Running with ESMF Version   : v8.4.0b01-2-gf0d4ab211d
20220609 065044.531 INFO             PET0 ESMF library build date/time: "Jun  9 2022" "06:22:26"
20220609 065044.531 INFO             PET0 ESMF library build location : /scratch1/NCEPDEV/stmp2/role.esmfmaint/intel_18.0.5b_intelmpi_O_develop
20220609 065044.531 INFO             PET0 ESMF_COMM                   : intelmpi
20220609 065044.532 INFO             PET0 ESMF_MOAB                   : enabled
20220609 065044.532 INFO             PET0 ESMF_LAPACK                 : enabled
20220609 065044.532 INFO             PET0 ESMF_NETCDF                 : enabled
20220609 065044.532 INFO             PET0 ESMF_PNETCDF                : disabled
20220609 065044.532 INFO             PET0 ESMF_PIO                    : enabled
20220609 065044.532 INFO             PET0 ESMF_YAMLCPP                : enabled
20220609 065044.561 INFO             PET0  NUMBER_OF_PROCESSORS           4
20220609 065044.561 INFO             PET0  PASS  Example ESMF_FieldBundleHaloEx, ESMF_FieldBundleHaloEx.F90, line 319
20220609 065044.561 INFO             PET0 Finalizing ESMF
20220609 065044.532 INFO             PET1 !!!!!!!!!!!!!!!!!!!!!!!!!!!!!!!!!!!!!!!!!!!!!!!!!!!!!!
20220609 065044.532 INFO             PET1 !!! THE ESMF_LOG IS SET TO OUTPUT ALL LOG MESSAGES !!!
20220609 065044.532 INFO             PET1 !!!     THIS MAY CAUSE SLOWDOWN IN PERFORMANCE     !!!
20220609 065044.532 INFO             PET1 !!! FOR PRODUCTION RUNS, USE:                      !!!
20220609 065044.532 INFO             PET1 !!!                   ESMF_LOGKIND_Multi_On_Error  !!!
20220609 065044.532 INFO             PET1 !!!!!!!!!!!!!!!!!!!!!!!!!!!!!!!!!!!!!!!!!!!!!!!!!!!!!!
20220609 065044.532 INFO             PET1 Running with ESMF Version   : v8.4.0b01-2-gf0d4ab211d
20220609 065044.532 INFO             PET1 ESMF library build date/time: "Jun  9 2022" "06:22:26"
20220609 065044.532 INFO             PET1 ESMF library build location : /scratch1/NCEPDEV/stmp2/role.esmfmaint/intel_18.0.5b_intelmpi_O_develop
20220609 065044.532 INFO             PET1 ESMF_COMM                   : intelmpi
20220609 065044.533 INFO             PET1 ESMF_MOAB                   : enabled
20220609 065044.533 INFO             PET1 ESMF_LAPACK                 : enabled
20220609 065044.533 INFO             PET1 ESMF_NETCDF                 : enabled
20220609 065044.533 INFO             PET1 ESMF_PNETCDF                : disabled
20220609 065044.533 INFO             PET1 ESMF_PIO                    : enabled
20220609 065044.533 INFO             PET1 ESMF_YAMLCPP                : enabled
20220609 065044.561 INFO             PET1  NUMBER_OF_PROCESSORS           4
20220609 065044.561 INFO             PET1  PASS  Example ESMF_FieldBundleHaloEx, ESMF_FieldBundleHaloEx.F90, line 319
20220609 065044.561 INFO             PET1 Finalizing ESMF
20220609 065044.530 INFO             PET2 !!!!!!!!!!!!!!!!!!!!!!!!!!!!!!!!!!!!!!!!!!!!!!!!!!!!!!
20220609 065044.531 INFO             PET2 !!! THE ESMF_LOG IS SET TO OUTPUT ALL LOG MESSAGES !!!
20220609 065044.531 INFO             PET2 !!!     THIS MAY CAUSE SLOWDOWN IN PERFORMANCE     !!!
20220609 065044.531 INFO             PET2 !!! FOR PRODUCTION RUNS, USE:                      !!!
20220609 065044.531 INFO             PET2 !!!                   ESMF_LOGKIND_Multi_On_Error  !!!
20220609 065044.531 INFO             PET2 !!!!!!!!!!!!!!!!!!!!!!!!!!!!!!!!!!!!!!!!!!!!!!!!!!!!!!
20220609 065044.531 INFO             PET2 Running with ESMF Version   : v8.4.0b01-2-gf0d4ab211d
20220609 065044.531 INFO             PET2 ESMF library build date/time: "Jun  9 2022" "06:22:26"
20220609 065044.531 INFO             PET2 ESMF library build location : /scratch1/NCEPDEV/stmp2/role.esmfmaint/intel_18.0.5b_intelmpi_O_develop
20220609 065044.531 INFO             PET2 ESMF_COMM                   : intelmpi
20220609 065044.532 INFO             PET2 ESMF_MOAB                   : enabled
20220609 065044.532 INFO             PET2 ESMF_LAPACK                 : enabled
20220609 065044.532 INFO             PET2 ESMF_NETCDF                 : enabled
20220609 065044.532 INFO             PET2 ESMF_PNETCDF                : disabled
20220609 065044.532 INFO             PET2 ESMF_PIO                    : enabled
20220609 065044.532 INFO             PET2 ESMF_YAMLCPP                : enabled
20220609 065044.561 INFO             PET2  NUMBER_OF_PROCESSORS           4
20220609 065044.561 INFO             PET2  PASS  Example ESMF_FieldBundleHaloEx, ESMF_FieldBundleHaloEx.F90, line 319
20220609 065044.561 INFO             PET2 Finalizing ESMF
20220609 065044.532 INFO             PET3 !!!!!!!!!!!!!!!!!!!!!!!!!!!!!!!!!!!!!!!!!!!!!!!!!!!!!!
20220609 065044.532 INFO             PET3 !!! THE ESMF_LOG IS SET TO OUTPUT ALL LOG MESSAGES !!!
20220609 065044.532 INFO             PET3 !!!     THIS MAY CAUSE SLOWDOWN IN PERFORMANCE     !!!
20220609 065044.532 INFO             PET3 !!! FOR PRODUCTION RUNS, USE:                      !!!
20220609 065044.532 INFO             PET3 !!!                   ESMF_LOGKIND_Multi_On_Error  !!!
20220609 065044.532 INFO             PET3 !!!!!!!!!!!!!!!!!!!!!!!!!!!!!!!!!!!!!!!!!!!!!!!!!!!!!!
20220609 065044.532 INFO             PET3 Running with ESMF Version   : v8.4.0b01-2-gf0d4ab211d
20220609 065044.532 INFO             PET3 ESMF library build date/time: "Jun  9 2022" "06:22:26"
20220609 065044.532 INFO             PET3 ESMF library build location : /scratch1/NCEPDEV/stmp2/role.esmfmaint/intel_18.0.5b_intelmpi_O_develop
20220609 065044.532 INFO             PET3 ESMF_COMM                   : intelmpi
20220609 065044.533 INFO             PET3 ESMF_MOAB                   : enabled
20220609 065044.533 INFO             PET3 ESMF_LAPACK                 : enabled
20220609 065044.533 INFO             PET3 ESMF_NETCDF                 : enabled
20220609 065044.533 INFO             PET3 ESMF_PNETCDF                : disabled
20220609 065044.533 INFO             PET3 ESMF_PIO                    : enabled
20220609 065044.533 INFO             PET3 ESMF_YAMLCPP                : enabled
20220609 065044.561 INFO             PET3  NUMBER_OF_PROCESSORS           4
20220609 065044.561 INFO             PET3  PASS  Example ESMF_FieldBundleHaloEx, ESMF_FieldBundleHaloEx.F90, line 319
20220609 065044.561 INFO             PET3 Finalizing ESMF
