build time -- 2022-07-13 06:09:42
20220713 063641.597 INFO             PET0 !!!!!!!!!!!!!!!!!!!!!!!!!!!!!!!!!!!!!!!!!!!!!!!!!!!!!!
20220713 063641.597 INFO             PET0 !!! THE ESMF_LOG IS SET TO OUTPUT ALL LOG MESSAGES !!!
20220713 063641.597 INFO             PET0 !!!     THIS MAY CAUSE SLOWDOWN IN PERFORMANCE     !!!
20220713 063641.597 INFO             PET0 !!! FOR PRODUCTION RUNS, USE:                      !!!
20220713 063641.597 INFO             PET0 !!!                   ESMF_LOGKIND_Multi_On_Error  !!!
20220713 063641.597 INFO             PET0 !!!!!!!!!!!!!!!!!!!!!!!!!!!!!!!!!!!!!!!!!!!!!!!!!!!!!!
20220713 063641.597 INFO             PET0 Running with ESMF Version   : v8.4.0b03-3-g14a79d558f
20220713 063641.597 INFO             PET0 ESMF library build date/time: "Jul 13 2022" "06:07:56"
20220713 063641.597 INFO             PET0 ESMF library build location : /scratch1/NCEPDEV/stmp2/role.esmfmaint/intel_18.0.5b_intelmpi_O_develop
20220713 063641.597 INFO             PET0 ESMF_COMM                   : intelmpi
20220713 063641.627 INFO             PET0 ESMF_MOAB                   : enabled
20220713 063641.627 INFO             PET0 ESMF_LAPACK                 : enabled
20220713 063641.627 INFO             PET0 ESMF_NETCDF                 : enabled
20220713 063641.627 INFO             PET0 ESMF_PNETCDF                : disabled
20220713 063641.627 INFO             PET0 ESMF_PIO                    : enabled
20220713 063641.627 INFO             PET0 ESMF_YAMLCPP                : enabled
20220713 063641.627 INFO             PET0  NUMBER_OF_PROCESSORS           2
20220713 063641.627 INFO             PET0  PASS  Example ESMF_VMUserMpiCommEx, ESMF_VMUserMpiCommEx.F90, line 113
20220713 063641.627 INFO             PET0 Finalizing ESMF
20220713 063641.587 INFO             PET1 !!!!!!!!!!!!!!!!!!!!!!!!!!!!!!!!!!!!!!!!!!!!!!!!!!!!!!
20220713 063641.587 INFO             PET1 !!! THE ESMF_LOG IS SET TO OUTPUT ALL LOG MESSAGES !!!
20220713 063641.587 INFO             PET1 !!!     THIS MAY CAUSE SLOWDOWN IN PERFORMANCE     !!!
20220713 063641.587 INFO             PET1 !!! FOR PRODUCTION RUNS, USE:                      !!!
20220713 063641.587 INFO             PET1 !!!                   ESMF_LOGKIND_Multi_On_Error  !!!
20220713 063641.587 INFO             PET1 !!!!!!!!!!!!!!!!!!!!!!!!!!!!!!!!!!!!!!!!!!!!!!!!!!!!!!
20220713 063641.587 INFO             PET1 Running with ESMF Version   : v8.4.0b03-3-g14a79d558f
20220713 063641.587 INFO             PET1 ESMF library build date/time: "Jul 13 2022" "06:07:56"
20220713 063641.587 INFO             PET1 ESMF library build location : /scratch1/NCEPDEV/stmp2/role.esmfmaint/intel_18.0.5b_intelmpi_O_develop
20220713 063641.587 INFO             PET1 ESMF_COMM                   : intelmpi
20220713 063641.626 INFO             PET1 ESMF_MOAB                   : enabled
20220713 063641.626 INFO             PET1 ESMF_LAPACK                 : enabled
20220713 063641.626 INFO             PET1 ESMF_NETCDF                 : enabled
20220713 063641.626 INFO             PET1 ESMF_PNETCDF                : disabled
20220713 063641.626 INFO             PET1 ESMF_PIO                    : enabled
20220713 063641.626 INFO             PET1 ESMF_YAMLCPP                : enabled
20220713 063641.627 INFO             PET1  NUMBER_OF_PROCESSORS           2
20220713 063641.627 INFO             PET1  PASS  Example ESMF_VMUserMpiCommEx, ESMF_VMUserMpiCommEx.F90, line 113
20220713 063641.627 INFO             PET1 Finalizing ESMF
