build time -- 2022-07-06 01:18:43.289450
20220706 014929.546 INFO             PET0 !!!!!!!!!!!!!!!!!!!!!!!!!!!!!!!!!!!!!!!!!!!!!!!!!!!!!!
20220706 014929.546 INFO             PET0 !!! THE ESMF_LOG IS SET TO OUTPUT ALL LOG MESSAGES !!!
20220706 014929.546 INFO             PET0 !!!     THIS MAY CAUSE SLOWDOWN IN PERFORMANCE     !!!
20220706 014929.546 INFO             PET0 !!! FOR PRODUCTION RUNS, USE:                      !!!
20220706 014929.546 INFO             PET0 !!!                   ESMF_LOGKIND_Multi_On_Error  !!!
20220706 014929.546 INFO             PET0 !!!!!!!!!!!!!!!!!!!!!!!!!!!!!!!!!!!!!!!!!!!!!!!!!!!!!!
20220706 014929.546 INFO             PET0 Running with ESMF Version   : v8.4.0b03
20220706 014929.546 INFO             PET0 ESMF library build date/time: "Jul  6 2022" "01:15:49"
20220706 014929.546 INFO             PET0 ESMF library build location : /gpfsm/dnb04/projects/p98/mpotts/esmf/intel_19.1.3_mpt_g_develop
20220706 014929.546 INFO             PET0 ESMF_COMM                   : mpt
20220706 014929.547 INFO             PET0 ESMF_MOAB                   : enabled
20220706 014929.547 INFO             PET0 ESMF_LAPACK                 : enabled
20220706 014929.547 INFO             PET0 ESMF_NETCDF                 : enabled
20220706 014929.547 INFO             PET0 ESMF_PNETCDF                : disabled
20220706 014929.547 INFO             PET0 ESMF_PIO                    : enabled
20220706 014929.547 INFO             PET0 ESMF_YAMLCPP                : enabled
20220706 014929.548 INFO             PET0  NUMBER_OF_PROCESSORS           1
20220706 014929.548 INFO             PET0  PASS  Example CalendarEx, ESMF_CalendarEx.F90, line 217
20220706 014929.548 INFO             PET0 Finalizing ESMF
