build time -- 2022-07-02 01:16:52.667949
20220702 014852.709 INFO             PET0 !!!!!!!!!!!!!!!!!!!!!!!!!!!!!!!!!!!!!!!!!!!!!!!!!!!!!!
20220702 014852.709 INFO             PET0 !!! THE ESMF_LOG IS SET TO OUTPUT ALL LOG MESSAGES !!!
20220702 014852.709 INFO             PET0 !!!     THIS MAY CAUSE SLOWDOWN IN PERFORMANCE     !!!
20220702 014852.709 INFO             PET0 !!! FOR PRODUCTION RUNS, USE:                      !!!
20220702 014852.709 INFO             PET0 !!!                   ESMF_LOGKIND_Multi_On_Error  !!!
20220702 014852.709 INFO             PET0 !!!!!!!!!!!!!!!!!!!!!!!!!!!!!!!!!!!!!!!!!!!!!!!!!!!!!!
20220702 014852.709 INFO             PET0 Running with ESMF Version   : v8.4.0b02-7-g9328c9b05f
20220702 014852.709 INFO             PET0 ESMF library build date/time: "Jul  2 2022" "01:14:09"
20220702 014852.709 INFO             PET0 ESMF library build location : /gpfsm/dnb04/projects/p98/mpotts/esmf/intel_19.1.3_mpt_g_develop
20220702 014852.709 INFO             PET0 ESMF_COMM                   : mpt
20220702 014852.710 INFO             PET0 ESMF_MOAB                   : enabled
20220702 014852.710 INFO             PET0 ESMF_LAPACK                 : enabled
20220702 014852.710 INFO             PET0 ESMF_NETCDF                 : enabled
20220702 014852.710 INFO             PET0 ESMF_PNETCDF                : disabled
20220702 014852.710 INFO             PET0 ESMF_PIO                    : enabled
20220702 014852.710 INFO             PET0 ESMF_YAMLCPP                : enabled
20220702 014852.827 DEBUG            PET0 about to destroy Grid: 0x19b0ef0
20220702 014852.842 DEBUG            PET0 about to destroy Grid: 0x19b3fe0
20220702 014852.883 INFO             PET0  NUMBER_OF_PROCESSORS           4
20220702 014852.883 INFO             PET0  PASS  Example ESMF_NUOPCAtmModelEx, ESMF_NUOPCAtmModelEx.F90, line 806
20220702 014852.883 INFO             PET0 Finalizing ESMF
20220702 014852.709 INFO             PET1 !!!!!!!!!!!!!!!!!!!!!!!!!!!!!!!!!!!!!!!!!!!!!!!!!!!!!!
20220702 014852.709 INFO             PET1 !!! THE ESMF_LOG IS SET TO OUTPUT ALL LOG MESSAGES !!!
20220702 014852.709 INFO             PET1 !!!     THIS MAY CAUSE SLOWDOWN IN PERFORMANCE     !!!
20220702 014852.709 INFO             PET1 !!! FOR PRODUCTION RUNS, USE:                      !!!
20220702 014852.709 INFO             PET1 !!!                   ESMF_LOGKIND_Multi_On_Error  !!!
20220702 014852.709 INFO             PET1 !!!!!!!!!!!!!!!!!!!!!!!!!!!!!!!!!!!!!!!!!!!!!!!!!!!!!!
20220702 014852.709 INFO             PET1 Running with ESMF Version   : v8.4.0b02-7-g9328c9b05f
20220702 014852.709 INFO             PET1 ESMF library build date/time: "Jul  2 2022" "01:14:09"
20220702 014852.709 INFO             PET1 ESMF library build location : /gpfsm/dnb04/projects/p98/mpotts/esmf/intel_19.1.3_mpt_g_develop
20220702 014852.709 INFO             PET1 ESMF_COMM                   : mpt
20220702 014852.710 INFO             PET1 ESMF_MOAB                   : enabled
20220702 014852.710 INFO             PET1 ESMF_LAPACK                 : enabled
20220702 014852.710 INFO             PET1 ESMF_NETCDF                 : enabled
20220702 014852.710 INFO             PET1 ESMF_PNETCDF                : disabled
20220702 014852.710 INFO             PET1 ESMF_PIO                    : enabled
20220702 014852.710 INFO             PET1 ESMF_YAMLCPP                : enabled
20220702 014852.827 DEBUG            PET1 about to destroy Grid: 0x19b40a0
20220702 014852.842 DEBUG            PET1 about to destroy Grid: 0x19b5050
20220702 014852.883 INFO             PET1  NUMBER_OF_PROCESSORS           4
20220702 014852.883 INFO             PET1  PASS  Example ESMF_NUOPCAtmModelEx, ESMF_NUOPCAtmModelEx.F90, line 806
20220702 014852.883 INFO             PET1 Finalizing ESMF
20220702 014852.709 INFO             PET2 !!!!!!!!!!!!!!!!!!!!!!!!!!!!!!!!!!!!!!!!!!!!!!!!!!!!!!
20220702 014852.709 INFO             PET2 !!! THE ESMF_LOG IS SET TO OUTPUT ALL LOG MESSAGES !!!
20220702 014852.709 INFO             PET2 !!!     THIS MAY CAUSE SLOWDOWN IN PERFORMANCE     !!!
20220702 014852.709 INFO             PET2 !!! FOR PRODUCTION RUNS, USE:                      !!!
20220702 014852.709 INFO             PET2 !!!                   ESMF_LOGKIND_Multi_On_Error  !!!
20220702 014852.709 INFO             PET2 !!!!!!!!!!!!!!!!!!!!!!!!!!!!!!!!!!!!!!!!!!!!!!!!!!!!!!
20220702 014852.709 INFO             PET2 Running with ESMF Version   : v8.4.0b02-7-g9328c9b05f
20220702 014852.709 INFO             PET2 ESMF library build date/time: "Jul  2 2022" "01:14:09"
20220702 014852.709 INFO             PET2 ESMF library build location : /gpfsm/dnb04/projects/p98/mpotts/esmf/intel_19.1.3_mpt_g_develop
20220702 014852.709 INFO             PET2 ESMF_COMM                   : mpt
20220702 014852.710 INFO             PET2 ESMF_MOAB                   : enabled
20220702 014852.710 INFO             PET2 ESMF_LAPACK                 : enabled
20220702 014852.710 INFO             PET2 ESMF_NETCDF                 : enabled
20220702 014852.710 INFO             PET2 ESMF_PNETCDF                : disabled
20220702 014852.710 INFO             PET2 ESMF_PIO                    : enabled
20220702 014852.710 INFO             PET2 ESMF_YAMLCPP                : enabled
20220702 014852.827 DEBUG            PET2 about to destroy Grid: 0x19b4120
20220702 014852.842 DEBUG            PET2 about to destroy Grid: 0x19b50d0
20220702 014852.883 INFO             PET2  NUMBER_OF_PROCESSORS           4
20220702 014852.883 INFO             PET2  PASS  Example ESMF_NUOPCAtmModelEx, ESMF_NUOPCAtmModelEx.F90, line 806
20220702 014852.883 INFO             PET2 Finalizing ESMF
20220702 014852.709 INFO             PET3 !!!!!!!!!!!!!!!!!!!!!!!!!!!!!!!!!!!!!!!!!!!!!!!!!!!!!!
20220702 014852.709 INFO             PET3 !!! THE ESMF_LOG IS SET TO OUTPUT ALL LOG MESSAGES !!!
20220702 014852.709 INFO             PET3 !!!     THIS MAY CAUSE SLOWDOWN IN PERFORMANCE     !!!
20220702 014852.709 INFO             PET3 !!! FOR PRODUCTION RUNS, USE:                      !!!
20220702 014852.709 INFO             PET3 !!!                   ESMF_LOGKIND_Multi_On_Error  !!!
20220702 014852.709 INFO             PET3 !!!!!!!!!!!!!!!!!!!!!!!!!!!!!!!!!!!!!!!!!!!!!!!!!!!!!!
20220702 014852.709 INFO             PET3 Running with ESMF Version   : v8.4.0b02-7-g9328c9b05f
20220702 014852.709 INFO             PET3 ESMF library build date/time: "Jul  2 2022" "01:14:09"
20220702 014852.709 INFO             PET3 ESMF library build location : /gpfsm/dnb04/projects/p98/mpotts/esmf/intel_19.1.3_mpt_g_develop
20220702 014852.709 INFO             PET3 ESMF_COMM                   : mpt
20220702 014852.710 INFO             PET3 ESMF_MOAB                   : enabled
20220702 014852.710 INFO             PET3 ESMF_LAPACK                 : enabled
20220702 014852.710 INFO             PET3 ESMF_NETCDF                 : enabled
20220702 014852.710 INFO             PET3 ESMF_PNETCDF                : disabled
20220702 014852.710 INFO             PET3 ESMF_PIO                    : enabled
20220702 014852.710 INFO             PET3 ESMF_YAMLCPP                : enabled
20220702 014852.827 DEBUG            PET3 about to destroy Grid: 0x19b41e0
20220702 014852.842 DEBUG            PET3 about to destroy Grid: 0x19b5190
20220702 014852.883 INFO             PET3  NUMBER_OF_PROCESSORS           4
20220702 014852.883 INFO             PET3  PASS  Example ESMF_NUOPCAtmModelEx, ESMF_NUOPCAtmModelEx.F90, line 806
20220702 014852.883 INFO             PET3 Finalizing ESMF
