build time -- 2022-06-17 08:58:38.664158
20220617 092650.599 INFO             PET0 !!!!!!!!!!!!!!!!!!!!!!!!!!!!!!!!!!!!!!!!!!!!!!!!!!!!!!
20220617 092650.606 INFO             PET0 !!! THE ESMF_LOG IS SET TO OUTPUT ALL LOG MESSAGES !!!
20220617 092650.606 INFO             PET0 !!!     THIS MAY CAUSE SLOWDOWN IN PERFORMANCE     !!!
20220617 092650.606 INFO             PET0 !!! FOR PRODUCTION RUNS, USE:                      !!!
20220617 092650.606 INFO             PET0 !!!                   ESMF_LOGKIND_Multi_On_Error  !!!
20220617 092650.607 INFO             PET0 !!!!!!!!!!!!!!!!!!!!!!!!!!!!!!!!!!!!!!!!!!!!!!!!!!!!!!
20220617 092650.607 INFO             PET0 Running with ESMF Version   : v8.4.0b01-2-gf0d4ab211d
20220617 092650.607 INFO             PET0 ESMF library build date/time: "Jun 17 2022" "08:55:57"
20220617 092650.607 INFO             PET0 ESMF library build location : /gpfsm/dnb04/projects/p98/mpotts/esmf/intel_19.1.3_mpt_g_develop
20220617 092650.607 INFO             PET0 ESMF_COMM                   : mpt
20220617 092650.616 INFO             PET0 ESMF_MOAB                   : enabled
20220617 092650.616 INFO             PET0 ESMF_LAPACK                 : enabled
20220617 092650.616 INFO             PET0 ESMF_NETCDF                 : enabled
20220617 092650.616 INFO             PET0 ESMF_PNETCDF                : disabled
20220617 092650.616 INFO             PET0 ESMF_PIO                    : enabled
20220617 092650.616 INFO             PET0 ESMF_YAMLCPP                : enabled
20220617 092650.622 INFO             PET0 Log Write 2
20220617 092650.622 ERROR            PET0 Invalid object  - Convergence failure
20220617 092650.639 ERROR            PET0 ESMCI_Fraction.C:1444 ESMCI::Fraction::validate() must have non-zero denominator.
20220617 092650.693 ERROR            PET0 ESMCI_Time.C:838 ESMCI::Time::syncToRealTime() Wrong argument specified  - ; calkindflag is JULIANDAY, MODJULIANDAY or NOCALENDAR.
20220617 092650.693 ERROR            PET0 ESMF_Time.F90:1485 ESMF_TimeSyncToRealTime() Wrong argument specified  - Internal subroutine call returned Error
20220617 092650.693 ERROR            PET0 Wrong argument specified  - getting wall clock time
20220617 092650.696 INFO             PET0  NUMBER_OF_PROCESSORS           4
20220617 092650.696 INFO             PET0  PASS  Example ESMF_LogErrEx, ESMF_LogErrEx.F90, line 186
20220617 092650.696 INFO             PET0 Finalizing ESMF
20220617 092650.599 INFO             PET1 !!!!!!!!!!!!!!!!!!!!!!!!!!!!!!!!!!!!!!!!!!!!!!!!!!!!!!
20220617 092650.606 INFO             PET1 !!! THE ESMF_LOG IS SET TO OUTPUT ALL LOG MESSAGES !!!
20220617 092650.607 INFO             PET1 !!!     THIS MAY CAUSE SLOWDOWN IN PERFORMANCE     !!!
20220617 092650.607 INFO             PET1 !!! FOR PRODUCTION RUNS, USE:                      !!!
20220617 092650.607 INFO             PET1 !!!                   ESMF_LOGKIND_Multi_On_Error  !!!
20220617 092650.607 INFO             PET1 !!!!!!!!!!!!!!!!!!!!!!!!!!!!!!!!!!!!!!!!!!!!!!!!!!!!!!
20220617 092650.607 INFO             PET1 Running with ESMF Version   : v8.4.0b01-2-gf0d4ab211d
20220617 092650.607 INFO             PET1 ESMF library build date/time: "Jun 17 2022" "08:55:57"
20220617 092650.607 INFO             PET1 ESMF library build location : /gpfsm/dnb04/projects/p98/mpotts/esmf/intel_19.1.3_mpt_g_develop
20220617 092650.607 INFO             PET1 ESMF_COMM                   : mpt
20220617 092650.616 INFO             PET1 ESMF_MOAB                   : enabled
20220617 092650.616 INFO             PET1 ESMF_LAPACK                 : enabled
20220617 092650.616 INFO             PET1 ESMF_NETCDF                 : enabled
20220617 092650.616 INFO             PET1 ESMF_PNETCDF                : disabled
20220617 092650.616 INFO             PET1 ESMF_PIO                    : enabled
20220617 092650.616 INFO             PET1 ESMF_YAMLCPP                : enabled
20220617 092650.622 INFO             PET1 Log Write 2
20220617 092650.622 ERROR            PET1 Invalid object  - Convergence failure
20220617 092650.639 ERROR            PET1 ESMCI_Fraction.C:1444 ESMCI::Fraction::validate() must have non-zero denominator.
20220617 092650.693 ERROR            PET1 ESMCI_Time.C:838 ESMCI::Time::syncToRealTime() Wrong argument specified  - ; calkindflag is JULIANDAY, MODJULIANDAY or NOCALENDAR.
20220617 092650.693 ERROR            PET1 ESMF_Time.F90:1485 ESMF_TimeSyncToRealTime() Wrong argument specified  - Internal subroutine call returned Error
20220617 092650.693 ERROR            PET1 Wrong argument specified  - getting wall clock time
20220617 092650.695 INFO             PET1  NUMBER_OF_PROCESSORS           4
20220617 092650.695 INFO             PET1  PASS  Example ESMF_LogErrEx, ESMF_LogErrEx.F90, line 186
20220617 092650.695 INFO             PET1 Finalizing ESMF
20220617 092650.599 INFO             PET2 !!!!!!!!!!!!!!!!!!!!!!!!!!!!!!!!!!!!!!!!!!!!!!!!!!!!!!
20220617 092650.606 INFO             PET2 !!! THE ESMF_LOG IS SET TO OUTPUT ALL LOG MESSAGES !!!
20220617 092650.606 INFO             PET2 !!!     THIS MAY CAUSE SLOWDOWN IN PERFORMANCE     !!!
20220617 092650.607 INFO             PET2 !!! FOR PRODUCTION RUNS, USE:                      !!!
20220617 092650.607 INFO             PET2 !!!                   ESMF_LOGKIND_Multi_On_Error  !!!
20220617 092650.607 INFO             PET2 !!!!!!!!!!!!!!!!!!!!!!!!!!!!!!!!!!!!!!!!!!!!!!!!!!!!!!
20220617 092650.607 INFO             PET2 Running with ESMF Version   : v8.4.0b01-2-gf0d4ab211d
20220617 092650.607 INFO             PET2 ESMF library build date/time: "Jun 17 2022" "08:55:57"
20220617 092650.607 INFO             PET2 ESMF library build location : /gpfsm/dnb04/projects/p98/mpotts/esmf/intel_19.1.3_mpt_g_develop
20220617 092650.607 INFO             PET2 ESMF_COMM                   : mpt
20220617 092650.615 INFO             PET2 ESMF_MOAB                   : enabled
20220617 092650.615 INFO             PET2 ESMF_LAPACK                 : enabled
20220617 092650.615 INFO             PET2 ESMF_NETCDF                 : enabled
20220617 092650.615 INFO             PET2 ESMF_PNETCDF                : disabled
20220617 092650.615 INFO             PET2 ESMF_PIO                    : enabled
20220617 092650.615 INFO             PET2 ESMF_YAMLCPP                : enabled
20220617 092650.622 INFO             PET2 Log Write 2
20220617 092650.622 ERROR            PET2 Invalid object  - Convergence failure
20220617 092650.639 ERROR            PET2 ESMCI_Fraction.C:1444 ESMCI::Fraction::validate() must have non-zero denominator.
20220617 092650.693 ERROR            PET2 ESMCI_Time.C:838 ESMCI::Time::syncToRealTime() Wrong argument specified  - ; calkindflag is JULIANDAY, MODJULIANDAY or NOCALENDAR.
20220617 092650.693 ERROR            PET2 ESMF_Time.F90:1485 ESMF_TimeSyncToRealTime() Wrong argument specified  - Internal subroutine call returned Error
20220617 092650.693 ERROR            PET2 Wrong argument specified  - getting wall clock time
20220617 092650.695 INFO             PET2  NUMBER_OF_PROCESSORS           4
20220617 092650.695 INFO             PET2  PASS  Example ESMF_LogErrEx, ESMF_LogErrEx.F90, line 186
20220617 092650.695 INFO             PET2 Finalizing ESMF
20220617 092650.599 INFO             PET3 !!!!!!!!!!!!!!!!!!!!!!!!!!!!!!!!!!!!!!!!!!!!!!!!!!!!!!
20220617 092650.606 INFO             PET3 !!! THE ESMF_LOG IS SET TO OUTPUT ALL LOG MESSAGES !!!
20220617 092650.607 INFO             PET3 !!!     THIS MAY CAUSE SLOWDOWN IN PERFORMANCE     !!!
20220617 092650.607 INFO             PET3 !!! FOR PRODUCTION RUNS, USE:                      !!!
20220617 092650.607 INFO             PET3 !!!                   ESMF_LOGKIND_Multi_On_Error  !!!
20220617 092650.607 INFO             PET3 !!!!!!!!!!!!!!!!!!!!!!!!!!!!!!!!!!!!!!!!!!!!!!!!!!!!!!
20220617 092650.607 INFO             PET3 Running with ESMF Version   : v8.4.0b01-2-gf0d4ab211d
20220617 092650.607 INFO             PET3 ESMF library build date/time: "Jun 17 2022" "08:55:57"
20220617 092650.607 INFO             PET3 ESMF library build location : /gpfsm/dnb04/projects/p98/mpotts/esmf/intel_19.1.3_mpt_g_develop
20220617 092650.607 INFO             PET3 ESMF_COMM                   : mpt
20220617 092650.616 INFO             PET3 ESMF_MOAB                   : enabled
20220617 092650.616 INFO             PET3 ESMF_LAPACK                 : enabled
20220617 092650.616 INFO             PET3 ESMF_NETCDF                 : enabled
20220617 092650.616 INFO             PET3 ESMF_PNETCDF                : disabled
20220617 092650.616 INFO             PET3 ESMF_PIO                    : enabled
20220617 092650.616 INFO             PET3 ESMF_YAMLCPP                : enabled
20220617 092650.622 INFO             PET3 Log Write 2
20220617 092650.622 ERROR            PET3 Invalid object  - Convergence failure
20220617 092650.639 ERROR            PET3 ESMCI_Fraction.C:1444 ESMCI::Fraction::validate() must have non-zero denominator.
20220617 092650.693 ERROR            PET3 ESMCI_Time.C:838 ESMCI::Time::syncToRealTime() Wrong argument specified  - ; calkindflag is JULIANDAY, MODJULIANDAY or NOCALENDAR.
20220617 092650.693 ERROR            PET3 ESMF_Time.F90:1485 ESMF_TimeSyncToRealTime() Wrong argument specified  - Internal subroutine call returned Error
20220617 092650.693 ERROR            PET3 Wrong argument specified  - getting wall clock time
20220617 092650.694 INFO             PET3  NUMBER_OF_PROCESSORS           4
20220617 092650.694 INFO             PET3  PASS  Example ESMF_LogErrEx, ESMF_LogErrEx.F90, line 186
20220617 092650.694 INFO             PET3 Finalizing ESMF
