build time -- 2022-07-20 01:21:10.579504
0:--- ESMCI::ArrayBundle::print start ---
0:ArrayBundle: MyArrayBundle
0:arrayCount = 3
1:--- ESMCI::ArrayBundle::print start ---
1:ArrayBundle: MyArrayBundle
1:arrayCount = 3
2:--- ESMCI::ArrayBundle::print start ---
2:ArrayBundle: MyArrayBundle
2:arrayCount = 3
3:--- ESMCI::ArrayBundle::print start ---
0:Container::print() multipmap:item=0 key=AonFly value=0x1917b10
0:Container::print() multipmap:item=1 key=Array002 value=0x1913a10
0:Container::print() multipmap:item=2 key=Array003 value=0x19147d0
1:Container::print() multipmap:item=0 key=AonFly value=0x1917bc0
1:Container::print() multipmap:item=1 key=Array002 value=0x1913ac0
1:Container::print() multipmap:item=2 key=Array003 value=0x1914880
1:Container::print()      list:item=0 key=Array002 value=0x1913ac0
2:Container::print() multipmap:item=0 key=AonFly value=0x1916a30
2:Container::print() multipmap:item=1 key=Array002 value=0x19136b0
2:Container::print() multipmap:item=2 key=Array003 value=0x1914140
2:Container::print()      list:item=0 key=Array002 value=0x19136b0
2:Container::print()      list:item=1 key=Array003 value=0x1914140
0:Container::print()      list:item=0 key=Array002 value=0x1913a10
0:Container::print()      list:item=1 key=Array003 value=0x19147d0
0:Container::print()      list:item=2 key=AonFly value=0x1917b10
0:--- ESMCI::ArrayBundle::print end ---
1:Container::print()      list:item=1 key=Array003 value=0x1914880
1:Container::print()      list:item=2 key=AonFly value=0x1917bc0
1:--- ESMCI::ArrayBundle::print end ---
2:Container::print()      list:item=2 key=AonFly value=0x1916a30
2:--- ESMCI::ArrayBundle::print end ---
3:ArrayBundle: MyArrayBundle
3:arrayCount = 3
0:--- ESMCI::Array::print start ---
1:--- ESMCI::Array::print start ---
1: Base name    = AonFly
1: Status: Base = Ready,  object = Ready
1: Proxy        = no
1: Root Info (Attributes):
2:--- ESMCI::Array::print start ---
2: Base name    = AonFly
2: Status: Base = Ready,  object = Ready
2: Proxy        = no
2: Root Info (Attributes):
3:Container::print() multipmap:item=0 key=AonFly value=0x1916ae0
3:Container::print() multipmap:item=1 key=Array002 value=0x1913760
3:Container::print() multipmap:item=2 key=Array003 value=0x19141f0
3:Container::print()      list:item=0 key=Array002 value=0x1913760
3:Container::print()      list:item=1 key=Array003 value=0x19141f0
3:Container::print()      list:item=2 key=AonFly value=0x1916ae0
3:--- ESMCI::ArrayBundle::print end ---
0: Base name    = AonFly
3:--- ESMCI::Array::print start ---
3: Base name    = AonFly
3: Status: Base = Ready,  object = Ready
3: Proxy        = no
3: Root Info (Attributes):
2:{}Array typekind/rank: Real*4 / 2 
2:~ lower class' values ~
1:{}Array typekind/rank: Real*4 / 2 
1:~ lower class' values ~
1:DistGrid dimCount = 2
1:deCount = 6
1:localDeCount = 2
1:~ local data in LocalArray for DE 1 ~
1:LocalArrayPrint: Array at address 0x1917560:
2:DistGrid dimCount = 2
2:deCount = 6
2:localDeCount = 1
2:~ local data in LocalArray for DE 2 ~
2:LocalArrayPrint: Array at address 0x1916700:
2:            rank = 2, typekind = 5, base_addr = 0x7fffe614ffc0
1:            rank = 2, typekind = 5, base_addr = 0x7fffe614fee0
1:            dim[0] = 2  dim[1] = 2  
1:  Real, *4, Dim 2, Data values:
2:            dim[0] = 3  dim[1] = 2  
2:  Real, *4, Dim 2, Data values:
2:( 1, 1) =  0
2:( 2, 1) =  0
2:( 3, 1) =  0
2:( 1, 2) =  0
1:( 1, 1) =  0
1:( 2, 1) =  0
1:( 1, 2) =  0
1:( 2, 2) =  0
1:dim 1: [0]: [1 [1 [1, 2] 2] 2]
1:dim 2: [1]: [1 [1 [1, 2] 2] 2]
1:~ local data in LocalArray for DE 5 ~
2:( 2, 2) =  0
2:( 3, 2) =  0
2:dim 1: [0]: [1 [1 [1, 3] 3] 3]
2:dim 2: [1]: [1 [1 [1, 2] 2] 2]
2:--- ESMCI::Array::print end ---
3:{}Array typekind/rank: Real*4 / 2 
3:~ lower class' values ~
3:DistGrid dimCount = 2
3:deCount = 6
1:LocalArrayPrint: Array at address 0x1917890:
1:            rank = 2, typekind = 5, base_addr = 0x7fffe614fec0
1:            dim[0] = 2  dim[1] = 1  
1:  Real, *4, Dim 2, Data values:
1:( 1, 1) =  0
1:( 2, 1) =  0
1:dim 1: [0]: [1 [1 [1, 2] 2] 2]
1:dim 2: [1]: [1 [1 [1, 1] 1] 1]
1:--- ESMCI::Array::print end ---
2:--- ESMCI::Array::print start ---
2: Base name    = Array002
2: Status: Base = Ready,  object = Ready
2: Proxy        = no
3:localDeCount = 1
3:~ local data in LocalArray for DE 3 ~
3:LocalArrayPrint: Array at address 0x19167b0:
3:            rank = 2, typekind = 5, base_addr = 0x7fffe614ff60
3:            dim[0] = 2  dim[1] = 2  
3:  Real, *4, Dim 2, Data values:
1:--- ESMCI::Array::print start ---
1: Base name    = Array002
1: Status: Base = Ready,  object = Ready
1: Proxy        = no
2: Root Info (Attributes):
2:{}Array typekind/rank: Real*8 / 2 
3:( 1, 1) =  0
3:( 2, 1) =  0
3:( 1, 2) =  0
3:( 2, 2) =  0
3:dim 1: [0]: [1 [1 [1, 2] 2] 2]
3:dim 2: [1]: [1 [1 [1, 2] 2] 2]
3:--- ESMCI::Array::print end ---
1: Root Info (Attributes):
2:~ lower class' values ~
2:DistGrid dimCount = 2
2:deCount = 6
2:localDeCount = 1
2:~ local data in LocalArray for DE 2 ~
2:LocalArrayPrint: Array at address 0x1913380:
2:            rank = 2, typekind = 6, base_addr = 0x7fffe616fd00
2:            dim[0] = 3  dim[1] = 2  
3:--- ESMCI::Array::print start ---
3: Base name    = Array002
3: Status: Base = Ready,  object = Ready
3: Proxy        = no
3: Root Info (Attributes):
1:{}Array typekind/rank: Real*8 / 2 
1:~ lower class' values ~
1:DistGrid dimCount = 2
1:deCount = 6
1:localDeCount = 2
1:~ local data in LocalArray for DE 1 ~
1:LocalArrayPrint: Array at address 0x1913460:
1:            rank = 2, typekind = 6, base_addr = 0x7fffe614ffe0
1:            dim[0] = 2  dim[1] = 2  
1:  Real, *8, Dim 2, Data values:
2:  Real, *8, Dim 2, Data values:
2:( 1, 1) =  6.95333e-310
2:( 2, 1) =  6.01347e-154
2:( 3, 1) =  6.01347e-154
2:( 1, 2) =  6.10916e+223
2:( 2, 2) =  6.01386e-154
2:( 3, 2) =  6.01347e-154
1:( 1, 1) =  9.88131e-324
1:( 2, 1) =  0
1:( 1, 2) =  0
1:( 2, 2) =  0
1:dim 1: [0]: [1 [1 [1, 2] 2] 2]
1:dim 2: [1]: [1 [1 [1, 2] 2] 2]
1:~ local data in LocalArray for DE 5 ~
1:LocalArrayPrint: Array at address 0x1913790:
2:dim 1: [0]: [1 [1 [1, 3] 3] 3]
2:dim 2: [1]: [1 [1 [1, 2] 2] 2]
2:--- ESMCI::Array::print end ---
2:--- ESMCI::Array::print start ---
2: Base name    = Array003
3:{}Array typekind/rank: Real*8 / 2 
3:~ lower class' values ~
3:DistGrid dimCount = 2
3:deCount = 6
3:localDeCount = 1
3:~ local data in LocalArray for DE 3 ~
3:LocalArrayPrint: Array at address 0x1913430:
3:            rank = 2, typekind = 6, base_addr = 0x7fffe614ffe0
3:            dim[0] = 2  dim[1] = 2  
3:  Real, *8, Dim 2, Data values:
1:            rank = 2, typekind = 6, base_addr = 0x7fffe614ffc0
1:            dim[0] = 2  dim[1] = 1  
1:  Real, *8, Dim 2, Data values:
1:( 1, 1) =  0
1:( 2, 1) =  0
1:dim 1: [0]: [1 [1 [1, 2] 2] 2]
1:dim 2: [1]: [1 [1 [1, 1] 1] 1]
1:--- ESMCI::Array::print end ---
1:--- ESMCI::Array::print start ---
2: Status: Base = Ready,  object = Ready
2: Proxy        = no
2: Root Info (Attributes):
2:{}Array typekind/rank: Real*8 / 2 
2:~ lower class' values ~
2:DistGrid dimCount = 2
2:deCount = 6
2:localDeCount = 1
2:~ local data in LocalArray for DE 2 ~
3:( 1, 1) =  9.88131e-324
3:( 2, 1) =  0
3:( 1, 2) =  0
3:( 2, 2) =  0
3:dim 1: [0]: [1 [1 [1, 2] 2] 2]
3:dim 2: [1]: [1 [1 [1, 2] 2] 2]
3:--- ESMCI::Array::print end ---
3:--- ESMCI::Array::print start ---
3: Base name    = Array003
1: Base name    = Array003
1: Status: Base = Ready,  object = Ready
1: Proxy        = no
1: Root Info (Attributes):
1:{}Array typekind/rank: Real*8 / 2 
1:~ lower class' values ~
2:LocalArrayPrint: Array at address 0x1913e10:
2:            rank = 2, typekind = 6, base_addr = 0x7fffe616fcc0
2:            dim[0] = 3  dim[1] = 2  
2:  Real, *8, Dim 2, Data values:
2:( 1, 1) =  6.95333e-310
2:( 2, 1) =  6.01347e-154
2:( 3, 1) =  6.01347e-154
2:( 1, 2) =  6.10916e+223
3: Status: Base = Ready,  object = Ready
3: Proxy        = no
3: Root Info (Attributes):
3:{}Array typekind/rank: Real*8 / 2 
3:~ lower class' values ~
3:DistGrid dimCount = 2
3:deCount = 6
3:localDeCount = 1
1:DistGrid dimCount = 2
1:deCount = 6
1:localDeCount = 2
1:~ local data in LocalArray for DE 1 ~
1:LocalArrayPrint: Array at address 0x1914220:
1:            rank = 2, typekind = 6, base_addr = 0x7fffe614ffa0
1:            dim[0] = 2  dim[1] = 2  
1:  Real, *8, Dim 2, Data values:
1:( 1, 1) =  0
1:( 2, 1) =  0
1:( 1, 2) =  0
1:( 2, 2) =  0
2:( 2, 2) =  9.77069e+199
2:( 3, 2) =  6.99178e+228
2:dim 1: [0]: [1 [1 [1, 3] 3] 3]
2:dim 2: [1]: [1 [1 [1, 2] 2] 2]
2:--- ESMCI::Array::print end ---
3:~ local data in LocalArray for DE 3 ~
3:LocalArrayPrint: Array at address 0x1913ec0:
3:            rank = 2, typekind = 6, base_addr = 0x7fffe614ffc0
3:            dim[0] = 2  dim[1] = 2  
3:  Real, *8, Dim 2, Data values:
3:( 1, 1) =  0
3:( 2, 1) =  0
3:( 1, 2) =  0
3:( 2, 2) =  0
3:dim 1: [0]: [1 [1 [1, 2] 2] 2]
3:dim 2: [1]: [1 [1 [1, 2] 2] 2]
1:dim 1: [0]: [1 [1 [1, 2] 2] 2]
1:dim 2: [1]: [1 [1 [1, 2] 2] 2]
1:~ local data in LocalArray for DE 5 ~
1:LocalArrayPrint: Array at address 0x1914550:
1:            rank = 2, typekind = 6, base_addr = 0x7fffe614ff80
1:            dim[0] = 2  dim[1] = 1  
1:  Real, *8, Dim 2, Data values:
1:( 1, 1) =  0
1:( 2, 1) =  0
1:dim 1: [0]: [1 [1 [1, 2] 2] 2]
1:dim 2: [1]: [1 [1 [1, 1] 1] 1]
1:--- ESMCI::Array::print end ---
3:--- ESMCI::Array::print end ---
0: Status: Base = Ready,  object = Ready
0: Proxy        = no
0: Root Info (Attributes):
2:  PASS  Example ESMF_ArrayBundleEx, ESMF_ArrayBundleEx.F90, line 267
3:  PASS  Example ESMF_ArrayBundleEx, ESMF_ArrayBundleEx.F90, line 267
1:  PASS  Example ESMF_ArrayBundleEx, ESMF_ArrayBundleEx.F90, line 267
0:{}Array typekind/rank: Real*4 / 2 
0:~ lower class' values ~
0:DistGrid dimCount = 2
0:deCount = 6
0:localDeCount = 2
0:~ local data in LocalArray for DE 0 ~
0:LocalArrayPrint: Array at address 0x19174b0:
0:            rank = 2, typekind = 5, base_addr = 0x7fffe614ff40
0:            dim[0] = 3  dim[1] = 2  
0:  Real, *4, Dim 2, Data values:
0:( 1, 1) =  0
0:( 2, 1) =  0
0:( 3, 1) =  0
0:( 1, 2) =  0
0:( 2, 2) =  0
0:( 3, 2) =  0
0:dim 1: [0]: [1 [1 [1, 3] 3] 3]
0:dim 2: [1]: [1 [1 [1, 2] 2] 2]
0:~ local data in LocalArray for DE 4 ~
0:LocalArrayPrint: Array at address 0x19177e0:
0:            rank = 2, typekind = 5, base_addr = 0x7fffe614ff20
0:            dim[0] = 3  dim[1] = 1  
0:  Real, *4, Dim 2, Data values:
0:( 1, 1) =  0
0:( 2, 1) =  0
0:( 3, 1) =  0
0:dim 1: [0]: [1 [1 [1, 3] 3] 3]
0:dim 2: [1]: [1 [1 [1, 1] 1] 1]
0:--- ESMCI::Array::print end ---
0:--- ESMCI::Array::print start ---
0: Base name    = Array002
0: Status: Base = Ready,  object = Ready
0: Proxy        = no
0: Root Info (Attributes):
0:{}Array typekind/rank: Real*8 / 2 
0:~ lower class' values ~
0:DistGrid dimCount = 2
0:deCount = 6
0:localDeCount = 2
0:~ local data in LocalArray for DE 0 ~
0:LocalArrayPrint: Array at address 0x19133b0:
0:            rank = 2, typekind = 6, base_addr = 0x7fffe616fd00
0:            dim[0] = 3  dim[1] = 2  
0:  Real, *8, Dim 2, Data values:
0:( 1, 1) =  6.95333e-310
0:( 2, 1) =  6.01347e-154
0:( 3, 1) =  6.01347e-154
0:( 1, 2) =  6.10916e+223
0:( 2, 2) =  6.01386e-154
0:( 3, 2) =  6.01347e-154
0:dim 1: [0]: [1 [1 [1, 3] 3] 3]
0:dim 2: [1]: [1 [1 [1, 2] 2] 2]
0:~ local data in LocalArray for DE 4 ~
0:LocalArrayPrint: Array at address 0x19136e0:
0:            rank = 2, typekind = 6, base_addr = 0x7fffe614ffe0
0:            dim[0] = 3  dim[1] = 1  
0:  Real, *8, Dim 2, Data values:
0:( 1, 1) =  9.88131e-324
0:( 2, 1) =  0
0:( 3, 1) =  0
0:dim 1: [0]: [1 [1 [1, 3] 3] 3]
0:dim 2: [1]: [1 [1 [1, 1] 1] 1]
0:--- ESMCI::Array::print end ---
0:--- ESMCI::Array::print start ---
0: Base name    = Array003
0: Status: Base = Ready,  object = Ready
0: Proxy        = no
0: Root Info (Attributes):
0:{}Array typekind/rank: Real*8 / 2 
0:~ lower class' values ~
0:DistGrid dimCount = 2
0:deCount = 6
0:localDeCount = 2
0:~ local data in LocalArray for DE 0 ~
0:LocalArrayPrint: Array at address 0x1914170:
0:            rank = 2, typekind = 6, base_addr = 0x7fffe616fcc0
0:            dim[0] = 3  dim[1] = 2  
0:  Real, *8, Dim 2, Data values:
0:( 1, 1) =  6.95333e-310
0:( 2, 1) =  6.01347e-154
0:( 3, 1) =  6.01347e-154
0:( 1, 2) =  6.10916e+223
0:( 2, 2) =  9.77069e+199
0:( 3, 2) =  6.99178e+228
0:dim 1: [0]: [1 [1 [1, 3] 3] 3]
0:dim 2: [1]: [1 [1 [1, 2] 2] 2]
0:~ local data in LocalArray for DE 4 ~
0:LocalArrayPrint: Array at address 0x19144a0:
0:            rank = 2, typekind = 6, base_addr = 0x7fffe614ffc0
0:            dim[0] = 3  dim[1] = 1  
0:  Real, *8, Dim 2, Data values:
0:( 1, 1) =  0
0:( 2, 1) =  0
0:( 3, 1) =  0
0:dim 1: [0]: [1 [1 [1, 3] 3] 3]
0:dim 2: [1]: [1 [1 [1, 1] 1] 1]
0:--- ESMCI::Array::print end ---
0:  PASS  Example ESMF_ArrayBundleEx, ESMF_ArrayBundleEx.F90, line 267
0: PASS: ESMF_ArrayBundleEx.F90
3: PASS: ESMF_ArrayBundleEx.F90
1: PASS: ESMF_ArrayBundleEx.F90
2: PASS: ESMF_ArrayBundleEx.F90
