build time -- 2022-07-17 02:39:17
20220717 025544.141 INFO             PET0 !!!!!!!!!!!!!!!!!!!!!!!!!!!!!!!!!!!!!!!!!!!!!!!!!!!!!!
20220717 025544.142 INFO             PET0 !!! THE ESMF_LOG IS SET TO OUTPUT ALL LOG MESSAGES !!!
20220717 025544.142 INFO             PET0 !!!     THIS MAY CAUSE SLOWDOWN IN PERFORMANCE     !!!
20220717 025544.142 INFO             PET0 !!! FOR PRODUCTION RUNS, USE:                      !!!
20220717 025544.142 INFO             PET0 !!!                   ESMF_LOGKIND_Multi_On_Error  !!!
20220717 025544.142 INFO             PET0 !!!!!!!!!!!!!!!!!!!!!!!!!!!!!!!!!!!!!!!!!!!!!!!!!!!!!!
20220717 025544.142 INFO             PET0 Running with ESMF Version   : v8.4.0b04-2-gc831a7c
20220717 025544.142 INFO             PET0 ESMF library build date/time: "Jul 17 2022" "02:37:23"
20220717 025544.142 INFO             PET0 ESMF library build location : /work/noaa/da/mpotts/sandbox/gfortran_8.3.0_mpiuni_O_develop
20220717 025544.142 INFO             PET0 ESMF_COMM                   : mpiuni
20220717 025544.142 INFO             PET0 ESMF_MOAB                   : enabled
20220717 025544.142 INFO             PET0 ESMF_LAPACK                 : enabled
20220717 025544.142 INFO             PET0 ESMF_NETCDF                 : enabled
20220717 025544.142 INFO             PET0 ESMF_PNETCDF                : disabled
20220717 025544.142 INFO             PET0 ESMF_PIO                    : disabled
20220717 025544.142 INFO             PET0 ESMF_YAMLCPP                : enabled
20220717 025544.178 INFO             PET0  NUMBER_OF_PROCESSORS           1
20220717 025544.178 INFO             PET0  PASS  Example ESMF_RHandleDynamicMaskingEx, ESMF_RHandleDynamicMaskingEx.F90, line 1116
20220717 025544.178 INFO             PET0 Finalizing ESMF
