build time -- 2022-07-05 02:35:13
20220705 025145.421 INFO             PET0 !!!!!!!!!!!!!!!!!!!!!!!!!!!!!!!!!!!!!!!!!!!!!!!!!!!!!!
20220705 025145.421 INFO             PET0 !!! THE ESMF_LOG IS SET TO OUTPUT ALL LOG MESSAGES !!!
20220705 025145.421 INFO             PET0 !!!     THIS MAY CAUSE SLOWDOWN IN PERFORMANCE     !!!
20220705 025145.421 INFO             PET0 !!! FOR PRODUCTION RUNS, USE:                      !!!
20220705 025145.421 INFO             PET0 !!!                   ESMF_LOGKIND_Multi_On_Error  !!!
20220705 025145.421 INFO             PET0 !!!!!!!!!!!!!!!!!!!!!!!!!!!!!!!!!!!!!!!!!!!!!!!!!!!!!!
20220705 025145.421 INFO             PET0 Running with ESMF Version   : v8.4.0b02-7-g9328c9b
20220705 025145.421 INFO             PET0 ESMF library build date/time: "Jul  5 2022" "02:34:13"
20220705 025145.421 INFO             PET0 ESMF library build location : /work/noaa/da/mpotts/sandbox/gfortran_8.3.0_mpiuni_O_develop
20220705 025145.421 INFO             PET0 ESMF_COMM                   : mpiuni
20220705 025145.422 INFO             PET0 ESMF_MOAB                   : enabled
20220705 025145.422 INFO             PET0 ESMF_LAPACK                 : enabled
20220705 025145.422 INFO             PET0 ESMF_NETCDF                 : enabled
20220705 025145.422 INFO             PET0 ESMF_PNETCDF                : disabled
20220705 025145.422 INFO             PET0 ESMF_PIO                    : disabled
20220705 025145.422 INFO             PET0 ESMF_YAMLCPP                : enabled
20220705 025145.422 INFO             PET0  NUMBER_OF_PROCESSORS           1
20220705 025145.422 INFO             PET0  PASS  Example ESMF_InternalStateModEx, ESMF_InternalStateModEx.F90, line 239
20220705 025145.422 INFO             PET0 Finalizing ESMF
