build time -- 2022-07-02 02:34:09
20220702 025112.786 INFO             PET0 !!!!!!!!!!!!!!!!!!!!!!!!!!!!!!!!!!!!!!!!!!!!!!!!!!!!!!
20220702 025112.786 INFO             PET0 !!! THE ESMF_LOG IS SET TO OUTPUT ALL LOG MESSAGES !!!
20220702 025112.786 INFO             PET0 !!!     THIS MAY CAUSE SLOWDOWN IN PERFORMANCE     !!!
20220702 025112.786 INFO             PET0 !!! FOR PRODUCTION RUNS, USE:                      !!!
20220702 025112.786 INFO             PET0 !!!                   ESMF_LOGKIND_Multi_On_Error  !!!
20220702 025112.786 INFO             PET0 !!!!!!!!!!!!!!!!!!!!!!!!!!!!!!!!!!!!!!!!!!!!!!!!!!!!!!
20220702 025112.786 INFO             PET0 Running with ESMF Version   : v8.4.0b02-7-g9328c9b
20220702 025112.786 INFO             PET0 ESMF library build date/time: "Jul  2 2022" "02:33:10"
20220702 025112.786 INFO             PET0 ESMF library build location : /work/noaa/da/mpotts/sandbox/gfortran_8.3.0_mpiuni_O_develop
20220702 025112.786 INFO             PET0 ESMF_COMM                   : mpiuni
20220702 025112.790 INFO             PET0 ESMF_MOAB                   : enabled
20220702 025112.790 INFO             PET0 ESMF_LAPACK                 : enabled
20220702 025112.790 INFO             PET0 ESMF_NETCDF                 : enabled
20220702 025112.790 INFO             PET0 ESMF_PNETCDF                : disabled
20220702 025112.790 INFO             PET0 ESMF_PIO                    : disabled
20220702 025112.790 INFO             PET0 ESMF_YAMLCPP                : enabled
20220702 025112.815 DEBUG            PET0 about to destroy Grid: 0x144e380
20220702 025112.818 DEBUG            PET0 about to destroy Grid: 0x144f8f0
20220702 025112.826 INFO             PET0  NUMBER_OF_PROCESSORS           1
20220702 025112.826 INFO             PET0  PASS  Example ESMF_NUOPCAtmModelEx, ESMF_NUOPCAtmModelEx.F90, line 806
20220702 025112.826 INFO             PET0 Finalizing ESMF
