build time -- 2022-06-27 02:34:47
20220627 025732.520 INFO             PET0 !!!!!!!!!!!!!!!!!!!!!!!!!!!!!!!!!!!!!!!!!!!!!!!!!!!!!!
20220627 025732.520 INFO             PET0 !!! THE ESMF_LOG IS SET TO OUTPUT ALL LOG MESSAGES !!!
20220627 025732.520 INFO             PET0 !!!     THIS MAY CAUSE SLOWDOWN IN PERFORMANCE     !!!
20220627 025732.520 INFO             PET0 !!! FOR PRODUCTION RUNS, USE:                      !!!
20220627 025732.520 INFO             PET0 !!!                   ESMF_LOGKIND_Multi_On_Error  !!!
20220627 025732.520 INFO             PET0 !!!!!!!!!!!!!!!!!!!!!!!!!!!!!!!!!!!!!!!!!!!!!!!!!!!!!!
20220627 025732.520 INFO             PET0 Running with ESMF Version   : v8.4.0b01-2-gf0d4ab2
20220627 025732.520 INFO             PET0 ESMF library build date/time: "Jun 27 2022" "02:33:06"
20220627 025732.520 INFO             PET0 ESMF library build location : /work/noaa/da/mpotts/sandbox/gfortran_8.3.0_mpiuni_O_develop
20220627 025732.520 INFO             PET0 ESMF_COMM                   : mpiuni
20220627 025732.521 INFO             PET0 ESMF_MOAB                   : enabled
20220627 025732.521 INFO             PET0 ESMF_LAPACK                 : enabled
20220627 025732.521 INFO             PET0 ESMF_NETCDF                 : enabled
20220627 025732.521 INFO             PET0 ESMF_PNETCDF                : disabled
20220627 025732.521 INFO             PET0 ESMF_PIO                    : disabled
20220627 025732.521 INFO             PET0 ESMF_YAMLCPP                : enabled
20220627 025732.524 INFO             PET0  NUMBER_OF_PROCESSORS           1
20220627 025732.524 INFO             PET0  PASS  Example ESMF_FieldArbGridEx, ESMF_FieldArbGridEx.F90, line 243
20220627 025732.524 INFO             PET0 Finalizing ESMF
