build time -- 2022-07-22 02:38:09
20220722 025401.190 INFO             PET0 !!!!!!!!!!!!!!!!!!!!!!!!!!!!!!!!!!!!!!!!!!!!!!!!!!!!!!
20220722 025401.190 INFO             PET0 !!! THE ESMF_LOG IS SET TO OUTPUT ALL LOG MESSAGES !!!
20220722 025401.190 INFO             PET0 !!!     THIS MAY CAUSE SLOWDOWN IN PERFORMANCE     !!!
20220722 025401.190 INFO             PET0 !!! FOR PRODUCTION RUNS, USE:                      !!!
20220722 025401.190 INFO             PET0 !!!                   ESMF_LOGKIND_Multi_On_Error  !!!
20220722 025401.190 INFO             PET0 !!!!!!!!!!!!!!!!!!!!!!!!!!!!!!!!!!!!!!!!!!!!!!!!!!!!!!
20220722 025401.190 INFO             PET0 Running with ESMF Version   : v8.4.0b07
20220722 025401.190 INFO             PET0 ESMF library build date/time: "Jul 22 2022" "02:37:11"
20220722 025401.190 INFO             PET0 ESMF library build location : /work/noaa/da/mpotts/sandbox/gfortran_8.3.0_mpiuni_O_develop
20220722 025401.190 INFO             PET0 ESMF_COMM                   : mpiuni
20220722 025401.191 INFO             PET0 ESMF_MOAB                   : enabled
20220722 025401.191 INFO             PET0 ESMF_LAPACK                 : enabled
20220722 025401.191 INFO             PET0 ESMF_NETCDF                 : enabled
20220722 025401.191 INFO             PET0 ESMF_PNETCDF                : disabled
20220722 025401.191 INFO             PET0 ESMF_PIO                    : disabled
20220722 025401.191 INFO             PET0 ESMF_YAMLCPP                : enabled
20220722 025401.192 INFO             PET0  NUMBER_OF_PROCESSORS           1
20220722 025401.192 INFO             PET0  PASS  Example ESMF_ConfigOverviewEx, ESMF_ConfigOverviewEx.F90, line 415
20220722 025401.192 INFO             PET0 Finalizing ESMF
