build time -- 2022-07-14 02:33:37
20220714 025021.135 INFO             PET0 !!!!!!!!!!!!!!!!!!!!!!!!!!!!!!!!!!!!!!!!!!!!!!!!!!!!!!
20220714 025021.135 INFO             PET0 !!! THE ESMF_LOG IS SET TO OUTPUT ALL LOG MESSAGES !!!
20220714 025021.135 INFO             PET0 !!!     THIS MAY CAUSE SLOWDOWN IN PERFORMANCE     !!!
20220714 025021.135 INFO             PET0 !!! FOR PRODUCTION RUNS, USE:                      !!!
20220714 025021.135 INFO             PET0 !!!                   ESMF_LOGKIND_Multi_On_Error  !!!
20220714 025021.135 INFO             PET0 !!!!!!!!!!!!!!!!!!!!!!!!!!!!!!!!!!!!!!!!!!!!!!!!!!!!!!
20220714 025021.135 INFO             PET0 Running with ESMF Version   : v8.4.0b04
20220714 025021.135 INFO             PET0 ESMF library build date/time: "Jul 14 2022" "02:32:28"
20220714 025021.135 INFO             PET0 ESMF library build location : /work/noaa/da/mpotts/sandbox/gfortran_8.3.0_mpiuni_O_develop
20220714 025021.135 INFO             PET0 ESMF_COMM                   : mpiuni
20220714 025021.135 INFO             PET0 ESMF_MOAB                   : enabled
20220714 025021.135 INFO             PET0 ESMF_LAPACK                 : enabled
20220714 025021.135 INFO             PET0 ESMF_NETCDF                 : enabled
20220714 025021.135 INFO             PET0 ESMF_PNETCDF                : disabled
20220714 025021.135 INFO             PET0 ESMF_PIO                    : disabled
20220714 025021.135 INFO             PET0 ESMF_YAMLCPP                : enabled
20220714 025021.136 INFO             PET0  NUMBER_OF_PROCESSORS           1
20220714 025021.137 INFO             PET0  PASS  Example ESMF_SCompEx, ESMF_SCompEx.F90, line 385
20220714 025021.137 INFO             PET0 Finalizing ESMF
