build time -- 2022-07-12 00:39:28
20220712 011622.920 INFO             PET0 !!!!!!!!!!!!!!!!!!!!!!!!!!!!!!!!!!!!!!!!!!!!!!!!!!!!!!
20220712 011622.920 INFO             PET0 !!! THE ESMF_LOG IS SET TO OUTPUT ALL LOG MESSAGES !!!
20220712 011622.920 INFO             PET0 !!!     THIS MAY CAUSE SLOWDOWN IN PERFORMANCE     !!!
20220712 011622.920 INFO             PET0 !!! FOR PRODUCTION RUNS, USE:                      !!!
20220712 011622.920 INFO             PET0 !!!                   ESMF_LOGKIND_Multi_On_Error  !!!
20220712 011622.920 INFO             PET0 !!!!!!!!!!!!!!!!!!!!!!!!!!!!!!!!!!!!!!!!!!!!!!!!!!!!!!
20220712 011622.920 INFO             PET0 Running with ESMF Version   : v8.4.0b03-3-g14a79d558f
20220712 011622.920 INFO             PET0 ESMF library build date/time: "Jul 12 2022" "00:37:33"
20220712 011622.920 INFO             PET0 ESMF library build location : /lustre/f2/dev/ncep/Mark.Potts/intel_2019.5_mpi_O_develop
20220712 011622.920 INFO             PET0 ESMF_COMM                   : mpi
20220712 011622.921 INFO             PET0 ESMF_MOAB                   : enabled
20220712 011622.921 INFO             PET0 ESMF_LAPACK                 : enabled
20220712 011622.921 INFO             PET0 ESMF_NETCDF                 : enabled
20220712 011622.921 INFO             PET0 ESMF_PNETCDF                : disabled
20220712 011622.921 INFO             PET0 ESMF_PIO                    : enabled
20220712 011622.921 INFO             PET0 ESMF_YAMLCPP                : enabled
20220712 011622.960 DEBUG            PET0 about to destroy Grid: 0x9477e0
20220712 011622.964 DEBUG            PET0 about to destroy Grid: 0x94adb0
20220712 011622.974 INFO             PET0  NUMBER_OF_PROCESSORS           4
20220712 011622.974 INFO             PET0  PASS  Example ESMF_NUOPCAtmModelEx, ESMF_NUOPCAtmModelEx.F90, line 806
20220712 011622.974 INFO             PET0 Finalizing ESMF
20220712 011622.919 INFO             PET1 !!!!!!!!!!!!!!!!!!!!!!!!!!!!!!!!!!!!!!!!!!!!!!!!!!!!!!
20220712 011622.919 INFO             PET1 !!! THE ESMF_LOG IS SET TO OUTPUT ALL LOG MESSAGES !!!
20220712 011622.919 INFO             PET1 !!!     THIS MAY CAUSE SLOWDOWN IN PERFORMANCE     !!!
20220712 011622.919 INFO             PET1 !!! FOR PRODUCTION RUNS, USE:                      !!!
20220712 011622.919 INFO             PET1 !!!                   ESMF_LOGKIND_Multi_On_Error  !!!
20220712 011622.919 INFO             PET1 !!!!!!!!!!!!!!!!!!!!!!!!!!!!!!!!!!!!!!!!!!!!!!!!!!!!!!
20220712 011622.919 INFO             PET1 Running with ESMF Version   : v8.4.0b03-3-g14a79d558f
20220712 011622.919 INFO             PET1 ESMF library build date/time: "Jul 12 2022" "00:37:33"
20220712 011622.919 INFO             PET1 ESMF library build location : /lustre/f2/dev/ncep/Mark.Potts/intel_2019.5_mpi_O_develop
20220712 011622.919 INFO             PET1 ESMF_COMM                   : mpi
20220712 011622.920 INFO             PET1 ESMF_MOAB                   : enabled
20220712 011622.920 INFO             PET1 ESMF_LAPACK                 : enabled
20220712 011622.920 INFO             PET1 ESMF_NETCDF                 : enabled
20220712 011622.920 INFO             PET1 ESMF_PNETCDF                : disabled
20220712 011622.920 INFO             PET1 ESMF_PIO                    : enabled
20220712 011622.920 INFO             PET1 ESMF_YAMLCPP                : enabled
20220712 011622.960 DEBUG            PET1 about to destroy Grid: 0x944b40
20220712 011622.964 DEBUG            PET1 about to destroy Grid: 0x948bb0
20220712 011622.975 INFO             PET1  NUMBER_OF_PROCESSORS           4
20220712 011622.975 INFO             PET1  PASS  Example ESMF_NUOPCAtmModelEx, ESMF_NUOPCAtmModelEx.F90, line 806
20220712 011622.975 INFO             PET1 Finalizing ESMF
20220712 011622.920 INFO             PET2 !!!!!!!!!!!!!!!!!!!!!!!!!!!!!!!!!!!!!!!!!!!!!!!!!!!!!!
20220712 011622.920 INFO             PET2 !!! THE ESMF_LOG IS SET TO OUTPUT ALL LOG MESSAGES !!!
20220712 011622.920 INFO             PET2 !!!     THIS MAY CAUSE SLOWDOWN IN PERFORMANCE     !!!
20220712 011622.920 INFO             PET2 !!! FOR PRODUCTION RUNS, USE:                      !!!
20220712 011622.920 INFO             PET2 !!!                   ESMF_LOGKIND_Multi_On_Error  !!!
20220712 011622.920 INFO             PET2 !!!!!!!!!!!!!!!!!!!!!!!!!!!!!!!!!!!!!!!!!!!!!!!!!!!!!!
20220712 011622.920 INFO             PET2 Running with ESMF Version   : v8.4.0b03-3-g14a79d558f
20220712 011622.920 INFO             PET2 ESMF library build date/time: "Jul 12 2022" "00:37:33"
20220712 011622.920 INFO             PET2 ESMF library build location : /lustre/f2/dev/ncep/Mark.Potts/intel_2019.5_mpi_O_develop
20220712 011622.920 INFO             PET2 ESMF_COMM                   : mpi
20220712 011622.921 INFO             PET2 ESMF_MOAB                   : enabled
20220712 011622.921 INFO             PET2 ESMF_LAPACK                 : enabled
20220712 011622.921 INFO             PET2 ESMF_NETCDF                 : enabled
20220712 011622.921 INFO             PET2 ESMF_PNETCDF                : disabled
20220712 011622.921 INFO             PET2 ESMF_PIO                    : enabled
20220712 011622.921 INFO             PET2 ESMF_YAMLCPP                : enabled
20220712 011622.960 DEBUG            PET2 about to destroy Grid: 0x944b70
20220712 011622.964 DEBUG            PET2 about to destroy Grid: 0x948be0
20220712 011622.974 INFO             PET2  NUMBER_OF_PROCESSORS           4
20220712 011622.974 INFO             PET2  PASS  Example ESMF_NUOPCAtmModelEx, ESMF_NUOPCAtmModelEx.F90, line 806
20220712 011622.974 INFO             PET2 Finalizing ESMF
20220712 011622.919 INFO             PET3 !!!!!!!!!!!!!!!!!!!!!!!!!!!!!!!!!!!!!!!!!!!!!!!!!!!!!!
20220712 011622.919 INFO             PET3 !!! THE ESMF_LOG IS SET TO OUTPUT ALL LOG MESSAGES !!!
20220712 011622.919 INFO             PET3 !!!     THIS MAY CAUSE SLOWDOWN IN PERFORMANCE     !!!
20220712 011622.919 INFO             PET3 !!! FOR PRODUCTION RUNS, USE:                      !!!
20220712 011622.919 INFO             PET3 !!!                   ESMF_LOGKIND_Multi_On_Error  !!!
20220712 011622.919 INFO             PET3 !!!!!!!!!!!!!!!!!!!!!!!!!!!!!!!!!!!!!!!!!!!!!!!!!!!!!!
20220712 011622.919 INFO             PET3 Running with ESMF Version   : v8.4.0b03-3-g14a79d558f
20220712 011622.919 INFO             PET3 ESMF library build date/time: "Jul 12 2022" "00:37:33"
20220712 011622.919 INFO             PET3 ESMF library build location : /lustre/f2/dev/ncep/Mark.Potts/intel_2019.5_mpi_O_develop
20220712 011622.919 INFO             PET3 ESMF_COMM                   : mpi
20220712 011622.920 INFO             PET3 ESMF_MOAB                   : enabled
20220712 011622.920 INFO             PET3 ESMF_LAPACK                 : enabled
20220712 011622.920 INFO             PET3 ESMF_NETCDF                 : enabled
20220712 011622.920 INFO             PET3 ESMF_PNETCDF                : disabled
20220712 011622.920 INFO             PET3 ESMF_PIO                    : enabled
20220712 011622.920 INFO             PET3 ESMF_YAMLCPP                : enabled
20220712 011622.960 DEBUG            PET3 about to destroy Grid: 0x944b40
20220712 011622.964 DEBUG            PET3 about to destroy Grid: 0x948bb0
20220712 011622.974 INFO             PET3  NUMBER_OF_PROCESSORS           4
20220712 011622.974 INFO             PET3  PASS  Example ESMF_NUOPCAtmModelEx, ESMF_NUOPCAtmModelEx.F90, line 806
20220712 011622.974 INFO             PET3 Finalizing ESMF
