build time -- 2022-06-30 00:41:30
20220630 012120.490 INFO             PET0 !!!!!!!!!!!!!!!!!!!!!!!!!!!!!!!!!!!!!!!!!!!!!!!!!!!!!!
20220630 012120.490 INFO             PET0 !!! THE ESMF_LOG IS SET TO OUTPUT ALL LOG MESSAGES !!!
20220630 012120.490 INFO             PET0 !!!     THIS MAY CAUSE SLOWDOWN IN PERFORMANCE     !!!
20220630 012120.490 INFO             PET0 !!! FOR PRODUCTION RUNS, USE:                      !!!
20220630 012120.490 INFO             PET0 !!!                   ESMF_LOGKIND_Multi_On_Error  !!!
20220630 012120.490 INFO             PET0 !!!!!!!!!!!!!!!!!!!!!!!!!!!!!!!!!!!!!!!!!!!!!!!!!!!!!!
20220630 012120.490 INFO             PET0 Running with ESMF Version   : v8.4.0b01-4-g992fafaac4
20220630 012120.490 INFO             PET0 ESMF library build date/time: "Jun 30 2022" "00:39:27"
20220630 012120.490 INFO             PET0 ESMF library build location : /lustre/f2/dev/ncep/Mark.Potts/intel_2019.5_mpi_O_develop
20220630 012120.490 INFO             PET0 ESMF_COMM                   : mpi
20220630 012120.491 INFO             PET0 ESMF_MOAB                   : enabled
20220630 012120.491 INFO             PET0 ESMF_LAPACK                 : enabled
20220630 012120.491 INFO             PET0 ESMF_NETCDF                 : enabled
20220630 012120.491 INFO             PET0 ESMF_PNETCDF                : disabled
20220630 012120.491 INFO             PET0 ESMF_PIO                    : enabled
20220630 012120.491 INFO             PET0 ESMF_YAMLCPP                : enabled
20220630 012120.492 INFO             PET0  NUMBER_OF_PROCESSORS           1
20220630 012120.492 INFO             PET0  PASS  Example ESMF_AlarmEx, ESMF_AlarmEx.F90, line 244
20220630 012120.492 INFO             PET0 Finalizing ESMF
