build time -- 2022-06-18 00:39:48
20220618 011941.822 INFO             PET0 !!!!!!!!!!!!!!!!!!!!!!!!!!!!!!!!!!!!!!!!!!!!!!!!!!!!!!
20220618 011941.822 INFO             PET0 !!! THE ESMF_LOG IS SET TO OUTPUT ALL LOG MESSAGES !!!
20220618 011941.822 INFO             PET0 !!!     THIS MAY CAUSE SLOWDOWN IN PERFORMANCE     !!!
20220618 011941.822 INFO             PET0 !!! FOR PRODUCTION RUNS, USE:                      !!!
20220618 011941.822 INFO             PET0 !!!                   ESMF_LOGKIND_Multi_On_Error  !!!
20220618 011941.822 INFO             PET0 !!!!!!!!!!!!!!!!!!!!!!!!!!!!!!!!!!!!!!!!!!!!!!!!!!!!!!
20220618 011941.822 INFO             PET0 Running with ESMF Version   : v8.4.0b01-2-gf0d4ab211d
20220618 011941.822 INFO             PET0 ESMF library build date/time: "Jun 18 2022" "00:37:49"
20220618 011941.822 INFO             PET0 ESMF library build location : /lustre/f2/dev/ncep/Mark.Potts/intel_2019.5_mpi_O_develop
20220618 011941.822 INFO             PET0 ESMF_COMM                   : mpi
20220618 011941.823 INFO             PET0 ESMF_MOAB                   : enabled
20220618 011941.823 INFO             PET0 ESMF_LAPACK                 : enabled
20220618 011941.823 INFO             PET0 ESMF_NETCDF                 : enabled
20220618 011941.823 INFO             PET0 ESMF_PNETCDF                : disabled
20220618 011941.823 INFO             PET0 ESMF_PIO                    : enabled
20220618 011941.823 INFO             PET0 ESMF_YAMLCPP                : enabled
20220618 011941.827 INFO             PET0  NUMBER_OF_PROCESSORS           4
20220618 011941.827 INFO             PET0  PASS  Example ESMF_VMUserMpiCommMultiEx, ESMF_VMUserMpiCommMultiEx.F90, line 126
20220618 011941.827 INFO             PET0 Finalizing ESMF
20220618 011941.817 INFO             PET0 !!!!!!!!!!!!!!!!!!!!!!!!!!!!!!!!!!!!!!!!!!!!!!!!!!!!!!
20220618 011941.817 INFO             PET0 !!! THE ESMF_LOG IS SET TO OUTPUT ALL LOG MESSAGES !!!
20220618 011941.817 INFO             PET0 !!!     THIS MAY CAUSE SLOWDOWN IN PERFORMANCE     !!!
20220618 011941.817 INFO             PET0 !!! FOR PRODUCTION RUNS, USE:                      !!!
20220618 011941.817 INFO             PET0 !!!                   ESMF_LOGKIND_Multi_On_Error  !!!
20220618 011941.817 INFO             PET0 !!!!!!!!!!!!!!!!!!!!!!!!!!!!!!!!!!!!!!!!!!!!!!!!!!!!!!
20220618 011941.817 INFO             PET0 Running with ESMF Version   : v8.4.0b01-2-gf0d4ab211d
20220618 011941.817 INFO             PET0 ESMF library build date/time: "Jun 18 2022" "00:37:49"
20220618 011941.817 INFO             PET0 ESMF library build location : /lustre/f2/dev/ncep/Mark.Potts/intel_2019.5_mpi_O_develop
20220618 011941.817 INFO             PET0 ESMF_COMM                   : mpi
20220618 011941.818 INFO             PET0 ESMF_MOAB                   : enabled
20220618 011941.818 INFO             PET0 ESMF_LAPACK                 : enabled
20220618 011941.818 INFO             PET0 ESMF_NETCDF                 : enabled
20220618 011941.818 INFO             PET0 ESMF_PNETCDF                : disabled
20220618 011941.818 INFO             PET0 ESMF_PIO                    : enabled
20220618 011941.818 INFO             PET0 ESMF_YAMLCPP                : enabled
20220618 011941.824 INFO             PET0  NUMBER_OF_PROCESSORS           4
20220618 011941.824 INFO             PET0  PASS  Example ESMF_VMUserMpiCommMultiEx, ESMF_VMUserMpiCommMultiEx.F90, line 154
20220618 011941.824 INFO             PET0 Finalizing ESMF
20220618 011941.826 INFO             PET1 !!!!!!!!!!!!!!!!!!!!!!!!!!!!!!!!!!!!!!!!!!!!!!!!!!!!!!
20220618 011941.826 INFO             PET1 !!! THE ESMF_LOG IS SET TO OUTPUT ALL LOG MESSAGES !!!
20220618 011941.826 INFO             PET1 !!!     THIS MAY CAUSE SLOWDOWN IN PERFORMANCE     !!!
20220618 011941.826 INFO             PET1 !!! FOR PRODUCTION RUNS, USE:                      !!!
20220618 011941.826 INFO             PET1 !!!                   ESMF_LOGKIND_Multi_On_Error  !!!
20220618 011941.826 INFO             PET1 !!!!!!!!!!!!!!!!!!!!!!!!!!!!!!!!!!!!!!!!!!!!!!!!!!!!!!
20220618 011941.826 INFO             PET1 Running with ESMF Version   : v8.4.0b01-2-gf0d4ab211d
20220618 011941.826 INFO             PET1 ESMF library build date/time: "Jun 18 2022" "00:37:49"
20220618 011941.826 INFO             PET1 ESMF library build location : /lustre/f2/dev/ncep/Mark.Potts/intel_2019.5_mpi_O_develop
20220618 011941.826 INFO             PET1 ESMF_COMM                   : mpi
20220618 011941.827 INFO             PET1 ESMF_MOAB                   : enabled
20220618 011941.827 INFO             PET1 ESMF_LAPACK                 : enabled
20220618 011941.827 INFO             PET1 ESMF_NETCDF                 : enabled
20220618 011941.827 INFO             PET1 ESMF_PNETCDF                : disabled
20220618 011941.827 INFO             PET1 ESMF_PIO                    : enabled
20220618 011941.827 INFO             PET1 ESMF_YAMLCPP                : enabled
20220618 011941.827 INFO             PET1  NUMBER_OF_PROCESSORS           4
20220618 011941.827 INFO             PET1  PASS  Example ESMF_VMUserMpiCommMultiEx, ESMF_VMUserMpiCommMultiEx.F90, line 126
20220618 011941.827 INFO             PET1 Finalizing ESMF
20220618 011941.823 INFO             PET1 !!!!!!!!!!!!!!!!!!!!!!!!!!!!!!!!!!!!!!!!!!!!!!!!!!!!!!
20220618 011941.823 INFO             PET1 !!! THE ESMF_LOG IS SET TO OUTPUT ALL LOG MESSAGES !!!
20220618 011941.823 INFO             PET1 !!!     THIS MAY CAUSE SLOWDOWN IN PERFORMANCE     !!!
20220618 011941.823 INFO             PET1 !!! FOR PRODUCTION RUNS, USE:                      !!!
20220618 011941.823 INFO             PET1 !!!                   ESMF_LOGKIND_Multi_On_Error  !!!
20220618 011941.823 INFO             PET1 !!!!!!!!!!!!!!!!!!!!!!!!!!!!!!!!!!!!!!!!!!!!!!!!!!!!!!
20220618 011941.823 INFO             PET1 Running with ESMF Version   : v8.4.0b01-2-gf0d4ab211d
20220618 011941.823 INFO             PET1 ESMF library build date/time: "Jun 18 2022" "00:37:49"
20220618 011941.823 INFO             PET1 ESMF library build location : /lustre/f2/dev/ncep/Mark.Potts/intel_2019.5_mpi_O_develop
20220618 011941.823 INFO             PET1 ESMF_COMM                   : mpi
20220618 011941.824 INFO             PET1 ESMF_MOAB                   : enabled
20220618 011941.824 INFO             PET1 ESMF_LAPACK                 : enabled
20220618 011941.824 INFO             PET1 ESMF_NETCDF                 : enabled
20220618 011941.824 INFO             PET1 ESMF_PNETCDF                : disabled
20220618 011941.824 INFO             PET1 ESMF_PIO                    : enabled
20220618 011941.824 INFO             PET1 ESMF_YAMLCPP                : enabled
20220618 011941.824 INFO             PET1  NUMBER_OF_PROCESSORS           4
20220618 011941.824 INFO             PET1  PASS  Example ESMF_VMUserMpiCommMultiEx, ESMF_VMUserMpiCommMultiEx.F90, line 154
20220618 011941.824 INFO             PET1 Finalizing ESMF
