build time -- 2022-07-03 00:48:01
20220703 012642.235 INFO             PET0 !!!!!!!!!!!!!!!!!!!!!!!!!!!!!!!!!!!!!!!!!!!!!!!!!!!!!!
20220703 012642.235 INFO             PET0 !!! THE ESMF_LOG IS SET TO OUTPUT ALL LOG MESSAGES !!!
20220703 012642.235 INFO             PET0 !!!     THIS MAY CAUSE SLOWDOWN IN PERFORMANCE     !!!
20220703 012642.235 INFO             PET0 !!! FOR PRODUCTION RUNS, USE:                      !!!
20220703 012642.235 INFO             PET0 !!!                   ESMF_LOGKIND_Multi_On_Error  !!!
20220703 012642.235 INFO             PET0 !!!!!!!!!!!!!!!!!!!!!!!!!!!!!!!!!!!!!!!!!!!!!!!!!!!!!!
20220703 012642.235 INFO             PET0 Running with ESMF Version   : v8.4.0b02-7-g9328c9b05f
20220703 012642.235 INFO             PET0 ESMF library build date/time: "Jul  3 2022" "00:46:00"
20220703 012642.235 INFO             PET0 ESMF library build location : /lustre/f2/dev/ncep/Mark.Potts/intel_2019.5_mpi_O_develop
20220703 012642.235 INFO             PET0 ESMF_COMM                   : mpi
20220703 012642.236 INFO             PET0 ESMF_MOAB                   : enabled
20220703 012642.236 INFO             PET0 ESMF_LAPACK                 : enabled
20220703 012642.236 INFO             PET0 ESMF_NETCDF                 : enabled
20220703 012642.236 INFO             PET0 ESMF_PNETCDF                : disabled
20220703 012642.236 INFO             PET0 ESMF_PIO                    : enabled
20220703 012642.236 INFO             PET0 ESMF_YAMLCPP                : enabled
20220703 012642.239 INFO             PET0 ESMF_FieldRedistStoreNF(): Just entered routine.
20220703 012642.242 INFO             PET0 ESMF_FieldRedistStoreNF(): Leaving routine.
20220703 012642.244 INFO             PET0 ESMF_FieldRedistStoreNF(): Just entered routine.
20220703 012642.244 INFO             PET0 ESMF_FieldRedistStoreNF(): Leaving routine.
20220703 012642.245 INFO             PET0 ESMF_FieldRedistStoreNF(): Just entered routine.
20220703 012642.245 INFO             PET0 ESMF_FieldRedistStoreNF(): Leaving routine.
20220703 012642.245 INFO             PET0  NUMBER_OF_PROCESSORS           4
20220703 012642.245 INFO             PET0  PASS  Example ESMF_FieldRedistEx, ESMF_FieldRedistEx.F90, line 521
20220703 012642.245 INFO             PET0 Finalizing ESMF
20220703 012642.234 INFO             PET1 !!!!!!!!!!!!!!!!!!!!!!!!!!!!!!!!!!!!!!!!!!!!!!!!!!!!!!
20220703 012642.234 INFO             PET1 !!! THE ESMF_LOG IS SET TO OUTPUT ALL LOG MESSAGES !!!
20220703 012642.234 INFO             PET1 !!!     THIS MAY CAUSE SLOWDOWN IN PERFORMANCE     !!!
20220703 012642.234 INFO             PET1 !!! FOR PRODUCTION RUNS, USE:                      !!!
20220703 012642.234 INFO             PET1 !!!                   ESMF_LOGKIND_Multi_On_Error  !!!
20220703 012642.234 INFO             PET1 !!!!!!!!!!!!!!!!!!!!!!!!!!!!!!!!!!!!!!!!!!!!!!!!!!!!!!
20220703 012642.234 INFO             PET1 Running with ESMF Version   : v8.4.0b02-7-g9328c9b05f
20220703 012642.234 INFO             PET1 ESMF library build date/time: "Jul  3 2022" "00:46:00"
20220703 012642.234 INFO             PET1 ESMF library build location : /lustre/f2/dev/ncep/Mark.Potts/intel_2019.5_mpi_O_develop
20220703 012642.234 INFO             PET1 ESMF_COMM                   : mpi
20220703 012642.235 INFO             PET1 ESMF_MOAB                   : enabled
20220703 012642.235 INFO             PET1 ESMF_LAPACK                 : enabled
20220703 012642.235 INFO             PET1 ESMF_NETCDF                 : enabled
20220703 012642.235 INFO             PET1 ESMF_PNETCDF                : disabled
20220703 012642.235 INFO             PET1 ESMF_PIO                    : enabled
20220703 012642.235 INFO             PET1 ESMF_YAMLCPP                : enabled
20220703 012642.240 INFO             PET1 ESMF_FieldRedistStoreNF(): Just entered routine.
20220703 012642.242 INFO             PET1 ESMF_FieldRedistStoreNF(): Leaving routine.
20220703 012642.244 INFO             PET1 ESMF_FieldRedistStoreNF(): Just entered routine.
20220703 012642.244 INFO             PET1 ESMF_FieldRedistStoreNF(): Leaving routine.
20220703 012642.245 INFO             PET1 ESMF_FieldRedistStoreNF(): Just entered routine.
20220703 012642.245 INFO             PET1 ESMF_FieldRedistStoreNF(): Leaving routine.
20220703 012642.245 INFO             PET1  NUMBER_OF_PROCESSORS           4
20220703 012642.245 INFO             PET1  PASS  Example ESMF_FieldRedistEx, ESMF_FieldRedistEx.F90, line 521
20220703 012642.245 INFO             PET1 Finalizing ESMF
20220703 012642.237 INFO             PET2 !!!!!!!!!!!!!!!!!!!!!!!!!!!!!!!!!!!!!!!!!!!!!!!!!!!!!!
20220703 012642.237 INFO             PET2 !!! THE ESMF_LOG IS SET TO OUTPUT ALL LOG MESSAGES !!!
20220703 012642.237 INFO             PET2 !!!     THIS MAY CAUSE SLOWDOWN IN PERFORMANCE     !!!
20220703 012642.237 INFO             PET2 !!! FOR PRODUCTION RUNS, USE:                      !!!
20220703 012642.237 INFO             PET2 !!!                   ESMF_LOGKIND_Multi_On_Error  !!!
20220703 012642.237 INFO             PET2 !!!!!!!!!!!!!!!!!!!!!!!!!!!!!!!!!!!!!!!!!!!!!!!!!!!!!!
20220703 012642.237 INFO             PET2 Running with ESMF Version   : v8.4.0b02-7-g9328c9b05f
20220703 012642.237 INFO             PET2 ESMF library build date/time: "Jul  3 2022" "00:46:00"
20220703 012642.237 INFO             PET2 ESMF library build location : /lustre/f2/dev/ncep/Mark.Potts/intel_2019.5_mpi_O_develop
20220703 012642.237 INFO             PET2 ESMF_COMM                   : mpi
20220703 012642.237 INFO             PET2 ESMF_MOAB                   : enabled
20220703 012642.237 INFO             PET2 ESMF_LAPACK                 : enabled
20220703 012642.237 INFO             PET2 ESMF_NETCDF                 : enabled
20220703 012642.237 INFO             PET2 ESMF_PNETCDF                : disabled
20220703 012642.237 INFO             PET2 ESMF_PIO                    : enabled
20220703 012642.237 INFO             PET2 ESMF_YAMLCPP                : enabled
20220703 012642.239 INFO             PET2 ESMF_FieldRedistStoreNF(): Just entered routine.
20220703 012642.242 INFO             PET2 ESMF_FieldRedistStoreNF(): Leaving routine.
20220703 012642.244 INFO             PET2 ESMF_FieldRedistStoreNF(): Just entered routine.
20220703 012642.244 INFO             PET2 ESMF_FieldRedistStoreNF(): Leaving routine.
20220703 012642.245 INFO             PET2 ESMF_FieldRedistStoreNF(): Just entered routine.
20220703 012642.245 INFO             PET2 ESMF_FieldRedistStoreNF(): Leaving routine.
20220703 012642.245 INFO             PET2  NUMBER_OF_PROCESSORS           4
20220703 012642.245 INFO             PET2  PASS  Example ESMF_FieldRedistEx, ESMF_FieldRedistEx.F90, line 521
20220703 012642.245 INFO             PET2 Finalizing ESMF
20220703 012642.231 INFO             PET3 !!!!!!!!!!!!!!!!!!!!!!!!!!!!!!!!!!!!!!!!!!!!!!!!!!!!!!
20220703 012642.231 INFO             PET3 !!! THE ESMF_LOG IS SET TO OUTPUT ALL LOG MESSAGES !!!
20220703 012642.231 INFO             PET3 !!!     THIS MAY CAUSE SLOWDOWN IN PERFORMANCE     !!!
20220703 012642.231 INFO             PET3 !!! FOR PRODUCTION RUNS, USE:                      !!!
20220703 012642.231 INFO             PET3 !!!                   ESMF_LOGKIND_Multi_On_Error  !!!
20220703 012642.231 INFO             PET3 !!!!!!!!!!!!!!!!!!!!!!!!!!!!!!!!!!!!!!!!!!!!!!!!!!!!!!
20220703 012642.231 INFO             PET3 Running with ESMF Version   : v8.4.0b02-7-g9328c9b05f
20220703 012642.231 INFO             PET3 ESMF library build date/time: "Jul  3 2022" "00:46:00"
20220703 012642.231 INFO             PET3 ESMF library build location : /lustre/f2/dev/ncep/Mark.Potts/intel_2019.5_mpi_O_develop
20220703 012642.231 INFO             PET3 ESMF_COMM                   : mpi
20220703 012642.232 INFO             PET3 ESMF_MOAB                   : enabled
20220703 012642.232 INFO             PET3 ESMF_LAPACK                 : enabled
20220703 012642.232 INFO             PET3 ESMF_NETCDF                 : enabled
20220703 012642.232 INFO             PET3 ESMF_PNETCDF                : disabled
20220703 012642.232 INFO             PET3 ESMF_PIO                    : enabled
20220703 012642.232 INFO             PET3 ESMF_YAMLCPP                : enabled
20220703 012642.239 INFO             PET3 ESMF_FieldRedistStoreNF(): Just entered routine.
20220703 012642.242 INFO             PET3 ESMF_FieldRedistStoreNF(): Leaving routine.
20220703 012642.244 INFO             PET3 ESMF_FieldRedistStoreNF(): Just entered routine.
20220703 012642.244 INFO             PET3 ESMF_FieldRedistStoreNF(): Leaving routine.
20220703 012642.245 INFO             PET3 ESMF_FieldRedistStoreNF(): Just entered routine.
20220703 012642.245 INFO             PET3 ESMF_FieldRedistStoreNF(): Leaving routine.
20220703 012642.245 INFO             PET3  NUMBER_OF_PROCESSORS           4
20220703 012642.245 INFO             PET3  PASS  Example ESMF_FieldRedistEx, ESMF_FieldRedistEx.F90, line 521
20220703 012642.245 INFO             PET3 Finalizing ESMF
