build time -- 2022-07-18 03:13:49.386189

Inactive Modules:
  1) mpt/2.25

Due to MODULEPATH changes, the following have been reloaded:
  1) ncarcompilers/0.5.0

The following have been reloaded with a version change:
  1) intel/19.1.1 => intel/18.0.5     2) netcdf/4.8.1 => netcdf/4.6.3

+ export ESMF_NETCDF=nc-config
+ ESMF_NETCDF=nc-config
+ export ESMF_DIR=/glade/scratch/dunlap/esmf-testing/intel_18.0.5_openmpi_g_develop
+ ESMF_DIR=/glade/scratch/dunlap/esmf-testing/intel_18.0.5_openmpi_g_develop
+ export ESMF_COMPILER=intel
+ ESMF_COMPILER=intel
+ export ESMF_COMM=openmpi
+ ESMF_COMM=openmpi
+ export ESMF_BOPT=g
+ ESMF_BOPT=g
+ export ESMF_TESTEXHAUSTIVE=ON
+ ESMF_TESTEXHAUSTIVE=ON
+ export ESMF_TESTWITHTHREADS=ON
+ ESMF_TESTWITHTHREADS=ON
+ python3 setup.py test_examples_dryrun
running test_examples_dryrun
Retrieving http://data.earthsystemmodeling.org/download/data/aggregAtlanticESTOFS.nc...

Retrieving http://data.earthsystemmodeling.org/download/data/GRIDSPEC_ACCESS1.nc...

Retrieving http://data.earthsystemmodeling.org/download/data/ll1deg_grid.nc...

Retrieving http://data.earthsystemmodeling.org/download/data/ll2.5deg_grid.nc...

Retrieving http://data.earthsystemmodeling.org/download/data/mpas_uniform_10242_dual_counterclockwise.nc...

Retrieving http://data.earthsystemmodeling.org/download/data/so_Omon_GISS-E2.nc...

Retrieving http://data.earthsystemmodeling.org/download/data/T42_grid.nc...

error: [Errno 2] No such file or directory: 'nosetests': 'nosetests'
+ python3 setup.py test_regrid_from_file_dryrun
running test_regrid_from_file_dryrun
Retrieving http://data.earthsystemmodeling.org/download/data/ll2.5deg_grid.nc...

Retrieving http://data.earthsystemmodeling.org/download/data/T42_grid.nc...

Retrieving http://data.earthsystemmodeling.org/download/data/ll1deg_grid.nc...

Retrieving http://data.earthsystemmodeling.org/download/data/wr50a_090614.nc...

Retrieving http://data.earthsystemmodeling.org/download/data/mpas_uniform_10242.nc...

Retrieving http://data.earthsystemmodeling.org/download/data/mpas_uniform_10242_dual.nc...

Retrieving http://data.earthsystemmodeling.org/download/data/ne60np4_pentagons_100408.nc...

Retrieving http://data.earthsystemmodeling.org/download/data/GRIDSPEC_ACCESS1.nc...

Retrieving http://data.earthsystemmodeling.org/download/data/SCRIP_1x1.nc...

Retrieving http://data.earthsystemmodeling.org/download/data/FVCOM_grid2d.nc...

Retrieving http://data.earthsystemmodeling.org/download/data/ne4np4-esmf.nc...

RESULT: PASS - regrid_from_file_dryrun ok


