build time -- 2022-06-17 02:49:49.329633
Traceback (most recent call last):
  File "src/ESMF/test/regrid_from_file/regrid_check_driver.py", line 19, in <module>
    raise ImportError('The ESMF library cannot be found!')
ImportError: The ESMF library cannot be found!
Traceback (most recent call last):
  File "src/ESMF/test/regrid_from_file/regrid_check_driver.py", line 19, in <module>
    raise ImportError('The ESMF library cannot be found!')
ImportError: The ESMF library cannot be found!
--------------------------------------------------------------------------
Primary job  terminated normally, but 1 process returned
a non-zero exit code. Per user-direction, the job has been aborted.
--------------------------------------------------------------------------
Traceback (most recent call last):
  File "src/ESMF/test/regrid_from_file/regrid_check_driver.py", line 19, in <module>
    raise ImportError('The ESMF library cannot be found!')
ImportError: The ESMF library cannot be found!
Traceback (most recent call last):
  File "src/ESMF/test/regrid_from_file/regrid_check_driver.py", line 19, in <module>
    raise ImportError('The ESMF library cannot be found!')
ImportError: The ESMF library cannot be found!
--------------------------------------------------------------------------
mpiexec detected that one or more processes exited with non-zero status, thus causing
the job to be terminated. The first process to do so was:

  Process name: [[7853,1],3]
  Exit code:    1
--------------------------------------------------------------------------
