build time -- 2022-07-18 03:15:16.600607
20220718 042619.074 INFO             PET0 !!!!!!!!!!!!!!!!!!!!!!!!!!!!!!!!!!!!!!!!!!!!!!!!!!!!!!
20220718 042619.074 INFO             PET0 !!! THE ESMF_LOG IS SET TO OUTPUT ALL LOG MESSAGES !!!
20220718 042619.074 INFO             PET0 !!!     THIS MAY CAUSE SLOWDOWN IN PERFORMANCE     !!!
20220718 042619.074 INFO             PET0 !!! FOR PRODUCTION RUNS, USE:                      !!!
20220718 042619.074 INFO             PET0 !!!                   ESMF_LOGKIND_Multi_On_Error  !!!
20220718 042619.074 INFO             PET0 !!!!!!!!!!!!!!!!!!!!!!!!!!!!!!!!!!!!!!!!!!!!!!!!!!!!!!
20220718 042619.074 INFO             PET0 Running with ESMF Version   : v8.4.0b04-9-g4da4a8320a
20220718 042619.074 INFO             PET0 ESMF library build date/time: "Jul 18 2022" "03:08:01"
20220718 042619.074 INFO             PET0 ESMF library build location : /glade/scratch/dunlap/esmf-testing/intel_18.0.5_intelmpi_g_feature_named-alias
20220718 042619.074 INFO             PET0 ESMF_COMM                   : intelmpi
20220718 042619.074 INFO             PET0 ESMF_MOAB                   : enabled
20220718 042619.074 INFO             PET0 ESMF_LAPACK                 : enabled
20220718 042619.074 INFO             PET0 ESMF_NETCDF                 : enabled
20220718 042619.074 INFO             PET0 ESMF_PNETCDF                : disabled
20220718 042619.074 INFO             PET0 ESMF_PIO                    : enabled
20220718 042619.074 INFO             PET0 ESMF_YAMLCPP                : enabled
20220718 042619.234 DEBUG            PET0 about to destroy Grid: 0x156c340
20220718 042619.254 DEBUG            PET0 about to destroy Grid: 0x156e170
20220718 042619.311 INFO             PET0  NUMBER_OF_PROCESSORS           4
20220718 042619.311 INFO             PET0  PASS  Example ESMF_NUOPCAtmModelEx, ESMF_NUOPCAtmModelEx.F90, line 806
20220718 042619.311 INFO             PET0 Finalizing ESMF
20220718 042619.073 INFO             PET1 !!!!!!!!!!!!!!!!!!!!!!!!!!!!!!!!!!!!!!!!!!!!!!!!!!!!!!
20220718 042619.074 INFO             PET1 !!! THE ESMF_LOG IS SET TO OUTPUT ALL LOG MESSAGES !!!
20220718 042619.074 INFO             PET1 !!!     THIS MAY CAUSE SLOWDOWN IN PERFORMANCE     !!!
20220718 042619.074 INFO             PET1 !!! FOR PRODUCTION RUNS, USE:                      !!!
20220718 042619.074 INFO             PET1 !!!                   ESMF_LOGKIND_Multi_On_Error  !!!
20220718 042619.074 INFO             PET1 !!!!!!!!!!!!!!!!!!!!!!!!!!!!!!!!!!!!!!!!!!!!!!!!!!!!!!
20220718 042619.074 INFO             PET1 Running with ESMF Version   : v8.4.0b04-9-g4da4a8320a
20220718 042619.074 INFO             PET1 ESMF library build date/time: "Jul 18 2022" "03:08:01"
20220718 042619.074 INFO             PET1 ESMF library build location : /glade/scratch/dunlap/esmf-testing/intel_18.0.5_intelmpi_g_feature_named-alias
20220718 042619.074 INFO             PET1 ESMF_COMM                   : intelmpi
20220718 042619.074 INFO             PET1 ESMF_MOAB                   : enabled
20220718 042619.074 INFO             PET1 ESMF_LAPACK                 : enabled
20220718 042619.074 INFO             PET1 ESMF_NETCDF                 : enabled
20220718 042619.074 INFO             PET1 ESMF_PNETCDF                : disabled
20220718 042619.074 INFO             PET1 ESMF_PIO                    : enabled
20220718 042619.074 INFO             PET1 ESMF_YAMLCPP                : enabled
20220718 042619.234 DEBUG            PET1 about to destroy Grid: 0xceec60
20220718 042619.254 DEBUG            PET1 about to destroy Grid: 0xcefae0
20220718 042619.310 INFO             PET1  NUMBER_OF_PROCESSORS           4
20220718 042619.310 INFO             PET1  PASS  Example ESMF_NUOPCAtmModelEx, ESMF_NUOPCAtmModelEx.F90, line 806
20220718 042619.310 INFO             PET1 Finalizing ESMF
20220718 042619.074 INFO             PET2 !!!!!!!!!!!!!!!!!!!!!!!!!!!!!!!!!!!!!!!!!!!!!!!!!!!!!!
20220718 042619.074 INFO             PET2 !!! THE ESMF_LOG IS SET TO OUTPUT ALL LOG MESSAGES !!!
20220718 042619.074 INFO             PET2 !!!     THIS MAY CAUSE SLOWDOWN IN PERFORMANCE     !!!
20220718 042619.074 INFO             PET2 !!! FOR PRODUCTION RUNS, USE:                      !!!
20220718 042619.074 INFO             PET2 !!!                   ESMF_LOGKIND_Multi_On_Error  !!!
20220718 042619.074 INFO             PET2 !!!!!!!!!!!!!!!!!!!!!!!!!!!!!!!!!!!!!!!!!!!!!!!!!!!!!!
20220718 042619.074 INFO             PET2 Running with ESMF Version   : v8.4.0b04-9-g4da4a8320a
20220718 042619.074 INFO             PET2 ESMF library build date/time: "Jul 18 2022" "03:08:01"
20220718 042619.074 INFO             PET2 ESMF library build location : /glade/scratch/dunlap/esmf-testing/intel_18.0.5_intelmpi_g_feature_named-alias
20220718 042619.074 INFO             PET2 ESMF_COMM                   : intelmpi
20220718 042619.074 INFO             PET2 ESMF_MOAB                   : enabled
20220718 042619.074 INFO             PET2 ESMF_LAPACK                 : enabled
20220718 042619.074 INFO             PET2 ESMF_NETCDF                 : enabled
20220718 042619.074 INFO             PET2 ESMF_PNETCDF                : disabled
20220718 042619.074 INFO             PET2 ESMF_PIO                    : enabled
20220718 042619.074 INFO             PET2 ESMF_YAMLCPP                : enabled
20220718 042619.234 DEBUG            PET2 about to destroy Grid: 0x1b35c60
20220718 042619.254 DEBUG            PET2 about to destroy Grid: 0x1b36ae0
20220718 042619.310 INFO             PET2  NUMBER_OF_PROCESSORS           4
20220718 042619.310 INFO             PET2  PASS  Example ESMF_NUOPCAtmModelEx, ESMF_NUOPCAtmModelEx.F90, line 806
20220718 042619.310 INFO             PET2 Finalizing ESMF
20220718 042619.074 INFO             PET3 !!!!!!!!!!!!!!!!!!!!!!!!!!!!!!!!!!!!!!!!!!!!!!!!!!!!!!
20220718 042619.074 INFO             PET3 !!! THE ESMF_LOG IS SET TO OUTPUT ALL LOG MESSAGES !!!
20220718 042619.074 INFO             PET3 !!!     THIS MAY CAUSE SLOWDOWN IN PERFORMANCE     !!!
20220718 042619.074 INFO             PET3 !!! FOR PRODUCTION RUNS, USE:                      !!!
20220718 042619.074 INFO             PET3 !!!                   ESMF_LOGKIND_Multi_On_Error  !!!
20220718 042619.074 INFO             PET3 !!!!!!!!!!!!!!!!!!!!!!!!!!!!!!!!!!!!!!!!!!!!!!!!!!!!!!
20220718 042619.074 INFO             PET3 Running with ESMF Version   : v8.4.0b04-9-g4da4a8320a
20220718 042619.074 INFO             PET3 ESMF library build date/time: "Jul 18 2022" "03:08:01"
20220718 042619.074 INFO             PET3 ESMF library build location : /glade/scratch/dunlap/esmf-testing/intel_18.0.5_intelmpi_g_feature_named-alias
20220718 042619.074 INFO             PET3 ESMF_COMM                   : intelmpi
20220718 042619.074 INFO             PET3 ESMF_MOAB                   : enabled
20220718 042619.074 INFO             PET3 ESMF_LAPACK                 : enabled
20220718 042619.074 INFO             PET3 ESMF_NETCDF                 : enabled
20220718 042619.074 INFO             PET3 ESMF_PNETCDF                : disabled
20220718 042619.074 INFO             PET3 ESMF_PIO                    : enabled
20220718 042619.074 INFO             PET3 ESMF_YAMLCPP                : enabled
20220718 042619.234 DEBUG            PET3 about to destroy Grid: 0xbdcc60
20220718 042619.254 DEBUG            PET3 about to destroy Grid: 0xbddae0
20220718 042619.310 INFO             PET3  NUMBER_OF_PROCESSORS           4
20220718 042619.310 INFO             PET3  PASS  Example ESMF_NUOPCAtmModelEx, ESMF_NUOPCAtmModelEx.F90, line 806
20220718 042619.310 INFO             PET3 Finalizing ESMF
