build time -- 2022-07-21 02:22:59
20220721 031848.342 INFO             PET0 !!!!!!!!!!!!!!!!!!!!!!!!!!!!!!!!!!!!!!!!!!!!!!!!!!!!!!
20220721 031848.342 INFO             PET0 !!! THE ESMF_LOG IS SET TO OUTPUT ALL LOG MESSAGES !!!
20220721 031848.342 INFO             PET0 !!!     THIS MAY CAUSE SLOWDOWN IN PERFORMANCE     !!!
20220721 031848.342 INFO             PET0 !!! FOR PRODUCTION RUNS, USE:                      !!!
20220721 031848.342 INFO             PET0 !!!                   ESMF_LOGKIND_Multi_On_Error  !!!
20220721 031848.342 INFO             PET0 !!!!!!!!!!!!!!!!!!!!!!!!!!!!!!!!!!!!!!!!!!!!!!!!!!!!!!
20220721 031848.342 INFO             PET0 Running with ESMF Version   : v8.4.0b06-6-g1266599ea8
20220721 031848.342 INFO             PET0 ESMF library build date/time: "Jul 21 2022" "02:21:10"
20220721 031848.342 INFO             PET0 ESMF library build location : /lustre/f2/dev/ncep/Mark.Potts/intel_2019.5_mpi_g_develop
20220721 031848.342 INFO             PET0 ESMF_COMM                   : mpi
20220721 031848.343 INFO             PET0 ESMF_MOAB                   : enabled
20220721 031848.343 INFO             PET0 ESMF_LAPACK                 : enabled
20220721 031848.343 INFO             PET0 ESMF_NETCDF                 : enabled
20220721 031848.343 INFO             PET0 ESMF_PNETCDF                : disabled
20220721 031848.343 INFO             PET0 ESMF_PIO                    : enabled
20220721 031848.343 INFO             PET0 ESMF_YAMLCPP                : enabled
20220721 031848.349 INFO             PET0  NUMBER_OF_PROCESSORS           4
20220721 031848.349 INFO             PET0  PASS  Example ESMF_VMUserMpiCommMultiEx, ESMF_VMUserMpiCommMultiEx.F90, line 126
20220721 031848.349 INFO             PET0 Finalizing ESMF
20220721 031848.354 INFO             PET0 !!!!!!!!!!!!!!!!!!!!!!!!!!!!!!!!!!!!!!!!!!!!!!!!!!!!!!
20220721 031848.354 INFO             PET0 !!! THE ESMF_LOG IS SET TO OUTPUT ALL LOG MESSAGES !!!
20220721 031848.354 INFO             PET0 !!!     THIS MAY CAUSE SLOWDOWN IN PERFORMANCE     !!!
20220721 031848.354 INFO             PET0 !!! FOR PRODUCTION RUNS, USE:                      !!!
20220721 031848.354 INFO             PET0 !!!                   ESMF_LOGKIND_Multi_On_Error  !!!
20220721 031848.354 INFO             PET0 !!!!!!!!!!!!!!!!!!!!!!!!!!!!!!!!!!!!!!!!!!!!!!!!!!!!!!
20220721 031848.354 INFO             PET0 Running with ESMF Version   : v8.4.0b06-6-g1266599ea8
20220721 031848.354 INFO             PET0 ESMF library build date/time: "Jul 21 2022" "02:21:10"
20220721 031848.354 INFO             PET0 ESMF library build location : /lustre/f2/dev/ncep/Mark.Potts/intel_2019.5_mpi_g_develop
20220721 031848.354 INFO             PET0 ESMF_COMM                   : mpi
20220721 031848.355 INFO             PET0 ESMF_MOAB                   : enabled
20220721 031848.355 INFO             PET0 ESMF_LAPACK                 : enabled
20220721 031848.355 INFO             PET0 ESMF_NETCDF                 : enabled
20220721 031848.355 INFO             PET0 ESMF_PNETCDF                : disabled
20220721 031848.355 INFO             PET0 ESMF_PIO                    : enabled
20220721 031848.355 INFO             PET0 ESMF_YAMLCPP                : enabled
20220721 031848.355 INFO             PET0  NUMBER_OF_PROCESSORS           4
20220721 031848.355 INFO             PET0  PASS  Example ESMF_VMUserMpiCommMultiEx, ESMF_VMUserMpiCommMultiEx.F90, line 154
20220721 031848.355 INFO             PET0 Finalizing ESMF
20220721 031848.348 INFO             PET1 !!!!!!!!!!!!!!!!!!!!!!!!!!!!!!!!!!!!!!!!!!!!!!!!!!!!!!
20220721 031848.348 INFO             PET1 !!! THE ESMF_LOG IS SET TO OUTPUT ALL LOG MESSAGES !!!
20220721 031848.348 INFO             PET1 !!!     THIS MAY CAUSE SLOWDOWN IN PERFORMANCE     !!!
20220721 031848.348 INFO             PET1 !!! FOR PRODUCTION RUNS, USE:                      !!!
20220721 031848.348 INFO             PET1 !!!                   ESMF_LOGKIND_Multi_On_Error  !!!
20220721 031848.348 INFO             PET1 !!!!!!!!!!!!!!!!!!!!!!!!!!!!!!!!!!!!!!!!!!!!!!!!!!!!!!
20220721 031848.348 INFO             PET1 Running with ESMF Version   : v8.4.0b06-6-g1266599ea8
20220721 031848.348 INFO             PET1 ESMF library build date/time: "Jul 21 2022" "02:21:10"
20220721 031848.348 INFO             PET1 ESMF library build location : /lustre/f2/dev/ncep/Mark.Potts/intel_2019.5_mpi_g_develop
20220721 031848.348 INFO             PET1 ESMF_COMM                   : mpi
20220721 031848.349 INFO             PET1 ESMF_MOAB                   : enabled
20220721 031848.349 INFO             PET1 ESMF_LAPACK                 : enabled
20220721 031848.349 INFO             PET1 ESMF_NETCDF                 : enabled
20220721 031848.349 INFO             PET1 ESMF_PNETCDF                : disabled
20220721 031848.349 INFO             PET1 ESMF_PIO                    : enabled
20220721 031848.349 INFO             PET1 ESMF_YAMLCPP                : enabled
20220721 031848.349 INFO             PET1  NUMBER_OF_PROCESSORS           4
20220721 031848.349 INFO             PET1  PASS  Example ESMF_VMUserMpiCommMultiEx, ESMF_VMUserMpiCommMultiEx.F90, line 126
20220721 031848.349 INFO             PET1 Finalizing ESMF
20220721 031848.341 INFO             PET1 !!!!!!!!!!!!!!!!!!!!!!!!!!!!!!!!!!!!!!!!!!!!!!!!!!!!!!
20220721 031848.341 INFO             PET1 !!! THE ESMF_LOG IS SET TO OUTPUT ALL LOG MESSAGES !!!
20220721 031848.341 INFO             PET1 !!!     THIS MAY CAUSE SLOWDOWN IN PERFORMANCE     !!!
20220721 031848.341 INFO             PET1 !!! FOR PRODUCTION RUNS, USE:                      !!!
20220721 031848.341 INFO             PET1 !!!                   ESMF_LOGKIND_Multi_On_Error  !!!
20220721 031848.341 INFO             PET1 !!!!!!!!!!!!!!!!!!!!!!!!!!!!!!!!!!!!!!!!!!!!!!!!!!!!!!
20220721 031848.341 INFO             PET1 Running with ESMF Version   : v8.4.0b06-6-g1266599ea8
20220721 031848.342 INFO             PET1 ESMF library build date/time: "Jul 21 2022" "02:21:10"
20220721 031848.342 INFO             PET1 ESMF library build location : /lustre/f2/dev/ncep/Mark.Potts/intel_2019.5_mpi_g_develop
20220721 031848.342 INFO             PET1 ESMF_COMM                   : mpi
20220721 031848.343 INFO             PET1 ESMF_MOAB                   : enabled
20220721 031848.343 INFO             PET1 ESMF_LAPACK                 : enabled
20220721 031848.343 INFO             PET1 ESMF_NETCDF                 : enabled
20220721 031848.343 INFO             PET1 ESMF_PNETCDF                : disabled
20220721 031848.343 INFO             PET1 ESMF_PIO                    : enabled
20220721 031848.343 INFO             PET1 ESMF_YAMLCPP                : enabled
20220721 031848.355 INFO             PET1  NUMBER_OF_PROCESSORS           4
20220721 031848.355 INFO             PET1  PASS  Example ESMF_VMUserMpiCommMultiEx, ESMF_VMUserMpiCommMultiEx.F90, line 154
20220721 031848.355 INFO             PET1 Finalizing ESMF
