build time -- 2022-07-20 00:44:33
20220720 011805.333 INFO             PET0 !!!!!!!!!!!!!!!!!!!!!!!!!!!!!!!!!!!!!!!!!!!!!!!!!!!!!!
20220720 011805.333 INFO             PET0 !!! THE ESMF_LOG IS SET TO OUTPUT ALL LOG MESSAGES !!!
20220720 011805.333 INFO             PET0 !!!     THIS MAY CAUSE SLOWDOWN IN PERFORMANCE     !!!
20220720 011805.333 INFO             PET0 !!! FOR PRODUCTION RUNS, USE:                      !!!
20220720 011805.333 INFO             PET0 !!!                   ESMF_LOGKIND_Multi_On_Error  !!!
20220720 011805.333 INFO             PET0 !!!!!!!!!!!!!!!!!!!!!!!!!!!!!!!!!!!!!!!!!!!!!!!!!!!!!!
20220720 011805.333 INFO             PET0 Running with ESMF Version   : v8.4.0b06-4-gd14c4971e8
20220720 011805.333 INFO             PET0 ESMF library build date/time: "Jul 20 2022" "00:42:44"
20220720 011805.333 INFO             PET0 ESMF library build location : /lustre/f2/dev/ncep/Mark.Potts/intel_2019.5_mpi_g_develop
20220720 011805.334 INFO             PET0 ESMF_COMM                   : mpi
20220720 011805.335 INFO             PET0 ESMF_MOAB                   : enabled
20220720 011805.335 INFO             PET0 ESMF_LAPACK                 : enabled
20220720 011805.335 INFO             PET0 ESMF_NETCDF                 : enabled
20220720 011805.335 INFO             PET0 ESMF_PNETCDF                : disabled
20220720 011805.335 INFO             PET0 ESMF_PIO                    : enabled
20220720 011805.335 INFO             PET0 ESMF_YAMLCPP                : enabled
20220720 011805.348 INFO             PET0 ESMF_FieldRedistStoreNF(): Just entered routine.
20220720 011805.392 INFO             PET0 ESMF_FieldRedistStoreNF(): Leaving routine.
20220720 011805.397 INFO             PET0  NUMBER_OF_PROCESSORS           4
20220720 011805.397 INFO             PET0  PASS  Example ESMF_RHandleFromRHandleEx, ESMF_RHandleFromRHandleEx.F90, line 660
20220720 011805.397 INFO             PET0 Finalizing ESMF
20220720 011805.328 INFO             PET1 !!!!!!!!!!!!!!!!!!!!!!!!!!!!!!!!!!!!!!!!!!!!!!!!!!!!!!
20220720 011805.328 INFO             PET1 !!! THE ESMF_LOG IS SET TO OUTPUT ALL LOG MESSAGES !!!
20220720 011805.328 INFO             PET1 !!!     THIS MAY CAUSE SLOWDOWN IN PERFORMANCE     !!!
20220720 011805.328 INFO             PET1 !!! FOR PRODUCTION RUNS, USE:                      !!!
20220720 011805.328 INFO             PET1 !!!                   ESMF_LOGKIND_Multi_On_Error  !!!
20220720 011805.328 INFO             PET1 !!!!!!!!!!!!!!!!!!!!!!!!!!!!!!!!!!!!!!!!!!!!!!!!!!!!!!
20220720 011805.328 INFO             PET1 Running with ESMF Version   : v8.4.0b06-4-gd14c4971e8
20220720 011805.328 INFO             PET1 ESMF library build date/time: "Jul 20 2022" "00:42:44"
20220720 011805.328 INFO             PET1 ESMF library build location : /lustre/f2/dev/ncep/Mark.Potts/intel_2019.5_mpi_g_develop
20220720 011805.328 INFO             PET1 ESMF_COMM                   : mpi
20220720 011805.329 INFO             PET1 ESMF_MOAB                   : enabled
20220720 011805.329 INFO             PET1 ESMF_LAPACK                 : enabled
20220720 011805.329 INFO             PET1 ESMF_NETCDF                 : enabled
20220720 011805.329 INFO             PET1 ESMF_PNETCDF                : disabled
20220720 011805.329 INFO             PET1 ESMF_PIO                    : enabled
20220720 011805.329 INFO             PET1 ESMF_YAMLCPP                : enabled
20220720 011805.348 INFO             PET1 ESMF_FieldRedistStoreNF(): Just entered routine.
20220720 011805.392 INFO             PET1 ESMF_FieldRedistStoreNF(): Leaving routine.
20220720 011805.397 INFO             PET1  NUMBER_OF_PROCESSORS           4
20220720 011805.397 INFO             PET1  PASS  Example ESMF_RHandleFromRHandleEx, ESMF_RHandleFromRHandleEx.F90, line 660
20220720 011805.397 INFO             PET1 Finalizing ESMF
20220720 011805.328 INFO             PET2 !!!!!!!!!!!!!!!!!!!!!!!!!!!!!!!!!!!!!!!!!!!!!!!!!!!!!!
20220720 011805.328 INFO             PET2 !!! THE ESMF_LOG IS SET TO OUTPUT ALL LOG MESSAGES !!!
20220720 011805.328 INFO             PET2 !!!     THIS MAY CAUSE SLOWDOWN IN PERFORMANCE     !!!
20220720 011805.328 INFO             PET2 !!! FOR PRODUCTION RUNS, USE:                      !!!
20220720 011805.328 INFO             PET2 !!!                   ESMF_LOGKIND_Multi_On_Error  !!!
20220720 011805.328 INFO             PET2 !!!!!!!!!!!!!!!!!!!!!!!!!!!!!!!!!!!!!!!!!!!!!!!!!!!!!!
20220720 011805.328 INFO             PET2 Running with ESMF Version   : v8.4.0b06-4-gd14c4971e8
20220720 011805.328 INFO             PET2 ESMF library build date/time: "Jul 20 2022" "00:42:44"
20220720 011805.328 INFO             PET2 ESMF library build location : /lustre/f2/dev/ncep/Mark.Potts/intel_2019.5_mpi_g_develop
20220720 011805.328 INFO             PET2 ESMF_COMM                   : mpi
20220720 011805.330 INFO             PET2 ESMF_MOAB                   : enabled
20220720 011805.330 INFO             PET2 ESMF_LAPACK                 : enabled
20220720 011805.330 INFO             PET2 ESMF_NETCDF                 : enabled
20220720 011805.330 INFO             PET2 ESMF_PNETCDF                : disabled
20220720 011805.330 INFO             PET2 ESMF_PIO                    : enabled
20220720 011805.330 INFO             PET2 ESMF_YAMLCPP                : enabled
20220720 011805.348 INFO             PET2 ESMF_FieldRedistStoreNF(): Just entered routine.
20220720 011805.392 INFO             PET2 ESMF_FieldRedistStoreNF(): Leaving routine.
20220720 011805.395 INFO             PET2  NUMBER_OF_PROCESSORS           4
20220720 011805.395 INFO             PET2  PASS  Example ESMF_RHandleFromRHandleEx, ESMF_RHandleFromRHandleEx.F90, line 660
20220720 011805.396 INFO             PET2 Finalizing ESMF
20220720 011805.328 INFO             PET3 !!!!!!!!!!!!!!!!!!!!!!!!!!!!!!!!!!!!!!!!!!!!!!!!!!!!!!
20220720 011805.328 INFO             PET3 !!! THE ESMF_LOG IS SET TO OUTPUT ALL LOG MESSAGES !!!
20220720 011805.328 INFO             PET3 !!!     THIS MAY CAUSE SLOWDOWN IN PERFORMANCE     !!!
20220720 011805.328 INFO             PET3 !!! FOR PRODUCTION RUNS, USE:                      !!!
20220720 011805.328 INFO             PET3 !!!                   ESMF_LOGKIND_Multi_On_Error  !!!
20220720 011805.328 INFO             PET3 !!!!!!!!!!!!!!!!!!!!!!!!!!!!!!!!!!!!!!!!!!!!!!!!!!!!!!
20220720 011805.328 INFO             PET3 Running with ESMF Version   : v8.4.0b06-4-gd14c4971e8
20220720 011805.328 INFO             PET3 ESMF library build date/time: "Jul 20 2022" "00:42:44"
20220720 011805.328 INFO             PET3 ESMF library build location : /lustre/f2/dev/ncep/Mark.Potts/intel_2019.5_mpi_g_develop
20220720 011805.328 INFO             PET3 ESMF_COMM                   : mpi
20220720 011805.329 INFO             PET3 ESMF_MOAB                   : enabled
20220720 011805.329 INFO             PET3 ESMF_LAPACK                 : enabled
20220720 011805.329 INFO             PET3 ESMF_NETCDF                 : enabled
20220720 011805.329 INFO             PET3 ESMF_PNETCDF                : disabled
20220720 011805.329 INFO             PET3 ESMF_PIO                    : enabled
20220720 011805.329 INFO             PET3 ESMF_YAMLCPP                : enabled
20220720 011805.348 INFO             PET3 ESMF_FieldRedistStoreNF(): Just entered routine.
20220720 011805.392 INFO             PET3 ESMF_FieldRedistStoreNF(): Leaving routine.
20220720 011805.397 INFO             PET3  NUMBER_OF_PROCESSORS           4
20220720 011805.397 INFO             PET3  PASS  Example ESMF_RHandleFromRHandleEx, ESMF_RHandleFromRHandleEx.F90, line 660
20220720 011805.397 INFO             PET3 Finalizing ESMF
