build time -- 2022-06-09 00:46:23
20220609 013029.370 INFO             PET0 !!!!!!!!!!!!!!!!!!!!!!!!!!!!!!!!!!!!!!!!!!!!!!!!!!!!!!
20220609 013029.370 INFO             PET0 !!! THE ESMF_LOG IS SET TO OUTPUT ALL LOG MESSAGES !!!
20220609 013029.370 INFO             PET0 !!!     THIS MAY CAUSE SLOWDOWN IN PERFORMANCE     !!!
20220609 013029.370 INFO             PET0 !!! FOR PRODUCTION RUNS, USE:                      !!!
20220609 013029.370 INFO             PET0 !!!                   ESMF_LOGKIND_Multi_On_Error  !!!
20220609 013029.370 INFO             PET0 !!!!!!!!!!!!!!!!!!!!!!!!!!!!!!!!!!!!!!!!!!!!!!!!!!!!!!
20220609 013029.370 INFO             PET0 Running with ESMF Version   : v8.4.0b01-2-gf0d4ab211d
20220609 013029.370 INFO             PET0 ESMF library build date/time: "Jun  9 2022" "00:44:17"
20220609 013029.370 INFO             PET0 ESMF library build location : /lustre/f2/dev/ncep/Mark.Potts/intel_2019.5_mpi_g_develop
20220609 013029.370 INFO             PET0 ESMF_COMM                   : mpi
20220609 013029.371 INFO             PET0 ESMF_MOAB                   : enabled
20220609 013029.371 INFO             PET0 ESMF_LAPACK                 : enabled
20220609 013029.371 INFO             PET0 ESMF_NETCDF                 : enabled
20220609 013029.371 INFO             PET0 ESMF_PNETCDF                : disabled
20220609 013029.371 INFO             PET0 ESMF_PIO                    : enabled
20220609 013029.371 INFO             PET0 ESMF_YAMLCPP                : enabled
20220609 013029.441 DEBUG            PET0 about to destroy Grid: 0x932c50
20220609 013029.446 DEBUG            PET0 about to destroy Grid: 0x936070
20220609 013029.462 INFO             PET0  NUMBER_OF_PROCESSORS           4
20220609 013029.462 INFO             PET0  PASS  Example ESMF_NUOPCAtmModelEx, ESMF_NUOPCAtmModelEx.F90, line 806
20220609 013029.462 INFO             PET0 Finalizing ESMF
20220609 013029.387 INFO             PET1 !!!!!!!!!!!!!!!!!!!!!!!!!!!!!!!!!!!!!!!!!!!!!!!!!!!!!!
20220609 013029.387 INFO             PET1 !!! THE ESMF_LOG IS SET TO OUTPUT ALL LOG MESSAGES !!!
20220609 013029.387 INFO             PET1 !!!     THIS MAY CAUSE SLOWDOWN IN PERFORMANCE     !!!
20220609 013029.387 INFO             PET1 !!! FOR PRODUCTION RUNS, USE:                      !!!
20220609 013029.387 INFO             PET1 !!!                   ESMF_LOGKIND_Multi_On_Error  !!!
20220609 013029.387 INFO             PET1 !!!!!!!!!!!!!!!!!!!!!!!!!!!!!!!!!!!!!!!!!!!!!!!!!!!!!!
20220609 013029.387 INFO             PET1 Running with ESMF Version   : v8.4.0b01-2-gf0d4ab211d
20220609 013029.387 INFO             PET1 ESMF library build date/time: "Jun  9 2022" "00:44:17"
20220609 013029.387 INFO             PET1 ESMF library build location : /lustre/f2/dev/ncep/Mark.Potts/intel_2019.5_mpi_g_develop
20220609 013029.387 INFO             PET1 ESMF_COMM                   : mpi
20220609 013029.388 INFO             PET1 ESMF_MOAB                   : enabled
20220609 013029.388 INFO             PET1 ESMF_LAPACK                 : enabled
20220609 013029.388 INFO             PET1 ESMF_NETCDF                 : enabled
20220609 013029.388 INFO             PET1 ESMF_PNETCDF                : disabled
20220609 013029.388 INFO             PET1 ESMF_PIO                    : enabled
20220609 013029.388 INFO             PET1 ESMF_YAMLCPP                : enabled
20220609 013029.441 DEBUG            PET1 about to destroy Grid: 0x932190
20220609 013029.446 DEBUG            PET1 about to destroy Grid: 0x933770
20220609 013029.463 INFO             PET1  NUMBER_OF_PROCESSORS           4
20220609 013029.463 INFO             PET1  PASS  Example ESMF_NUOPCAtmModelEx, ESMF_NUOPCAtmModelEx.F90, line 806
20220609 013029.463 INFO             PET1 Finalizing ESMF
20220609 013029.370 INFO             PET2 !!!!!!!!!!!!!!!!!!!!!!!!!!!!!!!!!!!!!!!!!!!!!!!!!!!!!!
20220609 013029.370 INFO             PET2 !!! THE ESMF_LOG IS SET TO OUTPUT ALL LOG MESSAGES !!!
20220609 013029.370 INFO             PET2 !!!     THIS MAY CAUSE SLOWDOWN IN PERFORMANCE     !!!
20220609 013029.370 INFO             PET2 !!! FOR PRODUCTION RUNS, USE:                      !!!
20220609 013029.370 INFO             PET2 !!!                   ESMF_LOGKIND_Multi_On_Error  !!!
20220609 013029.370 INFO             PET2 !!!!!!!!!!!!!!!!!!!!!!!!!!!!!!!!!!!!!!!!!!!!!!!!!!!!!!
20220609 013029.370 INFO             PET2 Running with ESMF Version   : v8.4.0b01-2-gf0d4ab211d
20220609 013029.370 INFO             PET2 ESMF library build date/time: "Jun  9 2022" "00:44:17"
20220609 013029.370 INFO             PET2 ESMF library build location : /lustre/f2/dev/ncep/Mark.Potts/intel_2019.5_mpi_g_develop
20220609 013029.370 INFO             PET2 ESMF_COMM                   : mpi
20220609 013029.371 INFO             PET2 ESMF_MOAB                   : enabled
20220609 013029.371 INFO             PET2 ESMF_LAPACK                 : enabled
20220609 013029.371 INFO             PET2 ESMF_NETCDF                 : enabled
20220609 013029.371 INFO             PET2 ESMF_PNETCDF                : disabled
20220609 013029.371 INFO             PET2 ESMF_PIO                    : enabled
20220609 013029.371 INFO             PET2 ESMF_YAMLCPP                : enabled
20220609 013029.441 DEBUG            PET2 about to destroy Grid: 0x931fb0
20220609 013029.446 DEBUG            PET2 about to destroy Grid: 0x933590
20220609 013029.462 INFO             PET2  NUMBER_OF_PROCESSORS           4
20220609 013029.462 INFO             PET2  PASS  Example ESMF_NUOPCAtmModelEx, ESMF_NUOPCAtmModelEx.F90, line 806
20220609 013029.462 INFO             PET2 Finalizing ESMF
20220609 013029.377 INFO             PET3 !!!!!!!!!!!!!!!!!!!!!!!!!!!!!!!!!!!!!!!!!!!!!!!!!!!!!!
20220609 013029.377 INFO             PET3 !!! THE ESMF_LOG IS SET TO OUTPUT ALL LOG MESSAGES !!!
20220609 013029.377 INFO             PET3 !!!     THIS MAY CAUSE SLOWDOWN IN PERFORMANCE     !!!
20220609 013029.377 INFO             PET3 !!! FOR PRODUCTION RUNS, USE:                      !!!
20220609 013029.377 INFO             PET3 !!!                   ESMF_LOGKIND_Multi_On_Error  !!!
20220609 013029.377 INFO             PET3 !!!!!!!!!!!!!!!!!!!!!!!!!!!!!!!!!!!!!!!!!!!!!!!!!!!!!!
20220609 013029.377 INFO             PET3 Running with ESMF Version   : v8.4.0b01-2-gf0d4ab211d
20220609 013029.377 INFO             PET3 ESMF library build date/time: "Jun  9 2022" "00:44:17"
20220609 013029.377 INFO             PET3 ESMF library build location : /lustre/f2/dev/ncep/Mark.Potts/intel_2019.5_mpi_g_develop
20220609 013029.377 INFO             PET3 ESMF_COMM                   : mpi
20220609 013029.378 INFO             PET3 ESMF_MOAB                   : enabled
20220609 013029.378 INFO             PET3 ESMF_LAPACK                 : enabled
20220609 013029.378 INFO             PET3 ESMF_NETCDF                 : enabled
20220609 013029.378 INFO             PET3 ESMF_PNETCDF                : disabled
20220609 013029.378 INFO             PET3 ESMF_PIO                    : enabled
20220609 013029.378 INFO             PET3 ESMF_YAMLCPP                : enabled
20220609 013029.441 DEBUG            PET3 about to destroy Grid: 0x932190
20220609 013029.446 DEBUG            PET3 about to destroy Grid: 0x933770
20220609 013029.462 INFO             PET3  NUMBER_OF_PROCESSORS           4
20220609 013029.462 INFO             PET3  PASS  Example ESMF_NUOPCAtmModelEx, ESMF_NUOPCAtmModelEx.F90, line 806
20220609 013029.462 INFO             PET3 Finalizing ESMF
