build time -- 2022-06-26 01:32:43
20220626 020916.796 INFO             PET0 !!!!!!!!!!!!!!!!!!!!!!!!!!!!!!!!!!!!!!!!!!!!!!!!!!!!!!
20220626 020916.796 INFO             PET0 !!! THE ESMF_LOG IS SET TO OUTPUT ALL LOG MESSAGES !!!
20220626 020916.796 INFO             PET0 !!!     THIS MAY CAUSE SLOWDOWN IN PERFORMANCE     !!!
20220626 020916.796 INFO             PET0 !!! FOR PRODUCTION RUNS, USE:                      !!!
20220626 020916.796 INFO             PET0 !!!                   ESMF_LOGKIND_Multi_On_Error  !!!
20220626 020916.796 INFO             PET0 !!!!!!!!!!!!!!!!!!!!!!!!!!!!!!!!!!!!!!!!!!!!!!!!!!!!!!
20220626 020916.796 INFO             PET0 Running with ESMF Version   : v8.4.0b01-2-gf0d4ab211d
20220626 020916.796 INFO             PET0 ESMF library build date/time: "Jun 26 2022" "01:30:39"
20220626 020916.796 INFO             PET0 ESMF library build location : /lustre/f2/dev/ncep/Mark.Potts/intel_2019.5_mpi_g_develop
20220626 020916.796 INFO             PET0 ESMF_COMM                   : mpi
20220626 020916.797 INFO             PET0 ESMF_MOAB                   : enabled
20220626 020916.797 INFO             PET0 ESMF_LAPACK                 : enabled
20220626 020916.797 INFO             PET0 ESMF_NETCDF                 : enabled
20220626 020916.797 INFO             PET0 ESMF_PNETCDF                : disabled
20220626 020916.797 INFO             PET0 ESMF_PIO                    : enabled
20220626 020916.797 INFO             PET0 ESMF_YAMLCPP                : enabled
20220626 020916.798 INFO             PET0  NUMBER_OF_PROCESSORS           2
20220626 020916.799 INFO             PET0  PASS  Example ESMF_VMUserMpiCommEx, ESMF_VMUserMpiCommEx.F90, line 113
20220626 020916.799 INFO             PET0 Finalizing ESMF
20220626 020916.782 INFO             PET1 !!!!!!!!!!!!!!!!!!!!!!!!!!!!!!!!!!!!!!!!!!!!!!!!!!!!!!
20220626 020916.783 INFO             PET1 !!! THE ESMF_LOG IS SET TO OUTPUT ALL LOG MESSAGES !!!
20220626 020916.783 INFO             PET1 !!!     THIS MAY CAUSE SLOWDOWN IN PERFORMANCE     !!!
20220626 020916.783 INFO             PET1 !!! FOR PRODUCTION RUNS, USE:                      !!!
20220626 020916.783 INFO             PET1 !!!                   ESMF_LOGKIND_Multi_On_Error  !!!
20220626 020916.783 INFO             PET1 !!!!!!!!!!!!!!!!!!!!!!!!!!!!!!!!!!!!!!!!!!!!!!!!!!!!!!
20220626 020916.783 INFO             PET1 Running with ESMF Version   : v8.4.0b01-2-gf0d4ab211d
20220626 020916.784 INFO             PET1 ESMF library build date/time: "Jun 26 2022" "01:30:39"
20220626 020916.784 INFO             PET1 ESMF library build location : /lustre/f2/dev/ncep/Mark.Potts/intel_2019.5_mpi_g_develop
20220626 020916.784 INFO             PET1 ESMF_COMM                   : mpi
20220626 020916.786 INFO             PET1 ESMF_MOAB                   : enabled
20220626 020916.786 INFO             PET1 ESMF_LAPACK                 : enabled
20220626 020916.786 INFO             PET1 ESMF_NETCDF                 : enabled
20220626 020916.786 INFO             PET1 ESMF_PNETCDF                : disabled
20220626 020916.786 INFO             PET1 ESMF_PIO                    : enabled
20220626 020916.786 INFO             PET1 ESMF_YAMLCPP                : enabled
20220626 020916.798 INFO             PET1  NUMBER_OF_PROCESSORS           2
20220626 020916.799 INFO             PET1  PASS  Example ESMF_VMUserMpiCommEx, ESMF_VMUserMpiCommEx.F90, line 113
20220626 020916.799 INFO             PET1 Finalizing ESMF
