build time -- 2022-06-30 00:53:50
20220630 013709.491 INFO             PET0 !!!!!!!!!!!!!!!!!!!!!!!!!!!!!!!!!!!!!!!!!!!!!!!!!!!!!!
20220630 013709.491 INFO             PET0 !!! THE ESMF_LOG IS SET TO OUTPUT ALL LOG MESSAGES !!!
20220630 013709.491 INFO             PET0 !!!     THIS MAY CAUSE SLOWDOWN IN PERFORMANCE     !!!
20220630 013709.491 INFO             PET0 !!! FOR PRODUCTION RUNS, USE:                      !!!
20220630 013709.491 INFO             PET0 !!!                   ESMF_LOGKIND_Multi_On_Error  !!!
20220630 013709.491 INFO             PET0 !!!!!!!!!!!!!!!!!!!!!!!!!!!!!!!!!!!!!!!!!!!!!!!!!!!!!!
20220630 013709.491 INFO             PET0 Running with ESMF Version   : v8.4.0b01-4-g992fafaac4
20220630 013709.491 INFO             PET0 ESMF library build date/time: "Jun 30 2022" "00:51:42"
20220630 013709.491 INFO             PET0 ESMF library build location : /lustre/f2/dev/ncep/Mark.Potts/intel_2019.5_mpi_g_develop
20220630 013709.491 INFO             PET0 ESMF_COMM                   : mpi
20220630 013709.492 INFO             PET0 ESMF_MOAB                   : enabled
20220630 013709.492 INFO             PET0 ESMF_LAPACK                 : enabled
20220630 013709.492 INFO             PET0 ESMF_NETCDF                 : enabled
20220630 013709.492 INFO             PET0 ESMF_PNETCDF                : disabled
20220630 013709.492 INFO             PET0 ESMF_PIO                    : enabled
20220630 013709.492 INFO             PET0 ESMF_YAMLCPP                : enabled
20220630 013709.504 INFO             PET0 ESMF_FieldRedistStoreNF(): Just entered routine.
20220630 013709.542 INFO             PET0 ESMF_FieldRedistStoreNF(): Leaving routine.
20220630 013709.568 INFO             PET0  NUMBER_OF_PROCESSORS           4
20220630 013709.568 INFO             PET0  PASS  Example ESMF_RHandleFromFileEx, ESMF_RHandleFromFileEx.F90, line 192
20220630 013709.568 INFO             PET0 Finalizing ESMF
20220630 013709.492 INFO             PET1 !!!!!!!!!!!!!!!!!!!!!!!!!!!!!!!!!!!!!!!!!!!!!!!!!!!!!!
20220630 013709.493 INFO             PET1 !!! THE ESMF_LOG IS SET TO OUTPUT ALL LOG MESSAGES !!!
20220630 013709.493 INFO             PET1 !!!     THIS MAY CAUSE SLOWDOWN IN PERFORMANCE     !!!
20220630 013709.493 INFO             PET1 !!! FOR PRODUCTION RUNS, USE:                      !!!
20220630 013709.493 INFO             PET1 !!!                   ESMF_LOGKIND_Multi_On_Error  !!!
20220630 013709.493 INFO             PET1 !!!!!!!!!!!!!!!!!!!!!!!!!!!!!!!!!!!!!!!!!!!!!!!!!!!!!!
20220630 013709.493 INFO             PET1 Running with ESMF Version   : v8.4.0b01-4-g992fafaac4
20220630 013709.493 INFO             PET1 ESMF library build date/time: "Jun 30 2022" "00:51:42"
20220630 013709.493 INFO             PET1 ESMF library build location : /lustre/f2/dev/ncep/Mark.Potts/intel_2019.5_mpi_g_develop
20220630 013709.493 INFO             PET1 ESMF_COMM                   : mpi
20220630 013709.494 INFO             PET1 ESMF_MOAB                   : enabled
20220630 013709.494 INFO             PET1 ESMF_LAPACK                 : enabled
20220630 013709.494 INFO             PET1 ESMF_NETCDF                 : enabled
20220630 013709.494 INFO             PET1 ESMF_PNETCDF                : disabled
20220630 013709.494 INFO             PET1 ESMF_PIO                    : enabled
20220630 013709.494 INFO             PET1 ESMF_YAMLCPP                : enabled
20220630 013709.504 INFO             PET1 ESMF_FieldRedistStoreNF(): Just entered routine.
20220630 013709.542 INFO             PET1 ESMF_FieldRedistStoreNF(): Leaving routine.
20220630 013709.568 INFO             PET1  NUMBER_OF_PROCESSORS           4
20220630 013709.568 INFO             PET1  PASS  Example ESMF_RHandleFromFileEx, ESMF_RHandleFromFileEx.F90, line 192
20220630 013709.568 INFO             PET1 Finalizing ESMF
20220630 013709.491 INFO             PET2 !!!!!!!!!!!!!!!!!!!!!!!!!!!!!!!!!!!!!!!!!!!!!!!!!!!!!!
20220630 013709.491 INFO             PET2 !!! THE ESMF_LOG IS SET TO OUTPUT ALL LOG MESSAGES !!!
20220630 013709.491 INFO             PET2 !!!     THIS MAY CAUSE SLOWDOWN IN PERFORMANCE     !!!
20220630 013709.491 INFO             PET2 !!! FOR PRODUCTION RUNS, USE:                      !!!
20220630 013709.491 INFO             PET2 !!!                   ESMF_LOGKIND_Multi_On_Error  !!!
20220630 013709.491 INFO             PET2 !!!!!!!!!!!!!!!!!!!!!!!!!!!!!!!!!!!!!!!!!!!!!!!!!!!!!!
20220630 013709.491 INFO             PET2 Running with ESMF Version   : v8.4.0b01-4-g992fafaac4
20220630 013709.491 INFO             PET2 ESMF library build date/time: "Jun 30 2022" "00:51:42"
20220630 013709.491 INFO             PET2 ESMF library build location : /lustre/f2/dev/ncep/Mark.Potts/intel_2019.5_mpi_g_develop
20220630 013709.491 INFO             PET2 ESMF_COMM                   : mpi
20220630 013709.492 INFO             PET2 ESMF_MOAB                   : enabled
20220630 013709.492 INFO             PET2 ESMF_LAPACK                 : enabled
20220630 013709.492 INFO             PET2 ESMF_NETCDF                 : enabled
20220630 013709.492 INFO             PET2 ESMF_PNETCDF                : disabled
20220630 013709.492 INFO             PET2 ESMF_PIO                    : enabled
20220630 013709.492 INFO             PET2 ESMF_YAMLCPP                : enabled
20220630 013709.504 INFO             PET2 ESMF_FieldRedistStoreNF(): Just entered routine.
20220630 013709.542 INFO             PET2 ESMF_FieldRedistStoreNF(): Leaving routine.
20220630 013709.568 INFO             PET2  NUMBER_OF_PROCESSORS           4
20220630 013709.568 INFO             PET2  PASS  Example ESMF_RHandleFromFileEx, ESMF_RHandleFromFileEx.F90, line 192
20220630 013709.568 INFO             PET2 Finalizing ESMF
20220630 013709.498 INFO             PET3 !!!!!!!!!!!!!!!!!!!!!!!!!!!!!!!!!!!!!!!!!!!!!!!!!!!!!!
20220630 013709.498 INFO             PET3 !!! THE ESMF_LOG IS SET TO OUTPUT ALL LOG MESSAGES !!!
20220630 013709.498 INFO             PET3 !!!     THIS MAY CAUSE SLOWDOWN IN PERFORMANCE     !!!
20220630 013709.498 INFO             PET3 !!! FOR PRODUCTION RUNS, USE:                      !!!
20220630 013709.498 INFO             PET3 !!!                   ESMF_LOGKIND_Multi_On_Error  !!!
20220630 013709.498 INFO             PET3 !!!!!!!!!!!!!!!!!!!!!!!!!!!!!!!!!!!!!!!!!!!!!!!!!!!!!!
20220630 013709.498 INFO             PET3 Running with ESMF Version   : v8.4.0b01-4-g992fafaac4
20220630 013709.498 INFO             PET3 ESMF library build date/time: "Jun 30 2022" "00:51:42"
20220630 013709.498 INFO             PET3 ESMF library build location : /lustre/f2/dev/ncep/Mark.Potts/intel_2019.5_mpi_g_develop
20220630 013709.498 INFO             PET3 ESMF_COMM                   : mpi
20220630 013709.499 INFO             PET3 ESMF_MOAB                   : enabled
20220630 013709.499 INFO             PET3 ESMF_LAPACK                 : enabled
20220630 013709.499 INFO             PET3 ESMF_NETCDF                 : enabled
20220630 013709.499 INFO             PET3 ESMF_PNETCDF                : disabled
20220630 013709.499 INFO             PET3 ESMF_PIO                    : enabled
20220630 013709.499 INFO             PET3 ESMF_YAMLCPP                : enabled
20220630 013709.504 INFO             PET3 ESMF_FieldRedistStoreNF(): Just entered routine.
20220630 013709.542 INFO             PET3 ESMF_FieldRedistStoreNF(): Leaving routine.
20220630 013709.568 INFO             PET3  NUMBER_OF_PROCESSORS           4
20220630 013709.568 INFO             PET3  PASS  Example ESMF_RHandleFromFileEx, ESMF_RHandleFromFileEx.F90, line 192
20220630 013709.568 INFO             PET3 Finalizing ESMF
