build time -- 2022-06-19 00:46:25
20220619 012254.377 INFO             PET0 !!!!!!!!!!!!!!!!!!!!!!!!!!!!!!!!!!!!!!!!!!!!!!!!!!!!!!
20220619 012254.378 INFO             PET0 !!! THE ESMF_LOG IS SET TO OUTPUT ALL LOG MESSAGES !!!
20220619 012254.378 INFO             PET0 !!!     THIS MAY CAUSE SLOWDOWN IN PERFORMANCE     !!!
20220619 012254.378 INFO             PET0 !!! FOR PRODUCTION RUNS, USE:                      !!!
20220619 012254.378 INFO             PET0 !!!                   ESMF_LOGKIND_Multi_On_Error  !!!
20220619 012254.378 INFO             PET0 !!!!!!!!!!!!!!!!!!!!!!!!!!!!!!!!!!!!!!!!!!!!!!!!!!!!!!
20220619 012254.378 INFO             PET0 Running with ESMF Version   : v8.4.0b01-2-gf0d4ab211d
20220619 012254.378 INFO             PET0 ESMF library build date/time: "Jun 19 2022" "00:44:17"
20220619 012254.378 INFO             PET0 ESMF library build location : /lustre/f2/dev/ncep/Mark.Potts/intel_2019.5_mpi_g_develop
20220619 012254.378 INFO             PET0 ESMF_COMM                   : mpi
20220619 012254.379 INFO             PET0 ESMF_MOAB                   : enabled
20220619 012254.379 INFO             PET0 ESMF_LAPACK                 : enabled
20220619 012254.379 INFO             PET0 ESMF_NETCDF                 : enabled
20220619 012254.379 INFO             PET0 ESMF_PNETCDF                : disabled
20220619 012254.379 INFO             PET0 ESMF_PIO                    : enabled
20220619 012254.379 INFO             PET0 ESMF_YAMLCPP                : enabled
20220619 012254.380 INFO             PET0  NUMBER_OF_PROCESSORS           1
20220619 012254.380 INFO             PET0  PASS  Example ESMF_TimeIntervalEx, ESMF_TimeIntervalEx.F90, line 176
20220619 012254.380 INFO             PET0 Finalizing ESMF
