build time -- 2022-07-07 00:47:17
20220707 015607.059 INFO             PET0 !!!!!!!!!!!!!!!!!!!!!!!!!!!!!!!!!!!!!!!!!!!!!!!!!!!!!!
20220707 015607.060 INFO             PET0 !!! THE ESMF_LOG IS SET TO OUTPUT ALL LOG MESSAGES !!!
20220707 015607.060 INFO             PET0 !!!     THIS MAY CAUSE SLOWDOWN IN PERFORMANCE     !!!
20220707 015607.060 INFO             PET0 !!! FOR PRODUCTION RUNS, USE:                      !!!
20220707 015607.060 INFO             PET0 !!!                   ESMF_LOGKIND_Multi_On_Error  !!!
20220707 015607.060 INFO             PET0 !!!!!!!!!!!!!!!!!!!!!!!!!!!!!!!!!!!!!!!!!!!!!!!!!!!!!!
20220707 015607.060 INFO             PET0 Running with ESMF Version   : v8.4.0b03-3-g14a79d558f
20220707 015607.060 INFO             PET0 ESMF library build date/time: "Jul  7 2022" "00:44:33"
20220707 015607.061 INFO             PET0 ESMF library build location : /lustre/f2/dev/ncep/Mark.Potts/intel_2019.5_mpi_g_develop
20220707 015607.061 INFO             PET0 ESMF_COMM                   : mpi
20220707 015607.062 INFO             PET0 ESMF_MOAB                   : enabled
20220707 015607.062 INFO             PET0 ESMF_LAPACK                 : enabled
20220707 015607.062 INFO             PET0 ESMF_NETCDF                 : enabled
20220707 015607.062 INFO             PET0 ESMF_PNETCDF                : disabled
20220707 015607.062 INFO             PET0 ESMF_PIO                    : enabled
20220707 015607.062 INFO             PET0 ESMF_YAMLCPP                : enabled
20220707 015607.063 INFO             PET0  NUMBER_OF_PROCESSORS           1
20220707 015607.064 INFO             PET0  PASS  Example ESMF_AlarmEx, ESMF_AlarmEx.F90, line 244
20220707 015607.064 INFO             PET0 Finalizing ESMF
