build time -- 2022-07-03 01:47:45.586520
20220703 024705.674 INFO             PET0 !!!!!!!!!!!!!!!!!!!!!!!!!!!!!!!!!!!!!!!!!!!!!!!!!!!!!!
20220703 024705.674 INFO             PET0 !!! THE ESMF_LOG IS SET TO OUTPUT ALL LOG MESSAGES !!!
20220703 024705.674 INFO             PET0 !!!     THIS MAY CAUSE SLOWDOWN IN PERFORMANCE     !!!
20220703 024705.674 INFO             PET0 !!! FOR PRODUCTION RUNS, USE:                      !!!
20220703 024705.674 INFO             PET0 !!!                   ESMF_LOGKIND_Multi_On_Error  !!!
20220703 024705.674 INFO             PET0 !!!!!!!!!!!!!!!!!!!!!!!!!!!!!!!!!!!!!!!!!!!!!!!!!!!!!!
20220703 024705.674 INFO             PET0 Running with ESMF Version   : v8.4.0b02-7-g9328c9b05f
20220703 024705.674 INFO             PET0 ESMF library build date/time: "Jul  3 2022" "01:43:29"
20220703 024705.674 INFO             PET0 ESMF library build location : /gpfsm/dnb04/projects/p98/mpotts/esmf/pgi_20.4_mpiuni_g_develop
20220703 024705.674 INFO             PET0 ESMF_COMM                   : mpiuni
20220703 024705.675 INFO             PET0 ESMF_MOAB                   : enabled
20220703 024705.675 INFO             PET0 ESMF_LAPACK                 : enabled
20220703 024705.675 INFO             PET0 ESMF_NETCDF                 : disabled
20220703 024705.675 INFO             PET0 ESMF_PNETCDF                : disabled
20220703 024705.675 INFO             PET0 ESMF_PIO                    : disabled
20220703 024705.675 INFO             PET0 ESMF_YAMLCPP                : enabled
20220703 024706.250 INFO             PET0  NUMBER_OF_PROCESSORS            1
20220703 024706.250 INFO             PET0  PASS  Example ESMF_GridUsageEx, ESMF_GridUsageEx.F90, line 3470
20220703 024706.250 INFO             PET0 Finalizing ESMF
