build time -- 2022-07-11 01:56:20.588024
20220711 032625.718 INFO             PET0 !!!!!!!!!!!!!!!!!!!!!!!!!!!!!!!!!!!!!!!!!!!!!!!!!!!!!!
20220711 032625.718 INFO             PET0 !!! THE ESMF_LOG IS SET TO OUTPUT ALL LOG MESSAGES !!!
20220711 032625.718 INFO             PET0 !!!     THIS MAY CAUSE SLOWDOWN IN PERFORMANCE     !!!
20220711 032625.718 INFO             PET0 !!! FOR PRODUCTION RUNS, USE:                      !!!
20220711 032625.718 INFO             PET0 !!!                   ESMF_LOGKIND_Multi_On_Error  !!!
20220711 032625.718 INFO             PET0 !!!!!!!!!!!!!!!!!!!!!!!!!!!!!!!!!!!!!!!!!!!!!!!!!!!!!!
20220711 032625.718 INFO             PET0 Running with ESMF Version   : v8.4.0b03-3-g14a79d558f
20220711 032625.718 INFO             PET0 ESMF library build date/time: "Jul 11 2022" "01:51:22"
20220711 032625.718 INFO             PET0 ESMF library build location : /gpfsm/dnb04/projects/p98/mpotts/esmf/pgi_20.4_mpiuni_g_develop
20220711 032625.718 INFO             PET0 ESMF_COMM                   : mpiuni
20220711 032625.718 INFO             PET0 ESMF_MOAB                   : enabled
20220711 032625.718 INFO             PET0 ESMF_LAPACK                 : enabled
20220711 032625.718 INFO             PET0 ESMF_NETCDF                 : disabled
20220711 032625.718 INFO             PET0 ESMF_PNETCDF                : disabled
20220711 032625.718 INFO             PET0 ESMF_PIO                    : disabled
20220711 032625.718 INFO             PET0 ESMF_YAMLCPP                : enabled
20220711 032625.718 INFO             PET0 ESMF Tracing Enabled
20220711 032625.718 INFO             PET0 ESMF Profiling Enabled
20220711 032625.719 INFO             PET0 ESMF Trace/Profile clock: REALTIME
20220711 032625.780 INFO             PET0  NUMBER_OF_PROCESSORS            1
20220711 032625.780 INFO             PET0  PASS  Example ESMF_TraceEx, ESMF_TraceEx.F90, line 178
20220711 032625.780 INFO             PET0 Finalizing ESMF
20220711 032625.780 INFO             PET0 **************** Region Timings *******************
20220711 032625.780 INFO             PET0 Region              Count  Total (s)   Self (s)    Mean (s)    Min (s)     Max (s)
20220711 032625.780 INFO             PET0   [test] Run 1      5      0.0000      0.0000      0.0000      0.0000      0.0000
20220711 032625.780 INFO             PET0   [test] Init 1     1      0.0000      0.0000      0.0000      0.0000      0.0000
20220711 032625.781 INFO             PET0   [test] Final 1    1      0.0000      0.0000      0.0000      0.0000      0.0000
