build time -- 2022-07-04 01:44:14.749388
20220704 024411.493 INFO             PET0 !!!!!!!!!!!!!!!!!!!!!!!!!!!!!!!!!!!!!!!!!!!!!!!!!!!!!!
20220704 024411.493 INFO             PET0 !!! THE ESMF_LOG IS SET TO OUTPUT ALL LOG MESSAGES !!!
20220704 024411.493 INFO             PET0 !!!     THIS MAY CAUSE SLOWDOWN IN PERFORMANCE     !!!
20220704 024411.493 INFO             PET0 !!! FOR PRODUCTION RUNS, USE:                      !!!
20220704 024411.493 INFO             PET0 !!!                   ESMF_LOGKIND_Multi_On_Error  !!!
20220704 024411.493 INFO             PET0 !!!!!!!!!!!!!!!!!!!!!!!!!!!!!!!!!!!!!!!!!!!!!!!!!!!!!!
20220704 024411.493 INFO             PET0 Running with ESMF Version   : v8.4.0b02-7-g9328c9b05f
20220704 024411.493 INFO             PET0 ESMF library build date/time: "Jul  4 2022" "01:39:56"
20220704 024411.493 INFO             PET0 ESMF library build location : /gpfsm/dnb04/projects/p98/mpotts/esmf/pgi_20.4_mpiuni_g_develop
20220704 024411.493 INFO             PET0 ESMF_COMM                   : mpiuni
20220704 024411.494 INFO             PET0 ESMF_MOAB                   : enabled
20220704 024411.494 INFO             PET0 ESMF_LAPACK                 : enabled
20220704 024411.494 INFO             PET0 ESMF_NETCDF                 : disabled
20220704 024411.494 INFO             PET0 ESMF_PNETCDF                : disabled
20220704 024411.494 INFO             PET0 ESMF_PIO                    : disabled
20220704 024411.494 INFO             PET0 ESMF_YAMLCPP                : enabled
20220704 024411.495 INFO             PET0  NUMBER_OF_PROCESSORS            1
20220704 024411.495 INFO             PET0  PASS  Example ESMF_StateEx, ESMF_StateEx.F90, line 237
20220704 024411.495 INFO             PET0 Finalizing ESMF
