build time -- 2022-06-17 09:32:20.247745
20220617 103915.698 INFO             PET0 !!!!!!!!!!!!!!!!!!!!!!!!!!!!!!!!!!!!!!!!!!!!!!!!!!!!!!
20220617 103915.698 INFO             PET0 !!! THE ESMF_LOG IS SET TO OUTPUT ALL LOG MESSAGES !!!
20220617 103915.698 INFO             PET0 !!!     THIS MAY CAUSE SLOWDOWN IN PERFORMANCE     !!!
20220617 103915.698 INFO             PET0 !!! FOR PRODUCTION RUNS, USE:                      !!!
20220617 103915.698 INFO             PET0 !!!                   ESMF_LOGKIND_Multi_On_Error  !!!
20220617 103915.698 INFO             PET0 !!!!!!!!!!!!!!!!!!!!!!!!!!!!!!!!!!!!!!!!!!!!!!!!!!!!!!
20220617 103915.698 INFO             PET0 Running with ESMF Version   : v8.4.0b01-2-gf0d4ab211d
20220617 103915.698 INFO             PET0 ESMF library build date/time: "Jun 17 2022" "09:27:35"
20220617 103915.698 INFO             PET0 ESMF library build location : /gpfsm/dnb04/projects/p98/mpotts/esmf/pgi_20.4_mpiuni_g_develop
20220617 103915.698 INFO             PET0 ESMF_COMM                   : mpiuni
20220617 103915.699 INFO             PET0 ESMF_MOAB                   : enabled
20220617 103915.699 INFO             PET0 ESMF_LAPACK                 : enabled
20220617 103915.699 INFO             PET0 ESMF_NETCDF                 : disabled
20220617 103915.699 INFO             PET0 ESMF_PNETCDF                : disabled
20220617 103915.699 INFO             PET0 ESMF_PIO                    : disabled
20220617 103915.699 INFO             PET0 ESMF_YAMLCPP                : enabled
20220617 103915.792 DEBUG            PET0 about to destroy Grid: 0x6ad610
20220617 103915.805 DEBUG            PET0 about to destroy Grid: 0x6aef00
20220617 103915.841 INFO             PET0  NUMBER_OF_PROCESSORS            1
20220617 103915.841 INFO             PET0  PASS  Example ESMF_NUOPCAtmModelEx, ESMF_NUOPCAtmModelEx.F90, line 806
20220617 103915.841 INFO             PET0 Finalizing ESMF
