build time -- 2022-07-18 01:10:24.825923
 User Comp1 Register starting
 Registered Initialize, Run, and Finalize routines
 User Comp1 Register returning
  PASS  Example ESMF_WebServicesEx, ESMF_WebServicesEx.F90, line 227
 PASS: ESMF_WebServicesEx.F90
 User Comp1 Register starting
 Registered Initialize, Run, and Finalize routines
 User Comp1 Register returning
  PASS  Example ESMF_WebServicesEx, ESMF_WebServicesEx.F90, line 227
 PASS: ESMF_WebServicesEx.F90
 User Comp1 Register starting
 Registered Initialize, Run, and Finalize routines
 User Comp1 Register returning
  PASS  Example ESMF_WebServicesEx, ESMF_WebServicesEx.F90, line 227
 PASS: ESMF_WebServicesEx.F90
 User Comp1 Register starting
 Registered Initialize, Run, and Finalize routines
 User Comp1 Register returning
  PASS  Example ESMF_WebServicesEx, ESMF_WebServicesEx.F90, line 227
 PASS: ESMF_WebServicesEx.F90
