build time -- 2022-07-21 01:20:48.648908
20220721 015459.310 INFO             PET0 !!!!!!!!!!!!!!!!!!!!!!!!!!!!!!!!!!!!!!!!!!!!!!!!!!!!!!
20220721 015459.310 INFO             PET0 !!! THE ESMF_LOG IS SET TO OUTPUT ALL LOG MESSAGES !!!
20220721 015459.310 INFO             PET0 !!!     THIS MAY CAUSE SLOWDOWN IN PERFORMANCE     !!!
20220721 015459.310 INFO             PET0 !!! FOR PRODUCTION RUNS, USE:                      !!!
20220721 015459.310 INFO             PET0 !!!                   ESMF_LOGKIND_Multi_On_Error  !!!
20220721 015459.310 INFO             PET0 !!!!!!!!!!!!!!!!!!!!!!!!!!!!!!!!!!!!!!!!!!!!!!!!!!!!!!
20220721 015459.310 INFO             PET0 Running with ESMF Version   : v8.4.0b06-6-g1266599ea8
20220721 015459.310 INFO             PET0 ESMF library build date/time: "Jul 21 2022" "01:18:40"
20220721 015459.310 INFO             PET0 ESMF library build location : /gpfsm/dnb04/projects/p98/mpotts/esmf/intel_19.1.3_intelmpi_O_develop
20220721 015459.310 INFO             PET0 ESMF_COMM                   : intelmpi
20220721 015459.311 INFO             PET0 ESMF_MOAB                   : enabled
20220721 015459.311 INFO             PET0 ESMF_LAPACK                 : enabled
20220721 015459.311 INFO             PET0 ESMF_NETCDF                 : enabled
20220721 015459.311 INFO             PET0 ESMF_PNETCDF                : disabled
20220721 015459.311 INFO             PET0 ESMF_PIO                    : enabled
20220721 015459.311 INFO             PET0 ESMF_YAMLCPP                : enabled
20220721 015459.312 INFO             PET0  NUMBER_OF_PROCESSORS           1
20220721 015459.312 INFO             PET0  PASS  Example ESMF_TimeEx, ESMF_TimeEx.F90, line 141
20220721 015459.312 INFO             PET0 Finalizing ESMF
