build time -- 2022-06-30 01:15:45.902865
20220630 015231.538 INFO             PET0 !!!!!!!!!!!!!!!!!!!!!!!!!!!!!!!!!!!!!!!!!!!!!!!!!!!!!!
20220630 015231.538 INFO             PET0 !!! THE ESMF_LOG IS SET TO OUTPUT ALL LOG MESSAGES !!!
20220630 015231.538 INFO             PET0 !!!     THIS MAY CAUSE SLOWDOWN IN PERFORMANCE     !!!
20220630 015231.538 INFO             PET0 !!! FOR PRODUCTION RUNS, USE:                      !!!
20220630 015231.538 INFO             PET0 !!!                   ESMF_LOGKIND_Multi_On_Error  !!!
20220630 015231.538 INFO             PET0 !!!!!!!!!!!!!!!!!!!!!!!!!!!!!!!!!!!!!!!!!!!!!!!!!!!!!!
20220630 015231.538 INFO             PET0 Running with ESMF Version   : v8.4.0b01-4-g992fafaac4
20220630 015231.538 INFO             PET0 ESMF library build date/time: "Jun 30 2022" "01:13:26"
20220630 015231.538 INFO             PET0 ESMF library build location : /gpfsm/dnb04/projects/p98/mpotts/esmf/intel_19.1.3_intelmpi_O_develop
20220630 015231.538 INFO             PET0 ESMF_COMM                   : intelmpi
20220630 015231.539 INFO             PET0 ESMF_MOAB                   : enabled
20220630 015231.539 INFO             PET0 ESMF_LAPACK                 : enabled
20220630 015231.539 INFO             PET0 ESMF_NETCDF                 : enabled
20220630 015231.539 INFO             PET0 ESMF_PNETCDF                : disabled
20220630 015231.539 INFO             PET0 ESMF_PIO                    : enabled
20220630 015231.539 INFO             PET0 ESMF_YAMLCPP                : enabled
20220630 015231.540 INFO             PET0  NUMBER_OF_PROCESSORS           1
20220630 015231.540 INFO             PET0  PASS  Example CalendarEx, ESMF_CalendarEx.F90, line 217
20220630 015231.540 INFO             PET0 Finalizing ESMF
