build time -- 2022-06-16 06:19:54
20220616 071151.463 INFO             PET0 !!!!!!!!!!!!!!!!!!!!!!!!!!!!!!!!!!!!!!!!!!!!!!!!!!!!!!
20220616 071151.464 INFO             PET0 !!! THE ESMF_LOG IS SET TO OUTPUT ALL LOG MESSAGES !!!
20220616 071151.464 INFO             PET0 !!!     THIS MAY CAUSE SLOWDOWN IN PERFORMANCE     !!!
20220616 071151.464 INFO             PET0 !!! FOR PRODUCTION RUNS, USE:                      !!!
20220616 071151.464 INFO             PET0 !!!                   ESMF_LOGKIND_Multi_On_Error  !!!
20220616 071151.464 INFO             PET0 !!!!!!!!!!!!!!!!!!!!!!!!!!!!!!!!!!!!!!!!!!!!!!!!!!!!!!
20220616 071151.464 INFO             PET0 Running with ESMF Version   : v8.4.0b01-2-gf0d4ab211d
20220616 071151.464 INFO             PET0 ESMF library build date/time: "Jun 16 2022" "06:16:47"
20220616 071151.464 INFO             PET0 ESMF library build location : /scratch1/NCEPDEV/stmp2/role.esmfmaint/pgi_19.1_mpiuni_O_develop
20220616 071151.464 INFO             PET0 ESMF_COMM                   : mpiuni
20220616 071151.465 INFO             PET0 ESMF_MOAB                   : enabled
20220616 071151.465 INFO             PET0 ESMF_LAPACK                 : enabled
20220616 071151.465 INFO             PET0 ESMF_NETCDF                 : disabled
20220616 071151.465 INFO             PET0 ESMF_PNETCDF                : disabled
20220616 071151.465 INFO             PET0 ESMF_PIO                    : disabled
20220616 071151.465 INFO             PET0 ESMF_YAMLCPP                : enabled
20220616 071151.465 ERROR            PET0 ESMCI_State.C:982 ESMCI::State::read() Library needed by ESMF not present  - Internal subroutine call returned Error
20220616 071151.465 ERROR            PET0 ESMF_StateAPI.cppF90:3191 ESMF_StateRead Library needed by ESMF not present  - Internal subroutine call returned Error
20220616 071151.465 INFO             PET0  NUMBER_OF_PROCESSORS            1
20220616 071151.466 INFO             PET0  PASS  Example ESMF_StateReadWriteEx, ESMF_StateReadWriteEx.F90, line 185
20220616 071151.466 INFO             PET0 Finalizing ESMF
