build time -- 2022-07-10 07:26:01
20220710 081711.790 INFO             PET0 !!!!!!!!!!!!!!!!!!!!!!!!!!!!!!!!!!!!!!!!!!!!!!!!!!!!!!
20220710 081711.810 INFO             PET0 !!! THE ESMF_LOG IS SET TO OUTPUT ALL LOG MESSAGES !!!
20220710 081711.810 INFO             PET0 !!!     THIS MAY CAUSE SLOWDOWN IN PERFORMANCE     !!!
20220710 081711.810 INFO             PET0 !!! FOR PRODUCTION RUNS, USE:                      !!!
20220710 081711.811 INFO             PET0 !!!                   ESMF_LOGKIND_Multi_On_Error  !!!
20220710 081711.811 INFO             PET0 !!!!!!!!!!!!!!!!!!!!!!!!!!!!!!!!!!!!!!!!!!!!!!!!!!!!!!
20220710 081711.811 INFO             PET0 Running with ESMF Version   : v8.4.0b03-3-g14a79d558f
20220710 081711.813 INFO             PET0 ESMF library build date/time: "Jul 10 2022" "07:22:41"
20220710 081711.813 INFO             PET0 ESMF library build location : /scratch1/NCEPDEV/stmp2/role.esmfmaint/pgi_19.1_mpiuni_O_develop
20220710 081711.813 INFO             PET0 ESMF_COMM                   : mpiuni
20220710 081711.815 INFO             PET0 ESMF_MOAB                   : enabled
20220710 081711.815 INFO             PET0 ESMF_LAPACK                 : enabled
20220710 081711.815 INFO             PET0 ESMF_NETCDF                 : disabled
20220710 081711.815 INFO             PET0 ESMF_PNETCDF                : disabled
20220710 081711.815 INFO             PET0 ESMF_PIO                    : disabled
20220710 081711.815 INFO             PET0 ESMF_YAMLCPP                : enabled
20220710 081711.817 INFO             PET0 Log Write 2
20220710 081711.818 ERROR            PET0 Invalid object  - Convergence failure
20220710 081711.818 ERROR            PET0 ESMCI_Fraction.C:1444 ESMCI::Fraction::validate() must have non-zero denominator.
20220710 081711.818 ERROR            PET0 ESMCI_Time.C:838 ESMCI::Time::syncToRealTime() Wrong argument specified  - ; calkindflag is JULIANDAY, MODJULIANDAY or NOCALENDAR.
20220710 081711.819 ERROR            PET0 ESMF_Time.F90:1485 ESMF_TimeSyncToRealTime() Wrong argument specified  - Internal subroutine call returned Error
20220710 081711.819 ERROR            PET0 Wrong argument specified  - getting wall clock time
20220710 081711.822 INFO             PET0  NUMBER_OF_PROCESSORS            1
20220710 081711.822 INFO             PET0  PASS  Example ESMF_LogErrEx, ESMF_LogErrEx.F90, line 186
20220710 081711.822 INFO             PET0 Finalizing ESMF
