build time -- 2022-07-16 11:23:38
20220716 145712.064 INFO             PET0 !!!!!!!!!!!!!!!!!!!!!!!!!!!!!!!!!!!!!!!!!!!!!!!!!!!!!!
20220716 145712.065 INFO             PET0 !!! THE ESMF_LOG IS SET TO OUTPUT ALL LOG MESSAGES !!!
20220716 145712.065 INFO             PET0 !!!     THIS MAY CAUSE SLOWDOWN IN PERFORMANCE     !!!
20220716 145712.065 INFO             PET0 !!! FOR PRODUCTION RUNS, USE:                      !!!
20220716 145712.065 INFO             PET0 !!!                   ESMF_LOGKIND_Multi_On_Error  !!!
20220716 145712.065 INFO             PET0 !!!!!!!!!!!!!!!!!!!!!!!!!!!!!!!!!!!!!!!!!!!!!!!!!!!!!!
20220716 145712.065 INFO             PET0 Running with ESMF Version   : v8.4.0b04-2-gc831a7cd4a
20220716 145712.065 INFO             PET0 ESMF library build date/time: "Jul 16 2022" "11:19:06"
20220716 145712.065 INFO             PET0 ESMF library build location : /scratch1/NCEPDEV/stmp2/role.esmfmaint/pgi_19.1_mpiuni_O_develop
20220716 145712.065 INFO             PET0 ESMF_COMM                   : mpiuni
20220716 145712.066 INFO             PET0 ESMF_MOAB                   : enabled
20220716 145712.066 INFO             PET0 ESMF_LAPACK                 : enabled
20220716 145712.066 INFO             PET0 ESMF_NETCDF                 : disabled
20220716 145712.066 INFO             PET0 ESMF_PNETCDF                : disabled
20220716 145712.066 INFO             PET0 ESMF_PIO                    : disabled
20220716 145712.066 INFO             PET0 ESMF_YAMLCPP                : enabled
20220716 145712.067 INFO             PET0  NUMBER_OF_PROCESSORS            1
20220716 145712.067 INFO             PET0  PASS  Example ESMF_SCompEx, ESMF_SCompEx.F90, line 385
20220716 145712.067 INFO             PET0 Finalizing ESMF
