build time -- 2022-06-21 06:27:25
20220621 071930.957 INFO             PET0 !!!!!!!!!!!!!!!!!!!!!!!!!!!!!!!!!!!!!!!!!!!!!!!!!!!!!!
20220621 071930.957 INFO             PET0 !!! THE ESMF_LOG IS SET TO OUTPUT ALL LOG MESSAGES !!!
20220621 071930.957 INFO             PET0 !!!     THIS MAY CAUSE SLOWDOWN IN PERFORMANCE     !!!
20220621 071930.957 INFO             PET0 !!! FOR PRODUCTION RUNS, USE:                      !!!
20220621 071930.957 INFO             PET0 !!!                   ESMF_LOGKIND_Multi_On_Error  !!!
20220621 071930.957 INFO             PET0 !!!!!!!!!!!!!!!!!!!!!!!!!!!!!!!!!!!!!!!!!!!!!!!!!!!!!!
20220621 071930.957 INFO             PET0 Running with ESMF Version   : v8.4.0b01-2-gf0d4ab211d
20220621 071930.957 INFO             PET0 ESMF library build date/time: "Jun 21 2022" "06:16:26"
20220621 071930.957 INFO             PET0 ESMF library build location : /scratch1/NCEPDEV/stmp2/role.esmfmaint/pgi_19.1_mpiuni_O_develop
20220621 071930.957 INFO             PET0 ESMF_COMM                   : mpiuni
20220621 071930.958 INFO             PET0 ESMF_MOAB                   : enabled
20220621 071930.958 INFO             PET0 ESMF_LAPACK                 : enabled
20220621 071930.958 INFO             PET0 ESMF_NETCDF                 : disabled
20220621 071930.958 INFO             PET0 ESMF_PNETCDF                : disabled
20220621 071930.958 INFO             PET0 ESMF_PIO                    : disabled
20220621 071930.958 INFO             PET0 ESMF_YAMLCPP                : enabled
20220621 071930.959 INFO             PET0  NUMBER_OF_PROCESSORS            1
20220621 071930.959 INFO             PET0  PASS  Example ESMF_VMNonBlockingEx, ESMF_VMNonBlockingEx.F90, line 434
20220621 071930.959 INFO             PET0 Finalizing ESMF
