build time -- 2022-06-26 06:18:34
20220626 070828.894 INFO             PET0 !!!!!!!!!!!!!!!!!!!!!!!!!!!!!!!!!!!!!!!!!!!!!!!!!!!!!!
20220626 070828.895 INFO             PET0 !!! THE ESMF_LOG IS SET TO OUTPUT ALL LOG MESSAGES !!!
20220626 070828.895 INFO             PET0 !!!     THIS MAY CAUSE SLOWDOWN IN PERFORMANCE     !!!
20220626 070828.895 INFO             PET0 !!! FOR PRODUCTION RUNS, USE:                      !!!
20220626 070828.895 INFO             PET0 !!!                   ESMF_LOGKIND_Multi_On_Error  !!!
20220626 070828.895 INFO             PET0 !!!!!!!!!!!!!!!!!!!!!!!!!!!!!!!!!!!!!!!!!!!!!!!!!!!!!!
20220626 070828.895 INFO             PET0 Running with ESMF Version   : v8.4.0b01-2-gf0d4ab211d
20220626 070828.895 INFO             PET0 ESMF library build date/time: "Jun 26 2022" "06:15:22"
20220626 070828.895 INFO             PET0 ESMF library build location : /scratch1/NCEPDEV/stmp2/role.esmfmaint/pgi_19.1_mpiuni_O_develop
20220626 070828.895 INFO             PET0 ESMF_COMM                   : mpiuni
20220626 070828.896 INFO             PET0 ESMF_MOAB                   : enabled
20220626 070828.896 INFO             PET0 ESMF_LAPACK                 : enabled
20220626 070828.896 INFO             PET0 ESMF_NETCDF                 : disabled
20220626 070828.896 INFO             PET0 ESMF_PNETCDF                : disabled
20220626 070828.896 INFO             PET0 ESMF_PIO                    : disabled
20220626 070828.896 INFO             PET0 ESMF_YAMLCPP                : enabled
20220626 070828.898 INFO             PET0  NUMBER_OF_PROCESSORS            1
20220626 070828.898 INFO             PET0  PASS  Example ESMF_ConfigOverviewEx, ESMF_ConfigOverviewEx.F90, line 415
20220626 070828.898 INFO             PET0 Finalizing ESMF
