build time -- 2022-07-17 03:14:34.229805
20220717 043013.671 INFO             PET0 !!!!!!!!!!!!!!!!!!!!!!!!!!!!!!!!!!!!!!!!!!!!!!!!!!!!!!
20220717 043013.671 INFO             PET0 !!! THE ESMF_LOG IS SET TO OUTPUT ALL LOG MESSAGES !!!
20220717 043013.671 INFO             PET0 !!!     THIS MAY CAUSE SLOWDOWN IN PERFORMANCE     !!!
20220717 043013.671 INFO             PET0 !!! FOR PRODUCTION RUNS, USE:                      !!!
20220717 043013.671 INFO             PET0 !!!                   ESMF_LOGKIND_Multi_On_Error  !!!
20220717 043013.671 INFO             PET0 !!!!!!!!!!!!!!!!!!!!!!!!!!!!!!!!!!!!!!!!!!!!!!!!!!!!!!
20220717 043013.671 INFO             PET0 Running with ESMF Version   : v8.4.0b04-9-g4da4a8320a
20220717 043013.671 INFO             PET0 ESMF library build date/time: "Jul 17 2022" "03:06:46"
20220717 043013.671 INFO             PET0 ESMF library build location : /glade/scratch/dunlap/esmf-testing/intel_18.0.5_mpt_g_feature_named-alias
20220717 043013.671 INFO             PET0 ESMF_COMM                   : mpt
20220717 043013.671 INFO             PET0 ESMF_MOAB                   : enabled
20220717 043013.671 INFO             PET0 ESMF_LAPACK                 : enabled
20220717 043013.671 INFO             PET0 ESMF_NETCDF                 : enabled
20220717 043013.671 INFO             PET0 ESMF_PNETCDF                : disabled
20220717 043013.671 INFO             PET0 ESMF_PIO                    : enabled
20220717 043013.671 INFO             PET0 ESMF_YAMLCPP                : enabled
20220717 043013.797 DEBUG            PET0 about to destroy Grid: 0x31cebe0
20220717 043013.813 DEBUG            PET0 about to destroy Grid: 0x31d1cd0
20220717 043013.858 INFO             PET0  NUMBER_OF_PROCESSORS           4
20220717 043013.858 INFO             PET0  PASS  Example ESMF_NUOPCAtmModelEx, ESMF_NUOPCAtmModelEx.F90, line 806
20220717 043013.858 INFO             PET0 Finalizing ESMF
20220717 043013.671 INFO             PET1 !!!!!!!!!!!!!!!!!!!!!!!!!!!!!!!!!!!!!!!!!!!!!!!!!!!!!!
20220717 043013.671 INFO             PET1 !!! THE ESMF_LOG IS SET TO OUTPUT ALL LOG MESSAGES !!!
20220717 043013.671 INFO             PET1 !!!     THIS MAY CAUSE SLOWDOWN IN PERFORMANCE     !!!
20220717 043013.671 INFO             PET1 !!! FOR PRODUCTION RUNS, USE:                      !!!
20220717 043013.671 INFO             PET1 !!!                   ESMF_LOGKIND_Multi_On_Error  !!!
20220717 043013.671 INFO             PET1 !!!!!!!!!!!!!!!!!!!!!!!!!!!!!!!!!!!!!!!!!!!!!!!!!!!!!!
20220717 043013.671 INFO             PET1 Running with ESMF Version   : v8.4.0b04-9-g4da4a8320a
20220717 043013.671 INFO             PET1 ESMF library build date/time: "Jul 17 2022" "03:06:46"
20220717 043013.671 INFO             PET1 ESMF library build location : /glade/scratch/dunlap/esmf-testing/intel_18.0.5_mpt_g_feature_named-alias
20220717 043013.671 INFO             PET1 ESMF_COMM                   : mpt
20220717 043013.671 INFO             PET1 ESMF_MOAB                   : enabled
20220717 043013.671 INFO             PET1 ESMF_LAPACK                 : enabled
20220717 043013.671 INFO             PET1 ESMF_NETCDF                 : enabled
20220717 043013.671 INFO             PET1 ESMF_PNETCDF                : disabled
20220717 043013.671 INFO             PET1 ESMF_PIO                    : enabled
20220717 043013.671 INFO             PET1 ESMF_YAMLCPP                : enabled
20220717 043013.797 DEBUG            PET1 about to destroy Grid: 0x31d1d90
20220717 043013.813 DEBUG            PET1 about to destroy Grid: 0x31d2a70
20220717 043013.858 INFO             PET1  NUMBER_OF_PROCESSORS           4
20220717 043013.858 INFO             PET1  PASS  Example ESMF_NUOPCAtmModelEx, ESMF_NUOPCAtmModelEx.F90, line 806
20220717 043013.858 INFO             PET1 Finalizing ESMF
20220717 043013.671 INFO             PET2 !!!!!!!!!!!!!!!!!!!!!!!!!!!!!!!!!!!!!!!!!!!!!!!!!!!!!!
20220717 043013.671 INFO             PET2 !!! THE ESMF_LOG IS SET TO OUTPUT ALL LOG MESSAGES !!!
20220717 043013.671 INFO             PET2 !!!     THIS MAY CAUSE SLOWDOWN IN PERFORMANCE     !!!
20220717 043013.671 INFO             PET2 !!! FOR PRODUCTION RUNS, USE:                      !!!
20220717 043013.671 INFO             PET2 !!!                   ESMF_LOGKIND_Multi_On_Error  !!!
20220717 043013.671 INFO             PET2 !!!!!!!!!!!!!!!!!!!!!!!!!!!!!!!!!!!!!!!!!!!!!!!!!!!!!!
20220717 043013.671 INFO             PET2 Running with ESMF Version   : v8.4.0b04-9-g4da4a8320a
20220717 043013.671 INFO             PET2 ESMF library build date/time: "Jul 17 2022" "03:06:46"
20220717 043013.671 INFO             PET2 ESMF library build location : /glade/scratch/dunlap/esmf-testing/intel_18.0.5_mpt_g_feature_named-alias
20220717 043013.671 INFO             PET2 ESMF_COMM                   : mpt
20220717 043013.671 INFO             PET2 ESMF_MOAB                   : enabled
20220717 043013.671 INFO             PET2 ESMF_LAPACK                 : enabled
20220717 043013.671 INFO             PET2 ESMF_NETCDF                 : enabled
20220717 043013.671 INFO             PET2 ESMF_PNETCDF                : disabled
20220717 043013.671 INFO             PET2 ESMF_PIO                    : enabled
20220717 043013.671 INFO             PET2 ESMF_YAMLCPP                : enabled
20220717 043013.797 DEBUG            PET2 about to destroy Grid: 0x31d1e10
20220717 043013.813 DEBUG            PET2 about to destroy Grid: 0x31d2af0
20220717 043013.858 INFO             PET2  NUMBER_OF_PROCESSORS           4
20220717 043013.858 INFO             PET2  PASS  Example ESMF_NUOPCAtmModelEx, ESMF_NUOPCAtmModelEx.F90, line 806
20220717 043013.858 INFO             PET2 Finalizing ESMF
20220717 043013.671 INFO             PET3 !!!!!!!!!!!!!!!!!!!!!!!!!!!!!!!!!!!!!!!!!!!!!!!!!!!!!!
20220717 043013.671 INFO             PET3 !!! THE ESMF_LOG IS SET TO OUTPUT ALL LOG MESSAGES !!!
20220717 043013.671 INFO             PET3 !!!     THIS MAY CAUSE SLOWDOWN IN PERFORMANCE     !!!
20220717 043013.671 INFO             PET3 !!! FOR PRODUCTION RUNS, USE:                      !!!
20220717 043013.671 INFO             PET3 !!!                   ESMF_LOGKIND_Multi_On_Error  !!!
20220717 043013.671 INFO             PET3 !!!!!!!!!!!!!!!!!!!!!!!!!!!!!!!!!!!!!!!!!!!!!!!!!!!!!!
20220717 043013.671 INFO             PET3 Running with ESMF Version   : v8.4.0b04-9-g4da4a8320a
20220717 043013.671 INFO             PET3 ESMF library build date/time: "Jul 17 2022" "03:06:46"
20220717 043013.671 INFO             PET3 ESMF library build location : /glade/scratch/dunlap/esmf-testing/intel_18.0.5_mpt_g_feature_named-alias
20220717 043013.671 INFO             PET3 ESMF_COMM                   : mpt
20220717 043013.671 INFO             PET3 ESMF_MOAB                   : enabled
20220717 043013.671 INFO             PET3 ESMF_LAPACK                 : enabled
20220717 043013.671 INFO             PET3 ESMF_NETCDF                 : enabled
20220717 043013.671 INFO             PET3 ESMF_PNETCDF                : disabled
20220717 043013.671 INFO             PET3 ESMF_PIO                    : enabled
20220717 043013.671 INFO             PET3 ESMF_YAMLCPP                : enabled
20220717 043013.797 DEBUG            PET3 about to destroy Grid: 0x31d1ed0
20220717 043013.813 DEBUG            PET3 about to destroy Grid: 0x31d2bb0
20220717 043013.858 INFO             PET3  NUMBER_OF_PROCESSORS           4
20220717 043013.858 INFO             PET3  PASS  Example ESMF_NUOPCAtmModelEx, ESMF_NUOPCAtmModelEx.F90, line 806
20220717 043013.858 INFO             PET3 Finalizing ESMF
