build time -- 2022-07-16 10:58:29
20220716 145157.416 INFO             PET0 !!!!!!!!!!!!!!!!!!!!!!!!!!!!!!!!!!!!!!!!!!!!!!!!!!!!!!
20220716 145157.416 INFO             PET0 !!! THE ESMF_LOG IS SET TO OUTPUT ALL LOG MESSAGES !!!
20220716 145157.416 INFO             PET0 !!!     THIS MAY CAUSE SLOWDOWN IN PERFORMANCE     !!!
20220716 145157.416 INFO             PET0 !!! FOR PRODUCTION RUNS, USE:                      !!!
20220716 145157.416 INFO             PET0 !!!                   ESMF_LOGKIND_Multi_On_Error  !!!
20220716 145157.416 INFO             PET0 !!!!!!!!!!!!!!!!!!!!!!!!!!!!!!!!!!!!!!!!!!!!!!!!!!!!!!
20220716 145157.416 INFO             PET0 Running with ESMF Version   : v8.4.0b04-8-g9865973e1f
20220716 145157.416 INFO             PET0 ESMF library build date/time: "Jul 16 2022" "10:56:45"
20220716 145157.416 INFO             PET0 ESMF library build location : /scratch1/NCEPDEV/stmp2/role.esmfmaint/intel_18.0.5b_intelmpi_O_feature_named-alias
20220716 145157.416 INFO             PET0 ESMF_COMM                   : intelmpi
20220716 145157.417 INFO             PET0 ESMF_MOAB                   : enabled
20220716 145157.417 INFO             PET0 ESMF_LAPACK                 : enabled
20220716 145157.417 INFO             PET0 ESMF_NETCDF                 : enabled
20220716 145157.417 INFO             PET0 ESMF_PNETCDF                : disabled
20220716 145157.417 INFO             PET0 ESMF_PIO                    : enabled
20220716 145157.417 INFO             PET0 ESMF_YAMLCPP                : enabled
20220716 145157.454 DEBUG            PET0 about to destroy Grid: 0xc01b40
20220716 145157.457 DEBUG            PET0 about to destroy Grid: 0xc03240
20220716 145157.467 INFO             PET0  NUMBER_OF_PROCESSORS           4
20220716 145157.467 INFO             PET0  PASS  Example ESMF_NUOPCAtmModelEx, ESMF_NUOPCAtmModelEx.F90, line 806
20220716 145157.467 INFO             PET0 Finalizing ESMF
20220716 145157.416 INFO             PET1 !!!!!!!!!!!!!!!!!!!!!!!!!!!!!!!!!!!!!!!!!!!!!!!!!!!!!!
20220716 145157.416 INFO             PET1 !!! THE ESMF_LOG IS SET TO OUTPUT ALL LOG MESSAGES !!!
20220716 145157.416 INFO             PET1 !!!     THIS MAY CAUSE SLOWDOWN IN PERFORMANCE     !!!
20220716 145157.416 INFO             PET1 !!! FOR PRODUCTION RUNS, USE:                      !!!
20220716 145157.416 INFO             PET1 !!!                   ESMF_LOGKIND_Multi_On_Error  !!!
20220716 145157.416 INFO             PET1 !!!!!!!!!!!!!!!!!!!!!!!!!!!!!!!!!!!!!!!!!!!!!!!!!!!!!!
20220716 145157.416 INFO             PET1 Running with ESMF Version   : v8.4.0b04-8-g9865973e1f
20220716 145157.416 INFO             PET1 ESMF library build date/time: "Jul 16 2022" "10:56:45"
20220716 145157.416 INFO             PET1 ESMF library build location : /scratch1/NCEPDEV/stmp2/role.esmfmaint/intel_18.0.5b_intelmpi_O_feature_named-alias
20220716 145157.416 INFO             PET1 ESMF_COMM                   : intelmpi
20220716 145157.417 INFO             PET1 ESMF_MOAB                   : enabled
20220716 145157.417 INFO             PET1 ESMF_LAPACK                 : enabled
20220716 145157.417 INFO             PET1 ESMF_NETCDF                 : enabled
20220716 145157.417 INFO             PET1 ESMF_PNETCDF                : disabled
20220716 145157.417 INFO             PET1 ESMF_PIO                    : enabled
20220716 145157.417 INFO             PET1 ESMF_YAMLCPP                : enabled
20220716 145157.454 DEBUG            PET1 about to destroy Grid: 0x8e18b0
20220716 145157.457 DEBUG            PET1 about to destroy Grid: 0x8e2740
20220716 145157.467 INFO             PET1  NUMBER_OF_PROCESSORS           4
20220716 145157.467 INFO             PET1  PASS  Example ESMF_NUOPCAtmModelEx, ESMF_NUOPCAtmModelEx.F90, line 806
20220716 145157.467 INFO             PET1 Finalizing ESMF
20220716 145157.416 INFO             PET2 !!!!!!!!!!!!!!!!!!!!!!!!!!!!!!!!!!!!!!!!!!!!!!!!!!!!!!
20220716 145157.416 INFO             PET2 !!! THE ESMF_LOG IS SET TO OUTPUT ALL LOG MESSAGES !!!
20220716 145157.416 INFO             PET2 !!!     THIS MAY CAUSE SLOWDOWN IN PERFORMANCE     !!!
20220716 145157.416 INFO             PET2 !!! FOR PRODUCTION RUNS, USE:                      !!!
20220716 145157.416 INFO             PET2 !!!                   ESMF_LOGKIND_Multi_On_Error  !!!
20220716 145157.416 INFO             PET2 !!!!!!!!!!!!!!!!!!!!!!!!!!!!!!!!!!!!!!!!!!!!!!!!!!!!!!
20220716 145157.416 INFO             PET2 Running with ESMF Version   : v8.4.0b04-8-g9865973e1f
20220716 145157.417 INFO             PET2 ESMF library build date/time: "Jul 16 2022" "10:56:45"
20220716 145157.417 INFO             PET2 ESMF library build location : /scratch1/NCEPDEV/stmp2/role.esmfmaint/intel_18.0.5b_intelmpi_O_feature_named-alias
20220716 145157.417 INFO             PET2 ESMF_COMM                   : intelmpi
20220716 145157.417 INFO             PET2 ESMF_MOAB                   : enabled
20220716 145157.417 INFO             PET2 ESMF_LAPACK                 : enabled
20220716 145157.417 INFO             PET2 ESMF_NETCDF                 : enabled
20220716 145157.417 INFO             PET2 ESMF_PNETCDF                : disabled
20220716 145157.417 INFO             PET2 ESMF_PIO                    : enabled
20220716 145157.417 INFO             PET2 ESMF_YAMLCPP                : enabled
20220716 145157.454 DEBUG            PET2 about to destroy Grid: 0x19968b0
20220716 145157.457 DEBUG            PET2 about to destroy Grid: 0x1997740
20220716 145157.467 INFO             PET2  NUMBER_OF_PROCESSORS           4
20220716 145157.467 INFO             PET2  PASS  Example ESMF_NUOPCAtmModelEx, ESMF_NUOPCAtmModelEx.F90, line 806
20220716 145157.467 INFO             PET2 Finalizing ESMF
20220716 145157.416 INFO             PET3 !!!!!!!!!!!!!!!!!!!!!!!!!!!!!!!!!!!!!!!!!!!!!!!!!!!!!!
20220716 145157.416 INFO             PET3 !!! THE ESMF_LOG IS SET TO OUTPUT ALL LOG MESSAGES !!!
20220716 145157.416 INFO             PET3 !!!     THIS MAY CAUSE SLOWDOWN IN PERFORMANCE     !!!
20220716 145157.416 INFO             PET3 !!! FOR PRODUCTION RUNS, USE:                      !!!
20220716 145157.416 INFO             PET3 !!!                   ESMF_LOGKIND_Multi_On_Error  !!!
20220716 145157.416 INFO             PET3 !!!!!!!!!!!!!!!!!!!!!!!!!!!!!!!!!!!!!!!!!!!!!!!!!!!!!!
20220716 145157.416 INFO             PET3 Running with ESMF Version   : v8.4.0b04-8-g9865973e1f
20220716 145157.416 INFO             PET3 ESMF library build date/time: "Jul 16 2022" "10:56:45"
20220716 145157.416 INFO             PET3 ESMF library build location : /scratch1/NCEPDEV/stmp2/role.esmfmaint/intel_18.0.5b_intelmpi_O_feature_named-alias
20220716 145157.416 INFO             PET3 ESMF_COMM                   : intelmpi
20220716 145157.417 INFO             PET3 ESMF_MOAB                   : enabled
20220716 145157.417 INFO             PET3 ESMF_LAPACK                 : enabled
20220716 145157.417 INFO             PET3 ESMF_NETCDF                 : enabled
20220716 145157.417 INFO             PET3 ESMF_PNETCDF                : disabled
20220716 145157.417 INFO             PET3 ESMF_PIO                    : enabled
20220716 145157.417 INFO             PET3 ESMF_YAMLCPP                : enabled
20220716 145157.454 DEBUG            PET3 about to destroy Grid: 0x22a88b0
20220716 145157.457 DEBUG            PET3 about to destroy Grid: 0x22a9740
20220716 145157.467 INFO             PET3  NUMBER_OF_PROCESSORS           4
20220716 145157.467 INFO             PET3  PASS  Example ESMF_NUOPCAtmModelEx, ESMF_NUOPCAtmModelEx.F90, line 806
20220716 145157.467 INFO             PET3 Finalizing ESMF
