build time -- 2022-06-25 07:59:39
20220625 221123.877 INFO             PET0 !!!!!!!!!!!!!!!!!!!!!!!!!!!!!!!!!!!!!!!!!!!!!!!!!!!!!!
20220625 221123.880 INFO             PET0 !!! THE ESMF_LOG IS SET TO OUTPUT ALL LOG MESSAGES !!!
20220625 221123.880 INFO             PET0 !!!     THIS MAY CAUSE SLOWDOWN IN PERFORMANCE     !!!
20220625 221123.880 INFO             PET0 !!! FOR PRODUCTION RUNS, USE:                      !!!
20220625 221123.880 INFO             PET0 !!!                   ESMF_LOGKIND_Multi_On_Error  !!!
20220625 221123.880 INFO             PET0 !!!!!!!!!!!!!!!!!!!!!!!!!!!!!!!!!!!!!!!!!!!!!!!!!!!!!!
20220625 221123.880 INFO             PET0 Running with ESMF Version   : v8.4.0b01-2-gf0d4ab211d
20220625 221123.881 INFO             PET0 ESMF library build date/time: "Jun 25 2022" "07:57:51"
20220625 221123.882 INFO             PET0 ESMF library build location : /global/cscratch1/sd/rsdunlap/esmf-testing/intel_19.1.2_mpi_g_develop
20220625 221123.882 INFO             PET0 ESMF_COMM                   : mpi
20220625 221123.887 INFO             PET0 ESMF_MOAB                   : enabled
20220625 221123.887 INFO             PET0 ESMF_LAPACK                 : enabled
20220625 221123.887 INFO             PET0 ESMF_NETCDF                 : enabled
20220625 221123.887 INFO             PET0 ESMF_PNETCDF                : disabled
20220625 221123.888 INFO             PET0 ESMF_PIO                    : enabled
20220625 221123.888 INFO             PET0 ESMF_YAMLCPP                : enabled
20220625 221123.945 INFO             PET0  NUMBER_OF_PROCESSORS           4
20220625 221123.946 INFO             PET0  PASS  Example ESMF_CplEx, ESMF_CplEx.F90, line 457
20220625 221123.947 INFO             PET0 Finalizing ESMF
20220625 221123.877 INFO             PET1 !!!!!!!!!!!!!!!!!!!!!!!!!!!!!!!!!!!!!!!!!!!!!!!!!!!!!!
20220625 221123.880 INFO             PET1 !!! THE ESMF_LOG IS SET TO OUTPUT ALL LOG MESSAGES !!!
20220625 221123.880 INFO             PET1 !!!     THIS MAY CAUSE SLOWDOWN IN PERFORMANCE     !!!
20220625 221123.880 INFO             PET1 !!! FOR PRODUCTION RUNS, USE:                      !!!
20220625 221123.880 INFO             PET1 !!!                   ESMF_LOGKIND_Multi_On_Error  !!!
20220625 221123.880 INFO             PET1 !!!!!!!!!!!!!!!!!!!!!!!!!!!!!!!!!!!!!!!!!!!!!!!!!!!!!!
20220625 221123.880 INFO             PET1 Running with ESMF Version   : v8.4.0b01-2-gf0d4ab211d
20220625 221123.881 INFO             PET1 ESMF library build date/time: "Jun 25 2022" "07:57:51"
20220625 221123.882 INFO             PET1 ESMF library build location : /global/cscratch1/sd/rsdunlap/esmf-testing/intel_19.1.2_mpi_g_develop
20220625 221123.882 INFO             PET1 ESMF_COMM                   : mpi
20220625 221123.887 INFO             PET1 ESMF_MOAB                   : enabled
20220625 221123.887 INFO             PET1 ESMF_LAPACK                 : enabled
20220625 221123.887 INFO             PET1 ESMF_NETCDF                 : enabled
20220625 221123.887 INFO             PET1 ESMF_PNETCDF                : disabled
20220625 221123.888 INFO             PET1 ESMF_PIO                    : enabled
20220625 221123.888 INFO             PET1 ESMF_YAMLCPP                : enabled
20220625 221123.945 INFO             PET1  NUMBER_OF_PROCESSORS           4
20220625 221123.946 INFO             PET1  PASS  Example ESMF_CplEx, ESMF_CplEx.F90, line 457
20220625 221123.947 INFO             PET1 Finalizing ESMF
20220625 221123.877 INFO             PET2 !!!!!!!!!!!!!!!!!!!!!!!!!!!!!!!!!!!!!!!!!!!!!!!!!!!!!!
20220625 221123.880 INFO             PET2 !!! THE ESMF_LOG IS SET TO OUTPUT ALL LOG MESSAGES !!!
20220625 221123.880 INFO             PET2 !!!     THIS MAY CAUSE SLOWDOWN IN PERFORMANCE     !!!
20220625 221123.880 INFO             PET2 !!! FOR PRODUCTION RUNS, USE:                      !!!
20220625 221123.880 INFO             PET2 !!!                   ESMF_LOGKIND_Multi_On_Error  !!!
20220625 221123.880 INFO             PET2 !!!!!!!!!!!!!!!!!!!!!!!!!!!!!!!!!!!!!!!!!!!!!!!!!!!!!!
20220625 221123.880 INFO             PET2 Running with ESMF Version   : v8.4.0b01-2-gf0d4ab211d
20220625 221123.881 INFO             PET2 ESMF library build date/time: "Jun 25 2022" "07:57:51"
20220625 221123.882 INFO             PET2 ESMF library build location : /global/cscratch1/sd/rsdunlap/esmf-testing/intel_19.1.2_mpi_g_develop
20220625 221123.882 INFO             PET2 ESMF_COMM                   : mpi
20220625 221123.887 INFO             PET2 ESMF_MOAB                   : enabled
20220625 221123.887 INFO             PET2 ESMF_LAPACK                 : enabled
20220625 221123.887 INFO             PET2 ESMF_NETCDF                 : enabled
20220625 221123.887 INFO             PET2 ESMF_PNETCDF                : disabled
20220625 221123.888 INFO             PET2 ESMF_PIO                    : enabled
20220625 221123.888 INFO             PET2 ESMF_YAMLCPP                : enabled
20220625 221123.945 INFO             PET2  NUMBER_OF_PROCESSORS           4
20220625 221123.946 INFO             PET2  PASS  Example ESMF_CplEx, ESMF_CplEx.F90, line 457
20220625 221123.947 INFO             PET2 Finalizing ESMF
20220625 221123.877 INFO             PET3 !!!!!!!!!!!!!!!!!!!!!!!!!!!!!!!!!!!!!!!!!!!!!!!!!!!!!!
20220625 221123.880 INFO             PET3 !!! THE ESMF_LOG IS SET TO OUTPUT ALL LOG MESSAGES !!!
20220625 221123.880 INFO             PET3 !!!     THIS MAY CAUSE SLOWDOWN IN PERFORMANCE     !!!
20220625 221123.880 INFO             PET3 !!! FOR PRODUCTION RUNS, USE:                      !!!
20220625 221123.880 INFO             PET3 !!!                   ESMF_LOGKIND_Multi_On_Error  !!!
20220625 221123.880 INFO             PET3 !!!!!!!!!!!!!!!!!!!!!!!!!!!!!!!!!!!!!!!!!!!!!!!!!!!!!!
20220625 221123.880 INFO             PET3 Running with ESMF Version   : v8.4.0b01-2-gf0d4ab211d
20220625 221123.881 INFO             PET3 ESMF library build date/time: "Jun 25 2022" "07:57:51"
20220625 221123.882 INFO             PET3 ESMF library build location : /global/cscratch1/sd/rsdunlap/esmf-testing/intel_19.1.2_mpi_g_develop
20220625 221123.882 INFO             PET3 ESMF_COMM                   : mpi
20220625 221123.887 INFO             PET3 ESMF_MOAB                   : enabled
20220625 221123.887 INFO             PET3 ESMF_LAPACK                 : enabled
20220625 221123.887 INFO             PET3 ESMF_NETCDF                 : enabled
20220625 221123.887 INFO             PET3 ESMF_PNETCDF                : disabled
20220625 221123.888 INFO             PET3 ESMF_PIO                    : enabled
20220625 221123.888 INFO             PET3 ESMF_YAMLCPP                : enabled
20220625 221123.945 INFO             PET3  NUMBER_OF_PROCESSORS           4
20220625 221123.946 INFO             PET3  PASS  Example ESMF_CplEx, ESMF_CplEx.F90, line 457
20220625 221123.947 INFO             PET3 Finalizing ESMF
