build time -- 2022-07-04 03:32:20
20220704 081213.353 INFO             PET0 !!!!!!!!!!!!!!!!!!!!!!!!!!!!!!!!!!!!!!!!!!!!!!!!!!!!!!
20220704 081213.353 INFO             PET0 !!! THE ESMF_LOG IS SET TO OUTPUT ALL LOG MESSAGES !!!
20220704 081213.353 INFO             PET0 !!!     THIS MAY CAUSE SLOWDOWN IN PERFORMANCE     !!!
20220704 081213.353 INFO             PET0 !!! FOR PRODUCTION RUNS, USE:                      !!!
20220704 081213.353 INFO             PET0 !!!                   ESMF_LOGKIND_Multi_On_Error  !!!
20220704 081213.353 INFO             PET0 !!!!!!!!!!!!!!!!!!!!!!!!!!!!!!!!!!!!!!!!!!!!!!!!!!!!!!
20220704 081213.353 INFO             PET0 Running with ESMF Version   : v8.4.0b02-7-g9328c9b05f
20220704 081213.353 INFO             PET0 ESMF library build date/time: "Jul  4 2022" "03:30:38"
20220704 081213.353 INFO             PET0 ESMF library build location : /global/cscratch1/sd/rsdunlap/esmf-testing/intel_19.1.2_mpi_g_develop
20220704 081213.353 INFO             PET0 ESMF_COMM                   : mpi
20220704 081213.354 INFO             PET0 ESMF_MOAB                   : enabled
20220704 081213.354 INFO             PET0 ESMF_LAPACK                 : enabled
20220704 081213.354 INFO             PET0 ESMF_NETCDF                 : enabled
20220704 081213.354 INFO             PET0 ESMF_PNETCDF                : disabled
20220704 081213.354 INFO             PET0 ESMF_PIO                    : enabled
20220704 081213.354 INFO             PET0 ESMF_YAMLCPP                : enabled
20220704 081213.370 INFO             PET0 ESMF_FieldRedistStoreNF(): Just entered routine.
20220704 081213.419 INFO             PET0 ESMF_FieldRedistStoreNF(): Leaving routine.
20220704 081213.423 INFO             PET0  NUMBER_OF_PROCESSORS           4
20220704 081213.423 INFO             PET0  PASS  Example ESMF_RHandleFromRHandleEx, ESMF_RHandleFromRHandleEx.F90, line 660
20220704 081213.423 INFO             PET0 Finalizing ESMF
20220704 081213.353 INFO             PET1 !!!!!!!!!!!!!!!!!!!!!!!!!!!!!!!!!!!!!!!!!!!!!!!!!!!!!!
20220704 081213.353 INFO             PET1 !!! THE ESMF_LOG IS SET TO OUTPUT ALL LOG MESSAGES !!!
20220704 081213.353 INFO             PET1 !!!     THIS MAY CAUSE SLOWDOWN IN PERFORMANCE     !!!
20220704 081213.353 INFO             PET1 !!! FOR PRODUCTION RUNS, USE:                      !!!
20220704 081213.353 INFO             PET1 !!!                   ESMF_LOGKIND_Multi_On_Error  !!!
20220704 081213.353 INFO             PET1 !!!!!!!!!!!!!!!!!!!!!!!!!!!!!!!!!!!!!!!!!!!!!!!!!!!!!!
20220704 081213.353 INFO             PET1 Running with ESMF Version   : v8.4.0b02-7-g9328c9b05f
20220704 081213.353 INFO             PET1 ESMF library build date/time: "Jul  4 2022" "03:30:38"
20220704 081213.353 INFO             PET1 ESMF library build location : /global/cscratch1/sd/rsdunlap/esmf-testing/intel_19.1.2_mpi_g_develop
20220704 081213.353 INFO             PET1 ESMF_COMM                   : mpi
20220704 081213.354 INFO             PET1 ESMF_MOAB                   : enabled
20220704 081213.354 INFO             PET1 ESMF_LAPACK                 : enabled
20220704 081213.354 INFO             PET1 ESMF_NETCDF                 : enabled
20220704 081213.354 INFO             PET1 ESMF_PNETCDF                : disabled
20220704 081213.354 INFO             PET1 ESMF_PIO                    : enabled
20220704 081213.354 INFO             PET1 ESMF_YAMLCPP                : enabled
20220704 081213.370 INFO             PET1 ESMF_FieldRedistStoreNF(): Just entered routine.
20220704 081213.419 INFO             PET1 ESMF_FieldRedistStoreNF(): Leaving routine.
20220704 081213.423 INFO             PET1  NUMBER_OF_PROCESSORS           4
20220704 081213.423 INFO             PET1  PASS  Example ESMF_RHandleFromRHandleEx, ESMF_RHandleFromRHandleEx.F90, line 660
20220704 081213.423 INFO             PET1 Finalizing ESMF
20220704 081213.350 INFO             PET2 !!!!!!!!!!!!!!!!!!!!!!!!!!!!!!!!!!!!!!!!!!!!!!!!!!!!!!
20220704 081213.351 INFO             PET2 !!! THE ESMF_LOG IS SET TO OUTPUT ALL LOG MESSAGES !!!
20220704 081213.351 INFO             PET2 !!!     THIS MAY CAUSE SLOWDOWN IN PERFORMANCE     !!!
20220704 081213.351 INFO             PET2 !!! FOR PRODUCTION RUNS, USE:                      !!!
20220704 081213.351 INFO             PET2 !!!                   ESMF_LOGKIND_Multi_On_Error  !!!
20220704 081213.351 INFO             PET2 !!!!!!!!!!!!!!!!!!!!!!!!!!!!!!!!!!!!!!!!!!!!!!!!!!!!!!
20220704 081213.351 INFO             PET2 Running with ESMF Version   : v8.4.0b02-7-g9328c9b05f
20220704 081213.351 INFO             PET2 ESMF library build date/time: "Jul  4 2022" "03:30:38"
20220704 081213.351 INFO             PET2 ESMF library build location : /global/cscratch1/sd/rsdunlap/esmf-testing/intel_19.1.2_mpi_g_develop
20220704 081213.351 INFO             PET2 ESMF_COMM                   : mpi
20220704 081213.352 INFO             PET2 ESMF_MOAB                   : enabled
20220704 081213.352 INFO             PET2 ESMF_LAPACK                 : enabled
20220704 081213.352 INFO             PET2 ESMF_NETCDF                 : enabled
20220704 081213.352 INFO             PET2 ESMF_PNETCDF                : disabled
20220704 081213.352 INFO             PET2 ESMF_PIO                    : enabled
20220704 081213.352 INFO             PET2 ESMF_YAMLCPP                : enabled
20220704 081213.370 INFO             PET2 ESMF_FieldRedistStoreNF(): Just entered routine.
20220704 081213.419 INFO             PET2 ESMF_FieldRedistStoreNF(): Leaving routine.
20220704 081213.422 INFO             PET2  NUMBER_OF_PROCESSORS           4
20220704 081213.422 INFO             PET2  PASS  Example ESMF_RHandleFromRHandleEx, ESMF_RHandleFromRHandleEx.F90, line 660
20220704 081213.422 INFO             PET2 Finalizing ESMF
20220704 081213.351 INFO             PET3 !!!!!!!!!!!!!!!!!!!!!!!!!!!!!!!!!!!!!!!!!!!!!!!!!!!!!!
20220704 081213.351 INFO             PET3 !!! THE ESMF_LOG IS SET TO OUTPUT ALL LOG MESSAGES !!!
20220704 081213.351 INFO             PET3 !!!     THIS MAY CAUSE SLOWDOWN IN PERFORMANCE     !!!
20220704 081213.351 INFO             PET3 !!! FOR PRODUCTION RUNS, USE:                      !!!
20220704 081213.351 INFO             PET3 !!!                   ESMF_LOGKIND_Multi_On_Error  !!!
20220704 081213.351 INFO             PET3 !!!!!!!!!!!!!!!!!!!!!!!!!!!!!!!!!!!!!!!!!!!!!!!!!!!!!!
20220704 081213.351 INFO             PET3 Running with ESMF Version   : v8.4.0b02-7-g9328c9b05f
20220704 081213.351 INFO             PET3 ESMF library build date/time: "Jul  4 2022" "03:30:38"
20220704 081213.351 INFO             PET3 ESMF library build location : /global/cscratch1/sd/rsdunlap/esmf-testing/intel_19.1.2_mpi_g_develop
20220704 081213.351 INFO             PET3 ESMF_COMM                   : mpi
20220704 081213.353 INFO             PET3 ESMF_MOAB                   : enabled
20220704 081213.353 INFO             PET3 ESMF_LAPACK                 : enabled
20220704 081213.353 INFO             PET3 ESMF_NETCDF                 : enabled
20220704 081213.353 INFO             PET3 ESMF_PNETCDF                : disabled
20220704 081213.353 INFO             PET3 ESMF_PIO                    : enabled
20220704 081213.353 INFO             PET3 ESMF_YAMLCPP                : enabled
20220704 081213.370 INFO             PET3 ESMF_FieldRedistStoreNF(): Just entered routine.
20220704 081213.419 INFO             PET3 ESMF_FieldRedistStoreNF(): Leaving routine.
20220704 081213.423 INFO             PET3  NUMBER_OF_PROCESSORS           4
20220704 081213.423 INFO             PET3  PASS  Example ESMF_RHandleFromRHandleEx, ESMF_RHandleFromRHandleEx.F90, line 660
20220704 081213.423 INFO             PET3 Finalizing ESMF
