build time -- 2022-06-08 13:55:12
20220608 214554.141 INFO             PET0 !!!!!!!!!!!!!!!!!!!!!!!!!!!!!!!!!!!!!!!!!!!!!!!!!!!!!!
20220608 214554.141 INFO             PET0 !!! THE ESMF_LOG IS SET TO OUTPUT ALL LOG MESSAGES !!!
20220608 214554.141 INFO             PET0 !!!     THIS MAY CAUSE SLOWDOWN IN PERFORMANCE     !!!
20220608 214554.141 INFO             PET0 !!! FOR PRODUCTION RUNS, USE:                      !!!
20220608 214554.141 INFO             PET0 !!!                   ESMF_LOGKIND_Multi_On_Error  !!!
20220608 214554.141 INFO             PET0 !!!!!!!!!!!!!!!!!!!!!!!!!!!!!!!!!!!!!!!!!!!!!!!!!!!!!!
20220608 214554.141 INFO             PET0 Running with ESMF Version   : v8.4.0b01-2-gf0d4ab211d
20220608 214554.141 INFO             PET0 ESMF library build date/time: "Jun  8 2022" "13:53:23"
20220608 214554.141 INFO             PET0 ESMF library build location : /global/cscratch1/sd/rsdunlap/esmf-testing/intel_19.1.2_mpi_g_develop
20220608 214554.141 INFO             PET0 ESMF_COMM                   : mpi
20220608 214554.178 INFO             PET0 ESMF_MOAB                   : enabled
20220608 214554.178 INFO             PET0 ESMF_LAPACK                 : enabled
20220608 214554.178 INFO             PET0 ESMF_NETCDF                 : enabled
20220608 214554.178 INFO             PET0 ESMF_PNETCDF                : disabled
20220608 214554.178 INFO             PET0 ESMF_PIO                    : enabled
20220608 214554.178 INFO             PET0 ESMF_YAMLCPP                : enabled
20220608 214554.180 INFO             PET0 ESMF_FieldRedistStoreNF(): Just entered routine.
20220608 214554.181 INFO             PET0 ESMF_FieldRedistStoreNF(): Leaving routine.
20220608 214554.184 INFO             PET0 ESMF_FieldRedistStoreNF(): Just entered routine.
20220608 214554.184 INFO             PET0 ESMF_FieldRedistStoreNF(): Leaving routine.
20220608 214554.184 INFO             PET0 ESMF_FieldRedistStoreNF(): Just entered routine.
20220608 214554.185 INFO             PET0 ESMF_FieldRedistStoreNF(): Leaving routine.
20220608 214554.185 INFO             PET0  NUMBER_OF_PROCESSORS           4
20220608 214554.185 INFO             PET0  PASS  Example ESMF_FieldRedistEx, ESMF_FieldRedistEx.F90, line 521
20220608 214554.185 INFO             PET0 Finalizing ESMF
20220608 214554.140 INFO             PET1 !!!!!!!!!!!!!!!!!!!!!!!!!!!!!!!!!!!!!!!!!!!!!!!!!!!!!!
20220608 214554.140 INFO             PET1 !!! THE ESMF_LOG IS SET TO OUTPUT ALL LOG MESSAGES !!!
20220608 214554.140 INFO             PET1 !!!     THIS MAY CAUSE SLOWDOWN IN PERFORMANCE     !!!
20220608 214554.140 INFO             PET1 !!! FOR PRODUCTION RUNS, USE:                      !!!
20220608 214554.140 INFO             PET1 !!!                   ESMF_LOGKIND_Multi_On_Error  !!!
20220608 214554.140 INFO             PET1 !!!!!!!!!!!!!!!!!!!!!!!!!!!!!!!!!!!!!!!!!!!!!!!!!!!!!!
20220608 214554.140 INFO             PET1 Running with ESMF Version   : v8.4.0b01-2-gf0d4ab211d
20220608 214554.140 INFO             PET1 ESMF library build date/time: "Jun  8 2022" "13:53:23"
20220608 214554.140 INFO             PET1 ESMF library build location : /global/cscratch1/sd/rsdunlap/esmf-testing/intel_19.1.2_mpi_g_develop
20220608 214554.140 INFO             PET1 ESMF_COMM                   : mpi
20220608 214554.145 INFO             PET1 ESMF_MOAB                   : enabled
20220608 214554.145 INFO             PET1 ESMF_LAPACK                 : enabled
20220608 214554.145 INFO             PET1 ESMF_NETCDF                 : enabled
20220608 214554.145 INFO             PET1 ESMF_PNETCDF                : disabled
20220608 214554.145 INFO             PET1 ESMF_PIO                    : enabled
20220608 214554.145 INFO             PET1 ESMF_YAMLCPP                : enabled
20220608 214554.180 INFO             PET1 ESMF_FieldRedistStoreNF(): Just entered routine.
20220608 214554.181 INFO             PET1 ESMF_FieldRedistStoreNF(): Leaving routine.
20220608 214554.184 INFO             PET1 ESMF_FieldRedistStoreNF(): Just entered routine.
20220608 214554.184 INFO             PET1 ESMF_FieldRedistStoreNF(): Leaving routine.
20220608 214554.184 INFO             PET1 ESMF_FieldRedistStoreNF(): Just entered routine.
20220608 214554.185 INFO             PET1 ESMF_FieldRedistStoreNF(): Leaving routine.
20220608 214554.185 INFO             PET1  NUMBER_OF_PROCESSORS           4
20220608 214554.185 INFO             PET1  PASS  Example ESMF_FieldRedistEx, ESMF_FieldRedistEx.F90, line 521
20220608 214554.185 INFO             PET1 Finalizing ESMF
20220608 214554.142 INFO             PET2 !!!!!!!!!!!!!!!!!!!!!!!!!!!!!!!!!!!!!!!!!!!!!!!!!!!!!!
20220608 214554.142 INFO             PET2 !!! THE ESMF_LOG IS SET TO OUTPUT ALL LOG MESSAGES !!!
20220608 214554.142 INFO             PET2 !!!     THIS MAY CAUSE SLOWDOWN IN PERFORMANCE     !!!
20220608 214554.142 INFO             PET2 !!! FOR PRODUCTION RUNS, USE:                      !!!
20220608 214554.142 INFO             PET2 !!!                   ESMF_LOGKIND_Multi_On_Error  !!!
20220608 214554.142 INFO             PET2 !!!!!!!!!!!!!!!!!!!!!!!!!!!!!!!!!!!!!!!!!!!!!!!!!!!!!!
20220608 214554.142 INFO             PET2 Running with ESMF Version   : v8.4.0b01-2-gf0d4ab211d
20220608 214554.142 INFO             PET2 ESMF library build date/time: "Jun  8 2022" "13:53:23"
20220608 214554.142 INFO             PET2 ESMF library build location : /global/cscratch1/sd/rsdunlap/esmf-testing/intel_19.1.2_mpi_g_develop
20220608 214554.142 INFO             PET2 ESMF_COMM                   : mpi
20220608 214554.178 INFO             PET2 ESMF_MOAB                   : enabled
20220608 214554.178 INFO             PET2 ESMF_LAPACK                 : enabled
20220608 214554.178 INFO             PET2 ESMF_NETCDF                 : enabled
20220608 214554.178 INFO             PET2 ESMF_PNETCDF                : disabled
20220608 214554.178 INFO             PET2 ESMF_PIO                    : enabled
20220608 214554.178 INFO             PET2 ESMF_YAMLCPP                : enabled
20220608 214554.180 INFO             PET2 ESMF_FieldRedistStoreNF(): Just entered routine.
20220608 214554.181 INFO             PET2 ESMF_FieldRedistStoreNF(): Leaving routine.
20220608 214554.184 INFO             PET2 ESMF_FieldRedistStoreNF(): Just entered routine.
20220608 214554.184 INFO             PET2 ESMF_FieldRedistStoreNF(): Leaving routine.
20220608 214554.184 INFO             PET2 ESMF_FieldRedistStoreNF(): Just entered routine.
20220608 214554.185 INFO             PET2 ESMF_FieldRedistStoreNF(): Leaving routine.
20220608 214554.185 INFO             PET2  NUMBER_OF_PROCESSORS           4
20220608 214554.185 INFO             PET2  PASS  Example ESMF_FieldRedistEx, ESMF_FieldRedistEx.F90, line 521
20220608 214554.185 INFO             PET2 Finalizing ESMF
20220608 214554.140 INFO             PET3 !!!!!!!!!!!!!!!!!!!!!!!!!!!!!!!!!!!!!!!!!!!!!!!!!!!!!!
20220608 214554.140 INFO             PET3 !!! THE ESMF_LOG IS SET TO OUTPUT ALL LOG MESSAGES !!!
20220608 214554.140 INFO             PET3 !!!     THIS MAY CAUSE SLOWDOWN IN PERFORMANCE     !!!
20220608 214554.140 INFO             PET3 !!! FOR PRODUCTION RUNS, USE:                      !!!
20220608 214554.140 INFO             PET3 !!!                   ESMF_LOGKIND_Multi_On_Error  !!!
20220608 214554.140 INFO             PET3 !!!!!!!!!!!!!!!!!!!!!!!!!!!!!!!!!!!!!!!!!!!!!!!!!!!!!!
20220608 214554.140 INFO             PET3 Running with ESMF Version   : v8.4.0b01-2-gf0d4ab211d
20220608 214554.140 INFO             PET3 ESMF library build date/time: "Jun  8 2022" "13:53:23"
20220608 214554.140 INFO             PET3 ESMF library build location : /global/cscratch1/sd/rsdunlap/esmf-testing/intel_19.1.2_mpi_g_develop
20220608 214554.140 INFO             PET3 ESMF_COMM                   : mpi
20220608 214554.145 INFO             PET3 ESMF_MOAB                   : enabled
20220608 214554.145 INFO             PET3 ESMF_LAPACK                 : enabled
20220608 214554.145 INFO             PET3 ESMF_NETCDF                 : enabled
20220608 214554.145 INFO             PET3 ESMF_PNETCDF                : disabled
20220608 214554.145 INFO             PET3 ESMF_PIO                    : enabled
20220608 214554.145 INFO             PET3 ESMF_YAMLCPP                : enabled
20220608 214554.180 INFO             PET3 ESMF_FieldRedistStoreNF(): Just entered routine.
20220608 214554.181 INFO             PET3 ESMF_FieldRedistStoreNF(): Leaving routine.
20220608 214554.184 INFO             PET3 ESMF_FieldRedistStoreNF(): Just entered routine.
20220608 214554.184 INFO             PET3 ESMF_FieldRedistStoreNF(): Leaving routine.
20220608 214554.184 INFO             PET3 ESMF_FieldRedistStoreNF(): Just entered routine.
20220608 214554.185 INFO             PET3 ESMF_FieldRedistStoreNF(): Leaving routine.
20220608 214554.185 INFO             PET3  NUMBER_OF_PROCESSORS           4
20220608 214554.185 INFO             PET3  PASS  Example ESMF_FieldRedistEx, ESMF_FieldRedistEx.F90, line 521
20220608 214554.185 INFO             PET3 Finalizing ESMF
