build time -- 2022-07-05 02:56:51
20220705 085511.240 INFO             PET0 !!!!!!!!!!!!!!!!!!!!!!!!!!!!!!!!!!!!!!!!!!!!!!!!!!!!!!
20220705 085511.240 INFO             PET0 !!! THE ESMF_LOG IS SET TO OUTPUT ALL LOG MESSAGES !!!
20220705 085511.240 INFO             PET0 !!!     THIS MAY CAUSE SLOWDOWN IN PERFORMANCE     !!!
20220705 085511.240 INFO             PET0 !!! FOR PRODUCTION RUNS, USE:                      !!!
20220705 085511.240 INFO             PET0 !!!                   ESMF_LOGKIND_Multi_On_Error  !!!
20220705 085511.240 INFO             PET0 !!!!!!!!!!!!!!!!!!!!!!!!!!!!!!!!!!!!!!!!!!!!!!!!!!!!!!
20220705 085511.240 INFO             PET0 Running with ESMF Version   : v8.4.0b02-7-g9328c9b05f
20220705 085511.240 INFO             PET0 ESMF library build date/time: "Jul  5 2022" "02:55:12"
20220705 085511.240 INFO             PET0 ESMF library build location : /global/cscratch1/sd/rsdunlap/esmf-testing/intel_19.1.2_mpi_g_develop
20220705 085511.240 INFO             PET0 ESMF_COMM                   : mpi
20220705 085511.242 INFO             PET0 ESMF_MOAB                   : enabled
20220705 085511.242 INFO             PET0 ESMF_LAPACK                 : enabled
20220705 085511.242 INFO             PET0 ESMF_NETCDF                 : enabled
20220705 085511.242 INFO             PET0 ESMF_PNETCDF                : disabled
20220705 085511.242 INFO             PET0 ESMF_PIO                    : enabled
20220705 085511.242 INFO             PET0 ESMF_YAMLCPP                : enabled
20220705 085511.243 INFO             PET0  NUMBER_OF_PROCESSORS           4
20220705 085511.243 INFO             PET0  PASS  Example ESMF_VMUserMpiCommMultiEx, ESMF_VMUserMpiCommMultiEx.F90, line 126
20220705 085511.243 INFO             PET0 Finalizing ESMF
20220705 085511.241 INFO             PET0 !!!!!!!!!!!!!!!!!!!!!!!!!!!!!!!!!!!!!!!!!!!!!!!!!!!!!!
20220705 085511.241 INFO             PET0 !!! THE ESMF_LOG IS SET TO OUTPUT ALL LOG MESSAGES !!!
20220705 085511.241 INFO             PET0 !!!     THIS MAY CAUSE SLOWDOWN IN PERFORMANCE     !!!
20220705 085511.241 INFO             PET0 !!! FOR PRODUCTION RUNS, USE:                      !!!
20220705 085511.241 INFO             PET0 !!!                   ESMF_LOGKIND_Multi_On_Error  !!!
20220705 085511.241 INFO             PET0 !!!!!!!!!!!!!!!!!!!!!!!!!!!!!!!!!!!!!!!!!!!!!!!!!!!!!!
20220705 085511.241 INFO             PET0 Running with ESMF Version   : v8.4.0b02-7-g9328c9b05f
20220705 085511.241 INFO             PET0 ESMF library build date/time: "Jul  5 2022" "02:55:12"
20220705 085511.241 INFO             PET0 ESMF library build location : /global/cscratch1/sd/rsdunlap/esmf-testing/intel_19.1.2_mpi_g_develop
20220705 085511.241 INFO             PET0 ESMF_COMM                   : mpi
20220705 085511.242 INFO             PET0 ESMF_MOAB                   : enabled
20220705 085511.242 INFO             PET0 ESMF_LAPACK                 : enabled
20220705 085511.242 INFO             PET0 ESMF_NETCDF                 : enabled
20220705 085511.242 INFO             PET0 ESMF_PNETCDF                : disabled
20220705 085511.242 INFO             PET0 ESMF_PIO                    : enabled
20220705 085511.242 INFO             PET0 ESMF_YAMLCPP                : enabled
20220705 085511.242 INFO             PET0  NUMBER_OF_PROCESSORS           4
20220705 085511.242 INFO             PET0  PASS  Example ESMF_VMUserMpiCommMultiEx, ESMF_VMUserMpiCommMultiEx.F90, line 154
20220705 085511.242 INFO             PET0 Finalizing ESMF
20220705 085511.241 INFO             PET1 !!!!!!!!!!!!!!!!!!!!!!!!!!!!!!!!!!!!!!!!!!!!!!!!!!!!!!
20220705 085511.241 INFO             PET1 !!! THE ESMF_LOG IS SET TO OUTPUT ALL LOG MESSAGES !!!
20220705 085511.241 INFO             PET1 !!!     THIS MAY CAUSE SLOWDOWN IN PERFORMANCE     !!!
20220705 085511.241 INFO             PET1 !!! FOR PRODUCTION RUNS, USE:                      !!!
20220705 085511.241 INFO             PET1 !!!                   ESMF_LOGKIND_Multi_On_Error  !!!
20220705 085511.241 INFO             PET1 !!!!!!!!!!!!!!!!!!!!!!!!!!!!!!!!!!!!!!!!!!!!!!!!!!!!!!
20220705 085511.241 INFO             PET1 Running with ESMF Version   : v8.4.0b02-7-g9328c9b05f
20220705 085511.241 INFO             PET1 ESMF library build date/time: "Jul  5 2022" "02:55:12"
20220705 085511.241 INFO             PET1 ESMF library build location : /global/cscratch1/sd/rsdunlap/esmf-testing/intel_19.1.2_mpi_g_develop
20220705 085511.241 INFO             PET1 ESMF_COMM                   : mpi
20220705 085511.243 INFO             PET1 ESMF_MOAB                   : enabled
20220705 085511.243 INFO             PET1 ESMF_LAPACK                 : enabled
20220705 085511.243 INFO             PET1 ESMF_NETCDF                 : enabled
20220705 085511.243 INFO             PET1 ESMF_PNETCDF                : disabled
20220705 085511.243 INFO             PET1 ESMF_PIO                    : enabled
20220705 085511.243 INFO             PET1 ESMF_YAMLCPP                : enabled
20220705 085511.243 INFO             PET1  NUMBER_OF_PROCESSORS           4
20220705 085511.243 INFO             PET1  PASS  Example ESMF_VMUserMpiCommMultiEx, ESMF_VMUserMpiCommMultiEx.F90, line 126
20220705 085511.243 INFO             PET1 Finalizing ESMF
20220705 085511.240 INFO             PET1 !!!!!!!!!!!!!!!!!!!!!!!!!!!!!!!!!!!!!!!!!!!!!!!!!!!!!!
20220705 085511.240 INFO             PET1 !!! THE ESMF_LOG IS SET TO OUTPUT ALL LOG MESSAGES !!!
20220705 085511.240 INFO             PET1 !!!     THIS MAY CAUSE SLOWDOWN IN PERFORMANCE     !!!
20220705 085511.240 INFO             PET1 !!! FOR PRODUCTION RUNS, USE:                      !!!
20220705 085511.240 INFO             PET1 !!!                   ESMF_LOGKIND_Multi_On_Error  !!!
20220705 085511.240 INFO             PET1 !!!!!!!!!!!!!!!!!!!!!!!!!!!!!!!!!!!!!!!!!!!!!!!!!!!!!!
20220705 085511.240 INFO             PET1 Running with ESMF Version   : v8.4.0b02-7-g9328c9b05f
20220705 085511.240 INFO             PET1 ESMF library build date/time: "Jul  5 2022" "02:55:12"
20220705 085511.240 INFO             PET1 ESMF library build location : /global/cscratch1/sd/rsdunlap/esmf-testing/intel_19.1.2_mpi_g_develop
20220705 085511.240 INFO             PET1 ESMF_COMM                   : mpi
20220705 085511.242 INFO             PET1 ESMF_MOAB                   : enabled
20220705 085511.242 INFO             PET1 ESMF_LAPACK                 : enabled
20220705 085511.242 INFO             PET1 ESMF_NETCDF                 : enabled
20220705 085511.242 INFO             PET1 ESMF_PNETCDF                : disabled
20220705 085511.242 INFO             PET1 ESMF_PIO                    : enabled
20220705 085511.242 INFO             PET1 ESMF_YAMLCPP                : enabled
20220705 085511.242 INFO             PET1  NUMBER_OF_PROCESSORS           4
20220705 085511.242 INFO             PET1  PASS  Example ESMF_VMUserMpiCommMultiEx, ESMF_VMUserMpiCommMultiEx.F90, line 154
20220705 085511.242 INFO             PET1 Finalizing ESMF
