build time -- 2022-06-29 03:17:21
20220629 064314.802 INFO             PET0 !!!!!!!!!!!!!!!!!!!!!!!!!!!!!!!!!!!!!!!!!!!!!!!!!!!!!!
20220629 064314.802 INFO             PET0 !!! THE ESMF_LOG IS SET TO OUTPUT ALL LOG MESSAGES !!!
20220629 064314.802 INFO             PET0 !!!     THIS MAY CAUSE SLOWDOWN IN PERFORMANCE     !!!
20220629 064314.802 INFO             PET0 !!! FOR PRODUCTION RUNS, USE:                      !!!
20220629 064314.802 INFO             PET0 !!!                   ESMF_LOGKIND_Multi_On_Error  !!!
20220629 064314.802 INFO             PET0 !!!!!!!!!!!!!!!!!!!!!!!!!!!!!!!!!!!!!!!!!!!!!!!!!!!!!!
20220629 064314.802 INFO             PET0 Running with ESMF Version   : v8.4.0b01-2-gf0d4ab211d
20220629 064314.802 INFO             PET0 ESMF library build date/time: "Jun 29 2022" "03:13:13"
20220629 064314.802 INFO             PET0 ESMF library build location : /global/cscratch1/sd/rsdunlap/esmf-testing/intel_19.1.2_mpi_g_develop
20220629 064314.802 INFO             PET0 ESMF_COMM                   : mpi
20220629 064314.804 INFO             PET0 ESMF_MOAB                   : enabled
20220629 064314.804 INFO             PET0 ESMF_LAPACK                 : enabled
20220629 064314.804 INFO             PET0 ESMF_NETCDF                 : enabled
20220629 064314.804 INFO             PET0 ESMF_PNETCDF                : disabled
20220629 064314.804 INFO             PET0 ESMF_PIO                    : enabled
20220629 064314.804 INFO             PET0 ESMF_YAMLCPP                : enabled
20220629 064314.811 INFO             PET0  NUMBER_OF_PROCESSORS           1
20220629 064314.811 INFO             PET0  PASS  Example ESMF_XGridSparseMatEx, ESMF_XGridSparseMatEx.F90, line 642
20220629 064314.811 INFO             PET0 Finalizing ESMF
