build time -- 2022-07-13 03:48:43
20220713 083011.557 INFO             PET0 !!!!!!!!!!!!!!!!!!!!!!!!!!!!!!!!!!!!!!!!!!!!!!!!!!!!!!
20220713 083011.557 INFO             PET0 !!! THE ESMF_LOG IS SET TO OUTPUT ALL LOG MESSAGES !!!
20220713 083011.557 INFO             PET0 !!!     THIS MAY CAUSE SLOWDOWN IN PERFORMANCE     !!!
20220713 083011.557 INFO             PET0 !!! FOR PRODUCTION RUNS, USE:                      !!!
20220713 083011.557 INFO             PET0 !!!                   ESMF_LOGKIND_Multi_On_Error  !!!
20220713 083011.557 INFO             PET0 !!!!!!!!!!!!!!!!!!!!!!!!!!!!!!!!!!!!!!!!!!!!!!!!!!!!!!
20220713 083011.557 INFO             PET0 Running with ESMF Version   : v8.4.0b03-3-g14a79d558f
20220713 083011.557 INFO             PET0 ESMF library build date/time: "Jul 13 2022" "03:47:08"
20220713 083011.557 INFO             PET0 ESMF library build location : /global/cscratch1/sd/rsdunlap/esmf-testing/intel_19.1.2_mpi_g_develop
20220713 083011.557 INFO             PET0 ESMF_COMM                   : mpi
20220713 083011.559 INFO             PET0 ESMF_MOAB                   : enabled
20220713 083011.559 INFO             PET0 ESMF_LAPACK                 : enabled
20220713 083011.559 INFO             PET0 ESMF_NETCDF                 : enabled
20220713 083011.559 INFO             PET0 ESMF_PNETCDF                : disabled
20220713 083011.559 INFO             PET0 ESMF_PIO                    : enabled
20220713 083011.559 INFO             PET0 ESMF_YAMLCPP                : enabled
20220713 083011.607 DEBUG            PET0 about to destroy Grid: 0x100001e7610
20220713 083011.612 DEBUG            PET0 about to destroy Grid: 0x100001eabe0
20220713 083011.630 INFO             PET0  NUMBER_OF_PROCESSORS           4
20220713 083011.630 INFO             PET0  PASS  Example ESMF_NUOPCAtmModelEx, ESMF_NUOPCAtmModelEx.F90, line 806
20220713 083011.630 INFO             PET0 Finalizing ESMF
20220713 083011.557 INFO             PET1 !!!!!!!!!!!!!!!!!!!!!!!!!!!!!!!!!!!!!!!!!!!!!!!!!!!!!!
20220713 083011.557 INFO             PET1 !!! THE ESMF_LOG IS SET TO OUTPUT ALL LOG MESSAGES !!!
20220713 083011.557 INFO             PET1 !!!     THIS MAY CAUSE SLOWDOWN IN PERFORMANCE     !!!
20220713 083011.557 INFO             PET1 !!! FOR PRODUCTION RUNS, USE:                      !!!
20220713 083011.557 INFO             PET1 !!!                   ESMF_LOGKIND_Multi_On_Error  !!!
20220713 083011.557 INFO             PET1 !!!!!!!!!!!!!!!!!!!!!!!!!!!!!!!!!!!!!!!!!!!!!!!!!!!!!!
20220713 083011.557 INFO             PET1 Running with ESMF Version   : v8.4.0b03-3-g14a79d558f
20220713 083011.557 INFO             PET1 ESMF library build date/time: "Jul 13 2022" "03:47:08"
20220713 083011.557 INFO             PET1 ESMF library build location : /global/cscratch1/sd/rsdunlap/esmf-testing/intel_19.1.2_mpi_g_develop
20220713 083011.557 INFO             PET1 ESMF_COMM                   : mpi
20220713 083011.559 INFO             PET1 ESMF_MOAB                   : enabled
20220713 083011.559 INFO             PET1 ESMF_LAPACK                 : enabled
20220713 083011.559 INFO             PET1 ESMF_NETCDF                 : enabled
20220713 083011.559 INFO             PET1 ESMF_PNETCDF                : disabled
20220713 083011.559 INFO             PET1 ESMF_PIO                    : enabled
20220713 083011.559 INFO             PET1 ESMF_YAMLCPP                : enabled
20220713 083011.607 DEBUG            PET1 about to destroy Grid: 0x100001e4730
20220713 083011.612 DEBUG            PET1 about to destroy Grid: 0x100001e86e0
20220713 083011.630 INFO             PET1  NUMBER_OF_PROCESSORS           4
20220713 083011.630 INFO             PET1  PASS  Example ESMF_NUOPCAtmModelEx, ESMF_NUOPCAtmModelEx.F90, line 806
20220713 083011.630 INFO             PET1 Finalizing ESMF
20220713 083011.557 INFO             PET2 !!!!!!!!!!!!!!!!!!!!!!!!!!!!!!!!!!!!!!!!!!!!!!!!!!!!!!
20220713 083011.557 INFO             PET2 !!! THE ESMF_LOG IS SET TO OUTPUT ALL LOG MESSAGES !!!
20220713 083011.557 INFO             PET2 !!!     THIS MAY CAUSE SLOWDOWN IN PERFORMANCE     !!!
20220713 083011.557 INFO             PET2 !!! FOR PRODUCTION RUNS, USE:                      !!!
20220713 083011.557 INFO             PET2 !!!                   ESMF_LOGKIND_Multi_On_Error  !!!
20220713 083011.557 INFO             PET2 !!!!!!!!!!!!!!!!!!!!!!!!!!!!!!!!!!!!!!!!!!!!!!!!!!!!!!
20220713 083011.557 INFO             PET2 Running with ESMF Version   : v8.4.0b03-3-g14a79d558f
20220713 083011.557 INFO             PET2 ESMF library build date/time: "Jul 13 2022" "03:47:08"
20220713 083011.557 INFO             PET2 ESMF library build location : /global/cscratch1/sd/rsdunlap/esmf-testing/intel_19.1.2_mpi_g_develop
20220713 083011.557 INFO             PET2 ESMF_COMM                   : mpi
20220713 083011.559 INFO             PET2 ESMF_MOAB                   : enabled
20220713 083011.559 INFO             PET2 ESMF_LAPACK                 : enabled
20220713 083011.559 INFO             PET2 ESMF_NETCDF                 : enabled
20220713 083011.559 INFO             PET2 ESMF_PNETCDF                : disabled
20220713 083011.559 INFO             PET2 ESMF_PIO                    : enabled
20220713 083011.559 INFO             PET2 ESMF_YAMLCPP                : enabled
20220713 083011.607 DEBUG            PET2 about to destroy Grid: 0x100001e4c20
20220713 083011.612 DEBUG            PET2 about to destroy Grid: 0x100001e8bb0
20220713 083011.630 INFO             PET2  NUMBER_OF_PROCESSORS           4
20220713 083011.630 INFO             PET2  PASS  Example ESMF_NUOPCAtmModelEx, ESMF_NUOPCAtmModelEx.F90, line 806
20220713 083011.630 INFO             PET2 Finalizing ESMF
20220713 083011.556 INFO             PET3 !!!!!!!!!!!!!!!!!!!!!!!!!!!!!!!!!!!!!!!!!!!!!!!!!!!!!!
20220713 083011.556 INFO             PET3 !!! THE ESMF_LOG IS SET TO OUTPUT ALL LOG MESSAGES !!!
20220713 083011.556 INFO             PET3 !!!     THIS MAY CAUSE SLOWDOWN IN PERFORMANCE     !!!
20220713 083011.556 INFO             PET3 !!! FOR PRODUCTION RUNS, USE:                      !!!
20220713 083011.556 INFO             PET3 !!!                   ESMF_LOGKIND_Multi_On_Error  !!!
20220713 083011.556 INFO             PET3 !!!!!!!!!!!!!!!!!!!!!!!!!!!!!!!!!!!!!!!!!!!!!!!!!!!!!!
20220713 083011.556 INFO             PET3 Running with ESMF Version   : v8.4.0b03-3-g14a79d558f
20220713 083011.556 INFO             PET3 ESMF library build date/time: "Jul 13 2022" "03:47:08"
20220713 083011.556 INFO             PET3 ESMF library build location : /global/cscratch1/sd/rsdunlap/esmf-testing/intel_19.1.2_mpi_g_develop
20220713 083011.556 INFO             PET3 ESMF_COMM                   : mpi
20220713 083011.558 INFO             PET3 ESMF_MOAB                   : enabled
20220713 083011.558 INFO             PET3 ESMF_LAPACK                 : enabled
20220713 083011.558 INFO             PET3 ESMF_NETCDF                 : enabled
20220713 083011.558 INFO             PET3 ESMF_PNETCDF                : disabled
20220713 083011.558 INFO             PET3 ESMF_PIO                    : enabled
20220713 083011.558 INFO             PET3 ESMF_YAMLCPP                : enabled
20220713 083011.607 DEBUG            PET3 about to destroy Grid: 0x100001e6e90
20220713 083011.612 DEBUG            PET3 about to destroy Grid: 0x100001e87a0
20220713 083011.630 INFO             PET3  NUMBER_OF_PROCESSORS           4
20220713 083011.630 INFO             PET3  PASS  Example ESMF_NUOPCAtmModelEx, ESMF_NUOPCAtmModelEx.F90, line 806
20220713 083011.630 INFO             PET3 Finalizing ESMF
