build time -- 2022-06-23 03:57:57
20220623 065907.708 INFO             PET0 !!!!!!!!!!!!!!!!!!!!!!!!!!!!!!!!!!!!!!!!!!!!!!!!!!!!!!
20220623 065907.708 INFO             PET0 !!! THE ESMF_LOG IS SET TO OUTPUT ALL LOG MESSAGES !!!
20220623 065907.708 INFO             PET0 !!!     THIS MAY CAUSE SLOWDOWN IN PERFORMANCE     !!!
20220623 065907.708 INFO             PET0 !!! FOR PRODUCTION RUNS, USE:                      !!!
20220623 065907.708 INFO             PET0 !!!                   ESMF_LOGKIND_Multi_On_Error  !!!
20220623 065907.708 INFO             PET0 !!!!!!!!!!!!!!!!!!!!!!!!!!!!!!!!!!!!!!!!!!!!!!!!!!!!!!
20220623 065907.708 INFO             PET0 Running with ESMF Version   : v8.4.0b01-2-gf0d4ab211d
20220623 065907.708 INFO             PET0 ESMF library build date/time: "Jun 23 2022" "03:56:09"
20220623 065907.708 INFO             PET0 ESMF library build location : /global/cscratch1/sd/rsdunlap/esmf-testing/intel_19.1.2_mpi_g_develop
20220623 065907.708 INFO             PET0 ESMF_COMM                   : mpi
20220623 065907.710 INFO             PET0 ESMF_MOAB                   : enabled
20220623 065907.710 INFO             PET0 ESMF_LAPACK                 : enabled
20220623 065907.710 INFO             PET0 ESMF_NETCDF                 : enabled
20220623 065907.710 INFO             PET0 ESMF_PNETCDF                : disabled
20220623 065907.710 INFO             PET0 ESMF_PIO                    : enabled
20220623 065907.710 INFO             PET0 ESMF_YAMLCPP                : enabled
20220623 065907.711 INFO             PET0  NUMBER_OF_PROCESSORS           1
20220623 065907.711 INFO             PET0  PASS  Example ESMF_AlarmEx, ESMF_AlarmEx.F90, line 244
20220623 065907.711 INFO             PET0 Finalizing ESMF
