build time -- 2022-06-29 03:17:21
20220629 064453.459 INFO             PET0 !!!!!!!!!!!!!!!!!!!!!!!!!!!!!!!!!!!!!!!!!!!!!!!!!!!!!!
20220629 064453.464 INFO             PET0 !!! THE ESMF_LOG IS SET TO OUTPUT ALL LOG MESSAGES !!!
20220629 064453.464 INFO             PET0 !!!     THIS MAY CAUSE SLOWDOWN IN PERFORMANCE     !!!
20220629 064453.464 INFO             PET0 !!! FOR PRODUCTION RUNS, USE:                      !!!
20220629 064453.464 INFO             PET0 !!!                   ESMF_LOGKIND_Multi_On_Error  !!!
20220629 064453.464 INFO             PET0 !!!!!!!!!!!!!!!!!!!!!!!!!!!!!!!!!!!!!!!!!!!!!!!!!!!!!!
20220629 064453.464 INFO             PET0 Running with ESMF Version   : v8.4.0b01-2-gf0d4ab211d
20220629 064453.465 INFO             PET0 ESMF library build date/time: "Jun 29 2022" "03:13:13"
20220629 064453.465 INFO             PET0 ESMF library build location : /global/cscratch1/sd/rsdunlap/esmf-testing/intel_19.1.2_mpi_g_develop
20220629 064453.465 INFO             PET0 ESMF_COMM                   : mpi
20220629 064453.490 INFO             PET0 ESMF_MOAB                   : enabled
20220629 064453.490 INFO             PET0 ESMF_LAPACK                 : enabled
20220629 064453.490 INFO             PET0 ESMF_NETCDF                 : enabled
20220629 064453.490 INFO             PET0 ESMF_PNETCDF                : disabled
20220629 064453.491 INFO             PET0 ESMF_PIO                    : enabled
20220629 064453.491 INFO             PET0 ESMF_YAMLCPP                : enabled
20220629 064453.547 ERROR            PET0 ESMF_StateAPI.cppF90:1189 ESMF_StateAddList Object being used before creation  - Bad Object
20220629 064453.605 INFO             PET0  NUMBER_OF_PROCESSORS           4
20220629 064453.605 INFO             PET0  PASS  Example ESMF_StateReconcileEx, ESMF_StateReconcileEx.F90, line 294
20220629 064453.606 INFO             PET0 Finalizing ESMF
20220629 064453.459 INFO             PET1 !!!!!!!!!!!!!!!!!!!!!!!!!!!!!!!!!!!!!!!!!!!!!!!!!!!!!!
20220629 064453.464 INFO             PET1 !!! THE ESMF_LOG IS SET TO OUTPUT ALL LOG MESSAGES !!!
20220629 064453.464 INFO             PET1 !!!     THIS MAY CAUSE SLOWDOWN IN PERFORMANCE     !!!
20220629 064453.464 INFO             PET1 !!! FOR PRODUCTION RUNS, USE:                      !!!
20220629 064453.464 INFO             PET1 !!!                   ESMF_LOGKIND_Multi_On_Error  !!!
20220629 064453.464 INFO             PET1 !!!!!!!!!!!!!!!!!!!!!!!!!!!!!!!!!!!!!!!!!!!!!!!!!!!!!!
20220629 064453.464 INFO             PET1 Running with ESMF Version   : v8.4.0b01-2-gf0d4ab211d
20220629 064453.465 INFO             PET1 ESMF library build date/time: "Jun 29 2022" "03:13:13"
20220629 064453.465 INFO             PET1 ESMF library build location : /global/cscratch1/sd/rsdunlap/esmf-testing/intel_19.1.2_mpi_g_develop
20220629 064453.465 INFO             PET1 ESMF_COMM                   : mpi
20220629 064453.490 INFO             PET1 ESMF_MOAB                   : enabled
20220629 064453.490 INFO             PET1 ESMF_LAPACK                 : enabled
20220629 064453.490 INFO             PET1 ESMF_NETCDF                 : enabled
20220629 064453.490 INFO             PET1 ESMF_PNETCDF                : disabled
20220629 064453.491 INFO             PET1 ESMF_PIO                    : enabled
20220629 064453.491 INFO             PET1 ESMF_YAMLCPP                : enabled
20220629 064453.547 ERROR            PET1 ESMF_StateAPI.cppF90:1189 ESMF_StateAddList Object being used before creation  - Bad Object
20220629 064453.605 INFO             PET1  NUMBER_OF_PROCESSORS           4
20220629 064453.605 INFO             PET1  PASS  Example ESMF_StateReconcileEx, ESMF_StateReconcileEx.F90, line 294
20220629 064453.606 INFO             PET1 Finalizing ESMF
20220629 064453.459 INFO             PET2 !!!!!!!!!!!!!!!!!!!!!!!!!!!!!!!!!!!!!!!!!!!!!!!!!!!!!!
20220629 064453.464 INFO             PET2 !!! THE ESMF_LOG IS SET TO OUTPUT ALL LOG MESSAGES !!!
20220629 064453.464 INFO             PET2 !!!     THIS MAY CAUSE SLOWDOWN IN PERFORMANCE     !!!
20220629 064453.464 INFO             PET2 !!! FOR PRODUCTION RUNS, USE:                      !!!
20220629 064453.464 INFO             PET2 !!!                   ESMF_LOGKIND_Multi_On_Error  !!!
20220629 064453.464 INFO             PET2 !!!!!!!!!!!!!!!!!!!!!!!!!!!!!!!!!!!!!!!!!!!!!!!!!!!!!!
20220629 064453.464 INFO             PET2 Running with ESMF Version   : v8.4.0b01-2-gf0d4ab211d
20220629 064453.465 INFO             PET2 ESMF library build date/time: "Jun 29 2022" "03:13:13"
20220629 064453.465 INFO             PET2 ESMF library build location : /global/cscratch1/sd/rsdunlap/esmf-testing/intel_19.1.2_mpi_g_develop
20220629 064453.465 INFO             PET2 ESMF_COMM                   : mpi
20220629 064453.490 INFO             PET2 ESMF_MOAB                   : enabled
20220629 064453.490 INFO             PET2 ESMF_LAPACK                 : enabled
20220629 064453.490 INFO             PET2 ESMF_NETCDF                 : enabled
20220629 064453.490 INFO             PET2 ESMF_PNETCDF                : disabled
20220629 064453.491 INFO             PET2 ESMF_PIO                    : enabled
20220629 064453.491 INFO             PET2 ESMF_YAMLCPP                : enabled
20220629 064453.547 ERROR            PET2 ESMF_StateAPI.cppF90:1189 ESMF_StateAddList Object being used before creation  - Bad Object
20220629 064453.605 INFO             PET2  NUMBER_OF_PROCESSORS           4
20220629 064453.605 INFO             PET2  PASS  Example ESMF_StateReconcileEx, ESMF_StateReconcileEx.F90, line 294
20220629 064453.606 INFO             PET2 Finalizing ESMF
20220629 064453.459 INFO             PET3 !!!!!!!!!!!!!!!!!!!!!!!!!!!!!!!!!!!!!!!!!!!!!!!!!!!!!!
20220629 064453.464 INFO             PET3 !!! THE ESMF_LOG IS SET TO OUTPUT ALL LOG MESSAGES !!!
20220629 064453.464 INFO             PET3 !!!     THIS MAY CAUSE SLOWDOWN IN PERFORMANCE     !!!
20220629 064453.464 INFO             PET3 !!! FOR PRODUCTION RUNS, USE:                      !!!
20220629 064453.464 INFO             PET3 !!!                   ESMF_LOGKIND_Multi_On_Error  !!!
20220629 064453.464 INFO             PET3 !!!!!!!!!!!!!!!!!!!!!!!!!!!!!!!!!!!!!!!!!!!!!!!!!!!!!!
20220629 064453.464 INFO             PET3 Running with ESMF Version   : v8.4.0b01-2-gf0d4ab211d
20220629 064453.465 INFO             PET3 ESMF library build date/time: "Jun 29 2022" "03:13:13"
20220629 064453.465 INFO             PET3 ESMF library build location : /global/cscratch1/sd/rsdunlap/esmf-testing/intel_19.1.2_mpi_g_develop
20220629 064453.465 INFO             PET3 ESMF_COMM                   : mpi
20220629 064453.490 INFO             PET3 ESMF_MOAB                   : enabled
20220629 064453.490 INFO             PET3 ESMF_LAPACK                 : enabled
20220629 064453.490 INFO             PET3 ESMF_NETCDF                 : enabled
20220629 064453.490 INFO             PET3 ESMF_PNETCDF                : disabled
20220629 064453.491 INFO             PET3 ESMF_PIO                    : enabled
20220629 064453.491 INFO             PET3 ESMF_YAMLCPP                : enabled
20220629 064453.547 ERROR            PET3 ESMF_StateAPI.cppF90:1189 ESMF_StateAddList Object being used before creation  - Bad Object
20220629 064453.605 INFO             PET3  NUMBER_OF_PROCESSORS           4
20220629 064453.605 INFO             PET3  PASS  Example ESMF_StateReconcileEx, ESMF_StateReconcileEx.F90, line 294
20220629 064453.606 INFO             PET3 Finalizing ESMF
