build time -- 2022-07-16 04:18:49.677309
20220716 043657.076 INFO             PET0 !!!!!!!!!!!!!!!!!!!!!!!!!!!!!!!!!!!!!!!!!!!!!!!!!!!!!!
20220716 043657.076 INFO             PET0 !!! THE ESMF_LOG IS SET TO OUTPUT ALL LOG MESSAGES !!!
20220716 043657.076 INFO             PET0 !!!     THIS MAY CAUSE SLOWDOWN IN PERFORMANCE     !!!
20220716 043657.076 INFO             PET0 !!! FOR PRODUCTION RUNS, USE:                      !!!
20220716 043657.076 INFO             PET0 !!!                   ESMF_LOGKIND_Multi_On_Error  !!!
20220716 043657.076 INFO             PET0 !!!!!!!!!!!!!!!!!!!!!!!!!!!!!!!!!!!!!!!!!!!!!!!!!!!!!!
20220716 043657.076 INFO             PET0 Running with ESMF Version   : v8.4.0b04-2-gc831a7cd4a
20220716 043657.076 INFO             PET0 ESMF library build date/time: "Jul 16 2022" "04:17:40"
20220716 043657.076 INFO             PET0 ESMF library build location : /home/mpotts/intel_2021.2_intelmpi_g_develop
20220716 043657.076 INFO             PET0 ESMF_COMM                   : intelmpi
20220716 043657.077 INFO             PET0 ESMF_MOAB                   : enabled
20220716 043657.077 INFO             PET0 ESMF_LAPACK                 : enabled
20220716 043657.077 INFO             PET0 ESMF_NETCDF                 : enabled
20220716 043657.077 INFO             PET0 ESMF_PNETCDF                : disabled
20220716 043657.077 INFO             PET0 ESMF_PIO                    : enabled
20220716 043657.077 INFO             PET0 ESMF_YAMLCPP                : enabled
20220716 043657.078 INFO             PET0  NUMBER_OF_PROCESSORS           1
20220716 043657.078 INFO             PET0  PASS  Example ESMF_ClockEx, ESMF_ClockEx.F90, line 220
20220716 043657.078 INFO             PET0 Finalizing ESMF
