build time -- 2022-06-30 02:58:43.309826
20220630 031642.012 INFO             PET0 !!!!!!!!!!!!!!!!!!!!!!!!!!!!!!!!!!!!!!!!!!!!!!!!!!!!!!
20220630 031642.012 INFO             PET0 !!! THE ESMF_LOG IS SET TO OUTPUT ALL LOG MESSAGES !!!
20220630 031642.012 INFO             PET0 !!!     THIS MAY CAUSE SLOWDOWN IN PERFORMANCE     !!!
20220630 031642.012 INFO             PET0 !!! FOR PRODUCTION RUNS, USE:                      !!!
20220630 031642.012 INFO             PET0 !!!                   ESMF_LOGKIND_Multi_On_Error  !!!
20220630 031642.012 INFO             PET0 !!!!!!!!!!!!!!!!!!!!!!!!!!!!!!!!!!!!!!!!!!!!!!!!!!!!!!
20220630 031642.012 INFO             PET0 Running with ESMF Version   : v8.4.0b01-4-g992fafaac4
20220630 031642.012 INFO             PET0 ESMF library build date/time: "Jun 30 2022" "02:57:30"
20220630 031642.012 INFO             PET0 ESMF library build location : /home/mpotts/intel_2021.2_intelmpi_g_develop
20220630 031642.012 INFO             PET0 ESMF_COMM                   : intelmpi
20220630 031642.027 INFO             PET0 ESMF_MOAB                   : enabled
20220630 031642.027 INFO             PET0 ESMF_LAPACK                 : enabled
20220630 031642.027 INFO             PET0 ESMF_NETCDF                 : enabled
20220630 031642.027 INFO             PET0 ESMF_PNETCDF                : disabled
20220630 031642.027 INFO             PET0 ESMF_PIO                    : enabled
20220630 031642.027 INFO             PET0 ESMF_YAMLCPP                : enabled
20220630 031642.028 INFO             PET0  NUMBER_OF_PROCESSORS           4
20220630 031642.028 INFO             PET0  PASS  Example ESMF_VMUserMpiCommMultiEx, ESMF_VMUserMpiCommMultiEx.F90, line 126
20220630 031642.028 INFO             PET0 Finalizing ESMF
20220630 031642.029 INFO             PET0 !!!!!!!!!!!!!!!!!!!!!!!!!!!!!!!!!!!!!!!!!!!!!!!!!!!!!!
20220630 031642.029 INFO             PET0 !!! THE ESMF_LOG IS SET TO OUTPUT ALL LOG MESSAGES !!!
20220630 031642.029 INFO             PET0 !!!     THIS MAY CAUSE SLOWDOWN IN PERFORMANCE     !!!
20220630 031642.029 INFO             PET0 !!! FOR PRODUCTION RUNS, USE:                      !!!
20220630 031642.029 INFO             PET0 !!!                   ESMF_LOGKIND_Multi_On_Error  !!!
20220630 031642.029 INFO             PET0 !!!!!!!!!!!!!!!!!!!!!!!!!!!!!!!!!!!!!!!!!!!!!!!!!!!!!!
20220630 031642.029 INFO             PET0 Running with ESMF Version   : v8.4.0b01-4-g992fafaac4
20220630 031642.029 INFO             PET0 ESMF library build date/time: "Jun 30 2022" "02:57:30"
20220630 031642.029 INFO             PET0 ESMF library build location : /home/mpotts/intel_2021.2_intelmpi_g_develop
20220630 031642.029 INFO             PET0 ESMF_COMM                   : intelmpi
20220630 031642.029 INFO             PET0 ESMF_MOAB                   : enabled
20220630 031642.029 INFO             PET0 ESMF_LAPACK                 : enabled
20220630 031642.029 INFO             PET0 ESMF_NETCDF                 : enabled
20220630 031642.029 INFO             PET0 ESMF_PNETCDF                : disabled
20220630 031642.029 INFO             PET0 ESMF_PIO                    : enabled
20220630 031642.029 INFO             PET0 ESMF_YAMLCPP                : enabled
20220630 031642.030 INFO             PET0  NUMBER_OF_PROCESSORS           4
20220630 031642.030 INFO             PET0  PASS  Example ESMF_VMUserMpiCommMultiEx, ESMF_VMUserMpiCommMultiEx.F90, line 154
20220630 031642.030 INFO             PET0 Finalizing ESMF
20220630 031642.012 INFO             PET1 !!!!!!!!!!!!!!!!!!!!!!!!!!!!!!!!!!!!!!!!!!!!!!!!!!!!!!
20220630 031642.012 INFO             PET1 !!! THE ESMF_LOG IS SET TO OUTPUT ALL LOG MESSAGES !!!
20220630 031642.012 INFO             PET1 !!!     THIS MAY CAUSE SLOWDOWN IN PERFORMANCE     !!!
20220630 031642.012 INFO             PET1 !!! FOR PRODUCTION RUNS, USE:                      !!!
20220630 031642.012 INFO             PET1 !!!                   ESMF_LOGKIND_Multi_On_Error  !!!
20220630 031642.012 INFO             PET1 !!!!!!!!!!!!!!!!!!!!!!!!!!!!!!!!!!!!!!!!!!!!!!!!!!!!!!
20220630 031642.012 INFO             PET1 Running with ESMF Version   : v8.4.0b01-4-g992fafaac4
20220630 031642.012 INFO             PET1 ESMF library build date/time: "Jun 30 2022" "02:57:30"
20220630 031642.012 INFO             PET1 ESMF library build location : /home/mpotts/intel_2021.2_intelmpi_g_develop
20220630 031642.012 INFO             PET1 ESMF_COMM                   : intelmpi
20220630 031642.027 INFO             PET1 ESMF_MOAB                   : enabled
20220630 031642.027 INFO             PET1 ESMF_LAPACK                 : enabled
20220630 031642.027 INFO             PET1 ESMF_NETCDF                 : enabled
20220630 031642.027 INFO             PET1 ESMF_PNETCDF                : disabled
20220630 031642.027 INFO             PET1 ESMF_PIO                    : enabled
20220630 031642.027 INFO             PET1 ESMF_YAMLCPP                : enabled
20220630 031642.028 INFO             PET1  NUMBER_OF_PROCESSORS           4
20220630 031642.028 INFO             PET1  PASS  Example ESMF_VMUserMpiCommMultiEx, ESMF_VMUserMpiCommMultiEx.F90, line 126
20220630 031642.028 INFO             PET1 Finalizing ESMF
20220630 031642.029 INFO             PET1 !!!!!!!!!!!!!!!!!!!!!!!!!!!!!!!!!!!!!!!!!!!!!!!!!!!!!!
20220630 031642.029 INFO             PET1 !!! THE ESMF_LOG IS SET TO OUTPUT ALL LOG MESSAGES !!!
20220630 031642.029 INFO             PET1 !!!     THIS MAY CAUSE SLOWDOWN IN PERFORMANCE     !!!
20220630 031642.029 INFO             PET1 !!! FOR PRODUCTION RUNS, USE:                      !!!
20220630 031642.029 INFO             PET1 !!!                   ESMF_LOGKIND_Multi_On_Error  !!!
20220630 031642.029 INFO             PET1 !!!!!!!!!!!!!!!!!!!!!!!!!!!!!!!!!!!!!!!!!!!!!!!!!!!!!!
20220630 031642.029 INFO             PET1 Running with ESMF Version   : v8.4.0b01-4-g992fafaac4
20220630 031642.029 INFO             PET1 ESMF library build date/time: "Jun 30 2022" "02:57:30"
20220630 031642.029 INFO             PET1 ESMF library build location : /home/mpotts/intel_2021.2_intelmpi_g_develop
20220630 031642.029 INFO             PET1 ESMF_COMM                   : intelmpi
20220630 031642.029 INFO             PET1 ESMF_MOAB                   : enabled
20220630 031642.029 INFO             PET1 ESMF_LAPACK                 : enabled
20220630 031642.029 INFO             PET1 ESMF_NETCDF                 : enabled
20220630 031642.029 INFO             PET1 ESMF_PNETCDF                : disabled
20220630 031642.029 INFO             PET1 ESMF_PIO                    : enabled
20220630 031642.029 INFO             PET1 ESMF_YAMLCPP                : enabled
20220630 031642.030 INFO             PET1  NUMBER_OF_PROCESSORS           4
20220630 031642.030 INFO             PET1  PASS  Example ESMF_VMUserMpiCommMultiEx, ESMF_VMUserMpiCommMultiEx.F90, line 154
20220630 031642.030 INFO             PET1 Finalizing ESMF
