build time -- 2022-06-28 02:56:38.052431
20220628 031613.393 INFO             PET0 !!!!!!!!!!!!!!!!!!!!!!!!!!!!!!!!!!!!!!!!!!!!!!!!!!!!!!
20220628 031613.393 INFO             PET0 !!! THE ESMF_LOG IS SET TO OUTPUT ALL LOG MESSAGES !!!
20220628 031613.393 INFO             PET0 !!!     THIS MAY CAUSE SLOWDOWN IN PERFORMANCE     !!!
20220628 031613.393 INFO             PET0 !!! FOR PRODUCTION RUNS, USE:                      !!!
20220628 031613.393 INFO             PET0 !!!                   ESMF_LOGKIND_Multi_On_Error  !!!
20220628 031613.393 INFO             PET0 !!!!!!!!!!!!!!!!!!!!!!!!!!!!!!!!!!!!!!!!!!!!!!!!!!!!!!
20220628 031613.393 INFO             PET0 Running with ESMF Version   : v8.4.0b01-2-gf0d4ab211d
20220628 031613.393 INFO             PET0 ESMF library build date/time: "Jun 28 2022" "02:55:34"
20220628 031613.393 INFO             PET0 ESMF library build location : /home/mpotts/intel_2021.2_intelmpi_g_develop
20220628 031613.393 INFO             PET0 ESMF_COMM                   : intelmpi
20220628 031613.394 INFO             PET0 ESMF_MOAB                   : enabled
20220628 031613.394 INFO             PET0 ESMF_LAPACK                 : enabled
20220628 031613.394 INFO             PET0 ESMF_NETCDF                 : enabled
20220628 031613.394 INFO             PET0 ESMF_PNETCDF                : disabled
20220628 031613.394 INFO             PET0 ESMF_PIO                    : enabled
20220628 031613.394 INFO             PET0 ESMF_YAMLCPP                : enabled
20220628 031613.496 DEBUG            PET0 about to destroy Grid: 0xd56c00
20220628 031613.508 DEBUG            PET0 about to destroy Grid: 0xd57d60
20220628 031613.539 INFO             PET0  NUMBER_OF_PROCESSORS           4
20220628 031613.539 INFO             PET0  PASS  Example ESMF_NUOPCAtmModelEx, ESMF_NUOPCAtmModelEx.F90, line 806
20220628 031613.539 INFO             PET0 Finalizing ESMF
20220628 031613.393 INFO             PET1 !!!!!!!!!!!!!!!!!!!!!!!!!!!!!!!!!!!!!!!!!!!!!!!!!!!!!!
20220628 031613.393 INFO             PET1 !!! THE ESMF_LOG IS SET TO OUTPUT ALL LOG MESSAGES !!!
20220628 031613.393 INFO             PET1 !!!     THIS MAY CAUSE SLOWDOWN IN PERFORMANCE     !!!
20220628 031613.393 INFO             PET1 !!! FOR PRODUCTION RUNS, USE:                      !!!
20220628 031613.393 INFO             PET1 !!!                   ESMF_LOGKIND_Multi_On_Error  !!!
20220628 031613.393 INFO             PET1 !!!!!!!!!!!!!!!!!!!!!!!!!!!!!!!!!!!!!!!!!!!!!!!!!!!!!!
20220628 031613.393 INFO             PET1 Running with ESMF Version   : v8.4.0b01-2-gf0d4ab211d
20220628 031613.393 INFO             PET1 ESMF library build date/time: "Jun 28 2022" "02:55:34"
20220628 031613.393 INFO             PET1 ESMF library build location : /home/mpotts/intel_2021.2_intelmpi_g_develop
20220628 031613.393 INFO             PET1 ESMF_COMM                   : intelmpi
20220628 031613.394 INFO             PET1 ESMF_MOAB                   : enabled
20220628 031613.394 INFO             PET1 ESMF_LAPACK                 : enabled
20220628 031613.394 INFO             PET1 ESMF_NETCDF                 : enabled
20220628 031613.394 INFO             PET1 ESMF_PNETCDF                : disabled
20220628 031613.394 INFO             PET1 ESMF_PIO                    : enabled
20220628 031613.394 INFO             PET1 ESMF_YAMLCPP                : enabled
20220628 031613.496 DEBUG            PET1 about to destroy Grid: 0xc7d2a0
20220628 031613.508 DEBUG            PET1 about to destroy Grid: 0xc7df80
20220628 031613.539 INFO             PET1  NUMBER_OF_PROCESSORS           4
20220628 031613.539 INFO             PET1  PASS  Example ESMF_NUOPCAtmModelEx, ESMF_NUOPCAtmModelEx.F90, line 806
20220628 031613.539 INFO             PET1 Finalizing ESMF
20220628 031613.393 INFO             PET2 !!!!!!!!!!!!!!!!!!!!!!!!!!!!!!!!!!!!!!!!!!!!!!!!!!!!!!
20220628 031613.393 INFO             PET2 !!! THE ESMF_LOG IS SET TO OUTPUT ALL LOG MESSAGES !!!
20220628 031613.393 INFO             PET2 !!!     THIS MAY CAUSE SLOWDOWN IN PERFORMANCE     !!!
20220628 031613.393 INFO             PET2 !!! FOR PRODUCTION RUNS, USE:                      !!!
20220628 031613.393 INFO             PET2 !!!                   ESMF_LOGKIND_Multi_On_Error  !!!
20220628 031613.393 INFO             PET2 !!!!!!!!!!!!!!!!!!!!!!!!!!!!!!!!!!!!!!!!!!!!!!!!!!!!!!
20220628 031613.393 INFO             PET2 Running with ESMF Version   : v8.4.0b01-2-gf0d4ab211d
20220628 031613.393 INFO             PET2 ESMF library build date/time: "Jun 28 2022" "02:55:34"
20220628 031613.393 INFO             PET2 ESMF library build location : /home/mpotts/intel_2021.2_intelmpi_g_develop
20220628 031613.393 INFO             PET2 ESMF_COMM                   : intelmpi
20220628 031613.394 INFO             PET2 ESMF_MOAB                   : enabled
20220628 031613.394 INFO             PET2 ESMF_LAPACK                 : enabled
20220628 031613.394 INFO             PET2 ESMF_NETCDF                 : enabled
20220628 031613.394 INFO             PET2 ESMF_PNETCDF                : disabled
20220628 031613.394 INFO             PET2 ESMF_PIO                    : enabled
20220628 031613.394 INFO             PET2 ESMF_YAMLCPP                : enabled
20220628 031613.496 DEBUG            PET2 about to destroy Grid: 0x141c2a0
20220628 031613.508 DEBUG            PET2 about to destroy Grid: 0x141cf80
20220628 031613.539 INFO             PET2  NUMBER_OF_PROCESSORS           4
20220628 031613.539 INFO             PET2  PASS  Example ESMF_NUOPCAtmModelEx, ESMF_NUOPCAtmModelEx.F90, line 806
20220628 031613.539 INFO             PET2 Finalizing ESMF
20220628 031613.393 INFO             PET3 !!!!!!!!!!!!!!!!!!!!!!!!!!!!!!!!!!!!!!!!!!!!!!!!!!!!!!
20220628 031613.393 INFO             PET3 !!! THE ESMF_LOG IS SET TO OUTPUT ALL LOG MESSAGES !!!
20220628 031613.393 INFO             PET3 !!!     THIS MAY CAUSE SLOWDOWN IN PERFORMANCE     !!!
20220628 031613.393 INFO             PET3 !!! FOR PRODUCTION RUNS, USE:                      !!!
20220628 031613.393 INFO             PET3 !!!                   ESMF_LOGKIND_Multi_On_Error  !!!
20220628 031613.393 INFO             PET3 !!!!!!!!!!!!!!!!!!!!!!!!!!!!!!!!!!!!!!!!!!!!!!!!!!!!!!
20220628 031613.393 INFO             PET3 Running with ESMF Version   : v8.4.0b01-2-gf0d4ab211d
20220628 031613.393 INFO             PET3 ESMF library build date/time: "Jun 28 2022" "02:55:34"
20220628 031613.393 INFO             PET3 ESMF library build location : /home/mpotts/intel_2021.2_intelmpi_g_develop
20220628 031613.393 INFO             PET3 ESMF_COMM                   : intelmpi
20220628 031613.394 INFO             PET3 ESMF_MOAB                   : enabled
20220628 031613.394 INFO             PET3 ESMF_LAPACK                 : enabled
20220628 031613.394 INFO             PET3 ESMF_NETCDF                 : enabled
20220628 031613.394 INFO             PET3 ESMF_PNETCDF                : disabled
20220628 031613.394 INFO             PET3 ESMF_PIO                    : enabled
20220628 031613.394 INFO             PET3 ESMF_YAMLCPP                : enabled
20220628 031613.496 DEBUG            PET3 about to destroy Grid: 0x25da2d0
20220628 031613.508 DEBUG            PET3 about to destroy Grid: 0x25dafb0
20220628 031613.539 INFO             PET3  NUMBER_OF_PROCESSORS           4
20220628 031613.539 INFO             PET3  PASS  Example ESMF_NUOPCAtmModelEx, ESMF_NUOPCAtmModelEx.F90, line 806
20220628 031613.539 INFO             PET3 Finalizing ESMF
