build time -- 2022-07-16 03:03:30.619764
20220716 041728.517 INFO             PET0 !!!!!!!!!!!!!!!!!!!!!!!!!!!!!!!!!!!!!!!!!!!!!!!!!!!!!!
20220716 041728.517 INFO             PET0 !!! THE ESMF_LOG IS SET TO OUTPUT ALL LOG MESSAGES !!!
20220716 041728.517 INFO             PET0 !!!     THIS MAY CAUSE SLOWDOWN IN PERFORMANCE     !!!
20220716 041728.517 INFO             PET0 !!! FOR PRODUCTION RUNS, USE:                      !!!
20220716 041728.517 INFO             PET0 !!!                   ESMF_LOGKIND_Multi_On_Error  !!!
20220716 041728.517 INFO             PET0 !!!!!!!!!!!!!!!!!!!!!!!!!!!!!!!!!!!!!!!!!!!!!!!!!!!!!!
20220716 041728.517 INFO             PET0 Running with ESMF Version   : v8.4.0b04-8-g9865973e1f
20220716 041728.517 INFO             PET0 ESMF library build date/time: "Jul 16 2022" "02:56:04"
20220716 041728.517 INFO             PET0 ESMF library build location : /glade/scratch/dunlap/esmf-testing/intel_18.0.5_openmpi_g_feature_named-alias
20220716 041728.517 INFO             PET0 ESMF_COMM                   : openmpi
20220716 041728.518 INFO             PET0 ESMF_MOAB                   : enabled
20220716 041728.518 INFO             PET0 ESMF_LAPACK                 : enabled
20220716 041728.518 INFO             PET0 ESMF_NETCDF                 : enabled
20220716 041728.518 INFO             PET0 ESMF_PNETCDF                : disabled
20220716 041728.518 INFO             PET0 ESMF_PIO                    : enabled
20220716 041728.518 INFO             PET0 ESMF_YAMLCPP                : enabled
20220716 041728.651 DEBUG            PET0 about to destroy Grid: 0x1beca90
20220716 041728.667 DEBUG            PET0 about to destroy Grid: 0x1befb80
20220716 041728.714 INFO             PET0  NUMBER_OF_PROCESSORS           4
20220716 041728.714 INFO             PET0  PASS  Example ESMF_NUOPCAtmModelEx, ESMF_NUOPCAtmModelEx.F90, line 806
20220716 041728.714 INFO             PET0 Finalizing ESMF
20220716 041728.519 INFO             PET1 !!!!!!!!!!!!!!!!!!!!!!!!!!!!!!!!!!!!!!!!!!!!!!!!!!!!!!
20220716 041728.519 INFO             PET1 !!! THE ESMF_LOG IS SET TO OUTPUT ALL LOG MESSAGES !!!
20220716 041728.519 INFO             PET1 !!!     THIS MAY CAUSE SLOWDOWN IN PERFORMANCE     !!!
20220716 041728.519 INFO             PET1 !!! FOR PRODUCTION RUNS, USE:                      !!!
20220716 041728.519 INFO             PET1 !!!                   ESMF_LOGKIND_Multi_On_Error  !!!
20220716 041728.519 INFO             PET1 !!!!!!!!!!!!!!!!!!!!!!!!!!!!!!!!!!!!!!!!!!!!!!!!!!!!!!
20220716 041728.519 INFO             PET1 Running with ESMF Version   : v8.4.0b04-8-g9865973e1f
20220716 041728.519 INFO             PET1 ESMF library build date/time: "Jul 16 2022" "02:56:04"
20220716 041728.519 INFO             PET1 ESMF library build location : /glade/scratch/dunlap/esmf-testing/intel_18.0.5_openmpi_g_feature_named-alias
20220716 041728.519 INFO             PET1 ESMF_COMM                   : openmpi
20220716 041728.519 INFO             PET1 ESMF_MOAB                   : enabled
20220716 041728.519 INFO             PET1 ESMF_LAPACK                 : enabled
20220716 041728.519 INFO             PET1 ESMF_NETCDF                 : enabled
20220716 041728.519 INFO             PET1 ESMF_PNETCDF                : disabled
20220716 041728.519 INFO             PET1 ESMF_PIO                    : enabled
20220716 041728.519 INFO             PET1 ESMF_YAMLCPP                : enabled
20220716 041728.651 DEBUG            PET1 about to destroy Grid: 0x13c53f0
20220716 041728.667 DEBUG            PET1 about to destroy Grid: 0x13c5e70
20220716 041728.714 INFO             PET1  NUMBER_OF_PROCESSORS           4
20220716 041728.714 INFO             PET1  PASS  Example ESMF_NUOPCAtmModelEx, ESMF_NUOPCAtmModelEx.F90, line 806
20220716 041728.714 INFO             PET1 Finalizing ESMF
20220716 041728.517 INFO             PET2 !!!!!!!!!!!!!!!!!!!!!!!!!!!!!!!!!!!!!!!!!!!!!!!!!!!!!!
20220716 041728.517 INFO             PET2 !!! THE ESMF_LOG IS SET TO OUTPUT ALL LOG MESSAGES !!!
20220716 041728.517 INFO             PET2 !!!     THIS MAY CAUSE SLOWDOWN IN PERFORMANCE     !!!
20220716 041728.517 INFO             PET2 !!! FOR PRODUCTION RUNS, USE:                      !!!
20220716 041728.517 INFO             PET2 !!!                   ESMF_LOGKIND_Multi_On_Error  !!!
20220716 041728.517 INFO             PET2 !!!!!!!!!!!!!!!!!!!!!!!!!!!!!!!!!!!!!!!!!!!!!!!!!!!!!!
20220716 041728.517 INFO             PET2 Running with ESMF Version   : v8.4.0b04-8-g9865973e1f
20220716 041728.517 INFO             PET2 ESMF library build date/time: "Jul 16 2022" "02:56:04"
20220716 041728.517 INFO             PET2 ESMF library build location : /glade/scratch/dunlap/esmf-testing/intel_18.0.5_openmpi_g_feature_named-alias
20220716 041728.517 INFO             PET2 ESMF_COMM                   : openmpi
20220716 041728.518 INFO             PET2 ESMF_MOAB                   : enabled
20220716 041728.518 INFO             PET2 ESMF_LAPACK                 : enabled
20220716 041728.518 INFO             PET2 ESMF_NETCDF                 : enabled
20220716 041728.518 INFO             PET2 ESMF_PNETCDF                : disabled
20220716 041728.518 INFO             PET2 ESMF_PIO                    : enabled
20220716 041728.518 INFO             PET2 ESMF_YAMLCPP                : enabled
20220716 041728.651 DEBUG            PET2 about to destroy Grid: 0x2867440
20220716 041728.667 DEBUG            PET2 about to destroy Grid: 0x2868120
20220716 041728.714 INFO             PET2  NUMBER_OF_PROCESSORS           4
20220716 041728.714 INFO             PET2  PASS  Example ESMF_NUOPCAtmModelEx, ESMF_NUOPCAtmModelEx.F90, line 806
20220716 041728.714 INFO             PET2 Finalizing ESMF
20220716 041728.520 INFO             PET3 !!!!!!!!!!!!!!!!!!!!!!!!!!!!!!!!!!!!!!!!!!!!!!!!!!!!!!
20220716 041728.520 INFO             PET3 !!! THE ESMF_LOG IS SET TO OUTPUT ALL LOG MESSAGES !!!
20220716 041728.520 INFO             PET3 !!!     THIS MAY CAUSE SLOWDOWN IN PERFORMANCE     !!!
20220716 041728.520 INFO             PET3 !!! FOR PRODUCTION RUNS, USE:                      !!!
20220716 041728.520 INFO             PET3 !!!                   ESMF_LOGKIND_Multi_On_Error  !!!
20220716 041728.520 INFO             PET3 !!!!!!!!!!!!!!!!!!!!!!!!!!!!!!!!!!!!!!!!!!!!!!!!!!!!!!
20220716 041728.520 INFO             PET3 Running with ESMF Version   : v8.4.0b04-8-g9865973e1f
20220716 041728.520 INFO             PET3 ESMF library build date/time: "Jul 16 2022" "02:56:04"
20220716 041728.520 INFO             PET3 ESMF library build location : /glade/scratch/dunlap/esmf-testing/intel_18.0.5_openmpi_g_feature_named-alias
20220716 041728.520 INFO             PET3 ESMF_COMM                   : openmpi
20220716 041728.520 INFO             PET3 ESMF_MOAB                   : enabled
20220716 041728.520 INFO             PET3 ESMF_LAPACK                 : enabled
20220716 041728.520 INFO             PET3 ESMF_NETCDF                 : enabled
20220716 041728.520 INFO             PET3 ESMF_PNETCDF                : disabled
20220716 041728.520 INFO             PET3 ESMF_PIO                    : enabled
20220716 041728.520 INFO             PET3 ESMF_YAMLCPP                : enabled
20220716 041728.651 DEBUG            PET3 about to destroy Grid: 0x226d2b0
20220716 041728.667 DEBUG            PET3 about to destroy Grid: 0x226de60
20220716 041728.714 INFO             PET3  NUMBER_OF_PROCESSORS           4
20220716 041728.714 INFO             PET3  PASS  Example ESMF_NUOPCAtmModelEx, ESMF_NUOPCAtmModelEx.F90, line 806
20220716 041728.714 INFO             PET3 Finalizing ESMF
