build time -- 2022-07-17 14:03:37
20220718 012152.613 INFO             PET0 !!!!!!!!!!!!!!!!!!!!!!!!!!!!!!!!!!!!!!!!!!!!!!!!!!!!!!
20220718 012152.613 INFO             PET0 !!! THE ESMF_LOG IS SET TO OUTPUT ALL LOG MESSAGES !!!
20220718 012152.613 INFO             PET0 !!!     THIS MAY CAUSE SLOWDOWN IN PERFORMANCE     !!!
20220718 012152.613 INFO             PET0 !!! FOR PRODUCTION RUNS, USE:                      !!!
20220718 012152.613 INFO             PET0 !!!                   ESMF_LOGKIND_Multi_On_Error  !!!
20220718 012152.613 INFO             PET0 !!!!!!!!!!!!!!!!!!!!!!!!!!!!!!!!!!!!!!!!!!!!!!!!!!!!!!
20220718 012152.613 INFO             PET0 Running with ESMF Version   : v8.4.0b04-9-g4da4a8320a
20220718 012152.613 INFO             PET0 ESMF library build date/time: "Jul 17 2022" "14:02:32"
20220718 012152.613 INFO             PET0 ESMF library build location : /scratch1/NCEPDEV/stmp2/role.esmfmaint/gfortran_9.2.0a_mpiuni_g_feature_named-alias
20220718 012152.613 INFO             PET0 ESMF_COMM                   : mpiuni
20220718 012152.614 INFO             PET0 ESMF_MOAB                   : enabled
20220718 012152.614 INFO             PET0 ESMF_LAPACK                 : enabled
20220718 012152.614 INFO             PET0 ESMF_NETCDF                 : enabled
20220718 012152.614 INFO             PET0 ESMF_PNETCDF                : disabled
20220718 012152.614 INFO             PET0 ESMF_PIO                    : disabled
20220718 012152.614 INFO             PET0 ESMF_YAMLCPP                : enabled
20220718 012152.727 DEBUG            PET0 about to destroy Grid: 0x1ca1e00
20220718 012152.739 DEBUG            PET0 about to destroy Grid: 0x1ca3490
20220718 012152.769 INFO             PET0  NUMBER_OF_PROCESSORS           1
20220718 012152.769 INFO             PET0  PASS  Example ESMF_NUOPCAtmModelEx, ESMF_NUOPCAtmModelEx.F90, line 806
20220718 012152.769 INFO             PET0 Finalizing ESMF
