build time -- 2022-06-18 06:45:11
20220618 073502.900 INFO             PET0 !!!!!!!!!!!!!!!!!!!!!!!!!!!!!!!!!!!!!!!!!!!!!!!!!!!!!!
20220618 073502.901 INFO             PET0 !!! THE ESMF_LOG IS SET TO OUTPUT ALL LOG MESSAGES !!!
20220618 073502.901 INFO             PET0 !!!     THIS MAY CAUSE SLOWDOWN IN PERFORMANCE     !!!
20220618 073502.901 INFO             PET0 !!! FOR PRODUCTION RUNS, USE:                      !!!
20220618 073502.901 INFO             PET0 !!!                   ESMF_LOGKIND_Multi_On_Error  !!!
20220618 073502.901 INFO             PET0 !!!!!!!!!!!!!!!!!!!!!!!!!!!!!!!!!!!!!!!!!!!!!!!!!!!!!!
20220618 073502.901 INFO             PET0 Running with ESMF Version   : v8.4.0b01-2-gf0d4ab211d
20220618 073502.901 INFO             PET0 ESMF library build date/time: "Jun 18 2022" "06:41:53"
20220618 073502.901 INFO             PET0 ESMF library build location : /scratch1/NCEPDEV/stmp2/role.esmfmaint/pgi_19.1_mpiuni_g_develop
20220618 073502.901 INFO             PET0 ESMF_COMM                   : mpiuni
20220618 073502.902 INFO             PET0 ESMF_MOAB                   : enabled
20220618 073502.902 INFO             PET0 ESMF_LAPACK                 : enabled
20220618 073502.902 INFO             PET0 ESMF_NETCDF                 : disabled
20220618 073502.902 INFO             PET0 ESMF_PNETCDF                : disabled
20220618 073502.902 INFO             PET0 ESMF_PIO                    : disabled
20220618 073502.902 INFO             PET0 ESMF_YAMLCPP                : enabled
20220618 073502.902 INFO             PET0 ESMF Tracing Enabled
20220618 073502.902 INFO             PET0 ESMF Profiling Enabled
20220618 073502.902 INFO             PET0 ESMF Trace/Profile clock: REALTIME
20220618 073502.904 INFO             PET0  NUMBER_OF_PROCESSORS            1
20220618 073502.905 INFO             PET0  PASS  Example ESMF_TraceUserEx, ESMF_TraceUserEx.F90, line 125
20220618 073502.905 INFO             PET0 Finalizing ESMF
20220618 073502.905 INFO             PET0 **************** Region Timings *******************
20220618 073502.905 INFO             PET0 Region              Count  Total (s)   Self (s)    Mean (s)    Min (s)     Max (s)
20220618 073502.905 INFO             PET0   outer_region      1      0.0003      0.0000      0.0003      0.0003      0.0003
20220618 073502.905 INFO             PET0     inner_region_1  10     0.0002      0.0002      0.0000      0.0000      0.0000
20220618 073502.905 INFO             PET0     inner_region_2  10     0.0001      0.0001      0.0000      0.0000      0.0000
