build time -- 2022-06-18 06:45:11
20220618 073518.974 INFO             PET0 !!!!!!!!!!!!!!!!!!!!!!!!!!!!!!!!!!!!!!!!!!!!!!!!!!!!!!
20220618 073518.975 INFO             PET0 !!! THE ESMF_LOG IS SET TO OUTPUT ALL LOG MESSAGES !!!
20220618 073518.975 INFO             PET0 !!!     THIS MAY CAUSE SLOWDOWN IN PERFORMANCE     !!!
20220618 073518.975 INFO             PET0 !!! FOR PRODUCTION RUNS, USE:                      !!!
20220618 073518.975 INFO             PET0 !!!                   ESMF_LOGKIND_Multi_On_Error  !!!
20220618 073518.975 INFO             PET0 !!!!!!!!!!!!!!!!!!!!!!!!!!!!!!!!!!!!!!!!!!!!!!!!!!!!!!
20220618 073518.975 INFO             PET0 Running with ESMF Version   : v8.4.0b01-2-gf0d4ab211d
20220618 073518.975 INFO             PET0 ESMF library build date/time: "Jun 18 2022" "06:41:53"
20220618 073518.975 INFO             PET0 ESMF library build location : /scratch1/NCEPDEV/stmp2/role.esmfmaint/pgi_19.1_mpiuni_g_develop
20220618 073518.975 INFO             PET0 ESMF_COMM                   : mpiuni
20220618 073518.976 INFO             PET0 ESMF_MOAB                   : enabled
20220618 073518.976 INFO             PET0 ESMF_LAPACK                 : enabled
20220618 073518.976 INFO             PET0 ESMF_NETCDF                 : disabled
20220618 073518.976 INFO             PET0 ESMF_PNETCDF                : disabled
20220618 073518.976 INFO             PET0 ESMF_PIO                    : disabled
20220618 073518.976 INFO             PET0 ESMF_YAMLCPP                : enabled
20220618 073518.978 INFO             PET0  NUMBER_OF_PROCESSORS            1
20220618 073518.978 INFO             PET0  PASS  Example ESMF_ConfigOverviewEx, ESMF_ConfigOverviewEx.F90, line 415
20220618 073518.978 INFO             PET0 Finalizing ESMF
