build time -- 2022-07-22 09:09:33
20220722 100555.088 INFO             PET0 !!!!!!!!!!!!!!!!!!!!!!!!!!!!!!!!!!!!!!!!!!!!!!!!!!!!!!
20220722 100555.089 INFO             PET0 !!! THE ESMF_LOG IS SET TO OUTPUT ALL LOG MESSAGES !!!
20220722 100555.089 INFO             PET0 !!!     THIS MAY CAUSE SLOWDOWN IN PERFORMANCE     !!!
20220722 100555.089 INFO             PET0 !!! FOR PRODUCTION RUNS, USE:                      !!!
20220722 100555.089 INFO             PET0 !!!                   ESMF_LOGKIND_Multi_On_Error  !!!
20220722 100555.089 INFO             PET0 !!!!!!!!!!!!!!!!!!!!!!!!!!!!!!!!!!!!!!!!!!!!!!!!!!!!!!
20220722 100555.089 INFO             PET0 Running with ESMF Version   : v8.4.0b07
20220722 100555.089 INFO             PET0 ESMF library build date/time: "Jul 22 2022" "09:05:56"
20220722 100555.089 INFO             PET0 ESMF library build location : /scratch1/NCEPDEV/stmp2/role.esmfmaint/pgi_19.1_mpiuni_g_develop
20220722 100555.089 INFO             PET0 ESMF_COMM                   : mpiuni
20220722 100555.090 INFO             PET0 ESMF_MOAB                   : enabled
20220722 100555.090 INFO             PET0 ESMF_LAPACK                 : enabled
20220722 100555.090 INFO             PET0 ESMF_NETCDF                 : disabled
20220722 100555.090 INFO             PET0 ESMF_PNETCDF                : disabled
20220722 100555.090 INFO             PET0 ESMF_PIO                    : disabled
20220722 100555.090 INFO             PET0 ESMF_YAMLCPP                : enabled
20220722 100555.174 DEBUG            PET0 about to destroy Grid: 0x1ac72b0
20220722 100555.186 DEBUG            PET0 about to destroy Grid: 0x1ac8570
20220722 100555.218 INFO             PET0  NUMBER_OF_PROCESSORS            1
20220722 100555.218 INFO             PET0  PASS  Example ESMF_NUOPCAtmModelEx, ESMF_NUOPCAtmModelEx.F90, line 806
20220722 100555.218 INFO             PET0 Finalizing ESMF
