build time -- 2022-07-12 07:25:39
20220712 111230.158 INFO             PET0 !!!!!!!!!!!!!!!!!!!!!!!!!!!!!!!!!!!!!!!!!!!!!!!!!!!!!!
20220712 111230.159 INFO             PET0 !!! THE ESMF_LOG IS SET TO OUTPUT ALL LOG MESSAGES !!!
20220712 111230.159 INFO             PET0 !!!     THIS MAY CAUSE SLOWDOWN IN PERFORMANCE     !!!
20220712 111230.159 INFO             PET0 !!! FOR PRODUCTION RUNS, USE:                      !!!
20220712 111230.159 INFO             PET0 !!!                   ESMF_LOGKIND_Multi_On_Error  !!!
20220712 111230.159 INFO             PET0 !!!!!!!!!!!!!!!!!!!!!!!!!!!!!!!!!!!!!!!!!!!!!!!!!!!!!!
20220712 111230.159 INFO             PET0 Running with ESMF Version   : v8.4.0b03-3-g14a79d558f
20220712 111230.159 INFO             PET0 ESMF library build date/time: "Jul 12 2022" "07:22:24"
20220712 111230.159 INFO             PET0 ESMF library build location : /scratch1/NCEPDEV/stmp2/role.esmfmaint/pgi_19.1_mpiuni_g_develop
20220712 111230.159 INFO             PET0 ESMF_COMM                   : mpiuni
20220712 111230.160 INFO             PET0 ESMF_MOAB                   : enabled
20220712 111230.160 INFO             PET0 ESMF_LAPACK                 : enabled
20220712 111230.160 INFO             PET0 ESMF_NETCDF                 : disabled
20220712 111230.160 INFO             PET0 ESMF_PNETCDF                : disabled
20220712 111230.160 INFO             PET0 ESMF_PIO                    : disabled
20220712 111230.160 INFO             PET0 ESMF_YAMLCPP                : enabled
20220712 111230.178 INFO             PET0  NUMBER_OF_PROCESSORS            1
20220712 111230.178 INFO             PET0  PASS  Example ESMF_NUOPCBasicModelEx, ESMF_NUOPCBasicModelEx.F90, line 339
20220712 111230.178 INFO             PET0 Finalizing ESMF
