build time -- 2022-07-12 06:11:57
[1657610478.432246] [h12c51:148516:0]         mxm.c:196  MXM  WARN  The 'ulimit -s' on the system is set to 'unlimited'. This may have negative performance implications. Please set the stack size to the default value (10240) 
[1657610478.437293] [h12c51:148516:0]         mxm.c:196  MXM  WARN  The 'ulimit -s' on the system is set to 'unlimited'. This may have negative performance implications. Please set the stack size to the default value (10240) 
[1657610478.427671] [h12c51:148513:0]         mxm.c:196  MXM  WARN  The 'ulimit -s' on the system is set to 'unlimited'. This may have negative performance implications. Please set the stack size to the default value (10240) 
[1657610478.432836] [h12c51:148513:0]         mxm.c:196  MXM  WARN  The 'ulimit -s' on the system is set to 'unlimited'. This may have negative performance implications. Please set the stack size to the default value (10240) 
[1657610478.432219] [h12c51:148514:0]         mxm.c:196  MXM  WARN  The 'ulimit -s' on the system is set to 'unlimited'. This may have negative performance implications. Please set the stack size to the default value (10240) 
[1657610478.437256] [h12c51:148514:0]         mxm.c:196  MXM  WARN  The 'ulimit -s' on the system is set to 'unlimited'. This may have negative performance implications. Please set the stack size to the default value (10240) 
[1657610478.427584] [h12c51:148515:0]         mxm.c:196  MXM  WARN  The 'ulimit -s' on the system is set to 'unlimited'. This may have negative performance implications. Please set the stack size to the default value (10240) 
[1657610478.432784] [h12c51:148515:0]         mxm.c:196  MXM  WARN  The 'ulimit -s' on the system is set to 'unlimited'. This may have negative performance implications. Please set the stack size to the default value (10240) 
 --------------------------------------- 
 Start of ESMF_SCompEx Example
 --------------------------------------- 
 --------------------------------------- 
 End of ESMF_SCompEx Example
 --------------------------------------- 
  PASS  Example ESMF_SCompEx, ESMF_SCompEx.F90, line 385
  PASS  Example ESMF_SCompEx, ESMF_SCompEx.F90, line 385
  PASS  Example ESMF_SCompEx, ESMF_SCompEx.F90, line 385
  PASS  Example ESMF_SCompEx, ESMF_SCompEx.F90, line 385
 PASS: ESMF_SCompEx.F90
 PASS: ESMF_SCompEx.F90
 PASS: ESMF_SCompEx.F90
 PASS: ESMF_SCompEx.F90
