build time -- 2022-06-29 06:02:33
20220629 062456.480 INFO             PET0 !!!!!!!!!!!!!!!!!!!!!!!!!!!!!!!!!!!!!!!!!!!!!!!!!!!!!!
20220629 062456.481 INFO             PET0 !!! THE ESMF_LOG IS SET TO OUTPUT ALL LOG MESSAGES !!!
20220629 062456.481 INFO             PET0 !!!     THIS MAY CAUSE SLOWDOWN IN PERFORMANCE     !!!
20220629 062456.481 INFO             PET0 !!! FOR PRODUCTION RUNS, USE:                      !!!
20220629 062456.481 INFO             PET0 !!!                   ESMF_LOGKIND_Multi_On_Error  !!!
20220629 062456.481 INFO             PET0 !!!!!!!!!!!!!!!!!!!!!!!!!!!!!!!!!!!!!!!!!!!!!!!!!!!!!!
20220629 062456.481 INFO             PET0 Running with ESMF Version   : v8.4.0b01-2-gf0d4ab211d
20220629 062456.481 INFO             PET0 ESMF library build date/time: "Jun 29 2022" "06:01:27"
20220629 062456.481 INFO             PET0 ESMF library build location : /scratch1/NCEPDEV/stmp2/role.esmfmaint/gfortran_9.2.0b_openmpi_O_develop
20220629 062456.481 INFO             PET0 ESMF_COMM                   : openmpi
20220629 062456.481 INFO             PET0 ESMF_MOAB                   : enabled
20220629 062456.481 INFO             PET0 ESMF_LAPACK                 : enabled
20220629 062456.481 INFO             PET0 ESMF_NETCDF                 : disabled
20220629 062456.481 INFO             PET0 ESMF_PNETCDF                : disabled
20220629 062456.481 INFO             PET0 ESMF_PIO                    : disabled
20220629 062456.481 INFO             PET0 ESMF_YAMLCPP                : enabled
20220629 062456.568 DEBUG            PET0 about to destroy Grid: 0x2031660
20220629 062456.571 DEBUG            PET0 about to destroy Grid: 0x20329d0
20220629 062456.580 INFO             PET0  NUMBER_OF_PROCESSORS           4
20220629 062456.580 INFO             PET0  PASS  Example ESMF_NUOPCAtmModelEx, ESMF_NUOPCAtmModelEx.F90, line 806
20220629 062456.580 INFO             PET0 Finalizing ESMF
20220629 062456.519 INFO             PET1 !!!!!!!!!!!!!!!!!!!!!!!!!!!!!!!!!!!!!!!!!!!!!!!!!!!!!!
20220629 062456.520 INFO             PET1 !!! THE ESMF_LOG IS SET TO OUTPUT ALL LOG MESSAGES !!!
20220629 062456.520 INFO             PET1 !!!     THIS MAY CAUSE SLOWDOWN IN PERFORMANCE     !!!
20220629 062456.520 INFO             PET1 !!! FOR PRODUCTION RUNS, USE:                      !!!
20220629 062456.520 INFO             PET1 !!!                   ESMF_LOGKIND_Multi_On_Error  !!!
20220629 062456.520 INFO             PET1 !!!!!!!!!!!!!!!!!!!!!!!!!!!!!!!!!!!!!!!!!!!!!!!!!!!!!!
20220629 062456.520 INFO             PET1 Running with ESMF Version   : v8.4.0b01-2-gf0d4ab211d
20220629 062456.520 INFO             PET1 ESMF library build date/time: "Jun 29 2022" "06:01:27"
20220629 062456.520 INFO             PET1 ESMF library build location : /scratch1/NCEPDEV/stmp2/role.esmfmaint/gfortran_9.2.0b_openmpi_O_develop
20220629 062456.520 INFO             PET1 ESMF_COMM                   : openmpi
20220629 062456.529 INFO             PET1 ESMF_MOAB                   : enabled
20220629 062456.529 INFO             PET1 ESMF_LAPACK                 : enabled
20220629 062456.529 INFO             PET1 ESMF_NETCDF                 : disabled
20220629 062456.529 INFO             PET1 ESMF_PNETCDF                : disabled
20220629 062456.529 INFO             PET1 ESMF_PIO                    : disabled
20220629 062456.529 INFO             PET1 ESMF_YAMLCPP                : enabled
20220629 062456.568 DEBUG            PET1 about to destroy Grid: 0x120bda0
20220629 062456.571 DEBUG            PET1 about to destroy Grid: 0x120ccb0
20220629 062456.580 INFO             PET1  NUMBER_OF_PROCESSORS           4
20220629 062456.580 INFO             PET1  PASS  Example ESMF_NUOPCAtmModelEx, ESMF_NUOPCAtmModelEx.F90, line 806
20220629 062456.580 INFO             PET1 Finalizing ESMF
20220629 062456.533 INFO             PET2 !!!!!!!!!!!!!!!!!!!!!!!!!!!!!!!!!!!!!!!!!!!!!!!!!!!!!!
20220629 062456.533 INFO             PET2 !!! THE ESMF_LOG IS SET TO OUTPUT ALL LOG MESSAGES !!!
20220629 062456.533 INFO             PET2 !!!     THIS MAY CAUSE SLOWDOWN IN PERFORMANCE     !!!
20220629 062456.533 INFO             PET2 !!! FOR PRODUCTION RUNS, USE:                      !!!
20220629 062456.533 INFO             PET2 !!!                   ESMF_LOGKIND_Multi_On_Error  !!!
20220629 062456.533 INFO             PET2 !!!!!!!!!!!!!!!!!!!!!!!!!!!!!!!!!!!!!!!!!!!!!!!!!!!!!!
20220629 062456.533 INFO             PET2 Running with ESMF Version   : v8.4.0b01-2-gf0d4ab211d
20220629 062456.533 INFO             PET2 ESMF library build date/time: "Jun 29 2022" "06:01:27"
20220629 062456.533 INFO             PET2 ESMF library build location : /scratch1/NCEPDEV/stmp2/role.esmfmaint/gfortran_9.2.0b_openmpi_O_develop
20220629 062456.533 INFO             PET2 ESMF_COMM                   : openmpi
20220629 062456.537 INFO             PET2 ESMF_MOAB                   : enabled
20220629 062456.537 INFO             PET2 ESMF_LAPACK                 : enabled
20220629 062456.537 INFO             PET2 ESMF_NETCDF                 : disabled
20220629 062456.537 INFO             PET2 ESMF_PNETCDF                : disabled
20220629 062456.537 INFO             PET2 ESMF_PIO                    : disabled
20220629 062456.537 INFO             PET2 ESMF_YAMLCPP                : enabled
20220629 062456.568 DEBUG            PET2 about to destroy Grid: 0x153c8a0
20220629 062456.571 DEBUG            PET2 about to destroy Grid: 0x153d810
20220629 062456.580 INFO             PET2  NUMBER_OF_PROCESSORS           4
20220629 062456.580 INFO             PET2  PASS  Example ESMF_NUOPCAtmModelEx, ESMF_NUOPCAtmModelEx.F90, line 806
20220629 062456.580 INFO             PET2 Finalizing ESMF
20220629 062456.481 INFO             PET3 !!!!!!!!!!!!!!!!!!!!!!!!!!!!!!!!!!!!!!!!!!!!!!!!!!!!!!
20220629 062456.481 INFO             PET3 !!! THE ESMF_LOG IS SET TO OUTPUT ALL LOG MESSAGES !!!
20220629 062456.481 INFO             PET3 !!!     THIS MAY CAUSE SLOWDOWN IN PERFORMANCE     !!!
20220629 062456.481 INFO             PET3 !!! FOR PRODUCTION RUNS, USE:                      !!!
20220629 062456.481 INFO             PET3 !!!                   ESMF_LOGKIND_Multi_On_Error  !!!
20220629 062456.481 INFO             PET3 !!!!!!!!!!!!!!!!!!!!!!!!!!!!!!!!!!!!!!!!!!!!!!!!!!!!!!
20220629 062456.481 INFO             PET3 Running with ESMF Version   : v8.4.0b01-2-gf0d4ab211d
20220629 062456.481 INFO             PET3 ESMF library build date/time: "Jun 29 2022" "06:01:27"
20220629 062456.481 INFO             PET3 ESMF library build location : /scratch1/NCEPDEV/stmp2/role.esmfmaint/gfortran_9.2.0b_openmpi_O_develop
20220629 062456.481 INFO             PET3 ESMF_COMM                   : openmpi
20220629 062456.482 INFO             PET3 ESMF_MOAB                   : enabled
20220629 062456.482 INFO             PET3 ESMF_LAPACK                 : enabled
20220629 062456.482 INFO             PET3 ESMF_NETCDF                 : disabled
20220629 062456.482 INFO             PET3 ESMF_PNETCDF                : disabled
20220629 062456.482 INFO             PET3 ESMF_PIO                    : disabled
20220629 062456.482 INFO             PET3 ESMF_YAMLCPP                : enabled
20220629 062456.568 DEBUG            PET3 about to destroy Grid: 0x1610710
20220629 062456.571 DEBUG            PET3 about to destroy Grid: 0x1611620
20220629 062456.580 INFO             PET3  NUMBER_OF_PROCESSORS           4
20220629 062456.580 INFO             PET3  PASS  Example ESMF_NUOPCAtmModelEx, ESMF_NUOPCAtmModelEx.F90, line 806
20220629 062456.580 INFO             PET3 Finalizing ESMF
