build time -- 2022-07-19 06:01:20
20220719 062209.908 INFO             PET0 !!!!!!!!!!!!!!!!!!!!!!!!!!!!!!!!!!!!!!!!!!!!!!!!!!!!!!
20220719 062209.908 INFO             PET0 !!! THE ESMF_LOG IS SET TO OUTPUT ALL LOG MESSAGES !!!
20220719 062209.908 INFO             PET0 !!!     THIS MAY CAUSE SLOWDOWN IN PERFORMANCE     !!!
20220719 062209.908 INFO             PET0 !!! FOR PRODUCTION RUNS, USE:                      !!!
20220719 062209.908 INFO             PET0 !!!                   ESMF_LOGKIND_Multi_On_Error  !!!
20220719 062209.908 INFO             PET0 !!!!!!!!!!!!!!!!!!!!!!!!!!!!!!!!!!!!!!!!!!!!!!!!!!!!!!
20220719 062209.908 INFO             PET0 Running with ESMF Version   : v8.4.0b05-10-g2a13bec76f
20220719 062209.909 INFO             PET0 ESMF library build date/time: "Jul 19 2022" "06:00:20"
20220719 062209.909 INFO             PET0 ESMF library build location : /scratch1/NCEPDEV/stmp2/role.esmfmaint/gfortran_9.2.0b_openmpi_O_develop
20220719 062209.909 INFO             PET0 ESMF_COMM                   : openmpi
20220719 062209.909 INFO             PET0 ESMF_MOAB                   : enabled
20220719 062209.909 INFO             PET0 ESMF_LAPACK                 : enabled
20220719 062209.909 INFO             PET0 ESMF_NETCDF                 : disabled
20220719 062209.909 INFO             PET0 ESMF_PNETCDF                : disabled
20220719 062209.909 INFO             PET0 ESMF_PIO                    : disabled
20220719 062209.909 INFO             PET0 ESMF_YAMLCPP                : enabled
20220719 062209.910 INFO             PET0  NUMBER_OF_PROCESSORS           1
20220719 062209.910 INFO             PET0  PASS  Example ESMF_ClockEx, ESMF_ClockEx.F90, line 220
20220719 062209.910 INFO             PET0 Finalizing ESMF
