build time -- 2022-07-17 03:02:31.932994
20220717 040218.169 INFO             PET0 !!!!!!!!!!!!!!!!!!!!!!!!!!!!!!!!!!!!!!!!!!!!!!!!!!!!!!
20220717 040218.169 INFO             PET0 !!! THE ESMF_LOG IS SET TO OUTPUT ALL LOG MESSAGES !!!
20220717 040218.169 INFO             PET0 !!!     THIS MAY CAUSE SLOWDOWN IN PERFORMANCE     !!!
20220717 040218.169 INFO             PET0 !!! FOR PRODUCTION RUNS, USE:                      !!!
20220717 040218.169 INFO             PET0 !!!                   ESMF_LOGKIND_Multi_On_Error  !!!
20220717 040218.169 INFO             PET0 !!!!!!!!!!!!!!!!!!!!!!!!!!!!!!!!!!!!!!!!!!!!!!!!!!!!!!
20220717 040218.169 INFO             PET0 Running with ESMF Version   : v8.4.0b04-9-g4da4a8320a
20220717 040218.169 INFO             PET0 ESMF library build date/time: "Jul 17 2022" "02:55:33"
20220717 040218.169 INFO             PET0 ESMF library build location : /glade/scratch/dunlap/esmf-testing/intel_18.0.5_mpiuni_g_feature_named-alias
20220717 040218.169 INFO             PET0 ESMF_COMM                   : mpiuni
20220717 040218.169 INFO             PET0 ESMF_MOAB                   : enabled
20220717 040218.169 INFO             PET0 ESMF_LAPACK                 : enabled
20220717 040218.169 INFO             PET0 ESMF_NETCDF                 : enabled
20220717 040218.169 INFO             PET0 ESMF_PNETCDF                : disabled
20220717 040218.169 INFO             PET0 ESMF_PIO                    : disabled
20220717 040218.169 INFO             PET0 ESMF_YAMLCPP                : enabled
20220717 040218.180 INFO             PET0 ESMF_FieldRedistStoreNF(): Just entered routine.
20220717 040219.105 INFO             PET0 ESMF_FieldRedistStoreNF(): Leaving routine.
20220717 040219.117 INFO             PET0  NUMBER_OF_PROCESSORS           1
20220717 040219.117 INFO             PET0  PASS  Example ESMF_RHandleFromFileEx, ESMF_RHandleFromFileEx.F90, line 192
20220717 040219.117 INFO             PET0 Finalizing ESMF
