build time -- 2022-07-21 01:20:07.890790
20220721 014400.554 INFO             PET0 !!!!!!!!!!!!!!!!!!!!!!!!!!!!!!!!!!!!!!!!!!!!!!!!!!!!!!
20220721 014400.555 INFO             PET0 !!! THE ESMF_LOG IS SET TO OUTPUT ALL LOG MESSAGES !!!
20220721 014400.555 INFO             PET0 !!!     THIS MAY CAUSE SLOWDOWN IN PERFORMANCE     !!!
20220721 014400.555 INFO             PET0 !!! FOR PRODUCTION RUNS, USE:                      !!!
20220721 014400.555 INFO             PET0 !!!                   ESMF_LOGKIND_Multi_On_Error  !!!
20220721 014400.555 INFO             PET0 !!!!!!!!!!!!!!!!!!!!!!!!!!!!!!!!!!!!!!!!!!!!!!!!!!!!!!
20220721 014400.555 INFO             PET0 Running with ESMF Version   : v8.4.0b06-6-g1266599ea8
20220721 014400.555 INFO             PET0 ESMF library build date/time: "Jul 21 2022" "01:18:53"
20220721 014400.555 INFO             PET0 ESMF library build location : /gpfsm/dnb04/projects/p98/mpotts/esmf/gfortran_8.3.0_mpiuni_g_develop
20220721 014400.555 INFO             PET0 ESMF_COMM                   : mpiuni
20220721 014400.555 INFO             PET0 ESMF_MOAB                   : enabled
20220721 014400.555 INFO             PET0 ESMF_LAPACK                 : enabled
20220721 014400.555 INFO             PET0 ESMF_NETCDF                 : disabled
20220721 014400.555 INFO             PET0 ESMF_PNETCDF                : disabled
20220721 014400.555 INFO             PET0 ESMF_PIO                    : disabled
20220721 014400.555 INFO             PET0 ESMF_YAMLCPP                : enabled
20220721 014400.768 INFO             PET0  NUMBER_OF_PROCESSORS           1
20220721 014400.768 INFO             PET0  PASS  Example ESMF_RHandleDynamicMaskingEx, ESMF_RHandleDynamicMaskingEx.F90, line 1116
20220721 014400.768 INFO             PET0 Finalizing ESMF
