build time -- 2022-06-19 01:17:20.778431
20220619 014120.541 INFO             PET0 !!!!!!!!!!!!!!!!!!!!!!!!!!!!!!!!!!!!!!!!!!!!!!!!!!!!!!
20220619 014120.541 INFO             PET0 !!! THE ESMF_LOG IS SET TO OUTPUT ALL LOG MESSAGES !!!
20220619 014120.541 INFO             PET0 !!!     THIS MAY CAUSE SLOWDOWN IN PERFORMANCE     !!!
20220619 014120.541 INFO             PET0 !!! FOR PRODUCTION RUNS, USE:                      !!!
20220619 014120.541 INFO             PET0 !!!                   ESMF_LOGKIND_Multi_On_Error  !!!
20220619 014120.541 INFO             PET0 !!!!!!!!!!!!!!!!!!!!!!!!!!!!!!!!!!!!!!!!!!!!!!!!!!!!!!
20220619 014120.541 INFO             PET0 Running with ESMF Version   : v8.4.0b01-2-gf0d4ab211d
20220619 014120.541 INFO             PET0 ESMF library build date/time: "Jun 19 2022" "01:16:02"
20220619 014120.541 INFO             PET0 ESMF library build location : /gpfsm/dnb04/projects/p98/mpotts/esmf/gfortran_8.3.0_mpiuni_g_develop
20220619 014120.541 INFO             PET0 ESMF_COMM                   : mpiuni
20220619 014120.541 INFO             PET0 ESMF_MOAB                   : enabled
20220619 014120.541 INFO             PET0 ESMF_LAPACK                 : enabled
20220619 014120.541 INFO             PET0 ESMF_NETCDF                 : disabled
20220619 014120.541 INFO             PET0 ESMF_PNETCDF                : disabled
20220619 014120.541 INFO             PET0 ESMF_PIO                    : disabled
20220619 014120.541 INFO             PET0 ESMF_YAMLCPP                : enabled
20220619 014120.542 INFO             PET0  NUMBER_OF_PROCESSORS           1
20220619 014120.542 INFO             PET0  PASS  Example ESMF_AttachMethodsEx, ESMF_AttachMethodsEx.F90, line 292
20220619 014120.542 INFO             PET0 Finalizing ESMF
