build time -- 2022-06-21 02:55:48.947696
--- ESMCI::Array::print start ---
--- ESMCI::Array::print start ---
 Base name    = Array002
 Base name    = Array002
 Status: Base = Ready,  object = Ready
 Proxy        = no
 Root Info (Attributes):
--- ESMCI::Array::print start ---
 Base name    = Array002
 Status: Base = Ready,  object = Ready
 Proxy        = no
 Root Info (Attributes):
 Status: Base = Ready,  object = Ready
 Proxy        = no
 Root Info (Attributes):
--- ESMCI::Array::print start ---
 Base name    = Array002
 Status: Base = Ready,  object = Ready
 Proxy        = no
 Root Info (Attributes):
{}{}Array typekind/rank: Real*8 / 2 
~ lower class' values ~
DistGrid dimCount = 2
Array typekind/rank: Real*8 / 2 
~ lower class' values ~
DistGrid dimCount = 2
deCount = 4
localDeCount = 1
deCount = 4
localDeCount = 1
~ local data in LocalArray for DE 0 ~
LocalArrayPrint: Array at address 0xf4e740:
            rank = 2, typekind = 6, base_addr = 0x2b1cf5049d00
            dim[0] = 14  dim[1] = 14  
  Real, *8, Dim 2, Data values:
~ local data in LocalArray for DE 2 ~
LocalArrayPrint: Array at address 0xf606f0:
            rank = 2, typekind = 6, base_addr = 0x2b87ee4d1d00
            dim[0] = 14  dim[1] = 14  
  Real, *8, Dim 2, Data values:
(-1,-1) =  36.71
( 0,-1) =  36.71
( 1,-1) =  36.71
( 2,-1) =  36.71
( 3,-1) =  36.71
(-1,-1) =  36.71
( 0,-1) =  36.71
( 1,-1) =  36.71
( 2,-1) =  36.71
( 3,-1) =  36.71
( 4,-1) =  36.71
( 5,-1) =  36.71
( 4,-1) =  36.71
( 5,-1) =  36.71
( 6,-1) =  36.71
( 7,-1) =  36.71
( 8,-1) =  36.71
( 6,-1) =  36.71
( 7,-1) =  36.71
( 8,-1) =  36.71
  skipping to end ...
( 3,12) =  36.71
( 4,12) =  36.71
  skipping to end ...
( 3,12) =  36.71
( 4,12) =  36.71
( 5,12) =  36.71
( 6,12) =  36.71
( 7,12) =  36.71
( 8,12) =  36.71
( 9,12) =  36.71
{}{}( 5,12) =  36.71
( 6,12) =  36.71
( 7,12) =  36.71
( 8,12) =  36.71
( 9,12) =  36.71
(10,12) =  36.71
(10,12) =  36.71
(11,12) =  36.71
(12,12) =  36.71
dim 1: [0]: [-1 [1 [1, 10] 10] 12]
(11,12) =  36.71
(12,12) =  36.71
dim 1: [0]: [-1 [1 [1, 10] 10] 12]
dim 2: [1]: [-1 [1 [1, 10] 10] 12]
--- ESMCI::Array::print end ---
Array typekind/rank: Real*8 / 2 
~ lower class' values ~
DistGrid dimCount = 2
deCount = 4
localDeCount = 1
~ local data in LocalArray for DE 3 ~
LocalArrayPrint: Array at address 0x10f06e0:
            rank = 2, typekind = 6, base_addr = 0x2b6954da5d00
            dim[0] = 14  dim[1] = 14  
  Real, *8, Dim 2, Data values:
Array typekind/rank: Real*8 / 2 
~ lower class' values ~
DistGrid dimCount = 2
deCount = 4
localDeCount = 1
~ local data in LocalArray for DE 1 ~
LocalArrayPrint: Array at address 0xfb4670:
            rank = 2, typekind = 6, base_addr = 0x2b8837869d00
            dim[0] = 14  dim[1] = 14  
  Real, *8, Dim 2, Data values:
dim 2: [1]: [-1 [1 [1, 10] 10] 12]
--- ESMCI::Array::print end ---
(-1,-1) =  36.71
( 0,-1) =  36.71
(-1,-1) =  36.71
( 0,-1) =  36.71
( 1,-1) =  36.71
( 2,-1) =  36.71
( 1,-1) =  36.71
( 2,-1) =  36.71
( 3,-1) =  36.71
( 4,-1) =  36.71
( 5,-1) =  36.71
( 6,-1) =  36.71
( 3,-1) =  36.71
( 4,-1) =  36.71
( 5,-1) =  36.71
( 6,-1) =  36.71
( 7,-1) =  36.71
( 7,-1) =  36.71
( 8,-1) =  36.71
  skipping to end ...
( 3,12) =  36.71
( 4,12) =  36.71
( 5,12) =  36.71
( 6,12) =  36.71
( 7,12) =  36.71
( 8,-1) =  36.71
  skipping to end ...
( 3,12) =  36.71
( 4,12) =  36.71
( 5,12) =  36.71
( 6,12) =  36.71
( 7,12) =  36.71
( 8,12) =  36.71
( 9,12) =  36.71
( 8,12) =  36.71
(10,12) =  36.71
( 9,12) =  36.71
(10,12) =  36.71
(11,12) =  36.71
(12,12) =  36.71
dim 1: [0]: [-1 [1 [1, 10] 10] 12]
dim 2: [1]: [-1 [1 [1, 10] 10] 12]
--- ESMCI::Array::print end ---
(11,12) =  36.71
(12,12) =  36.71
dim 1: [0]: [-1 [1 [1, 10] 10] 12]
dim 2: [1]: [-1 [1 [1, 10] 10] 12]
--- ESMCI::Array::print end ---
 localSum=   3671.00000000000     
 localSum=   3671.00000000000     
 localSum=   3671.00000000000     
 localSum=   3671.00000000000     
  PASS  Example ESMF_ArrayFarrayHaloEx, ESMF_ArrayFarrayHaloEx.F90, line 177
  PASS  Example ESMF_ArrayFarrayHaloEx, ESMF_ArrayFarrayHaloEx.F90, line 177
  PASS  Example ESMF_ArrayFarrayHaloEx, ESMF_ArrayFarrayHaloEx.F90, line 177
  PASS  Example ESMF_ArrayFarrayHaloEx, ESMF_ArrayFarrayHaloEx.F90, line 177
 PASS: ESMF_ArrayFarrayHaloEx.F90
 PASS: ESMF_ArrayFarrayHaloEx.F90
 PASS: ESMF_ArrayFarrayHaloEx.F90
 PASS: ESMF_ArrayFarrayHaloEx.F90
