build time -- 2022-06-16 02:49:44.136802
20220616 040632.975 INFO             PET0 !!!!!!!!!!!!!!!!!!!!!!!!!!!!!!!!!!!!!!!!!!!!!!!!!!!!!!
20220616 040632.975 INFO             PET0 !!! THE ESMF_LOG IS SET TO OUTPUT ALL LOG MESSAGES !!!
20220616 040632.975 INFO             PET0 !!!     THIS MAY CAUSE SLOWDOWN IN PERFORMANCE     !!!
20220616 040632.976 INFO             PET0 !!! FOR PRODUCTION RUNS, USE:                      !!!
20220616 040632.976 INFO             PET0 !!!                   ESMF_LOGKIND_Multi_On_Error  !!!
20220616 040632.976 INFO             PET0 !!!!!!!!!!!!!!!!!!!!!!!!!!!!!!!!!!!!!!!!!!!!!!!!!!!!!!
20220616 040632.976 INFO             PET0 Running with ESMF Version   : v8.4.0b01-2-gf0d4ab211d
20220616 040632.976 INFO             PET0 ESMF library build date/time: "Jun 16 2022" "02:42:02"
20220616 040632.976 INFO             PET0 ESMF library build location : /glade/scratch/dunlap/esmf-testing/intel_18.0.5_openmpi_g_develop
20220616 040632.976 INFO             PET0 ESMF_COMM                   : openmpi
20220616 040632.976 INFO             PET0 ESMF_MOAB                   : enabled
20220616 040632.976 INFO             PET0 ESMF_LAPACK                 : enabled
20220616 040632.976 INFO             PET0 ESMF_NETCDF                 : enabled
20220616 040632.976 INFO             PET0 ESMF_PNETCDF                : disabled
20220616 040632.976 INFO             PET0 ESMF_PIO                    : enabled
20220616 040632.976 INFO             PET0 ESMF_YAMLCPP                : enabled
20220616 040633.149 DEBUG            PET0 about to destroy Grid: 0x13d0a80
20220616 040633.166 DEBUG            PET0 about to destroy Grid: 0x13d1440
20220616 040633.212 INFO             PET0  NUMBER_OF_PROCESSORS           4
20220616 040633.212 INFO             PET0  PASS  Example ESMF_NUOPCAtmModelEx, ESMF_NUOPCAtmModelEx.F90, line 806
20220616 040633.212 INFO             PET0 Finalizing ESMF
20220616 040632.976 INFO             PET1 !!!!!!!!!!!!!!!!!!!!!!!!!!!!!!!!!!!!!!!!!!!!!!!!!!!!!!
20220616 040632.976 INFO             PET1 !!! THE ESMF_LOG IS SET TO OUTPUT ALL LOG MESSAGES !!!
20220616 040632.976 INFO             PET1 !!!     THIS MAY CAUSE SLOWDOWN IN PERFORMANCE     !!!
20220616 040632.976 INFO             PET1 !!! FOR PRODUCTION RUNS, USE:                      !!!
20220616 040632.976 INFO             PET1 !!!                   ESMF_LOGKIND_Multi_On_Error  !!!
20220616 040632.976 INFO             PET1 !!!!!!!!!!!!!!!!!!!!!!!!!!!!!!!!!!!!!!!!!!!!!!!!!!!!!!
20220616 040632.976 INFO             PET1 Running with ESMF Version   : v8.4.0b01-2-gf0d4ab211d
20220616 040632.976 INFO             PET1 ESMF library build date/time: "Jun 16 2022" "02:42:02"
20220616 040632.976 INFO             PET1 ESMF library build location : /glade/scratch/dunlap/esmf-testing/intel_18.0.5_openmpi_g_develop
20220616 040632.976 INFO             PET1 ESMF_COMM                   : openmpi
20220616 040632.977 INFO             PET1 ESMF_MOAB                   : enabled
20220616 040632.977 INFO             PET1 ESMF_LAPACK                 : enabled
20220616 040632.977 INFO             PET1 ESMF_NETCDF                 : enabled
20220616 040632.977 INFO             PET1 ESMF_PNETCDF                : disabled
20220616 040632.977 INFO             PET1 ESMF_PIO                    : enabled
20220616 040632.977 INFO             PET1 ESMF_YAMLCPP                : enabled
20220616 040633.149 DEBUG            PET1 about to destroy Grid: 0xf57f50
20220616 040633.166 DEBUG            PET1 about to destroy Grid: 0xf58400
20220616 040633.212 INFO             PET1  NUMBER_OF_PROCESSORS           4
20220616 040633.212 INFO             PET1  PASS  Example ESMF_NUOPCAtmModelEx, ESMF_NUOPCAtmModelEx.F90, line 806
20220616 040633.212 INFO             PET1 Finalizing ESMF
20220616 040632.976 INFO             PET2 !!!!!!!!!!!!!!!!!!!!!!!!!!!!!!!!!!!!!!!!!!!!!!!!!!!!!!
20220616 040632.976 INFO             PET2 !!! THE ESMF_LOG IS SET TO OUTPUT ALL LOG MESSAGES !!!
20220616 040632.976 INFO             PET2 !!!     THIS MAY CAUSE SLOWDOWN IN PERFORMANCE     !!!
20220616 040632.976 INFO             PET2 !!! FOR PRODUCTION RUNS, USE:                      !!!
20220616 040632.976 INFO             PET2 !!!                   ESMF_LOGKIND_Multi_On_Error  !!!
20220616 040632.976 INFO             PET2 !!!!!!!!!!!!!!!!!!!!!!!!!!!!!!!!!!!!!!!!!!!!!!!!!!!!!!
20220616 040632.976 INFO             PET2 Running with ESMF Version   : v8.4.0b01-2-gf0d4ab211d
20220616 040632.976 INFO             PET2 ESMF library build date/time: "Jun 16 2022" "02:42:02"
20220616 040632.976 INFO             PET2 ESMF library build location : /glade/scratch/dunlap/esmf-testing/intel_18.0.5_openmpi_g_develop
20220616 040632.976 INFO             PET2 ESMF_COMM                   : openmpi
20220616 040632.976 INFO             PET2 ESMF_MOAB                   : enabled
20220616 040632.976 INFO             PET2 ESMF_LAPACK                 : enabled
20220616 040632.976 INFO             PET2 ESMF_NETCDF                 : enabled
20220616 040632.976 INFO             PET2 ESMF_PNETCDF                : disabled
20220616 040632.976 INFO             PET2 ESMF_PIO                    : enabled
20220616 040632.976 INFO             PET2 ESMF_YAMLCPP                : enabled
20220616 040633.149 DEBUG            PET2 about to destroy Grid: 0x1ea8c00
20220616 040633.166 DEBUG            PET2 about to destroy Grid: 0x1ea9d60
20220616 040633.212 INFO             PET2  NUMBER_OF_PROCESSORS           4
20220616 040633.212 INFO             PET2  PASS  Example ESMF_NUOPCAtmModelEx, ESMF_NUOPCAtmModelEx.F90, line 806
20220616 040633.212 INFO             PET2 Finalizing ESMF
20220616 040632.977 INFO             PET3 !!!!!!!!!!!!!!!!!!!!!!!!!!!!!!!!!!!!!!!!!!!!!!!!!!!!!!
20220616 040632.977 INFO             PET3 !!! THE ESMF_LOG IS SET TO OUTPUT ALL LOG MESSAGES !!!
20220616 040632.977 INFO             PET3 !!!     THIS MAY CAUSE SLOWDOWN IN PERFORMANCE     !!!
20220616 040632.977 INFO             PET3 !!! FOR PRODUCTION RUNS, USE:                      !!!
20220616 040632.977 INFO             PET3 !!!                   ESMF_LOGKIND_Multi_On_Error  !!!
20220616 040632.977 INFO             PET3 !!!!!!!!!!!!!!!!!!!!!!!!!!!!!!!!!!!!!!!!!!!!!!!!!!!!!!
20220616 040632.977 INFO             PET3 Running with ESMF Version   : v8.4.0b01-2-gf0d4ab211d
20220616 040632.977 INFO             PET3 ESMF library build date/time: "Jun 16 2022" "02:42:02"
20220616 040632.977 INFO             PET3 ESMF library build location : /glade/scratch/dunlap/esmf-testing/intel_18.0.5_openmpi_g_develop
20220616 040632.977 INFO             PET3 ESMF_COMM                   : openmpi
20220616 040632.977 INFO             PET3 ESMF_MOAB                   : enabled
20220616 040632.977 INFO             PET3 ESMF_LAPACK                 : enabled
20220616 040632.977 INFO             PET3 ESMF_NETCDF                 : enabled
20220616 040632.977 INFO             PET3 ESMF_PNETCDF                : disabled
20220616 040632.977 INFO             PET3 ESMF_PIO                    : enabled
20220616 040632.977 INFO             PET3 ESMF_YAMLCPP                : enabled
20220616 040633.149 DEBUG            PET3 about to destroy Grid: 0x2a09b40
20220616 040633.166 DEBUG            PET3 about to destroy Grid: 0x2a09ff0
20220616 040633.212 INFO             PET3  NUMBER_OF_PROCESSORS           4
20220616 040633.212 INFO             PET3  PASS  Example ESMF_NUOPCAtmModelEx, ESMF_NUOPCAtmModelEx.F90, line 806
20220616 040633.212 INFO             PET3 Finalizing ESMF
