build time -- 2022-07-07 01:15:08.057074
20220707 014143.670 INFO             PET0 !!!!!!!!!!!!!!!!!!!!!!!!!!!!!!!!!!!!!!!!!!!!!!!!!!!!!!
20220707 014143.670 INFO             PET0 !!! THE ESMF_LOG IS SET TO OUTPUT ALL LOG MESSAGES !!!
20220707 014143.670 INFO             PET0 !!!     THIS MAY CAUSE SLOWDOWN IN PERFORMANCE     !!!
20220707 014143.670 INFO             PET0 !!! FOR PRODUCTION RUNS, USE:                      !!!
20220707 014143.670 INFO             PET0 !!!                   ESMF_LOGKIND_Multi_On_Error  !!!
20220707 014143.670 INFO             PET0 !!!!!!!!!!!!!!!!!!!!!!!!!!!!!!!!!!!!!!!!!!!!!!!!!!!!!!
20220707 014143.670 INFO             PET0 Running with ESMF Version   : v8.4.0b03-3-g14a79d558f
20220707 014143.670 INFO             PET0 ESMF library build date/time: "Jul  7 2022" "01:13:29"
20220707 014143.670 INFO             PET0 ESMF library build location : /gpfsm/dnb04/projects/p98/mpotts/esmf/gfortran_10.1.0_intelmpi_g_develop
20220707 014143.670 INFO             PET0 ESMF_COMM                   : intelmpi
20220707 014143.670 INFO             PET0 ESMF_MOAB                   : enabled
20220707 014143.670 INFO             PET0 ESMF_LAPACK                 : enabled
20220707 014143.670 INFO             PET0 ESMF_NETCDF                 : disabled
20220707 014143.670 INFO             PET0 ESMF_PNETCDF                : disabled
20220707 014143.670 INFO             PET0 ESMF_PIO                    : disabled
20220707 014143.670 INFO             PET0 ESMF_YAMLCPP                : enabled
20220707 014143.670 INFO             PET0  NUMBER_OF_PROCESSORS           1
20220707 014143.670 INFO             PET0  PASS  Example ESMF_TimeIntervalEx, ESMF_TimeIntervalEx.F90, line 176
20220707 014143.670 INFO             PET0 Finalizing ESMF
