build time -- 2022-07-22 01:14:22.955682
srun: cluster configuration lacks support for cpu binding
 localPET=           0  localDE=           0 : array(           1 ,           1 )=   0.0000000000000000     
 localPET=           0  localDE=           0 : array(           1 ,           2 )=   4.2439915829186759E-314
 localPET=           0  localDE=           0 : array(           2 ,           1 )=   4.2439915829186759E-314
 localPET=           0  localDE=           0 : array(           2 ,           2 )=   2.1219957924474693E-314
 localPET=           0  localDE=           0 : array(           3 ,           1 )=   4.2439915834127416E-314
 localPET=           0  localDE=           0 : array(           3 ,           2 )=   2.1219957919534036E-314
 localPET=           0  localDE=           1 : array(           1 ,           1 )=   4.1068633694404443E-317
 localPET=           0  localDE=           1 : array(           2 ,           1 )=   0.0000000000000000     
 localPET=           0  localDE=           1 : array(           3 ,           1 )=   0.0000000000000000     
 localPET=           1  localDE=           0 : array(           1 ,           1 )=   3.3349589195290811E-317
 localPET=           1  localDE=           0 : array(           1 ,           2 )=   0.0000000000000000     
 localPET=           1  localDE=           0 : array(           2 ,           1 )=   2.1219957919534036E-314
 localPET=           1  localDE=           0 : array(           2 ,           2 )=   0.0000000000000000     
 localPET=           1  localDE=           1 : array(           1 ,           1 )=   4.1793526809982720E-317
 localPET=           1  localDE=           1 : array(           2 ,           1 )=   4.1797953638169458E-317
 localPET=           2  localDE=           0 : array(           1 ,           1 )=   0.0000000000000000     
 localPET=           2  localDE=           0 : array(           1 ,           2 )=   4.2439915829186759E-314
 localPET=           2  localDE=           0 : array(           2 ,           1 )=   4.2439915829186759E-314
 localPET=           2  localDE=           0 : array(           2 ,           2 )=   2.1219957924474693E-314
 localPET=           2  localDE=           0 : array(           3 ,           1 )=   4.2439915834127416E-314
 localPET=           2  localDE=           0 : array(           3 ,           2 )=   2.1219957919534036E-314
 localPET=           3  localDE=           0 : array(           1 ,           1 )=   4.0892113920458283E-317
 localPET=           3  localDE=           0 : array(           1 ,           2 )=   6.0134700169990685E-154
 localPET=           3  localDE=           0 : array(           2 ,           1 )=   6.9533439630431563E-310
 localPET=           3  localDE=           0 : array(           2 ,           2 )=   6.1091634754708511E+223
 localPet:            1 DE            1  [           1           2 ]
 localPet:            1 DE            5  [           1           2 ]
 localPet:            3 DE            3  [           1           2 ]
 localPet:            0 DE            0  [           1           3 ]
 localPet:            0 DE            4  [           1           3 ]
 localPet:            2 DE            2  [           1           3 ]
  PASS  Example ESMF_ArrayEx, ESMF_ArrayEx.F90, line 1899
 PASS: ESMF_ArrayEx.F90
  PASS  Example ESMF_ArrayEx, ESMF_ArrayEx.F90, line 1899
  PASS  Example ESMF_ArrayEx, ESMF_ArrayEx.F90, line 1899
 PASS: ESMF_ArrayEx.F90
  PASS  Example ESMF_ArrayEx, ESMF_ArrayEx.F90, line 1899
 PASS: ESMF_ArrayEx.F90
 PASS: ESMF_ArrayEx.F90
