build time -- 2022-06-30 01:15:20.438706
20220630 014147.768 INFO             PET0 !!!!!!!!!!!!!!!!!!!!!!!!!!!!!!!!!!!!!!!!!!!!!!!!!!!!!!
20220630 014147.768 INFO             PET0 !!! THE ESMF_LOG IS SET TO OUTPUT ALL LOG MESSAGES !!!
20220630 014147.768 INFO             PET0 !!!     THIS MAY CAUSE SLOWDOWN IN PERFORMANCE     !!!
20220630 014147.768 INFO             PET0 !!! FOR PRODUCTION RUNS, USE:                      !!!
20220630 014147.768 INFO             PET0 !!!                   ESMF_LOGKIND_Multi_On_Error  !!!
20220630 014147.768 INFO             PET0 !!!!!!!!!!!!!!!!!!!!!!!!!!!!!!!!!!!!!!!!!!!!!!!!!!!!!!
20220630 014147.768 INFO             PET0 Running with ESMF Version   : v8.4.0b01-4-g992fafaac4
20220630 014147.768 INFO             PET0 ESMF library build date/time: "Jun 30 2022" "01:13:42"
20220630 014147.768 INFO             PET0 ESMF library build location : /gpfsm/dnb04/projects/p98/mpotts/esmf/gfortran_10.1.0_intelmpi_g_develop
20220630 014147.768 INFO             PET0 ESMF_COMM                   : intelmpi
20220630 014147.768 INFO             PET0 ESMF_MOAB                   : enabled
20220630 014147.768 INFO             PET0 ESMF_LAPACK                 : enabled
20220630 014147.768 INFO             PET0 ESMF_NETCDF                 : disabled
20220630 014147.768 INFO             PET0 ESMF_PNETCDF                : disabled
20220630 014147.768 INFO             PET0 ESMF_PIO                    : disabled
20220630 014147.768 INFO             PET0 ESMF_YAMLCPP                : enabled
20220630 014147.769 INFO             PET0  NUMBER_OF_PROCESSORS           1
20220630 014147.769 INFO             PET0  PASS  Example ESMF_TimeEx, ESMF_TimeEx.F90, line 141
20220630 014147.769 INFO             PET0 Finalizing ESMF
