build time -- 2022-06-25 01:34:41
20220625 032653.143 INFO             PET0 !!!!!!!!!!!!!!!!!!!!!!!!!!!!!!!!!!!!!!!!!!!!!!!!!!!!!!
20220625 032653.143 INFO             PET0 !!! THE ESMF_LOG IS SET TO OUTPUT ALL LOG MESSAGES !!!
20220625 032653.143 INFO             PET0 !!!     THIS MAY CAUSE SLOWDOWN IN PERFORMANCE     !!!
20220625 032653.143 INFO             PET0 !!! FOR PRODUCTION RUNS, USE:                      !!!
20220625 032653.143 INFO             PET0 !!!                   ESMF_LOGKIND_Multi_On_Error  !!!
20220625 032653.143 INFO             PET0 !!!!!!!!!!!!!!!!!!!!!!!!!!!!!!!!!!!!!!!!!!!!!!!!!!!!!!
20220625 032653.143 INFO             PET0 Running with ESMF Version   : v8.4.0b01-2-gf0d4ab211d
20220625 032653.143 INFO             PET0 ESMF library build date/time: "Jun 25 2022" "01:32:42"
20220625 032653.143 INFO             PET0 ESMF library build location : /lustre/f2/dev/ncep/Mark.Potts/gfortran_8.3.0_mpiuni_g_develop
20220625 032653.143 INFO             PET0 ESMF_COMM                   : mpiuni
20220625 032653.145 INFO             PET0 ESMF_MOAB                   : enabled
20220625 032653.145 INFO             PET0 ESMF_LAPACK                 : enabled
20220625 032653.145 INFO             PET0 ESMF_NETCDF                 : enabled
20220625 032653.145 INFO             PET0 ESMF_PNETCDF                : disabled
20220625 032653.145 INFO             PET0 ESMF_PIO                    : disabled
20220625 032653.145 INFO             PET0 ESMF_YAMLCPP                : enabled
20220625 032653.299 INFO             PET0  NUMBER_OF_PROCESSORS           1
20220625 032653.299 INFO             PET0  PASS  Example ESMF_RHandleDynamicMaskingEx, ESMF_RHandleDynamicMaskingEx.F90, line 1116
20220625 032653.299 INFO             PET0 Finalizing ESMF
