build time -- 2022-07-07 00:33:48
20220707 020333.452 INFO             PET0 !!!!!!!!!!!!!!!!!!!!!!!!!!!!!!!!!!!!!!!!!!!!!!!!!!!!!!
20220707 020333.452 INFO             PET0 !!! THE ESMF_LOG IS SET TO OUTPUT ALL LOG MESSAGES !!!
20220707 020333.452 INFO             PET0 !!!     THIS MAY CAUSE SLOWDOWN IN PERFORMANCE     !!!
20220707 020333.452 INFO             PET0 !!! FOR PRODUCTION RUNS, USE:                      !!!
20220707 020333.452 INFO             PET0 !!!                   ESMF_LOGKIND_Multi_On_Error  !!!
20220707 020333.452 INFO             PET0 !!!!!!!!!!!!!!!!!!!!!!!!!!!!!!!!!!!!!!!!!!!!!!!!!!!!!!
20220707 020333.452 INFO             PET0 Running with ESMF Version   : v8.4.0b03-3-g14a79d558f
20220707 020333.452 INFO             PET0 ESMF library build date/time: "Jul  7 2022" "00:31:49"
20220707 020333.452 INFO             PET0 ESMF library build location : /lustre/f2/dev/ncep/Mark.Potts/gfortran_8.3.0_mpiuni_g_develop
20220707 020333.452 INFO             PET0 ESMF_COMM                   : mpiuni
20220707 020333.452 INFO             PET0 ESMF_MOAB                   : enabled
20220707 020333.452 INFO             PET0 ESMF_LAPACK                 : enabled
20220707 020333.452 INFO             PET0 ESMF_NETCDF                 : enabled
20220707 020333.452 INFO             PET0 ESMF_PNETCDF                : disabled
20220707 020333.452 INFO             PET0 ESMF_PIO                    : disabled
20220707 020333.452 INFO             PET0 ESMF_YAMLCPP                : enabled
20220707 020333.453 INFO             PET0  NUMBER_OF_PROCESSORS           1
20220707 020333.453 INFO             PET0  PASS  Example ESMF_InternalStateModEx, ESMF_InternalStateModEx.F90, line 239
20220707 020333.453 INFO             PET0 Finalizing ESMF
