build time -- 2022-07-10 00:40:06
20220710 020426.707 INFO             PET0 !!!!!!!!!!!!!!!!!!!!!!!!!!!!!!!!!!!!!!!!!!!!!!!!!!!!!!
20220710 020426.707 INFO             PET0 !!! THE ESMF_LOG IS SET TO OUTPUT ALL LOG MESSAGES !!!
20220710 020426.707 INFO             PET0 !!!     THIS MAY CAUSE SLOWDOWN IN PERFORMANCE     !!!
20220710 020426.707 INFO             PET0 !!! FOR PRODUCTION RUNS, USE:                      !!!
20220710 020426.707 INFO             PET0 !!!                   ESMF_LOGKIND_Multi_On_Error  !!!
20220710 020426.707 INFO             PET0 !!!!!!!!!!!!!!!!!!!!!!!!!!!!!!!!!!!!!!!!!!!!!!!!!!!!!!
20220710 020426.707 INFO             PET0 Running with ESMF Version   : v8.4.0b03-3-g14a79d558f
20220710 020426.708 INFO             PET0 ESMF library build date/time: "Jul 10 2022" "00:38:06"
20220710 020426.708 INFO             PET0 ESMF library build location : /lustre/f2/dev/ncep/Mark.Potts/gfortran_8.3.0_mpiuni_g_develop
20220710 020426.708 INFO             PET0 ESMF_COMM                   : mpiuni
20220710 020426.708 INFO             PET0 ESMF_MOAB                   : enabled
20220710 020426.708 INFO             PET0 ESMF_LAPACK                 : enabled
20220710 020426.708 INFO             PET0 ESMF_NETCDF                 : enabled
20220710 020426.708 INFO             PET0 ESMF_PNETCDF                : disabled
20220710 020426.708 INFO             PET0 ESMF_PIO                    : disabled
20220710 020426.709 INFO             PET0 ESMF_YAMLCPP                : enabled
20220710 020426.824 DEBUG            PET0 about to destroy Grid: 0x33f1c70
20220710 020426.835 DEBUG            PET0 about to destroy Grid: 0x33f3a00
20220710 020426.860 INFO             PET0  NUMBER_OF_PROCESSORS           1
20220710 020426.860 INFO             PET0  PASS  Example ESMF_NUOPCAtmModelEx, ESMF_NUOPCAtmModelEx.F90, line 806
20220710 020426.860 INFO             PET0 Finalizing ESMF
