build time -- 2022-07-16 02:40:55
[1657958592.082645] [Orion-01-18:132265:0]       ib_verbs.h:84   UCX  ERROR ibv_exp_query_device(mlx5_0) returned 38: No space left on device
[1657958592.082694] [Orion-01-18:132267:0]       ib_verbs.h:84   UCX  ERROR ibv_exp_query_device(mlx5_0) returned 38: No space left on device
[1657958592.083986] [Orion-01-18:132266:0]       ib_verbs.h:84   UCX  ERROR ibv_exp_query_device(mlx5_0) returned 38: No space left on device
[1657958592.084015] [Orion-01-18:132268:0]       ib_verbs.h:84   UCX  ERROR ibv_exp_query_device(mlx5_0) returned 38: No space left on device
 --------------------------------------- 
 Start of ESMF_Trace Example
 --------------------------------------- 
 Inside Init
 Inside Init
 Inside Init
 Inside Run
 Inside Run
 Inside Run
 Inside Init
 Inside Run
 Inside Run
 Inside Run
 Inside Run
 Inside Run
 Inside Run
 Inside Run
 Inside Finalize
 Inside Run
 Inside Run
 Inside Run
 Inside Run
 Inside Run
 Inside Run
 Inside Run
 Inside Finalize
 Inside Run
 Inside Finalize
 Inside Run
 Inside Run
 Inside Finalize
  PASS  Example ESMF_TraceEx, ESMF_TraceEx.F90, line 178
  PASS  Example ESMF_TraceEx, ESMF_TraceEx.F90, line 178
  PASS  Example ESMF_TraceEx, ESMF_TraceEx.F90, line 178
  PASS  Example ESMF_TraceEx, ESMF_TraceEx.F90, line 178
 PASS: ESMF_TraceEx.F90
 PASS: ESMF_TraceEx.F90
 PASS: ESMF_TraceEx.F90
 --------------------------------------- 
 End of ESMF_Trace Example
 --------------------------------------- 
 PASS: ESMF_TraceEx.F90
