build time -- 2022-06-27 01:20:29.919066
20220627 014325.913 INFO             PET0 !!!!!!!!!!!!!!!!!!!!!!!!!!!!!!!!!!!!!!!!!!!!!!!!!!!!!!
20220627 014325.913 INFO             PET0 !!! THE ESMF_LOG IS SET TO OUTPUT ALL LOG MESSAGES !!!
20220627 014325.913 INFO             PET0 !!!     THIS MAY CAUSE SLOWDOWN IN PERFORMANCE     !!!
20220627 014325.913 INFO             PET0 !!! FOR PRODUCTION RUNS, USE:                      !!!
20220627 014325.913 INFO             PET0 !!!                   ESMF_LOGKIND_Multi_On_Error  !!!
20220627 014325.913 INFO             PET0 !!!!!!!!!!!!!!!!!!!!!!!!!!!!!!!!!!!!!!!!!!!!!!!!!!!!!!
20220627 014325.913 INFO             PET0 Running with ESMF Version   : v8.4.0b01-2-gf0d4ab211d
20220627 014325.913 INFO             PET0 ESMF library build date/time: "Jun 27 2022" "01:18:39"
20220627 014325.913 INFO             PET0 ESMF library build location : /gpfsm/dnb04/projects/p98/mpotts/esmf/gfortran_8.3.0_mpt_g_develop
20220627 014325.913 INFO             PET0 ESMF_COMM                   : mpt
20220627 014325.913 INFO             PET0 ESMF_MOAB                   : enabled
20220627 014325.913 INFO             PET0 ESMF_LAPACK                 : enabled
20220627 014325.913 INFO             PET0 ESMF_NETCDF                 : disabled
20220627 014325.913 INFO             PET0 ESMF_PNETCDF                : disabled
20220627 014325.913 INFO             PET0 ESMF_PIO                    : disabled
20220627 014325.913 INFO             PET0 ESMF_YAMLCPP                : enabled
20220627 014325.914 INFO             PET0  NUMBER_OF_PROCESSORS           1
20220627 014325.914 INFO             PET0  PASS  Example ESMF_TimeIntervalEx, ESMF_TimeIntervalEx.F90, line 176
20220627 014325.914 INFO             PET0 Finalizing ESMF
