build time -- 2022-07-21 01:21:19.576301
20220721 014501.252 INFO             PET0 !!!!!!!!!!!!!!!!!!!!!!!!!!!!!!!!!!!!!!!!!!!!!!!!!!!!!!
20220721 014501.252 INFO             PET0 !!! THE ESMF_LOG IS SET TO OUTPUT ALL LOG MESSAGES !!!
20220721 014501.252 INFO             PET0 !!!     THIS MAY CAUSE SLOWDOWN IN PERFORMANCE     !!!
20220721 014501.252 INFO             PET0 !!! FOR PRODUCTION RUNS, USE:                      !!!
20220721 014501.252 INFO             PET0 !!!                   ESMF_LOGKIND_Multi_On_Error  !!!
20220721 014501.252 INFO             PET0 !!!!!!!!!!!!!!!!!!!!!!!!!!!!!!!!!!!!!!!!!!!!!!!!!!!!!!
20220721 014501.252 INFO             PET0 Running with ESMF Version   : v8.4.0b06-6-g1266599ea8
20220721 014501.252 INFO             PET0 ESMF library build date/time: "Jul 21 2022" "01:19:48"
20220721 014501.252 INFO             PET0 ESMF library build location : /gpfsm/dnb04/projects/p98/mpotts/esmf/gfortran_8.3.0_mpt_g_develop
20220721 014501.252 INFO             PET0 ESMF_COMM                   : mpt
20220721 014501.252 INFO             PET0 ESMF_MOAB                   : enabled
20220721 014501.252 INFO             PET0 ESMF_LAPACK                 : enabled
20220721 014501.252 INFO             PET0 ESMF_NETCDF                 : disabled
20220721 014501.252 INFO             PET0 ESMF_PNETCDF                : disabled
20220721 014501.252 INFO             PET0 ESMF_PIO                    : disabled
20220721 014501.252 INFO             PET0 ESMF_YAMLCPP                : enabled
20220721 014501.253 ERROR            PET0 ESMF_StateAPI.cppF90:1189 ESMF_StateAddList Object being used before creation  - Bad Object
20220721 014501.256 INFO             PET0  NUMBER_OF_PROCESSORS           4
20220721 014501.256 INFO             PET0  PASS  Example ESMF_StateReconcileEx, ESMF_StateReconcileEx.F90, line 294
20220721 014501.256 INFO             PET0 Finalizing ESMF
20220721 014501.251 INFO             PET1 !!!!!!!!!!!!!!!!!!!!!!!!!!!!!!!!!!!!!!!!!!!!!!!!!!!!!!
20220721 014501.251 INFO             PET1 !!! THE ESMF_LOG IS SET TO OUTPUT ALL LOG MESSAGES !!!
20220721 014501.251 INFO             PET1 !!!     THIS MAY CAUSE SLOWDOWN IN PERFORMANCE     !!!
20220721 014501.251 INFO             PET1 !!! FOR PRODUCTION RUNS, USE:                      !!!
20220721 014501.251 INFO             PET1 !!!                   ESMF_LOGKIND_Multi_On_Error  !!!
20220721 014501.251 INFO             PET1 !!!!!!!!!!!!!!!!!!!!!!!!!!!!!!!!!!!!!!!!!!!!!!!!!!!!!!
20220721 014501.251 INFO             PET1 Running with ESMF Version   : v8.4.0b06-6-g1266599ea8
20220721 014501.251 INFO             PET1 ESMF library build date/time: "Jul 21 2022" "01:19:48"
20220721 014501.251 INFO             PET1 ESMF library build location : /gpfsm/dnb04/projects/p98/mpotts/esmf/gfortran_8.3.0_mpt_g_develop
20220721 014501.251 INFO             PET1 ESMF_COMM                   : mpt
20220721 014501.252 INFO             PET1 ESMF_MOAB                   : enabled
20220721 014501.252 INFO             PET1 ESMF_LAPACK                 : enabled
20220721 014501.252 INFO             PET1 ESMF_NETCDF                 : disabled
20220721 014501.252 INFO             PET1 ESMF_PNETCDF                : disabled
20220721 014501.252 INFO             PET1 ESMF_PIO                    : disabled
20220721 014501.252 INFO             PET1 ESMF_YAMLCPP                : enabled
20220721 014501.253 ERROR            PET1 ESMF_StateAPI.cppF90:1189 ESMF_StateAddList Object being used before creation  - Bad Object
20220721 014501.256 INFO             PET1  NUMBER_OF_PROCESSORS           4
20220721 014501.256 INFO             PET1  PASS  Example ESMF_StateReconcileEx, ESMF_StateReconcileEx.F90, line 294
20220721 014501.256 INFO             PET1 Finalizing ESMF
20220721 014501.252 INFO             PET2 !!!!!!!!!!!!!!!!!!!!!!!!!!!!!!!!!!!!!!!!!!!!!!!!!!!!!!
20220721 014501.252 INFO             PET2 !!! THE ESMF_LOG IS SET TO OUTPUT ALL LOG MESSAGES !!!
20220721 014501.252 INFO             PET2 !!!     THIS MAY CAUSE SLOWDOWN IN PERFORMANCE     !!!
20220721 014501.252 INFO             PET2 !!! FOR PRODUCTION RUNS, USE:                      !!!
20220721 014501.252 INFO             PET2 !!!                   ESMF_LOGKIND_Multi_On_Error  !!!
20220721 014501.252 INFO             PET2 !!!!!!!!!!!!!!!!!!!!!!!!!!!!!!!!!!!!!!!!!!!!!!!!!!!!!!
20220721 014501.252 INFO             PET2 Running with ESMF Version   : v8.4.0b06-6-g1266599ea8
20220721 014501.252 INFO             PET2 ESMF library build date/time: "Jul 21 2022" "01:19:48"
20220721 014501.252 INFO             PET2 ESMF library build location : /gpfsm/dnb04/projects/p98/mpotts/esmf/gfortran_8.3.0_mpt_g_develop
20220721 014501.252 INFO             PET2 ESMF_COMM                   : mpt
20220721 014501.252 INFO             PET2 ESMF_MOAB                   : enabled
20220721 014501.252 INFO             PET2 ESMF_LAPACK                 : enabled
20220721 014501.252 INFO             PET2 ESMF_NETCDF                 : disabled
20220721 014501.252 INFO             PET2 ESMF_PNETCDF                : disabled
20220721 014501.252 INFO             PET2 ESMF_PIO                    : disabled
20220721 014501.252 INFO             PET2 ESMF_YAMLCPP                : enabled
20220721 014501.253 ERROR            PET2 ESMF_StateAPI.cppF90:1189 ESMF_StateAddList Object being used before creation  - Bad Object
20220721 014501.256 INFO             PET2  NUMBER_OF_PROCESSORS           4
20220721 014501.256 INFO             PET2  PASS  Example ESMF_StateReconcileEx, ESMF_StateReconcileEx.F90, line 294
20220721 014501.256 INFO             PET2 Finalizing ESMF
20220721 014501.252 INFO             PET3 !!!!!!!!!!!!!!!!!!!!!!!!!!!!!!!!!!!!!!!!!!!!!!!!!!!!!!
20220721 014501.252 INFO             PET3 !!! THE ESMF_LOG IS SET TO OUTPUT ALL LOG MESSAGES !!!
20220721 014501.252 INFO             PET3 !!!     THIS MAY CAUSE SLOWDOWN IN PERFORMANCE     !!!
20220721 014501.252 INFO             PET3 !!! FOR PRODUCTION RUNS, USE:                      !!!
20220721 014501.252 INFO             PET3 !!!                   ESMF_LOGKIND_Multi_On_Error  !!!
20220721 014501.252 INFO             PET3 !!!!!!!!!!!!!!!!!!!!!!!!!!!!!!!!!!!!!!!!!!!!!!!!!!!!!!
20220721 014501.252 INFO             PET3 Running with ESMF Version   : v8.4.0b06-6-g1266599ea8
20220721 014501.252 INFO             PET3 ESMF library build date/time: "Jul 21 2022" "01:19:48"
20220721 014501.252 INFO             PET3 ESMF library build location : /gpfsm/dnb04/projects/p98/mpotts/esmf/gfortran_8.3.0_mpt_g_develop
20220721 014501.252 INFO             PET3 ESMF_COMM                   : mpt
20220721 014501.252 INFO             PET3 ESMF_MOAB                   : enabled
20220721 014501.252 INFO             PET3 ESMF_LAPACK                 : enabled
20220721 014501.252 INFO             PET3 ESMF_NETCDF                 : disabled
20220721 014501.252 INFO             PET3 ESMF_PNETCDF                : disabled
20220721 014501.252 INFO             PET3 ESMF_PIO                    : disabled
20220721 014501.252 INFO             PET3 ESMF_YAMLCPP                : enabled
20220721 014501.253 ERROR            PET3 ESMF_StateAPI.cppF90:1189 ESMF_StateAddList Object being used before creation  - Bad Object
20220721 014501.257 INFO             PET3  NUMBER_OF_PROCESSORS           4
20220721 014501.257 INFO             PET3  PASS  Example ESMF_StateReconcileEx, ESMF_StateReconcileEx.F90, line 294
20220721 014501.257 INFO             PET3 Finalizing ESMF
