build time -- 2022-07-09 01:19:08.161465
20220709 014205.419 INFO             PET0 !!!!!!!!!!!!!!!!!!!!!!!!!!!!!!!!!!!!!!!!!!!!!!!!!!!!!!
20220709 014205.419 INFO             PET0 !!! THE ESMF_LOG IS SET TO OUTPUT ALL LOG MESSAGES !!!
20220709 014205.419 INFO             PET0 !!!     THIS MAY CAUSE SLOWDOWN IN PERFORMANCE     !!!
20220709 014205.419 INFO             PET0 !!! FOR PRODUCTION RUNS, USE:                      !!!
20220709 014205.419 INFO             PET0 !!!                   ESMF_LOGKIND_Multi_On_Error  !!!
20220709 014205.419 INFO             PET0 !!!!!!!!!!!!!!!!!!!!!!!!!!!!!!!!!!!!!!!!!!!!!!!!!!!!!!
20220709 014205.419 INFO             PET0 Running with ESMF Version   : v8.4.0b03-3-g14a79d558f
20220709 014205.420 INFO             PET0 ESMF library build date/time: "Jul  9 2022" "01:17:40"
20220709 014205.420 INFO             PET0 ESMF library build location : /gpfsm/dnb04/projects/p98/mpotts/esmf/gfortran_8.3.0_mpt_g_develop
20220709 014205.420 INFO             PET0 ESMF_COMM                   : mpt
20220709 014205.420 INFO             PET0 ESMF_MOAB                   : enabled
20220709 014205.420 INFO             PET0 ESMF_LAPACK                 : enabled
20220709 014205.420 INFO             PET0 ESMF_NETCDF                 : disabled
20220709 014205.420 INFO             PET0 ESMF_PNETCDF                : disabled
20220709 014205.420 INFO             PET0 ESMF_PIO                    : disabled
20220709 014205.420 INFO             PET0 ESMF_YAMLCPP                : enabled
20220709 014205.510 DEBUG            PET0 about to destroy Grid: 0x17abdf0
20220709 014205.521 DEBUG            PET0 about to destroy Grid: 0x17ad380
20220709 014205.551 INFO             PET0  NUMBER_OF_PROCESSORS           4
20220709 014205.551 INFO             PET0  PASS  Example ESMF_NUOPCAtmModelEx, ESMF_NUOPCAtmModelEx.F90, line 806
20220709 014205.551 INFO             PET0 Finalizing ESMF
20220709 014205.419 INFO             PET1 !!!!!!!!!!!!!!!!!!!!!!!!!!!!!!!!!!!!!!!!!!!!!!!!!!!!!!
20220709 014205.419 INFO             PET1 !!! THE ESMF_LOG IS SET TO OUTPUT ALL LOG MESSAGES !!!
20220709 014205.419 INFO             PET1 !!!     THIS MAY CAUSE SLOWDOWN IN PERFORMANCE     !!!
20220709 014205.419 INFO             PET1 !!! FOR PRODUCTION RUNS, USE:                      !!!
20220709 014205.419 INFO             PET1 !!!                   ESMF_LOGKIND_Multi_On_Error  !!!
20220709 014205.419 INFO             PET1 !!!!!!!!!!!!!!!!!!!!!!!!!!!!!!!!!!!!!!!!!!!!!!!!!!!!!!
20220709 014205.419 INFO             PET1 Running with ESMF Version   : v8.4.0b03-3-g14a79d558f
20220709 014205.419 INFO             PET1 ESMF library build date/time: "Jul  9 2022" "01:17:40"
20220709 014205.419 INFO             PET1 ESMF library build location : /gpfsm/dnb04/projects/p98/mpotts/esmf/gfortran_8.3.0_mpt_g_develop
20220709 014205.419 INFO             PET1 ESMF_COMM                   : mpt
20220709 014205.419 INFO             PET1 ESMF_MOAB                   : enabled
20220709 014205.419 INFO             PET1 ESMF_LAPACK                 : enabled
20220709 014205.419 INFO             PET1 ESMF_NETCDF                 : disabled
20220709 014205.419 INFO             PET1 ESMF_PNETCDF                : disabled
20220709 014205.419 INFO             PET1 ESMF_PIO                    : disabled
20220709 014205.419 INFO             PET1 ESMF_YAMLCPP                : enabled
20220709 014205.510 DEBUG            PET1 about to destroy Grid: 0x17ac800
20220709 014205.521 DEBUG            PET1 about to destroy Grid: 0x17adf30
20220709 014205.551 INFO             PET1  NUMBER_OF_PROCESSORS           4
20220709 014205.551 INFO             PET1  PASS  Example ESMF_NUOPCAtmModelEx, ESMF_NUOPCAtmModelEx.F90, line 806
20220709 014205.551 INFO             PET1 Finalizing ESMF
20220709 014205.419 INFO             PET2 !!!!!!!!!!!!!!!!!!!!!!!!!!!!!!!!!!!!!!!!!!!!!!!!!!!!!!
20220709 014205.419 INFO             PET2 !!! THE ESMF_LOG IS SET TO OUTPUT ALL LOG MESSAGES !!!
20220709 014205.419 INFO             PET2 !!!     THIS MAY CAUSE SLOWDOWN IN PERFORMANCE     !!!
20220709 014205.419 INFO             PET2 !!! FOR PRODUCTION RUNS, USE:                      !!!
20220709 014205.419 INFO             PET2 !!!                   ESMF_LOGKIND_Multi_On_Error  !!!
20220709 014205.419 INFO             PET2 !!!!!!!!!!!!!!!!!!!!!!!!!!!!!!!!!!!!!!!!!!!!!!!!!!!!!!
20220709 014205.419 INFO             PET2 Running with ESMF Version   : v8.4.0b03-3-g14a79d558f
20220709 014205.419 INFO             PET2 ESMF library build date/time: "Jul  9 2022" "01:17:40"
20220709 014205.419 INFO             PET2 ESMF library build location : /gpfsm/dnb04/projects/p98/mpotts/esmf/gfortran_8.3.0_mpt_g_develop
20220709 014205.419 INFO             PET2 ESMF_COMM                   : mpt
20220709 014205.419 INFO             PET2 ESMF_MOAB                   : enabled
20220709 014205.419 INFO             PET2 ESMF_LAPACK                 : enabled
20220709 014205.419 INFO             PET2 ESMF_NETCDF                 : disabled
20220709 014205.419 INFO             PET2 ESMF_PNETCDF                : disabled
20220709 014205.419 INFO             PET2 ESMF_PIO                    : disabled
20220709 014205.419 INFO             PET2 ESMF_YAMLCPP                : enabled
20220709 014205.510 DEBUG            PET2 about to destroy Grid: 0x17abf20
20220709 014205.521 DEBUG            PET2 about to destroy Grid: 0x17acf60
20220709 014205.551 INFO             PET2  NUMBER_OF_PROCESSORS           4
20220709 014205.551 INFO             PET2  PASS  Example ESMF_NUOPCAtmModelEx, ESMF_NUOPCAtmModelEx.F90, line 806
20220709 014205.551 INFO             PET2 Finalizing ESMF
20220709 014205.419 INFO             PET3 !!!!!!!!!!!!!!!!!!!!!!!!!!!!!!!!!!!!!!!!!!!!!!!!!!!!!!
20220709 014205.419 INFO             PET3 !!! THE ESMF_LOG IS SET TO OUTPUT ALL LOG MESSAGES !!!
20220709 014205.419 INFO             PET3 !!!     THIS MAY CAUSE SLOWDOWN IN PERFORMANCE     !!!
20220709 014205.419 INFO             PET3 !!! FOR PRODUCTION RUNS, USE:                      !!!
20220709 014205.419 INFO             PET3 !!!                   ESMF_LOGKIND_Multi_On_Error  !!!
20220709 014205.419 INFO             PET3 !!!!!!!!!!!!!!!!!!!!!!!!!!!!!!!!!!!!!!!!!!!!!!!!!!!!!!
20220709 014205.419 INFO             PET3 Running with ESMF Version   : v8.4.0b03-3-g14a79d558f
20220709 014205.419 INFO             PET3 ESMF library build date/time: "Jul  9 2022" "01:17:40"
20220709 014205.419 INFO             PET3 ESMF library build location : /gpfsm/dnb04/projects/p98/mpotts/esmf/gfortran_8.3.0_mpt_g_develop
20220709 014205.419 INFO             PET3 ESMF_COMM                   : mpt
20220709 014205.419 INFO             PET3 ESMF_MOAB                   : enabled
20220709 014205.419 INFO             PET3 ESMF_LAPACK                 : enabled
20220709 014205.419 INFO             PET3 ESMF_NETCDF                 : disabled
20220709 014205.419 INFO             PET3 ESMF_PNETCDF                : disabled
20220709 014205.419 INFO             PET3 ESMF_PIO                    : disabled
20220709 014205.419 INFO             PET3 ESMF_YAMLCPP                : enabled
20220709 014205.510 DEBUG            PET3 about to destroy Grid: 0x17ac050
20220709 014205.521 DEBUG            PET3 about to destroy Grid: 0x17acf50
20220709 014205.551 INFO             PET3  NUMBER_OF_PROCESSORS           4
20220709 014205.551 INFO             PET3  PASS  Example ESMF_NUOPCAtmModelEx, ESMF_NUOPCAtmModelEx.F90, line 806
20220709 014205.551 INFO             PET3 Finalizing ESMF
