build time -- 2022-07-21 01:21:19.576301
20220721 014412.716 INFO             PET0 !!!!!!!!!!!!!!!!!!!!!!!!!!!!!!!!!!!!!!!!!!!!!!!!!!!!!!
20220721 014412.716 INFO             PET0 !!! THE ESMF_LOG IS SET TO OUTPUT ALL LOG MESSAGES !!!
20220721 014412.716 INFO             PET0 !!!     THIS MAY CAUSE SLOWDOWN IN PERFORMANCE     !!!
20220721 014412.716 INFO             PET0 !!! FOR PRODUCTION RUNS, USE:                      !!!
20220721 014412.716 INFO             PET0 !!!                   ESMF_LOGKIND_Multi_On_Error  !!!
20220721 014412.716 INFO             PET0 !!!!!!!!!!!!!!!!!!!!!!!!!!!!!!!!!!!!!!!!!!!!!!!!!!!!!!
20220721 014412.716 INFO             PET0 Running with ESMF Version   : v8.4.0b06-6-g1266599ea8
20220721 014412.716 INFO             PET0 ESMF library build date/time: "Jul 21 2022" "01:19:48"
20220721 014412.716 INFO             PET0 ESMF library build location : /gpfsm/dnb04/projects/p98/mpotts/esmf/gfortran_8.3.0_mpt_g_develop
20220721 014412.716 INFO             PET0 ESMF_COMM                   : mpt
20220721 014412.717 INFO             PET0 ESMF_MOAB                   : enabled
20220721 014412.717 INFO             PET0 ESMF_LAPACK                 : enabled
20220721 014412.717 INFO             PET0 ESMF_NETCDF                 : disabled
20220721 014412.717 INFO             PET0 ESMF_PNETCDF                : disabled
20220721 014412.717 INFO             PET0 ESMF_PIO                    : disabled
20220721 014412.717 INFO             PET0 ESMF_YAMLCPP                : enabled
20220721 014412.724 INFO             PET0  NUMBER_OF_PROCESSORS           1
20220721 014412.724 INFO             PET0  PASS  Example ESMF_AlarmEx, ESMF_AlarmEx.F90, line 244
20220721 014412.724 INFO             PET0 Finalizing ESMF
