build time -- 2022-07-03 01:41:31.640768
20220703 015420.166 INFO             PET0 !!!!!!!!!!!!!!!!!!!!!!!!!!!!!!!!!!!!!!!!!!!!!!!!!!!!!!
20220703 015420.166 INFO             PET0 !!! THE ESMF_LOG IS SET TO OUTPUT ALL LOG MESSAGES !!!
20220703 015420.166 INFO             PET0 !!!     THIS MAY CAUSE SLOWDOWN IN PERFORMANCE     !!!
20220703 015420.166 INFO             PET0 !!! FOR PRODUCTION RUNS, USE:                      !!!
20220703 015420.166 INFO             PET0 !!!                   ESMF_LOGKIND_Multi_On_Error  !!!
20220703 015420.166 INFO             PET0 !!!!!!!!!!!!!!!!!!!!!!!!!!!!!!!!!!!!!!!!!!!!!!!!!!!!!!
20220703 015420.166 INFO             PET0 Running with ESMF Version   : v8.4.0b02-7-g9328c9b05f
20220703 015420.166 INFO             PET0 ESMF library build date/time: "Jul  3 2022" "01:40:45"
20220703 015420.166 INFO             PET0 ESMF library build location : /home/mpotts/gfortran_9.3.0_openmpi_O_develop
20220703 015420.166 INFO             PET0 ESMF_COMM                   : openmpi
20220703 015420.166 INFO             PET0 ESMF_MOAB                   : enabled
20220703 015420.166 INFO             PET0 ESMF_LAPACK                 : enabled
20220703 015420.166 INFO             PET0 ESMF_NETCDF                 : enabled
20220703 015420.166 INFO             PET0 ESMF_PNETCDF                : disabled
20220703 015420.166 INFO             PET0 ESMF_PIO                    : enabled
20220703 015420.166 INFO             PET0 ESMF_YAMLCPP                : enabled
20220703 015420.167 INFO             PET0  NUMBER_OF_PROCESSORS           1
20220703 015420.167 INFO             PET0  PASS  Example CalendarEx, ESMF_CalendarEx.F90, line 217
20220703 015420.167 INFO             PET0 Finalizing ESMF
