build time -- 2022-07-10 01:42:22.804151
20220710 015605.277 INFO             PET0 !!!!!!!!!!!!!!!!!!!!!!!!!!!!!!!!!!!!!!!!!!!!!!!!!!!!!!
20220710 015605.277 INFO             PET0 !!! THE ESMF_LOG IS SET TO OUTPUT ALL LOG MESSAGES !!!
20220710 015605.277 INFO             PET0 !!!     THIS MAY CAUSE SLOWDOWN IN PERFORMANCE     !!!
20220710 015605.277 INFO             PET0 !!! FOR PRODUCTION RUNS, USE:                      !!!
20220710 015605.277 INFO             PET0 !!!                   ESMF_LOGKIND_Multi_On_Error  !!!
20220710 015605.277 INFO             PET0 !!!!!!!!!!!!!!!!!!!!!!!!!!!!!!!!!!!!!!!!!!!!!!!!!!!!!!
20220710 015605.277 INFO             PET0 Running with ESMF Version   : v8.4.0b03-3-g14a79d558f
20220710 015605.277 INFO             PET0 ESMF library build date/time: "Jul 10 2022" "01:41:37"
20220710 015605.277 INFO             PET0 ESMF library build location : /home/mpotts/gfortran_9.3.0_openmpi_O_develop
20220710 015605.277 INFO             PET0 ESMF_COMM                   : openmpi
20220710 015605.277 INFO             PET0 ESMF_MOAB                   : enabled
20220710 015605.277 INFO             PET0 ESMF_LAPACK                 : enabled
20220710 015605.277 INFO             PET0 ESMF_NETCDF                 : enabled
20220710 015605.277 INFO             PET0 ESMF_PNETCDF                : disabled
20220710 015605.277 INFO             PET0 ESMF_PIO                    : enabled
20220710 015605.277 INFO             PET0 ESMF_YAMLCPP                : enabled
20220710 015605.305 DEBUG            PET0 about to destroy Grid: 0x1a8fcc0
20220710 015605.307 DEBUG            PET0 about to destroy Grid: 0x1a951f0
20220710 015605.313 INFO             PET0  NUMBER_OF_PROCESSORS           4
20220710 015605.313 INFO             PET0  PASS  Example ESMF_NUOPCAtmModelEx, ESMF_NUOPCAtmModelEx.F90, line 806
20220710 015605.313 INFO             PET0 Finalizing ESMF
20220710 015605.277 INFO             PET1 !!!!!!!!!!!!!!!!!!!!!!!!!!!!!!!!!!!!!!!!!!!!!!!!!!!!!!
20220710 015605.277 INFO             PET1 !!! THE ESMF_LOG IS SET TO OUTPUT ALL LOG MESSAGES !!!
20220710 015605.277 INFO             PET1 !!!     THIS MAY CAUSE SLOWDOWN IN PERFORMANCE     !!!
20220710 015605.277 INFO             PET1 !!! FOR PRODUCTION RUNS, USE:                      !!!
20220710 015605.277 INFO             PET1 !!!                   ESMF_LOGKIND_Multi_On_Error  !!!
20220710 015605.277 INFO             PET1 !!!!!!!!!!!!!!!!!!!!!!!!!!!!!!!!!!!!!!!!!!!!!!!!!!!!!!
20220710 015605.277 INFO             PET1 Running with ESMF Version   : v8.4.0b03-3-g14a79d558f
20220710 015605.277 INFO             PET1 ESMF library build date/time: "Jul 10 2022" "01:41:37"
20220710 015605.277 INFO             PET1 ESMF library build location : /home/mpotts/gfortran_9.3.0_openmpi_O_develop
20220710 015605.277 INFO             PET1 ESMF_COMM                   : openmpi
20220710 015605.277 INFO             PET1 ESMF_MOAB                   : enabled
20220710 015605.277 INFO             PET1 ESMF_LAPACK                 : enabled
20220710 015605.277 INFO             PET1 ESMF_NETCDF                 : enabled
20220710 015605.277 INFO             PET1 ESMF_PNETCDF                : disabled
20220710 015605.277 INFO             PET1 ESMF_PIO                    : enabled
20220710 015605.277 INFO             PET1 ESMF_YAMLCPP                : enabled
20220710 015605.305 DEBUG            PET1 about to destroy Grid: 0x1b6f410
20220710 015605.307 DEBUG            PET1 about to destroy Grid: 0x1b71980
20220710 015605.313 INFO             PET1  NUMBER_OF_PROCESSORS           4
20220710 015605.313 INFO             PET1  PASS  Example ESMF_NUOPCAtmModelEx, ESMF_NUOPCAtmModelEx.F90, line 806
20220710 015605.313 INFO             PET1 Finalizing ESMF
20220710 015605.277 INFO             PET2 !!!!!!!!!!!!!!!!!!!!!!!!!!!!!!!!!!!!!!!!!!!!!!!!!!!!!!
20220710 015605.277 INFO             PET2 !!! THE ESMF_LOG IS SET TO OUTPUT ALL LOG MESSAGES !!!
20220710 015605.277 INFO             PET2 !!!     THIS MAY CAUSE SLOWDOWN IN PERFORMANCE     !!!
20220710 015605.277 INFO             PET2 !!! FOR PRODUCTION RUNS, USE:                      !!!
20220710 015605.277 INFO             PET2 !!!                   ESMF_LOGKIND_Multi_On_Error  !!!
20220710 015605.277 INFO             PET2 !!!!!!!!!!!!!!!!!!!!!!!!!!!!!!!!!!!!!!!!!!!!!!!!!!!!!!
20220710 015605.277 INFO             PET2 Running with ESMF Version   : v8.4.0b03-3-g14a79d558f
20220710 015605.277 INFO             PET2 ESMF library build date/time: "Jul 10 2022" "01:41:37"
20220710 015605.277 INFO             PET2 ESMF library build location : /home/mpotts/gfortran_9.3.0_openmpi_O_develop
20220710 015605.277 INFO             PET2 ESMF_COMM                   : openmpi
20220710 015605.277 INFO             PET2 ESMF_MOAB                   : enabled
20220710 015605.277 INFO             PET2 ESMF_LAPACK                 : enabled
20220710 015605.277 INFO             PET2 ESMF_NETCDF                 : enabled
20220710 015605.277 INFO             PET2 ESMF_PNETCDF                : disabled
20220710 015605.277 INFO             PET2 ESMF_PIO                    : enabled
20220710 015605.277 INFO             PET2 ESMF_YAMLCPP                : enabled
20220710 015605.305 DEBUG            PET2 about to destroy Grid: 0x22b0320
20220710 015605.307 DEBUG            PET2 about to destroy Grid: 0x22b2890
20220710 015605.313 INFO             PET2  NUMBER_OF_PROCESSORS           4
20220710 015605.313 INFO             PET2  PASS  Example ESMF_NUOPCAtmModelEx, ESMF_NUOPCAtmModelEx.F90, line 806
20220710 015605.313 INFO             PET2 Finalizing ESMF
20220710 015605.277 INFO             PET3 !!!!!!!!!!!!!!!!!!!!!!!!!!!!!!!!!!!!!!!!!!!!!!!!!!!!!!
20220710 015605.277 INFO             PET3 !!! THE ESMF_LOG IS SET TO OUTPUT ALL LOG MESSAGES !!!
20220710 015605.277 INFO             PET3 !!!     THIS MAY CAUSE SLOWDOWN IN PERFORMANCE     !!!
20220710 015605.277 INFO             PET3 !!! FOR PRODUCTION RUNS, USE:                      !!!
20220710 015605.277 INFO             PET3 !!!                   ESMF_LOGKIND_Multi_On_Error  !!!
20220710 015605.277 INFO             PET3 !!!!!!!!!!!!!!!!!!!!!!!!!!!!!!!!!!!!!!!!!!!!!!!!!!!!!!
20220710 015605.277 INFO             PET3 Running with ESMF Version   : v8.4.0b03-3-g14a79d558f
20220710 015605.277 INFO             PET3 ESMF library build date/time: "Jul 10 2022" "01:41:37"
20220710 015605.277 INFO             PET3 ESMF library build location : /home/mpotts/gfortran_9.3.0_openmpi_O_develop
20220710 015605.277 INFO             PET3 ESMF_COMM                   : openmpi
20220710 015605.277 INFO             PET3 ESMF_MOAB                   : enabled
20220710 015605.277 INFO             PET3 ESMF_LAPACK                 : enabled
20220710 015605.277 INFO             PET3 ESMF_NETCDF                 : enabled
20220710 015605.277 INFO             PET3 ESMF_PNETCDF                : disabled
20220710 015605.277 INFO             PET3 ESMF_PIO                    : enabled
20220710 015605.277 INFO             PET3 ESMF_YAMLCPP                : enabled
20220710 015605.305 DEBUG            PET3 about to destroy Grid: 0x10163b0
20220710 015605.307 DEBUG            PET3 about to destroy Grid: 0x1018830
20220710 015605.313 INFO             PET3  NUMBER_OF_PROCESSORS           4
20220710 015605.313 INFO             PET3  PASS  Example ESMF_NUOPCAtmModelEx, ESMF_NUOPCAtmModelEx.F90, line 806
20220710 015605.313 INFO             PET3 Finalizing ESMF
