build time -- 2022-06-28 01:40:27.948544
20220628 015257.740 INFO             PET0 !!!!!!!!!!!!!!!!!!!!!!!!!!!!!!!!!!!!!!!!!!!!!!!!!!!!!!
20220628 015257.740 INFO             PET0 !!! THE ESMF_LOG IS SET TO OUTPUT ALL LOG MESSAGES !!!
20220628 015257.740 INFO             PET0 !!!     THIS MAY CAUSE SLOWDOWN IN PERFORMANCE     !!!
20220628 015257.740 INFO             PET0 !!! FOR PRODUCTION RUNS, USE:                      !!!
20220628 015257.740 INFO             PET0 !!!                   ESMF_LOGKIND_Multi_On_Error  !!!
20220628 015257.740 INFO             PET0 !!!!!!!!!!!!!!!!!!!!!!!!!!!!!!!!!!!!!!!!!!!!!!!!!!!!!!
20220628 015257.740 INFO             PET0 Running with ESMF Version   : v8.4.0b01-2-gf0d4ab211d
20220628 015257.740 INFO             PET0 ESMF library build date/time: "Jun 28 2022" "01:39:43"
20220628 015257.740 INFO             PET0 ESMF library build location : /home/mpotts/gfortran_9.3.0_openmpi_O_develop
20220628 015257.740 INFO             PET0 ESMF_COMM                   : openmpi
20220628 015257.740 INFO             PET0 ESMF_MOAB                   : enabled
20220628 015257.740 INFO             PET0 ESMF_LAPACK                 : enabled
20220628 015257.740 INFO             PET0 ESMF_NETCDF                 : enabled
20220628 015257.740 INFO             PET0 ESMF_PNETCDF                : disabled
20220628 015257.740 INFO             PET0 ESMF_PIO                    : enabled
20220628 015257.740 INFO             PET0 ESMF_YAMLCPP                : enabled
20220628 015257.741 INFO             PET0  NUMBER_OF_PROCESSORS           1
20220628 015257.741 INFO             PET0  PASS  Example ESMF_ClockEx, ESMF_ClockEx.F90, line 220
20220628 015257.741 INFO             PET0 Finalizing ESMF
