build time -- 2022-07-09 02:34:27.265277
20220709 025015.647 INFO             PET0 !!!!!!!!!!!!!!!!!!!!!!!!!!!!!!!!!!!!!!!!!!!!!!!!!!!!!!
20220709 025015.647 INFO             PET0 !!! THE ESMF_LOG IS SET TO OUTPUT ALL LOG MESSAGES !!!
20220709 025015.647 INFO             PET0 !!!     THIS MAY CAUSE SLOWDOWN IN PERFORMANCE     !!!
20220709 025015.647 INFO             PET0 !!! FOR PRODUCTION RUNS, USE:                      !!!
20220709 025015.647 INFO             PET0 !!!                   ESMF_LOGKIND_Multi_On_Error  !!!
20220709 025015.647 INFO             PET0 !!!!!!!!!!!!!!!!!!!!!!!!!!!!!!!!!!!!!!!!!!!!!!!!!!!!!!
20220709 025015.647 INFO             PET0 Running with ESMF Version   : v8.4.0b03-3-g14a79d558f
20220709 025015.647 INFO             PET0 ESMF library build date/time: "Jul  9 2022" "02:33:31"
20220709 025015.647 INFO             PET0 ESMF library build location : /home/mpotts/gfortran_9.3.0_openmpi_g_develop
20220709 025015.647 INFO             PET0 ESMF_COMM                   : openmpi
20220709 025015.648 INFO             PET0 ESMF_MOAB                   : enabled
20220709 025015.648 INFO             PET0 ESMF_LAPACK                 : enabled
20220709 025015.648 INFO             PET0 ESMF_NETCDF                 : enabled
20220709 025015.648 INFO             PET0 ESMF_PNETCDF                : disabled
20220709 025015.648 INFO             PET0 ESMF_PIO                    : enabled
20220709 025015.648 INFO             PET0 ESMF_YAMLCPP                : enabled
20220709 025015.702 DEBUG            PET0 about to destroy Grid: 0x10ebbe0
20220709 025015.709 DEBUG            PET0 about to destroy Grid: 0x10effb0
20220709 025015.728 INFO             PET0  NUMBER_OF_PROCESSORS           4
20220709 025015.728 INFO             PET0  PASS  Example ESMF_NUOPCAtmModelEx, ESMF_NUOPCAtmModelEx.F90, line 806
20220709 025015.728 INFO             PET0 Finalizing ESMF
20220709 025015.647 INFO             PET1 !!!!!!!!!!!!!!!!!!!!!!!!!!!!!!!!!!!!!!!!!!!!!!!!!!!!!!
20220709 025015.647 INFO             PET1 !!! THE ESMF_LOG IS SET TO OUTPUT ALL LOG MESSAGES !!!
20220709 025015.647 INFO             PET1 !!!     THIS MAY CAUSE SLOWDOWN IN PERFORMANCE     !!!
20220709 025015.647 INFO             PET1 !!! FOR PRODUCTION RUNS, USE:                      !!!
20220709 025015.647 INFO             PET1 !!!                   ESMF_LOGKIND_Multi_On_Error  !!!
20220709 025015.647 INFO             PET1 !!!!!!!!!!!!!!!!!!!!!!!!!!!!!!!!!!!!!!!!!!!!!!!!!!!!!!
20220709 025015.647 INFO             PET1 Running with ESMF Version   : v8.4.0b03-3-g14a79d558f
20220709 025015.647 INFO             PET1 ESMF library build date/time: "Jul  9 2022" "02:33:31"
20220709 025015.647 INFO             PET1 ESMF library build location : /home/mpotts/gfortran_9.3.0_openmpi_g_develop
20220709 025015.647 INFO             PET1 ESMF_COMM                   : openmpi
20220709 025015.648 INFO             PET1 ESMF_MOAB                   : enabled
20220709 025015.648 INFO             PET1 ESMF_LAPACK                 : enabled
20220709 025015.648 INFO             PET1 ESMF_NETCDF                 : enabled
20220709 025015.648 INFO             PET1 ESMF_PNETCDF                : disabled
20220709 025015.648 INFO             PET1 ESMF_PIO                    : enabled
20220709 025015.648 INFO             PET1 ESMF_YAMLCPP                : enabled
20220709 025015.702 DEBUG            PET1 about to destroy Grid: 0x9c5480
20220709 025015.709 DEBUG            PET1 about to destroy Grid: 0x9c79f0
20220709 025015.728 INFO             PET1  NUMBER_OF_PROCESSORS           4
20220709 025015.728 INFO             PET1  PASS  Example ESMF_NUOPCAtmModelEx, ESMF_NUOPCAtmModelEx.F90, line 806
20220709 025015.728 INFO             PET1 Finalizing ESMF
20220709 025015.647 INFO             PET2 !!!!!!!!!!!!!!!!!!!!!!!!!!!!!!!!!!!!!!!!!!!!!!!!!!!!!!
20220709 025015.647 INFO             PET2 !!! THE ESMF_LOG IS SET TO OUTPUT ALL LOG MESSAGES !!!
20220709 025015.647 INFO             PET2 !!!     THIS MAY CAUSE SLOWDOWN IN PERFORMANCE     !!!
20220709 025015.647 INFO             PET2 !!! FOR PRODUCTION RUNS, USE:                      !!!
20220709 025015.647 INFO             PET2 !!!                   ESMF_LOGKIND_Multi_On_Error  !!!
20220709 025015.647 INFO             PET2 !!!!!!!!!!!!!!!!!!!!!!!!!!!!!!!!!!!!!!!!!!!!!!!!!!!!!!
20220709 025015.647 INFO             PET2 Running with ESMF Version   : v8.4.0b03-3-g14a79d558f
20220709 025015.647 INFO             PET2 ESMF library build date/time: "Jul  9 2022" "02:33:31"
20220709 025015.647 INFO             PET2 ESMF library build location : /home/mpotts/gfortran_9.3.0_openmpi_g_develop
20220709 025015.647 INFO             PET2 ESMF_COMM                   : openmpi
20220709 025015.648 INFO             PET2 ESMF_MOAB                   : enabled
20220709 025015.648 INFO             PET2 ESMF_LAPACK                 : enabled
20220709 025015.648 INFO             PET2 ESMF_NETCDF                 : enabled
20220709 025015.648 INFO             PET2 ESMF_PNETCDF                : disabled
20220709 025015.648 INFO             PET2 ESMF_PIO                    : enabled
20220709 025015.648 INFO             PET2 ESMF_YAMLCPP                : enabled
20220709 025015.702 DEBUG            PET2 about to destroy Grid: 0x256ec10
20220709 025015.709 DEBUG            PET2 about to destroy Grid: 0x2570bf0
20220709 025015.728 INFO             PET2  NUMBER_OF_PROCESSORS           4
20220709 025015.728 INFO             PET2  PASS  Example ESMF_NUOPCAtmModelEx, ESMF_NUOPCAtmModelEx.F90, line 806
20220709 025015.728 INFO             PET2 Finalizing ESMF
20220709 025015.647 INFO             PET3 !!!!!!!!!!!!!!!!!!!!!!!!!!!!!!!!!!!!!!!!!!!!!!!!!!!!!!
20220709 025015.647 INFO             PET3 !!! THE ESMF_LOG IS SET TO OUTPUT ALL LOG MESSAGES !!!
20220709 025015.647 INFO             PET3 !!!     THIS MAY CAUSE SLOWDOWN IN PERFORMANCE     !!!
20220709 025015.647 INFO             PET3 !!! FOR PRODUCTION RUNS, USE:                      !!!
20220709 025015.647 INFO             PET3 !!!                   ESMF_LOGKIND_Multi_On_Error  !!!
20220709 025015.647 INFO             PET3 !!!!!!!!!!!!!!!!!!!!!!!!!!!!!!!!!!!!!!!!!!!!!!!!!!!!!!
20220709 025015.647 INFO             PET3 Running with ESMF Version   : v8.4.0b03-3-g14a79d558f
20220709 025015.647 INFO             PET3 ESMF library build date/time: "Jul  9 2022" "02:33:31"
20220709 025015.647 INFO             PET3 ESMF library build location : /home/mpotts/gfortran_9.3.0_openmpi_g_develop
20220709 025015.647 INFO             PET3 ESMF_COMM                   : openmpi
20220709 025015.648 INFO             PET3 ESMF_MOAB                   : enabled
20220709 025015.648 INFO             PET3 ESMF_LAPACK                 : enabled
20220709 025015.648 INFO             PET3 ESMF_NETCDF                 : enabled
20220709 025015.648 INFO             PET3 ESMF_PNETCDF                : disabled
20220709 025015.648 INFO             PET3 ESMF_PIO                    : enabled
20220709 025015.648 INFO             PET3 ESMF_YAMLCPP                : enabled
20220709 025015.702 DEBUG            PET3 about to destroy Grid: 0x1317570
20220709 025015.709 DEBUG            PET3 about to destroy Grid: 0x1319190
20220709 025015.728 INFO             PET3  NUMBER_OF_PROCESSORS           4
20220709 025015.728 INFO             PET3  PASS  Example ESMF_NUOPCAtmModelEx, ESMF_NUOPCAtmModelEx.F90, line 806
20220709 025015.728 INFO             PET3 Finalizing ESMF
