build time -- 2022-07-07 02:26:29.424786
20220707 024015.764 INFO             PET0 !!!!!!!!!!!!!!!!!!!!!!!!!!!!!!!!!!!!!!!!!!!!!!!!!!!!!!
20220707 024015.764 INFO             PET0 !!! THE ESMF_LOG IS SET TO OUTPUT ALL LOG MESSAGES !!!
20220707 024015.764 INFO             PET0 !!!     THIS MAY CAUSE SLOWDOWN IN PERFORMANCE     !!!
20220707 024015.764 INFO             PET0 !!! FOR PRODUCTION RUNS, USE:                      !!!
20220707 024015.764 INFO             PET0 !!!                   ESMF_LOGKIND_Multi_On_Error  !!!
20220707 024015.764 INFO             PET0 !!!!!!!!!!!!!!!!!!!!!!!!!!!!!!!!!!!!!!!!!!!!!!!!!!!!!!
20220707 024015.764 INFO             PET0 Running with ESMF Version   : v8.4.0b03-3-g14a79d558f
20220707 024015.764 INFO             PET0 ESMF library build date/time: "Jul  7 2022" "02:25:49"
20220707 024015.764 INFO             PET0 ESMF library build location : /home/mpotts/gfortran_9.3.0_openmpi_g_develop
20220707 024015.764 INFO             PET0 ESMF_COMM                   : openmpi
20220707 024015.764 INFO             PET0 ESMF_MOAB                   : enabled
20220707 024015.764 INFO             PET0 ESMF_LAPACK                 : enabled
20220707 024015.764 INFO             PET0 ESMF_NETCDF                 : enabled
20220707 024015.764 INFO             PET0 ESMF_PNETCDF                : disabled
20220707 024015.764 INFO             PET0 ESMF_PIO                    : enabled
20220707 024015.764 INFO             PET0 ESMF_YAMLCPP                : enabled
20220707 024015.765 INFO             PET0  NUMBER_OF_PROCESSORS           1
20220707 024015.765 INFO             PET0  PASS  Example ESMF_AlarmEx, ESMF_AlarmEx.F90, line 244
20220707 024015.765 INFO             PET0 Finalizing ESMF
