build time -- 2022-06-22 06:02:40
20220622 062503.006 INFO             PET0 !!!!!!!!!!!!!!!!!!!!!!!!!!!!!!!!!!!!!!!!!!!!!!!!!!!!!!
20220622 062503.006 INFO             PET0 !!! THE ESMF_LOG IS SET TO OUTPUT ALL LOG MESSAGES !!!
20220622 062503.006 INFO             PET0 !!!     THIS MAY CAUSE SLOWDOWN IN PERFORMANCE     !!!
20220622 062503.006 INFO             PET0 !!! FOR PRODUCTION RUNS, USE:                      !!!
20220622 062503.006 INFO             PET0 !!!                   ESMF_LOGKIND_Multi_On_Error  !!!
20220622 062503.006 INFO             PET0 !!!!!!!!!!!!!!!!!!!!!!!!!!!!!!!!!!!!!!!!!!!!!!!!!!!!!!
20220622 062503.006 INFO             PET0 Running with ESMF Version   : v8.4.0b01-2-gf0d4ab211d
20220622 062503.006 INFO             PET0 ESMF library build date/time: "Jun 22 2022" "06:00:43"
20220622 062503.006 INFO             PET0 ESMF library build location : /scratch1/NCEPDEV/stmp2/role.esmfmaint/intel_18.0.5a_mpiuni_O_develop
20220622 062503.006 INFO             PET0 ESMF_COMM                   : mpiuni
20220622 062503.008 INFO             PET0 ESMF_MOAB                   : enabled
20220622 062503.008 INFO             PET0 ESMF_LAPACK                 : enabled
20220622 062503.008 INFO             PET0 ESMF_NETCDF                 : enabled
20220622 062503.008 INFO             PET0 ESMF_PNETCDF                : disabled
20220622 062503.008 INFO             PET0 ESMF_PIO                    : disabled
20220622 062503.008 INFO             PET0 ESMF_YAMLCPP                : enabled
20220622 062503.017 INFO             PET0  NUMBER_OF_PROCESSORS           1
20220622 062503.018 INFO             PET0  PASS  Example ESMF_LocStreamEx, ESMF_LocStreamEx.F90, line 784
20220622 062503.018 INFO             PET0 Finalizing ESMF
