build time -- 2022-06-18 06:29:05
20220618 065335.232 INFO             PET0 !!!!!!!!!!!!!!!!!!!!!!!!!!!!!!!!!!!!!!!!!!!!!!!!!!!!!!
20220618 065335.232 INFO             PET0 !!! THE ESMF_LOG IS SET TO OUTPUT ALL LOG MESSAGES !!!
20220618 065335.232 INFO             PET0 !!!     THIS MAY CAUSE SLOWDOWN IN PERFORMANCE     !!!
20220618 065335.232 INFO             PET0 !!! FOR PRODUCTION RUNS, USE:                      !!!
20220618 065335.232 INFO             PET0 !!!                   ESMF_LOGKIND_Multi_On_Error  !!!
20220618 065335.232 INFO             PET0 !!!!!!!!!!!!!!!!!!!!!!!!!!!!!!!!!!!!!!!!!!!!!!!!!!!!!!
20220618 065335.232 INFO             PET0 Running with ESMF Version   : v8.4.0b01-2-gf0d4ab211d
20220618 065335.232 INFO             PET0 ESMF library build date/time: "Jun 18 2022" "06:27:27"
20220618 065335.232 INFO             PET0 ESMF library build location : /scratch1/NCEPDEV/stmp2/role.esmfmaint/intel_18.0.5a_mpiuni_O_develop
20220618 065335.232 INFO             PET0 ESMF_COMM                   : mpiuni
20220618 065335.233 INFO             PET0 ESMF_MOAB                   : enabled
20220618 065335.233 INFO             PET0 ESMF_LAPACK                 : enabled
20220618 065335.233 INFO             PET0 ESMF_NETCDF                 : enabled
20220618 065335.233 INFO             PET0 ESMF_PNETCDF                : disabled
20220618 065335.233 INFO             PET0 ESMF_PIO                    : disabled
20220618 065335.233 INFO             PET0 ESMF_YAMLCPP                : enabled
20220618 065335.263 DEBUG            PET0 about to destroy Grid: 0x2429500
20220618 065335.266 DEBUG            PET0 about to destroy Grid: 0x242bb30
20220618 065335.275 INFO             PET0  NUMBER_OF_PROCESSORS           1
20220618 065335.275 INFO             PET0  PASS  Example ESMF_NUOPCAtmModelEx, ESMF_NUOPCAtmModelEx.F90, line 806
20220618 065335.275 INFO             PET0 Finalizing ESMF
