build time -- 2022-06-30 06:04:34
20220630 062458.309 INFO             PET0 !!!!!!!!!!!!!!!!!!!!!!!!!!!!!!!!!!!!!!!!!!!!!!!!!!!!!!
20220630 062458.309 INFO             PET0 !!! THE ESMF_LOG IS SET TO OUTPUT ALL LOG MESSAGES !!!
20220630 062458.309 INFO             PET0 !!!     THIS MAY CAUSE SLOWDOWN IN PERFORMANCE     !!!
20220630 062458.309 INFO             PET0 !!! FOR PRODUCTION RUNS, USE:                      !!!
20220630 062458.309 INFO             PET0 !!!                   ESMF_LOGKIND_Multi_On_Error  !!!
20220630 062458.309 INFO             PET0 !!!!!!!!!!!!!!!!!!!!!!!!!!!!!!!!!!!!!!!!!!!!!!!!!!!!!!
20220630 062458.309 INFO             PET0 Running with ESMF Version   : v8.4.0b01-4-g992fafaac4
20220630 062458.309 INFO             PET0 ESMF library build date/time: "Jun 30 2022" "06:02:51"
20220630 062458.309 INFO             PET0 ESMF library build location : /scratch1/NCEPDEV/stmp2/role.esmfmaint/intel_18.0.5a_mpiuni_O_develop
20220630 062458.309 INFO             PET0 ESMF_COMM                   : mpiuni
20220630 062458.310 INFO             PET0 ESMF_MOAB                   : enabled
20220630 062458.310 INFO             PET0 ESMF_LAPACK                 : enabled
20220630 062458.310 INFO             PET0 ESMF_NETCDF                 : enabled
20220630 062458.310 INFO             PET0 ESMF_PNETCDF                : disabled
20220630 062458.310 INFO             PET0 ESMF_PIO                    : disabled
20220630 062458.310 INFO             PET0 ESMF_YAMLCPP                : enabled
20220630 062458.311 INFO             PET0  NUMBER_OF_PROCESSORS           1
20220630 062458.311 INFO             PET0  PASS  Example ESMF_ClockEx, ESMF_ClockEx.F90, line 220
20220630 062458.311 INFO             PET0 Finalizing ESMF
