build time -- 2022-06-19 06:19:28
20220619 064029.764 INFO             PET0 !!!!!!!!!!!!!!!!!!!!!!!!!!!!!!!!!!!!!!!!!!!!!!!!!!!!!!
20220619 064029.764 INFO             PET0 !!! THE ESMF_LOG IS SET TO OUTPUT ALL LOG MESSAGES !!!
20220619 064029.764 INFO             PET0 !!!     THIS MAY CAUSE SLOWDOWN IN PERFORMANCE     !!!
20220619 064029.764 INFO             PET0 !!! FOR PRODUCTION RUNS, USE:                      !!!
20220619 064029.764 INFO             PET0 !!!                   ESMF_LOGKIND_Multi_On_Error  !!!
20220619 064029.764 INFO             PET0 !!!!!!!!!!!!!!!!!!!!!!!!!!!!!!!!!!!!!!!!!!!!!!!!!!!!!!
20220619 064029.764 INFO             PET0 Running with ESMF Version   : v8.4.0b01-2-gf0d4ab211d
20220619 064029.764 INFO             PET0 ESMF library build date/time: "Jun 19 2022" "06:17:49"
20220619 064029.764 INFO             PET0 ESMF library build location : /scratch1/NCEPDEV/stmp2/role.esmfmaint/intel_18.0.5a_mpiuni_O_develop
20220619 064029.764 INFO             PET0 ESMF_COMM                   : mpiuni
20220619 064029.765 INFO             PET0 ESMF_MOAB                   : enabled
20220619 064029.765 INFO             PET0 ESMF_LAPACK                 : enabled
20220619 064029.765 INFO             PET0 ESMF_NETCDF                 : enabled
20220619 064029.765 INFO             PET0 ESMF_PNETCDF                : disabled
20220619 064029.765 INFO             PET0 ESMF_PIO                    : disabled
20220619 064029.765 INFO             PET0 ESMF_YAMLCPP                : enabled
20220619 064029.766 INFO             PET0  NUMBER_OF_PROCESSORS           1
20220619 064029.766 INFO             PET0  PASS  Example ESMF_ArraySpecEx, ESMF_ArraySpecEx.F90, line 96
20220619 064029.766 INFO             PET0 Finalizing ESMF
