build time -- 2022-07-16 02:35:40.388151
20220716 030821.202 INFO             PET0 !!!!!!!!!!!!!!!!!!!!!!!!!!!!!!!!!!!!!!!!!!!!!!!!!!!!!!
20220716 030821.202 INFO             PET0 !!! THE ESMF_LOG IS SET TO OUTPUT ALL LOG MESSAGES !!!
20220716 030821.202 INFO             PET0 !!!     THIS MAY CAUSE SLOWDOWN IN PERFORMANCE     !!!
20220716 030821.202 INFO             PET0 !!! FOR PRODUCTION RUNS, USE:                      !!!
20220716 030821.202 INFO             PET0 !!!                   ESMF_LOGKIND_Multi_On_Error  !!!
20220716 030821.202 INFO             PET0 !!!!!!!!!!!!!!!!!!!!!!!!!!!!!!!!!!!!!!!!!!!!!!!!!!!!!!
20220716 030821.202 INFO             PET0 Running with ESMF Version   : v8.4.0b04-8-g9865973e1f
20220716 030821.202 INFO             PET0 ESMF library build date/time: "Jul 16 2022" "02:32:35"
20220716 030821.202 INFO             PET0 ESMF library build location : /glade/scratch/dunlap/esmf-testing/gfortran_10.1.0_mpt_g_feature_named-alias
20220716 030821.202 INFO             PET0 ESMF_COMM                   : mpt
20220716 030821.202 INFO             PET0 ESMF_MOAB                   : enabled
20220716 030821.202 INFO             PET0 ESMF_LAPACK                 : enabled
20220716 030821.202 INFO             PET0 ESMF_NETCDF                 : enabled
20220716 030821.202 INFO             PET0 ESMF_PNETCDF                : disabled
20220716 030821.202 INFO             PET0 ESMF_PIO                    : enabled
20220716 030821.202 INFO             PET0 ESMF_YAMLCPP                : enabled
20220716 030821.299 DEBUG            PET0 about to destroy Grid: 0x36d3f60
20220716 030821.312 DEBUG            PET0 about to destroy Grid: 0x36d51c0
20220716 030821.346 INFO             PET0  NUMBER_OF_PROCESSORS           4
20220716 030821.346 INFO             PET0  PASS  Example ESMF_NUOPCAtmModelEx, ESMF_NUOPCAtmModelEx.F90, line 806
20220716 030821.346 INFO             PET0 Finalizing ESMF
20220716 030821.202 INFO             PET1 !!!!!!!!!!!!!!!!!!!!!!!!!!!!!!!!!!!!!!!!!!!!!!!!!!!!!!
20220716 030821.202 INFO             PET1 !!! THE ESMF_LOG IS SET TO OUTPUT ALL LOG MESSAGES !!!
20220716 030821.202 INFO             PET1 !!!     THIS MAY CAUSE SLOWDOWN IN PERFORMANCE     !!!
20220716 030821.202 INFO             PET1 !!! FOR PRODUCTION RUNS, USE:                      !!!
20220716 030821.202 INFO             PET1 !!!                   ESMF_LOGKIND_Multi_On_Error  !!!
20220716 030821.202 INFO             PET1 !!!!!!!!!!!!!!!!!!!!!!!!!!!!!!!!!!!!!!!!!!!!!!!!!!!!!!
20220716 030821.202 INFO             PET1 Running with ESMF Version   : v8.4.0b04-8-g9865973e1f
20220716 030821.202 INFO             PET1 ESMF library build date/time: "Jul 16 2022" "02:32:35"
20220716 030821.202 INFO             PET1 ESMF library build location : /glade/scratch/dunlap/esmf-testing/gfortran_10.1.0_mpt_g_feature_named-alias
20220716 030821.202 INFO             PET1 ESMF_COMM                   : mpt
20220716 030821.202 INFO             PET1 ESMF_MOAB                   : enabled
20220716 030821.202 INFO             PET1 ESMF_LAPACK                 : enabled
20220716 030821.202 INFO             PET1 ESMF_NETCDF                 : enabled
20220716 030821.202 INFO             PET1 ESMF_PNETCDF                : disabled
20220716 030821.202 INFO             PET1 ESMF_PIO                    : enabled
20220716 030821.202 INFO             PET1 ESMF_YAMLCPP                : enabled
20220716 030821.299 DEBUG            PET1 about to destroy Grid: 0x36d4110
20220716 030821.312 DEBUG            PET1 about to destroy Grid: 0x36d52f0
20220716 030821.346 INFO             PET1  NUMBER_OF_PROCESSORS           4
20220716 030821.346 INFO             PET1  PASS  Example ESMF_NUOPCAtmModelEx, ESMF_NUOPCAtmModelEx.F90, line 806
20220716 030821.346 INFO             PET1 Finalizing ESMF
20220716 030821.202 INFO             PET2 !!!!!!!!!!!!!!!!!!!!!!!!!!!!!!!!!!!!!!!!!!!!!!!!!!!!!!
20220716 030821.202 INFO             PET2 !!! THE ESMF_LOG IS SET TO OUTPUT ALL LOG MESSAGES !!!
20220716 030821.202 INFO             PET2 !!!     THIS MAY CAUSE SLOWDOWN IN PERFORMANCE     !!!
20220716 030821.202 INFO             PET2 !!! FOR PRODUCTION RUNS, USE:                      !!!
20220716 030821.202 INFO             PET2 !!!                   ESMF_LOGKIND_Multi_On_Error  !!!
20220716 030821.202 INFO             PET2 !!!!!!!!!!!!!!!!!!!!!!!!!!!!!!!!!!!!!!!!!!!!!!!!!!!!!!
20220716 030821.202 INFO             PET2 Running with ESMF Version   : v8.4.0b04-8-g9865973e1f
20220716 030821.202 INFO             PET2 ESMF library build date/time: "Jul 16 2022" "02:32:35"
20220716 030821.202 INFO             PET2 ESMF library build location : /glade/scratch/dunlap/esmf-testing/gfortran_10.1.0_mpt_g_feature_named-alias
20220716 030821.202 INFO             PET2 ESMF_COMM                   : mpt
20220716 030821.202 INFO             PET2 ESMF_MOAB                   : enabled
20220716 030821.202 INFO             PET2 ESMF_LAPACK                 : enabled
20220716 030821.202 INFO             PET2 ESMF_NETCDF                 : enabled
20220716 030821.202 INFO             PET2 ESMF_PNETCDF                : disabled
20220716 030821.202 INFO             PET2 ESMF_PIO                    : enabled
20220716 030821.202 INFO             PET2 ESMF_YAMLCPP                : enabled
20220716 030821.299 DEBUG            PET2 about to destroy Grid: 0x36d3c90
20220716 030821.312 DEBUG            PET2 about to destroy Grid: 0x36d4850
20220716 030821.346 INFO             PET2  NUMBER_OF_PROCESSORS           4
20220716 030821.346 INFO             PET2  PASS  Example ESMF_NUOPCAtmModelEx, ESMF_NUOPCAtmModelEx.F90, line 806
20220716 030821.346 INFO             PET2 Finalizing ESMF
20220716 030821.203 INFO             PET3 !!!!!!!!!!!!!!!!!!!!!!!!!!!!!!!!!!!!!!!!!!!!!!!!!!!!!!
20220716 030821.203 INFO             PET3 !!! THE ESMF_LOG IS SET TO OUTPUT ALL LOG MESSAGES !!!
20220716 030821.203 INFO             PET3 !!!     THIS MAY CAUSE SLOWDOWN IN PERFORMANCE     !!!
20220716 030821.203 INFO             PET3 !!! FOR PRODUCTION RUNS, USE:                      !!!
20220716 030821.203 INFO             PET3 !!!                   ESMF_LOGKIND_Multi_On_Error  !!!
20220716 030821.203 INFO             PET3 !!!!!!!!!!!!!!!!!!!!!!!!!!!!!!!!!!!!!!!!!!!!!!!!!!!!!!
20220716 030821.203 INFO             PET3 Running with ESMF Version   : v8.4.0b04-8-g9865973e1f
20220716 030821.203 INFO             PET3 ESMF library build date/time: "Jul 16 2022" "02:32:35"
20220716 030821.203 INFO             PET3 ESMF library build location : /glade/scratch/dunlap/esmf-testing/gfortran_10.1.0_mpt_g_feature_named-alias
20220716 030821.203 INFO             PET3 ESMF_COMM                   : mpt
20220716 030821.203 INFO             PET3 ESMF_MOAB                   : enabled
20220716 030821.203 INFO             PET3 ESMF_LAPACK                 : enabled
20220716 030821.203 INFO             PET3 ESMF_NETCDF                 : enabled
20220716 030821.203 INFO             PET3 ESMF_PNETCDF                : disabled
20220716 030821.203 INFO             PET3 ESMF_PIO                    : enabled
20220716 030821.203 INFO             PET3 ESMF_YAMLCPP                : enabled
20220716 030821.299 DEBUG            PET3 about to destroy Grid: 0x36d3d10
20220716 030821.312 DEBUG            PET3 about to destroy Grid: 0x36d48d0
20220716 030821.346 INFO             PET3  NUMBER_OF_PROCESSORS           4
20220716 030821.346 INFO             PET3  PASS  Example ESMF_NUOPCAtmModelEx, ESMF_NUOPCAtmModelEx.F90, line 806
20220716 030821.346 INFO             PET3 Finalizing ESMF
