build time -- 2022-07-18 01:04:02
20220718 013650.404 INFO             PET0 !!!!!!!!!!!!!!!!!!!!!!!!!!!!!!!!!!!!!!!!!!!!!!!!!!!!!!
20220718 013650.404 INFO             PET0 !!! THE ESMF_LOG IS SET TO OUTPUT ALL LOG MESSAGES !!!
20220718 013650.404 INFO             PET0 !!!     THIS MAY CAUSE SLOWDOWN IN PERFORMANCE     !!!
20220718 013650.404 INFO             PET0 !!! FOR PRODUCTION RUNS, USE:                      !!!
20220718 013650.404 INFO             PET0 !!!                   ESMF_LOGKIND_Multi_On_Error  !!!
20220718 013650.404 INFO             PET0 !!!!!!!!!!!!!!!!!!!!!!!!!!!!!!!!!!!!!!!!!!!!!!!!!!!!!!
20220718 013650.404 INFO             PET0 Running with ESMF Version   : v8.4.0b04-9-g4da4a8320a
20220718 013650.404 INFO             PET0 ESMF library build date/time: "Jul 18 2022" "01:02:15"
20220718 013650.404 INFO             PET0 ESMF library build location : /lustre/f2/dev/ncep/Mark.Potts/intel_2019.5_mpi_g_feature_named-alias
20220718 013650.405 INFO             PET0 ESMF_COMM                   : mpi
20220718 013650.405 INFO             PET0 ESMF_MOAB                   : enabled
20220718 013650.405 INFO             PET0 ESMF_LAPACK                 : enabled
20220718 013650.405 INFO             PET0 ESMF_NETCDF                 : enabled
20220718 013650.405 INFO             PET0 ESMF_PNETCDF                : disabled
20220718 013650.405 INFO             PET0 ESMF_PIO                    : enabled
20220718 013650.405 INFO             PET0 ESMF_YAMLCPP                : enabled
20220718 013650.406 INFO             PET0  NUMBER_OF_PROCESSORS           4
20220718 013650.406 INFO             PET0  PASS  Example ESMF_VMUserMpiCommMultiEx, ESMF_VMUserMpiCommMultiEx.F90, line 126
20220718 013650.406 INFO             PET0 Finalizing ESMF
20220718 013650.412 INFO             PET0 !!!!!!!!!!!!!!!!!!!!!!!!!!!!!!!!!!!!!!!!!!!!!!!!!!!!!!
20220718 013650.412 INFO             PET0 !!! THE ESMF_LOG IS SET TO OUTPUT ALL LOG MESSAGES !!!
20220718 013650.412 INFO             PET0 !!!     THIS MAY CAUSE SLOWDOWN IN PERFORMANCE     !!!
20220718 013650.412 INFO             PET0 !!! FOR PRODUCTION RUNS, USE:                      !!!
20220718 013650.412 INFO             PET0 !!!                   ESMF_LOGKIND_Multi_On_Error  !!!
20220718 013650.412 INFO             PET0 !!!!!!!!!!!!!!!!!!!!!!!!!!!!!!!!!!!!!!!!!!!!!!!!!!!!!!
20220718 013650.412 INFO             PET0 Running with ESMF Version   : v8.4.0b04-9-g4da4a8320a
20220718 013650.412 INFO             PET0 ESMF library build date/time: "Jul 18 2022" "01:02:15"
20220718 013650.412 INFO             PET0 ESMF library build location : /lustre/f2/dev/ncep/Mark.Potts/intel_2019.5_mpi_g_feature_named-alias
20220718 013650.412 INFO             PET0 ESMF_COMM                   : mpi
20220718 013650.413 INFO             PET0 ESMF_MOAB                   : enabled
20220718 013650.413 INFO             PET0 ESMF_LAPACK                 : enabled
20220718 013650.413 INFO             PET0 ESMF_NETCDF                 : enabled
20220718 013650.413 INFO             PET0 ESMF_PNETCDF                : disabled
20220718 013650.413 INFO             PET0 ESMF_PIO                    : enabled
20220718 013650.413 INFO             PET0 ESMF_YAMLCPP                : enabled
20220718 013650.413 INFO             PET0  NUMBER_OF_PROCESSORS           4
20220718 013650.413 INFO             PET0  PASS  Example ESMF_VMUserMpiCommMultiEx, ESMF_VMUserMpiCommMultiEx.F90, line 154
20220718 013650.413 INFO             PET0 Finalizing ESMF
20220718 013650.404 INFO             PET1 !!!!!!!!!!!!!!!!!!!!!!!!!!!!!!!!!!!!!!!!!!!!!!!!!!!!!!
20220718 013650.404 INFO             PET1 !!! THE ESMF_LOG IS SET TO OUTPUT ALL LOG MESSAGES !!!
20220718 013650.404 INFO             PET1 !!!     THIS MAY CAUSE SLOWDOWN IN PERFORMANCE     !!!
20220718 013650.404 INFO             PET1 !!! FOR PRODUCTION RUNS, USE:                      !!!
20220718 013650.404 INFO             PET1 !!!                   ESMF_LOGKIND_Multi_On_Error  !!!
20220718 013650.404 INFO             PET1 !!!!!!!!!!!!!!!!!!!!!!!!!!!!!!!!!!!!!!!!!!!!!!!!!!!!!!
20220718 013650.404 INFO             PET1 Running with ESMF Version   : v8.4.0b04-9-g4da4a8320a
20220718 013650.404 INFO             PET1 ESMF library build date/time: "Jul 18 2022" "01:02:15"
20220718 013650.404 INFO             PET1 ESMF library build location : /lustre/f2/dev/ncep/Mark.Potts/intel_2019.5_mpi_g_feature_named-alias
20220718 013650.404 INFO             PET1 ESMF_COMM                   : mpi
20220718 013650.405 INFO             PET1 ESMF_MOAB                   : enabled
20220718 013650.405 INFO             PET1 ESMF_LAPACK                 : enabled
20220718 013650.405 INFO             PET1 ESMF_NETCDF                 : enabled
20220718 013650.405 INFO             PET1 ESMF_PNETCDF                : disabled
20220718 013650.405 INFO             PET1 ESMF_PIO                    : enabled
20220718 013650.405 INFO             PET1 ESMF_YAMLCPP                : enabled
20220718 013650.406 INFO             PET1  NUMBER_OF_PROCESSORS           4
20220718 013650.406 INFO             PET1  PASS  Example ESMF_VMUserMpiCommMultiEx, ESMF_VMUserMpiCommMultiEx.F90, line 126
20220718 013650.406 INFO             PET1 Finalizing ESMF
20220718 013650.404 INFO             PET1 !!!!!!!!!!!!!!!!!!!!!!!!!!!!!!!!!!!!!!!!!!!!!!!!!!!!!!
20220718 013650.404 INFO             PET1 !!! THE ESMF_LOG IS SET TO OUTPUT ALL LOG MESSAGES !!!
20220718 013650.404 INFO             PET1 !!!     THIS MAY CAUSE SLOWDOWN IN PERFORMANCE     !!!
20220718 013650.404 INFO             PET1 !!! FOR PRODUCTION RUNS, USE:                      !!!
20220718 013650.404 INFO             PET1 !!!                   ESMF_LOGKIND_Multi_On_Error  !!!
20220718 013650.404 INFO             PET1 !!!!!!!!!!!!!!!!!!!!!!!!!!!!!!!!!!!!!!!!!!!!!!!!!!!!!!
20220718 013650.404 INFO             PET1 Running with ESMF Version   : v8.4.0b04-9-g4da4a8320a
20220718 013650.404 INFO             PET1 ESMF library build date/time: "Jul 18 2022" "01:02:15"
20220718 013650.404 INFO             PET1 ESMF library build location : /lustre/f2/dev/ncep/Mark.Potts/intel_2019.5_mpi_g_feature_named-alias
20220718 013650.404 INFO             PET1 ESMF_COMM                   : mpi
20220718 013650.405 INFO             PET1 ESMF_MOAB                   : enabled
20220718 013650.405 INFO             PET1 ESMF_LAPACK                 : enabled
20220718 013650.405 INFO             PET1 ESMF_NETCDF                 : enabled
20220718 013650.405 INFO             PET1 ESMF_PNETCDF                : disabled
20220718 013650.405 INFO             PET1 ESMF_PIO                    : enabled
20220718 013650.405 INFO             PET1 ESMF_YAMLCPP                : enabled
20220718 013650.413 INFO             PET1  NUMBER_OF_PROCESSORS           4
20220718 013650.413 INFO             PET1  PASS  Example ESMF_VMUserMpiCommMultiEx, ESMF_VMUserMpiCommMultiEx.F90, line 154
20220718 013650.413 INFO             PET1 Finalizing ESMF
