build time -- 2022-07-15 02:36:08
[1657871860.469855] [Orion-03-13:323559:0]       ib_verbs.h:84   UCX  ERROR ibv_exp_query_device(mlx5_0) returned 38: No space left on device
[1657871860.469906] [Orion-03-13:323561:0]       ib_verbs.h:84   UCX  ERROR ibv_exp_query_device(mlx5_0) returned 38: No space left on device
[1657871860.470706] [Orion-03-13:323562:0]       ib_verbs.h:84   UCX  ERROR ibv_exp_query_device(mlx5_0) returned 38: No space left on device
[1657871860.470736] [Orion-03-13:323560:0]       ib_verbs.h:84   UCX  ERROR ibv_exp_query_device(mlx5_0) returned 38: No space left on device
 {
    "myIntegerKey": 54,
    "myListOfReals": [
        33.29999923706055,
        44.400001525878906,
        1234.0,
        99.0
    ]
}
 the Info dump: {"myIntegerKey":54,"myListOfReals":[33.29999923706055,44.400001525878906,1234.0,99.0]}
 {
    "myIntegerKey": 54,
    "myListOfReals": [
        33.29999923706055,
        44.400001525878906,
        1234.0,
        99.0
    ]
}
 the Info dump: {"myIntegerKey":54,"myListOfReals":[33.29999923706055,44.400001525878906,1234.0,99.0]}
 {
    "myIntegerKey": 54,
    "myListOfReals": [
        33.29999923706055,
        44.400001525878906,
        1234.0,
        99.0
    ]
}
 the Info dump: {"myIntegerKey":54,"myListOfReals":[33.29999923706055,44.400001525878906,1234.0,99.0]}
 {
    "myIntegerKey": 54,
    "myListOfReals": [
        33.29999923706055,
        44.400001525878906,
        1234.0,
        99.0
    ]
}
 the Info dump: {"myIntegerKey":54,"myListOfReals":[33.29999923706055,44.400001525878906,1234.0,99.0]}
 ESMF_Info inquire loop: 
        idx=            1
       ikey= Universe
   typekind=           99
 ESMF_Info inquire loop: 
        idx=            2
       ikey= aNullKey
   typekind=           99
 ESMF_Info inquire loop: 
        idx=            3
       ikey= myIntegerKey
   typekind=            3
 ESMF_Info inquire loop: 
        idx=            4
       ikey= myListOfReals
   typekind=            5
  PASS  Example ESMF_InfoTutorialEx, ESMF_InfoTutorialEx.F90, line 335
  PASS  Example ESMF_InfoTutorialEx, ESMF_InfoTutorialEx.F90, line 335
  PASS  Example ESMF_InfoTutorialEx, ESMF_InfoTutorialEx.F90, line 335
  PASS  Example ESMF_InfoTutorialEx, ESMF_InfoTutorialEx.F90, line 335
 PASS: ESMF_InfoTutorialEx.F90
 PASS: ESMF_InfoTutorialEx.F90
 PASS: ESMF_InfoTutorialEx.F90
 PASS: ESMF_InfoTutorialEx.F90
