build time -- 2022-07-08 02:36:16
20220708 025909.949 INFO             PET0 !!!!!!!!!!!!!!!!!!!!!!!!!!!!!!!!!!!!!!!!!!!!!!!!!!!!!!
20220708 025909.949 INFO             PET0 !!! THE ESMF_LOG IS SET TO OUTPUT ALL LOG MESSAGES !!!
20220708 025909.949 INFO             PET0 !!!     THIS MAY CAUSE SLOWDOWN IN PERFORMANCE     !!!
20220708 025909.949 INFO             PET0 !!! FOR PRODUCTION RUNS, USE:                      !!!
20220708 025909.949 INFO             PET0 !!!                   ESMF_LOGKIND_Multi_On_Error  !!!
20220708 025909.949 INFO             PET0 !!!!!!!!!!!!!!!!!!!!!!!!!!!!!!!!!!!!!!!!!!!!!!!!!!!!!!
20220708 025909.949 INFO             PET0 Running with ESMF Version   : v8.4.0b03-3-g14a79d5
20220708 025909.949 INFO             PET0 ESMF library build date/time: "Jul  8 2022" "02:35:02"
20220708 025909.949 INFO             PET0 ESMF library build location : /work/noaa/da/mpotts/sandbox/gfortran_8.3.0_openmpi_g_develop
20220708 025909.949 INFO             PET0 ESMF_COMM                   : openmpi
20220708 025909.950 INFO             PET0 ESMF_MOAB                   : enabled
20220708 025909.950 INFO             PET0 ESMF_LAPACK                 : enabled
20220708 025909.950 INFO             PET0 ESMF_NETCDF                 : enabled
20220708 025909.950 INFO             PET0 ESMF_PNETCDF                : disabled
20220708 025909.950 INFO             PET0 ESMF_PIO                    : enabled
20220708 025909.950 INFO             PET0 ESMF_YAMLCPP                : enabled
20220708 025909.950 INFO             PET0  NUMBER_OF_PROCESSORS           1
20220708 025909.950 INFO             PET0  PASS  Example ESMF_ClockEx, ESMF_ClockEx.F90, line 220
20220708 025909.950 INFO             PET0 Finalizing ESMF
