build time -- 2022-07-14 02:35:44
[1657785508.042988] [Orion-04-06:400509:0]       ib_verbs.h:84   UCX  ERROR ibv_exp_query_device(mlx5_0) returned 38: No space left on device
[1657785508.048772] [Orion-04-06:400511:0]       ib_verbs.h:84   UCX  ERROR ibv_exp_query_device(mlx5_0) returned 38: No space left on device
[1657785508.050752] [Orion-04-06:400510:0]       ib_verbs.h:84   UCX  ERROR ibv_exp_query_device(mlx5_0) returned 38: No space left on device
[1657785508.050818] [Orion-04-06:400508:0]       ib_verbs.h:84   UCX  ERROR ibv_exp_query_device(mlx5_0) returned 38: No space left on device
 Field Get Data Pointer example returned
 Field Get Data Pointer example returned
 Field Get Grid and Array example returned
 Field Get Grid and Array example returned
 Field Get Data Pointer example returned
 Field Get Grid and Array example returned
 Field Get Data Pointer example returned
 Field Get Grid and Array example returned
 Field creation from Grid, typekind, and rank returned
 Field creation from Grid, typekind, and rank returned
 Field creation from Grid, typekind, and rank returned
 Field creation from Grid, typekind, and rank returned
 Field creation from Grid and Arrayspec returned
 Field creation from Grid and Arrayspec returned
 Field creation from Grid and Arrayspec returned
 Field Create from a Grid and an Array returned
 Field Create from a Grid and an Array returned
 Field Create from a Grid and an Array returned
 Field creation from Grid and Arrayspec returned
 Field Create from a Grid and an Array returned
 Complete a Field created by ESMF_FieldEmptyCreate returned
 Complete a Field created by ESMF_FieldEmptyCreate returned
 Complete a Field created by ESMF_FieldEmptyCreate returned
 Complete a Field created by ESMF_FieldEmptyCreate returned
 Complete a Field created by ESMF_FieldEmptyCreate returned
 Complete a Field created by ESMF_FieldEmptyCreate returned
 Complete a Field created by ESMF_FieldEmptyCreate returned
 Complete a Field created by ESMF_FieldEmptyCreate returned
 Field Create from a Grid and a Fortran data pointer returned
 Field Create from a Grid and a Fortran data pointer returned
 Field Create from a Grid and a Fortran data pointer returned
 Field Create from a Grid and a Fortran data pointer returned
  PASS  Example ESMF_FieldEx, ESMF_FieldEx.F90, line 999
  PASS  Example ESMF_FieldEx, ESMF_FieldEx.F90, line 999
  PASS  Example ESMF_FieldEx, ESMF_FieldEx.F90, line 999
  PASS  Example ESMF_FieldEx, ESMF_FieldEx.F90, line 999
 PASS: ESMF_FieldEx.F90
 PASS: ESMF_FieldEx.F90
 PASS: ESMF_FieldEx.F90
 PASS: ESMF_FieldEx.F90
