build time -- 2022-07-14 02:35:44
20220714 025929.057 INFO             PET0 !!!!!!!!!!!!!!!!!!!!!!!!!!!!!!!!!!!!!!!!!!!!!!!!!!!!!!
20220714 025929.057 INFO             PET0 !!! THE ESMF_LOG IS SET TO OUTPUT ALL LOG MESSAGES !!!
20220714 025929.057 INFO             PET0 !!!     THIS MAY CAUSE SLOWDOWN IN PERFORMANCE     !!!
20220714 025929.057 INFO             PET0 !!! FOR PRODUCTION RUNS, USE:                      !!!
20220714 025929.057 INFO             PET0 !!!                   ESMF_LOGKIND_Multi_On_Error  !!!
20220714 025929.057 INFO             PET0 !!!!!!!!!!!!!!!!!!!!!!!!!!!!!!!!!!!!!!!!!!!!!!!!!!!!!!
20220714 025929.057 INFO             PET0 Running with ESMF Version   : v8.4.0b04
20220714 025929.057 INFO             PET0 ESMF library build date/time: "Jul 14 2022" "02:34:31"
20220714 025929.057 INFO             PET0 ESMF library build location : /work/noaa/da/mpotts/sandbox/gfortran_8.3.0_openmpi_g_develop
20220714 025929.057 INFO             PET0 ESMF_COMM                   : openmpi
20220714 025929.057 INFO             PET0 ESMF_MOAB                   : enabled
20220714 025929.057 INFO             PET0 ESMF_LAPACK                 : enabled
20220714 025929.057 INFO             PET0 ESMF_NETCDF                 : enabled
20220714 025929.057 INFO             PET0 ESMF_PNETCDF                : disabled
20220714 025929.057 INFO             PET0 ESMF_PIO                    : enabled
20220714 025929.057 INFO             PET0 ESMF_YAMLCPP                : enabled
20220714 025929.152 DEBUG            PET0 about to destroy Grid: 0x28eca10
20220714 025929.163 DEBUG            PET0 about to destroy Grid: 0x28ee960
20220714 025929.194 INFO             PET0  NUMBER_OF_PROCESSORS           4
20220714 025929.194 INFO             PET0  PASS  Example ESMF_NUOPCAtmModelEx, ESMF_NUOPCAtmModelEx.F90, line 806
20220714 025929.194 INFO             PET0 Finalizing ESMF
20220714 025929.056 INFO             PET1 !!!!!!!!!!!!!!!!!!!!!!!!!!!!!!!!!!!!!!!!!!!!!!!!!!!!!!
20220714 025929.057 INFO             PET1 !!! THE ESMF_LOG IS SET TO OUTPUT ALL LOG MESSAGES !!!
20220714 025929.057 INFO             PET1 !!!     THIS MAY CAUSE SLOWDOWN IN PERFORMANCE     !!!
20220714 025929.057 INFO             PET1 !!! FOR PRODUCTION RUNS, USE:                      !!!
20220714 025929.057 INFO             PET1 !!!                   ESMF_LOGKIND_Multi_On_Error  !!!
20220714 025929.057 INFO             PET1 !!!!!!!!!!!!!!!!!!!!!!!!!!!!!!!!!!!!!!!!!!!!!!!!!!!!!!
20220714 025929.057 INFO             PET1 Running with ESMF Version   : v8.4.0b04
20220714 025929.057 INFO             PET1 ESMF library build date/time: "Jul 14 2022" "02:34:31"
20220714 025929.057 INFO             PET1 ESMF library build location : /work/noaa/da/mpotts/sandbox/gfortran_8.3.0_openmpi_g_develop
20220714 025929.057 INFO             PET1 ESMF_COMM                   : openmpi
20220714 025929.057 INFO             PET1 ESMF_MOAB                   : enabled
20220714 025929.057 INFO             PET1 ESMF_LAPACK                 : enabled
20220714 025929.057 INFO             PET1 ESMF_NETCDF                 : enabled
20220714 025929.057 INFO             PET1 ESMF_PNETCDF                : disabled
20220714 025929.057 INFO             PET1 ESMF_PIO                    : enabled
20220714 025929.057 INFO             PET1 ESMF_YAMLCPP                : enabled
20220714 025929.152 DEBUG            PET1 about to destroy Grid: 0x1600d80
20220714 025929.163 DEBUG            PET1 about to destroy Grid: 0x1601a70
20220714 025929.194 INFO             PET1  NUMBER_OF_PROCESSORS           4
20220714 025929.194 INFO             PET1  PASS  Example ESMF_NUOPCAtmModelEx, ESMF_NUOPCAtmModelEx.F90, line 806
20220714 025929.194 INFO             PET1 Finalizing ESMF
20220714 025929.057 INFO             PET2 !!!!!!!!!!!!!!!!!!!!!!!!!!!!!!!!!!!!!!!!!!!!!!!!!!!!!!
20220714 025929.057 INFO             PET2 !!! THE ESMF_LOG IS SET TO OUTPUT ALL LOG MESSAGES !!!
20220714 025929.057 INFO             PET2 !!!     THIS MAY CAUSE SLOWDOWN IN PERFORMANCE     !!!
20220714 025929.057 INFO             PET2 !!! FOR PRODUCTION RUNS, USE:                      !!!
20220714 025929.057 INFO             PET2 !!!                   ESMF_LOGKIND_Multi_On_Error  !!!
20220714 025929.057 INFO             PET2 !!!!!!!!!!!!!!!!!!!!!!!!!!!!!!!!!!!!!!!!!!!!!!!!!!!!!!
20220714 025929.057 INFO             PET2 Running with ESMF Version   : v8.4.0b04
20220714 025929.057 INFO             PET2 ESMF library build date/time: "Jul 14 2022" "02:34:31"
20220714 025929.057 INFO             PET2 ESMF library build location : /work/noaa/da/mpotts/sandbox/gfortran_8.3.0_openmpi_g_develop
20220714 025929.057 INFO             PET2 ESMF_COMM                   : openmpi
20220714 025929.057 INFO             PET2 ESMF_MOAB                   : enabled
20220714 025929.057 INFO             PET2 ESMF_LAPACK                 : enabled
20220714 025929.057 INFO             PET2 ESMF_NETCDF                 : enabled
20220714 025929.057 INFO             PET2 ESMF_PNETCDF                : disabled
20220714 025929.057 INFO             PET2 ESMF_PIO                    : enabled
20220714 025929.057 INFO             PET2 ESMF_YAMLCPP                : enabled
20220714 025929.152 DEBUG            PET2 about to destroy Grid: 0x280ef00
20220714 025929.163 DEBUG            PET2 about to destroy Grid: 0x2810410
20220714 025929.194 INFO             PET2  NUMBER_OF_PROCESSORS           4
20220714 025929.194 INFO             PET2  PASS  Example ESMF_NUOPCAtmModelEx, ESMF_NUOPCAtmModelEx.F90, line 806
20220714 025929.194 INFO             PET2 Finalizing ESMF
20220714 025929.056 INFO             PET3 !!!!!!!!!!!!!!!!!!!!!!!!!!!!!!!!!!!!!!!!!!!!!!!!!!!!!!
20220714 025929.056 INFO             PET3 !!! THE ESMF_LOG IS SET TO OUTPUT ALL LOG MESSAGES !!!
20220714 025929.056 INFO             PET3 !!!     THIS MAY CAUSE SLOWDOWN IN PERFORMANCE     !!!
20220714 025929.056 INFO             PET3 !!! FOR PRODUCTION RUNS, USE:                      !!!
20220714 025929.056 INFO             PET3 !!!                   ESMF_LOGKIND_Multi_On_Error  !!!
20220714 025929.056 INFO             PET3 !!!!!!!!!!!!!!!!!!!!!!!!!!!!!!!!!!!!!!!!!!!!!!!!!!!!!!
20220714 025929.056 INFO             PET3 Running with ESMF Version   : v8.4.0b04
20220714 025929.056 INFO             PET3 ESMF library build date/time: "Jul 14 2022" "02:34:31"
20220714 025929.056 INFO             PET3 ESMF library build location : /work/noaa/da/mpotts/sandbox/gfortran_8.3.0_openmpi_g_develop
20220714 025929.056 INFO             PET3 ESMF_COMM                   : openmpi
20220714 025929.057 INFO             PET3 ESMF_MOAB                   : enabled
20220714 025929.057 INFO             PET3 ESMF_LAPACK                 : enabled
20220714 025929.057 INFO             PET3 ESMF_NETCDF                 : enabled
20220714 025929.057 INFO             PET3 ESMF_PNETCDF                : disabled
20220714 025929.057 INFO             PET3 ESMF_PIO                    : enabled
20220714 025929.057 INFO             PET3 ESMF_YAMLCPP                : enabled
20220714 025929.152 DEBUG            PET3 about to destroy Grid: 0x27b2b70
20220714 025929.163 DEBUG            PET3 about to destroy Grid: 0x27b3d20
20220714 025929.194 INFO             PET3  NUMBER_OF_PROCESSORS           4
20220714 025929.194 INFO             PET3  PASS  Example ESMF_NUOPCAtmModelEx, ESMF_NUOPCAtmModelEx.F90, line 806
20220714 025929.194 INFO             PET3 Finalizing ESMF
