build time -- 2022-07-18 03:06:30.174118
20220718 042102.415 INFO             PET0 !!!!!!!!!!!!!!!!!!!!!!!!!!!!!!!!!!!!!!!!!!!!!!!!!!!!!!
20220718 042102.415 INFO             PET0 !!! THE ESMF_LOG IS SET TO OUTPUT ALL LOG MESSAGES !!!
20220718 042102.415 INFO             PET0 !!!     THIS MAY CAUSE SLOWDOWN IN PERFORMANCE     !!!
20220718 042102.415 INFO             PET0 !!! FOR PRODUCTION RUNS, USE:                      !!!
20220718 042102.415 INFO             PET0 !!!                   ESMF_LOGKIND_Multi_On_Error  !!!
20220718 042102.415 INFO             PET0 !!!!!!!!!!!!!!!!!!!!!!!!!!!!!!!!!!!!!!!!!!!!!!!!!!!!!!
20220718 042102.415 INFO             PET0 Running with ESMF Version   : v8.4.0b04-9-g4da4a8320a
20220718 042102.415 INFO             PET0 ESMF library build date/time: "Jul 18 2022" "02:58:19"
20220718 042102.415 INFO             PET0 ESMF library build location : /glade/scratch/dunlap/esmf-testing/intel_18.0.5_mpt_O_feature_named-alias
20220718 042102.415 INFO             PET0 ESMF_COMM                   : mpt
20220718 042102.416 INFO             PET0 ESMF_MOAB                   : enabled
20220718 042102.416 INFO             PET0 ESMF_LAPACK                 : enabled
20220718 042102.416 INFO             PET0 ESMF_NETCDF                 : enabled
20220718 042102.416 INFO             PET0 ESMF_PNETCDF                : disabled
20220718 042102.416 INFO             PET0 ESMF_PIO                    : enabled
20220718 042102.416 INFO             PET0 ESMF_YAMLCPP                : enabled
20220718 042102.456 DEBUG            PET0 about to destroy Grid: 0x299eef0
20220718 042102.460 DEBUG            PET0 about to destroy Grid: 0x29a1bd0
20220718 042102.471 INFO             PET0  NUMBER_OF_PROCESSORS           4
20220718 042102.471 INFO             PET0  PASS  Example ESMF_NUOPCAtmModelEx, ESMF_NUOPCAtmModelEx.F90, line 806
20220718 042102.471 INFO             PET0 Finalizing ESMF
20220718 042102.416 INFO             PET1 !!!!!!!!!!!!!!!!!!!!!!!!!!!!!!!!!!!!!!!!!!!!!!!!!!!!!!
20220718 042102.416 INFO             PET1 !!! THE ESMF_LOG IS SET TO OUTPUT ALL LOG MESSAGES !!!
20220718 042102.416 INFO             PET1 !!!     THIS MAY CAUSE SLOWDOWN IN PERFORMANCE     !!!
20220718 042102.416 INFO             PET1 !!! FOR PRODUCTION RUNS, USE:                      !!!
20220718 042102.416 INFO             PET1 !!!                   ESMF_LOGKIND_Multi_On_Error  !!!
20220718 042102.416 INFO             PET1 !!!!!!!!!!!!!!!!!!!!!!!!!!!!!!!!!!!!!!!!!!!!!!!!!!!!!!
20220718 042102.416 INFO             PET1 Running with ESMF Version   : v8.4.0b04-9-g4da4a8320a
20220718 042102.416 INFO             PET1 ESMF library build date/time: "Jul 18 2022" "02:58:19"
20220718 042102.416 INFO             PET1 ESMF library build location : /glade/scratch/dunlap/esmf-testing/intel_18.0.5_mpt_O_feature_named-alias
20220718 042102.416 INFO             PET1 ESMF_COMM                   : mpt
20220718 042102.416 INFO             PET1 ESMF_MOAB                   : enabled
20220718 042102.416 INFO             PET1 ESMF_LAPACK                 : enabled
20220718 042102.416 INFO             PET1 ESMF_NETCDF                 : enabled
20220718 042102.416 INFO             PET1 ESMF_PNETCDF                : disabled
20220718 042102.416 INFO             PET1 ESMF_PIO                    : enabled
20220718 042102.416 INFO             PET1 ESMF_YAMLCPP                : enabled
20220718 042102.456 DEBUG            PET1 about to destroy Grid: 0x29a1e70
20220718 042102.460 DEBUG            PET1 about to destroy Grid: 0x29a2b50
20220718 042102.471 INFO             PET1  NUMBER_OF_PROCESSORS           4
20220718 042102.471 INFO             PET1  PASS  Example ESMF_NUOPCAtmModelEx, ESMF_NUOPCAtmModelEx.F90, line 806
20220718 042102.471 INFO             PET1 Finalizing ESMF
20220718 042102.415 INFO             PET2 !!!!!!!!!!!!!!!!!!!!!!!!!!!!!!!!!!!!!!!!!!!!!!!!!!!!!!
20220718 042102.415 INFO             PET2 !!! THE ESMF_LOG IS SET TO OUTPUT ALL LOG MESSAGES !!!
20220718 042102.415 INFO             PET2 !!!     THIS MAY CAUSE SLOWDOWN IN PERFORMANCE     !!!
20220718 042102.415 INFO             PET2 !!! FOR PRODUCTION RUNS, USE:                      !!!
20220718 042102.415 INFO             PET2 !!!                   ESMF_LOGKIND_Multi_On_Error  !!!
20220718 042102.415 INFO             PET2 !!!!!!!!!!!!!!!!!!!!!!!!!!!!!!!!!!!!!!!!!!!!!!!!!!!!!!
20220718 042102.415 INFO             PET2 Running with ESMF Version   : v8.4.0b04-9-g4da4a8320a
20220718 042102.416 INFO             PET2 ESMF library build date/time: "Jul 18 2022" "02:58:19"
20220718 042102.416 INFO             PET2 ESMF library build location : /glade/scratch/dunlap/esmf-testing/intel_18.0.5_mpt_O_feature_named-alias
20220718 042102.416 INFO             PET2 ESMF_COMM                   : mpt
20220718 042102.416 INFO             PET2 ESMF_MOAB                   : enabled
20220718 042102.416 INFO             PET2 ESMF_LAPACK                 : enabled
20220718 042102.416 INFO             PET2 ESMF_NETCDF                 : enabled
20220718 042102.416 INFO             PET2 ESMF_PNETCDF                : disabled
20220718 042102.416 INFO             PET2 ESMF_PIO                    : enabled
20220718 042102.416 INFO             PET2 ESMF_YAMLCPP                : enabled
20220718 042102.456 DEBUG            PET2 about to destroy Grid: 0x29a1ef0
20220718 042102.460 DEBUG            PET2 about to destroy Grid: 0x29a2bd0
20220718 042102.471 INFO             PET2  NUMBER_OF_PROCESSORS           4
20220718 042102.471 INFO             PET2  PASS  Example ESMF_NUOPCAtmModelEx, ESMF_NUOPCAtmModelEx.F90, line 806
20220718 042102.471 INFO             PET2 Finalizing ESMF
20220718 042102.416 INFO             PET3 !!!!!!!!!!!!!!!!!!!!!!!!!!!!!!!!!!!!!!!!!!!!!!!!!!!!!!
20220718 042102.416 INFO             PET3 !!! THE ESMF_LOG IS SET TO OUTPUT ALL LOG MESSAGES !!!
20220718 042102.416 INFO             PET3 !!!     THIS MAY CAUSE SLOWDOWN IN PERFORMANCE     !!!
20220718 042102.416 INFO             PET3 !!! FOR PRODUCTION RUNS, USE:                      !!!
20220718 042102.416 INFO             PET3 !!!                   ESMF_LOGKIND_Multi_On_Error  !!!
20220718 042102.416 INFO             PET3 !!!!!!!!!!!!!!!!!!!!!!!!!!!!!!!!!!!!!!!!!!!!!!!!!!!!!!
20220718 042102.416 INFO             PET3 Running with ESMF Version   : v8.4.0b04-9-g4da4a8320a
20220718 042102.416 INFO             PET3 ESMF library build date/time: "Jul 18 2022" "02:58:19"
20220718 042102.416 INFO             PET3 ESMF library build location : /glade/scratch/dunlap/esmf-testing/intel_18.0.5_mpt_O_feature_named-alias
20220718 042102.416 INFO             PET3 ESMF_COMM                   : mpt
20220718 042102.416 INFO             PET3 ESMF_MOAB                   : enabled
20220718 042102.416 INFO             PET3 ESMF_LAPACK                 : enabled
20220718 042102.416 INFO             PET3 ESMF_NETCDF                 : enabled
20220718 042102.416 INFO             PET3 ESMF_PNETCDF                : disabled
20220718 042102.416 INFO             PET3 ESMF_PIO                    : enabled
20220718 042102.416 INFO             PET3 ESMF_YAMLCPP                : enabled
20220718 042102.456 DEBUG            PET3 about to destroy Grid: 0x29a1fb0
20220718 042102.460 DEBUG            PET3 about to destroy Grid: 0x29a2c90
20220718 042102.471 INFO             PET3  NUMBER_OF_PROCESSORS           4
20220718 042102.471 INFO             PET3  PASS  Example ESMF_NUOPCAtmModelEx, ESMF_NUOPCAtmModelEx.F90, line 806
20220718 042102.471 INFO             PET3 Finalizing ESMF
