build time -- 2022-04-05 01:23:57
20220405 014053.705 INFO             PET0 !!!!!!!!!!!!!!!!!!!!!!!!!!!!!!!!!!!!!!!!!!!!!!!!!!!!!!
20220405 014053.705 INFO             PET0 !!! THE ESMF_LOG IS SET TO OUTPUT ALL LOG MESSAGES !!!
20220405 014053.705 INFO             PET0 !!!     THIS MAY CAUSE SLOWDOWN IN PERFORMANCE     !!!
20220405 014053.705 INFO             PET0 !!! FOR PRODUCTION RUNS, USE:                      !!!
20220405 014053.705 INFO             PET0 !!!                   ESMF_LOGKIND_Multi_On_Error  !!!
20220405 014053.705 INFO             PET0 !!!!!!!!!!!!!!!!!!!!!!!!!!!!!!!!!!!!!!!!!!!!!!!!!!!!!!
20220405 014053.705 INFO             PET0 Running with ESMF Version   : v8.3.0b12
20220405 014053.705 INFO             PET0 ESMF library build date/time: "Apr  5 2022" "01:22:52"
20220405 014053.705 INFO             PET0 ESMF library build location : /lfs/h1/emc/ptmp/Mark.Potts/gfortran_10.3.0_mpi_O_develop
20220405 014053.705 INFO             PET0 ESMF_COMM                   : mpi
20220405 014053.705 INFO             PET0 ESMF_MOAB                   : enabled
20220405 014053.705 INFO             PET0 ESMF_LAPACK                 : enabled
20220405 014053.705 INFO             PET0 ESMF_NETCDF                 : enabled
20220405 014053.705 INFO             PET0 ESMF_PNETCDF                : disabled
20220405 014053.705 INFO             PET0 ESMF_PIO                    : enabled
20220405 014053.705 INFO             PET0 ESMF_YAMLCPP                : enabled
20220405 014053.739 DEBUG            PET0 about to destroy Grid: 0x8a9a00
20220405 014053.742 DEBUG            PET0 about to destroy Grid: 0x8ab4f0
20220405 014053.750 INFO             PET0  NUMBER_OF_PROCESSORS           4
20220405 014053.750 INFO             PET0  PASS  Example ESMF_NUOPCAtmModelEx, ESMF_NUOPCAtmModelEx.F90, line 806
20220405 014053.750 INFO             PET0 Finalizing ESMF
20220405 014053.705 INFO             PET1 !!!!!!!!!!!!!!!!!!!!!!!!!!!!!!!!!!!!!!!!!!!!!!!!!!!!!!
20220405 014053.705 INFO             PET1 !!! THE ESMF_LOG IS SET TO OUTPUT ALL LOG MESSAGES !!!
20220405 014053.705 INFO             PET1 !!!     THIS MAY CAUSE SLOWDOWN IN PERFORMANCE     !!!
20220405 014053.705 INFO             PET1 !!! FOR PRODUCTION RUNS, USE:                      !!!
20220405 014053.705 INFO             PET1 !!!                   ESMF_LOGKIND_Multi_On_Error  !!!
20220405 014053.705 INFO             PET1 !!!!!!!!!!!!!!!!!!!!!!!!!!!!!!!!!!!!!!!!!!!!!!!!!!!!!!
20220405 014053.705 INFO             PET1 Running with ESMF Version   : v8.3.0b12
20220405 014053.705 INFO             PET1 ESMF library build date/time: "Apr  5 2022" "01:22:52"
20220405 014053.705 INFO             PET1 ESMF library build location : /lfs/h1/emc/ptmp/Mark.Potts/gfortran_10.3.0_mpi_O_develop
20220405 014053.705 INFO             PET1 ESMF_COMM                   : mpi
20220405 014053.706 INFO             PET1 ESMF_MOAB                   : enabled
20220405 014053.706 INFO             PET1 ESMF_LAPACK                 : enabled
20220405 014053.706 INFO             PET1 ESMF_NETCDF                 : enabled
20220405 014053.706 INFO             PET1 ESMF_PNETCDF                : disabled
20220405 014053.706 INFO             PET1 ESMF_PIO                    : enabled
20220405 014053.706 INFO             PET1 ESMF_YAMLCPP                : enabled
20220405 014053.739 DEBUG            PET1 about to destroy Grid: 0x109c310
20220405 014053.742 DEBUG            PET1 about to destroy Grid: 0x109e1c0
20220405 014053.750 INFO             PET1  NUMBER_OF_PROCESSORS           4
20220405 014053.750 INFO             PET1  PASS  Example ESMF_NUOPCAtmModelEx, ESMF_NUOPCAtmModelEx.F90, line 806
20220405 014053.750 INFO             PET1 Finalizing ESMF
20220405 014053.706 INFO             PET2 !!!!!!!!!!!!!!!!!!!!!!!!!!!!!!!!!!!!!!!!!!!!!!!!!!!!!!
20220405 014053.706 INFO             PET2 !!! THE ESMF_LOG IS SET TO OUTPUT ALL LOG MESSAGES !!!
20220405 014053.706 INFO             PET2 !!!     THIS MAY CAUSE SLOWDOWN IN PERFORMANCE     !!!
20220405 014053.706 INFO             PET2 !!! FOR PRODUCTION RUNS, USE:                      !!!
20220405 014053.706 INFO             PET2 !!!                   ESMF_LOGKIND_Multi_On_Error  !!!
20220405 014053.706 INFO             PET2 !!!!!!!!!!!!!!!!!!!!!!!!!!!!!!!!!!!!!!!!!!!!!!!!!!!!!!
20220405 014053.706 INFO             PET2 Running with ESMF Version   : v8.3.0b12
20220405 014053.706 INFO             PET2 ESMF library build date/time: "Apr  5 2022" "01:22:52"
20220405 014053.706 INFO             PET2 ESMF library build location : /lfs/h1/emc/ptmp/Mark.Potts/gfortran_10.3.0_mpi_O_develop
20220405 014053.706 INFO             PET2 ESMF_COMM                   : mpi
20220405 014053.706 INFO             PET2 ESMF_MOAB                   : enabled
20220405 014053.706 INFO             PET2 ESMF_LAPACK                 : enabled
20220405 014053.706 INFO             PET2 ESMF_NETCDF                 : enabled
20220405 014053.706 INFO             PET2 ESMF_PNETCDF                : disabled
20220405 014053.706 INFO             PET2 ESMF_PIO                    : enabled
20220405 014053.706 INFO             PET2 ESMF_YAMLCPP                : enabled
20220405 014053.739 DEBUG            PET2 about to destroy Grid: 0x11afde0
20220405 014053.742 DEBUG            PET2 about to destroy Grid: 0x11b1990
20220405 014053.750 INFO             PET2  NUMBER_OF_PROCESSORS           4
20220405 014053.750 INFO             PET2  PASS  Example ESMF_NUOPCAtmModelEx, ESMF_NUOPCAtmModelEx.F90, line 806
20220405 014053.750 INFO             PET2 Finalizing ESMF
20220405 014053.705 INFO             PET3 !!!!!!!!!!!!!!!!!!!!!!!!!!!!!!!!!!!!!!!!!!!!!!!!!!!!!!
20220405 014053.705 INFO             PET3 !!! THE ESMF_LOG IS SET TO OUTPUT ALL LOG MESSAGES !!!
20220405 014053.705 INFO             PET3 !!!     THIS MAY CAUSE SLOWDOWN IN PERFORMANCE     !!!
20220405 014053.705 INFO             PET3 !!! FOR PRODUCTION RUNS, USE:                      !!!
20220405 014053.705 INFO             PET3 !!!                   ESMF_LOGKIND_Multi_On_Error  !!!
20220405 014053.705 INFO             PET3 !!!!!!!!!!!!!!!!!!!!!!!!!!!!!!!!!!!!!!!!!!!!!!!!!!!!!!
20220405 014053.705 INFO             PET3 Running with ESMF Version   : v8.3.0b12
20220405 014053.705 INFO             PET3 ESMF library build date/time: "Apr  5 2022" "01:22:52"
20220405 014053.705 INFO             PET3 ESMF library build location : /lfs/h1/emc/ptmp/Mark.Potts/gfortran_10.3.0_mpi_O_develop
20220405 014053.705 INFO             PET3 ESMF_COMM                   : mpi
20220405 014053.706 INFO             PET3 ESMF_MOAB                   : enabled
20220405 014053.706 INFO             PET3 ESMF_LAPACK                 : enabled
20220405 014053.706 INFO             PET3 ESMF_NETCDF                 : enabled
20220405 014053.706 INFO             PET3 ESMF_PNETCDF                : disabled
20220405 014053.706 INFO             PET3 ESMF_PIO                    : enabled
20220405 014053.706 INFO             PET3 ESMF_YAMLCPP                : enabled
20220405 014053.739 DEBUG            PET3 about to destroy Grid: 0x1a9fda0
20220405 014053.742 DEBUG            PET3 about to destroy Grid: 0x1aa1990
20220405 014053.750 INFO             PET3  NUMBER_OF_PROCESSORS           4
20220405 014053.750 INFO             PET3  PASS  Example ESMF_NUOPCAtmModelEx, ESMF_NUOPCAtmModelEx.F90, line 806
20220405 014053.750 INFO             PET3 Finalizing ESMF
