build time -- 2022-04-04 01:23:57
20220404 013944.953 INFO             PET0 !!!!!!!!!!!!!!!!!!!!!!!!!!!!!!!!!!!!!!!!!!!!!!!!!!!!!!
20220404 013944.954 INFO             PET0 !!! THE ESMF_LOG IS SET TO OUTPUT ALL LOG MESSAGES !!!
20220404 013944.954 INFO             PET0 !!!     THIS MAY CAUSE SLOWDOWN IN PERFORMANCE     !!!
20220404 013944.954 INFO             PET0 !!! FOR PRODUCTION RUNS, USE:                      !!!
20220404 013944.954 INFO             PET0 !!!                   ESMF_LOGKIND_Multi_On_Error  !!!
20220404 013944.954 INFO             PET0 !!!!!!!!!!!!!!!!!!!!!!!!!!!!!!!!!!!!!!!!!!!!!!!!!!!!!!
20220404 013944.954 INFO             PET0 Running with ESMF Version   : v8.3.0b12
20220404 013944.954 INFO             PET0 ESMF library build date/time: "Apr  4 2022" "01:22:51"
20220404 013944.954 INFO             PET0 ESMF library build location : /lfs/h1/emc/ptmp/Mark.Potts/gfortran_10.3.0_mpi_O_develop
20220404 013944.954 INFO             PET0 ESMF_COMM                   : mpi
20220404 013944.954 INFO             PET0 ESMF_MOAB                   : enabled
20220404 013944.954 INFO             PET0 ESMF_LAPACK                 : enabled
20220404 013944.954 INFO             PET0 ESMF_NETCDF                 : enabled
20220404 013944.954 INFO             PET0 ESMF_PNETCDF                : disabled
20220404 013944.954 INFO             PET0 ESMF_PIO                    : enabled
20220404 013944.954 INFO             PET0 ESMF_YAMLCPP                : enabled
20220404 013944.954 INFO             PET0  NUMBER_OF_PROCESSORS           4
20220404 013944.954 INFO             PET0  PASS  Example ESMF_VMUserMpiCommMultiEx, ESMF_VMUserMpiCommMultiEx.F90, line 126
20220404 013944.954 INFO             PET0 Finalizing ESMF
20220404 013944.953 INFO             PET0 !!!!!!!!!!!!!!!!!!!!!!!!!!!!!!!!!!!!!!!!!!!!!!!!!!!!!!
20220404 013944.953 INFO             PET0 !!! THE ESMF_LOG IS SET TO OUTPUT ALL LOG MESSAGES !!!
20220404 013944.953 INFO             PET0 !!!     THIS MAY CAUSE SLOWDOWN IN PERFORMANCE     !!!
20220404 013944.953 INFO             PET0 !!! FOR PRODUCTION RUNS, USE:                      !!!
20220404 013944.953 INFO             PET0 !!!                   ESMF_LOGKIND_Multi_On_Error  !!!
20220404 013944.953 INFO             PET0 !!!!!!!!!!!!!!!!!!!!!!!!!!!!!!!!!!!!!!!!!!!!!!!!!!!!!!
20220404 013944.953 INFO             PET0 Running with ESMF Version   : v8.3.0b12
20220404 013944.953 INFO             PET0 ESMF library build date/time: "Apr  4 2022" "01:22:51"
20220404 013944.953 INFO             PET0 ESMF library build location : /lfs/h1/emc/ptmp/Mark.Potts/gfortran_10.3.0_mpi_O_develop
20220404 013944.953 INFO             PET0 ESMF_COMM                   : mpi
20220404 013944.954 INFO             PET0 ESMF_MOAB                   : enabled
20220404 013944.954 INFO             PET0 ESMF_LAPACK                 : enabled
20220404 013944.954 INFO             PET0 ESMF_NETCDF                 : enabled
20220404 013944.954 INFO             PET0 ESMF_PNETCDF                : disabled
20220404 013944.954 INFO             PET0 ESMF_PIO                    : enabled
20220404 013944.954 INFO             PET0 ESMF_YAMLCPP                : enabled
20220404 013944.954 INFO             PET0  NUMBER_OF_PROCESSORS           4
20220404 013944.954 INFO             PET0  PASS  Example ESMF_VMUserMpiCommMultiEx, ESMF_VMUserMpiCommMultiEx.F90, line 154
20220404 013944.954 INFO             PET0 Finalizing ESMF
20220404 013944.953 INFO             PET1 !!!!!!!!!!!!!!!!!!!!!!!!!!!!!!!!!!!!!!!!!!!!!!!!!!!!!!
20220404 013944.953 INFO             PET1 !!! THE ESMF_LOG IS SET TO OUTPUT ALL LOG MESSAGES !!!
20220404 013944.953 INFO             PET1 !!!     THIS MAY CAUSE SLOWDOWN IN PERFORMANCE     !!!
20220404 013944.953 INFO             PET1 !!! FOR PRODUCTION RUNS, USE:                      !!!
20220404 013944.953 INFO             PET1 !!!                   ESMF_LOGKIND_Multi_On_Error  !!!
20220404 013944.953 INFO             PET1 !!!!!!!!!!!!!!!!!!!!!!!!!!!!!!!!!!!!!!!!!!!!!!!!!!!!!!
20220404 013944.953 INFO             PET1 Running with ESMF Version   : v8.3.0b12
20220404 013944.953 INFO             PET1 ESMF library build date/time: "Apr  4 2022" "01:22:51"
20220404 013944.953 INFO             PET1 ESMF library build location : /lfs/h1/emc/ptmp/Mark.Potts/gfortran_10.3.0_mpi_O_develop
20220404 013944.953 INFO             PET1 ESMF_COMM                   : mpi
20220404 013944.954 INFO             PET1 ESMF_MOAB                   : enabled
20220404 013944.954 INFO             PET1 ESMF_LAPACK                 : enabled
20220404 013944.954 INFO             PET1 ESMF_NETCDF                 : enabled
20220404 013944.954 INFO             PET1 ESMF_PNETCDF                : disabled
20220404 013944.954 INFO             PET1 ESMF_PIO                    : enabled
20220404 013944.954 INFO             PET1 ESMF_YAMLCPP                : enabled
20220404 013944.954 INFO             PET1  NUMBER_OF_PROCESSORS           4
20220404 013944.954 INFO             PET1  PASS  Example ESMF_VMUserMpiCommMultiEx, ESMF_VMUserMpiCommMultiEx.F90, line 126
20220404 013944.954 INFO             PET1 Finalizing ESMF
20220404 013944.953 INFO             PET1 !!!!!!!!!!!!!!!!!!!!!!!!!!!!!!!!!!!!!!!!!!!!!!!!!!!!!!
20220404 013944.953 INFO             PET1 !!! THE ESMF_LOG IS SET TO OUTPUT ALL LOG MESSAGES !!!
20220404 013944.953 INFO             PET1 !!!     THIS MAY CAUSE SLOWDOWN IN PERFORMANCE     !!!
20220404 013944.953 INFO             PET1 !!! FOR PRODUCTION RUNS, USE:                      !!!
20220404 013944.953 INFO             PET1 !!!                   ESMF_LOGKIND_Multi_On_Error  !!!
20220404 013944.953 INFO             PET1 !!!!!!!!!!!!!!!!!!!!!!!!!!!!!!!!!!!!!!!!!!!!!!!!!!!!!!
20220404 013944.953 INFO             PET1 Running with ESMF Version   : v8.3.0b12
20220404 013944.953 INFO             PET1 ESMF library build date/time: "Apr  4 2022" "01:22:51"
20220404 013944.953 INFO             PET1 ESMF library build location : /lfs/h1/emc/ptmp/Mark.Potts/gfortran_10.3.0_mpi_O_develop
20220404 013944.953 INFO             PET1 ESMF_COMM                   : mpi
20220404 013944.954 INFO             PET1 ESMF_MOAB                   : enabled
20220404 013944.954 INFO             PET1 ESMF_LAPACK                 : enabled
20220404 013944.954 INFO             PET1 ESMF_NETCDF                 : enabled
20220404 013944.954 INFO             PET1 ESMF_PNETCDF                : disabled
20220404 013944.954 INFO             PET1 ESMF_PIO                    : enabled
20220404 013944.954 INFO             PET1 ESMF_YAMLCPP                : enabled
20220404 013944.954 INFO             PET1  NUMBER_OF_PROCESSORS           4
20220404 013944.954 INFO             PET1  PASS  Example ESMF_VMUserMpiCommMultiEx, ESMF_VMUserMpiCommMultiEx.F90, line 154
20220404 013944.954 INFO             PET1 Finalizing ESMF
