build time -- 2022-07-16 02:35:58
20220716 025720.440 INFO             PET0 !!!!!!!!!!!!!!!!!!!!!!!!!!!!!!!!!!!!!!!!!!!!!!!!!!!!!!
20220716 025720.440 INFO             PET0 !!! THE ESMF_LOG IS SET TO OUTPUT ALL LOG MESSAGES !!!
20220716 025720.440 INFO             PET0 !!!     THIS MAY CAUSE SLOWDOWN IN PERFORMANCE     !!!
20220716 025720.440 INFO             PET0 !!! FOR PRODUCTION RUNS, USE:                      !!!
20220716 025720.440 INFO             PET0 !!!                   ESMF_LOGKIND_Multi_On_Error  !!!
20220716 025720.440 INFO             PET0 !!!!!!!!!!!!!!!!!!!!!!!!!!!!!!!!!!!!!!!!!!!!!!!!!!!!!!
20220716 025720.440 INFO             PET0 Running with ESMF Version   : v8.4.0b04-8-g9865973
20220716 025720.440 INFO             PET0 ESMF library build date/time: "Jul 16 2022" "02:34:07"
20220716 025720.440 INFO             PET0 ESMF library build location : /work/noaa/da/mpotts/sandbox/gfortran_8.3.0_openmpi_O_feature_named-alias
20220716 025720.440 INFO             PET0 ESMF_COMM                   : openmpi
20220716 025720.440 INFO             PET0 ESMF_MOAB                   : enabled
20220716 025720.440 INFO             PET0 ESMF_LAPACK                 : enabled
20220716 025720.440 INFO             PET0 ESMF_NETCDF                 : enabled
20220716 025720.440 INFO             PET0 ESMF_PNETCDF                : disabled
20220716 025720.440 INFO             PET0 ESMF_PIO                    : enabled
20220716 025720.440 INFO             PET0 ESMF_YAMLCPP                : enabled
20220716 025720.473 DEBUG            PET0 about to destroy Grid: 0x1ff8a80
20220716 025720.476 DEBUG            PET0 about to destroy Grid: 0x1ff9ff0
20220716 025720.485 INFO             PET0  NUMBER_OF_PROCESSORS           4
20220716 025720.485 INFO             PET0  PASS  Example ESMF_NUOPCAtmModelEx, ESMF_NUOPCAtmModelEx.F90, line 806
20220716 025720.485 INFO             PET0 Finalizing ESMF
20220716 025720.439 INFO             PET1 !!!!!!!!!!!!!!!!!!!!!!!!!!!!!!!!!!!!!!!!!!!!!!!!!!!!!!
20220716 025720.439 INFO             PET1 !!! THE ESMF_LOG IS SET TO OUTPUT ALL LOG MESSAGES !!!
20220716 025720.439 INFO             PET1 !!!     THIS MAY CAUSE SLOWDOWN IN PERFORMANCE     !!!
20220716 025720.439 INFO             PET1 !!! FOR PRODUCTION RUNS, USE:                      !!!
20220716 025720.439 INFO             PET1 !!!                   ESMF_LOGKIND_Multi_On_Error  !!!
20220716 025720.439 INFO             PET1 !!!!!!!!!!!!!!!!!!!!!!!!!!!!!!!!!!!!!!!!!!!!!!!!!!!!!!
20220716 025720.439 INFO             PET1 Running with ESMF Version   : v8.4.0b04-8-g9865973
20220716 025720.439 INFO             PET1 ESMF library build date/time: "Jul 16 2022" "02:34:07"
20220716 025720.439 INFO             PET1 ESMF library build location : /work/noaa/da/mpotts/sandbox/gfortran_8.3.0_openmpi_O_feature_named-alias
20220716 025720.439 INFO             PET1 ESMF_COMM                   : openmpi
20220716 025720.440 INFO             PET1 ESMF_MOAB                   : enabled
20220716 025720.440 INFO             PET1 ESMF_LAPACK                 : enabled
20220716 025720.440 INFO             PET1 ESMF_NETCDF                 : enabled
20220716 025720.440 INFO             PET1 ESMF_PNETCDF                : disabled
20220716 025720.440 INFO             PET1 ESMF_PIO                    : enabled
20220716 025720.440 INFO             PET1 ESMF_YAMLCPP                : enabled
20220716 025720.473 DEBUG            PET1 about to destroy Grid: 0x16a82a0
20220716 025720.476 DEBUG            PET1 about to destroy Grid: 0x16a92f0
20220716 025720.485 INFO             PET1  NUMBER_OF_PROCESSORS           4
20220716 025720.485 INFO             PET1  PASS  Example ESMF_NUOPCAtmModelEx, ESMF_NUOPCAtmModelEx.F90, line 806
20220716 025720.485 INFO             PET1 Finalizing ESMF
20220716 025720.439 INFO             PET2 !!!!!!!!!!!!!!!!!!!!!!!!!!!!!!!!!!!!!!!!!!!!!!!!!!!!!!
20220716 025720.439 INFO             PET2 !!! THE ESMF_LOG IS SET TO OUTPUT ALL LOG MESSAGES !!!
20220716 025720.439 INFO             PET2 !!!     THIS MAY CAUSE SLOWDOWN IN PERFORMANCE     !!!
20220716 025720.439 INFO             PET2 !!! FOR PRODUCTION RUNS, USE:                      !!!
20220716 025720.439 INFO             PET2 !!!                   ESMF_LOGKIND_Multi_On_Error  !!!
20220716 025720.439 INFO             PET2 !!!!!!!!!!!!!!!!!!!!!!!!!!!!!!!!!!!!!!!!!!!!!!!!!!!!!!
20220716 025720.439 INFO             PET2 Running with ESMF Version   : v8.4.0b04-8-g9865973
20220716 025720.439 INFO             PET2 ESMF library build date/time: "Jul 16 2022" "02:34:07"
20220716 025720.439 INFO             PET2 ESMF library build location : /work/noaa/da/mpotts/sandbox/gfortran_8.3.0_openmpi_O_feature_named-alias
20220716 025720.439 INFO             PET2 ESMF_COMM                   : openmpi
20220716 025720.440 INFO             PET2 ESMF_MOAB                   : enabled
20220716 025720.440 INFO             PET2 ESMF_LAPACK                 : enabled
20220716 025720.440 INFO             PET2 ESMF_NETCDF                 : enabled
20220716 025720.440 INFO             PET2 ESMF_PNETCDF                : disabled
20220716 025720.440 INFO             PET2 ESMF_PIO                    : enabled
20220716 025720.440 INFO             PET2 ESMF_YAMLCPP                : enabled
20220716 025720.473 DEBUG            PET2 about to destroy Grid: 0x997ae0
20220716 025720.476 DEBUG            PET2 about to destroy Grid: 0x9989c0
20220716 025720.485 INFO             PET2  NUMBER_OF_PROCESSORS           4
20220716 025720.485 INFO             PET2  PASS  Example ESMF_NUOPCAtmModelEx, ESMF_NUOPCAtmModelEx.F90, line 806
20220716 025720.485 INFO             PET2 Finalizing ESMF
20220716 025720.439 INFO             PET3 !!!!!!!!!!!!!!!!!!!!!!!!!!!!!!!!!!!!!!!!!!!!!!!!!!!!!!
20220716 025720.439 INFO             PET3 !!! THE ESMF_LOG IS SET TO OUTPUT ALL LOG MESSAGES !!!
20220716 025720.439 INFO             PET3 !!!     THIS MAY CAUSE SLOWDOWN IN PERFORMANCE     !!!
20220716 025720.439 INFO             PET3 !!! FOR PRODUCTION RUNS, USE:                      !!!
20220716 025720.439 INFO             PET3 !!!                   ESMF_LOGKIND_Multi_On_Error  !!!
20220716 025720.439 INFO             PET3 !!!!!!!!!!!!!!!!!!!!!!!!!!!!!!!!!!!!!!!!!!!!!!!!!!!!!!
20220716 025720.439 INFO             PET3 Running with ESMF Version   : v8.4.0b04-8-g9865973
20220716 025720.439 INFO             PET3 ESMF library build date/time: "Jul 16 2022" "02:34:07"
20220716 025720.439 INFO             PET3 ESMF library build location : /work/noaa/da/mpotts/sandbox/gfortran_8.3.0_openmpi_O_feature_named-alias
20220716 025720.439 INFO             PET3 ESMF_COMM                   : openmpi
20220716 025720.439 INFO             PET3 ESMF_MOAB                   : enabled
20220716 025720.439 INFO             PET3 ESMF_LAPACK                 : enabled
20220716 025720.439 INFO             PET3 ESMF_NETCDF                 : enabled
20220716 025720.439 INFO             PET3 ESMF_PNETCDF                : disabled
20220716 025720.439 INFO             PET3 ESMF_PIO                    : enabled
20220716 025720.439 INFO             PET3 ESMF_YAMLCPP                : enabled
20220716 025720.473 DEBUG            PET3 about to destroy Grid: 0x179f440
20220716 025720.476 DEBUG            PET3 about to destroy Grid: 0x17a02e0
20220716 025720.485 INFO             PET3  NUMBER_OF_PROCESSORS           4
20220716 025720.485 INFO             PET3  PASS  Example ESMF_NUOPCAtmModelEx, ESMF_NUOPCAtmModelEx.F90, line 806
20220716 025720.485 INFO             PET3 Finalizing ESMF
