build time -- 2022-07-16 01:20:22.446450
srun: cluster configuration lacks support for cpu binding
 NUOPC DRIVER + ATM Model example run
 NUOPC DRIVER + ATM Model example run
 NUOPC DRIVER + ATM Model example run
 NUOPC DRIVER + ATM Model example run
[borgk180:19304:0:19304] Caught signal 11 (Segmentation fault: Sent by the kernel at address (nil))
[borgk180:19305:0:19305] Caught signal 11 (Segmentation fault: Sent by the kernel at address (nil))
[borgk180:19307:0:19307] Caught signal 11 (Segmentation fault: Sent by the kernel at address (nil))
[borgk180:19306:0:19306] Caught signal 11 (Segmentation fault: Sent by the kernel at address (nil))
==== backtrace (tid:  19305) ====
 0  /usr/lib64/libucs.so.0(ucs_handle_error+0xe4) [0x7fff2436dda4]
 1  /usr/lib64/libucs.so.0(+0x2210c) [0x7fff2436e10c]
 2  /usr/lib64/libucs.so.0(+0x222c2) [0x7fff2436e2c2]
 3  /lib64/libpthread.so.0(+0x10c10) [0x7ffff2bc1c10]
 4  /gpfsm/dnb04/projects/p98/mpotts/esmf/gfortran_8.3.0_intelmpi_g_feature_named-alias/lib/libg/Linux.gfortran.64.intelmpi.default/libesmf.so(+0x20c4a46) [0x7ffff6d45a46]
 5  /gpfsm/dnb04/projects/p98/mpotts/esmf/gfortran_8.3.0_intelmpi_g_feature_named-alias/lib/libg/Linux.gfortran.64.intelmpi.default/libesmf.so(+0x20c0693) [0x7ffff6d41693]
==== backtrace (tid:  19304) ====
 0  /usr/lib64/libucs.so.0(ucs_handle_error+0xe4) [0x7fff2436dda4]
 1  /usr/lib64/libucs.so.0(+0x2210c) [0x7fff2436e10c]
 2  /usr/lib64/libucs.so.0(+0x222c2) [0x7fff2436e2c2]
 3  /lib64/libpthread.so.0(+0x10c10) [0x7ffff2bc1c10]
 4  /gpfsm/dnb04/projects/p98/mpotts/esmf/gfortran_8.3.0_intelmpi_g_feature_named-alias/lib/libg/Linux.gfortran.64.intelmpi.default/libesmf.so(+0x20c4a46) [0x7ffff6d45a46]
 5  /gpfsm/dnb04/projects/p98/mpotts/esmf/gfortran_8.3.0_intelmpi_g_feature_named-alias/lib/libg/Linux.gfortran.64.intelmpi.default/libesmf.so(+0x20c0693) [0x7ffff6d41693]
 6  /gpfsm/dnb04/projects/p98/mpotts/esmf/gfortran_8.3.0_intelmpi_g_feature_named-alias/lib/libg/Linux.gfortran.64.intelmpi.default/libesmf.so(_ZN5ESMCI6FTable12callVFuncPtrEPKcPNS_2VMEPi+0xc15) [0x7ffff5b338c9]
 7  /gpfsm/dnb04/projects/p98/mpotts/esmf/gfortran_8.3.0_intelmpi_g_feature_named-alias/lib/libg/Linux.gfortran.64.intelmpi.default/libesmf.so(ESMCI_FTableCallEntryPointVMHop+0x32e) [0x7ffff5b30a17]
 8  /gpfsm/dnb04/projects/p98/mpotts/esmf/gfortran_8.3.0_intelmpi_g_feature_named-alias/lib/libg/Linux.gfortran.64.intelmpi.default/libesmf.so(_ZN5ESMCI3VMK5enterEPNS_7VMKPlanEPvS3_+0xca) [0x7ffff5ebfc56]
 9  /gpfsm/dnb04/projects/p98/mpotts/esmf/gfortran_8.3.0_intelmpi_g_feature_named-alias/lib/libg/Linux.gfortran.64.intelmpi.default/libesmf.so(_ZN5ESMCI2VM5enterEPNS_6VMPlanEPvS3_+0xaf) [0x7ffff5ed85a3]
10  /gpfsm/dnb04/projects/p98/mpotts/esmf/gfortran_8.3.0_intelmpi_g_feature_named-alias/lib/libg/Linux.gfortran.64.intelmpi.default/libesmf.so(c_esmc_ftablecallentrypointvm_+0x35c) [0x7ffff5b30ead]
11  /gpfsm/dnb04/projects/p98/mpotts/esmf/gfortran_8.3.0_intelmpi_g_feature_named-alias/lib/libg/Linux.gfortran.64.intelmpi.default/libesmf.so(__esmf_compmod_MOD_esmf_compexecute+0x983) [0x7ffff6285967]
12  /gpfsm/dnb04/projects/p98/mpotts/esmf/gfortran_8.3.0_intelmpi_g_feature_named-alias/lib/libg/Linux.gfortran.64.intelmpi.default/libesmf.so(__esmf_cplcompmod_MOD_esmf_cplcomprun+0x143) [0x7ffff629c435]
13  /gpfsm/dnb04/projects/p98/mpotts/esmf/gfortran_8.3.0_intelmpi_g_feature_named-alias/lib/libg/Linux.gfortran.64.intelmpi.default/libesmf.so(+0x2180098) [0x7ffff6e01098]
14  /gpfsm/dnb04/projects/p98/mpotts/esmf/gfortran_8.3.0_intelmpi_g_feature_named-alias/lib/libg/Linux.gfortran.64.intelmpi.default/libesmf.so(__nuopc_driver_MOD_routine_run+0x2108) [0x7ffff6e04d7e]
15  /gpfsm/dnb04/projects/p98/mpotts/esmf/gfortran_8.3.0_intelmpi_g_feature_named-alias/lib/libg/Linux.gfortran.64.intelmpi.default/libesmf.so(_ZN5ESMCI6FTable12callVFuncPtrEPKcPNS_2VMEPi+0xc15) [0x7ffff5b338c9]
16  /gpfsm/dnb04/projects/p98/mpotts/esmf/gfortran_8.3.0_intelmpi_g_feature_named-alias/lib/libg/Linux.gfortran.64.intelmpi.default/libesmf.so(ESMCI_FTableCallEntryPointVMHop+0x32e) [0x7ffff5b30a17]
17  /gpfsm/dnb04/projects/p98/mpotts/esmf/gfortran_8.3.0_intelmpi_g_feature_named-alias/lib/libg/Linux.gfortran.64.intelmpi.default/libesmf.so(_ZN5ESMCI3VMK5enterEPNS_7VMKPlanEPvS3_+0xca) [0x7ffff5ebfc56]
18  /gpfsm/dnb04/projects/p98/mpotts/esmf/gfortran_8.3.0_intelmpi_g_feature_named-alias/lib/libg/Linux.gfortran.64.intelmpi.default/libesmf.so(_ZN5ESMCI2VM5enterEPNS_6VMPlanEPvS3_+0xaf) [0x7ffff5ed85a3]
19  /gpfsm/dnb04/projects/p98/mpotts/esmf/gfortran_8.3.0_intelmpi_g_feature_named-alias/lib/libg/Linux.gfortran.64.intelmpi.default/libesmf.so(c_esmc_ftablecallentrypointvm_+0x35c) [0x7ffff5b30ead]
20  /gpfsm/dnb04/projects/p98/mpotts/esmf/gfortran_8.3.0_intelmpi_g_feature_named-alias/lib/libg/Linux.gfortran.64.intelmpi.default/libesmf.so(__esmf_compmod_MOD_esmf_compexecute+0x983) [0x7ffff6285967]
21  /gpfsm/dnb04/projects/p98/mpotts/esmf/gfortran_8.3.0_intelmpi_g_feature_named-alias/lib/libg/Linux.gfortran.64.intelmpi.default/libesmf.so(__esmf_gridcompmod_MOD_esmf_gridcomprun+0x143) [0x7ffff66eb450]
22  ./ESMF_NUOPCAtmModelEx() [0x403f6e]
23  ./ESMF_NUOPCAtmModelEx() [0x40419c]
24  /lib64/libc.so.6(__libc_start_main+0xf5) [0x7ffff1a39725]
25  ./ESMF_NUOPCAtmModelEx() [0x4018f9]
=================================

Program received signal SIGSEGV: Segmentation fault - invalid memory reference.

Backtrace for this error:
 6  /gpfsm/dnb04/projects/p98/mpotts/esmf/gfortran_8.3.0_intelmpi_g_feature_named-alias/lib/libg/Linux.gfortran.64.intelmpi.default/libesmf.so(_ZN5ESMCI6FTable12callVFuncPtrEPKcPNS_2VMEPi+0xc15) [0x7ffff5b338c9]
 7  /gpfsm/dnb04/projects/p98/mpotts/esmf/gfortran_8.3.0_intelmpi_g_feature_named-alias/lib/libg/Linux.gfortran.64.intelmpi.default/libesmf.so(ESMCI_FTableCallEntryPointVMHop+0x32e) [0x7ffff5b30a17]
 8  /gpfsm/dnb04/projects/p98/mpotts/esmf/gfortran_8.3.0_intelmpi_g_feature_named-alias/lib/libg/Linux.gfortran.64.intelmpi.default/libesmf.so(_ZN5ESMCI3VMK5enterEPNS_7VMKPlanEPvS3_+0xca) [0x7ffff5ebfc56]
 9  /gpfsm/dnb04/projects/p98/mpotts/esmf/gfortran_8.3.0_intelmpi_g_feature_named-alias/lib/libg/Linux.gfortran.64.intelmpi.default/libesmf.so(_ZN5ESMCI2VM5enterEPNS_6VMPlanEPvS3_+0xaf) [0x7ffff5ed85a3]
10  /gpfsm/dnb04/projects/p98/mpotts/esmf/gfortran_8.3.0_intelmpi_g_feature_named-alias/lib/libg/Linux.gfortran.64.intelmpi.default/libesmf.so(c_esmc_ftablecallentrypointvm_+0x35c) [0x7ffff5b30ead]
11  /gpfsm/dnb04/projects/p98/mpotts/esmf/gfortran_8.3.0_intelmpi_g_feature_named-alias/lib/libg/Linux.gfortran.64.intelmpi.default/libesmf.so(__esmf_compmod_MOD_esmf_compexecute+0x983) [0x7ffff6285967]
12  /gpfsm/dnb04/projects/p98/mpotts/esmf/gfortran_8.3.0_intelmpi_g_feature_named-alias/lib/libg/Linux.gfortran.64.intelmpi.default/libesmf.so(__esmf_cplcompmod_MOD_esmf_cplcomprun+0x143) [0x7ffff629c435]
13  /gpfsm/dnb04/projects/p98/mpotts/esmf/gfortran_8.3.0_intelmpi_g_feature_named-alias/lib/libg/Linux.gfortran.64.intelmpi.default/libesmf.so(+0x2180098) [0x7ffff6e01098]
14  /gpfsm/dnb04/projects/p98/mpotts/esmf/gfortran_8.3.0_intelmpi_g_feature_named-alias/lib/libg/Linux.gfortran.64.intelmpi.default/libesmf.so(__nuopc_driver_MOD_routine_run+0x2108) [0x7ffff6e04d7e]
15  /gpfsm/dnb04/projects/p98/mpotts/esmf/gfortran_8.3.0_intelmpi_g_feature_named-alias/lib/libg/Linux.gfortran.64.intelmpi.default/libesmf.so(_ZN5ESMCI6FTable12callVFuncPtrEPKcPNS_2VMEPi+0xc15) [0x7ffff5b338c9]
16  /gpfsm/dnb04/projects/p98/mpotts/esmf/gfortran_8.3.0_intelmpi_g_feature_named-alias/lib/libg/Linux.gfortran.64.intelmpi.default/libesmf.so(ESMCI_FTableCallEntryPointVMHop+0x32e) [0x7ffff5b30a17]
17  /gpfsm/dnb04/projects/p98/mpotts/esmf/gfortran_8.3.0_intelmpi_g_feature_named-alias/lib/libg/Linux.gfortran.64.intelmpi.default/libesmf.so(_ZN5ESMCI3VMK5enterEPNS_7VMKPlanEPvS3_+0xca) [0x7ffff5ebfc56]
18  /gpfsm/dnb04/projects/p98/mpotts/esmf/gfortran_8.3.0_intelmpi_g_feature_named-alias/lib/libg/Linux.gfortran.64.intelmpi.default/libesmf.so(_ZN5ESMCI2VM5enterEPNS_6VMPlanEPvS3_+0xaf) [0x7ffff5ed85a3]
19  /gpfsm/dnb04/projects/p98/mpotts/esmf/gfortran_8.3.0_intelmpi_g_feature_named-alias/lib/libg/Linux.gfortran.64.intelmpi.default/libesmf.so(c_esmc_ftablecallentrypointvm_+0x35c) [0x7ffff5b30ead]
20  /gpfsm/dnb04/projects/p98/mpotts/esmf/gfortran_8.3.0_intelmpi_g_feature_named-alias/lib/libg/Linux.gfortran.64.intelmpi.default/libesmf.so(__esmf_compmod_MOD_esmf_compexecute+0x983) [0x7ffff6285967]
21  /gpfsm/dnb04/projects/p98/mpotts/esmf/gfortran_8.3.0_intelmpi_g_feature_named-alias/lib/libg/Linux.gfortran.64.intelmpi.default/libesmf.so(__esmf_gridcompmod_MOD_esmf_gridcomprun+0x143) [0x7ffff66eb450]
22  ./ESMF_NUOPCAtmModelEx() [0x403f6e]
23  ./ESMF_NUOPCAtmModelEx() [0x40419c]
24  /lib64/libc.so.6(__libc_start_main+0xf5) [0x7ffff1a39725]
25  ./ESMF_NUOPCAtmModelEx() [0x4018f9]
=================================

Program received signal SIGSEGV: Segmentation fault - invalid memory reference.

Backtrace for this error:
==== backtrace (tid:  19307) ====
 0  /usr/lib64/libucs.so.0(ucs_handle_error+0xe4) [0x7fff2436dda4]
 1  /usr/lib64/libucs.so.0(+0x2210c) [0x7fff2436e10c]
 2  /usr/lib64/libucs.so.0(+0x222c2) [0x7fff2436e2c2]
 3  /lib64/libpthread.so.0(+0x10c10) [0x7ffff2bc1c10]
 4  /gpfsm/dnb04/projects/p98/mpotts/esmf/gfortran_8.3.0_intelmpi_g_feature_named-alias/lib/libg/Linux.gfortran.64.intelmpi.default/libesmf.so(+0x20c4a46) [0x7ffff6d45a46]
 5  /gpfsm/dnb04/projects/p98/mpotts/esmf/gfortran_8.3.0_intelmpi_g_feature_named-alias/lib/libg/Linux.gfortran.64.intelmpi.default/libesmf.so(+0x20c0693) [0x7ffff6d41693]
 6  /gpfsm/dnb04/projects/p98/mpotts/esmf/gfortran_8.3.0_intelmpi_g_feature_named-alias/lib/libg/Linux.gfortran.64.intelmpi.default/libesmf.so(_ZN5ESMCI6FTable12callVFuncPtrEPKcPNS_2VMEPi+0xc15) [0x7ffff5b338c9]
 7  /gpfsm/dnb04/projects/p98/mpotts/esmf/gfortran_8.3.0_intelmpi_g_feature_named-alias/lib/libg/Linux.gfortran.64.intelmpi.default/libesmf.so(ESMCI_FTableCallEntryPointVMHop+0x32e) [0x7ffff5b30a17]
 8  /gpfsm/dnb04/projects/p98/mpotts/esmf/gfortran_8.3.0_intelmpi_g_feature_named-alias/lib/libg/Linux.gfortran.64.intelmpi.default/libesmf.so(_ZN5ESMCI3VMK5enterEPNS_7VMKPlanEPvS3_+0xca) [0x7ffff5ebfc56]
 9  /gpfsm/dnb04/projects/p98/mpotts/esmf/gfortran_8.3.0_intelmpi_g_feature_named-alias/lib/libg/Linux.gfortran.64.intelmpi.default/libesmf.so(_ZN5ESMCI2VM5enterEPNS_6VMPlanEPvS3_+0xaf) [0x7ffff5ed85a3]
10  /gpfsm/dnb04/projects/p98/mpotts/esmf/gfortran_8.3.0_intelmpi_g_feature_named-alias/lib/libg/Linux.gfortran.64.intelmpi.default/libesmf.so(c_esmc_ftablecallentrypointvm_+0x35c) [0x7ffff5b30ead]
11  /gpfsm/dnb04/projects/p98/mpotts/esmf/gfortran_8.3.0_intelmpi_g_feature_named-alias/lib/libg/Linux.gfortran.64.intelmpi.default/libesmf.so(__esmf_compmod_MOD_esmf_compexecute+0x983) [0x7ffff6285967]
12  /gpfsm/dnb04/projects/p98/mpotts/esmf/gfortran_8.3.0_intelmpi_g_feature_named-alias/lib/libg/Linux.gfortran.64.intelmpi.default/libesmf.so(__esmf_cplcompmod_MOD_esmf_cplcomprun+0x143) [0x7ffff629c435]
13  /gpfsm/dnb04/projects/p98/mpotts/esmf/gfortran_8.3.0_intelmpi_g_feature_named-alias/lib/libg/Linux.gfortran.64.intelmpi.default/libesmf.so(+0x2180098) [0x7ffff6e01098]
14  /gpfsm/dnb04/projects/p98/mpotts/esmf/gfortran_8.3.0_intelmpi_g_feature_named-alias/lib/libg/Linux.gfortran.64.intelmpi.default/libesmf.so(__nuopc_driver_MOD_routine_run+0x2108) [0x7ffff6e04d7e]
15  /gpfsm/dnb04/projects/p98/mpotts/esmf/gfortran_8.3.0_intelmpi_g_feature_named-alias/lib/libg/Linux.gfortran.64.intelmpi.default/libesmf.so(_ZN5ESMCI6FTable12callVFuncPtrEPKcPNS_2VMEPi+0xc15) [0x7ffff5b338c9]
16  /gpfsm/dnb04/projects/p98/mpotts/esmf/gfortran_8.3.0_intelmpi_g_feature_named-alias/lib/libg/Linux.gfortran.64.intelmpi.default/libesmf.so(ESMCI_FTableCallEntryPointVMHop+0x32e) [0x7ffff5b30a17]
17  /gpfsm/dnb04/projects/p98/mpotts/esmf/gfortran_8.3.0_intelmpi_g_feature_named-alias/lib/libg/Linux.gfortran.64.intelmpi.default/libesmf.so(_ZN5ESMCI3VMK5enterEPNS_7VMKPlanEPvS3_+0xca) [0x7ffff5ebfc56]
18  /gpfsm/dnb04/projects/p98/mpotts/esmf/gfortran_8.3.0_intelmpi_g_feature_named-alias/lib/libg/Linux.gfortran.64.intelmpi.default/libesmf.so(_ZN5ESMCI2VM5enterEPNS_6VMPlanEPvS3_+0xaf) [0x7ffff5ed85a3]
19  /gpfsm/dnb04/projects/p98/mpotts/esmf/gfortran_8.3.0_intelmpi_g_feature_named-alias/lib/libg/Linux.gfortran.64.intelmpi.default/libesmf.so(c_esmc_ftablecallentrypointvm_+0x35c) [0x7ffff5b30ead]
20  /gpfsm/dnb04/projects/p98/mpotts/esmf/gfortran_8.3.0_intelmpi_g_feature_named-alias/lib/libg/Linux.gfortran.64.intelmpi.default/libesmf.so(__esmf_compmod_MOD_esmf_compexecute+0x983) [0x7ffff6285967]
21  /gpfsm/dnb04/projects/p98/mpotts/esmf/gfortran_8.3.0_intelmpi_g_feature_named-alias/lib/libg/Linux.gfortran.64.intelmpi.default/libesmf.so(__esmf_gridcompmod_MOD_esmf_gridcomprun+0x143) [0x7ffff66eb450]
22  ./ESMF_NUOPCAtmModelEx() [0x403f6e]
23  ./ESMF_NUOPCAtmModelEx() [0x40419c]
24  /lib64/libc.so.6(__libc_start_main+0xf5) [0x7ffff1a39725]
25  ./ESMF_NUOPCAtmModelEx() [0x4018f9]
=================================

Program received signal SIGSEGV: Segmentation fault - invalid memory reference.

Backtrace for this error:
==== backtrace (tid:  19306) ====
 0  /usr/lib64/libucs.so.0(ucs_handle_error+0xe4) [0x7fff2436dda4]
 1  /usr/lib64/libucs.so.0(+0x2210c) [0x7fff2436e10c]
 2  /usr/lib64/libucs.so.0(+0x222c2) [0x7fff2436e2c2]
 3  /lib64/libpthread.so.0(+0x10c10) [0x7ffff2bc1c10]
 4  /gpfsm/dnb04/projects/p98/mpotts/esmf/gfortran_8.3.0_intelmpi_g_feature_named-alias/lib/libg/Linux.gfortran.64.intelmpi.default/libesmf.so(+0x20c4a46) [0x7ffff6d45a46]
 5  /gpfsm/dnb04/projects/p98/mpotts/esmf/gfortran_8.3.0_intelmpi_g_feature_named-alias/lib/libg/Linux.gfortran.64.intelmpi.default/libesmf.so(+0x20c0693) [0x7ffff6d41693]
 6  /gpfsm/dnb04/projects/p98/mpotts/esmf/gfortran_8.3.0_intelmpi_g_feature_named-alias/lib/libg/Linux.gfortran.64.intelmpi.default/libesmf.so(_ZN5ESMCI6FTable12callVFuncPtrEPKcPNS_2VMEPi+0xc15) [0x7ffff5b338c9]
 7  /gpfsm/dnb04/projects/p98/mpotts/esmf/gfortran_8.3.0_intelmpi_g_feature_named-alias/lib/libg/Linux.gfortran.64.intelmpi.default/libesmf.so(ESMCI_FTableCallEntryPointVMHop+0x32e) [0x7ffff5b30a17]
 8  /gpfsm/dnb04/projects/p98/mpotts/esmf/gfortran_8.3.0_intelmpi_g_feature_named-alias/lib/libg/Linux.gfortran.64.intelmpi.default/libesmf.so(_ZN5ESMCI3VMK5enterEPNS_7VMKPlanEPvS3_+0xca) [0x7ffff5ebfc56]
 9  /gpfsm/dnb04/projects/p98/mpotts/esmf/gfortran_8.3.0_intelmpi_g_feature_named-alias/lib/libg/Linux.gfortran.64.intelmpi.default/libesmf.so(_ZN5ESMCI2VM5enterEPNS_6VMPlanEPvS3_+0xaf) [0x7ffff5ed85a3]
10  /gpfsm/dnb04/projects/p98/mpotts/esmf/gfortran_8.3.0_intelmpi_g_feature_named-alias/lib/libg/Linux.gfortran.64.intelmpi.default/libesmf.so(c_esmc_ftablecallentrypointvm_+0x35c) [0x7ffff5b30ead]
11  /gpfsm/dnb04/projects/p98/mpotts/esmf/gfortran_8.3.0_intelmpi_g_feature_named-alias/lib/libg/Linux.gfortran.64.intelmpi.default/libesmf.so(__esmf_compmod_MOD_esmf_compexecute+0x983) [0x7ffff6285967]
12  /gpfsm/dnb04/projects/p98/mpotts/esmf/gfortran_8.3.0_intelmpi_g_feature_named-alias/lib/libg/Linux.gfortran.64.intelmpi.default/libesmf.so(__esmf_cplcompmod_MOD_esmf_cplcomprun+0x143) [0x7ffff629c435]
13  /gpfsm/dnb04/projects/p98/mpotts/esmf/gfortran_8.3.0_intelmpi_g_feature_named-alias/lib/libg/Linux.gfortran.64.intelmpi.default/libesmf.so(+0x2180098) [0x7ffff6e01098]
14  /gpfsm/dnb04/projects/p98/mpotts/esmf/gfortran_8.3.0_intelmpi_g_feature_named-alias/lib/libg/Linux.gfortran.64.intelmpi.default/libesmf.so(__nuopc_driver_MOD_routine_run+0x2108) [0x7ffff6e04d7e]
15  /gpfsm/dnb04/projects/p98/mpotts/esmf/gfortran_8.3.0_intelmpi_g_feature_named-alias/lib/libg/Linux.gfortran.64.intelmpi.default/libesmf.so(_ZN5ESMCI6FTable12callVFuncPtrEPKcPNS_2VMEPi+0xc15) [0x7ffff5b338c9]
16  /gpfsm/dnb04/projects/p98/mpotts/esmf/gfortran_8.3.0_intelmpi_g_feature_named-alias/lib/libg/Linux.gfortran.64.intelmpi.default/libesmf.so(ESMCI_FTableCallEntryPointVMHop+0x32e) [0x7ffff5b30a17]
17  /gpfsm/dnb04/projects/p98/mpotts/esmf/gfortran_8.3.0_intelmpi_g_feature_named-alias/lib/libg/Linux.gfortran.64.intelmpi.default/libesmf.so(_ZN5ESMCI3VMK5enterEPNS_7VMKPlanEPvS3_+0xca) [0x7ffff5ebfc56]
18  /gpfsm/dnb04/projects/p98/mpotts/esmf/gfortran_8.3.0_intelmpi_g_feature_named-alias/lib/libg/Linux.gfortran.64.intelmpi.default/libesmf.so(_ZN5ESMCI2VM5enterEPNS_6VMPlanEPvS3_+0xaf) [0x7ffff5ed85a3]
19  /gpfsm/dnb04/projects/p98/mpotts/esmf/gfortran_8.3.0_intelmpi_g_feature_named-alias/lib/libg/Linux.gfortran.64.intelmpi.default/libesmf.so(c_esmc_ftablecallentrypointvm_+0x35c) [0x7ffff5b30ead]
20  /gpfsm/dnb04/projects/p98/mpotts/esmf/gfortran_8.3.0_intelmpi_g_feature_named-alias/lib/libg/Linux.gfortran.64.intelmpi.default/libesmf.so(__esmf_compmod_MOD_esmf_compexecute+0x983) [0x7ffff6285967]
21  /gpfsm/dnb04/projects/p98/mpotts/esmf/gfortran_8.3.0_intelmpi_g_feature_named-alias/lib/libg/Linux.gfortran.64.intelmpi.default/libesmf.so(__esmf_gridcompmod_MOD_esmf_gridcomprun+0x143) [0x7ffff66eb450]
22  ./ESMF_NUOPCAtmModelEx() [0x403f6e]
23  ./ESMF_NUOPCAtmModelEx() [0x40419c]
24  /lib64/libc.so.6(__libc_start_main+0xf5) [0x7ffff1a39725]
25  ./ESMF_NUOPCAtmModelEx() [0x4018f9]
=================================

Program received signal SIGSEGV: Segmentation fault - invalid memory reference.

Backtrace for this error:
#0  0x7ffff2bc1c0f in ???
#0  0x7ffff2bc1c0f in ???
#0  0x7ffff2bc1c0f in ???
#0  0x7ffff2bc1c0f in ???
#1  0x7ffff6d45a46 in executeupdatepackets
	at /gpfsm/dnb04/projects/p98/mpotts/esmf/gfortran_8.3.0_intelmpi_g_feature_named-alias/src/addon/NUOPC/src/NUOPC_Connector.F90:5905
#2  0x7ffff6d41692 in run
	at /gpfsm/dnb04/projects/p98/mpotts/esmf/gfortran_8.3.0_intelmpi_g_feature_named-alias/src/addon/NUOPC/src/NUOPC_Connector.F90:6354
#1  0x7ffff6d45a46 in executeupdatepackets
	at /gpfsm/dnb04/projects/p98/mpotts/esmf/gfortran_8.3.0_intelmpi_g_feature_named-alias/src/addon/NUOPC/src/NUOPC_Connector.F90:5905
#2  0x7ffff6d41692 in run
	at /gpfsm/dnb04/projects/p98/mpotts/esmf/gfortran_8.3.0_intelmpi_g_feature_named-alias/src/addon/NUOPC/src/NUOPC_Connector.F90:6354
#1  0x7ffff6d45a46 in executeupdatepackets
	at /gpfsm/dnb04/projects/p98/mpotts/esmf/gfortran_8.3.0_intelmpi_g_feature_named-alias/src/addon/NUOPC/src/NUOPC_Connector.F90:5905
#2  0x7ffff6d41692 in run
	at /gpfsm/dnb04/projects/p98/mpotts/esmf/gfortran_8.3.0_intelmpi_g_feature_named-alias/src/addon/NUOPC/src/NUOPC_Connector.F90:6354
#1  0x7ffff6d45a46 in executeupdatepackets
	at /gpfsm/dnb04/projects/p98/mpotts/esmf/gfortran_8.3.0_intelmpi_g_feature_named-alias/src/addon/NUOPC/src/NUOPC_Connector.F90:5905
#2  0x7ffff6d41692 in run
	at /gpfsm/dnb04/projects/p98/mpotts/esmf/gfortran_8.3.0_intelmpi_g_feature_named-alias/src/addon/NUOPC/src/NUOPC_Connector.F90:6354
#3  0x7ffff5b338c8 in _ZN5ESMCI6FTable12callVFuncPtrEPKcPNS_2VMEPi
	at /gpfsm/dnb04/projects/p98/mpotts/esmf/gfortran_8.3.0_intelmpi_g_feature_named-alias/src/Superstructure/Component/src/ESMCI_FTable.C:2167
#3  0x7ffff5b338c8 in _ZN5ESMCI6FTable12callVFuncPtrEPKcPNS_2VMEPi
	at /gpfsm/dnb04/projects/p98/mpotts/esmf/gfortran_8.3.0_intelmpi_g_feature_named-alias/src/Superstructure/Component/src/ESMCI_FTable.C:2167
#3  0x7ffff5b338c8 in _ZN5ESMCI6FTable12callVFuncPtrEPKcPNS_2VMEPi
	at /gpfsm/dnb04/projects/p98/mpotts/esmf/gfortran_8.3.0_intelmpi_g_feature_named-alias/src/Superstructure/Component/src/ESMCI_FTable.C:2167
#3  0x7ffff5b338c8 in _ZN5ESMCI6FTable12callVFuncPtrEPKcPNS_2VMEPi
	at /gpfsm/dnb04/projects/p98/mpotts/esmf/gfortran_8.3.0_intelmpi_g_feature_named-alias/src/Superstructure/Component/src/ESMCI_FTable.C:2167
#4  0x7ffff5b30a16 in ESMCI_FTableCallEntryPointVMHop
	at /gpfsm/dnb04/projects/p98/mpotts/esmf/gfortran_8.3.0_intelmpi_g_feature_named-alias/src/Superstructure/Component/src/ESMCI_FTable.C:824
#4  0x7ffff5b30a16 in ESMCI_FTableCallEntryPointVMHop
	at /gpfsm/dnb04/projects/p98/mpotts/esmf/gfortran_8.3.0_intelmpi_g_feature_named-alias/src/Superstructure/Component/src/ESMCI_FTable.C:824
#4  0x7ffff5b30a16 in ESMCI_FTableCallEntryPointVMHop
	at /gpfsm/dnb04/projects/p98/mpotts/esmf/gfortran_8.3.0_intelmpi_g_feature_named-alias/src/Superstructure/Component/src/ESMCI_FTable.C:824
#4  0x7ffff5b30a16 in ESMCI_FTableCallEntryPointVMHop
	at /gpfsm/dnb04/projects/p98/mpotts/esmf/gfortran_8.3.0_intelmpi_g_feature_named-alias/src/Superstructure/Component/src/ESMCI_FTable.C:824
#5  0x7ffff5ebfc55 in _ZN5ESMCI3VMK5enterEPNS_7VMKPlanEPvS3_
	at /gpfsm/dnb04/projects/p98/mpotts/esmf/gfortran_8.3.0_intelmpi_g_feature_named-alias/src/Infrastructure/VM/src/ESMCI_VMKernel.C:2308
#5  0x7ffff5ebfc55 in _ZN5ESMCI3VMK5enterEPNS_7VMKPlanEPvS3_
	at /gpfsm/dnb04/projects/p98/mpotts/esmf/gfortran_8.3.0_intelmpi_g_feature_named-alias/src/Infrastructure/VM/src/ESMCI_VMKernel.C:2308
#5  0x7ffff5ebfc55 in _ZN5ESMCI3VMK5enterEPNS_7VMKPlanEPvS3_
	at /gpfsm/dnb04/projects/p98/mpotts/esmf/gfortran_8.3.0_intelmpi_g_feature_named-alias/src/Infrastructure/VM/src/ESMCI_VMKernel.C:2308
#5  0x7ffff5ebfc55 in _ZN5ESMCI3VMK5enterEPNS_7VMKPlanEPvS3_
	at /gpfsm/dnb04/projects/p98/mpotts/esmf/gfortran_8.3.0_intelmpi_g_feature_named-alias/src/Infrastructure/VM/src/ESMCI_VMKernel.C:2308
#6  0x7ffff5ed85a2 in _ZN5ESMCI2VM5enterEPNS_6VMPlanEPvS3_
	at /gpfsm/dnb04/projects/p98/mpotts/esmf/gfortran_8.3.0_intelmpi_g_feature_named-alias/src/Infrastructure/VM/src/ESMCI_VM.C:1216
#7  0x7ffff5b30eac in c_esmc_ftablecallentrypointvm_
	at /gpfsm/dnb04/projects/p98/mpotts/esmf/gfortran_8.3.0_intelmpi_g_feature_named-alias/src/Superstructure/Component/src/ESMCI_FTable.C:981
#6  0x7ffff5ed85a2 in _ZN5ESMCI2VM5enterEPNS_6VMPlanEPvS3_
	at /gpfsm/dnb04/projects/p98/mpotts/esmf/gfortran_8.3.0_intelmpi_g_feature_named-alias/src/Infrastructure/VM/src/ESMCI_VM.C:1216
#7  0x7ffff5b30eac in c_esmc_ftablecallentrypointvm_
	at /gpfsm/dnb04/projects/p98/mpotts/esmf/gfortran_8.3.0_intelmpi_g_feature_named-alias/src/Superstructure/Component/src/ESMCI_FTable.C:981
#6  0x7ffff5ed85a2 in _ZN5ESMCI2VM5enterEPNS_6VMPlanEPvS3_
	at /gpfsm/dnb04/projects/p98/mpotts/esmf/gfortran_8.3.0_intelmpi_g_feature_named-alias/src/Infrastructure/VM/src/ESMCI_VM.C:1216
#7  0x7ffff5b30eac in c_esmc_ftablecallentrypointvm_
	at /gpfsm/dnb04/projects/p98/mpotts/esmf/gfortran_8.3.0_intelmpi_g_feature_named-alias/src/Superstructure/Component/src/ESMCI_FTable.C:981
#6  0x7ffff5ed85a2 in _ZN5ESMCI2VM5enterEPNS_6VMPlanEPvS3_
	at /gpfsm/dnb04/projects/p98/mpotts/esmf/gfortran_8.3.0_intelmpi_g_feature_named-alias/src/Infrastructure/VM/src/ESMCI_VM.C:1216
#7  0x7ffff5b30eac in c_esmc_ftablecallentrypointvm_
	at /gpfsm/dnb04/projects/p98/mpotts/esmf/gfortran_8.3.0_intelmpi_g_feature_named-alias/src/Superstructure/Component/src/ESMCI_FTable.C:981
#8  0x7ffff6285966 in __esmf_compmod_MOD_esmf_compexecute
	at /gpfsm/dnb04/projects/p98/mpotts/esmf/gfortran_8.3.0_intelmpi_g_feature_named-alias/src/Superstructure/Component/src/ESMF_Comp.F90:1224
#8  0x7ffff6285966 in __esmf_compmod_MOD_esmf_compexecute
	at /gpfsm/dnb04/projects/p98/mpotts/esmf/gfortran_8.3.0_intelmpi_g_feature_named-alias/src/Superstructure/Component/src/ESMF_Comp.F90:1224
#8  0x7ffff6285966 in __esmf_compmod_MOD_esmf_compexecute
	at /gpfsm/dnb04/projects/p98/mpotts/esmf/gfortran_8.3.0_intelmpi_g_feature_named-alias/src/Superstructure/Component/src/ESMF_Comp.F90:1224
#8  0x7ffff6285966 in __esmf_compmod_MOD_esmf_compexecute
	at /gpfsm/dnb04/projects/p98/mpotts/esmf/gfortran_8.3.0_intelmpi_g_feature_named-alias/src/Superstructure/Component/src/ESMF_Comp.F90:1224
#9  0x7ffff629c434 in __esmf_cplcompmod_MOD_esmf_cplcomprun
	at /gpfsm/dnb04/projects/p98/mpotts/esmf/gfortran_8.3.0_intelmpi_g_feature_named-alias/src/Superstructure/Component/src/ESMF_CplComp.F90:1651
#9  0x7ffff629c434 in __esmf_cplcompmod_MOD_esmf_cplcomprun
	at /gpfsm/dnb04/projects/p98/mpotts/esmf/gfortran_8.3.0_intelmpi_g_feature_named-alias/src/Superstructure/Component/src/ESMF_CplComp.F90:1651
#9  0x7ffff629c434 in __esmf_cplcompmod_MOD_esmf_cplcomprun
	at /gpfsm/dnb04/projects/p98/mpotts/esmf/gfortran_8.3.0_intelmpi_g_feature_named-alias/src/Superstructure/Component/src/ESMF_CplComp.F90:1651
#9  0x7ffff629c434 in __esmf_cplcompmod_MOD_esmf_cplcomprun
	at /gpfsm/dnb04/projects/p98/mpotts/esmf/gfortran_8.3.0_intelmpi_g_feature_named-alias/src/Superstructure/Component/src/ESMF_CplComp.F90:1651
#10  0x7ffff6e01097 in routine_executecplcomp
	at /gpfsm/dnb04/projects/p98/mpotts/esmf/gfortran_8.3.0_intelmpi_g_feature_named-alias/src/addon/NUOPC/src/NUOPC_Driver.F90:3512
#11  0x7ffff6e04d7d in __nuopc_driver_MOD_routine_run
	at /gpfsm/dnb04/projects/p98/mpotts/esmf/gfortran_8.3.0_intelmpi_g_feature_named-alias/src/addon/NUOPC/src/NUOPC_Driver.F90:3379
#12  0x7ffff5b338c8 in _ZN5ESMCI6FTable12callVFuncPtrEPKcPNS_2VMEPi
	at /gpfsm/dnb04/projects/p98/mpotts/esmf/gfortran_8.3.0_intelmpi_g_feature_named-alias/src/Superstructure/Component/src/ESMCI_FTable.C:2167
#13  0x7ffff5b30a16 in ESMCI_FTableCallEntryPointVMHop
	at /gpfsm/dnb04/projects/p98/mpotts/esmf/gfortran_8.3.0_intelmpi_g_feature_named-alias/src/Superstructure/Component/src/ESMCI_FTable.C:824
#14  0x7ffff5ebfc55 in _ZN5ESMCI3VMK5enterEPNS_7VMKPlanEPvS3_
	at /gpfsm/dnb04/projects/p98/mpotts/esmf/gfortran_8.3.0_intelmpi_g_feature_named-alias/src/Infrastructure/VM/src/ESMCI_VMKernel.C:2308
#15  0x7ffff5ed85a2 in _ZN5ESMCI2VM5enterEPNS_6VMPlanEPvS3_
	at /gpfsm/dnb04/projects/p98/mpotts/esmf/gfortran_8.3.0_intelmpi_g_feature_named-alias/src/Infrastructure/VM/src/ESMCI_VM.C:1216
#10  0x7ffff6e01097 in routine_executecplcomp
	at /gpfsm/dnb04/projects/p98/mpotts/esmf/gfortran_8.3.0_intelmpi_g_feature_named-alias/src/addon/NUOPC/src/NUOPC_Driver.F90:3512
#11  0x7ffff6e04d7d in __nuopc_driver_MOD_routine_run
	at /gpfsm/dnb04/projects/p98/mpotts/esmf/gfortran_8.3.0_intelmpi_g_feature_named-alias/src/addon/NUOPC/src/NUOPC_Driver.F90:3379
#12  0x7ffff5b338c8 in _ZN5ESMCI6FTable12callVFuncPtrEPKcPNS_2VMEPi
	at /gpfsm/dnb04/projects/p98/mpotts/esmf/gfortran_8.3.0_intelmpi_g_feature_named-alias/src/Superstructure/Component/src/ESMCI_FTable.C:2167
#13  0x7ffff5b30a16 in ESMCI_FTableCallEntryPointVMHop
	at /gpfsm/dnb04/projects/p98/mpotts/esmf/gfortran_8.3.0_intelmpi_g_feature_named-alias/src/Superstructure/Component/src/ESMCI_FTable.C:824
#14  0x7ffff5ebfc55 in _ZN5ESMCI3VMK5enterEPNS_7VMKPlanEPvS3_
	at /gpfsm/dnb04/projects/p98/mpotts/esmf/gfortran_8.3.0_intelmpi_g_feature_named-alias/src/Infrastructure/VM/src/ESMCI_VMKernel.C:2308
#15  0x7ffff5ed85a2 in _ZN5ESMCI2VM5enterEPNS_6VMPlanEPvS3_
	at /gpfsm/dnb04/projects/p98/mpotts/esmf/gfortran_8.3.0_intelmpi_g_feature_named-alias/src/Infrastructure/VM/src/ESMCI_VM.C:1216
#16  0x7ffff5b30eac in c_esmc_ftablecallentrypointvm_
	at /gpfsm/dnb04/projects/p98/mpotts/esmf/gfortran_8.3.0_intelmpi_g_feature_named-alias/src/Superstructure/Component/src/ESMCI_FTable.C:981
#17  0x7ffff6285966 in __esmf_compmod_MOD_esmf_compexecute
	at /gpfsm/dnb04/projects/p98/mpotts/esmf/gfortran_8.3.0_intelmpi_g_feature_named-alias/src/Superstructure/Component/src/ESMF_Comp.F90:1224
#10  0x7ffff6e01097 in routine_executecplcomp
	at /gpfsm/dnb04/projects/p98/mpotts/esmf/gfortran_8.3.0_intelmpi_g_feature_named-alias/src/addon/NUOPC/src/NUOPC_Driver.F90:3512
#11  0x7ffff6e04d7d in __nuopc_driver_MOD_routine_run
	at /gpfsm/dnb04/projects/p98/mpotts/esmf/gfortran_8.3.0_intelmpi_g_feature_named-alias/src/addon/NUOPC/src/NUOPC_Driver.F90:3379
#12  0x7ffff5b338c8 in _ZN5ESMCI6FTable12callVFuncPtrEPKcPNS_2VMEPi
	at /gpfsm/dnb04/projects/p98/mpotts/esmf/gfortran_8.3.0_intelmpi_g_feature_named-alias/src/Superstructure/Component/src/ESMCI_FTable.C:2167
#13  0x7ffff5b30a16 in ESMCI_FTableCallEntryPointVMHop
	at /gpfsm/dnb04/projects/p98/mpotts/esmf/gfortran_8.3.0_intelmpi_g_feature_named-alias/src/Superstructure/Component/src/ESMCI_FTable.C:824
#14  0x7ffff5ebfc55 in _ZN5ESMCI3VMK5enterEPNS_7VMKPlanEPvS3_
	at /gpfsm/dnb04/projects/p98/mpotts/esmf/gfortran_8.3.0_intelmpi_g_feature_named-alias/src/Infrastructure/VM/src/ESMCI_VMKernel.C:2308
#15  0x7ffff5ed85a2 in _ZN5ESMCI2VM5enterEPNS_6VMPlanEPvS3_
	at /gpfsm/dnb04/projects/p98/mpotts/esmf/gfortran_8.3.0_intelmpi_g_feature_named-alias/src/Infrastructure/VM/src/ESMCI_VM.C:1216
#16  0x7ffff5b30eac in c_esmc_ftablecallentrypointvm_
	at /gpfsm/dnb04/projects/p98/mpotts/esmf/gfortran_8.3.0_intelmpi_g_feature_named-alias/src/Superstructure/Component/src/ESMCI_FTable.C:981
#17  0x7ffff6285966 in __esmf_compmod_MOD_esmf_compexecute
	at /gpfsm/dnb04/projects/p98/mpotts/esmf/gfortran_8.3.0_intelmpi_g_feature_named-alias/src/Superstructure/Component/src/ESMF_Comp.F90:1224
#10  0x7ffff6e01097 in routine_executecplcomp
	at /gpfsm/dnb04/projects/p98/mpotts/esmf/gfortran_8.3.0_intelmpi_g_feature_named-alias/src/addon/NUOPC/src/NUOPC_Driver.F90:3512
#11  0x7ffff6e04d7d in __nuopc_driver_MOD_routine_run
	at /gpfsm/dnb04/projects/p98/mpotts/esmf/gfortran_8.3.0_intelmpi_g_feature_named-alias/src/addon/NUOPC/src/NUOPC_Driver.F90:3379
#12  0x7ffff5b338c8 in _ZN5ESMCI6FTable12callVFuncPtrEPKcPNS_2VMEPi
	at /gpfsm/dnb04/projects/p98/mpotts/esmf/gfortran_8.3.0_intelmpi_g_feature_named-alias/src/Superstructure/Component/src/ESMCI_FTable.C:2167
#13  0x7ffff5b30a16 in ESMCI_FTableCallEntryPointVMHop
	at /gpfsm/dnb04/projects/p98/mpotts/esmf/gfortran_8.3.0_intelmpi_g_feature_named-alias/src/Superstructure/Component/src/ESMCI_FTable.C:824
#14  0x7ffff5ebfc55 in _ZN5ESMCI3VMK5enterEPNS_7VMKPlanEPvS3_
	at /gpfsm/dnb04/projects/p98/mpotts/esmf/gfortran_8.3.0_intelmpi_g_feature_named-alias/src/Infrastructure/VM/src/ESMCI_VMKernel.C:2308
#15  0x7ffff5ed85a2 in _ZN5ESMCI2VM5enterEPNS_6VMPlanEPvS3_
	at /gpfsm/dnb04/projects/p98/mpotts/esmf/gfortran_8.3.0_intelmpi_g_feature_named-alias/src/Infrastructure/VM/src/ESMCI_VM.C:1216
#16  0x7ffff5b30eac in c_esmc_ftablecallentrypointvm_
	at /gpfsm/dnb04/projects/p98/mpotts/esmf/gfortran_8.3.0_intelmpi_g_feature_named-alias/src/Superstructure/Component/src/ESMCI_FTable.C:981
#17  0x7ffff6285966 in __esmf_compmod_MOD_esmf_compexecute
	at /gpfsm/dnb04/projects/p98/mpotts/esmf/gfortran_8.3.0_intelmpi_g_feature_named-alias/src/Superstructure/Component/src/ESMF_Comp.F90:1224
#16  0x7ffff5b30eac in c_esmc_ftablecallentrypointvm_
	at /gpfsm/dnb04/projects/p98/mpotts/esmf/gfortran_8.3.0_intelmpi_g_feature_named-alias/src/Superstructure/Component/src/ESMCI_FTable.C:981
#17  0x7ffff6285966 in __esmf_compmod_MOD_esmf_compexecute
	at /gpfsm/dnb04/projects/p98/mpotts/esmf/gfortran_8.3.0_intelmpi_g_feature_named-alias/src/Superstructure/Component/src/ESMF_Comp.F90:1224
#18  0x7ffff66eb44f in __esmf_gridcompmod_MOD_esmf_gridcomprun
	at /gpfsm/dnb04/projects/p98/mpotts/esmf/gfortran_8.3.0_intelmpi_g_feature_named-alias/src/Superstructure/Component/src/ESMF_GridComp.F90:1899
#18  0x7ffff66eb44f in __esmf_gridcompmod_MOD_esmf_gridcomprun
	at /gpfsm/dnb04/projects/p98/mpotts/esmf/gfortran_8.3.0_intelmpi_g_feature_named-alias/src/Superstructure/Component/src/ESMF_GridComp.F90:1899
#19  0x403f6d in esmf_nuopcatmmodelex
	at /gpfsm/dnb04/projects/p98/mpotts/esmf/gfortran_8.3.0_intelmpi_g_feature_named-alias/src/addon/NUOPC/examples/ESMF_NUOPCAtmModelEx.F90:790
#20  0x40419b in main
	at /gpfsm/dnb04/projects/p98/mpotts/esmf/gfortran_8.3.0_intelmpi_g_feature_named-alias/src/addon/NUOPC/examples/ESMF_NUOPCAtmModelEx.F90:736
#18  0x7ffff66eb44f in __esmf_gridcompmod_MOD_esmf_gridcomprun
	at /gpfsm/dnb04/projects/p98/mpotts/esmf/gfortran_8.3.0_intelmpi_g_feature_named-alias/src/Superstructure/Component/src/ESMF_GridComp.F90:1899
#19  0x403f6d in esmf_nuopcatmmodelex
	at /gpfsm/dnb04/projects/p98/mpotts/esmf/gfortran_8.3.0_intelmpi_g_feature_named-alias/src/addon/NUOPC/examples/ESMF_NUOPCAtmModelEx.F90:790
#20  0x40419b in main
	at /gpfsm/dnb04/projects/p98/mpotts/esmf/gfortran_8.3.0_intelmpi_g_feature_named-alias/src/addon/NUOPC/examples/ESMF_NUOPCAtmModelEx.F90:736
#18  0x7ffff66eb44f in __esmf_gridcompmod_MOD_esmf_gridcomprun
	at /gpfsm/dnb04/projects/p98/mpotts/esmf/gfortran_8.3.0_intelmpi_g_feature_named-alias/src/Superstructure/Component/src/ESMF_GridComp.F90:1899
#19  0x403f6d in esmf_nuopcatmmodelex
	at /gpfsm/dnb04/projects/p98/mpotts/esmf/gfortran_8.3.0_intelmpi_g_feature_named-alias/src/addon/NUOPC/examples/ESMF_NUOPCAtmModelEx.F90:790
#20  0x40419b in main
	at /gpfsm/dnb04/projects/p98/mpotts/esmf/gfortran_8.3.0_intelmpi_g_feature_named-alias/src/addon/NUOPC/examples/ESMF_NUOPCAtmModelEx.F90:736
#19  0x403f6d in esmf_nuopcatmmodelex
	at /gpfsm/dnb04/projects/p98/mpotts/esmf/gfortran_8.3.0_intelmpi_g_feature_named-alias/src/addon/NUOPC/examples/ESMF_NUOPCAtmModelEx.F90:790
#20  0x40419b in main
	at /gpfsm/dnb04/projects/p98/mpotts/esmf/gfortran_8.3.0_intelmpi_g_feature_named-alias/src/addon/NUOPC/examples/ESMF_NUOPCAtmModelEx.F90:736

===================================================================================
=   BAD TERMINATION OF ONE OF YOUR APPLICATION PROCESSES
=   RANK 0 PID 19304 RUNNING AT borgk180
=   KILLED BY SIGNAL: 11 (Segmentation fault)
===================================================================================

===================================================================================
=   BAD TERMINATION OF ONE OF YOUR APPLICATION PROCESSES
=   RANK 1 PID 19305 RUNNING AT borgk180
=   KILLED BY SIGNAL: 11 (Segmentation fault)
===================================================================================

===================================================================================
=   BAD TERMINATION OF ONE OF YOUR APPLICATION PROCESSES
=   RANK 2 PID 19306 RUNNING AT borgk180
=   KILLED BY SIGNAL: 11 (Segmentation fault)
===================================================================================

===================================================================================
=   BAD TERMINATION OF ONE OF YOUR APPLICATION PROCESSES
=   RANK 3 PID 19307 RUNNING AT borgk180
=   KILLED BY SIGNAL: 11 (Segmentation fault)
===================================================================================
