build time -- 2022-07-18 01:20:57.440304
20220718 014911.927 INFO             PET0 !!!!!!!!!!!!!!!!!!!!!!!!!!!!!!!!!!!!!!!!!!!!!!!!!!!!!!
20220718 014911.927 INFO             PET0 !!! THE ESMF_LOG IS SET TO OUTPUT ALL LOG MESSAGES !!!
20220718 014911.927 INFO             PET0 !!!     THIS MAY CAUSE SLOWDOWN IN PERFORMANCE     !!!
20220718 014911.927 INFO             PET0 !!! FOR PRODUCTION RUNS, USE:                      !!!
20220718 014911.927 INFO             PET0 !!!                   ESMF_LOGKIND_Multi_On_Error  !!!
20220718 014911.927 INFO             PET0 !!!!!!!!!!!!!!!!!!!!!!!!!!!!!!!!!!!!!!!!!!!!!!!!!!!!!!
20220718 014911.927 INFO             PET0 Running with ESMF Version   : v8.4.0b04-9-g4da4a8320a
20220718 014911.927 INFO             PET0 ESMF library build date/time: "Jul 18 2022" "01:19:28"
20220718 014911.927 INFO             PET0 ESMF library build location : /gpfsm/dnb04/projects/p98/mpotts/esmf/gfortran_8.3.0_intelmpi_g_feature_named-alias
20220718 014911.927 INFO             PET0 ESMF_COMM                   : intelmpi
20220718 014911.927 INFO             PET0 ESMF_MOAB                   : enabled
20220718 014911.927 INFO             PET0 ESMF_LAPACK                 : enabled
20220718 014911.927 INFO             PET0 ESMF_NETCDF                 : disabled
20220718 014911.927 INFO             PET0 ESMF_PNETCDF                : disabled
20220718 014911.927 INFO             PET0 ESMF_PIO                    : disabled
20220718 014911.927 INFO             PET0 ESMF_YAMLCPP                : enabled
20220718 014912.029 DEBUG            PET0 about to destroy Grid: 0x857fd0
20220718 014912.040 DEBUG            PET0 about to destroy Grid: 0x8592a0
20220718 014912.072 INFO             PET0  NUMBER_OF_PROCESSORS           4
20220718 014912.072 INFO             PET0  PASS  Example ESMF_NUOPCAtmModelEx, ESMF_NUOPCAtmModelEx.F90, line 806
20220718 014912.072 INFO             PET0 Finalizing ESMF
20220718 014911.926 INFO             PET1 !!!!!!!!!!!!!!!!!!!!!!!!!!!!!!!!!!!!!!!!!!!!!!!!!!!!!!
20220718 014911.926 INFO             PET1 !!! THE ESMF_LOG IS SET TO OUTPUT ALL LOG MESSAGES !!!
20220718 014911.926 INFO             PET1 !!!     THIS MAY CAUSE SLOWDOWN IN PERFORMANCE     !!!
20220718 014911.926 INFO             PET1 !!! FOR PRODUCTION RUNS, USE:                      !!!
20220718 014911.926 INFO             PET1 !!!                   ESMF_LOGKIND_Multi_On_Error  !!!
20220718 014911.926 INFO             PET1 !!!!!!!!!!!!!!!!!!!!!!!!!!!!!!!!!!!!!!!!!!!!!!!!!!!!!!
20220718 014911.926 INFO             PET1 Running with ESMF Version   : v8.4.0b04-9-g4da4a8320a
20220718 014911.926 INFO             PET1 ESMF library build date/time: "Jul 18 2022" "01:19:28"
20220718 014911.926 INFO             PET1 ESMF library build location : /gpfsm/dnb04/projects/p98/mpotts/esmf/gfortran_8.3.0_intelmpi_g_feature_named-alias
20220718 014911.926 INFO             PET1 ESMF_COMM                   : intelmpi
20220718 014911.927 INFO             PET1 ESMF_MOAB                   : enabled
20220718 014911.927 INFO             PET1 ESMF_LAPACK                 : enabled
20220718 014911.927 INFO             PET1 ESMF_NETCDF                 : disabled
20220718 014911.927 INFO             PET1 ESMF_PNETCDF                : disabled
20220718 014911.927 INFO             PET1 ESMF_PIO                    : disabled
20220718 014911.927 INFO             PET1 ESMF_YAMLCPP                : enabled
20220718 014912.029 DEBUG            PET1 about to destroy Grid: 0x858840
20220718 014912.040 DEBUG            PET1 about to destroy Grid: 0x859b80
20220718 014912.072 INFO             PET1  NUMBER_OF_PROCESSORS           4
20220718 014912.072 INFO             PET1  PASS  Example ESMF_NUOPCAtmModelEx, ESMF_NUOPCAtmModelEx.F90, line 806
20220718 014912.072 INFO             PET1 Finalizing ESMF
20220718 014911.927 INFO             PET2 !!!!!!!!!!!!!!!!!!!!!!!!!!!!!!!!!!!!!!!!!!!!!!!!!!!!!!
20220718 014911.927 INFO             PET2 !!! THE ESMF_LOG IS SET TO OUTPUT ALL LOG MESSAGES !!!
20220718 014911.927 INFO             PET2 !!!     THIS MAY CAUSE SLOWDOWN IN PERFORMANCE     !!!
20220718 014911.927 INFO             PET2 !!! FOR PRODUCTION RUNS, USE:                      !!!
20220718 014911.927 INFO             PET2 !!!                   ESMF_LOGKIND_Multi_On_Error  !!!
20220718 014911.927 INFO             PET2 !!!!!!!!!!!!!!!!!!!!!!!!!!!!!!!!!!!!!!!!!!!!!!!!!!!!!!
20220718 014911.927 INFO             PET2 Running with ESMF Version   : v8.4.0b04-9-g4da4a8320a
20220718 014911.927 INFO             PET2 ESMF library build date/time: "Jul 18 2022" "01:19:28"
20220718 014911.927 INFO             PET2 ESMF library build location : /gpfsm/dnb04/projects/p98/mpotts/esmf/gfortran_8.3.0_intelmpi_g_feature_named-alias
20220718 014911.927 INFO             PET2 ESMF_COMM                   : intelmpi
20220718 014911.927 INFO             PET2 ESMF_MOAB                   : enabled
20220718 014911.927 INFO             PET2 ESMF_LAPACK                 : enabled
20220718 014911.927 INFO             PET2 ESMF_NETCDF                 : disabled
20220718 014911.927 INFO             PET2 ESMF_PNETCDF                : disabled
20220718 014911.927 INFO             PET2 ESMF_PIO                    : disabled
20220718 014911.927 INFO             PET2 ESMF_YAMLCPP                : enabled
20220718 014912.029 DEBUG            PET2 about to destroy Grid: 0x857fe0
20220718 014912.040 DEBUG            PET2 about to destroy Grid: 0x858dd0
20220718 014912.073 INFO             PET2  NUMBER_OF_PROCESSORS           4
20220718 014912.073 INFO             PET2  PASS  Example ESMF_NUOPCAtmModelEx, ESMF_NUOPCAtmModelEx.F90, line 806
20220718 014912.073 INFO             PET2 Finalizing ESMF
20220718 014911.927 INFO             PET3 !!!!!!!!!!!!!!!!!!!!!!!!!!!!!!!!!!!!!!!!!!!!!!!!!!!!!!
20220718 014911.927 INFO             PET3 !!! THE ESMF_LOG IS SET TO OUTPUT ALL LOG MESSAGES !!!
20220718 014911.927 INFO             PET3 !!!     THIS MAY CAUSE SLOWDOWN IN PERFORMANCE     !!!
20220718 014911.927 INFO             PET3 !!! FOR PRODUCTION RUNS, USE:                      !!!
20220718 014911.927 INFO             PET3 !!!                   ESMF_LOGKIND_Multi_On_Error  !!!
20220718 014911.927 INFO             PET3 !!!!!!!!!!!!!!!!!!!!!!!!!!!!!!!!!!!!!!!!!!!!!!!!!!!!!!
20220718 014911.927 INFO             PET3 Running with ESMF Version   : v8.4.0b04-9-g4da4a8320a
20220718 014911.927 INFO             PET3 ESMF library build date/time: "Jul 18 2022" "01:19:28"
20220718 014911.927 INFO             PET3 ESMF library build location : /gpfsm/dnb04/projects/p98/mpotts/esmf/gfortran_8.3.0_intelmpi_g_feature_named-alias
20220718 014911.927 INFO             PET3 ESMF_COMM                   : intelmpi
20220718 014911.927 INFO             PET3 ESMF_MOAB                   : enabled
20220718 014911.927 INFO             PET3 ESMF_LAPACK                 : enabled
20220718 014911.927 INFO             PET3 ESMF_NETCDF                 : disabled
20220718 014911.927 INFO             PET3 ESMF_PNETCDF                : disabled
20220718 014911.927 INFO             PET3 ESMF_PIO                    : disabled
20220718 014911.927 INFO             PET3 ESMF_YAMLCPP                : enabled
20220718 014912.029 DEBUG            PET3 about to destroy Grid: 0x8585b0
20220718 014912.040 DEBUG            PET3 about to destroy Grid: 0x858ff0
20220718 014912.073 INFO             PET3  NUMBER_OF_PROCESSORS           4
20220718 014912.073 INFO             PET3  PASS  Example ESMF_NUOPCAtmModelEx, ESMF_NUOPCAtmModelEx.F90, line 806
20220718 014912.073 INFO             PET3 Finalizing ESMF
