build time -- 2022-07-16 01:19:47.879036

Program received signal SIGSEGV: Segmentation fault - invalid memory reference.

Program received signal SIGSEGV: Segmentation fault - invalid memory reference.

Backtrace for this error:

Program received signal SIGSEGV: Segmentation fault - invalid memory reference.

Backtrace for this error:

Program received signal SIGSEGV: Segmentation fault - invalid memory reference.

Backtrace for this error:

Backtrace for this error:
#0  0x7ffff40acc0f in ???
#0  0x7ffff40acc0f in ???
#0  0x7ffff40acc0f in ???
#0  0x7ffff40acc0f in ???
#1  0x7ffff6d5a82e in executeupdatepackets
	at /gpfsm/dnb04/projects/p98/mpotts/esmf/gfortran_8.3.0_mpt_g_feature_named-alias/src/addon/NUOPC/src/NUOPC_Connector.F90:5905
#2  0x7ffff6d5647a in run
#1  0x7ffff6d5a82e in executeupdatepackets
	at /gpfsm/dnb04/projects/p98/mpotts/esmf/gfortran_8.3.0_mpt_g_feature_named-alias/src/addon/NUOPC/src/NUOPC_Connector.F90:6354
#1  0x7ffff6d5a82e in executeupdatepackets
	at /gpfsm/dnb04/projects/p98/mpotts/esmf/gfortran_8.3.0_mpt_g_feature_named-alias/src/addon/NUOPC/src/NUOPC_Connector.F90:5905
#2  0x7ffff6d5647a in run
	at /gpfsm/dnb04/projects/p98/mpotts/esmf/gfortran_8.3.0_mpt_g_feature_named-alias/src/addon/NUOPC/src/NUOPC_Connector.F90:6354
#1  0x7ffff6d5a82e in executeupdatepackets
	at /gpfsm/dnb04/projects/p98/mpotts/esmf/gfortran_8.3.0_mpt_g_feature_named-alias/src/addon/NUOPC/src/NUOPC_Connector.F90:5905
#2  0x7ffff6d5647a in run
	at /gpfsm/dnb04/projects/p98/mpotts/esmf/gfortran_8.3.0_mpt_g_feature_named-alias/src/addon/NUOPC/src/NUOPC_Connector.F90:6354
	at /gpfsm/dnb04/projects/p98/mpotts/esmf/gfortran_8.3.0_mpt_g_feature_named-alias/src/addon/NUOPC/src/NUOPC_Connector.F90:5905
#2  0x7ffff6d5647a in run
	at /gpfsm/dnb04/projects/p98/mpotts/esmf/gfortran_8.3.0_mpt_g_feature_named-alias/src/addon/NUOPC/src/NUOPC_Connector.F90:6354
#3  0x7ffff5b478ae in _ZN5ESMCI6FTable12callVFuncPtrEPKcPNS_2VMEPi
	at /gpfsm/dnb04/projects/p98/mpotts/esmf/gfortran_8.3.0_mpt_g_feature_named-alias/src/Superstructure/Component/src/ESMCI_FTable.C:2167
#3  0x7ffff5b478ae in _ZN5ESMCI6FTable12callVFuncPtrEPKcPNS_2VMEPi
	at /gpfsm/dnb04/projects/p98/mpotts/esmf/gfortran_8.3.0_mpt_g_feature_named-alias/src/Superstructure/Component/src/ESMCI_FTable.C:2167
#3  0x7ffff5b478ae in _ZN5ESMCI6FTable12callVFuncPtrEPKcPNS_2VMEPi
	at /gpfsm/dnb04/projects/p98/mpotts/esmf/gfortran_8.3.0_mpt_g_feature_named-alias/src/Superstructure/Component/src/ESMCI_FTable.C:2167
#3  0x7ffff5b478ae in _ZN5ESMCI6FTable12callVFuncPtrEPKcPNS_2VMEPi
	at /gpfsm/dnb04/projects/p98/mpotts/esmf/gfortran_8.3.0_mpt_g_feature_named-alias/src/Superstructure/Component/src/ESMCI_FTable.C:2167
#4  0x7ffff5b449fc in ESMCI_FTableCallEntryPointVMHop
	at /gpfsm/dnb04/projects/p98/mpotts/esmf/gfortran_8.3.0_mpt_g_feature_named-alias/src/Superstructure/Component/src/ESMCI_FTable.C:824
#4  0x7ffff5b449fc in ESMCI_FTableCallEntryPointVMHop
#4  0x7ffff5b449fc in ESMCI_FTableCallEntryPointVMHop
	at /gpfsm/dnb04/projects/p98/mpotts/esmf/gfortran_8.3.0_mpt_g_feature_named-alias/src/Superstructure/Component/src/ESMCI_FTable.C:824
#4  0x7ffff5b449fc in ESMCI_FTableCallEntryPointVMHop
	at /gpfsm/dnb04/projects/p98/mpotts/esmf/gfortran_8.3.0_mpt_g_feature_named-alias/src/Superstructure/Component/src/ESMCI_FTable.C:824
	at /gpfsm/dnb04/projects/p98/mpotts/esmf/gfortran_8.3.0_mpt_g_feature_named-alias/src/Superstructure/Component/src/ESMCI_FTable.C:824
#5  0x7ffff5ed3c81 in _ZN5ESMCI3VMK5enterEPNS_7VMKPlanEPvS3_
	at /gpfsm/dnb04/projects/p98/mpotts/esmf/gfortran_8.3.0_mpt_g_feature_named-alias/src/Infrastructure/VM/src/ESMCI_VMKernel.C:2308
#5  0x7ffff5ed3c81 in _ZN5ESMCI3VMK5enterEPNS_7VMKPlanEPvS3_
#5  0x7ffff5ed3c81 in _ZN5ESMCI3VMK5enterEPNS_7VMKPlanEPvS3_
	at /gpfsm/dnb04/projects/p98/mpotts/esmf/gfortran_8.3.0_mpt_g_feature_named-alias/src/Infrastructure/VM/src/ESMCI_VMKernel.C:2308
#5  0x7ffff5ed3c81 in _ZN5ESMCI3VMK5enterEPNS_7VMKPlanEPvS3_
	at /gpfsm/dnb04/projects/p98/mpotts/esmf/gfortran_8.3.0_mpt_g_feature_named-alias/src/Infrastructure/VM/src/ESMCI_VMKernel.C:2308
	at /gpfsm/dnb04/projects/p98/mpotts/esmf/gfortran_8.3.0_mpt_g_feature_named-alias/src/Infrastructure/VM/src/ESMCI_VMKernel.C:2308
#6  0x7ffff5eec5e0 in _ZN5ESMCI2VM5enterEPNS_6VMPlanEPvS3_
	at /gpfsm/dnb04/projects/p98/mpotts/esmf/gfortran_8.3.0_mpt_g_feature_named-alias/src/Infrastructure/VM/src/ESMCI_VM.C:1216
#7  0x7ffff5b44e92 in c_esmc_ftablecallentrypointvm_
	at /gpfsm/dnb04/projects/p98/mpotts/esmf/gfortran_8.3.0_mpt_g_feature_named-alias/src/Superstructure/Component/src/ESMCI_FTable.C:981
#6  0x7ffff5eec5e0 in _ZN5ESMCI2VM5enterEPNS_6VMPlanEPvS3_
	at /gpfsm/dnb04/projects/p98/mpotts/esmf/gfortran_8.3.0_mpt_g_feature_named-alias/src/Infrastructure/VM/src/ESMCI_VM.C:1216
#7  0x7ffff5b44e92 in c_esmc_ftablecallentrypointvm_
	at /gpfsm/dnb04/projects/p98/mpotts/esmf/gfortran_8.3.0_mpt_g_feature_named-alias/src/Superstructure/Component/src/ESMCI_FTable.C:981
#6  0x7ffff5eec5e0 in _ZN5ESMCI2VM5enterEPNS_6VMPlanEPvS3_
	at /gpfsm/dnb04/projects/p98/mpotts/esmf/gfortran_8.3.0_mpt_g_feature_named-alias/src/Infrastructure/VM/src/ESMCI_VM.C:1216
#7  0x7ffff5b44e92 in c_esmc_ftablecallentrypointvm_
	at /gpfsm/dnb04/projects/p98/mpotts/esmf/gfortran_8.3.0_mpt_g_feature_named-alias/src/Superstructure/Component/src/ESMCI_FTable.C:981
#6  0x7ffff5eec5e0 in _ZN5ESMCI2VM5enterEPNS_6VMPlanEPvS3_
	at /gpfsm/dnb04/projects/p98/mpotts/esmf/gfortran_8.3.0_mpt_g_feature_named-alias/src/Infrastructure/VM/src/ESMCI_VM.C:1216
#7  0x7ffff5b44e92 in c_esmc_ftablecallentrypointvm_
	at /gpfsm/dnb04/projects/p98/mpotts/esmf/gfortran_8.3.0_mpt_g_feature_named-alias/src/Superstructure/Component/src/ESMCI_FTable.C:981
#8  0x7ffff62999a0 in __esmf_compmod_MOD_esmf_compexecute
#8  0x7ffff62999a0 in __esmf_compmod_MOD_esmf_compexecute
	at /gpfsm/dnb04/projects/p98/mpotts/esmf/gfortran_8.3.0_mpt_g_feature_named-alias/src/Superstructure/Component/src/ESMF_Comp.F90:1224
#8  0x7ffff62999a0 in __esmf_compmod_MOD_esmf_compexecute
	at /gpfsm/dnb04/projects/p98/mpotts/esmf/gfortran_8.3.0_mpt_g_feature_named-alias/src/Superstructure/Component/src/ESMF_Comp.F90:1224
#8  0x7ffff62999a0 in __esmf_compmod_MOD_esmf_compexecute
	at /gpfsm/dnb04/projects/p98/mpotts/esmf/gfortran_8.3.0_mpt_g_feature_named-alias/src/Superstructure/Component/src/ESMF_Comp.F90:1224
	at /gpfsm/dnb04/projects/p98/mpotts/esmf/gfortran_8.3.0_mpt_g_feature_named-alias/src/Superstructure/Component/src/ESMF_Comp.F90:1224
#9  0x7ffff62b046e in __esmf_cplcompmod_MOD_esmf_cplcomprun
#9  0x7ffff62b046e in __esmf_cplcompmod_MOD_esmf_cplcomprun
	at /gpfsm/dnb04/projects/p98/mpotts/esmf/gfortran_8.3.0_mpt_g_feature_named-alias/src/Superstructure/Component/src/ESMF_CplComp.F90:1651
#9  0x7ffff62b046e in __esmf_cplcompmod_MOD_esmf_cplcomprun
	at /gpfsm/dnb04/projects/p98/mpotts/esmf/gfortran_8.3.0_mpt_g_feature_named-alias/src/Superstructure/Component/src/ESMF_CplComp.F90:1651
#9  0x7ffff62b046e in __esmf_cplcompmod_MOD_esmf_cplcomprun
	at /gpfsm/dnb04/projects/p98/mpotts/esmf/gfortran_8.3.0_mpt_g_feature_named-alias/src/Superstructure/Component/src/ESMF_CplComp.F90:1651
	at /gpfsm/dnb04/projects/p98/mpotts/esmf/gfortran_8.3.0_mpt_g_feature_named-alias/src/Superstructure/Component/src/ESMF_CplComp.F90:1651
#10  0x7ffff6e15e7f in routine_executecplcomp
	at /gpfsm/dnb04/projects/p98/mpotts/esmf/gfortran_8.3.0_mpt_g_feature_named-alias/src/addon/NUOPC/src/NUOPC_Driver.F90:3512
#11  0x7ffff6e19b65 in __nuopc_driver_MOD_routine_run
	at /gpfsm/dnb04/projects/p98/mpotts/esmf/gfortran_8.3.0_mpt_g_feature_named-alias/src/addon/NUOPC/src/NUOPC_Driver.F90:3379
#10  0x7ffff6e15e7f in routine_executecplcomp
	at /gpfsm/dnb04/projects/p98/mpotts/esmf/gfortran_8.3.0_mpt_g_feature_named-alias/src/addon/NUOPC/src/NUOPC_Driver.F90:3512
#11  0x7ffff6e19b65 in __nuopc_driver_MOD_routine_run
	at /gpfsm/dnb04/projects/p98/mpotts/esmf/gfortran_8.3.0_mpt_g_feature_named-alias/src/addon/NUOPC/src/NUOPC_Driver.F90:3379
#12  0x7ffff5b478ae in _ZN5ESMCI6FTable12callVFuncPtrEPKcPNS_2VMEPi
	at /gpfsm/dnb04/projects/p98/mpotts/esmf/gfortran_8.3.0_mpt_g_feature_named-alias/src/Superstructure/Component/src/ESMCI_FTable.C:2167
#13  0x7ffff5b449fc in ESMCI_FTableCallEntryPointVMHop
	at /gpfsm/dnb04/projects/p98/mpotts/esmf/gfortran_8.3.0_mpt_g_feature_named-alias/src/Superstructure/Component/src/ESMCI_FTable.C:824
#14  0x7ffff5ed3c81 in _ZN5ESMCI3VMK5enterEPNS_7VMKPlanEPvS3_
	at /gpfsm/dnb04/projects/p98/mpotts/esmf/gfortran_8.3.0_mpt_g_feature_named-alias/src/Infrastructure/VM/src/ESMCI_VMKernel.C:2308
#15  0x7ffff5eec5e0 in _ZN5ESMCI2VM5enterEPNS_6VMPlanEPvS3_
	at /gpfsm/dnb04/projects/p98/mpotts/esmf/gfortran_8.3.0_mpt_g_feature_named-alias/src/Infrastructure/VM/src/ESMCI_VM.C:1216
#16  0x7ffff5b44e92 in c_esmc_ftablecallentrypointvm_
	at /gpfsm/dnb04/projects/p98/mpotts/esmf/gfortran_8.3.0_mpt_g_feature_named-alias/src/Superstructure/Component/src/ESMCI_FTable.C:981
#10  0x7ffff6e15e7f in routine_executecplcomp
	at /gpfsm/dnb04/projects/p98/mpotts/esmf/gfortran_8.3.0_mpt_g_feature_named-alias/src/addon/NUOPC/src/NUOPC_Driver.F90:3512
#11  0x7ffff6e19b65 in __nuopc_driver_MOD_routine_run
	at /gpfsm/dnb04/projects/p98/mpotts/esmf/gfortran_8.3.0_mpt_g_feature_named-alias/src/addon/NUOPC/src/NUOPC_Driver.F90:3379
#12  0x7ffff5b478ae in _ZN5ESMCI6FTable12callVFuncPtrEPKcPNS_2VMEPi
	at /gpfsm/dnb04/projects/p98/mpotts/esmf/gfortran_8.3.0_mpt_g_feature_named-alias/src/Superstructure/Component/src/ESMCI_FTable.C:2167
#13  0x7ffff5b449fc in ESMCI_FTableCallEntryPointVMHop
	at /gpfsm/dnb04/projects/p98/mpotts/esmf/gfortran_8.3.0_mpt_g_feature_named-alias/src/Superstructure/Component/src/ESMCI_FTable.C:824
#14  0x7ffff5ed3c81 in _ZN5ESMCI3VMK5enterEPNS_7VMKPlanEPvS3_
	at /gpfsm/dnb04/projects/p98/mpotts/esmf/gfortran_8.3.0_mpt_g_feature_named-alias/src/Infrastructure/VM/src/ESMCI_VMKernel.C:2308
#15  0x7ffff5eec5e0 in _ZN5ESMCI2VM5enterEPNS_6VMPlanEPvS3_
	at /gpfsm/dnb04/projects/p98/mpotts/esmf/gfortran_8.3.0_mpt_g_feature_named-alias/src/Infrastructure/VM/src/ESMCI_VM.C:1216
#16  0x7ffff5b44e92 in c_esmc_ftablecallentrypointvm_
	at /gpfsm/dnb04/projects/p98/mpotts/esmf/gfortran_8.3.0_mpt_g_feature_named-alias/src/Superstructure/Component/src/ESMCI_FTable.C:981
#17  0x7ffff62999a0 in __esmf_compmod_MOD_esmf_compexecute
	at /gpfsm/dnb04/projects/p98/mpotts/esmf/gfortran_8.3.0_mpt_g_feature_named-alias/src/Superstructure/Component/src/ESMF_Comp.F90:1224
#10  0x7ffff6e15e7f in routine_executecplcomp
#12  0x7ffff5b478ae in _ZN5ESMCI6FTable12callVFuncPtrEPKcPNS_2VMEPi
	at /gpfsm/dnb04/projects/p98/mpotts/esmf/gfortran_8.3.0_mpt_g_feature_named-alias/src/Superstructure/Component/src/ESMCI_FTable.C:2167
#13  0x7ffff5b449fc in ESMCI_FTableCallEntryPointVMHop
	at /gpfsm/dnb04/projects/p98/mpotts/esmf/gfortran_8.3.0_mpt_g_feature_named-alias/src/Superstructure/Component/src/ESMCI_FTable.C:824
#14  0x7ffff5ed3c81 in _ZN5ESMCI3VMK5enterEPNS_7VMKPlanEPvS3_
	at /gpfsm/dnb04/projects/p98/mpotts/esmf/gfortran_8.3.0_mpt_g_feature_named-alias/src/Infrastructure/VM/src/ESMCI_VMKernel.C:2308
#15  0x7ffff5eec5e0 in _ZN5ESMCI2VM5enterEPNS_6VMPlanEPvS3_
	at /gpfsm/dnb04/projects/p98/mpotts/esmf/gfortran_8.3.0_mpt_g_feature_named-alias/src/Infrastructure/VM/src/ESMCI_VM.C:1216
#16  0x7ffff5b44e92 in c_esmc_ftablecallentrypointvm_
	at /gpfsm/dnb04/projects/p98/mpotts/esmf/gfortran_8.3.0_mpt_g_feature_named-alias/src/Superstructure/Component/src/ESMCI_FTable.C:981
#17  0x7ffff62999a0 in __esmf_compmod_MOD_esmf_compexecute
	at /gpfsm/dnb04/projects/p98/mpotts/esmf/gfortran_8.3.0_mpt_g_feature_named-alias/src/Superstructure/Component/src/ESMF_Comp.F90:1224
#17  0x7ffff62999a0 in __esmf_compmod_MOD_esmf_compexecute
	at /gpfsm/dnb04/projects/p98/mpotts/esmf/gfortran_8.3.0_mpt_g_feature_named-alias/src/Superstructure/Component/src/ESMF_Comp.F90:1224
	at /gpfsm/dnb04/projects/p98/mpotts/esmf/gfortran_8.3.0_mpt_g_feature_named-alias/src/addon/NUOPC/src/NUOPC_Driver.F90:3512
#11  0x7ffff6e19b65 in __nuopc_driver_MOD_routine_run
	at /gpfsm/dnb04/projects/p98/mpotts/esmf/gfortran_8.3.0_mpt_g_feature_named-alias/src/addon/NUOPC/src/NUOPC_Driver.F90:3379
#12  0x7ffff5b478ae in _ZN5ESMCI6FTable12callVFuncPtrEPKcPNS_2VMEPi
	at /gpfsm/dnb04/projects/p98/mpotts/esmf/gfortran_8.3.0_mpt_g_feature_named-alias/src/Superstructure/Component/src/ESMCI_FTable.C:2167
#13  0x7ffff5b449fc in ESMCI_FTableCallEntryPointVMHop
	at /gpfsm/dnb04/projects/p98/mpotts/esmf/gfortran_8.3.0_mpt_g_feature_named-alias/src/Superstructure/Component/src/ESMCI_FTable.C:824
#14  0x7ffff5ed3c81 in _ZN5ESMCI3VMK5enterEPNS_7VMKPlanEPvS3_
	at /gpfsm/dnb04/projects/p98/mpotts/esmf/gfortran_8.3.0_mpt_g_feature_named-alias/src/Infrastructure/VM/src/ESMCI_VMKernel.C:2308
#15  0x7ffff5eec5e0 in _ZN5ESMCI2VM5enterEPNS_6VMPlanEPvS3_
	at /gpfsm/dnb04/projects/p98/mpotts/esmf/gfortran_8.3.0_mpt_g_feature_named-alias/src/Infrastructure/VM/src/ESMCI_VM.C:1216
#16  0x7ffff5b44e92 in c_esmc_ftablecallentrypointvm_
	at /gpfsm/dnb04/projects/p98/mpotts/esmf/gfortran_8.3.0_mpt_g_feature_named-alias/src/Superstructure/Component/src/ESMCI_FTable.C:981
#17  0x7ffff62999a0 in __esmf_compmod_MOD_esmf_compexecute
	at /gpfsm/dnb04/projects/p98/mpotts/esmf/gfortran_8.3.0_mpt_g_feature_named-alias/src/Superstructure/Component/src/ESMF_Comp.F90:1224
#18  0x7ffff66ff489 in __esmf_gridcompmod_MOD_esmf_gridcomprun
	at /gpfsm/dnb04/projects/p98/mpotts/esmf/gfortran_8.3.0_mpt_g_feature_named-alias/src/Superstructure/Component/src/ESMF_GridComp.F90:1899
#18  0x7ffff66ff489 in __esmf_gridcompmod_MOD_esmf_gridcomprun
	at /gpfsm/dnb04/projects/p98/mpotts/esmf/gfortran_8.3.0_mpt_g_feature_named-alias/src/Superstructure/Component/src/ESMF_GridComp.F90:1899
#18  0x7ffff66ff489 in __esmf_gridcompmod_MOD_esmf_gridcomprun
	at /gpfsm/dnb04/projects/p98/mpotts/esmf/gfortran_8.3.0_mpt_g_feature_named-alias/src/Superstructure/Component/src/ESMF_GridComp.F90:1899
#19  0x403f0d in esmf_nuopcatmmodelex
#19  0x403f0d in esmf_nuopcatmmodelex
	at /gpfsm/dnb04/projects/p98/mpotts/esmf/gfortran_8.3.0_mpt_g_feature_named-alias/src/addon/NUOPC/examples/ESMF_NUOPCAtmModelEx.F90:790
#20  0x40413b in main
	at /gpfsm/dnb04/projects/p98/mpotts/esmf/gfortran_8.3.0_mpt_g_feature_named-alias/src/addon/NUOPC/examples/ESMF_NUOPCAtmModelEx.F90:736
#19  0x403f0d in esmf_nuopcatmmodelex
	at /gpfsm/dnb04/projects/p98/mpotts/esmf/gfortran_8.3.0_mpt_g_feature_named-alias/src/addon/NUOPC/examples/ESMF_NUOPCAtmModelEx.F90:790
#20  0x40413b in main
	at /gpfsm/dnb04/projects/p98/mpotts/esmf/gfortran_8.3.0_mpt_g_feature_named-alias/src/addon/NUOPC/examples/ESMF_NUOPCAtmModelEx.F90:736
#18  0x7ffff66ff489 in __esmf_gridcompmod_MOD_esmf_gridcomprun
	at /gpfsm/dnb04/projects/p98/mpotts/esmf/gfortran_8.3.0_mpt_g_feature_named-alias/src/Superstructure/Component/src/ESMF_GridComp.F90:1899
#19  0x403f0d in esmf_nuopcatmmodelex
	at /gpfsm/dnb04/projects/p98/mpotts/esmf/gfortran_8.3.0_mpt_g_feature_named-alias/src/addon/NUOPC/examples/ESMF_NUOPCAtmModelEx.F90:790
#20  0x40413b in main
	at /gpfsm/dnb04/projects/p98/mpotts/esmf/gfortran_8.3.0_mpt_g_feature_named-alias/src/addon/NUOPC/examples/ESMF_NUOPCAtmModelEx.F90:736
	at /gpfsm/dnb04/projects/p98/mpotts/esmf/gfortran_8.3.0_mpt_g_feature_named-alias/src/addon/NUOPC/examples/ESMF_NUOPCAtmModelEx.F90:790
#20  0x40413b in main
	at /gpfsm/dnb04/projects/p98/mpotts/esmf/gfortran_8.3.0_mpt_g_feature_named-alias/src/addon/NUOPC/examples/ESMF_NUOPCAtmModelEx.F90:736
MPT ERROR: MPI_COMM_WORLD rank 1 has terminated without calling MPI_Finalize()
	aborting job
MPT: Received signal 11

