build time -- 2022-07-17 01:25:42.931909
20220717 014630.149 INFO             PET0 !!!!!!!!!!!!!!!!!!!!!!!!!!!!!!!!!!!!!!!!!!!!!!!!!!!!!!
20220717 014630.149 INFO             PET0 !!! THE ESMF_LOG IS SET TO OUTPUT ALL LOG MESSAGES !!!
20220717 014630.149 INFO             PET0 !!!     THIS MAY CAUSE SLOWDOWN IN PERFORMANCE     !!!
20220717 014630.149 INFO             PET0 !!! FOR PRODUCTION RUNS, USE:                      !!!
20220717 014630.149 INFO             PET0 !!!                   ESMF_LOGKIND_Multi_On_Error  !!!
20220717 014630.149 INFO             PET0 !!!!!!!!!!!!!!!!!!!!!!!!!!!!!!!!!!!!!!!!!!!!!!!!!!!!!!
20220717 014630.149 INFO             PET0 Running with ESMF Version   : v8.4.0b04-9-g4da4a8320a
20220717 014630.149 INFO             PET0 ESMF library build date/time: "Jul 17 2022" "01:21:35"
20220717 014630.149 INFO             PET0 ESMF library build location : /gpfsm/dnb04/projects/p98/mpotts/esmf/gfortran_8.3.0_mpt_g_feature_named-alias
20220717 014630.149 INFO             PET0 ESMF_COMM                   : mpt
20220717 014630.149 INFO             PET0 ESMF_MOAB                   : enabled
20220717 014630.149 INFO             PET0 ESMF_LAPACK                 : enabled
20220717 014630.149 INFO             PET0 ESMF_NETCDF                 : disabled
20220717 014630.149 INFO             PET0 ESMF_PNETCDF                : disabled
20220717 014630.149 INFO             PET0 ESMF_PIO                    : disabled
20220717 014630.149 INFO             PET0 ESMF_YAMLCPP                : enabled
20220717 014630.149 INFO             PET0 ESMF Tracing Enabled
20220717 014630.149 INFO             PET0 ESMF Profiling Enabled
20220717 014630.149 INFO             PET0 ESMF Trace/Profile clock: REALTIME
20220717 014630.238 INFO             PET0  NUMBER_OF_PROCESSORS           4
20220717 014630.238 INFO             PET0  PASS  Example ESMF_TraceEx, ESMF_TraceEx.F90, line 178
20220717 014630.238 INFO             PET0 Finalizing ESMF
20220717 014630.238 INFO             PET0 **************** Region Timings *******************
20220717 014630.238 INFO             PET0 Region              Count  Total (s)   Self (s)    Mean (s)    Min (s)     Max (s)
20220717 014630.239 INFO             PET0   [test] Init 1     1      0.0000      0.0000      0.0000      0.0000      0.0000
20220717 014630.239 INFO             PET0   [test] Run 1      5      0.0000      0.0000      0.0000      0.0000      0.0000
20220717 014630.239 INFO             PET0   [test] Final 1    1      0.0000      0.0000      0.0000      0.0000      0.0000
20220717 014630.148 INFO             PET1 !!!!!!!!!!!!!!!!!!!!!!!!!!!!!!!!!!!!!!!!!!!!!!!!!!!!!!
20220717 014630.148 INFO             PET1 !!! THE ESMF_LOG IS SET TO OUTPUT ALL LOG MESSAGES !!!
20220717 014630.148 INFO             PET1 !!!     THIS MAY CAUSE SLOWDOWN IN PERFORMANCE     !!!
20220717 014630.148 INFO             PET1 !!! FOR PRODUCTION RUNS, USE:                      !!!
20220717 014630.148 INFO             PET1 !!!                   ESMF_LOGKIND_Multi_On_Error  !!!
20220717 014630.148 INFO             PET1 !!!!!!!!!!!!!!!!!!!!!!!!!!!!!!!!!!!!!!!!!!!!!!!!!!!!!!
20220717 014630.148 INFO             PET1 Running with ESMF Version   : v8.4.0b04-9-g4da4a8320a
20220717 014630.148 INFO             PET1 ESMF library build date/time: "Jul 17 2022" "01:21:35"
20220717 014630.148 INFO             PET1 ESMF library build location : /gpfsm/dnb04/projects/p98/mpotts/esmf/gfortran_8.3.0_mpt_g_feature_named-alias
20220717 014630.148 INFO             PET1 ESMF_COMM                   : mpt
20220717 014630.149 INFO             PET1 ESMF_MOAB                   : enabled
20220717 014630.149 INFO             PET1 ESMF_LAPACK                 : enabled
20220717 014630.149 INFO             PET1 ESMF_NETCDF                 : disabled
20220717 014630.149 INFO             PET1 ESMF_PNETCDF                : disabled
20220717 014630.149 INFO             PET1 ESMF_PIO                    : disabled
20220717 014630.149 INFO             PET1 ESMF_YAMLCPP                : enabled
20220717 014630.149 INFO             PET1 ESMF Tracing Enabled
20220717 014630.149 INFO             PET1 ESMF Profiling Enabled
20220717 014630.149 INFO             PET1 ESMF Trace/Profile clock: REALTIME
20220717 014630.238 INFO             PET1  NUMBER_OF_PROCESSORS           4
20220717 014630.238 INFO             PET1  PASS  Example ESMF_TraceEx, ESMF_TraceEx.F90, line 178
20220717 014630.238 INFO             PET1 Finalizing ESMF
20220717 014630.238 INFO             PET1 **************** Region Timings *******************
20220717 014630.238 INFO             PET1 Region              Count  Total (s)   Self (s)    Mean (s)    Min (s)     Max (s)
20220717 014630.239 INFO             PET1   [test] Init 1     1      0.0000      0.0000      0.0000      0.0000      0.0000
20220717 014630.239 INFO             PET1   [test] Run 1      5      0.0000      0.0000      0.0000      0.0000      0.0000
20220717 014630.239 INFO             PET1   [test] Final 1    1      0.0000      0.0000      0.0000      0.0000      0.0000
20220717 014630.149 INFO             PET2 !!!!!!!!!!!!!!!!!!!!!!!!!!!!!!!!!!!!!!!!!!!!!!!!!!!!!!
20220717 014630.149 INFO             PET2 !!! THE ESMF_LOG IS SET TO OUTPUT ALL LOG MESSAGES !!!
20220717 014630.149 INFO             PET2 !!!     THIS MAY CAUSE SLOWDOWN IN PERFORMANCE     !!!
20220717 014630.149 INFO             PET2 !!! FOR PRODUCTION RUNS, USE:                      !!!
20220717 014630.149 INFO             PET2 !!!                   ESMF_LOGKIND_Multi_On_Error  !!!
20220717 014630.149 INFO             PET2 !!!!!!!!!!!!!!!!!!!!!!!!!!!!!!!!!!!!!!!!!!!!!!!!!!!!!!
20220717 014630.149 INFO             PET2 Running with ESMF Version   : v8.4.0b04-9-g4da4a8320a
20220717 014630.149 INFO             PET2 ESMF library build date/time: "Jul 17 2022" "01:21:35"
20220717 014630.149 INFO             PET2 ESMF library build location : /gpfsm/dnb04/projects/p98/mpotts/esmf/gfortran_8.3.0_mpt_g_feature_named-alias
20220717 014630.149 INFO             PET2 ESMF_COMM                   : mpt
20220717 014630.149 INFO             PET2 ESMF_MOAB                   : enabled
20220717 014630.149 INFO             PET2 ESMF_LAPACK                 : enabled
20220717 014630.149 INFO             PET2 ESMF_NETCDF                 : disabled
20220717 014630.149 INFO             PET2 ESMF_PNETCDF                : disabled
20220717 014630.149 INFO             PET2 ESMF_PIO                    : disabled
20220717 014630.149 INFO             PET2 ESMF_YAMLCPP                : enabled
20220717 014630.149 INFO             PET2 ESMF Tracing Enabled
20220717 014630.149 INFO             PET2 ESMF Profiling Enabled
20220717 014630.149 INFO             PET2 ESMF Trace/Profile clock: REALTIME
20220717 014630.238 INFO             PET2  NUMBER_OF_PROCESSORS           4
20220717 014630.238 INFO             PET2  PASS  Example ESMF_TraceEx, ESMF_TraceEx.F90, line 178
20220717 014630.238 INFO             PET2 Finalizing ESMF
20220717 014630.238 INFO             PET2 **************** Region Timings *******************
20220717 014630.238 INFO             PET2 Region              Count  Total (s)   Self (s)    Mean (s)    Min (s)     Max (s)
20220717 014630.239 INFO             PET2   [test] Init 1     1      0.0000      0.0000      0.0000      0.0000      0.0000
20220717 014630.239 INFO             PET2   [test] Run 1      5      0.0000      0.0000      0.0000      0.0000      0.0000
20220717 014630.239 INFO             PET2   [test] Final 1    1      0.0000      0.0000      0.0000      0.0000      0.0000
20220717 014630.149 INFO             PET3 !!!!!!!!!!!!!!!!!!!!!!!!!!!!!!!!!!!!!!!!!!!!!!!!!!!!!!
20220717 014630.149 INFO             PET3 !!! THE ESMF_LOG IS SET TO OUTPUT ALL LOG MESSAGES !!!
20220717 014630.149 INFO             PET3 !!!     THIS MAY CAUSE SLOWDOWN IN PERFORMANCE     !!!
20220717 014630.149 INFO             PET3 !!! FOR PRODUCTION RUNS, USE:                      !!!
20220717 014630.149 INFO             PET3 !!!                   ESMF_LOGKIND_Multi_On_Error  !!!
20220717 014630.149 INFO             PET3 !!!!!!!!!!!!!!!!!!!!!!!!!!!!!!!!!!!!!!!!!!!!!!!!!!!!!!
20220717 014630.149 INFO             PET3 Running with ESMF Version   : v8.4.0b04-9-g4da4a8320a
20220717 014630.149 INFO             PET3 ESMF library build date/time: "Jul 17 2022" "01:21:35"
20220717 014630.149 INFO             PET3 ESMF library build location : /gpfsm/dnb04/projects/p98/mpotts/esmf/gfortran_8.3.0_mpt_g_feature_named-alias
20220717 014630.149 INFO             PET3 ESMF_COMM                   : mpt
20220717 014630.149 INFO             PET3 ESMF_MOAB                   : enabled
20220717 014630.149 INFO             PET3 ESMF_LAPACK                 : enabled
20220717 014630.149 INFO             PET3 ESMF_NETCDF                 : disabled
20220717 014630.149 INFO             PET3 ESMF_PNETCDF                : disabled
20220717 014630.149 INFO             PET3 ESMF_PIO                    : disabled
20220717 014630.149 INFO             PET3 ESMF_YAMLCPP                : enabled
20220717 014630.149 INFO             PET3 ESMF Tracing Enabled
20220717 014630.149 INFO             PET3 ESMF Profiling Enabled
20220717 014630.149 INFO             PET3 ESMF Trace/Profile clock: REALTIME
20220717 014630.238 INFO             PET3  NUMBER_OF_PROCESSORS           4
20220717 014630.238 INFO             PET3  PASS  Example ESMF_TraceEx, ESMF_TraceEx.F90, line 178
20220717 014630.238 INFO             PET3 Finalizing ESMF
20220717 014630.238 INFO             PET3 **************** Region Timings *******************
20220717 014630.238 INFO             PET3 Region              Count  Total (s)   Self (s)    Mean (s)    Min (s)     Max (s)
20220717 014630.239 INFO             PET3   [test] Init 1     1      0.0000      0.0000      0.0000      0.0000      0.0000
20220717 014630.239 INFO             PET3   [test] Run 1      5      0.0000      0.0000      0.0000      0.0000      0.0000
20220717 014630.239 INFO             PET3   [test] Final 1    1      0.0000      0.0000      0.0000      0.0000      0.0000
