build time -- 2022-06-18 02:25:41.022557
20220618 030404.795 INFO             PET0 !!!!!!!!!!!!!!!!!!!!!!!!!!!!!!!!!!!!!!!!!!!!!!!!!!!!!!
20220618 030404.795 INFO             PET0 !!! THE ESMF_LOG IS SET TO OUTPUT ALL LOG MESSAGES !!!
20220618 030404.795 INFO             PET0 !!!     THIS MAY CAUSE SLOWDOWN IN PERFORMANCE     !!!
20220618 030404.795 INFO             PET0 !!! FOR PRODUCTION RUNS, USE:                      !!!
20220618 030404.795 INFO             PET0 !!!                   ESMF_LOGKIND_Multi_On_Error  !!!
20220618 030404.796 INFO             PET0 !!!!!!!!!!!!!!!!!!!!!!!!!!!!!!!!!!!!!!!!!!!!!!!!!!!!!!
20220618 030404.796 INFO             PET0 Running with ESMF Version   : v8.4.0b01-2-gf0d4ab211d
20220618 030404.796 INFO             PET0 ESMF library build date/time: "Jun 18 2022" "02:22:23"
20220618 030404.796 INFO             PET0 ESMF library build location : /glade/scratch/dunlap/esmf-testing/gfortran_9.1.0_openmpi_g_develop
20220618 030404.796 INFO             PET0 ESMF_COMM                   : openmpi
20220618 030404.796 INFO             PET0 ESMF_MOAB                   : enabled
20220618 030404.796 INFO             PET0 ESMF_LAPACK                 : enabled
20220618 030404.796 INFO             PET0 ESMF_NETCDF                 : enabled
20220618 030404.796 INFO             PET0 ESMF_PNETCDF                : disabled
20220618 030404.796 INFO             PET0 ESMF_PIO                    : enabled
20220618 030404.796 INFO             PET0 ESMF_YAMLCPP                : enabled
20220618 030404.802 INFO             PET0  NUMBER_OF_PROCESSORS           1
20220618 030404.802 INFO             PET0  PASS  Example ESMF_XGridSparseMatEx, ESMF_XGridSparseMatEx.F90, line 642
20220618 030404.802 INFO             PET0 Finalizing ESMF
