build time -- 2022-07-13 02:30:07.579435
20220713 030716.062 INFO             PET0 !!!!!!!!!!!!!!!!!!!!!!!!!!!!!!!!!!!!!!!!!!!!!!!!!!!!!!
20220713 030716.063 INFO             PET0 !!! THE ESMF_LOG IS SET TO OUTPUT ALL LOG MESSAGES !!!
20220713 030716.063 INFO             PET0 !!!     THIS MAY CAUSE SLOWDOWN IN PERFORMANCE     !!!
20220713 030716.063 INFO             PET0 !!! FOR PRODUCTION RUNS, USE:                      !!!
20220713 030716.063 INFO             PET0 !!!                   ESMF_LOGKIND_Multi_On_Error  !!!
20220713 030716.063 INFO             PET0 !!!!!!!!!!!!!!!!!!!!!!!!!!!!!!!!!!!!!!!!!!!!!!!!!!!!!!
20220713 030716.063 INFO             PET0 Running with ESMF Version   : v8.4.0b03-3-g14a79d558f
20220713 030716.063 INFO             PET0 ESMF library build date/time: "Jul 13 2022" "02:27:00"
20220713 030716.063 INFO             PET0 ESMF library build location : /glade/scratch/dunlap/esmf-testing/gfortran_9.1.0_openmpi_g_develop
20220713 030716.063 INFO             PET0 ESMF_COMM                   : openmpi
20220713 030716.063 INFO             PET0 ESMF_MOAB                   : enabled
20220713 030716.063 INFO             PET0 ESMF_LAPACK                 : enabled
20220713 030716.063 INFO             PET0 ESMF_NETCDF                 : enabled
20220713 030716.063 INFO             PET0 ESMF_PNETCDF                : disabled
20220713 030716.063 INFO             PET0 ESMF_PIO                    : enabled
20220713 030716.063 INFO             PET0 ESMF_YAMLCPP                : enabled
20220713 030716.187 DEBUG            PET0 about to destroy Grid: 0x1bb6330
20220713 030716.202 DEBUG            PET0 about to destroy Grid: 0x1bb7dd0
20220713 030716.240 INFO             PET0  NUMBER_OF_PROCESSORS           4
20220713 030716.240 INFO             PET0  PASS  Example ESMF_NUOPCAtmModelEx, ESMF_NUOPCAtmModelEx.F90, line 806
20220713 030716.240 INFO             PET0 Finalizing ESMF
20220713 030716.063 INFO             PET1 !!!!!!!!!!!!!!!!!!!!!!!!!!!!!!!!!!!!!!!!!!!!!!!!!!!!!!
20220713 030716.063 INFO             PET1 !!! THE ESMF_LOG IS SET TO OUTPUT ALL LOG MESSAGES !!!
20220713 030716.063 INFO             PET1 !!!     THIS MAY CAUSE SLOWDOWN IN PERFORMANCE     !!!
20220713 030716.063 INFO             PET1 !!! FOR PRODUCTION RUNS, USE:                      !!!
20220713 030716.063 INFO             PET1 !!!                   ESMF_LOGKIND_Multi_On_Error  !!!
20220713 030716.063 INFO             PET1 !!!!!!!!!!!!!!!!!!!!!!!!!!!!!!!!!!!!!!!!!!!!!!!!!!!!!!
20220713 030716.063 INFO             PET1 Running with ESMF Version   : v8.4.0b03-3-g14a79d558f
20220713 030716.063 INFO             PET1 ESMF library build date/time: "Jul 13 2022" "02:27:00"
20220713 030716.063 INFO             PET1 ESMF library build location : /glade/scratch/dunlap/esmf-testing/gfortran_9.1.0_openmpi_g_develop
20220713 030716.063 INFO             PET1 ESMF_COMM                   : openmpi
20220713 030716.063 INFO             PET1 ESMF_MOAB                   : enabled
20220713 030716.063 INFO             PET1 ESMF_LAPACK                 : enabled
20220713 030716.063 INFO             PET1 ESMF_NETCDF                 : enabled
20220713 030716.063 INFO             PET1 ESMF_PNETCDF                : disabled
20220713 030716.063 INFO             PET1 ESMF_PIO                    : enabled
20220713 030716.063 INFO             PET1 ESMF_YAMLCPP                : enabled
20220713 030716.187 DEBUG            PET1 about to destroy Grid: 0xf9f2d0
20220713 030716.202 DEBUG            PET1 about to destroy Grid: 0xfa0380
20220713 030716.240 INFO             PET1  NUMBER_OF_PROCESSORS           4
20220713 030716.240 INFO             PET1  PASS  Example ESMF_NUOPCAtmModelEx, ESMF_NUOPCAtmModelEx.F90, line 806
20220713 030716.240 INFO             PET1 Finalizing ESMF
20220713 030716.064 INFO             PET2 !!!!!!!!!!!!!!!!!!!!!!!!!!!!!!!!!!!!!!!!!!!!!!!!!!!!!!
20220713 030716.064 INFO             PET2 !!! THE ESMF_LOG IS SET TO OUTPUT ALL LOG MESSAGES !!!
20220713 030716.064 INFO             PET2 !!!     THIS MAY CAUSE SLOWDOWN IN PERFORMANCE     !!!
20220713 030716.064 INFO             PET2 !!! FOR PRODUCTION RUNS, USE:                      !!!
20220713 030716.064 INFO             PET2 !!!                   ESMF_LOGKIND_Multi_On_Error  !!!
20220713 030716.064 INFO             PET2 !!!!!!!!!!!!!!!!!!!!!!!!!!!!!!!!!!!!!!!!!!!!!!!!!!!!!!
20220713 030716.064 INFO             PET2 Running with ESMF Version   : v8.4.0b03-3-g14a79d558f
20220713 030716.064 INFO             PET2 ESMF library build date/time: "Jul 13 2022" "02:27:00"
20220713 030716.064 INFO             PET2 ESMF library build location : /glade/scratch/dunlap/esmf-testing/gfortran_9.1.0_openmpi_g_develop
20220713 030716.064 INFO             PET2 ESMF_COMM                   : openmpi
20220713 030716.064 INFO             PET2 ESMF_MOAB                   : enabled
20220713 030716.064 INFO             PET2 ESMF_LAPACK                 : enabled
20220713 030716.064 INFO             PET2 ESMF_NETCDF                 : enabled
20220713 030716.064 INFO             PET2 ESMF_PNETCDF                : disabled
20220713 030716.064 INFO             PET2 ESMF_PIO                    : enabled
20220713 030716.064 INFO             PET2 ESMF_YAMLCPP                : enabled
20220713 030716.187 DEBUG            PET2 about to destroy Grid: 0x15267b0
20220713 030716.202 DEBUG            PET2 about to destroy Grid: 0x1527820
20220713 030716.240 INFO             PET2  NUMBER_OF_PROCESSORS           4
20220713 030716.240 INFO             PET2  PASS  Example ESMF_NUOPCAtmModelEx, ESMF_NUOPCAtmModelEx.F90, line 806
20220713 030716.240 INFO             PET2 Finalizing ESMF
20220713 030716.063 INFO             PET3 !!!!!!!!!!!!!!!!!!!!!!!!!!!!!!!!!!!!!!!!!!!!!!!!!!!!!!
20220713 030716.063 INFO             PET3 !!! THE ESMF_LOG IS SET TO OUTPUT ALL LOG MESSAGES !!!
20220713 030716.063 INFO             PET3 !!!     THIS MAY CAUSE SLOWDOWN IN PERFORMANCE     !!!
20220713 030716.063 INFO             PET3 !!! FOR PRODUCTION RUNS, USE:                      !!!
20220713 030716.063 INFO             PET3 !!!                   ESMF_LOGKIND_Multi_On_Error  !!!
20220713 030716.063 INFO             PET3 !!!!!!!!!!!!!!!!!!!!!!!!!!!!!!!!!!!!!!!!!!!!!!!!!!!!!!
20220713 030716.063 INFO             PET3 Running with ESMF Version   : v8.4.0b03-3-g14a79d558f
20220713 030716.063 INFO             PET3 ESMF library build date/time: "Jul 13 2022" "02:27:00"
20220713 030716.063 INFO             PET3 ESMF library build location : /glade/scratch/dunlap/esmf-testing/gfortran_9.1.0_openmpi_g_develop
20220713 030716.063 INFO             PET3 ESMF_COMM                   : openmpi
20220713 030716.064 INFO             PET3 ESMF_MOAB                   : enabled
20220713 030716.064 INFO             PET3 ESMF_LAPACK                 : enabled
20220713 030716.064 INFO             PET3 ESMF_NETCDF                 : enabled
20220713 030716.064 INFO             PET3 ESMF_PNETCDF                : disabled
20220713 030716.064 INFO             PET3 ESMF_PIO                    : enabled
20220713 030716.064 INFO             PET3 ESMF_YAMLCPP                : enabled
20220713 030716.187 DEBUG            PET3 about to destroy Grid: 0x1e8f300
20220713 030716.202 DEBUG            PET3 about to destroy Grid: 0x1e8cfe0
20220713 030716.241 INFO             PET3  NUMBER_OF_PROCESSORS           4
20220713 030716.241 INFO             PET3  PASS  Example ESMF_NUOPCAtmModelEx, ESMF_NUOPCAtmModelEx.F90, line 806
20220713 030716.241 INFO             PET3 Finalizing ESMF
