build time -- 2022-07-17 02:04:39.057334
20220717 021709.661 INFO             PET0 !!!!!!!!!!!!!!!!!!!!!!!!!!!!!!!!!!!!!!!!!!!!!!!!!!!!!!
20220717 021709.661 INFO             PET0 !!! THE ESMF_LOG IS SET TO OUTPUT ALL LOG MESSAGES !!!
20220717 021709.661 INFO             PET0 !!!     THIS MAY CAUSE SLOWDOWN IN PERFORMANCE     !!!
20220717 021709.661 INFO             PET0 !!! FOR PRODUCTION RUNS, USE:                      !!!
20220717 021709.661 INFO             PET0 !!!                   ESMF_LOGKIND_Multi_On_Error  !!!
20220717 021709.661 INFO             PET0 !!!!!!!!!!!!!!!!!!!!!!!!!!!!!!!!!!!!!!!!!!!!!!!!!!!!!!
20220717 021709.661 INFO             PET0 Running with ESMF Version   : v8.4.0b04-9-g4da4a8320a
20220717 021709.661 INFO             PET0 ESMF library build date/time: "Jul 17 2022" "02:03:53"
20220717 021709.661 INFO             PET0 ESMF library build location : /home/mpotts/gfortran_9.3.0_openmpi_O_feature_named-alias
20220717 021709.661 INFO             PET0 ESMF_COMM                   : openmpi
20220717 021709.661 INFO             PET0 ESMF_MOAB                   : enabled
20220717 021709.661 INFO             PET0 ESMF_LAPACK                 : enabled
20220717 021709.661 INFO             PET0 ESMF_NETCDF                 : enabled
20220717 021709.661 INFO             PET0 ESMF_PNETCDF                : disabled
20220717 021709.661 INFO             PET0 ESMF_PIO                    : enabled
20220717 021709.661 INFO             PET0 ESMF_YAMLCPP                : enabled
20220717 021709.661 INFO             PET0  NUMBER_OF_PROCESSORS           1
20220717 021709.661 INFO             PET0  PASS  Example ESMF_ClockEx, ESMF_ClockEx.F90, line 220
20220717 021709.661 INFO             PET0 Finalizing ESMF
