build time -- 2022-07-16 02:05:09.398423
20220716 021851.181 INFO             PET0 !!!!!!!!!!!!!!!!!!!!!!!!!!!!!!!!!!!!!!!!!!!!!!!!!!!!!!
20220716 021851.181 INFO             PET0 !!! THE ESMF_LOG IS SET TO OUTPUT ALL LOG MESSAGES !!!
20220716 021851.181 INFO             PET0 !!!     THIS MAY CAUSE SLOWDOWN IN PERFORMANCE     !!!
20220716 021851.181 INFO             PET0 !!! FOR PRODUCTION RUNS, USE:                      !!!
20220716 021851.181 INFO             PET0 !!!                   ESMF_LOGKIND_Multi_On_Error  !!!
20220716 021851.181 INFO             PET0 !!!!!!!!!!!!!!!!!!!!!!!!!!!!!!!!!!!!!!!!!!!!!!!!!!!!!!
20220716 021851.181 INFO             PET0 Running with ESMF Version   : v8.4.0b04-8-g9865973e1f
20220716 021851.181 INFO             PET0 ESMF library build date/time: "Jul 16 2022" "02:04:24"
20220716 021851.181 INFO             PET0 ESMF library build location : /home/mpotts/gfortran_9.3.0_openmpi_O_feature_named-alias
20220716 021851.181 INFO             PET0 ESMF_COMM                   : openmpi
20220716 021851.181 INFO             PET0 ESMF_MOAB                   : enabled
20220716 021851.181 INFO             PET0 ESMF_LAPACK                 : enabled
20220716 021851.181 INFO             PET0 ESMF_NETCDF                 : enabled
20220716 021851.181 INFO             PET0 ESMF_PNETCDF                : disabled
20220716 021851.181 INFO             PET0 ESMF_PIO                    : enabled
20220716 021851.181 INFO             PET0 ESMF_YAMLCPP                : enabled
20220716 021851.206 DEBUG            PET0 about to destroy Grid: 0x1af5400
20220716 021851.208 DEBUG            PET0 about to destroy Grid: 0x1af7460
20220716 021851.213 INFO             PET0  NUMBER_OF_PROCESSORS           4
20220716 021851.213 INFO             PET0  PASS  Example ESMF_NUOPCAtmModelEx, ESMF_NUOPCAtmModelEx.F90, line 806
20220716 021851.213 INFO             PET0 Finalizing ESMF
20220716 021851.181 INFO             PET1 !!!!!!!!!!!!!!!!!!!!!!!!!!!!!!!!!!!!!!!!!!!!!!!!!!!!!!
20220716 021851.181 INFO             PET1 !!! THE ESMF_LOG IS SET TO OUTPUT ALL LOG MESSAGES !!!
20220716 021851.181 INFO             PET1 !!!     THIS MAY CAUSE SLOWDOWN IN PERFORMANCE     !!!
20220716 021851.181 INFO             PET1 !!! FOR PRODUCTION RUNS, USE:                      !!!
20220716 021851.181 INFO             PET1 !!!                   ESMF_LOGKIND_Multi_On_Error  !!!
20220716 021851.181 INFO             PET1 !!!!!!!!!!!!!!!!!!!!!!!!!!!!!!!!!!!!!!!!!!!!!!!!!!!!!!
20220716 021851.181 INFO             PET1 Running with ESMF Version   : v8.4.0b04-8-g9865973e1f
20220716 021851.181 INFO             PET1 ESMF library build date/time: "Jul 16 2022" "02:04:24"
20220716 021851.181 INFO             PET1 ESMF library build location : /home/mpotts/gfortran_9.3.0_openmpi_O_feature_named-alias
20220716 021851.181 INFO             PET1 ESMF_COMM                   : openmpi
20220716 021851.181 INFO             PET1 ESMF_MOAB                   : enabled
20220716 021851.181 INFO             PET1 ESMF_LAPACK                 : enabled
20220716 021851.181 INFO             PET1 ESMF_NETCDF                 : enabled
20220716 021851.181 INFO             PET1 ESMF_PNETCDF                : disabled
20220716 021851.181 INFO             PET1 ESMF_PIO                    : enabled
20220716 021851.181 INFO             PET1 ESMF_YAMLCPP                : enabled
20220716 021851.206 DEBUG            PET1 about to destroy Grid: 0x1061620
20220716 021851.208 DEBUG            PET1 about to destroy Grid: 0x1063510
20220716 021851.213 INFO             PET1  NUMBER_OF_PROCESSORS           4
20220716 021851.213 INFO             PET1  PASS  Example ESMF_NUOPCAtmModelEx, ESMF_NUOPCAtmModelEx.F90, line 806
20220716 021851.213 INFO             PET1 Finalizing ESMF
20220716 021851.181 INFO             PET2 !!!!!!!!!!!!!!!!!!!!!!!!!!!!!!!!!!!!!!!!!!!!!!!!!!!!!!
20220716 021851.181 INFO             PET2 !!! THE ESMF_LOG IS SET TO OUTPUT ALL LOG MESSAGES !!!
20220716 021851.181 INFO             PET2 !!!     THIS MAY CAUSE SLOWDOWN IN PERFORMANCE     !!!
20220716 021851.181 INFO             PET2 !!! FOR PRODUCTION RUNS, USE:                      !!!
20220716 021851.181 INFO             PET2 !!!                   ESMF_LOGKIND_Multi_On_Error  !!!
20220716 021851.181 INFO             PET2 !!!!!!!!!!!!!!!!!!!!!!!!!!!!!!!!!!!!!!!!!!!!!!!!!!!!!!
20220716 021851.181 INFO             PET2 Running with ESMF Version   : v8.4.0b04-8-g9865973e1f
20220716 021851.181 INFO             PET2 ESMF library build date/time: "Jul 16 2022" "02:04:24"
20220716 021851.181 INFO             PET2 ESMF library build location : /home/mpotts/gfortran_9.3.0_openmpi_O_feature_named-alias
20220716 021851.181 INFO             PET2 ESMF_COMM                   : openmpi
20220716 021851.181 INFO             PET2 ESMF_MOAB                   : enabled
20220716 021851.181 INFO             PET2 ESMF_LAPACK                 : enabled
20220716 021851.181 INFO             PET2 ESMF_NETCDF                 : enabled
20220716 021851.181 INFO             PET2 ESMF_PNETCDF                : disabled
20220716 021851.181 INFO             PET2 ESMF_PIO                    : enabled
20220716 021851.181 INFO             PET2 ESMF_YAMLCPP                : enabled
20220716 021851.206 DEBUG            PET2 about to destroy Grid: 0x11bc530
20220716 021851.208 DEBUG            PET2 about to destroy Grid: 0x11be460
20220716 021851.213 INFO             PET2  NUMBER_OF_PROCESSORS           4
20220716 021851.213 INFO             PET2  PASS  Example ESMF_NUOPCAtmModelEx, ESMF_NUOPCAtmModelEx.F90, line 806
20220716 021851.213 INFO             PET2 Finalizing ESMF
20220716 021851.181 INFO             PET3 !!!!!!!!!!!!!!!!!!!!!!!!!!!!!!!!!!!!!!!!!!!!!!!!!!!!!!
20220716 021851.181 INFO             PET3 !!! THE ESMF_LOG IS SET TO OUTPUT ALL LOG MESSAGES !!!
20220716 021851.181 INFO             PET3 !!!     THIS MAY CAUSE SLOWDOWN IN PERFORMANCE     !!!
20220716 021851.181 INFO             PET3 !!! FOR PRODUCTION RUNS, USE:                      !!!
20220716 021851.181 INFO             PET3 !!!                   ESMF_LOGKIND_Multi_On_Error  !!!
20220716 021851.181 INFO             PET3 !!!!!!!!!!!!!!!!!!!!!!!!!!!!!!!!!!!!!!!!!!!!!!!!!!!!!!
20220716 021851.181 INFO             PET3 Running with ESMF Version   : v8.4.0b04-8-g9865973e1f
20220716 021851.181 INFO             PET3 ESMF library build date/time: "Jul 16 2022" "02:04:24"
20220716 021851.181 INFO             PET3 ESMF library build location : /home/mpotts/gfortran_9.3.0_openmpi_O_feature_named-alias
20220716 021851.181 INFO             PET3 ESMF_COMM                   : openmpi
20220716 021851.181 INFO             PET3 ESMF_MOAB                   : enabled
20220716 021851.181 INFO             PET3 ESMF_LAPACK                 : enabled
20220716 021851.181 INFO             PET3 ESMF_NETCDF                 : enabled
20220716 021851.181 INFO             PET3 ESMF_PNETCDF                : disabled
20220716 021851.181 INFO             PET3 ESMF_PIO                    : enabled
20220716 021851.181 INFO             PET3 ESMF_YAMLCPP                : enabled
20220716 021851.206 DEBUG            PET3 about to destroy Grid: 0x16a6ec0
20220716 021851.208 DEBUG            PET3 about to destroy Grid: 0x16a8c50
20220716 021851.213 INFO             PET3  NUMBER_OF_PROCESSORS           4
20220716 021851.213 INFO             PET3  PASS  Example ESMF_NUOPCAtmModelEx, ESMF_NUOPCAtmModelEx.F90, line 806
20220716 021851.213 INFO             PET3 Finalizing ESMF
