build time -- 2022-06-17 02:32:37
20220617 025742.336 INFO             PET0 !!!!!!!!!!!!!!!!!!!!!!!!!!!!!!!!!!!!!!!!!!!!!!!!!!!!!!
20220617 025742.336 INFO             PET0 !!! THE ESMF_LOG IS SET TO OUTPUT ALL LOG MESSAGES !!!
20220617 025742.336 INFO             PET0 !!!     THIS MAY CAUSE SLOWDOWN IN PERFORMANCE     !!!
20220617 025742.336 INFO             PET0 !!! FOR PRODUCTION RUNS, USE:                      !!!
20220617 025742.336 INFO             PET0 !!!                   ESMF_LOGKIND_Multi_On_Error  !!!
20220617 025742.336 INFO             PET0 !!!!!!!!!!!!!!!!!!!!!!!!!!!!!!!!!!!!!!!!!!!!!!!!!!!!!!
20220617 025742.336 INFO             PET0 Running with ESMF Version   : v8.4.0b01-2-gf0d4ab2
20220617 025742.336 INFO             PET0 ESMF library build date/time: "Jun 17 2022" "02:31:27"
20220617 025742.336 INFO             PET0 ESMF library build location : /work/noaa/da/mpotts/sandbox/gfortran_8.3.0_mpiuni_g_develop
20220617 025742.336 INFO             PET0 ESMF_COMM                   : mpiuni
20220617 025742.337 INFO             PET0 ESMF_MOAB                   : enabled
20220617 025742.337 INFO             PET0 ESMF_LAPACK                 : enabled
20220617 025742.337 INFO             PET0 ESMF_NETCDF                 : enabled
20220617 025742.337 INFO             PET0 ESMF_PNETCDF                : disabled
20220617 025742.337 INFO             PET0 ESMF_PIO                    : disabled
20220617 025742.337 INFO             PET0 ESMF_YAMLCPP                : enabled
20220617 025742.337 INFO             PET0 ESMF Tracing Enabled
20220617 025742.337 INFO             PET0 ESMF Profiling Enabled
20220617 025742.337 INFO             PET0 ESMF Trace/Profile clock: REALTIME
20220617 025742.339 INFO             PET0  NUMBER_OF_PROCESSORS           1
20220617 025742.339 INFO             PET0  PASS  Example ESMF_TraceUserEx, ESMF_TraceUserEx.F90, line 125
20220617 025742.339 INFO             PET0 Finalizing ESMF
20220617 025742.339 INFO             PET0 **************** Region Timings *******************
20220617 025742.339 INFO             PET0 Region              Count  Total (s)   Self (s)    Mean (s)    Min (s)     Max (s)
20220617 025742.339 INFO             PET0   outer_region      1      0.0004      0.0000      0.0004      0.0004      0.0004
20220617 025742.339 INFO             PET0     inner_region_1  10     0.0002      0.0002      0.0000      0.0000      0.0000
20220617 025742.339 INFO             PET0     inner_region_2  10     0.0001      0.0001      0.0000      0.0000      0.0000
