build time -- 2022-06-23 02:33:17
20220623 030005.440 INFO             PET0 !!!!!!!!!!!!!!!!!!!!!!!!!!!!!!!!!!!!!!!!!!!!!!!!!!!!!!
20220623 030005.440 INFO             PET0 !!! THE ESMF_LOG IS SET TO OUTPUT ALL LOG MESSAGES !!!
20220623 030005.440 INFO             PET0 !!!     THIS MAY CAUSE SLOWDOWN IN PERFORMANCE     !!!
20220623 030005.440 INFO             PET0 !!! FOR PRODUCTION RUNS, USE:                      !!!
20220623 030005.440 INFO             PET0 !!!                   ESMF_LOGKIND_Multi_On_Error  !!!
20220623 030005.440 INFO             PET0 !!!!!!!!!!!!!!!!!!!!!!!!!!!!!!!!!!!!!!!!!!!!!!!!!!!!!!
20220623 030005.440 INFO             PET0 Running with ESMF Version   : v8.4.0b01-2-gf0d4ab2
20220623 030005.440 INFO             PET0 ESMF library build date/time: "Jun 23 2022" "02:32:06"
20220623 030005.440 INFO             PET0 ESMF library build location : /work/noaa/da/mpotts/sandbox/gfortran_8.3.0_mpiuni_g_develop
20220623 030005.440 INFO             PET0 ESMF_COMM                   : mpiuni
20220623 030005.440 INFO             PET0 ESMF_MOAB                   : enabled
20220623 030005.440 INFO             PET0 ESMF_LAPACK                 : enabled
20220623 030005.440 INFO             PET0 ESMF_NETCDF                 : enabled
20220623 030005.440 INFO             PET0 ESMF_PNETCDF                : disabled
20220623 030005.440 INFO             PET0 ESMF_PIO                    : disabled
20220623 030005.440 INFO             PET0 ESMF_YAMLCPP                : enabled
20220623 030005.442 INFO             PET0  NUMBER_OF_PROCESSORS           1
20220623 030005.442 INFO             PET0  PASS  Example ESMF_SCompEx, ESMF_SCompEx.F90, line 385
20220623 030005.442 INFO             PET0 Finalizing ESMF
