build time -- 2022-06-25 02:26:05.054537
20220625 030256.333 INFO             PET0 !!!!!!!!!!!!!!!!!!!!!!!!!!!!!!!!!!!!!!!!!!!!!!!!!!!!!!
20220625 030256.333 INFO             PET0 !!! THE ESMF_LOG IS SET TO OUTPUT ALL LOG MESSAGES !!!
20220625 030256.333 INFO             PET0 !!!     THIS MAY CAUSE SLOWDOWN IN PERFORMANCE     !!!
20220625 030256.333 INFO             PET0 !!! FOR PRODUCTION RUNS, USE:                      !!!
20220625 030256.333 INFO             PET0 !!!                   ESMF_LOGKIND_Multi_On_Error  !!!
20220625 030256.333 INFO             PET0 !!!!!!!!!!!!!!!!!!!!!!!!!!!!!!!!!!!!!!!!!!!!!!!!!!!!!!
20220625 030256.333 INFO             PET0 Running with ESMF Version   : v8.4.0b01-2-gf0d4ab211d
20220625 030256.333 INFO             PET0 ESMF library build date/time: "Jun 25 2022" "02:22:51"
20220625 030256.333 INFO             PET0 ESMF library build location : /glade/scratch/dunlap/esmf-testing/gfortran_10.1.0_openmpi_g_develop
20220625 030256.333 INFO             PET0 ESMF_COMM                   : openmpi
20220625 030256.333 INFO             PET0 ESMF_MOAB                   : enabled
20220625 030256.333 INFO             PET0 ESMF_LAPACK                 : enabled
20220625 030256.333 INFO             PET0 ESMF_NETCDF                 : enabled
20220625 030256.333 INFO             PET0 ESMF_PNETCDF                : disabled
20220625 030256.333 INFO             PET0 ESMF_PIO                    : enabled
20220625 030256.333 INFO             PET0 ESMF_YAMLCPP                : enabled
20220625 030256.433 DEBUG            PET0 about to destroy Grid: 0xcf27d0
20220625 030256.446 DEBUG            PET0 about to destroy Grid: 0xcf3ff0
20220625 030256.480 INFO             PET0  NUMBER_OF_PROCESSORS           4
20220625 030256.480 INFO             PET0  PASS  Example ESMF_NUOPCAtmModelEx, ESMF_NUOPCAtmModelEx.F90, line 806
20220625 030256.480 INFO             PET0 Finalizing ESMF
20220625 030256.334 INFO             PET1 !!!!!!!!!!!!!!!!!!!!!!!!!!!!!!!!!!!!!!!!!!!!!!!!!!!!!!
20220625 030256.334 INFO             PET1 !!! THE ESMF_LOG IS SET TO OUTPUT ALL LOG MESSAGES !!!
20220625 030256.334 INFO             PET1 !!!     THIS MAY CAUSE SLOWDOWN IN PERFORMANCE     !!!
20220625 030256.334 INFO             PET1 !!! FOR PRODUCTION RUNS, USE:                      !!!
20220625 030256.334 INFO             PET1 !!!                   ESMF_LOGKIND_Multi_On_Error  !!!
20220625 030256.334 INFO             PET1 !!!!!!!!!!!!!!!!!!!!!!!!!!!!!!!!!!!!!!!!!!!!!!!!!!!!!!
20220625 030256.334 INFO             PET1 Running with ESMF Version   : v8.4.0b01-2-gf0d4ab211d
20220625 030256.334 INFO             PET1 ESMF library build date/time: "Jun 25 2022" "02:22:51"
20220625 030256.334 INFO             PET1 ESMF library build location : /glade/scratch/dunlap/esmf-testing/gfortran_10.1.0_openmpi_g_develop
20220625 030256.334 INFO             PET1 ESMF_COMM                   : openmpi
20220625 030256.334 INFO             PET1 ESMF_MOAB                   : enabled
20220625 030256.334 INFO             PET1 ESMF_LAPACK                 : enabled
20220625 030256.334 INFO             PET1 ESMF_NETCDF                 : enabled
20220625 030256.334 INFO             PET1 ESMF_PNETCDF                : disabled
20220625 030256.334 INFO             PET1 ESMF_PIO                    : enabled
20220625 030256.334 INFO             PET1 ESMF_YAMLCPP                : enabled
20220625 030256.433 DEBUG            PET1 about to destroy Grid: 0x25d60d0
20220625 030256.446 DEBUG            PET1 about to destroy Grid: 0x25d7810
20220625 030256.480 INFO             PET1  NUMBER_OF_PROCESSORS           4
20220625 030256.480 INFO             PET1  PASS  Example ESMF_NUOPCAtmModelEx, ESMF_NUOPCAtmModelEx.F90, line 806
20220625 030256.480 INFO             PET1 Finalizing ESMF
20220625 030256.333 INFO             PET2 !!!!!!!!!!!!!!!!!!!!!!!!!!!!!!!!!!!!!!!!!!!!!!!!!!!!!!
20220625 030256.333 INFO             PET2 !!! THE ESMF_LOG IS SET TO OUTPUT ALL LOG MESSAGES !!!
20220625 030256.333 INFO             PET2 !!!     THIS MAY CAUSE SLOWDOWN IN PERFORMANCE     !!!
20220625 030256.333 INFO             PET2 !!! FOR PRODUCTION RUNS, USE:                      !!!
20220625 030256.333 INFO             PET2 !!!                   ESMF_LOGKIND_Multi_On_Error  !!!
20220625 030256.333 INFO             PET2 !!!!!!!!!!!!!!!!!!!!!!!!!!!!!!!!!!!!!!!!!!!!!!!!!!!!!!
20220625 030256.333 INFO             PET2 Running with ESMF Version   : v8.4.0b01-2-gf0d4ab211d
20220625 030256.333 INFO             PET2 ESMF library build date/time: "Jun 25 2022" "02:22:51"
20220625 030256.333 INFO             PET2 ESMF library build location : /glade/scratch/dunlap/esmf-testing/gfortran_10.1.0_openmpi_g_develop
20220625 030256.333 INFO             PET2 ESMF_COMM                   : openmpi
20220625 030256.333 INFO             PET2 ESMF_MOAB                   : enabled
20220625 030256.333 INFO             PET2 ESMF_LAPACK                 : enabled
20220625 030256.333 INFO             PET2 ESMF_NETCDF                 : enabled
20220625 030256.333 INFO             PET2 ESMF_PNETCDF                : disabled
20220625 030256.333 INFO             PET2 ESMF_PIO                    : enabled
20220625 030256.333 INFO             PET2 ESMF_YAMLCPP                : enabled
20220625 030256.433 DEBUG            PET2 about to destroy Grid: 0x13ee3a0
20220625 030256.446 DEBUG            PET2 about to destroy Grid: 0x13ef960
20220625 030256.480 INFO             PET2  NUMBER_OF_PROCESSORS           4
20220625 030256.480 INFO             PET2  PASS  Example ESMF_NUOPCAtmModelEx, ESMF_NUOPCAtmModelEx.F90, line 806
20220625 030256.480 INFO             PET2 Finalizing ESMF
20220625 030256.333 INFO             PET3 !!!!!!!!!!!!!!!!!!!!!!!!!!!!!!!!!!!!!!!!!!!!!!!!!!!!!!
20220625 030256.333 INFO             PET3 !!! THE ESMF_LOG IS SET TO OUTPUT ALL LOG MESSAGES !!!
20220625 030256.333 INFO             PET3 !!!     THIS MAY CAUSE SLOWDOWN IN PERFORMANCE     !!!
20220625 030256.333 INFO             PET3 !!! FOR PRODUCTION RUNS, USE:                      !!!
20220625 030256.333 INFO             PET3 !!!                   ESMF_LOGKIND_Multi_On_Error  !!!
20220625 030256.333 INFO             PET3 !!!!!!!!!!!!!!!!!!!!!!!!!!!!!!!!!!!!!!!!!!!!!!!!!!!!!!
20220625 030256.333 INFO             PET3 Running with ESMF Version   : v8.4.0b01-2-gf0d4ab211d
20220625 030256.333 INFO             PET3 ESMF library build date/time: "Jun 25 2022" "02:22:51"
20220625 030256.333 INFO             PET3 ESMF library build location : /glade/scratch/dunlap/esmf-testing/gfortran_10.1.0_openmpi_g_develop
20220625 030256.333 INFO             PET3 ESMF_COMM                   : openmpi
20220625 030256.334 INFO             PET3 ESMF_MOAB                   : enabled
20220625 030256.334 INFO             PET3 ESMF_LAPACK                 : enabled
20220625 030256.334 INFO             PET3 ESMF_NETCDF                 : enabled
20220625 030256.334 INFO             PET3 ESMF_PNETCDF                : disabled
20220625 030256.334 INFO             PET3 ESMF_PIO                    : enabled
20220625 030256.334 INFO             PET3 ESMF_YAMLCPP                : enabled
20220625 030256.433 DEBUG            PET3 about to destroy Grid: 0xa6cb90
20220625 030256.446 DEBUG            PET3 about to destroy Grid: 0xa6df00
20220625 030256.480 INFO             PET3  NUMBER_OF_PROCESSORS           4
20220625 030256.480 INFO             PET3  PASS  Example ESMF_NUOPCAtmModelEx, ESMF_NUOPCAtmModelEx.F90, line 806
20220625 030256.480 INFO             PET3 Finalizing ESMF
