build time -- 2022-07-19 02:41:44
20220719 031540.877 INFO             PET0 !!!!!!!!!!!!!!!!!!!!!!!!!!!!!!!!!!!!!!!!!!!!!!!!!!!!!!
20220719 031540.877 INFO             PET0 !!! THE ESMF_LOG IS SET TO OUTPUT ALL LOG MESSAGES !!!
20220719 031540.877 INFO             PET0 !!!     THIS MAY CAUSE SLOWDOWN IN PERFORMANCE     !!!
20220719 031540.877 INFO             PET0 !!! FOR PRODUCTION RUNS, USE:                      !!!
20220719 031540.877 INFO             PET0 !!!                   ESMF_LOGKIND_Multi_On_Error  !!!
20220719 031540.877 INFO             PET0 !!!!!!!!!!!!!!!!!!!!!!!!!!!!!!!!!!!!!!!!!!!!!!!!!!!!!!
20220719 031540.877 INFO             PET0 Running with ESMF Version   : v8.4.0b05-10-g2a13bec
20220719 031540.877 INFO             PET0 ESMF library build date/time: "Jul 19 2022" "02:40:01"
20220719 031540.877 INFO             PET0 ESMF library build location : /work/noaa/da/mpotts/sandbox/intel_2020.2_intelmpi_O_develop
20220719 031540.877 INFO             PET0 ESMF_COMM                   : intelmpi
20220719 031540.878 INFO             PET0 ESMF_MOAB                   : enabled
20220719 031540.878 INFO             PET0 ESMF_LAPACK                 : enabled
20220719 031540.878 INFO             PET0 ESMF_NETCDF                 : enabled
20220719 031540.878 INFO             PET0 ESMF_PNETCDF                : disabled
20220719 031540.878 INFO             PET0 ESMF_PIO                    : enabled
20220719 031540.878 INFO             PET0 ESMF_YAMLCPP                : enabled
20220719 031540.880 INFO             PET0  NUMBER_OF_PROCESSORS           4
20220719 031540.880 INFO             PET0  PASS  Example ESMF_AttachMethodsEx, ESMF_AttachMethodsEx.F90, line 292
20220719 031540.880 INFO             PET0 Finalizing ESMF
20220719 031540.877 INFO             PET1 !!!!!!!!!!!!!!!!!!!!!!!!!!!!!!!!!!!!!!!!!!!!!!!!!!!!!!
20220719 031540.877 INFO             PET1 !!! THE ESMF_LOG IS SET TO OUTPUT ALL LOG MESSAGES !!!
20220719 031540.877 INFO             PET1 !!!     THIS MAY CAUSE SLOWDOWN IN PERFORMANCE     !!!
20220719 031540.877 INFO             PET1 !!! FOR PRODUCTION RUNS, USE:                      !!!
20220719 031540.877 INFO             PET1 !!!                   ESMF_LOGKIND_Multi_On_Error  !!!
20220719 031540.877 INFO             PET1 !!!!!!!!!!!!!!!!!!!!!!!!!!!!!!!!!!!!!!!!!!!!!!!!!!!!!!
20220719 031540.877 INFO             PET1 Running with ESMF Version   : v8.4.0b05-10-g2a13bec
20220719 031540.877 INFO             PET1 ESMF library build date/time: "Jul 19 2022" "02:40:01"
20220719 031540.877 INFO             PET1 ESMF library build location : /work/noaa/da/mpotts/sandbox/intel_2020.2_intelmpi_O_develop
20220719 031540.877 INFO             PET1 ESMF_COMM                   : intelmpi
20220719 031540.878 INFO             PET1 ESMF_MOAB                   : enabled
20220719 031540.878 INFO             PET1 ESMF_LAPACK                 : enabled
20220719 031540.878 INFO             PET1 ESMF_NETCDF                 : enabled
20220719 031540.878 INFO             PET1 ESMF_PNETCDF                : disabled
20220719 031540.878 INFO             PET1 ESMF_PIO                    : enabled
20220719 031540.878 INFO             PET1 ESMF_YAMLCPP                : enabled
20220719 031540.880 INFO             PET1  NUMBER_OF_PROCESSORS           4
20220719 031540.880 INFO             PET1  PASS  Example ESMF_AttachMethodsEx, ESMF_AttachMethodsEx.F90, line 292
20220719 031540.880 INFO             PET1 Finalizing ESMF
20220719 031540.877 INFO             PET2 !!!!!!!!!!!!!!!!!!!!!!!!!!!!!!!!!!!!!!!!!!!!!!!!!!!!!!
20220719 031540.877 INFO             PET2 !!! THE ESMF_LOG IS SET TO OUTPUT ALL LOG MESSAGES !!!
20220719 031540.877 INFO             PET2 !!!     THIS MAY CAUSE SLOWDOWN IN PERFORMANCE     !!!
20220719 031540.877 INFO             PET2 !!! FOR PRODUCTION RUNS, USE:                      !!!
20220719 031540.877 INFO             PET2 !!!                   ESMF_LOGKIND_Multi_On_Error  !!!
20220719 031540.877 INFO             PET2 !!!!!!!!!!!!!!!!!!!!!!!!!!!!!!!!!!!!!!!!!!!!!!!!!!!!!!
20220719 031540.877 INFO             PET2 Running with ESMF Version   : v8.4.0b05-10-g2a13bec
20220719 031540.877 INFO             PET2 ESMF library build date/time: "Jul 19 2022" "02:40:01"
20220719 031540.877 INFO             PET2 ESMF library build location : /work/noaa/da/mpotts/sandbox/intel_2020.2_intelmpi_O_develop
20220719 031540.877 INFO             PET2 ESMF_COMM                   : intelmpi
20220719 031540.878 INFO             PET2 ESMF_MOAB                   : enabled
20220719 031540.878 INFO             PET2 ESMF_LAPACK                 : enabled
20220719 031540.878 INFO             PET2 ESMF_NETCDF                 : enabled
20220719 031540.878 INFO             PET2 ESMF_PNETCDF                : disabled
20220719 031540.878 INFO             PET2 ESMF_PIO                    : enabled
20220719 031540.878 INFO             PET2 ESMF_YAMLCPP                : enabled
20220719 031540.880 INFO             PET2  NUMBER_OF_PROCESSORS           4
20220719 031540.880 INFO             PET2  PASS  Example ESMF_AttachMethodsEx, ESMF_AttachMethodsEx.F90, line 292
20220719 031540.880 INFO             PET2 Finalizing ESMF
20220719 031540.877 INFO             PET3 !!!!!!!!!!!!!!!!!!!!!!!!!!!!!!!!!!!!!!!!!!!!!!!!!!!!!!
20220719 031540.877 INFO             PET3 !!! THE ESMF_LOG IS SET TO OUTPUT ALL LOG MESSAGES !!!
20220719 031540.877 INFO             PET3 !!!     THIS MAY CAUSE SLOWDOWN IN PERFORMANCE     !!!
20220719 031540.877 INFO             PET3 !!! FOR PRODUCTION RUNS, USE:                      !!!
20220719 031540.877 INFO             PET3 !!!                   ESMF_LOGKIND_Multi_On_Error  !!!
20220719 031540.877 INFO             PET3 !!!!!!!!!!!!!!!!!!!!!!!!!!!!!!!!!!!!!!!!!!!!!!!!!!!!!!
20220719 031540.877 INFO             PET3 Running with ESMF Version   : v8.4.0b05-10-g2a13bec
20220719 031540.877 INFO             PET3 ESMF library build date/time: "Jul 19 2022" "02:40:01"
20220719 031540.877 INFO             PET3 ESMF library build location : /work/noaa/da/mpotts/sandbox/intel_2020.2_intelmpi_O_develop
20220719 031540.877 INFO             PET3 ESMF_COMM                   : intelmpi
20220719 031540.878 INFO             PET3 ESMF_MOAB                   : enabled
20220719 031540.878 INFO             PET3 ESMF_LAPACK                 : enabled
20220719 031540.878 INFO             PET3 ESMF_NETCDF                 : enabled
20220719 031540.878 INFO             PET3 ESMF_PNETCDF                : disabled
20220719 031540.878 INFO             PET3 ESMF_PIO                    : enabled
20220719 031540.878 INFO             PET3 ESMF_YAMLCPP                : enabled
20220719 031540.880 INFO             PET3  NUMBER_OF_PROCESSORS           4
20220719 031540.880 INFO             PET3  PASS  Example ESMF_AttachMethodsEx, ESMF_AttachMethodsEx.F90, line 292
20220719 031540.880 INFO             PET3 Finalizing ESMF
