build time -- 2022-06-16 02:39:29
20220616 035912.135 INFO             PET0 !!!!!!!!!!!!!!!!!!!!!!!!!!!!!!!!!!!!!!!!!!!!!!!!!!!!!!
20220616 035912.135 INFO             PET0 !!! THE ESMF_LOG IS SET TO OUTPUT ALL LOG MESSAGES !!!
20220616 035912.135 INFO             PET0 !!!     THIS MAY CAUSE SLOWDOWN IN PERFORMANCE     !!!
20220616 035912.135 INFO             PET0 !!! FOR PRODUCTION RUNS, USE:                      !!!
20220616 035912.135 INFO             PET0 !!!                   ESMF_LOGKIND_Multi_On_Error  !!!
20220616 035912.135 INFO             PET0 !!!!!!!!!!!!!!!!!!!!!!!!!!!!!!!!!!!!!!!!!!!!!!!!!!!!!!
20220616 035912.135 INFO             PET0 Running with ESMF Version   : v8.4.0b01-2-gf0d4ab2
20220616 035912.135 INFO             PET0 ESMF library build date/time: "Jun 16 2022" "02:36:57"
20220616 035912.135 INFO             PET0 ESMF library build location : /work/noaa/da/mpotts/sandbox/intel_2020.2_intelmpi_O_develop
20220616 035912.135 INFO             PET0 ESMF_COMM                   : intelmpi
20220616 035912.136 INFO             PET0 ESMF_MOAB                   : enabled
20220616 035912.136 INFO             PET0 ESMF_LAPACK                 : enabled
20220616 035912.136 INFO             PET0 ESMF_NETCDF                 : enabled
20220616 035912.136 INFO             PET0 ESMF_PNETCDF                : disabled
20220616 035912.136 INFO             PET0 ESMF_PIO                    : enabled
20220616 035912.136 INFO             PET0 ESMF_YAMLCPP                : enabled
20220616 035912.177 DEBUG            PET0 about to destroy Grid: 0x1464b70
20220616 035912.180 DEBUG            PET0 about to destroy Grid: 0x14673b0
20220616 035912.190 INFO             PET0  NUMBER_OF_PROCESSORS           4
20220616 035912.190 INFO             PET0  PASS  Example ESMF_NUOPCAtmModelEx, ESMF_NUOPCAtmModelEx.F90, line 806
20220616 035912.190 INFO             PET0 Finalizing ESMF
20220616 035912.136 INFO             PET1 !!!!!!!!!!!!!!!!!!!!!!!!!!!!!!!!!!!!!!!!!!!!!!!!!!!!!!
20220616 035912.136 INFO             PET1 !!! THE ESMF_LOG IS SET TO OUTPUT ALL LOG MESSAGES !!!
20220616 035912.136 INFO             PET1 !!!     THIS MAY CAUSE SLOWDOWN IN PERFORMANCE     !!!
20220616 035912.136 INFO             PET1 !!! FOR PRODUCTION RUNS, USE:                      !!!
20220616 035912.136 INFO             PET1 !!!                   ESMF_LOGKIND_Multi_On_Error  !!!
20220616 035912.136 INFO             PET1 !!!!!!!!!!!!!!!!!!!!!!!!!!!!!!!!!!!!!!!!!!!!!!!!!!!!!!
20220616 035912.136 INFO             PET1 Running with ESMF Version   : v8.4.0b01-2-gf0d4ab2
20220616 035912.136 INFO             PET1 ESMF library build date/time: "Jun 16 2022" "02:36:57"
20220616 035912.136 INFO             PET1 ESMF library build location : /work/noaa/da/mpotts/sandbox/intel_2020.2_intelmpi_O_develop
20220616 035912.136 INFO             PET1 ESMF_COMM                   : intelmpi
20220616 035912.137 INFO             PET1 ESMF_MOAB                   : enabled
20220616 035912.137 INFO             PET1 ESMF_LAPACK                 : enabled
20220616 035912.137 INFO             PET1 ESMF_NETCDF                 : enabled
20220616 035912.137 INFO             PET1 ESMF_PNETCDF                : disabled
20220616 035912.137 INFO             PET1 ESMF_PIO                    : enabled
20220616 035912.137 INFO             PET1 ESMF_YAMLCPP                : enabled
20220616 035912.177 DEBUG            PET1 about to destroy Grid: 0x2879790
20220616 035912.180 DEBUG            PET1 about to destroy Grid: 0x287a8d0
20220616 035912.190 INFO             PET1  NUMBER_OF_PROCESSORS           4
20220616 035912.190 INFO             PET1  PASS  Example ESMF_NUOPCAtmModelEx, ESMF_NUOPCAtmModelEx.F90, line 806
20220616 035912.190 INFO             PET1 Finalizing ESMF
20220616 035912.135 INFO             PET2 !!!!!!!!!!!!!!!!!!!!!!!!!!!!!!!!!!!!!!!!!!!!!!!!!!!!!!
20220616 035912.135 INFO             PET2 !!! THE ESMF_LOG IS SET TO OUTPUT ALL LOG MESSAGES !!!
20220616 035912.135 INFO             PET2 !!!     THIS MAY CAUSE SLOWDOWN IN PERFORMANCE     !!!
20220616 035912.135 INFO             PET2 !!! FOR PRODUCTION RUNS, USE:                      !!!
20220616 035912.135 INFO             PET2 !!!                   ESMF_LOGKIND_Multi_On_Error  !!!
20220616 035912.135 INFO             PET2 !!!!!!!!!!!!!!!!!!!!!!!!!!!!!!!!!!!!!!!!!!!!!!!!!!!!!!
20220616 035912.135 INFO             PET2 Running with ESMF Version   : v8.4.0b01-2-gf0d4ab2
20220616 035912.135 INFO             PET2 ESMF library build date/time: "Jun 16 2022" "02:36:57"
20220616 035912.135 INFO             PET2 ESMF library build location : /work/noaa/da/mpotts/sandbox/intel_2020.2_intelmpi_O_develop
20220616 035912.135 INFO             PET2 ESMF_COMM                   : intelmpi
20220616 035912.136 INFO             PET2 ESMF_MOAB                   : enabled
20220616 035912.136 INFO             PET2 ESMF_LAPACK                 : enabled
20220616 035912.136 INFO             PET2 ESMF_NETCDF                 : enabled
20220616 035912.136 INFO             PET2 ESMF_PNETCDF                : disabled
20220616 035912.136 INFO             PET2 ESMF_PIO                    : enabled
20220616 035912.136 INFO             PET2 ESMF_YAMLCPP                : enabled
20220616 035912.177 DEBUG            PET2 about to destroy Grid: 0xd11880
20220616 035912.180 DEBUG            PET2 about to destroy Grid: 0xd129c0
20220616 035912.190 INFO             PET2  NUMBER_OF_PROCESSORS           4
20220616 035912.190 INFO             PET2  PASS  Example ESMF_NUOPCAtmModelEx, ESMF_NUOPCAtmModelEx.F90, line 806
20220616 035912.190 INFO             PET2 Finalizing ESMF
20220616 035912.135 INFO             PET3 !!!!!!!!!!!!!!!!!!!!!!!!!!!!!!!!!!!!!!!!!!!!!!!!!!!!!!
20220616 035912.136 INFO             PET3 !!! THE ESMF_LOG IS SET TO OUTPUT ALL LOG MESSAGES !!!
20220616 035912.136 INFO             PET3 !!!     THIS MAY CAUSE SLOWDOWN IN PERFORMANCE     !!!
20220616 035912.136 INFO             PET3 !!! FOR PRODUCTION RUNS, USE:                      !!!
20220616 035912.136 INFO             PET3 !!!                   ESMF_LOGKIND_Multi_On_Error  !!!
20220616 035912.136 INFO             PET3 !!!!!!!!!!!!!!!!!!!!!!!!!!!!!!!!!!!!!!!!!!!!!!!!!!!!!!
20220616 035912.136 INFO             PET3 Running with ESMF Version   : v8.4.0b01-2-gf0d4ab2
20220616 035912.136 INFO             PET3 ESMF library build date/time: "Jun 16 2022" "02:36:57"
20220616 035912.136 INFO             PET3 ESMF library build location : /work/noaa/da/mpotts/sandbox/intel_2020.2_intelmpi_O_develop
20220616 035912.136 INFO             PET3 ESMF_COMM                   : intelmpi
20220616 035912.136 INFO             PET3 ESMF_MOAB                   : enabled
20220616 035912.136 INFO             PET3 ESMF_LAPACK                 : enabled
20220616 035912.136 INFO             PET3 ESMF_NETCDF                 : enabled
20220616 035912.136 INFO             PET3 ESMF_PNETCDF                : disabled
20220616 035912.136 INFO             PET3 ESMF_PIO                    : enabled
20220616 035912.136 INFO             PET3 ESMF_YAMLCPP                : enabled
20220616 035912.177 DEBUG            PET3 about to destroy Grid: 0x14fd9a0
20220616 035912.180 DEBUG            PET3 about to destroy Grid: 0x14feae0
20220616 035912.190 INFO             PET3  NUMBER_OF_PROCESSORS           4
20220616 035912.190 INFO             PET3  PASS  Example ESMF_NUOPCAtmModelEx, ESMF_NUOPCAtmModelEx.F90, line 806
20220616 035912.190 INFO             PET3 Finalizing ESMF
