build time -- 2022-06-26 02:41:29
20220626 031504.151 INFO             PET0 !!!!!!!!!!!!!!!!!!!!!!!!!!!!!!!!!!!!!!!!!!!!!!!!!!!!!!
20220626 031504.151 INFO             PET0 !!! THE ESMF_LOG IS SET TO OUTPUT ALL LOG MESSAGES !!!
20220626 031504.151 INFO             PET0 !!!     THIS MAY CAUSE SLOWDOWN IN PERFORMANCE     !!!
20220626 031504.151 INFO             PET0 !!! FOR PRODUCTION RUNS, USE:                      !!!
20220626 031504.151 INFO             PET0 !!!                   ESMF_LOGKIND_Multi_On_Error  !!!
20220626 031504.151 INFO             PET0 !!!!!!!!!!!!!!!!!!!!!!!!!!!!!!!!!!!!!!!!!!!!!!!!!!!!!!
20220626 031504.151 INFO             PET0 Running with ESMF Version   : v8.4.0b01-2-gf0d4ab2
20220626 031504.151 INFO             PET0 ESMF library build date/time: "Jun 26 2022" "02:39:14"
20220626 031504.151 INFO             PET0 ESMF library build location : /work/noaa/da/mpotts/sandbox/intel_2020.2_intelmpi_O_develop
20220626 031504.151 INFO             PET0 ESMF_COMM                   : intelmpi
20220626 031504.153 INFO             PET0 ESMF_MOAB                   : enabled
20220626 031504.153 INFO             PET0 ESMF_LAPACK                 : enabled
20220626 031504.153 INFO             PET0 ESMF_NETCDF                 : enabled
20220626 031504.153 INFO             PET0 ESMF_PNETCDF                : disabled
20220626 031504.153 INFO             PET0 ESMF_PIO                    : enabled
20220626 031504.153 INFO             PET0 ESMF_YAMLCPP                : enabled
20220626 031504.155 INFO             PET0  NUMBER_OF_PROCESSORS           1
20220626 031504.155 INFO             PET0  PASS  Example ESMF_ClockEx, ESMF_ClockEx.F90, line 220
20220626 031504.155 INFO             PET0 Finalizing ESMF
