Sun Jul 3 03:56:33 MDT 2022
 
Installing ESMF:
 
mkdir -p /glade/scratch/dunlap/esmf-testing/intel_18.0.5_intelmpi_O_develop/DEFAULTINSTALLDIR/include
cp -f /glade/scratch/dunlap/esmf-testing/intel_18.0.5_intelmpi_O_develop/src/include/ESMC.h /glade/scratch/dunlap/esmf-testing/intel_18.0.5_intelmpi_O_develop/DEFAULTINSTALLDIR/include
cp -f /glade/scratch/dunlap/esmf-testing/intel_18.0.5_intelmpi_O_develop/src/include/ESMC_*.h /glade/scratch/dunlap/esmf-testing/intel_18.0.5_intelmpi_O_develop/DEFAULTINSTALLDIR/include
cp -f /glade/scratch/dunlap/esmf-testing/intel_18.0.5_intelmpi_O_develop/build_config/Linux.intel.default/ESMC_Conf.h /glade/scratch/dunlap/esmf-testing/intel_18.0.5_intelmpi_O_develop/DEFAULTINSTALLDIR/include
mkdir -p /glade/scratch/dunlap/esmf-testing/intel_18.0.5_intelmpi_O_develop/DEFAULTINSTALLDIR/mod/modO/Linux.intel.64.intelmpi.default
cp -f /glade/scratch/dunlap/esmf-testing/intel_18.0.5_intelmpi_O_develop/mod/modO/Linux.intel.64.intelmpi.default/*.mod /glade/scratch/dunlap/esmf-testing/intel_18.0.5_intelmpi_O_develop/DEFAULTINSTALLDIR/mod/modO/Linux.intel.64.intelmpi.default
mkdir -p /glade/scratch/dunlap/esmf-testing/intel_18.0.5_intelmpi_O_develop/DEFAULTINSTALLDIR/lib/libO/Linux.intel.64.intelmpi.default
cp -f /glade/scratch/dunlap/esmf-testing/intel_18.0.5_intelmpi_O_develop/lib/libO/Linux.intel.64.intelmpi.default/libesmf*.* /glade/scratch/dunlap/esmf-testing/intel_18.0.5_intelmpi_O_develop/DEFAULTINSTALLDIR/lib/libO/Linux.intel.64.intelmpi.default
cp -f /glade/scratch/dunlap/esmf-testing/intel_18.0.5_intelmpi_O_develop/lib/libO/Linux.intel.64.intelmpi.default/libpioc.* /glade/scratch/dunlap/esmf-testing/intel_18.0.5_intelmpi_O_develop/DEFAULTINSTALLDIR/lib/libO/Linux.intel.64.intelmpi.default
make ESMF_PRELOADDIR=/glade/scratch/dunlap/esmf-testing/intel_18.0.5_intelmpi_O_develop/DEFAULTINSTALLDIR/lib/libO/Linux.intel.64.intelmpi.default build_preload_script
make[1]: Entering directory '/glade/scratch/dunlap/esmf-testing/intel_18.0.5_intelmpi_O_develop'
chmod 755 /glade/scratch/dunlap/esmf-testing/intel_18.0.5_intelmpi_O_develop/DEFAULTINSTALLDIR/lib/libO/Linux.intel.64.intelmpi.default/preload.sh
make[1]: Leaving directory '/glade/scratch/dunlap/esmf-testing/intel_18.0.5_intelmpi_O_develop'
ranlib /glade/scratch/dunlap/esmf-testing/intel_18.0.5_intelmpi_O_develop/DEFAULTINSTALLDIR/lib/libO/Linux.intel.64.intelmpi.default/libesmf*.a
make install_apps
make[1]: Entering directory '/glade/scratch/dunlap/esmf-testing/intel_18.0.5_intelmpi_O_develop'
mkdir -p /glade/scratch/dunlap/esmf-testing/intel_18.0.5_intelmpi_O_develop/DEFAULTINSTALLDIR/bin/binO/Linux.intel.64.intelmpi.default
make build_apps ESMF_APPSDIR=/glade/scratch/dunlap/esmf-testing/intel_18.0.5_intelmpi_O_develop/DEFAULTINSTALLDIR/bin/binO/Linux.intel.64.intelmpi.default ESMF_LDIR=/glade/scratch/dunlap/esmf-testing/intel_18.0.5_intelmpi_O_develop/DEFAULTINSTALLDIR/lib/libO/Linux.intel.64.intelmpi.default ESMF_LIBDIR=/glade/scratch/dunlap/esmf-testing/intel_18.0.5_intelmpi_O_develop/DEFAULTINSTALLDIR/lib/libO/Linux.intel.64.intelmpi.default ESMF_MODDIR=/glade/scratch/dunlap/esmf-testing/intel_18.0.5_intelmpi_O_develop/DEFAULTINSTALLDIR/mod/modO/Linux.intel.64.intelmpi.default
make[2]: Entering directory '/glade/scratch/dunlap/esmf-testing/intel_18.0.5_intelmpi_O_develop'
cd /glade/scratch/dunlap/esmf-testing/intel_18.0.5_intelmpi_O_develop/src/apps; make ACTION=tree_build_apps tree
make[3]: Entering directory '/glade/scratch/dunlap/esmf-testing/intel_18.0.5_intelmpi_O_develop/src/apps'
tree_build_apps in: /glade/scratch/dunlap/esmf-testing/intel_18.0.5_intelmpi_O_develop/src/apps/ESMF_PrintInfo
make[4]: Entering directory '/glade/scratch/dunlap/esmf-testing/intel_18.0.5_intelmpi_O_develop/src/apps/ESMF_PrintInfo'
make chkdir_locobj
make[5]: Entering directory '/glade/scratch/dunlap/esmf-testing/intel_18.0.5_intelmpi_O_develop/src/apps/ESMF_PrintInfo'
Making directory /glade/scratch/dunlap/esmf-testing/intel_18.0.5_intelmpi_O_develop/obj/objO/Linux.intel.64.intelmpi.default/src/apps/ESMF_PrintInfo for apps output
make[5]: Leaving directory '/glade/scratch/dunlap/esmf-testing/intel_18.0.5_intelmpi_O_develop/src/apps/ESMF_PrintInfo'
mpiifort -c -O -fPIC -debug minimal -assume realloc_lhs -m64 -mcmodel=small -pthread -threads  -qopenmp -I/glade/scratch/dunlap/esmf-testing/intel_18.0.5_intelmpi_O_develop/src/apps/ESMF_PrintInfo -I/glade/scratch/dunlap/esmf-testing/intel_18.0.5_intelmpi_O_develop/build_config/Linux.intel.default -I/glade/scratch/dunlap/esmf-testing/intel_18.0.5_intelmpi_O_develop/src/Infrastructure -I/glade/scratch/dunlap/esmf-testing/intel_18.0.5_intelmpi_O_develop/src/Superstructure -I/glade/scratch/dunlap/esmf-testing/intel_18.0.5_intelmpi_O_develop/DEFAULTINSTALLDIR/mod/modO/Linux.intel.64.intelmpi.default -I/glade/scratch/dunlap/esmf-testing/intel_18.0.5_intelmpi_O_develop/src/include -I/glade/u/apps/ch/opt/netcdf/4.6.3/intel/18.0.5/include -I/glade/u/apps/ch/opt/netcdf/4.6.3/intel/18.0.5/include  -DESMF_NO_INTEGER_1_BYTE -DESMF_NO_INTEGER_2_BYTE -DESMF_VERSION_STRING_GIT='"v8.4.0b02-7-g9328c9b05f"' -DESMF_MOAB=1 -DESMF_LAPACK=1 -DESMF_LAPACK_INTERNAL=1 -DESMF_NO_ACC_SOFTWARE_STACK=1 -DESMF_NETCDF=1 -DESMF_YAMLCPP=1 -DESMF_YAML=1 -DESMF_PIO=1 -DESMF_NO_OPENACC -DESMF_TESTEXHAUSTIVE -DESMF_BOPT_O -DESMF_TESTCOMPTUNNEL -DESMF_TESTWITHTHREADS -DSx86_64_small=1 -DESMF_OS_Linux=1 -DESMF_COMM=intelmpi -DESMF_DIR=/glade/scratch/dunlap/esmf-testing/intel_18.0.5_intelmpi_O_develop ESMF_PrintInfo.F90 -o /glade/scratch/dunlap/esmf-testing/intel_18.0.5_intelmpi_O_develop/obj/objO/Linux.intel.64.intelmpi.default/src/apps/ESMF_PrintInfo/ESMF_PrintInfo.o
make chkdir_apps
make[5]: Entering directory '/glade/scratch/dunlap/esmf-testing/intel_18.0.5_intelmpi_O_develop/src/apps/ESMF_PrintInfo'
make[5]: Leaving directory '/glade/scratch/dunlap/esmf-testing/intel_18.0.5_intelmpi_O_develop/src/apps/ESMF_PrintInfo'
mpiifort    -m64 -mcmodel=small -pthread -threads -Wl,--no-as-needed  -qopenmp -L/glade/scratch/dunlap/esmf-testing/intel_18.0.5_intelmpi_O_develop/DEFAULTINSTALLDIR/lib/libO/Linux.intel.64.intelmpi.default -L/glade/u/apps/ch/opt/netcdf/4.6.3/intel/18.0.5/lib -L/glade/u/apps/ch/opt/netcdf/4.6.3/intel/18.0.5/lib -L/glade/u/apps/ch/opt/netcdf/4.6.3/intel/18.0.5//lib  -Wl,-rpath,/glade/scratch/dunlap/esmf-testing/intel_18.0.5_intelmpi_O_develop/DEFAULTINSTALLDIR/lib/libO/Linux.intel.64.intelmpi.default -Wl,-rpath,/glade/u/apps/ch/opt/netcdf/4.6.3/intel/18.0.5/lib -Wl,-rpath,/glade/u/apps/ch/opt/netcdf/4.6.3/intel/18.0.5/lib -Wl,-rpath,/glade/u/apps/ch/opt/netcdf/4.6.3/intel/18.0.5//lib  -o /glade/scratch/dunlap/esmf-testing/intel_18.0.5_intelmpi_O_develop/DEFAULTINSTALLDIR/bin/binO/Linux.intel.64.intelmpi.default/ESMF_PrintInfo /glade/scratch/dunlap/esmf-testing/intel_18.0.5_intelmpi_O_develop/obj/objO/Linux.intel.64.intelmpi.default/src/apps/ESMF_PrintInfo/ESMF_PrintInfo.o -lesmf  -cxxlib -lrt -ldl -lnetcdf -lnetcdff -lnetcdf -lnetcdf -lpioc
make[4]: Leaving directory '/glade/scratch/dunlap/esmf-testing/intel_18.0.5_intelmpi_O_develop/src/apps/ESMF_PrintInfo'
tree_build_apps in: /glade/scratch/dunlap/esmf-testing/intel_18.0.5_intelmpi_O_develop/src/apps/ESMF_PrintInfoC
make[4]: Entering directory '/glade/scratch/dunlap/esmf-testing/intel_18.0.5_intelmpi_O_develop/src/apps/ESMF_PrintInfoC'
make chkdir_locobj
make[5]: Entering directory '/glade/scratch/dunlap/esmf-testing/intel_18.0.5_intelmpi_O_develop/src/apps/ESMF_PrintInfoC'
Making directory /glade/scratch/dunlap/esmf-testing/intel_18.0.5_intelmpi_O_develop/obj/objO/Linux.intel.64.intelmpi.default/src/apps/ESMF_PrintInfoC for apps output
make[5]: Leaving directory '/glade/scratch/dunlap/esmf-testing/intel_18.0.5_intelmpi_O_develop/src/apps/ESMF_PrintInfoC'
mpiicpc -c -std=c++11 -O -DNDEBUG -fPIC -debug minimal -m64 -mcmodel=small -pthread  -qopenmp -I/glade/scratch/dunlap/esmf-testing/intel_18.0.5_intelmpi_O_develop/src/apps/ESMF_PrintInfoC -I/glade/scratch/dunlap/esmf-testing/intel_18.0.5_intelmpi_O_develop/src/apps/ESMF_PrintInfoC/../include -I/glade/scratch/dunlap/esmf-testing/intel_18.0.5_intelmpi_O_develop/build_config/Linux.intel.default -I/glade/scratch/dunlap/esmf-testing/intel_18.0.5_intelmpi_O_develop/src/Infrastructure -I/glade/scratch/dunlap/esmf-testing/intel_18.0.5_intelmpi_O_develop/src/Superstructure -I/glade/scratch/dunlap/esmf-testing/intel_18.0.5_intelmpi_O_develop/src/Infrastructure/stubs/pthread  -I/glade/scratch/dunlap/esmf-testing/intel_18.0.5_intelmpi_O_develop/src/include  -I/glade/u/apps/ch/opt/netcdf/4.6.3/intel/18.0.5/include -I/glade/scratch/dunlap/esmf-testing/intel_18.0.5_intelmpi_O_develop/src/prologue/yaml-cpp/include -DESMF_NO_INTEGER_1_BYTE -DESMF_NO_INTEGER_2_BYTE -DESMF_VERSION_STRING_GIT='"v8.4.0b02-7-g9328c9b05f"' -DESMF_MOAB=1 -DESMF_LAPACK=1 -DESMF_LAPACK_INTERNAL=1 -DESMF_NO_ACC_SOFTWARE_STACK=1 -DESMF_NETCDF=1 -DESMF_YAMLCPP=1 -DESMF_YAML=1 -DESMF_PIO=1 -DESMF_NO_OPENACC -DESMF_TESTEXHAUSTIVE -DESMF_BOPT_O -DESMF_TESTCOMPTUNNEL -DESMF_TESTWITHTHREADS -DSx86_64_small=1 -DESMF_OS_Linux=1 -DESMF_COMM=intelmpi -DESMF_DIR=/glade/scratch/dunlap/esmf-testing/intel_18.0.5_intelmpi_O_develop -D__SDIR__='"src/apps/ESMF_PrintInfoC"' -DESMF_CXXSTD=11 ESMF_PrintInfoC.c -o /glade/scratch/dunlap/esmf-testing/intel_18.0.5_intelmpi_O_develop/obj/objO/Linux.intel.64.intelmpi.default/src/apps/ESMF_PrintInfoC/ESMF_PrintInfoC.o
make chkdir_apps
make[5]: Entering directory '/glade/scratch/dunlap/esmf-testing/intel_18.0.5_intelmpi_O_develop/src/apps/ESMF_PrintInfoC'
make[5]: Leaving directory '/glade/scratch/dunlap/esmf-testing/intel_18.0.5_intelmpi_O_develop/src/apps/ESMF_PrintInfoC'
mpiicpc    -m64 -mcmodel=small -pthread -Wl,--no-as-needed  -qopenmp -L/glade/scratch/dunlap/esmf-testing/intel_18.0.5_intelmpi_O_develop/DEFAULTINSTALLDIR/lib/libO/Linux.intel.64.intelmpi.default -L/glade/u/apps/ch/opt/netcdf/4.6.3/intel/18.0.5/lib -L/glade/u/apps/ch/opt/netcdf/4.6.3/intel/18.0.5/lib -L/glade/u/apps/ch/opt/netcdf/4.6.3/intel/18.0.5//lib -L/glade/u/apps/opt/intel/2018u4/compilers_and_libraries_2018.5.274/linux/compiler/lib/intel64_lin/ -Wl,-rpath,/glade/scratch/dunlap/esmf-testing/intel_18.0.5_intelmpi_O_develop/DEFAULTINSTALLDIR/lib/libO/Linux.intel.64.intelmpi.default -Wl,-rpath,/glade/u/apps/ch/opt/netcdf/4.6.3/intel/18.0.5/lib -Wl,-rpath,/glade/u/apps/ch/opt/netcdf/4.6.3/intel/18.0.5/lib -Wl,-rpath,/glade/u/apps/ch/opt/netcdf/4.6.3/intel/18.0.5//lib  -Wl,-rpath,/glade/u/apps/opt/intel/2018u4/compilers_and_libraries_2018.5.274/linux/compiler/lib/intel64_lin/ -o /glade/scratch/dunlap/esmf-testing/intel_18.0.5_intelmpi_O_develop/DEFAULTINSTALLDIR/bin/binO/Linux.intel.64.intelmpi.default/ESMF_PrintInfoC /glade/scratch/dunlap/esmf-testing/intel_18.0.5_intelmpi_O_develop/obj/objO/Linux.intel.64.intelmpi.default/src/apps/ESMF_PrintInfoC/ESMF_PrintInfoC.o -lesmf  -lsz -lz -limf -lm -ldl -ldl -lrt -lpthread -lifport -lifcoremt -limf -lsvml -lm -lipgo -liomp5 -lintlc -lpthread -lsvml -lgcc -lgcc_s -lirc_s -ldl -lrt -ldl -lnetcdf -lnetcdff -lnetcdf -lnetcdf -lpioc
make[4]: Leaving directory '/glade/scratch/dunlap/esmf-testing/intel_18.0.5_intelmpi_O_develop/src/apps/ESMF_PrintInfoC'
tree_build_apps in: /glade/scratch/dunlap/esmf-testing/intel_18.0.5_intelmpi_O_develop/src/apps/ESMF_RegridWeightGen
make[4]: Entering directory '/glade/scratch/dunlap/esmf-testing/intel_18.0.5_intelmpi_O_develop/src/apps/ESMF_RegridWeightGen'
make chkdir_locobj
make[5]: Entering directory '/glade/scratch/dunlap/esmf-testing/intel_18.0.5_intelmpi_O_develop/src/apps/ESMF_RegridWeightGen'
Making directory /glade/scratch/dunlap/esmf-testing/intel_18.0.5_intelmpi_O_develop/obj/objO/Linux.intel.64.intelmpi.default/src/apps/ESMF_RegridWeightGen for apps output
make[5]: Leaving directory '/glade/scratch/dunlap/esmf-testing/intel_18.0.5_intelmpi_O_develop/src/apps/ESMF_RegridWeightGen'
mpiifort -c -O -fPIC -debug minimal -assume realloc_lhs -m64 -mcmodel=small -pthread -threads  -qopenmp -I/glade/scratch/dunlap/esmf-testing/intel_18.0.5_intelmpi_O_develop/src/apps/ESMF_RegridWeightGen -I/glade/scratch/dunlap/esmf-testing/intel_18.0.5_intelmpi_O_develop/build_config/Linux.intel.default -I/glade/scratch/dunlap/esmf-testing/intel_18.0.5_intelmpi_O_develop/src/Infrastructure -I/glade/scratch/dunlap/esmf-testing/intel_18.0.5_intelmpi_O_develop/src/Superstructure -I/glade/scratch/dunlap/esmf-testing/intel_18.0.5_intelmpi_O_develop/DEFAULTINSTALLDIR/mod/modO/Linux.intel.64.intelmpi.default -I/glade/scratch/dunlap/esmf-testing/intel_18.0.5_intelmpi_O_develop/src/include -I/glade/u/apps/ch/opt/netcdf/4.6.3/intel/18.0.5/include -I/glade/u/apps/ch/opt/netcdf/4.6.3/intel/18.0.5/include  -DESMF_NO_INTEGER_1_BYTE -DESMF_NO_INTEGER_2_BYTE -DESMF_VERSION_STRING_GIT='"v8.4.0b02-7-g9328c9b05f"' -DESMF_MOAB=1 -DESMF_LAPACK=1 -DESMF_LAPACK_INTERNAL=1 -DESMF_NO_ACC_SOFTWARE_STACK=1 -DESMF_NETCDF=1 -DESMF_YAMLCPP=1 -DESMF_YAML=1 -DESMF_PIO=1 -DESMF_NO_OPENACC -DESMF_TESTEXHAUSTIVE -DESMF_BOPT_O -DESMF_TESTCOMPTUNNEL -DESMF_TESTWITHTHREADS -DSx86_64_small=1 -DESMF_OS_Linux=1 -DESMF_COMM=intelmpi -DESMF_DIR=/glade/scratch/dunlap/esmf-testing/intel_18.0.5_intelmpi_O_develop ESMF_RegridWeightGen.F90 -o /glade/scratch/dunlap/esmf-testing/intel_18.0.5_intelmpi_O_develop/obj/objO/Linux.intel.64.intelmpi.default/src/apps/ESMF_RegridWeightGen/ESMF_RegridWeightGen.o
make chkdir_apps
make[5]: Entering directory '/glade/scratch/dunlap/esmf-testing/intel_18.0.5_intelmpi_O_develop/src/apps/ESMF_RegridWeightGen'
make[5]: Leaving directory '/glade/scratch/dunlap/esmf-testing/intel_18.0.5_intelmpi_O_develop/src/apps/ESMF_RegridWeightGen'
mpiifort    -m64 -mcmodel=small -pthread -threads -Wl,--no-as-needed  -qopenmp -L/glade/scratch/dunlap/esmf-testing/intel_18.0.5_intelmpi_O_develop/DEFAULTINSTALLDIR/lib/libO/Linux.intel.64.intelmpi.default -L/glade/u/apps/ch/opt/netcdf/4.6.3/intel/18.0.5/lib -L/glade/u/apps/ch/opt/netcdf/4.6.3/intel/18.0.5/lib -L/glade/u/apps/ch/opt/netcdf/4.6.3/intel/18.0.5//lib  -Wl,-rpath,/glade/scratch/dunlap/esmf-testing/intel_18.0.5_intelmpi_O_develop/DEFAULTINSTALLDIR/lib/libO/Linux.intel.64.intelmpi.default -Wl,-rpath,/glade/u/apps/ch/opt/netcdf/4.6.3/intel/18.0.5/lib -Wl,-rpath,/glade/u/apps/ch/opt/netcdf/4.6.3/intel/18.0.5/lib -Wl,-rpath,/glade/u/apps/ch/opt/netcdf/4.6.3/intel/18.0.5//lib  -o /glade/scratch/dunlap/esmf-testing/intel_18.0.5_intelmpi_O_develop/DEFAULTINSTALLDIR/bin/binO/Linux.intel.64.intelmpi.default/ESMF_RegridWeightGen /glade/scratch/dunlap/esmf-testing/intel_18.0.5_intelmpi_O_develop/obj/objO/Linux.intel.64.intelmpi.default/src/apps/ESMF_RegridWeightGen/ESMF_RegridWeightGen.o -lesmf  -cxxlib -lrt -ldl -lnetcdf -lnetcdff -lnetcdf -lnetcdf -lpioc
make[4]: Leaving directory '/glade/scratch/dunlap/esmf-testing/intel_18.0.5_intelmpi_O_develop/src/apps/ESMF_RegridWeightGen'
tree_build_apps in: /glade/scratch/dunlap/esmf-testing/intel_18.0.5_intelmpi_O_develop/src/apps/ESMF_WebServController
make[4]: Entering directory '/glade/scratch/dunlap/esmf-testing/intel_18.0.5_intelmpi_O_develop/src/apps/ESMF_WebServController'
make chkdir_locobj
make[5]: Entering directory '/glade/scratch/dunlap/esmf-testing/intel_18.0.5_intelmpi_O_develop/src/apps/ESMF_WebServController'
Making directory /glade/scratch/dunlap/esmf-testing/intel_18.0.5_intelmpi_O_develop/obj/objO/Linux.intel.64.intelmpi.default/src/apps/ESMF_WebServController for apps output
make[5]: Leaving directory '/glade/scratch/dunlap/esmf-testing/intel_18.0.5_intelmpi_O_develop/src/apps/ESMF_WebServController'
mpiicpc -c -std=c++11 -O -DNDEBUG -fPIC -debug minimal -m64 -mcmodel=small -pthread  -qopenmp -I/glade/scratch/dunlap/esmf-testing/intel_18.0.5_intelmpi_O_develop/src/apps/ESMF_WebServController -I/glade/scratch/dunlap/esmf-testing/intel_18.0.5_intelmpi_O_develop/src/apps/ESMF_WebServController/../include -I/glade/scratch/dunlap/esmf-testing/intel_18.0.5_intelmpi_O_develop/build_config/Linux.intel.default -I/glade/scratch/dunlap/esmf-testing/intel_18.0.5_intelmpi_O_develop/src/Infrastructure -I/glade/scratch/dunlap/esmf-testing/intel_18.0.5_intelmpi_O_develop/src/Superstructure -I/glade/scratch/dunlap/esmf-testing/intel_18.0.5_intelmpi_O_develop/src/Infrastructure/stubs/pthread  -I/glade/scratch/dunlap/esmf-testing/intel_18.0.5_intelmpi_O_develop/src/include  -I/glade/u/apps/ch/opt/netcdf/4.6.3/intel/18.0.5/include -I/glade/scratch/dunlap/esmf-testing/intel_18.0.5_intelmpi_O_develop/src/prologue/yaml-cpp/include -DESMF_NO_INTEGER_1_BYTE -DESMF_NO_INTEGER_2_BYTE -DESMF_VERSION_STRING_GIT='"v8.4.0b02-7-g9328c9b05f"' -DESMF_MOAB=1 -DESMF_LAPACK=1 -DESMF_LAPACK_INTERNAL=1 -DESMF_NO_ACC_SOFTWARE_STACK=1 -DESMF_NETCDF=1 -DESMF_YAMLCPP=1 -DESMF_YAML=1 -DESMF_PIO=1 -DESMF_NO_OPENACC -DESMF_TESTEXHAUSTIVE -DESMF_BOPT_O -DESMF_TESTCOMPTUNNEL -DESMF_TESTWITHTHREADS -DSx86_64_small=1 -DESMF_OS_Linux=1 -DESMF_COMM=intelmpi -DESMF_DIR=/glade/scratch/dunlap/esmf-testing/intel_18.0.5_intelmpi_O_develop -D__SDIR__='"src/apps/ESMF_WebServController"' -DESMF_CXXSTD=11 ESMF_WebServController.C -o /glade/scratch/dunlap/esmf-testing/intel_18.0.5_intelmpi_O_develop/obj/objO/Linux.intel.64.intelmpi.default/src/apps/ESMF_WebServController/ESMF_WebServController.o
make chkdir_apps
make[5]: Entering directory '/glade/scratch/dunlap/esmf-testing/intel_18.0.5_intelmpi_O_develop/src/apps/ESMF_WebServController'
make[5]: Leaving directory '/glade/scratch/dunlap/esmf-testing/intel_18.0.5_intelmpi_O_develop/src/apps/ESMF_WebServController'
mpiicpc    -m64 -mcmodel=small -pthread -Wl,--no-as-needed  -qopenmp -L/glade/scratch/dunlap/esmf-testing/intel_18.0.5_intelmpi_O_develop/DEFAULTINSTALLDIR/lib/libO/Linux.intel.64.intelmpi.default -L/glade/u/apps/ch/opt/netcdf/4.6.3/intel/18.0.5/lib -L/glade/u/apps/ch/opt/netcdf/4.6.3/intel/18.0.5/lib -L/glade/u/apps/ch/opt/netcdf/4.6.3/intel/18.0.5//lib -L/glade/u/apps/opt/intel/2018u4/compilers_and_libraries_2018.5.274/linux/compiler/lib/intel64_lin/ -Wl,-rpath,/glade/scratch/dunlap/esmf-testing/intel_18.0.5_intelmpi_O_develop/DEFAULTINSTALLDIR/lib/libO/Linux.intel.64.intelmpi.default -Wl,-rpath,/glade/u/apps/ch/opt/netcdf/4.6.3/intel/18.0.5/lib -Wl,-rpath,/glade/u/apps/ch/opt/netcdf/4.6.3/intel/18.0.5/lib -Wl,-rpath,/glade/u/apps/ch/opt/netcdf/4.6.3/intel/18.0.5//lib  -Wl,-rpath,/glade/u/apps/opt/intel/2018u4/compilers_and_libraries_2018.5.274/linux/compiler/lib/intel64_lin/ -o /glade/scratch/dunlap/esmf-testing/intel_18.0.5_intelmpi_O_develop/DEFAULTINSTALLDIR/bin/binO/Linux.intel.64.intelmpi.default/ESMF_WebServController /glade/scratch/dunlap/esmf-testing/intel_18.0.5_intelmpi_O_develop/obj/objO/Linux.intel.64.intelmpi.default/src/apps/ESMF_WebServController/ESMF_WebServController.o -lesmf  -lsz -lz -limf -lm -ldl -ldl -lrt -lpthread -lifport -lifcoremt -limf -lsvml -lm -lipgo -liomp5 -lintlc -lpthread -lsvml -lgcc -lgcc_s -lirc_s -ldl -lrt -ldl -lnetcdf -lnetcdff -lnetcdf -lnetcdf -lpioc
make[4]: Leaving directory '/glade/scratch/dunlap/esmf-testing/intel_18.0.5_intelmpi_O_develop/src/apps/ESMF_WebServController'
tree_build_apps in: /glade/scratch/dunlap/esmf-testing/intel_18.0.5_intelmpi_O_develop/src/apps/ESMF_Scrip2Unstruct
make[4]: Entering directory '/glade/scratch/dunlap/esmf-testing/intel_18.0.5_intelmpi_O_develop/src/apps/ESMF_Scrip2Unstruct'
make chkdir_locobj
make[5]: Entering directory '/glade/scratch/dunlap/esmf-testing/intel_18.0.5_intelmpi_O_develop/src/apps/ESMF_Scrip2Unstruct'
/bin/sh: line 0: [: -ge: unary operator expected
/bin/sh: line 0: [: -ge: unary operator expected
Making directory /glade/scratch/dunlap/esmf-testing/intel_18.0.5_intelmpi_O_develop/obj/objO/Linux.intel.64.intelmpi.default/src/apps/ESMF_Scrip2Unstruct for apps output
make[5]: Leaving directory '/glade/scratch/dunlap/esmf-testing/intel_18.0.5_intelmpi_O_develop/src/apps/ESMF_Scrip2Unstruct'
mpiicpc -c -std=c++11 -O -DNDEBUG -fPIC -debug minimal -m64 -mcmodel=small -pthread  -qopenmp -I/glade/scratch/dunlap/esmf-testing/intel_18.0.5_intelmpi_O_develop/src/apps/ESMF_Scrip2Unstruct -I/glade/scratch/dunlap/esmf-testing/intel_18.0.5_intelmpi_O_develop/src/apps/ESMF_Scrip2Unstruct/../include -I/glade/scratch/dunlap/esmf-testing/intel_18.0.5_intelmpi_O_develop/build_config/Linux.intel.default -I/glade/scratch/dunlap/esmf-testing/intel_18.0.5_intelmpi_O_develop/src/Infrastructure -I/glade/scratch/dunlap/esmf-testing/intel_18.0.5_intelmpi_O_develop/src/Superstructure -I/glade/scratch/dunlap/esmf-testing/intel_18.0.5_intelmpi_O_develop/src/Infrastructure/stubs/pthread  -I/glade/scratch/dunlap/esmf-testing/intel_18.0.5_intelmpi_O_develop/src/include  -I/glade/u/apps/ch/opt/netcdf/4.6.3/intel/18.0.5/include -I/glade/scratch/dunlap/esmf-testing/intel_18.0.5_intelmpi_O_develop/src/prologue/yaml-cpp/include -DESMF_NO_INTEGER_1_BYTE -DESMF_NO_INTEGER_2_BYTE -DESMF_VERSION_STRING_GIT='"v8.4.0b02-7-g9328c9b05f"' -DESMF_MOAB=1 -DESMF_LAPACK=1 -DESMF_LAPACK_INTERNAL=1 -DESMF_NO_ACC_SOFTWARE_STACK=1 -DESMF_NETCDF=1 -DESMF_YAMLCPP=1 -DESMF_YAML=1 -DESMF_PIO=1 -DESMF_NO_OPENACC -DESMF_TESTEXHAUSTIVE -DESMF_BOPT_O -DESMF_TESTCOMPTUNNEL -DESMF_TESTWITHTHREADS -DSx86_64_small=1 -DESMF_OS_Linux=1 -DESMF_COMM=intelmpi -DESMF_DIR=/glade/scratch/dunlap/esmf-testing/intel_18.0.5_intelmpi_O_develop -D__SDIR__='"src/apps/ESMF_Scrip2Unstruct"' -DESMF_CXXSTD=11 ESMF_Scrip2Unstruct.C -o /glade/scratch/dunlap/esmf-testing/intel_18.0.5_intelmpi_O_develop/obj/objO/Linux.intel.64.intelmpi.default/src/apps/ESMF_Scrip2Unstruct/ESMF_Scrip2Unstruct.o

Error: A license for Comp-CL is not available now (-15,570,115).

A connection to the license server could not be made.  You should
make sure that your license daemon process is running: both an
lmgrd process and an INTEL process should be running
if your license limits you to a specified number of licenses in use
at a time.  Also, check to see if the wrong port@host or the wrong
license file is being used, or if the port or hostname in the license
file has changed.

License file(s) used were (in this order):
**  1.  28518@128.117.177.41
**  2.  /glade/u/apps/opt/intel/2018u4/compilers_and_libraries_2018.5.274/linux/bin/intel64/../../Licenses
**  3.  /glade/u/home/dunlap/Licenses
**  4.  /opt/intel/licenses
**  5.  /Users/Shared/Library/Application Support/Intel/Licenses
**  6.  /glade/u/apps/opt/intel/2018u4/compilers_and_libraries_2018.5.274/linux/bin/intel64/*.lic

Please refer http://software.intel.com/sites/support/ for more information..

icpc: error #10052: could not checkout FLEXlm license
/glade/scratch/dunlap/esmf-testing/intel_18.0.5_intelmpi_O_develop/build/common.mk:3868: recipe for target '/glade/scratch/dunlap/esmf-testing/intel_18.0.5_intelmpi_O_develop/obj/objO/Linux.intel.64.intelmpi.default/src/apps/ESMF_Scrip2Unstruct/ESMF_Scrip2Unstruct.o' failed
make[4]: *** [/glade/scratch/dunlap/esmf-testing/intel_18.0.5_intelmpi_O_develop/obj/objO/Linux.intel.64.intelmpi.default/src/apps/ESMF_Scrip2Unstruct/ESMF_Scrip2Unstruct.o] Error 1
make[4]: Leaving directory '/glade/scratch/dunlap/esmf-testing/intel_18.0.5_intelmpi_O_develop/src/apps/ESMF_Scrip2Unstruct'
/glade/scratch/dunlap/esmf-testing/intel_18.0.5_intelmpi_O_develop/build/common.mk:3770: recipe for target 'tree' failed
make[3]: *** [tree] Error 1
make[3]: Leaving directory '/glade/scratch/dunlap/esmf-testing/intel_18.0.5_intelmpi_O_develop/src/apps'
/glade/scratch/dunlap/esmf-testing/intel_18.0.5_intelmpi_O_develop/build/common.mk:2534: recipe for target 'build_apps' failed
make[2]: *** [build_apps] Error 2
make[2]: Leaving directory '/glade/scratch/dunlap/esmf-testing/intel_18.0.5_intelmpi_O_develop'
makefile:665: recipe for target 'install_apps' failed
make[1]: *** [install_apps] Error 2
make[1]: Leaving directory '/glade/scratch/dunlap/esmf-testing/intel_18.0.5_intelmpi_O_develop'
makefile:691: recipe for target 'install' failed
make: *** [install] Error 2
