Sat Jul 16 15:24:02 UTC 2022
 
Installing ESMF:
 
mkdir -p /scratch1/NCEPDEV/stmp2/role.esmfmaint/intel_18.0.5b_intelmpi_g_develop/DEFAULTINSTALLDIR/include
cp -f /scratch1/NCEPDEV/stmp2/role.esmfmaint/intel_18.0.5b_intelmpi_g_develop/src/include/ESMC.h /scratch1/NCEPDEV/stmp2/role.esmfmaint/intel_18.0.5b_intelmpi_g_develop/DEFAULTINSTALLDIR/include
cp -f /scratch1/NCEPDEV/stmp2/role.esmfmaint/intel_18.0.5b_intelmpi_g_develop/src/include/ESMC_*.h /scratch1/NCEPDEV/stmp2/role.esmfmaint/intel_18.0.5b_intelmpi_g_develop/DEFAULTINSTALLDIR/include
cp -f /scratch1/NCEPDEV/stmp2/role.esmfmaint/intel_18.0.5b_intelmpi_g_develop/build_config/Linux.intel.default/ESMC_Conf.h /scratch1/NCEPDEV/stmp2/role.esmfmaint/intel_18.0.5b_intelmpi_g_develop/DEFAULTINSTALLDIR/include
mkdir -p /scratch1/NCEPDEV/stmp2/role.esmfmaint/intel_18.0.5b_intelmpi_g_develop/DEFAULTINSTALLDIR/mod/modg/Linux.intel.64.intelmpi.default
cp -f /scratch1/NCEPDEV/stmp2/role.esmfmaint/intel_18.0.5b_intelmpi_g_develop/mod/modg/Linux.intel.64.intelmpi.default/*.mod /scratch1/NCEPDEV/stmp2/role.esmfmaint/intel_18.0.5b_intelmpi_g_develop/DEFAULTINSTALLDIR/mod/modg/Linux.intel.64.intelmpi.default
mkdir -p /scratch1/NCEPDEV/stmp2/role.esmfmaint/intel_18.0.5b_intelmpi_g_develop/DEFAULTINSTALLDIR/lib/libg/Linux.intel.64.intelmpi.default
cp -f /scratch1/NCEPDEV/stmp2/role.esmfmaint/intel_18.0.5b_intelmpi_g_develop/lib/libg/Linux.intel.64.intelmpi.default/libesmf*.* /scratch1/NCEPDEV/stmp2/role.esmfmaint/intel_18.0.5b_intelmpi_g_develop/DEFAULTINSTALLDIR/lib/libg/Linux.intel.64.intelmpi.default
cp -f /scratch1/NCEPDEV/stmp2/role.esmfmaint/intel_18.0.5b_intelmpi_g_develop/lib/libg/Linux.intel.64.intelmpi.default/libpioc.* /scratch1/NCEPDEV/stmp2/role.esmfmaint/intel_18.0.5b_intelmpi_g_develop/DEFAULTINSTALLDIR/lib/libg/Linux.intel.64.intelmpi.default
make ESMF_PRELOADDIR=/scratch1/NCEPDEV/stmp2/role.esmfmaint/intel_18.0.5b_intelmpi_g_develop/DEFAULTINSTALLDIR/lib/libg/Linux.intel.64.intelmpi.default build_preload_script
make[1]: Entering directory `/scratch1/NCEPDEV/stmp2/role.esmfmaint/intel_18.0.5b_intelmpi_g_develop'
chmod 755 /scratch1/NCEPDEV/stmp2/role.esmfmaint/intel_18.0.5b_intelmpi_g_develop/DEFAULTINSTALLDIR/lib/libg/Linux.intel.64.intelmpi.default/preload.sh
make[1]: Leaving directory `/scratch1/NCEPDEV/stmp2/role.esmfmaint/intel_18.0.5b_intelmpi_g_develop'
ranlib /scratch1/NCEPDEV/stmp2/role.esmfmaint/intel_18.0.5b_intelmpi_g_develop/DEFAULTINSTALLDIR/lib/libg/Linux.intel.64.intelmpi.default/libesmf*.a
make install_apps
make[1]: Entering directory `/scratch1/NCEPDEV/stmp2/role.esmfmaint/intel_18.0.5b_intelmpi_g_develop'
mkdir -p /scratch1/NCEPDEV/stmp2/role.esmfmaint/intel_18.0.5b_intelmpi_g_develop/DEFAULTINSTALLDIR/bin/bing/Linux.intel.64.intelmpi.default
make build_apps ESMF_APPSDIR=/scratch1/NCEPDEV/stmp2/role.esmfmaint/intel_18.0.5b_intelmpi_g_develop/DEFAULTINSTALLDIR/bin/bing/Linux.intel.64.intelmpi.default ESMF_LDIR=/scratch1/NCEPDEV/stmp2/role.esmfmaint/intel_18.0.5b_intelmpi_g_develop/DEFAULTINSTALLDIR/lib/libg/Linux.intel.64.intelmpi.default ESMF_LIBDIR=/scratch1/NCEPDEV/stmp2/role.esmfmaint/intel_18.0.5b_intelmpi_g_develop/DEFAULTINSTALLDIR/lib/libg/Linux.intel.64.intelmpi.default ESMF_MODDIR=/scratch1/NCEPDEV/stmp2/role.esmfmaint/intel_18.0.5b_intelmpi_g_develop/DEFAULTINSTALLDIR/mod/modg/Linux.intel.64.intelmpi.default
make[2]: Entering directory `/scratch1/NCEPDEV/stmp2/role.esmfmaint/intel_18.0.5b_intelmpi_g_develop'
cd /scratch1/NCEPDEV/stmp2/role.esmfmaint/intel_18.0.5b_intelmpi_g_develop/src/apps; make ACTION=tree_build_apps tree
make[3]: Entering directory `/scratch1/NCEPDEV/stmp2/role.esmfmaint/intel_18.0.5b_intelmpi_g_develop/src/apps'
tree_build_apps in: /scratch1/NCEPDEV/stmp2/role.esmfmaint/intel_18.0.5b_intelmpi_g_develop/src/apps/ESMF_PrintInfo
make[4]: Entering directory `/scratch1/NCEPDEV/stmp2/role.esmfmaint/intel_18.0.5b_intelmpi_g_develop/src/apps/ESMF_PrintInfo'
make chkdir_apps
make[5]: Entering directory `/scratch1/NCEPDEV/stmp2/role.esmfmaint/intel_18.0.5b_intelmpi_g_develop/src/apps/ESMF_PrintInfo'
make[5]: Leaving directory `/scratch1/NCEPDEV/stmp2/role.esmfmaint/intel_18.0.5b_intelmpi_g_develop/src/apps/ESMF_PrintInfo'
mpiifort    -m64 -mcmodel=small -pthread -threads -Wl,--no-as-needed  -qopenmp -L/scratch1/NCEPDEV/stmp2/role.esmfmaint/intel_18.0.5b_intelmpi_g_develop/DEFAULTINSTALLDIR/lib/libg/Linux.intel.64.intelmpi.default -L/apps/spack/linux-centos7-x86_64/intel-18.0.5/netcdf-c-4.7.4-hfnffse7ukc2dmi6u5hd3ofv6r6vxheg/lib -L/apps/spack/linux-centos7-x86_64/intel-18.0.5/netcdf-fortran-4.5.3-pab53krtf4bxawz53fkztkdeci3yxgwe/lib  -Wl,-rpath,/scratch1/NCEPDEV/stmp2/role.esmfmaint/intel_18.0.5b_intelmpi_g_develop/DEFAULTINSTALLDIR/lib/libg/Linux.intel.64.intelmpi.default -Wl,-rpath,/apps/spack/linux-centos7-x86_64/intel-18.0.5/netcdf-c-4.7.4-hfnffse7ukc2dmi6u5hd3ofv6r6vxheg/lib -Wl,-rpath,/apps/spack/linux-centos7-x86_64/intel-18.0.5/netcdf-fortran-4.5.3-pab53krtf4bxawz53fkztkdeci3yxgwe/lib  -o /scratch1/NCEPDEV/stmp2/role.esmfmaint/intel_18.0.5b_intelmpi_g_develop/DEFAULTINSTALLDIR/bin/bing/Linux.intel.64.intelmpi.default/ESMF_PrintInfo /scratch1/NCEPDEV/stmp2/role.esmfmaint/intel_18.0.5b_intelmpi_g_develop/obj/objg/Linux.intel.64.intelmpi.default/src/apps/ESMF_PrintInfo/ESMF_PrintInfo.o -lesmf  -cxxlib -lrt -ldl -lnetcdf -lnetcdff -lpioc
make[4]: Leaving directory `/scratch1/NCEPDEV/stmp2/role.esmfmaint/intel_18.0.5b_intelmpi_g_develop/src/apps/ESMF_PrintInfo'
tree_build_apps in: /scratch1/NCEPDEV/stmp2/role.esmfmaint/intel_18.0.5b_intelmpi_g_develop/src/apps/ESMF_PrintInfoC
make[4]: Entering directory `/scratch1/NCEPDEV/stmp2/role.esmfmaint/intel_18.0.5b_intelmpi_g_develop/src/apps/ESMF_PrintInfoC'
make chkdir_apps
make[5]: Entering directory `/scratch1/NCEPDEV/stmp2/role.esmfmaint/intel_18.0.5b_intelmpi_g_develop/src/apps/ESMF_PrintInfoC'
make[5]: Leaving directory `/scratch1/NCEPDEV/stmp2/role.esmfmaint/intel_18.0.5b_intelmpi_g_develop/src/apps/ESMF_PrintInfoC'
mpiicpc    -m64 -mcmodel=small -pthread -Wl,--no-as-needed  -qopenmp -L/scratch1/NCEPDEV/stmp2/role.esmfmaint/intel_18.0.5b_intelmpi_g_develop/DEFAULTINSTALLDIR/lib/libg/Linux.intel.64.intelmpi.default -L/apps/spack/linux-centos7-x86_64/intel-18.0.5/netcdf-c-4.7.4-hfnffse7ukc2dmi6u5hd3ofv6r6vxheg/lib -L/apps/spack/linux-centos7-x86_64/intel-18.0.5/netcdf-fortran-4.5.3-pab53krtf4bxawz53fkztkdeci3yxgwe/lib -L/apps/intel/compilers_and_libraries_2018.5.274/linux/compiler/lib/intel64_lin/ -Wl,-rpath,/scratch1/NCEPDEV/stmp2/role.esmfmaint/intel_18.0.5b_intelmpi_g_develop/DEFAULTINSTALLDIR/lib/libg/Linux.intel.64.intelmpi.default -Wl,-rpath,/apps/spack/linux-centos7-x86_64/intel-18.0.5/netcdf-c-4.7.4-hfnffse7ukc2dmi6u5hd3ofv6r6vxheg/lib -Wl,-rpath,/apps/spack/linux-centos7-x86_64/intel-18.0.5/netcdf-fortran-4.5.3-pab53krtf4bxawz53fkztkdeci3yxgwe/lib  -Wl,-rpath,/apps/intel/compilers_and_libraries_2018.5.274/linux/compiler/lib/intel64_lin/ -o /scratch1/NCEPDEV/stmp2/role.esmfmaint/intel_18.0.5b_intelmpi_g_develop/DEFAULTINSTALLDIR/bin/bing/Linux.intel.64.intelmpi.default/ESMF_PrintInfoC /scratch1/NCEPDEV/stmp2/role.esmfmaint/intel_18.0.5b_intelmpi_g_develop/obj/objg/Linux.intel.64.intelmpi.default/src/apps/ESMF_PrintInfoC/ESMF_PrintInfoC.o -lesmf  -ldl -lrt -lpthread -lifport -lifcoremt -limf -lsvml -lm -lipgo -liomp5 -lintlc -lpthread -lsvml -ldl -lgcc -lgcc_s -lirc_s -ldl -lrt -ldl -lnetcdf -lnetcdff -lpioc
make[4]: Leaving directory `/scratch1/NCEPDEV/stmp2/role.esmfmaint/intel_18.0.5b_intelmpi_g_develop/src/apps/ESMF_PrintInfoC'
tree_build_apps in: /scratch1/NCEPDEV/stmp2/role.esmfmaint/intel_18.0.5b_intelmpi_g_develop/src/apps/ESMF_RegridWeightGen
make[4]: Entering directory `/scratch1/NCEPDEV/stmp2/role.esmfmaint/intel_18.0.5b_intelmpi_g_develop/src/apps/ESMF_RegridWeightGen'
make chkdir_apps
make[5]: Entering directory `/scratch1/NCEPDEV/stmp2/role.esmfmaint/intel_18.0.5b_intelmpi_g_develop/src/apps/ESMF_RegridWeightGen'
make[5]: Leaving directory `/scratch1/NCEPDEV/stmp2/role.esmfmaint/intel_18.0.5b_intelmpi_g_develop/src/apps/ESMF_RegridWeightGen'
mpiifort    -m64 -mcmodel=small -pthread -threads -Wl,--no-as-needed  -qopenmp -L/scratch1/NCEPDEV/stmp2/role.esmfmaint/intel_18.0.5b_intelmpi_g_develop/DEFAULTINSTALLDIR/lib/libg/Linux.intel.64.intelmpi.default -L/apps/spack/linux-centos7-x86_64/intel-18.0.5/netcdf-c-4.7.4-hfnffse7ukc2dmi6u5hd3ofv6r6vxheg/lib -L/apps/spack/linux-centos7-x86_64/intel-18.0.5/netcdf-fortran-4.5.3-pab53krtf4bxawz53fkztkdeci3yxgwe/lib  -Wl,-rpath,/scratch1/NCEPDEV/stmp2/role.esmfmaint/intel_18.0.5b_intelmpi_g_develop/DEFAULTINSTALLDIR/lib/libg/Linux.intel.64.intelmpi.default -Wl,-rpath,/apps/spack/linux-centos7-x86_64/intel-18.0.5/netcdf-c-4.7.4-hfnffse7ukc2dmi6u5hd3ofv6r6vxheg/lib -Wl,-rpath,/apps/spack/linux-centos7-x86_64/intel-18.0.5/netcdf-fortran-4.5.3-pab53krtf4bxawz53fkztkdeci3yxgwe/lib  -o /scratch1/NCEPDEV/stmp2/role.esmfmaint/intel_18.0.5b_intelmpi_g_develop/DEFAULTINSTALLDIR/bin/bing/Linux.intel.64.intelmpi.default/ESMF_RegridWeightGen /scratch1/NCEPDEV/stmp2/role.esmfmaint/intel_18.0.5b_intelmpi_g_develop/obj/objg/Linux.intel.64.intelmpi.default/src/apps/ESMF_RegridWeightGen/ESMF_RegridWeightGen.o -lesmf  -cxxlib -lrt -ldl -lnetcdf -lnetcdff -lpioc
make[4]: Leaving directory `/scratch1/NCEPDEV/stmp2/role.esmfmaint/intel_18.0.5b_intelmpi_g_develop/src/apps/ESMF_RegridWeightGen'
tree_build_apps in: /scratch1/NCEPDEV/stmp2/role.esmfmaint/intel_18.0.5b_intelmpi_g_develop/src/apps/ESMF_WebServController
make[4]: Entering directory `/scratch1/NCEPDEV/stmp2/role.esmfmaint/intel_18.0.5b_intelmpi_g_develop/src/apps/ESMF_WebServController'
make chkdir_apps
make[5]: Entering directory `/scratch1/NCEPDEV/stmp2/role.esmfmaint/intel_18.0.5b_intelmpi_g_develop/src/apps/ESMF_WebServController'
make[5]: Leaving directory `/scratch1/NCEPDEV/stmp2/role.esmfmaint/intel_18.0.5b_intelmpi_g_develop/src/apps/ESMF_WebServController'
mpiicpc    -m64 -mcmodel=small -pthread -Wl,--no-as-needed  -qopenmp -L/scratch1/NCEPDEV/stmp2/role.esmfmaint/intel_18.0.5b_intelmpi_g_develop/DEFAULTINSTALLDIR/lib/libg/Linux.intel.64.intelmpi.default -L/apps/spack/linux-centos7-x86_64/intel-18.0.5/netcdf-c-4.7.4-hfnffse7ukc2dmi6u5hd3ofv6r6vxheg/lib -L/apps/spack/linux-centos7-x86_64/intel-18.0.5/netcdf-fortran-4.5.3-pab53krtf4bxawz53fkztkdeci3yxgwe/lib -L/apps/intel/compilers_and_libraries_2018.5.274/linux/compiler/lib/intel64_lin/ -Wl,-rpath,/scratch1/NCEPDEV/stmp2/role.esmfmaint/intel_18.0.5b_intelmpi_g_develop/DEFAULTINSTALLDIR/lib/libg/Linux.intel.64.intelmpi.default -Wl,-rpath,/apps/spack/linux-centos7-x86_64/intel-18.0.5/netcdf-c-4.7.4-hfnffse7ukc2dmi6u5hd3ofv6r6vxheg/lib -Wl,-rpath,/apps/spack/linux-centos7-x86_64/intel-18.0.5/netcdf-fortran-4.5.3-pab53krtf4bxawz53fkztkdeci3yxgwe/lib  -Wl,-rpath,/apps/intel/compilers_and_libraries_2018.5.274/linux/compiler/lib/intel64_lin/ -o /scratch1/NCEPDEV/stmp2/role.esmfmaint/intel_18.0.5b_intelmpi_g_develop/DEFAULTINSTALLDIR/bin/bing/Linux.intel.64.intelmpi.default/ESMF_WebServController /scratch1/NCEPDEV/stmp2/role.esmfmaint/intel_18.0.5b_intelmpi_g_develop/obj/objg/Linux.intel.64.intelmpi.default/src/apps/ESMF_WebServController/ESMF_WebServController.o -lesmf  -ldl -lrt -lpthread -lifport -lifcoremt -limf -lsvml -lm -lipgo -liomp5 -lintlc -lpthread -lsvml -ldl -lgcc -lgcc_s -lirc_s -ldl -lrt -ldl -lnetcdf -lnetcdff -lpioc
make[4]: Leaving directory `/scratch1/NCEPDEV/stmp2/role.esmfmaint/intel_18.0.5b_intelmpi_g_develop/src/apps/ESMF_WebServController'
tree_build_apps in: /scratch1/NCEPDEV/stmp2/role.esmfmaint/intel_18.0.5b_intelmpi_g_develop/src/apps/ESMF_Scrip2Unstruct
make[4]: Entering directory `/scratch1/NCEPDEV/stmp2/role.esmfmaint/intel_18.0.5b_intelmpi_g_develop/src/apps/ESMF_Scrip2Unstruct'
make chkdir_apps
make[5]: Entering directory `/scratch1/NCEPDEV/stmp2/role.esmfmaint/intel_18.0.5b_intelmpi_g_develop/src/apps/ESMF_Scrip2Unstruct'
make[5]: Leaving directory `/scratch1/NCEPDEV/stmp2/role.esmfmaint/intel_18.0.5b_intelmpi_g_develop/src/apps/ESMF_Scrip2Unstruct'
mpiicpc    -m64 -mcmodel=small -pthread -Wl,--no-as-needed  -qopenmp -L/scratch1/NCEPDEV/stmp2/role.esmfmaint/intel_18.0.5b_intelmpi_g_develop/DEFAULTINSTALLDIR/lib/libg/Linux.intel.64.intelmpi.default -L/apps/spack/linux-centos7-x86_64/intel-18.0.5/netcdf-c-4.7.4-hfnffse7ukc2dmi6u5hd3ofv6r6vxheg/lib -L/apps/spack/linux-centos7-x86_64/intel-18.0.5/netcdf-fortran-4.5.3-pab53krtf4bxawz53fkztkdeci3yxgwe/lib -L/apps/intel/compilers_and_libraries_2018.5.274/linux/compiler/lib/intel64_lin/ -Wl,-rpath,/scratch1/NCEPDEV/stmp2/role.esmfmaint/intel_18.0.5b_intelmpi_g_develop/DEFAULTINSTALLDIR/lib/libg/Linux.intel.64.intelmpi.default -Wl,-rpath,/apps/spack/linux-centos7-x86_64/intel-18.0.5/netcdf-c-4.7.4-hfnffse7ukc2dmi6u5hd3ofv6r6vxheg/lib -Wl,-rpath,/apps/spack/linux-centos7-x86_64/intel-18.0.5/netcdf-fortran-4.5.3-pab53krtf4bxawz53fkztkdeci3yxgwe/lib  -Wl,-rpath,/apps/intel/compilers_and_libraries_2018.5.274/linux/compiler/lib/intel64_lin/ -o /scratch1/NCEPDEV/stmp2/role.esmfmaint/intel_18.0.5b_intelmpi_g_develop/DEFAULTINSTALLDIR/bin/bing/Linux.intel.64.intelmpi.default/ESMF_Scrip2Unstruct /scratch1/NCEPDEV/stmp2/role.esmfmaint/intel_18.0.5b_intelmpi_g_develop/obj/objg/Linux.intel.64.intelmpi.default/src/apps/ESMF_Scrip2Unstruct/ESMF_Scrip2Unstruct.o -lesmf  -ldl -lrt -lpthread -lifport -lifcoremt -limf -lsvml -lm -lipgo -liomp5 -lintlc -lpthread -lsvml -ldl -lgcc -lgcc_s -lirc_s -ldl -lrt -ldl -lnetcdf -lnetcdff -lpioc
make[4]: Leaving directory `/scratch1/NCEPDEV/stmp2/role.esmfmaint/intel_18.0.5b_intelmpi_g_develop/src/apps/ESMF_Scrip2Unstruct'
tree_build_apps in: /scratch1/NCEPDEV/stmp2/role.esmfmaint/intel_18.0.5b_intelmpi_g_develop/src/apps/ESMF_Regrid
make[4]: Entering directory `/scratch1/NCEPDEV/stmp2/role.esmfmaint/intel_18.0.5b_intelmpi_g_develop/src/apps/ESMF_Regrid'
make chkdir_apps
make[5]: Entering directory `/scratch1/NCEPDEV/stmp2/role.esmfmaint/intel_18.0.5b_intelmpi_g_develop/src/apps/ESMF_Regrid'
make[5]: Leaving directory `/scratch1/NCEPDEV/stmp2/role.esmfmaint/intel_18.0.5b_intelmpi_g_develop/src/apps/ESMF_Regrid'
mpiifort    -m64 -mcmodel=small -pthread -threads -Wl,--no-as-needed  -qopenmp -L/scratch1/NCEPDEV/stmp2/role.esmfmaint/intel_18.0.5b_intelmpi_g_develop/DEFAULTINSTALLDIR/lib/libg/Linux.intel.64.intelmpi.default -L/apps/spack/linux-centos7-x86_64/intel-18.0.5/netcdf-c-4.7.4-hfnffse7ukc2dmi6u5hd3ofv6r6vxheg/lib -L/apps/spack/linux-centos7-x86_64/intel-18.0.5/netcdf-fortran-4.5.3-pab53krtf4bxawz53fkztkdeci3yxgwe/lib  -Wl,-rpath,/scratch1/NCEPDEV/stmp2/role.esmfmaint/intel_18.0.5b_intelmpi_g_develop/DEFAULTINSTALLDIR/lib/libg/Linux.intel.64.intelmpi.default -Wl,-rpath,/apps/spack/linux-centos7-x86_64/intel-18.0.5/netcdf-c-4.7.4-hfnffse7ukc2dmi6u5hd3ofv6r6vxheg/lib -Wl,-rpath,/apps/spack/linux-centos7-x86_64/intel-18.0.5/netcdf-fortran-4.5.3-pab53krtf4bxawz53fkztkdeci3yxgwe/lib  -o /scratch1/NCEPDEV/stmp2/role.esmfmaint/intel_18.0.5b_intelmpi_g_develop/DEFAULTINSTALLDIR/bin/bing/Linux.intel.64.intelmpi.default/ESMF_Regrid /scratch1/NCEPDEV/stmp2/role.esmfmaint/intel_18.0.5b_intelmpi_g_develop/obj/objg/Linux.intel.64.intelmpi.default/src/apps/ESMF_Regrid/ESMF_Regrid.o -lesmf  -cxxlib -lrt -ldl -lnetcdf -lnetcdff -lpioc
make[4]: Leaving directory `/scratch1/NCEPDEV/stmp2/role.esmfmaint/intel_18.0.5b_intelmpi_g_develop/src/apps/ESMF_Regrid'
make[3]: Leaving directory `/scratch1/NCEPDEV/stmp2/role.esmfmaint/intel_18.0.5b_intelmpi_g_develop/src/apps'
ESMF apps built successfully.
make[2]: Leaving directory `/scratch1/NCEPDEV/stmp2/role.esmfmaint/intel_18.0.5b_intelmpi_g_develop'
make[1]: Leaving directory `/scratch1/NCEPDEV/stmp2/role.esmfmaint/intel_18.0.5b_intelmpi_g_develop'
mkdir -p /scratch1/NCEPDEV/stmp2/role.esmfmaint/intel_18.0.5b_intelmpi_g_develop/DEFAULTINSTALLDIR/doc
make install_info_mk
make[1]: Entering directory `/scratch1/NCEPDEV/stmp2/role.esmfmaint/intel_18.0.5b_intelmpi_g_develop'
make info_mk ESMF_APPSDIR=/scratch1/NCEPDEV/stmp2/role.esmfmaint/intel_18.0.5b_intelmpi_g_develop/DEFAULTINSTALLDIR/bin/bing/Linux.intel.64.intelmpi.default ESMF_LDIR=/scratch1/NCEPDEV/stmp2/role.esmfmaint/intel_18.0.5b_intelmpi_g_develop/DEFAULTINSTALLDIR/lib/libg/Linux.intel.64.intelmpi.default ESMF_LIBDIR=/scratch1/NCEPDEV/stmp2/role.esmfmaint/intel_18.0.5b_intelmpi_g_develop/DEFAULTINSTALLDIR/lib/libg/Linux.intel.64.intelmpi.default ESMF_MODDIR=/scratch1/NCEPDEV/stmp2/role.esmfmaint/intel_18.0.5b_intelmpi_g_develop/DEFAULTINSTALLDIR/mod/modg/Linux.intel.64.intelmpi.default ESMF_INCDIR=/scratch1/NCEPDEV/stmp2/role.esmfmaint/intel_18.0.5b_intelmpi_g_develop/DEFAULTINSTALLDIR/include
make[2]: Entering directory `/scratch1/NCEPDEV/stmp2/role.esmfmaint/intel_18.0.5b_intelmpi_g_develop'
make[2]: Leaving directory `/scratch1/NCEPDEV/stmp2/role.esmfmaint/intel_18.0.5b_intelmpi_g_develop'
make[1]: Leaving directory `/scratch1/NCEPDEV/stmp2/role.esmfmaint/intel_18.0.5b_intelmpi_g_develop'
 
ESMF installation complete.
 
