build time -- 2022-06-28 06:04:07
20220628 062544.531 INFO             PET0 !!!!!!!!!!!!!!!!!!!!!!!!!!!!!!!!!!!!!!!!!!!!!!!!!!!!!!
20220628 062544.531 INFO             PET0 !!! THE ESMF_LOG IS SET TO OUTPUT ALL LOG MESSAGES !!!
20220628 062544.531 INFO             PET0 !!!     THIS MAY CAUSE SLOWDOWN IN PERFORMANCE     !!!
20220628 062544.531 INFO             PET0 !!! FOR PRODUCTION RUNS, USE:                      !!!
20220628 062544.531 INFO             PET0 !!!                   ESMF_LOGKIND_Multi_On_Error  !!!
20220628 062544.531 INFO             PET0 !!!!!!!!!!!!!!!!!!!!!!!!!!!!!!!!!!!!!!!!!!!!!!!!!!!!!!
20220628 062544.531 INFO             PET0 Running with ESMF Version   : v8.4.0b01-2-gf0d4ab211d
20220628 062544.531 INFO             PET0 ESMF library build date/time: "Jun 28 2022" "06:03:02"
20220628 062544.531 INFO             PET0 ESMF library build location : /scratch1/NCEPDEV/stmp2/role.esmfmaint/gfortran_9.2.0a_mpiuni_g_develop
20220628 062544.531 INFO             PET0 ESMF_COMM                   : mpiuni
20220628 062544.532 INFO             PET0 ESMF_MOAB                   : enabled
20220628 062544.532 INFO             PET0 ESMF_LAPACK                 : enabled
20220628 062544.532 INFO             PET0 ESMF_NETCDF                 : enabled
20220628 062544.532 INFO             PET0 ESMF_PNETCDF                : disabled
20220628 062544.532 INFO             PET0 ESMF_PIO                    : disabled
20220628 062544.532 INFO             PET0 ESMF_YAMLCPP                : enabled
20220628 062544.533 INFO             PET0  NUMBER_OF_PROCESSORS           1
20220628 062544.533 INFO             PET0  PASS  Example ESMF_TimeEx, ESMF_TimeEx.F90, line 141
20220628 062544.533 INFO             PET0 Finalizing ESMF
