build time -- 2022-06-23 06:04:04
20220623 062642.485 INFO             PET0 !!!!!!!!!!!!!!!!!!!!!!!!!!!!!!!!!!!!!!!!!!!!!!!!!!!!!!
20220623 062642.485 INFO             PET0 !!! THE ESMF_LOG IS SET TO OUTPUT ALL LOG MESSAGES !!!
20220623 062642.485 INFO             PET0 !!!     THIS MAY CAUSE SLOWDOWN IN PERFORMANCE     !!!
20220623 062642.485 INFO             PET0 !!! FOR PRODUCTION RUNS, USE:                      !!!
20220623 062642.485 INFO             PET0 !!!                   ESMF_LOGKIND_Multi_On_Error  !!!
20220623 062642.485 INFO             PET0 !!!!!!!!!!!!!!!!!!!!!!!!!!!!!!!!!!!!!!!!!!!!!!!!!!!!!!
20220623 062642.485 INFO             PET0 Running with ESMF Version   : v8.4.0b01-2-gf0d4ab211d
20220623 062642.485 INFO             PET0 ESMF library build date/time: "Jun 23 2022" "06:02:57"
20220623 062642.485 INFO             PET0 ESMF library build location : /scratch1/NCEPDEV/stmp2/role.esmfmaint/gfortran_9.2.0a_mpiuni_g_develop
20220623 062642.485 INFO             PET0 ESMF_COMM                   : mpiuni
20220623 062642.486 INFO             PET0 ESMF_MOAB                   : enabled
20220623 062642.486 INFO             PET0 ESMF_LAPACK                 : enabled
20220623 062642.486 INFO             PET0 ESMF_NETCDF                 : enabled
20220623 062642.486 INFO             PET0 ESMF_PNETCDF                : disabled
20220623 062642.486 INFO             PET0 ESMF_PIO                    : disabled
20220623 062642.486 INFO             PET0 ESMF_YAMLCPP                : enabled
20220623 062642.552 DEBUG            PET0 about to destroy Grid: 0x10d84b0
20220623 062642.565 DEBUG            PET0 about to destroy Grid: 0x10d9b60
20220623 062642.596 INFO             PET0  NUMBER_OF_PROCESSORS           1
20220623 062642.596 INFO             PET0  PASS  Example ESMF_NUOPCAtmModelEx, ESMF_NUOPCAtmModelEx.F90, line 806
20220623 062642.596 INFO             PET0 Finalizing ESMF
