build time -- 2022-06-04 01:29:07
20220604 014632.981 INFO             PET0 !!!!!!!!!!!!!!!!!!!!!!!!!!!!!!!!!!!!!!!!!!!!!!!!!!!!!!
20220604 014632.981 INFO             PET0 !!! THE ESMF_LOG IS SET TO OUTPUT ALL LOG MESSAGES !!!
20220604 014632.981 INFO             PET0 !!!     THIS MAY CAUSE SLOWDOWN IN PERFORMANCE     !!!
20220604 014632.981 INFO             PET0 !!! FOR PRODUCTION RUNS, USE:                      !!!
20220604 014632.981 INFO             PET0 !!!                   ESMF_LOGKIND_Multi_On_Error  !!!
20220604 014632.981 INFO             PET0 !!!!!!!!!!!!!!!!!!!!!!!!!!!!!!!!!!!!!!!!!!!!!!!!!!!!!!
20220604 014632.981 INFO             PET0 Running with ESMF Version   : v8.3.0b17-1-g6ed324f6a2
20220604 014632.981 INFO             PET0 ESMF library build date/time: "Jun  4 2022" "01:27:56"
20220604 014632.981 INFO             PET0 ESMF library build location : /lfs/h1/emc/ptmp/Mark.Potts/intel_19.1.3_mpi_g_release_8.3.0
20220604 014632.981 INFO             PET0 ESMF_COMM                   : mpi
20220604 014632.982 INFO             PET0 ESMF_MOAB                   : enabled
20220604 014632.982 INFO             PET0 ESMF_LAPACK                 : enabled
20220604 014632.982 INFO             PET0 ESMF_NETCDF                 : enabled
20220604 014632.982 INFO             PET0 ESMF_PNETCDF                : disabled
20220604 014632.982 INFO             PET0 ESMF_PIO                    : enabled
20220604 014632.982 INFO             PET0 ESMF_YAMLCPP                : enabled
20220604 014632.982 INFO             PET0  NUMBER_OF_PROCESSORS           4
20220604 014632.982 INFO             PET0  PASS  Example ESMF_VMUserMpiCommMultiEx, ESMF_VMUserMpiCommMultiEx.F90, line 126
20220604 014632.982 INFO             PET0 Finalizing ESMF
20220604 014632.981 INFO             PET0 !!!!!!!!!!!!!!!!!!!!!!!!!!!!!!!!!!!!!!!!!!!!!!!!!!!!!!
20220604 014632.981 INFO             PET0 !!! THE ESMF_LOG IS SET TO OUTPUT ALL LOG MESSAGES !!!
20220604 014632.981 INFO             PET0 !!!     THIS MAY CAUSE SLOWDOWN IN PERFORMANCE     !!!
20220604 014632.981 INFO             PET0 !!! FOR PRODUCTION RUNS, USE:                      !!!
20220604 014632.981 INFO             PET0 !!!                   ESMF_LOGKIND_Multi_On_Error  !!!
20220604 014632.981 INFO             PET0 !!!!!!!!!!!!!!!!!!!!!!!!!!!!!!!!!!!!!!!!!!!!!!!!!!!!!!
20220604 014632.981 INFO             PET0 Running with ESMF Version   : v8.3.0b17-1-g6ed324f6a2
20220604 014632.981 INFO             PET0 ESMF library build date/time: "Jun  4 2022" "01:27:56"
20220604 014632.981 INFO             PET0 ESMF library build location : /lfs/h1/emc/ptmp/Mark.Potts/intel_19.1.3_mpi_g_release_8.3.0
20220604 014632.981 INFO             PET0 ESMF_COMM                   : mpi
20220604 014632.982 INFO             PET0 ESMF_MOAB                   : enabled
20220604 014632.982 INFO             PET0 ESMF_LAPACK                 : enabled
20220604 014632.982 INFO             PET0 ESMF_NETCDF                 : enabled
20220604 014632.982 INFO             PET0 ESMF_PNETCDF                : disabled
20220604 014632.982 INFO             PET0 ESMF_PIO                    : enabled
20220604 014632.982 INFO             PET0 ESMF_YAMLCPP                : enabled
20220604 014632.982 INFO             PET0  NUMBER_OF_PROCESSORS           4
20220604 014632.982 INFO             PET0  PASS  Example ESMF_VMUserMpiCommMultiEx, ESMF_VMUserMpiCommMultiEx.F90, line 154
20220604 014632.983 INFO             PET0 Finalizing ESMF
20220604 014632.981 INFO             PET1 !!!!!!!!!!!!!!!!!!!!!!!!!!!!!!!!!!!!!!!!!!!!!!!!!!!!!!
20220604 014632.981 INFO             PET1 !!! THE ESMF_LOG IS SET TO OUTPUT ALL LOG MESSAGES !!!
20220604 014632.981 INFO             PET1 !!!     THIS MAY CAUSE SLOWDOWN IN PERFORMANCE     !!!
20220604 014632.981 INFO             PET1 !!! FOR PRODUCTION RUNS, USE:                      !!!
20220604 014632.981 INFO             PET1 !!!                   ESMF_LOGKIND_Multi_On_Error  !!!
20220604 014632.981 INFO             PET1 !!!!!!!!!!!!!!!!!!!!!!!!!!!!!!!!!!!!!!!!!!!!!!!!!!!!!!
20220604 014632.981 INFO             PET1 Running with ESMF Version   : v8.3.0b17-1-g6ed324f6a2
20220604 014632.981 INFO             PET1 ESMF library build date/time: "Jun  4 2022" "01:27:56"
20220604 014632.981 INFO             PET1 ESMF library build location : /lfs/h1/emc/ptmp/Mark.Potts/intel_19.1.3_mpi_g_release_8.3.0
20220604 014632.981 INFO             PET1 ESMF_COMM                   : mpi
20220604 014632.982 INFO             PET1 ESMF_MOAB                   : enabled
20220604 014632.982 INFO             PET1 ESMF_LAPACK                 : enabled
20220604 014632.982 INFO             PET1 ESMF_NETCDF                 : enabled
20220604 014632.982 INFO             PET1 ESMF_PNETCDF                : disabled
20220604 014632.982 INFO             PET1 ESMF_PIO                    : enabled
20220604 014632.982 INFO             PET1 ESMF_YAMLCPP                : enabled
20220604 014632.982 INFO             PET1  NUMBER_OF_PROCESSORS           4
20220604 014632.982 INFO             PET1  PASS  Example ESMF_VMUserMpiCommMultiEx, ESMF_VMUserMpiCommMultiEx.F90, line 126
20220604 014632.982 INFO             PET1 Finalizing ESMF
20220604 014632.981 INFO             PET1 !!!!!!!!!!!!!!!!!!!!!!!!!!!!!!!!!!!!!!!!!!!!!!!!!!!!!!
20220604 014632.981 INFO             PET1 !!! THE ESMF_LOG IS SET TO OUTPUT ALL LOG MESSAGES !!!
20220604 014632.981 INFO             PET1 !!!     THIS MAY CAUSE SLOWDOWN IN PERFORMANCE     !!!
20220604 014632.981 INFO             PET1 !!! FOR PRODUCTION RUNS, USE:                      !!!
20220604 014632.981 INFO             PET1 !!!                   ESMF_LOGKIND_Multi_On_Error  !!!
20220604 014632.981 INFO             PET1 !!!!!!!!!!!!!!!!!!!!!!!!!!!!!!!!!!!!!!!!!!!!!!!!!!!!!!
20220604 014632.981 INFO             PET1 Running with ESMF Version   : v8.3.0b17-1-g6ed324f6a2
20220604 014632.981 INFO             PET1 ESMF library build date/time: "Jun  4 2022" "01:27:56"
20220604 014632.981 INFO             PET1 ESMF library build location : /lfs/h1/emc/ptmp/Mark.Potts/intel_19.1.3_mpi_g_release_8.3.0
20220604 014632.981 INFO             PET1 ESMF_COMM                   : mpi
20220604 014632.982 INFO             PET1 ESMF_MOAB                   : enabled
20220604 014632.982 INFO             PET1 ESMF_LAPACK                 : enabled
20220604 014632.982 INFO             PET1 ESMF_NETCDF                 : enabled
20220604 014632.982 INFO             PET1 ESMF_PNETCDF                : disabled
20220604 014632.982 INFO             PET1 ESMF_PIO                    : enabled
20220604 014632.982 INFO             PET1 ESMF_YAMLCPP                : enabled
20220604 014632.982 INFO             PET1  NUMBER_OF_PROCESSORS           4
20220604 014632.982 INFO             PET1  PASS  Example ESMF_VMUserMpiCommMultiEx, ESMF_VMUserMpiCommMultiEx.F90, line 154
20220604 014632.983 INFO             PET1 Finalizing ESMF
