build time -- 2022-06-03 01:28:59
20220603 014748.516 INFO             PET0 !!!!!!!!!!!!!!!!!!!!!!!!!!!!!!!!!!!!!!!!!!!!!!!!!!!!!!
20220603 014748.516 INFO             PET0 !!! THE ESMF_LOG IS SET TO OUTPUT ALL LOG MESSAGES !!!
20220603 014748.516 INFO             PET0 !!!     THIS MAY CAUSE SLOWDOWN IN PERFORMANCE     !!!
20220603 014748.516 INFO             PET0 !!! FOR PRODUCTION RUNS, USE:                      !!!
20220603 014748.516 INFO             PET0 !!!                   ESMF_LOGKIND_Multi_On_Error  !!!
20220603 014748.516 INFO             PET0 !!!!!!!!!!!!!!!!!!!!!!!!!!!!!!!!!!!!!!!!!!!!!!!!!!!!!!
20220603 014748.516 INFO             PET0 Running with ESMF Version   : v8.3.0b16-5-g20c09bfc24
20220603 014748.516 INFO             PET0 ESMF library build date/time: "Jun  3 2022" "01:27:48"
20220603 014748.516 INFO             PET0 ESMF library build location : /lfs/h1/emc/ptmp/Mark.Potts/intel_19.1.3_mpi_g_release_8.3.0
20220603 014748.516 INFO             PET0 ESMF_COMM                   : mpi
20220603 014748.517 INFO             PET0 ESMF_MOAB                   : enabled
20220603 014748.517 INFO             PET0 ESMF_LAPACK                 : enabled
20220603 014748.517 INFO             PET0 ESMF_NETCDF                 : enabled
20220603 014748.517 INFO             PET0 ESMF_PNETCDF                : disabled
20220603 014748.517 INFO             PET0 ESMF_PIO                    : enabled
20220603 014748.517 INFO             PET0 ESMF_YAMLCPP                : enabled
20220603 014748.563 DEBUG            PET0 about to destroy Grid: 0x964940
20220603 014748.567 DEBUG            PET0 about to destroy Grid: 0x966950
20220603 014748.583 INFO             PET0  NUMBER_OF_PROCESSORS           4
20220603 014748.583 INFO             PET0  PASS  Example ESMF_NUOPCAtmModelEx, ESMF_NUOPCAtmModelEx.F90, line 806
20220603 014748.583 INFO             PET0 Finalizing ESMF
20220603 014748.515 INFO             PET1 !!!!!!!!!!!!!!!!!!!!!!!!!!!!!!!!!!!!!!!!!!!!!!!!!!!!!!
20220603 014748.515 INFO             PET1 !!! THE ESMF_LOG IS SET TO OUTPUT ALL LOG MESSAGES !!!
20220603 014748.515 INFO             PET1 !!!     THIS MAY CAUSE SLOWDOWN IN PERFORMANCE     !!!
20220603 014748.515 INFO             PET1 !!! FOR PRODUCTION RUNS, USE:                      !!!
20220603 014748.515 INFO             PET1 !!!                   ESMF_LOGKIND_Multi_On_Error  !!!
20220603 014748.515 INFO             PET1 !!!!!!!!!!!!!!!!!!!!!!!!!!!!!!!!!!!!!!!!!!!!!!!!!!!!!!
20220603 014748.516 INFO             PET1 Running with ESMF Version   : v8.3.0b16-5-g20c09bfc24
20220603 014748.516 INFO             PET1 ESMF library build date/time: "Jun  3 2022" "01:27:48"
20220603 014748.516 INFO             PET1 ESMF library build location : /lfs/h1/emc/ptmp/Mark.Potts/intel_19.1.3_mpi_g_release_8.3.0
20220603 014748.516 INFO             PET1 ESMF_COMM                   : mpi
20220603 014748.516 INFO             PET1 ESMF_MOAB                   : enabled
20220603 014748.516 INFO             PET1 ESMF_LAPACK                 : enabled
20220603 014748.516 INFO             PET1 ESMF_NETCDF                 : enabled
20220603 014748.516 INFO             PET1 ESMF_PNETCDF                : disabled
20220603 014748.516 INFO             PET1 ESMF_PIO                    : enabled
20220603 014748.516 INFO             PET1 ESMF_YAMLCPP                : enabled
20220603 014748.563 DEBUG            PET1 about to destroy Grid: 0x11a65b0
20220603 014748.567 DEBUG            PET1 about to destroy Grid: 0x11a75c0
20220603 014748.582 INFO             PET1  NUMBER_OF_PROCESSORS           4
20220603 014748.582 INFO             PET1  PASS  Example ESMF_NUOPCAtmModelEx, ESMF_NUOPCAtmModelEx.F90, line 806
20220603 014748.582 INFO             PET1 Finalizing ESMF
20220603 014748.515 INFO             PET2 !!!!!!!!!!!!!!!!!!!!!!!!!!!!!!!!!!!!!!!!!!!!!!!!!!!!!!
20220603 014748.516 INFO             PET2 !!! THE ESMF_LOG IS SET TO OUTPUT ALL LOG MESSAGES !!!
20220603 014748.516 INFO             PET2 !!!     THIS MAY CAUSE SLOWDOWN IN PERFORMANCE     !!!
20220603 014748.516 INFO             PET2 !!! FOR PRODUCTION RUNS, USE:                      !!!
20220603 014748.516 INFO             PET2 !!!                   ESMF_LOGKIND_Multi_On_Error  !!!
20220603 014748.516 INFO             PET2 !!!!!!!!!!!!!!!!!!!!!!!!!!!!!!!!!!!!!!!!!!!!!!!!!!!!!!
20220603 014748.516 INFO             PET2 Running with ESMF Version   : v8.3.0b16-5-g20c09bfc24
20220603 014748.516 INFO             PET2 ESMF library build date/time: "Jun  3 2022" "01:27:48"
20220603 014748.516 INFO             PET2 ESMF library build location : /lfs/h1/emc/ptmp/Mark.Potts/intel_19.1.3_mpi_g_release_8.3.0
20220603 014748.516 INFO             PET2 ESMF_COMM                   : mpi
20220603 014748.516 INFO             PET2 ESMF_MOAB                   : enabled
20220603 014748.516 INFO             PET2 ESMF_LAPACK                 : enabled
20220603 014748.516 INFO             PET2 ESMF_NETCDF                 : enabled
20220603 014748.516 INFO             PET2 ESMF_PNETCDF                : disabled
20220603 014748.516 INFO             PET2 ESMF_PIO                    : enabled
20220603 014748.516 INFO             PET2 ESMF_YAMLCPP                : enabled
20220603 014748.563 DEBUG            PET2 about to destroy Grid: 0x16186d0
20220603 014748.567 DEBUG            PET2 about to destroy Grid: 0x16196e0
20220603 014748.582 INFO             PET2  NUMBER_OF_PROCESSORS           4
20220603 014748.582 INFO             PET2  PASS  Example ESMF_NUOPCAtmModelEx, ESMF_NUOPCAtmModelEx.F90, line 806
20220603 014748.582 INFO             PET2 Finalizing ESMF
20220603 014748.516 INFO             PET3 !!!!!!!!!!!!!!!!!!!!!!!!!!!!!!!!!!!!!!!!!!!!!!!!!!!!!!
20220603 014748.516 INFO             PET3 !!! THE ESMF_LOG IS SET TO OUTPUT ALL LOG MESSAGES !!!
20220603 014748.516 INFO             PET3 !!!     THIS MAY CAUSE SLOWDOWN IN PERFORMANCE     !!!
20220603 014748.516 INFO             PET3 !!! FOR PRODUCTION RUNS, USE:                      !!!
20220603 014748.516 INFO             PET3 !!!                   ESMF_LOGKIND_Multi_On_Error  !!!
20220603 014748.516 INFO             PET3 !!!!!!!!!!!!!!!!!!!!!!!!!!!!!!!!!!!!!!!!!!!!!!!!!!!!!!
20220603 014748.516 INFO             PET3 Running with ESMF Version   : v8.3.0b16-5-g20c09bfc24
20220603 014748.516 INFO             PET3 ESMF library build date/time: "Jun  3 2022" "01:27:48"
20220603 014748.516 INFO             PET3 ESMF library build location : /lfs/h1/emc/ptmp/Mark.Potts/intel_19.1.3_mpi_g_release_8.3.0
20220603 014748.516 INFO             PET3 ESMF_COMM                   : mpi
20220603 014748.516 INFO             PET3 ESMF_MOAB                   : enabled
20220603 014748.516 INFO             PET3 ESMF_LAPACK                 : enabled
20220603 014748.516 INFO             PET3 ESMF_NETCDF                 : enabled
20220603 014748.516 INFO             PET3 ESMF_PNETCDF                : disabled
20220603 014748.516 INFO             PET3 ESMF_PIO                    : enabled
20220603 014748.516 INFO             PET3 ESMF_YAMLCPP                : enabled
20220603 014748.563 DEBUG            PET3 about to destroy Grid: 0x2561690
20220603 014748.567 DEBUG            PET3 about to destroy Grid: 0x25626a0
20220603 014748.582 INFO             PET3  NUMBER_OF_PROCESSORS           4
20220603 014748.582 INFO             PET3  PASS  Example ESMF_NUOPCAtmModelEx, ESMF_NUOPCAtmModelEx.F90, line 806
20220603 014748.582 INFO             PET3 Finalizing ESMF
