build time -- 2022-06-05 01:28:53
20220605 014630.956 INFO             PET0 !!!!!!!!!!!!!!!!!!!!!!!!!!!!!!!!!!!!!!!!!!!!!!!!!!!!!!
20220605 014630.956 INFO             PET0 !!! THE ESMF_LOG IS SET TO OUTPUT ALL LOG MESSAGES !!!
20220605 014630.956 INFO             PET0 !!!     THIS MAY CAUSE SLOWDOWN IN PERFORMANCE     !!!
20220605 014630.956 INFO             PET0 !!! FOR PRODUCTION RUNS, USE:                      !!!
20220605 014630.956 INFO             PET0 !!!                   ESMF_LOGKIND_Multi_On_Error  !!!
20220605 014630.956 INFO             PET0 !!!!!!!!!!!!!!!!!!!!!!!!!!!!!!!!!!!!!!!!!!!!!!!!!!!!!!
20220605 014630.956 INFO             PET0 Running with ESMF Version   : v8.3.0b17-1-g6ed324f6a2
20220605 014630.956 INFO             PET0 ESMF library build date/time: "Jun  5 2022" "01:27:42"
20220605 014630.956 INFO             PET0 ESMF library build location : /lfs/h1/emc/ptmp/Mark.Potts/intel_19.1.3_mpi_g_release_8.3.0
20220605 014630.956 INFO             PET0 ESMF_COMM                   : mpi
20220605 014630.957 INFO             PET0 ESMF_MOAB                   : enabled
20220605 014630.957 INFO             PET0 ESMF_LAPACK                 : enabled
20220605 014630.957 INFO             PET0 ESMF_NETCDF                 : enabled
20220605 014630.957 INFO             PET0 ESMF_PNETCDF                : disabled
20220605 014630.957 INFO             PET0 ESMF_PIO                    : enabled
20220605 014630.957 INFO             PET0 ESMF_YAMLCPP                : enabled
20220605 014630.957 INFO             PET0  NUMBER_OF_PROCESSORS           1
20220605 014630.957 INFO             PET0  PASS  Example ESMF_TimeIntervalEx, ESMF_TimeIntervalEx.F90, line 176
20220605 014630.957 INFO             PET0 Finalizing ESMF
