build time -- 2022-07-17 01:30:45.884371
20220717 015618.476 INFO             PET0 !!!!!!!!!!!!!!!!!!!!!!!!!!!!!!!!!!!!!!!!!!!!!!!!!!!!!!
20220717 015618.476 INFO             PET0 !!! THE ESMF_LOG IS SET TO OUTPUT ALL LOG MESSAGES !!!
20220717 015618.476 INFO             PET0 !!!     THIS MAY CAUSE SLOWDOWN IN PERFORMANCE     !!!
20220717 015618.476 INFO             PET0 !!! FOR PRODUCTION RUNS, USE:                      !!!
20220717 015618.476 INFO             PET0 !!!                   ESMF_LOGKIND_Multi_On_Error  !!!
20220717 015618.476 INFO             PET0 !!!!!!!!!!!!!!!!!!!!!!!!!!!!!!!!!!!!!!!!!!!!!!!!!!!!!!
20220717 015618.476 INFO             PET0 Running with ESMF Version   : v8.4.0b04-9-g4da4a8320a
20220717 015618.476 INFO             PET0 ESMF library build date/time: "Jul 17 2022" "01:27:40"
20220717 015618.476 INFO             PET0 ESMF library build location : /gpfsm/dnb04/projects/p98/mpotts/esmf/intel_19.1.3_mpt_O_feature_named-alias
20220717 015618.476 INFO             PET0 ESMF_COMM                   : mpt
20220717 015618.477 INFO             PET0 ESMF_MOAB                   : enabled
20220717 015618.477 INFO             PET0 ESMF_LAPACK                 : enabled
20220717 015618.477 INFO             PET0 ESMF_NETCDF                 : enabled
20220717 015618.477 INFO             PET0 ESMF_PNETCDF                : disabled
20220717 015618.477 INFO             PET0 ESMF_PIO                    : enabled
20220717 015618.477 INFO             PET0 ESMF_YAMLCPP                : enabled
20220717 015618.477 INFO             PET0  NUMBER_OF_PROCESSORS           4
20220717 015618.477 INFO             PET0  PASS  Example ESMF_VMUserMpiCommMultiEx, ESMF_VMUserMpiCommMultiEx.F90, line 126
20220717 015618.477 INFO             PET0 Finalizing ESMF
20220717 015618.475 INFO             PET0 !!!!!!!!!!!!!!!!!!!!!!!!!!!!!!!!!!!!!!!!!!!!!!!!!!!!!!
20220717 015618.475 INFO             PET0 !!! THE ESMF_LOG IS SET TO OUTPUT ALL LOG MESSAGES !!!
20220717 015618.475 INFO             PET0 !!!     THIS MAY CAUSE SLOWDOWN IN PERFORMANCE     !!!
20220717 015618.475 INFO             PET0 !!! FOR PRODUCTION RUNS, USE:                      !!!
20220717 015618.475 INFO             PET0 !!!                   ESMF_LOGKIND_Multi_On_Error  !!!
20220717 015618.475 INFO             PET0 !!!!!!!!!!!!!!!!!!!!!!!!!!!!!!!!!!!!!!!!!!!!!!!!!!!!!!
20220717 015618.475 INFO             PET0 Running with ESMF Version   : v8.4.0b04-9-g4da4a8320a
20220717 015618.475 INFO             PET0 ESMF library build date/time: "Jul 17 2022" "01:27:40"
20220717 015618.475 INFO             PET0 ESMF library build location : /gpfsm/dnb04/projects/p98/mpotts/esmf/intel_19.1.3_mpt_O_feature_named-alias
20220717 015618.476 INFO             PET0 ESMF_COMM                   : mpt
20220717 015618.476 INFO             PET0 ESMF_MOAB                   : enabled
20220717 015618.476 INFO             PET0 ESMF_LAPACK                 : enabled
20220717 015618.476 INFO             PET0 ESMF_NETCDF                 : enabled
20220717 015618.476 INFO             PET0 ESMF_PNETCDF                : disabled
20220717 015618.476 INFO             PET0 ESMF_PIO                    : enabled
20220717 015618.476 INFO             PET0 ESMF_YAMLCPP                : enabled
20220717 015618.477 INFO             PET0  NUMBER_OF_PROCESSORS           4
20220717 015618.477 INFO             PET0  PASS  Example ESMF_VMUserMpiCommMultiEx, ESMF_VMUserMpiCommMultiEx.F90, line 154
20220717 015618.477 INFO             PET0 Finalizing ESMF
20220717 015618.476 INFO             PET1 !!!!!!!!!!!!!!!!!!!!!!!!!!!!!!!!!!!!!!!!!!!!!!!!!!!!!!
20220717 015618.476 INFO             PET1 !!! THE ESMF_LOG IS SET TO OUTPUT ALL LOG MESSAGES !!!
20220717 015618.476 INFO             PET1 !!!     THIS MAY CAUSE SLOWDOWN IN PERFORMANCE     !!!
20220717 015618.476 INFO             PET1 !!! FOR PRODUCTION RUNS, USE:                      !!!
20220717 015618.476 INFO             PET1 !!!                   ESMF_LOGKIND_Multi_On_Error  !!!
20220717 015618.476 INFO             PET1 !!!!!!!!!!!!!!!!!!!!!!!!!!!!!!!!!!!!!!!!!!!!!!!!!!!!!!
20220717 015618.476 INFO             PET1 Running with ESMF Version   : v8.4.0b04-9-g4da4a8320a
20220717 015618.476 INFO             PET1 ESMF library build date/time: "Jul 17 2022" "01:27:40"
20220717 015618.476 INFO             PET1 ESMF library build location : /gpfsm/dnb04/projects/p98/mpotts/esmf/intel_19.1.3_mpt_O_feature_named-alias
20220717 015618.476 INFO             PET1 ESMF_COMM                   : mpt
20220717 015618.477 INFO             PET1 ESMF_MOAB                   : enabled
20220717 015618.477 INFO             PET1 ESMF_LAPACK                 : enabled
20220717 015618.477 INFO             PET1 ESMF_NETCDF                 : enabled
20220717 015618.477 INFO             PET1 ESMF_PNETCDF                : disabled
20220717 015618.477 INFO             PET1 ESMF_PIO                    : enabled
20220717 015618.477 INFO             PET1 ESMF_YAMLCPP                : enabled
20220717 015618.477 INFO             PET1  NUMBER_OF_PROCESSORS           4
20220717 015618.477 INFO             PET1  PASS  Example ESMF_VMUserMpiCommMultiEx, ESMF_VMUserMpiCommMultiEx.F90, line 126
20220717 015618.477 INFO             PET1 Finalizing ESMF
20220717 015618.476 INFO             PET1 !!!!!!!!!!!!!!!!!!!!!!!!!!!!!!!!!!!!!!!!!!!!!!!!!!!!!!
20220717 015618.476 INFO             PET1 !!! THE ESMF_LOG IS SET TO OUTPUT ALL LOG MESSAGES !!!
20220717 015618.476 INFO             PET1 !!!     THIS MAY CAUSE SLOWDOWN IN PERFORMANCE     !!!
20220717 015618.476 INFO             PET1 !!! FOR PRODUCTION RUNS, USE:                      !!!
20220717 015618.476 INFO             PET1 !!!                   ESMF_LOGKIND_Multi_On_Error  !!!
20220717 015618.476 INFO             PET1 !!!!!!!!!!!!!!!!!!!!!!!!!!!!!!!!!!!!!!!!!!!!!!!!!!!!!!
20220717 015618.476 INFO             PET1 Running with ESMF Version   : v8.4.0b04-9-g4da4a8320a
20220717 015618.476 INFO             PET1 ESMF library build date/time: "Jul 17 2022" "01:27:40"
20220717 015618.476 INFO             PET1 ESMF library build location : /gpfsm/dnb04/projects/p98/mpotts/esmf/intel_19.1.3_mpt_O_feature_named-alias
20220717 015618.476 INFO             PET1 ESMF_COMM                   : mpt
20220717 015618.477 INFO             PET1 ESMF_MOAB                   : enabled
20220717 015618.477 INFO             PET1 ESMF_LAPACK                 : enabled
20220717 015618.477 INFO             PET1 ESMF_NETCDF                 : enabled
20220717 015618.477 INFO             PET1 ESMF_PNETCDF                : disabled
20220717 015618.477 INFO             PET1 ESMF_PIO                    : enabled
20220717 015618.477 INFO             PET1 ESMF_YAMLCPP                : enabled
20220717 015618.477 INFO             PET1  NUMBER_OF_PROCESSORS           4
20220717 015618.477 INFO             PET1  PASS  Example ESMF_VMUserMpiCommMultiEx, ESMF_VMUserMpiCommMultiEx.F90, line 154
20220717 015618.477 INFO             PET1 Finalizing ESMF
