build time -- 2022-07-06 13:32:17
20220706 135219.167 INFO             PET0 !!!!!!!!!!!!!!!!!!!!!!!!!!!!!!!!!!!!!!!!!!!!!!!!!!!!!!
20220706 135219.167 INFO             PET0 !!! THE ESMF_LOG IS SET TO OUTPUT ALL LOG MESSAGES !!!
20220706 135219.167 INFO             PET0 !!!     THIS MAY CAUSE SLOWDOWN IN PERFORMANCE     !!!
20220706 135219.167 INFO             PET0 !!! FOR PRODUCTION RUNS, USE:                      !!!
20220706 135219.167 INFO             PET0 !!!                   ESMF_LOGKIND_Multi_On_Error  !!!
20220706 135219.167 INFO             PET0 !!!!!!!!!!!!!!!!!!!!!!!!!!!!!!!!!!!!!!!!!!!!!!!!!!!!!!
20220706 135219.167 INFO             PET0 Running with ESMF Version   : v8.4.0b03-3-g14a79d558f
20220706 135219.167 INFO             PET0 ESMF library build date/time: "Jul  6 2022" "13:30:56"
20220706 135219.167 INFO             PET0 ESMF library build location : /Volumes/esmf/rocky/esmf-testing/gfortran_11.2.0_openmpi_g_develop
20220706 135219.167 INFO             PET0 ESMF_COMM                   : openmpi
20220706 135219.168 INFO             PET0 ESMF_MOAB                   : enabled
20220706 135219.168 INFO             PET0 ESMF_LAPACK                 : enabled
20220706 135219.168 INFO             PET0 ESMF_NETCDF                 : enabled
20220706 135219.168 INFO             PET0 ESMF_PNETCDF                : disabled
20220706 135219.168 INFO             PET0 ESMF_PIO                    : enabled
20220706 135219.168 INFO             PET0 ESMF_YAMLCPP                : enabled
20220706 135219.264 DEBUG            PET0 about to destroy Grid: 0x7fd88684b600
20220706 135219.273 DEBUG            PET0 about to destroy Grid: 0x7fd88684c200
20220706 135219.297 INFO             PET0  NUMBER_OF_PROCESSORS           4
20220706 135219.297 INFO             PET0  PASS  Example ESMF_NUOPCAtmModelEx, ESMF_NUOPCAtmModelEx.F90, line 806
20220706 135219.297 INFO             PET0 Finalizing ESMF
20220706 135219.167 INFO             PET1 !!!!!!!!!!!!!!!!!!!!!!!!!!!!!!!!!!!!!!!!!!!!!!!!!!!!!!
20220706 135219.167 INFO             PET1 !!! THE ESMF_LOG IS SET TO OUTPUT ALL LOG MESSAGES !!!
20220706 135219.167 INFO             PET1 !!!     THIS MAY CAUSE SLOWDOWN IN PERFORMANCE     !!!
20220706 135219.167 INFO             PET1 !!! FOR PRODUCTION RUNS, USE:                      !!!
20220706 135219.167 INFO             PET1 !!!                   ESMF_LOGKIND_Multi_On_Error  !!!
20220706 135219.167 INFO             PET1 !!!!!!!!!!!!!!!!!!!!!!!!!!!!!!!!!!!!!!!!!!!!!!!!!!!!!!
20220706 135219.167 INFO             PET1 Running with ESMF Version   : v8.4.0b03-3-g14a79d558f
20220706 135219.167 INFO             PET1 ESMF library build date/time: "Jul  6 2022" "13:30:56"
20220706 135219.167 INFO             PET1 ESMF library build location : /Volumes/esmf/rocky/esmf-testing/gfortran_11.2.0_openmpi_g_develop
20220706 135219.167 INFO             PET1 ESMF_COMM                   : openmpi
20220706 135219.167 INFO             PET1 ESMF_MOAB                   : enabled
20220706 135219.167 INFO             PET1 ESMF_LAPACK                 : enabled
20220706 135219.167 INFO             PET1 ESMF_NETCDF                 : enabled
20220706 135219.167 INFO             PET1 ESMF_PNETCDF                : disabled
20220706 135219.167 INFO             PET1 ESMF_PIO                    : enabled
20220706 135219.167 INFO             PET1 ESMF_YAMLCPP                : enabled
20220706 135219.264 DEBUG            PET1 about to destroy Grid: 0x7fac7782f800
20220706 135219.273 DEBUG            PET1 about to destroy Grid: 0x7fac77835400
20220706 135219.297 INFO             PET1  NUMBER_OF_PROCESSORS           4
20220706 135219.297 INFO             PET1  PASS  Example ESMF_NUOPCAtmModelEx, ESMF_NUOPCAtmModelEx.F90, line 806
20220706 135219.297 INFO             PET1 Finalizing ESMF
20220706 135219.167 INFO             PET2 !!!!!!!!!!!!!!!!!!!!!!!!!!!!!!!!!!!!!!!!!!!!!!!!!!!!!!
20220706 135219.167 INFO             PET2 !!! THE ESMF_LOG IS SET TO OUTPUT ALL LOG MESSAGES !!!
20220706 135219.167 INFO             PET2 !!!     THIS MAY CAUSE SLOWDOWN IN PERFORMANCE     !!!
20220706 135219.167 INFO             PET2 !!! FOR PRODUCTION RUNS, USE:                      !!!
20220706 135219.167 INFO             PET2 !!!                   ESMF_LOGKIND_Multi_On_Error  !!!
20220706 135219.167 INFO             PET2 !!!!!!!!!!!!!!!!!!!!!!!!!!!!!!!!!!!!!!!!!!!!!!!!!!!!!!
20220706 135219.167 INFO             PET2 Running with ESMF Version   : v8.4.0b03-3-g14a79d558f
20220706 135219.167 INFO             PET2 ESMF library build date/time: "Jul  6 2022" "13:30:56"
20220706 135219.167 INFO             PET2 ESMF library build location : /Volumes/esmf/rocky/esmf-testing/gfortran_11.2.0_openmpi_g_develop
20220706 135219.167 INFO             PET2 ESMF_COMM                   : openmpi
20220706 135219.167 INFO             PET2 ESMF_MOAB                   : enabled
20220706 135219.167 INFO             PET2 ESMF_LAPACK                 : enabled
20220706 135219.167 INFO             PET2 ESMF_NETCDF                 : enabled
20220706 135219.168 INFO             PET2 ESMF_PNETCDF                : disabled
20220706 135219.168 INFO             PET2 ESMF_PIO                    : enabled
20220706 135219.168 INFO             PET2 ESMF_YAMLCPP                : enabled
20220706 135219.264 DEBUG            PET2 about to destroy Grid: 0x7fde0984ee00
20220706 135219.273 DEBUG            PET2 about to destroy Grid: 0x7fde0984fa00
20220706 135219.297 INFO             PET2  NUMBER_OF_PROCESSORS           4
20220706 135219.297 INFO             PET2  PASS  Example ESMF_NUOPCAtmModelEx, ESMF_NUOPCAtmModelEx.F90, line 806
20220706 135219.297 INFO             PET2 Finalizing ESMF
20220706 135219.167 INFO             PET3 !!!!!!!!!!!!!!!!!!!!!!!!!!!!!!!!!!!!!!!!!!!!!!!!!!!!!!
20220706 135219.168 INFO             PET3 !!! THE ESMF_LOG IS SET TO OUTPUT ALL LOG MESSAGES !!!
20220706 135219.168 INFO             PET3 !!!     THIS MAY CAUSE SLOWDOWN IN PERFORMANCE     !!!
20220706 135219.168 INFO             PET3 !!! FOR PRODUCTION RUNS, USE:                      !!!
20220706 135219.168 INFO             PET3 !!!                   ESMF_LOGKIND_Multi_On_Error  !!!
20220706 135219.168 INFO             PET3 !!!!!!!!!!!!!!!!!!!!!!!!!!!!!!!!!!!!!!!!!!!!!!!!!!!!!!
20220706 135219.168 INFO             PET3 Running with ESMF Version   : v8.4.0b03-3-g14a79d558f
20220706 135219.168 INFO             PET3 ESMF library build date/time: "Jul  6 2022" "13:30:56"
20220706 135219.168 INFO             PET3 ESMF library build location : /Volumes/esmf/rocky/esmf-testing/gfortran_11.2.0_openmpi_g_develop
20220706 135219.168 INFO             PET3 ESMF_COMM                   : openmpi
20220706 135219.168 INFO             PET3 ESMF_MOAB                   : enabled
20220706 135219.168 INFO             PET3 ESMF_LAPACK                 : enabled
20220706 135219.168 INFO             PET3 ESMF_NETCDF                 : enabled
20220706 135219.168 INFO             PET3 ESMF_PNETCDF                : disabled
20220706 135219.168 INFO             PET3 ESMF_PIO                    : enabled
20220706 135219.168 INFO             PET3 ESMF_YAMLCPP                : enabled
20220706 135219.264 DEBUG            PET3 about to destroy Grid: 0x7f95f582c200
20220706 135219.273 DEBUG            PET3 about to destroy Grid: 0x7f95f582ce00
20220706 135219.297 INFO             PET3  NUMBER_OF_PROCESSORS           4
20220706 135219.297 INFO             PET3  PASS  Example ESMF_NUOPCAtmModelEx, ESMF_NUOPCAtmModelEx.F90, line 806
20220706 135219.297 INFO             PET3 Finalizing ESMF
