build time -- 2022-06-07 01:28:42
20220607 014707.980 INFO             PET0 !!!!!!!!!!!!!!!!!!!!!!!!!!!!!!!!!!!!!!!!!!!!!!!!!!!!!!
20220607 014707.980 INFO             PET0 !!! THE ESMF_LOG IS SET TO OUTPUT ALL LOG MESSAGES !!!
20220607 014707.980 INFO             PET0 !!!     THIS MAY CAUSE SLOWDOWN IN PERFORMANCE     !!!
20220607 014707.980 INFO             PET0 !!! FOR PRODUCTION RUNS, USE:                      !!!
20220607 014707.980 INFO             PET0 !!!                   ESMF_LOGKIND_Multi_On_Error  !!!
20220607 014707.980 INFO             PET0 !!!!!!!!!!!!!!!!!!!!!!!!!!!!!!!!!!!!!!!!!!!!!!!!!!!!!!
20220607 014707.980 INFO             PET0 Running with ESMF Version   : v8.3.0
20220607 014707.980 INFO             PET0 ESMF library build date/time: "Jun  7 2022" "01:27:33"
20220607 014707.980 INFO             PET0 ESMF library build location : /lfs/h1/emc/ptmp/Mark.Potts/intel_19.1.3_mpi_g_v8.3.0
20220607 014707.980 INFO             PET0 ESMF_COMM                   : mpi
20220607 014707.980 INFO             PET0 ESMF_MOAB                   : enabled
20220607 014707.980 INFO             PET0 ESMF_LAPACK                 : enabled
20220607 014707.980 INFO             PET0 ESMF_NETCDF                 : enabled
20220607 014707.980 INFO             PET0 ESMF_PNETCDF                : disabled
20220607 014707.980 INFO             PET0 ESMF_PIO                    : enabled
20220607 014707.980 INFO             PET0 ESMF_YAMLCPP                : enabled
20220607 014708.024 DEBUG            PET0 about to destroy Grid: 0x2813850
20220607 014708.028 DEBUG            PET0 about to destroy Grid: 0x2815860
20220607 014708.041 INFO             PET0  NUMBER_OF_PROCESSORS           4
20220607 014708.041 INFO             PET0  PASS  Example ESMF_NUOPCAtmModelEx, ESMF_NUOPCAtmModelEx.F90, line 806
20220607 014708.041 INFO             PET0 Finalizing ESMF
20220607 014707.980 INFO             PET1 !!!!!!!!!!!!!!!!!!!!!!!!!!!!!!!!!!!!!!!!!!!!!!!!!!!!!!
20220607 014707.980 INFO             PET1 !!! THE ESMF_LOG IS SET TO OUTPUT ALL LOG MESSAGES !!!
20220607 014707.980 INFO             PET1 !!!     THIS MAY CAUSE SLOWDOWN IN PERFORMANCE     !!!
20220607 014707.980 INFO             PET1 !!! FOR PRODUCTION RUNS, USE:                      !!!
20220607 014707.980 INFO             PET1 !!!                   ESMF_LOGKIND_Multi_On_Error  !!!
20220607 014707.980 INFO             PET1 !!!!!!!!!!!!!!!!!!!!!!!!!!!!!!!!!!!!!!!!!!!!!!!!!!!!!!
20220607 014707.980 INFO             PET1 Running with ESMF Version   : v8.3.0
20220607 014707.980 INFO             PET1 ESMF library build date/time: "Jun  7 2022" "01:27:33"
20220607 014707.980 INFO             PET1 ESMF library build location : /lfs/h1/emc/ptmp/Mark.Potts/intel_19.1.3_mpi_g_v8.3.0
20220607 014707.980 INFO             PET1 ESMF_COMM                   : mpi
20220607 014707.981 INFO             PET1 ESMF_MOAB                   : enabled
20220607 014707.981 INFO             PET1 ESMF_LAPACK                 : enabled
20220607 014707.981 INFO             PET1 ESMF_NETCDF                 : enabled
20220607 014707.981 INFO             PET1 ESMF_PNETCDF                : disabled
20220607 014707.981 INFO             PET1 ESMF_PIO                    : enabled
20220607 014707.981 INFO             PET1 ESMF_YAMLCPP                : enabled
20220607 014708.023 DEBUG            PET1 about to destroy Grid: 0x1124520
20220607 014708.028 DEBUG            PET1 about to destroy Grid: 0x1125530
20220607 014708.041 INFO             PET1  NUMBER_OF_PROCESSORS           4
20220607 014708.041 INFO             PET1  PASS  Example ESMF_NUOPCAtmModelEx, ESMF_NUOPCAtmModelEx.F90, line 806
20220607 014708.041 INFO             PET1 Finalizing ESMF
20220607 014707.979 INFO             PET2 !!!!!!!!!!!!!!!!!!!!!!!!!!!!!!!!!!!!!!!!!!!!!!!!!!!!!!
20220607 014707.979 INFO             PET2 !!! THE ESMF_LOG IS SET TO OUTPUT ALL LOG MESSAGES !!!
20220607 014707.979 INFO             PET2 !!!     THIS MAY CAUSE SLOWDOWN IN PERFORMANCE     !!!
20220607 014707.979 INFO             PET2 !!! FOR PRODUCTION RUNS, USE:                      !!!
20220607 014707.979 INFO             PET2 !!!                   ESMF_LOGKIND_Multi_On_Error  !!!
20220607 014707.979 INFO             PET2 !!!!!!!!!!!!!!!!!!!!!!!!!!!!!!!!!!!!!!!!!!!!!!!!!!!!!!
20220607 014707.979 INFO             PET2 Running with ESMF Version   : v8.3.0
20220607 014707.979 INFO             PET2 ESMF library build date/time: "Jun  7 2022" "01:27:33"
20220607 014707.979 INFO             PET2 ESMF library build location : /lfs/h1/emc/ptmp/Mark.Potts/intel_19.1.3_mpi_g_v8.3.0
20220607 014707.979 INFO             PET2 ESMF_COMM                   : mpi
20220607 014707.980 INFO             PET2 ESMF_MOAB                   : enabled
20220607 014707.980 INFO             PET2 ESMF_LAPACK                 : enabled
20220607 014707.980 INFO             PET2 ESMF_NETCDF                 : enabled
20220607 014707.980 INFO             PET2 ESMF_PNETCDF                : disabled
20220607 014707.980 INFO             PET2 ESMF_PIO                    : enabled
20220607 014707.980 INFO             PET2 ESMF_YAMLCPP                : enabled
20220607 014708.024 DEBUG            PET2 about to destroy Grid: 0x126d6d0
20220607 014708.028 DEBUG            PET2 about to destroy Grid: 0x126e6e0
20220607 014708.042 INFO             PET2  NUMBER_OF_PROCESSORS           4
20220607 014708.042 INFO             PET2  PASS  Example ESMF_NUOPCAtmModelEx, ESMF_NUOPCAtmModelEx.F90, line 806
20220607 014708.042 INFO             PET2 Finalizing ESMF
20220607 014707.979 INFO             PET3 !!!!!!!!!!!!!!!!!!!!!!!!!!!!!!!!!!!!!!!!!!!!!!!!!!!!!!
20220607 014707.979 INFO             PET3 !!! THE ESMF_LOG IS SET TO OUTPUT ALL LOG MESSAGES !!!
20220607 014707.979 INFO             PET3 !!!     THIS MAY CAUSE SLOWDOWN IN PERFORMANCE     !!!
20220607 014707.979 INFO             PET3 !!! FOR PRODUCTION RUNS, USE:                      !!!
20220607 014707.979 INFO             PET3 !!!                   ESMF_LOGKIND_Multi_On_Error  !!!
20220607 014707.979 INFO             PET3 !!!!!!!!!!!!!!!!!!!!!!!!!!!!!!!!!!!!!!!!!!!!!!!!!!!!!!
20220607 014707.979 INFO             PET3 Running with ESMF Version   : v8.3.0
20220607 014707.979 INFO             PET3 ESMF library build date/time: "Jun  7 2022" "01:27:33"
20220607 014707.979 INFO             PET3 ESMF library build location : /lfs/h1/emc/ptmp/Mark.Potts/intel_19.1.3_mpi_g_v8.3.0
20220607 014707.979 INFO             PET3 ESMF_COMM                   : mpi
20220607 014707.980 INFO             PET3 ESMF_MOAB                   : enabled
20220607 014707.980 INFO             PET3 ESMF_LAPACK                 : enabled
20220607 014707.980 INFO             PET3 ESMF_NETCDF                 : enabled
20220607 014707.980 INFO             PET3 ESMF_PNETCDF                : disabled
20220607 014707.980 INFO             PET3 ESMF_PIO                    : enabled
20220607 014707.980 INFO             PET3 ESMF_YAMLCPP                : enabled
20220607 014708.023 DEBUG            PET3 about to destroy Grid: 0x122e690
20220607 014708.028 DEBUG            PET3 about to destroy Grid: 0x122f6a0
20220607 014708.041 INFO             PET3  NUMBER_OF_PROCESSORS           4
20220607 014708.041 INFO             PET3  PASS  Example ESMF_NUOPCAtmModelEx, ESMF_NUOPCAtmModelEx.F90, line 806
20220607 014708.041 INFO             PET3 Finalizing ESMF
