build time -- 2022-06-21 02:58:10.992865
20220621 041325.839 INFO             PET0 !!!!!!!!!!!!!!!!!!!!!!!!!!!!!!!!!!!!!!!!!!!!!!!!!!!!!!
20220621 041325.839 INFO             PET0 !!! THE ESMF_LOG IS SET TO OUTPUT ALL LOG MESSAGES !!!
20220621 041325.839 INFO             PET0 !!!     THIS MAY CAUSE SLOWDOWN IN PERFORMANCE     !!!
20220621 041325.839 INFO             PET0 !!! FOR PRODUCTION RUNS, USE:                      !!!
20220621 041325.839 INFO             PET0 !!!                   ESMF_LOGKIND_Multi_On_Error  !!!
20220621 041325.839 INFO             PET0 !!!!!!!!!!!!!!!!!!!!!!!!!!!!!!!!!!!!!!!!!!!!!!!!!!!!!!
20220621 041325.839 INFO             PET0 Running with ESMF Version   : v8.4.0b01-2-gf0d4ab211d
20220621 041325.839 INFO             PET0 ESMF library build date/time: "Jun 21 2022" "02:50:13"
20220621 041325.839 INFO             PET0 ESMF library build location : /glade/scratch/dunlap/esmf-testing/intel_18.0.5_mpt_O_develop
20220621 041325.839 INFO             PET0 ESMF_COMM                   : mpt
20220621 041325.839 INFO             PET0 ESMF_MOAB                   : enabled
20220621 041325.839 INFO             PET0 ESMF_LAPACK                 : enabled
20220621 041325.839 INFO             PET0 ESMF_NETCDF                 : enabled
20220621 041325.839 INFO             PET0 ESMF_PNETCDF                : disabled
20220621 041325.839 INFO             PET0 ESMF_PIO                    : enabled
20220621 041325.839 INFO             PET0 ESMF_YAMLCPP                : enabled
20220621 041325.839 INFO             PET0  NUMBER_OF_PROCESSORS           1
20220621 041325.839 INFO             PET0  PASS  Example ESMF_ClockEx, ESMF_ClockEx.F90, line 220
20220621 041325.839 INFO             PET0 Finalizing ESMF
