build time -- 2022-06-24 02:51:56.118818
20220624 040722.343 INFO             PET0 !!!!!!!!!!!!!!!!!!!!!!!!!!!!!!!!!!!!!!!!!!!!!!!!!!!!!!
20220624 040722.343 INFO             PET0 !!! THE ESMF_LOG IS SET TO OUTPUT ALL LOG MESSAGES !!!
20220624 040722.343 INFO             PET0 !!!     THIS MAY CAUSE SLOWDOWN IN PERFORMANCE     !!!
20220624 040722.343 INFO             PET0 !!! FOR PRODUCTION RUNS, USE:                      !!!
20220624 040722.343 INFO             PET0 !!!                   ESMF_LOGKIND_Multi_On_Error  !!!
20220624 040722.343 INFO             PET0 !!!!!!!!!!!!!!!!!!!!!!!!!!!!!!!!!!!!!!!!!!!!!!!!!!!!!!
20220624 040722.343 INFO             PET0 Running with ESMF Version   : v8.4.0b01-2-gf0d4ab211d
20220624 040722.343 INFO             PET0 ESMF library build date/time: "Jun 24 2022" "02:45:36"
20220624 040722.343 INFO             PET0 ESMF library build location : /glade/scratch/dunlap/esmf-testing/intel_18.0.5_mpt_O_develop
20220624 040722.343 INFO             PET0 ESMF_COMM                   : mpt
20220624 040722.343 INFO             PET0 ESMF_MOAB                   : enabled
20220624 040722.343 INFO             PET0 ESMF_LAPACK                 : enabled
20220624 040722.343 INFO             PET0 ESMF_NETCDF                 : enabled
20220624 040722.343 INFO             PET0 ESMF_PNETCDF                : disabled
20220624 040722.343 INFO             PET0 ESMF_PIO                    : enabled
20220624 040722.343 INFO             PET0 ESMF_YAMLCPP                : enabled
20220624 040722.383 DEBUG            PET0 about to destroy Grid: 0x35f0af0
20220624 040722.386 DEBUG            PET0 about to destroy Grid: 0x35f3830
20220624 040722.397 INFO             PET0  NUMBER_OF_PROCESSORS           4
20220624 040722.397 INFO             PET0  PASS  Example ESMF_NUOPCAtmModelEx, ESMF_NUOPCAtmModelEx.F90, line 806
20220624 040722.397 INFO             PET0 Finalizing ESMF
20220624 040722.343 INFO             PET1 !!!!!!!!!!!!!!!!!!!!!!!!!!!!!!!!!!!!!!!!!!!!!!!!!!!!!!
20220624 040722.343 INFO             PET1 !!! THE ESMF_LOG IS SET TO OUTPUT ALL LOG MESSAGES !!!
20220624 040722.343 INFO             PET1 !!!     THIS MAY CAUSE SLOWDOWN IN PERFORMANCE     !!!
20220624 040722.343 INFO             PET1 !!! FOR PRODUCTION RUNS, USE:                      !!!
20220624 040722.343 INFO             PET1 !!!                   ESMF_LOGKIND_Multi_On_Error  !!!
20220624 040722.343 INFO             PET1 !!!!!!!!!!!!!!!!!!!!!!!!!!!!!!!!!!!!!!!!!!!!!!!!!!!!!!
20220624 040722.343 INFO             PET1 Running with ESMF Version   : v8.4.0b01-2-gf0d4ab211d
20220624 040722.343 INFO             PET1 ESMF library build date/time: "Jun 24 2022" "02:45:36"
20220624 040722.343 INFO             PET1 ESMF library build location : /glade/scratch/dunlap/esmf-testing/intel_18.0.5_mpt_O_develop
20220624 040722.343 INFO             PET1 ESMF_COMM                   : mpt
20220624 040722.343 INFO             PET1 ESMF_MOAB                   : enabled
20220624 040722.343 INFO             PET1 ESMF_LAPACK                 : enabled
20220624 040722.343 INFO             PET1 ESMF_NETCDF                 : enabled
20220624 040722.343 INFO             PET1 ESMF_PNETCDF                : disabled
20220624 040722.343 INFO             PET1 ESMF_PIO                    : enabled
20220624 040722.343 INFO             PET1 ESMF_YAMLCPP                : enabled
20220624 040722.383 DEBUG            PET1 about to destroy Grid: 0x35f3bc0
20220624 040722.386 DEBUG            PET1 about to destroy Grid: 0x35f48a0
20220624 040722.397 INFO             PET1  NUMBER_OF_PROCESSORS           4
20220624 040722.397 INFO             PET1  PASS  Example ESMF_NUOPCAtmModelEx, ESMF_NUOPCAtmModelEx.F90, line 806
20220624 040722.397 INFO             PET1 Finalizing ESMF
20220624 040722.343 INFO             PET2 !!!!!!!!!!!!!!!!!!!!!!!!!!!!!!!!!!!!!!!!!!!!!!!!!!!!!!
20220624 040722.343 INFO             PET2 !!! THE ESMF_LOG IS SET TO OUTPUT ALL LOG MESSAGES !!!
20220624 040722.343 INFO             PET2 !!!     THIS MAY CAUSE SLOWDOWN IN PERFORMANCE     !!!
20220624 040722.343 INFO             PET2 !!! FOR PRODUCTION RUNS, USE:                      !!!
20220624 040722.343 INFO             PET2 !!!                   ESMF_LOGKIND_Multi_On_Error  !!!
20220624 040722.343 INFO             PET2 !!!!!!!!!!!!!!!!!!!!!!!!!!!!!!!!!!!!!!!!!!!!!!!!!!!!!!
20220624 040722.343 INFO             PET2 Running with ESMF Version   : v8.4.0b01-2-gf0d4ab211d
20220624 040722.343 INFO             PET2 ESMF library build date/time: "Jun 24 2022" "02:45:36"
20220624 040722.343 INFO             PET2 ESMF library build location : /glade/scratch/dunlap/esmf-testing/intel_18.0.5_mpt_O_develop
20220624 040722.343 INFO             PET2 ESMF_COMM                   : mpt
20220624 040722.343 INFO             PET2 ESMF_MOAB                   : enabled
20220624 040722.343 INFO             PET2 ESMF_LAPACK                 : enabled
20220624 040722.343 INFO             PET2 ESMF_NETCDF                 : enabled
20220624 040722.343 INFO             PET2 ESMF_PNETCDF                : disabled
20220624 040722.343 INFO             PET2 ESMF_PIO                    : enabled
20220624 040722.343 INFO             PET2 ESMF_YAMLCPP                : enabled
20220624 040722.383 DEBUG            PET2 about to destroy Grid: 0x35f3c40
20220624 040722.386 DEBUG            PET2 about to destroy Grid: 0x35f4920
20220624 040722.397 INFO             PET2  NUMBER_OF_PROCESSORS           4
20220624 040722.397 INFO             PET2  PASS  Example ESMF_NUOPCAtmModelEx, ESMF_NUOPCAtmModelEx.F90, line 806
20220624 040722.397 INFO             PET2 Finalizing ESMF
20220624 040722.343 INFO             PET3 !!!!!!!!!!!!!!!!!!!!!!!!!!!!!!!!!!!!!!!!!!!!!!!!!!!!!!
20220624 040722.343 INFO             PET3 !!! THE ESMF_LOG IS SET TO OUTPUT ALL LOG MESSAGES !!!
20220624 040722.343 INFO             PET3 !!!     THIS MAY CAUSE SLOWDOWN IN PERFORMANCE     !!!
20220624 040722.343 INFO             PET3 !!! FOR PRODUCTION RUNS, USE:                      !!!
20220624 040722.343 INFO             PET3 !!!                   ESMF_LOGKIND_Multi_On_Error  !!!
20220624 040722.343 INFO             PET3 !!!!!!!!!!!!!!!!!!!!!!!!!!!!!!!!!!!!!!!!!!!!!!!!!!!!!!
20220624 040722.343 INFO             PET3 Running with ESMF Version   : v8.4.0b01-2-gf0d4ab211d
20220624 040722.343 INFO             PET3 ESMF library build date/time: "Jun 24 2022" "02:45:36"
20220624 040722.343 INFO             PET3 ESMF library build location : /glade/scratch/dunlap/esmf-testing/intel_18.0.5_mpt_O_develop
20220624 040722.343 INFO             PET3 ESMF_COMM                   : mpt
20220624 040722.343 INFO             PET3 ESMF_MOAB                   : enabled
20220624 040722.343 INFO             PET3 ESMF_LAPACK                 : enabled
20220624 040722.343 INFO             PET3 ESMF_NETCDF                 : enabled
20220624 040722.343 INFO             PET3 ESMF_PNETCDF                : disabled
20220624 040722.343 INFO             PET3 ESMF_PIO                    : enabled
20220624 040722.343 INFO             PET3 ESMF_YAMLCPP                : enabled
20220624 040722.383 DEBUG            PET3 about to destroy Grid: 0x35f3d00
20220624 040722.386 DEBUG            PET3 about to destroy Grid: 0x35f49e0
20220624 040722.397 INFO             PET3  NUMBER_OF_PROCESSORS           4
20220624 040722.397 INFO             PET3  PASS  Example ESMF_NUOPCAtmModelEx, ESMF_NUOPCAtmModelEx.F90, line 806
20220624 040722.397 INFO             PET3 Finalizing ESMF
