build time -- 2022-07-05 02:56:33.539012
20220705 040517.085 INFO             PET0 !!!!!!!!!!!!!!!!!!!!!!!!!!!!!!!!!!!!!!!!!!!!!!!!!!!!!!
20220705 040517.085 INFO             PET0 !!! THE ESMF_LOG IS SET TO OUTPUT ALL LOG MESSAGES !!!
20220705 040517.085 INFO             PET0 !!!     THIS MAY CAUSE SLOWDOWN IN PERFORMANCE     !!!
20220705 040517.085 INFO             PET0 !!! FOR PRODUCTION RUNS, USE:                      !!!
20220705 040517.085 INFO             PET0 !!!                   ESMF_LOGKIND_Multi_On_Error  !!!
20220705 040517.085 INFO             PET0 !!!!!!!!!!!!!!!!!!!!!!!!!!!!!!!!!!!!!!!!!!!!!!!!!!!!!!
20220705 040517.085 INFO             PET0 Running with ESMF Version   : v8.4.0b02-7-g9328c9b05f
20220705 040517.085 INFO             PET0 ESMF library build date/time: "Jul  5 2022" "02:50:49"
20220705 040517.085 INFO             PET0 ESMF library build location : /glade/scratch/dunlap/esmf-testing/intel_18.0.5_mpt_O_develop
20220705 040517.085 INFO             PET0 ESMF_COMM                   : mpt
20220705 040517.085 INFO             PET0 ESMF_MOAB                   : enabled
20220705 040517.085 INFO             PET0 ESMF_LAPACK                 : enabled
20220705 040517.085 INFO             PET0 ESMF_NETCDF                 : enabled
20220705 040517.085 INFO             PET0 ESMF_PNETCDF                : disabled
20220705 040517.085 INFO             PET0 ESMF_PIO                    : enabled
20220705 040517.085 INFO             PET0 ESMF_YAMLCPP                : enabled
20220705 040517.090 INFO             PET0 ESMF_FieldRedistStoreNF(): Just entered routine.
20220705 040517.139 INFO             PET0 ESMF_FieldRedistStoreNF(): Leaving routine.
20220705 040517.141 INFO             PET0  NUMBER_OF_PROCESSORS           4
20220705 040517.141 INFO             PET0  PASS  Example ESMF_RHandleFromRHandleEx, ESMF_RHandleFromRHandleEx.F90, line 660
20220705 040517.141 INFO             PET0 Finalizing ESMF
20220705 040517.085 INFO             PET1 !!!!!!!!!!!!!!!!!!!!!!!!!!!!!!!!!!!!!!!!!!!!!!!!!!!!!!
20220705 040517.085 INFO             PET1 !!! THE ESMF_LOG IS SET TO OUTPUT ALL LOG MESSAGES !!!
20220705 040517.085 INFO             PET1 !!!     THIS MAY CAUSE SLOWDOWN IN PERFORMANCE     !!!
20220705 040517.085 INFO             PET1 !!! FOR PRODUCTION RUNS, USE:                      !!!
20220705 040517.085 INFO             PET1 !!!                   ESMF_LOGKIND_Multi_On_Error  !!!
20220705 040517.085 INFO             PET1 !!!!!!!!!!!!!!!!!!!!!!!!!!!!!!!!!!!!!!!!!!!!!!!!!!!!!!
20220705 040517.085 INFO             PET1 Running with ESMF Version   : v8.4.0b02-7-g9328c9b05f
20220705 040517.085 INFO             PET1 ESMF library build date/time: "Jul  5 2022" "02:50:49"
20220705 040517.085 INFO             PET1 ESMF library build location : /glade/scratch/dunlap/esmf-testing/intel_18.0.5_mpt_O_develop
20220705 040517.085 INFO             PET1 ESMF_COMM                   : mpt
20220705 040517.086 INFO             PET1 ESMF_MOAB                   : enabled
20220705 040517.086 INFO             PET1 ESMF_LAPACK                 : enabled
20220705 040517.086 INFO             PET1 ESMF_NETCDF                 : enabled
20220705 040517.086 INFO             PET1 ESMF_PNETCDF                : disabled
20220705 040517.086 INFO             PET1 ESMF_PIO                    : enabled
20220705 040517.086 INFO             PET1 ESMF_YAMLCPP                : enabled
20220705 040517.090 INFO             PET1 ESMF_FieldRedistStoreNF(): Just entered routine.
20220705 040517.139 INFO             PET1 ESMF_FieldRedistStoreNF(): Leaving routine.
20220705 040517.141 INFO             PET1  NUMBER_OF_PROCESSORS           4
20220705 040517.141 INFO             PET1  PASS  Example ESMF_RHandleFromRHandleEx, ESMF_RHandleFromRHandleEx.F90, line 660
20220705 040517.141 INFO             PET1 Finalizing ESMF
20220705 040517.084 INFO             PET2 !!!!!!!!!!!!!!!!!!!!!!!!!!!!!!!!!!!!!!!!!!!!!!!!!!!!!!
20220705 040517.084 INFO             PET2 !!! THE ESMF_LOG IS SET TO OUTPUT ALL LOG MESSAGES !!!
20220705 040517.084 INFO             PET2 !!!     THIS MAY CAUSE SLOWDOWN IN PERFORMANCE     !!!
20220705 040517.084 INFO             PET2 !!! FOR PRODUCTION RUNS, USE:                      !!!
20220705 040517.084 INFO             PET2 !!!                   ESMF_LOGKIND_Multi_On_Error  !!!
20220705 040517.084 INFO             PET2 !!!!!!!!!!!!!!!!!!!!!!!!!!!!!!!!!!!!!!!!!!!!!!!!!!!!!!
20220705 040517.084 INFO             PET2 Running with ESMF Version   : v8.4.0b02-7-g9328c9b05f
20220705 040517.085 INFO             PET2 ESMF library build date/time: "Jul  5 2022" "02:50:49"
20220705 040517.085 INFO             PET2 ESMF library build location : /glade/scratch/dunlap/esmf-testing/intel_18.0.5_mpt_O_develop
20220705 040517.085 INFO             PET2 ESMF_COMM                   : mpt
20220705 040517.085 INFO             PET2 ESMF_MOAB                   : enabled
20220705 040517.085 INFO             PET2 ESMF_LAPACK                 : enabled
20220705 040517.085 INFO             PET2 ESMF_NETCDF                 : enabled
20220705 040517.085 INFO             PET2 ESMF_PNETCDF                : disabled
20220705 040517.085 INFO             PET2 ESMF_PIO                    : enabled
20220705 040517.085 INFO             PET2 ESMF_YAMLCPP                : enabled
20220705 040517.090 INFO             PET2 ESMF_FieldRedistStoreNF(): Just entered routine.
20220705 040517.139 INFO             PET2 ESMF_FieldRedistStoreNF(): Leaving routine.
20220705 040517.140 INFO             PET2  NUMBER_OF_PROCESSORS           4
20220705 040517.140 INFO             PET2  PASS  Example ESMF_RHandleFromRHandleEx, ESMF_RHandleFromRHandleEx.F90, line 660
20220705 040517.140 INFO             PET2 Finalizing ESMF
20220705 040517.085 INFO             PET3 !!!!!!!!!!!!!!!!!!!!!!!!!!!!!!!!!!!!!!!!!!!!!!!!!!!!!!
20220705 040517.085 INFO             PET3 !!! THE ESMF_LOG IS SET TO OUTPUT ALL LOG MESSAGES !!!
20220705 040517.085 INFO             PET3 !!!     THIS MAY CAUSE SLOWDOWN IN PERFORMANCE     !!!
20220705 040517.085 INFO             PET3 !!! FOR PRODUCTION RUNS, USE:                      !!!
20220705 040517.085 INFO             PET3 !!!                   ESMF_LOGKIND_Multi_On_Error  !!!
20220705 040517.085 INFO             PET3 !!!!!!!!!!!!!!!!!!!!!!!!!!!!!!!!!!!!!!!!!!!!!!!!!!!!!!
20220705 040517.085 INFO             PET3 Running with ESMF Version   : v8.4.0b02-7-g9328c9b05f
20220705 040517.085 INFO             PET3 ESMF library build date/time: "Jul  5 2022" "02:50:49"
20220705 040517.085 INFO             PET3 ESMF library build location : /glade/scratch/dunlap/esmf-testing/intel_18.0.5_mpt_O_develop
20220705 040517.085 INFO             PET3 ESMF_COMM                   : mpt
20220705 040517.085 INFO             PET3 ESMF_MOAB                   : enabled
20220705 040517.085 INFO             PET3 ESMF_LAPACK                 : enabled
20220705 040517.085 INFO             PET3 ESMF_NETCDF                 : enabled
20220705 040517.085 INFO             PET3 ESMF_PNETCDF                : disabled
20220705 040517.085 INFO             PET3 ESMF_PIO                    : enabled
20220705 040517.085 INFO             PET3 ESMF_YAMLCPP                : enabled
20220705 040517.090 INFO             PET3 ESMF_FieldRedistStoreNF(): Just entered routine.
20220705 040517.138 INFO             PET3 ESMF_FieldRedistStoreNF(): Leaving routine.
20220705 040517.142 INFO             PET3  NUMBER_OF_PROCESSORS           4
20220705 040517.142 INFO             PET3  PASS  Example ESMF_RHandleFromRHandleEx, ESMF_RHandleFromRHandleEx.F90, line 660
20220705 040517.142 INFO             PET3 Finalizing ESMF
