build time -- 2022-06-18 02:57:45.309353
20220618 040750.238 INFO             PET0 !!!!!!!!!!!!!!!!!!!!!!!!!!!!!!!!!!!!!!!!!!!!!!!!!!!!!!
20220618 040750.238 INFO             PET0 !!! THE ESMF_LOG IS SET TO OUTPUT ALL LOG MESSAGES !!!
20220618 040750.238 INFO             PET0 !!!     THIS MAY CAUSE SLOWDOWN IN PERFORMANCE     !!!
20220618 040750.238 INFO             PET0 !!! FOR PRODUCTION RUNS, USE:                      !!!
20220618 040750.238 INFO             PET0 !!!                   ESMF_LOGKIND_Multi_On_Error  !!!
20220618 040750.238 INFO             PET0 !!!!!!!!!!!!!!!!!!!!!!!!!!!!!!!!!!!!!!!!!!!!!!!!!!!!!!
20220618 040750.238 INFO             PET0 Running with ESMF Version   : v8.4.0b01-2-gf0d4ab211d
20220618 040750.238 INFO             PET0 ESMF library build date/time: "Jun 18 2022" "02:51:04"
20220618 040750.238 INFO             PET0 ESMF library build location : /glade/scratch/dunlap/esmf-testing/intel_18.0.5_mpt_O_develop
20220618 040750.238 INFO             PET0 ESMF_COMM                   : mpt
20220618 040750.239 INFO             PET0 ESMF_MOAB                   : enabled
20220618 040750.239 INFO             PET0 ESMF_LAPACK                 : enabled
20220618 040750.239 INFO             PET0 ESMF_NETCDF                 : enabled
20220618 040750.239 INFO             PET0 ESMF_PNETCDF                : disabled
20220618 040750.239 INFO             PET0 ESMF_PIO                    : enabled
20220618 040750.239 INFO             PET0 ESMF_YAMLCPP                : enabled
20220618 040750.241 INFO             PET0  NUMBER_OF_PROCESSORS           4
20220618 040750.241 INFO             PET0  PASS  Example ESMF_ArrayBundleHaloEx, ESMF_ArrayBundleHaloEx.F90, line 172
20220618 040750.241 INFO             PET0 Finalizing ESMF
20220618 040750.238 INFO             PET1 !!!!!!!!!!!!!!!!!!!!!!!!!!!!!!!!!!!!!!!!!!!!!!!!!!!!!!
20220618 040750.238 INFO             PET1 !!! THE ESMF_LOG IS SET TO OUTPUT ALL LOG MESSAGES !!!
20220618 040750.238 INFO             PET1 !!!     THIS MAY CAUSE SLOWDOWN IN PERFORMANCE     !!!
20220618 040750.238 INFO             PET1 !!! FOR PRODUCTION RUNS, USE:                      !!!
20220618 040750.238 INFO             PET1 !!!                   ESMF_LOGKIND_Multi_On_Error  !!!
20220618 040750.238 INFO             PET1 !!!!!!!!!!!!!!!!!!!!!!!!!!!!!!!!!!!!!!!!!!!!!!!!!!!!!!
20220618 040750.238 INFO             PET1 Running with ESMF Version   : v8.4.0b01-2-gf0d4ab211d
20220618 040750.238 INFO             PET1 ESMF library build date/time: "Jun 18 2022" "02:51:04"
20220618 040750.238 INFO             PET1 ESMF library build location : /glade/scratch/dunlap/esmf-testing/intel_18.0.5_mpt_O_develop
20220618 040750.238 INFO             PET1 ESMF_COMM                   : mpt
20220618 040750.239 INFO             PET1 ESMF_MOAB                   : enabled
20220618 040750.239 INFO             PET1 ESMF_LAPACK                 : enabled
20220618 040750.239 INFO             PET1 ESMF_NETCDF                 : enabled
20220618 040750.239 INFO             PET1 ESMF_PNETCDF                : disabled
20220618 040750.239 INFO             PET1 ESMF_PIO                    : enabled
20220618 040750.239 INFO             PET1 ESMF_YAMLCPP                : enabled
20220618 040750.241 INFO             PET1  NUMBER_OF_PROCESSORS           4
20220618 040750.241 INFO             PET1  PASS  Example ESMF_ArrayBundleHaloEx, ESMF_ArrayBundleHaloEx.F90, line 172
20220618 040750.241 INFO             PET1 Finalizing ESMF
20220618 040750.238 INFO             PET2 !!!!!!!!!!!!!!!!!!!!!!!!!!!!!!!!!!!!!!!!!!!!!!!!!!!!!!
20220618 040750.239 INFO             PET2 !!! THE ESMF_LOG IS SET TO OUTPUT ALL LOG MESSAGES !!!
20220618 040750.239 INFO             PET2 !!!     THIS MAY CAUSE SLOWDOWN IN PERFORMANCE     !!!
20220618 040750.239 INFO             PET2 !!! FOR PRODUCTION RUNS, USE:                      !!!
20220618 040750.239 INFO             PET2 !!!                   ESMF_LOGKIND_Multi_On_Error  !!!
20220618 040750.239 INFO             PET2 !!!!!!!!!!!!!!!!!!!!!!!!!!!!!!!!!!!!!!!!!!!!!!!!!!!!!!
20220618 040750.239 INFO             PET2 Running with ESMF Version   : v8.4.0b01-2-gf0d4ab211d
20220618 040750.239 INFO             PET2 ESMF library build date/time: "Jun 18 2022" "02:51:04"
20220618 040750.239 INFO             PET2 ESMF library build location : /glade/scratch/dunlap/esmf-testing/intel_18.0.5_mpt_O_develop
20220618 040750.239 INFO             PET2 ESMF_COMM                   : mpt
20220618 040750.239 INFO             PET2 ESMF_MOAB                   : enabled
20220618 040750.239 INFO             PET2 ESMF_LAPACK                 : enabled
20220618 040750.239 INFO             PET2 ESMF_NETCDF                 : enabled
20220618 040750.239 INFO             PET2 ESMF_PNETCDF                : disabled
20220618 040750.239 INFO             PET2 ESMF_PIO                    : enabled
20220618 040750.239 INFO             PET2 ESMF_YAMLCPP                : enabled
20220618 040750.241 INFO             PET2  NUMBER_OF_PROCESSORS           4
20220618 040750.241 INFO             PET2  PASS  Example ESMF_ArrayBundleHaloEx, ESMF_ArrayBundleHaloEx.F90, line 172
20220618 040750.241 INFO             PET2 Finalizing ESMF
20220618 040750.238 INFO             PET3 !!!!!!!!!!!!!!!!!!!!!!!!!!!!!!!!!!!!!!!!!!!!!!!!!!!!!!
20220618 040750.238 INFO             PET3 !!! THE ESMF_LOG IS SET TO OUTPUT ALL LOG MESSAGES !!!
20220618 040750.238 INFO             PET3 !!!     THIS MAY CAUSE SLOWDOWN IN PERFORMANCE     !!!
20220618 040750.238 INFO             PET3 !!! FOR PRODUCTION RUNS, USE:                      !!!
20220618 040750.238 INFO             PET3 !!!                   ESMF_LOGKIND_Multi_On_Error  !!!
20220618 040750.238 INFO             PET3 !!!!!!!!!!!!!!!!!!!!!!!!!!!!!!!!!!!!!!!!!!!!!!!!!!!!!!
20220618 040750.238 INFO             PET3 Running with ESMF Version   : v8.4.0b01-2-gf0d4ab211d
20220618 040750.238 INFO             PET3 ESMF library build date/time: "Jun 18 2022" "02:51:04"
20220618 040750.238 INFO             PET3 ESMF library build location : /glade/scratch/dunlap/esmf-testing/intel_18.0.5_mpt_O_develop
20220618 040750.238 INFO             PET3 ESMF_COMM                   : mpt
20220618 040750.239 INFO             PET3 ESMF_MOAB                   : enabled
20220618 040750.239 INFO             PET3 ESMF_LAPACK                 : enabled
20220618 040750.239 INFO             PET3 ESMF_NETCDF                 : enabled
20220618 040750.239 INFO             PET3 ESMF_PNETCDF                : disabled
20220618 040750.239 INFO             PET3 ESMF_PIO                    : enabled
20220618 040750.239 INFO             PET3 ESMF_YAMLCPP                : enabled
20220618 040750.241 INFO             PET3  NUMBER_OF_PROCESSORS           4
20220618 040750.241 INFO             PET3  PASS  Example ESMF_ArrayBundleHaloEx, ESMF_ArrayBundleHaloEx.F90, line 172
20220618 040750.241 INFO             PET3 Finalizing ESMF
