Mon Jul 11 03:57:31 EDT 2022
---------------------------------------------------------------------------
Mon Jul 11 03:29:29 EDT 2022
STARTING: AsyncIOBlockingProto
rm -f PET*.ESMF_LogFile *.nc *.stdout
rm -f asyncIOApp *.o *.mod
pgf90 -c -g -fpic -Mallocatable=03 -lpthread -I/gpfsm/dnb04/projects/p98/mpotts/esmf/pgi_20.4_mpiuni_g_develop/DEFAULTINSTALLDIR/mod/modg/Linux.pgi.64.mpiuni.default -I/gpfsm/dnb04/projects/p98/mpotts/esmf/pgi_20.4_mpiuni_g_develop/DEFAULTINSTALLDIR/include   -DESMF_NO_INTEGER_1_BYTE -DESMF_NO_INTEGER_2_BYTE -DESMF_VERSION_STRING_GIT='v8.4.0b03-3-g14a79d558f' -DESMF_MOAB=1 -DESMF_LAPACK=1 -DESMF_LAPACK_INTERNAL=1 -DESMF_NO_ACC_SOFTWARE_STACK=1 -DESMF_YAMLCPP=1 -DESMF_YAML=1 -DESMF_NO_OPENMP -DESMF_NO_OPENACC -DESMF_TESTEXHAUSTIVE -DESMF_BOPT_g -DESMF_TESTCOMPTUNNEL -DESMF_TESTWITHTHREADS -DSx86_64_small=1 -DESMF_OS_Linux=1 -DESMF_COMM=mpiuni -DESMF_DIR=/gpfsm/dnb04/projects/p98/mpotts/esmf/pgi_20.4_mpiuni_g_develop -DESMF_MPIUNI -DESMF_PGIVERSION_MAJOR=20 -DESMF_PGIVERSION_MINOR=4 -DESMF_PGIVERSION_PATCH=0 -DESMF_NO_F2018ASSUMEDTYPE model.F90
pgf90 -c -g -fpic -Mallocatable=03 -lpthread -I/gpfsm/dnb04/projects/p98/mpotts/esmf/pgi_20.4_mpiuni_g_develop/DEFAULTINSTALLDIR/mod/modg/Linux.pgi.64.mpiuni.default -I/gpfsm/dnb04/projects/p98/mpotts/esmf/pgi_20.4_mpiuni_g_develop/DEFAULTINSTALLDIR/include   -DESMF_NO_INTEGER_1_BYTE -DESMF_NO_INTEGER_2_BYTE -DESMF_VERSION_STRING_GIT='v8.4.0b03-3-g14a79d558f' -DESMF_MOAB=1 -DESMF_LAPACK=1 -DESMF_LAPACK_INTERNAL=1 -DESMF_NO_ACC_SOFTWARE_STACK=1 -DESMF_YAMLCPP=1 -DESMF_YAML=1 -DESMF_NO_OPENMP -DESMF_NO_OPENACC -DESMF_TESTEXHAUSTIVE -DESMF_BOPT_g -DESMF_TESTCOMPTUNNEL -DESMF_TESTWITHTHREADS -DSx86_64_small=1 -DESMF_OS_Linux=1 -DESMF_COMM=mpiuni -DESMF_DIR=/gpfsm/dnb04/projects/p98/mpotts/esmf/pgi_20.4_mpiuni_g_develop -DESMF_MPIUNI -DESMF_PGIVERSION_MAJOR=20 -DESMF_PGIVERSION_MINOR=4 -DESMF_PGIVERSION_PATCH=0 -DESMF_NO_F2018ASSUMEDTYPE io.F90
pgf90 -c -g -fpic -Mallocatable=03 -lpthread -I/gpfsm/dnb04/projects/p98/mpotts/esmf/pgi_20.4_mpiuni_g_develop/DEFAULTINSTALLDIR/mod/modg/Linux.pgi.64.mpiuni.default -I/gpfsm/dnb04/projects/p98/mpotts/esmf/pgi_20.4_mpiuni_g_develop/DEFAULTINSTALLDIR/include   -DESMF_NO_INTEGER_1_BYTE -DESMF_NO_INTEGER_2_BYTE -DESMF_VERSION_STRING_GIT='v8.4.0b03-3-g14a79d558f' -DESMF_MOAB=1 -DESMF_LAPACK=1 -DESMF_LAPACK_INTERNAL=1 -DESMF_NO_ACC_SOFTWARE_STACK=1 -DESMF_YAMLCPP=1 -DESMF_YAML=1 -DESMF_NO_OPENMP -DESMF_NO_OPENACC -DESMF_TESTEXHAUSTIVE -DESMF_BOPT_g -DESMF_TESTCOMPTUNNEL -DESMF_TESTWITHTHREADS -DSx86_64_small=1 -DESMF_OS_Linux=1 -DESMF_COMM=mpiuni -DESMF_DIR=/gpfsm/dnb04/projects/p98/mpotts/esmf/pgi_20.4_mpiuni_g_develop -DESMF_MPIUNI -DESMF_PGIVERSION_MAJOR=20 -DESMF_PGIVERSION_MINOR=4 -DESMF_PGIVERSION_PATCH=0 -DESMF_NO_F2018ASSUMEDTYPE asyncIODriver.F90
pgf90 -c -g -fpic -Mallocatable=03 -lpthread -I/gpfsm/dnb04/projects/p98/mpotts/esmf/pgi_20.4_mpiuni_g_develop/DEFAULTINSTALLDIR/mod/modg/Linux.pgi.64.mpiuni.default -I/gpfsm/dnb04/projects/p98/mpotts/esmf/pgi_20.4_mpiuni_g_develop/DEFAULTINSTALLDIR/include   -DESMF_NO_INTEGER_1_BYTE -DESMF_NO_INTEGER_2_BYTE -DESMF_VERSION_STRING_GIT='v8.4.0b03-3-g14a79d558f' -DESMF_MOAB=1 -DESMF_LAPACK=1 -DESMF_LAPACK_INTERNAL=1 -DESMF_NO_ACC_SOFTWARE_STACK=1 -DESMF_YAMLCPP=1 -DESMF_YAML=1 -DESMF_NO_OPENMP -DESMF_NO_OPENACC -DESMF_TESTEXHAUSTIVE -DESMF_BOPT_g -DESMF_TESTCOMPTUNNEL -DESMF_TESTWITHTHREADS -DSx86_64_small=1 -DESMF_OS_Linux=1 -DESMF_COMM=mpiuni -DESMF_DIR=/gpfsm/dnb04/projects/p98/mpotts/esmf/pgi_20.4_mpiuni_g_develop -DESMF_MPIUNI -DESMF_PGIVERSION_MAJOR=20 -DESMF_PGIVERSION_MINOR=4 -DESMF_PGIVERSION_PATCH=0 -DESMF_NO_F2018ASSUMEDTYPE asyncIOApp.F90
pgf90 -lpthread -Wl,--no-as-needed -L/gpfsm/dnb04/projects/p98/mpotts/esmf/pgi_20.4_mpiuni_g_develop/DEFAULTINSTALLDIR/lib/libg/Linux.pgi.64.mpiuni.default  -L/gpfsm/dulocal/sles12/pgi/linux86-64-llvm/20.4/libso -Wl,-rpath,/gpfsm/dnb04/projects/p98/mpotts/esmf/pgi_20.4_mpiuni_g_develop/DEFAULTINSTALLDIR/lib/libg/Linux.pgi.64.mpiuni.default  -Wl,-rpath,/gpfsm/dulocal/sles12/pgi/linux86-64-llvm/20.4/libso -o asyncIOApp asyncIOApp.o asyncIODriver.o model.o io.o -lesmf  -pgc++libs -ldl
+ /gpfsm/dnb04/projects/p98/mpotts/esmf/pgi_20.4_mpiuni_g_develop/src/Infrastructure/stubs/mpiuni/mpirun -np 4 ./asyncIOApp
+ local result=1
+ set +x
FINISHED: AsyncIOBlockingProto
Mon Jul 11 03:40:27 EDT 2022
---------------------------------------------------------------------------

---------------------------------------------------------------------------
Mon Jul 11 03:40:27 EDT 2022
STARTING: AsyncIONonblockingProto
rm -f PET*.ESMF_LogFile *.nc *.stdout
rm -f asyncIOApp *.o *.mod
pgf90 -c -g -fpic -Mallocatable=03 -lpthread -I/gpfsm/dnb04/projects/p98/mpotts/esmf/pgi_20.4_mpiuni_g_develop/DEFAULTINSTALLDIR/mod/modg/Linux.pgi.64.mpiuni.default -I/gpfsm/dnb04/projects/p98/mpotts/esmf/pgi_20.4_mpiuni_g_develop/DEFAULTINSTALLDIR/include   -DESMF_NO_INTEGER_1_BYTE -DESMF_NO_INTEGER_2_BYTE -DESMF_VERSION_STRING_GIT='v8.4.0b03-3-g14a79d558f' -DESMF_MOAB=1 -DESMF_LAPACK=1 -DESMF_LAPACK_INTERNAL=1 -DESMF_NO_ACC_SOFTWARE_STACK=1 -DESMF_YAMLCPP=1 -DESMF_YAML=1 -DESMF_NO_OPENMP -DESMF_NO_OPENACC -DESMF_TESTEXHAUSTIVE -DESMF_BOPT_g -DESMF_TESTCOMPTUNNEL -DESMF_TESTWITHTHREADS -DSx86_64_small=1 -DESMF_OS_Linux=1 -DESMF_COMM=mpiuni -DESMF_DIR=/gpfsm/dnb04/projects/p98/mpotts/esmf/pgi_20.4_mpiuni_g_develop -DESMF_MPIUNI -DESMF_PGIVERSION_MAJOR=20 -DESMF_PGIVERSION_MINOR=4 -DESMF_PGIVERSION_PATCH=0 -DESMF_NO_F2018ASSUMEDTYPE model.F90
pgf90 -c -g -fpic -Mallocatable=03 -lpthread -I/gpfsm/dnb04/projects/p98/mpotts/esmf/pgi_20.4_mpiuni_g_develop/DEFAULTINSTALLDIR/mod/modg/Linux.pgi.64.mpiuni.default -I/gpfsm/dnb04/projects/p98/mpotts/esmf/pgi_20.4_mpiuni_g_develop/DEFAULTINSTALLDIR/include   -DESMF_NO_INTEGER_1_BYTE -DESMF_NO_INTEGER_2_BYTE -DESMF_VERSION_STRING_GIT='v8.4.0b03-3-g14a79d558f' -DESMF_MOAB=1 -DESMF_LAPACK=1 -DESMF_LAPACK_INTERNAL=1 -DESMF_NO_ACC_SOFTWARE_STACK=1 -DESMF_YAMLCPP=1 -DESMF_YAML=1 -DESMF_NO_OPENMP -DESMF_NO_OPENACC -DESMF_TESTEXHAUSTIVE -DESMF_BOPT_g -DESMF_TESTCOMPTUNNEL -DESMF_TESTWITHTHREADS -DSx86_64_small=1 -DESMF_OS_Linux=1 -DESMF_COMM=mpiuni -DESMF_DIR=/gpfsm/dnb04/projects/p98/mpotts/esmf/pgi_20.4_mpiuni_g_develop -DESMF_MPIUNI -DESMF_PGIVERSION_MAJOR=20 -DESMF_PGIVERSION_MINOR=4 -DESMF_PGIVERSION_PATCH=0 -DESMF_NO_F2018ASSUMEDTYPE io.F90
pgf90 -c -g -fpic -Mallocatable=03 -lpthread -I/gpfsm/dnb04/projects/p98/mpotts/esmf/pgi_20.4_mpiuni_g_develop/DEFAULTINSTALLDIR/mod/modg/Linux.pgi.64.mpiuni.default -I/gpfsm/dnb04/projects/p98/mpotts/esmf/pgi_20.4_mpiuni_g_develop/DEFAULTINSTALLDIR/include   -DESMF_NO_INTEGER_1_BYTE -DESMF_NO_INTEGER_2_BYTE -DESMF_VERSION_STRING_GIT='v8.4.0b03-3-g14a79d558f' -DESMF_MOAB=1 -DESMF_LAPACK=1 -DESMF_LAPACK_INTERNAL=1 -DESMF_NO_ACC_SOFTWARE_STACK=1 -DESMF_YAMLCPP=1 -DESMF_YAML=1 -DESMF_NO_OPENMP -DESMF_NO_OPENACC -DESMF_TESTEXHAUSTIVE -DESMF_BOPT_g -DESMF_TESTCOMPTUNNEL -DESMF_TESTWITHTHREADS -DSx86_64_small=1 -DESMF_OS_Linux=1 -DESMF_COMM=mpiuni -DESMF_DIR=/gpfsm/dnb04/projects/p98/mpotts/esmf/pgi_20.4_mpiuni_g_develop -DESMF_MPIUNI -DESMF_PGIVERSION_MAJOR=20 -DESMF_PGIVERSION_MINOR=4 -DESMF_PGIVERSION_PATCH=0 -DESMF_NO_F2018ASSUMEDTYPE conn.F90
pgf90 -c -g -fpic -Mallocatable=03 -lpthread -I/gpfsm/dnb04/projects/p98/mpotts/esmf/pgi_20.4_mpiuni_g_develop/DEFAULTINSTALLDIR/mod/modg/Linux.pgi.64.mpiuni.default -I/gpfsm/dnb04/projects/p98/mpotts/esmf/pgi_20.4_mpiuni_g_develop/DEFAULTINSTALLDIR/include   -DESMF_NO_INTEGER_1_BYTE -DESMF_NO_INTEGER_2_BYTE -DESMF_VERSION_STRING_GIT='v8.4.0b03-3-g14a79d558f' -DESMF_MOAB=1 -DESMF_LAPACK=1 -DESMF_LAPACK_INTERNAL=1 -DESMF_NO_ACC_SOFTWARE_STACK=1 -DESMF_YAMLCPP=1 -DESMF_YAML=1 -DESMF_NO_OPENMP -DESMF_NO_OPENACC -DESMF_TESTEXHAUSTIVE -DESMF_BOPT_g -DESMF_TESTCOMPTUNNEL -DESMF_TESTWITHTHREADS -DSx86_64_small=1 -DESMF_OS_Linux=1 -DESMF_COMM=mpiuni -DESMF_DIR=/gpfsm/dnb04/projects/p98/mpotts/esmf/pgi_20.4_mpiuni_g_develop -DESMF_MPIUNI -DESMF_PGIVERSION_MAJOR=20 -DESMF_PGIVERSION_MINOR=4 -DESMF_PGIVERSION_PATCH=0 -DESMF_NO_F2018ASSUMEDTYPE asyncIODriver.F90
pgf90 -c -g -fpic -Mallocatable=03 -lpthread -I/gpfsm/dnb04/projects/p98/mpotts/esmf/pgi_20.4_mpiuni_g_develop/DEFAULTINSTALLDIR/mod/modg/Linux.pgi.64.mpiuni.default -I/gpfsm/dnb04/projects/p98/mpotts/esmf/pgi_20.4_mpiuni_g_develop/DEFAULTINSTALLDIR/include   -DESMF_NO_INTEGER_1_BYTE -DESMF_NO_INTEGER_2_BYTE -DESMF_VERSION_STRING_GIT='v8.4.0b03-3-g14a79d558f' -DESMF_MOAB=1 -DESMF_LAPACK=1 -DESMF_LAPACK_INTERNAL=1 -DESMF_NO_ACC_SOFTWARE_STACK=1 -DESMF_YAMLCPP=1 -DESMF_YAML=1 -DESMF_NO_OPENMP -DESMF_NO_OPENACC -DESMF_TESTEXHAUSTIVE -DESMF_BOPT_g -DESMF_TESTCOMPTUNNEL -DESMF_TESTWITHTHREADS -DSx86_64_small=1 -DESMF_OS_Linux=1 -DESMF_COMM=mpiuni -DESMF_DIR=/gpfsm/dnb04/projects/p98/mpotts/esmf/pgi_20.4_mpiuni_g_develop -DESMF_MPIUNI -DESMF_PGIVERSION_MAJOR=20 -DESMF_PGIVERSION_MINOR=4 -DESMF_PGIVERSION_PATCH=0 -DESMF_NO_F2018ASSUMEDTYPE asyncIOApp.F90
pgf90 -lpthread -Wl,--no-as-needed -L/gpfsm/dnb04/projects/p98/mpotts/esmf/pgi_20.4_mpiuni_g_develop/DEFAULTINSTALLDIR/lib/libg/Linux.pgi.64.mpiuni.default  -L/gpfsm/dulocal/sles12/pgi/linux86-64-llvm/20.4/libso -Wl,-rpath,/gpfsm/dnb04/projects/p98/mpotts/esmf/pgi_20.4_mpiuni_g_develop/DEFAULTINSTALLDIR/lib/libg/Linux.pgi.64.mpiuni.default  -Wl,-rpath,/gpfsm/dulocal/sles12/pgi/linux86-64-llvm/20.4/libso -o asyncIOApp asyncIOApp.o asyncIODriver.o model.o io.o conn.o -lesmf  -pgc++libs -ldl
+ /gpfsm/dnb04/projects/p98/mpotts/esmf/pgi_20.4_mpiuni_g_develop/src/Infrastructure/stubs/mpiuni/mpirun -np 4 ./asyncIOApp
+ local result=1
+ set +x
FINISHED: AsyncIONonblockingProto
Mon Jul 11 03:44:51 EDT 2022
---------------------------------------------------------------------------

---------------------------------------------------------------------------
Mon Jul 11 03:44:51 EDT 2022
STARTING: AtmOcnConOptsProto
rm -rf PET*.ESMF_LogFile traceout *.nc *.stdout
rm -f esmApp *.o *.mod
pgf90 -c -g -fpic -Mallocatable=03 -lpthread -I/gpfsm/dnb04/projects/p98/mpotts/esmf/pgi_20.4_mpiuni_g_develop/DEFAULTINSTALLDIR/mod/modg/Linux.pgi.64.mpiuni.default -I/gpfsm/dnb04/projects/p98/mpotts/esmf/pgi_20.4_mpiuni_g_develop/DEFAULTINSTALLDIR/include   -DESMF_NO_INTEGER_1_BYTE -DESMF_NO_INTEGER_2_BYTE -DESMF_VERSION_STRING_GIT='v8.4.0b03-3-g14a79d558f' -DESMF_MOAB=1 -DESMF_LAPACK=1 -DESMF_LAPACK_INTERNAL=1 -DESMF_NO_ACC_SOFTWARE_STACK=1 -DESMF_YAMLCPP=1 -DESMF_YAML=1 -DESMF_NO_OPENMP -DESMF_NO_OPENACC -DESMF_TESTEXHAUSTIVE -DESMF_BOPT_g -DESMF_TESTCOMPTUNNEL -DESMF_TESTWITHTHREADS -DSx86_64_small=1 -DESMF_OS_Linux=1 -DESMF_COMM=mpiuni -DESMF_DIR=/gpfsm/dnb04/projects/p98/mpotts/esmf/pgi_20.4_mpiuni_g_develop -DESMF_MPIUNI -DESMF_PGIVERSION_MAJOR=20 -DESMF_PGIVERSION_MINOR=4 -DESMF_PGIVERSION_PATCH=0 -DESMF_NO_F2018ASSUMEDTYPE atm.F90
pgf90 -c -g -fpic -Mallocatable=03 -lpthread -I/gpfsm/dnb04/projects/p98/mpotts/esmf/pgi_20.4_mpiuni_g_develop/DEFAULTINSTALLDIR/mod/modg/Linux.pgi.64.mpiuni.default -I/gpfsm/dnb04/projects/p98/mpotts/esmf/pgi_20.4_mpiuni_g_develop/DEFAULTINSTALLDIR/include   -DESMF_NO_INTEGER_1_BYTE -DESMF_NO_INTEGER_2_BYTE -DESMF_VERSION_STRING_GIT='v8.4.0b03-3-g14a79d558f' -DESMF_MOAB=1 -DESMF_LAPACK=1 -DESMF_LAPACK_INTERNAL=1 -DESMF_NO_ACC_SOFTWARE_STACK=1 -DESMF_YAMLCPP=1 -DESMF_YAML=1 -DESMF_NO_OPENMP -DESMF_NO_OPENACC -DESMF_TESTEXHAUSTIVE -DESMF_BOPT_g -DESMF_TESTCOMPTUNNEL -DESMF_TESTWITHTHREADS -DSx86_64_small=1 -DESMF_OS_Linux=1 -DESMF_COMM=mpiuni -DESMF_DIR=/gpfsm/dnb04/projects/p98/mpotts/esmf/pgi_20.4_mpiuni_g_develop -DESMF_MPIUNI -DESMF_PGIVERSION_MAJOR=20 -DESMF_PGIVERSION_MINOR=4 -DESMF_PGIVERSION_PATCH=0 -DESMF_NO_F2018ASSUMEDTYPE ocn.F90
pgf90 -c -g -fpic -Mallocatable=03 -lpthread -I/gpfsm/dnb04/projects/p98/mpotts/esmf/pgi_20.4_mpiuni_g_develop/DEFAULTINSTALLDIR/mod/modg/Linux.pgi.64.mpiuni.default -I/gpfsm/dnb04/projects/p98/mpotts/esmf/pgi_20.4_mpiuni_g_develop/DEFAULTINSTALLDIR/include   -DESMF_NO_INTEGER_1_BYTE -DESMF_NO_INTEGER_2_BYTE -DESMF_VERSION_STRING_GIT='v8.4.0b03-3-g14a79d558f' -DESMF_MOAB=1 -DESMF_LAPACK=1 -DESMF_LAPACK_INTERNAL=1 -DESMF_NO_ACC_SOFTWARE_STACK=1 -DESMF_YAMLCPP=1 -DESMF_YAML=1 -DESMF_NO_OPENMP -DESMF_NO_OPENACC -DESMF_TESTEXHAUSTIVE -DESMF_BOPT_g -DESMF_TESTCOMPTUNNEL -DESMF_TESTWITHTHREADS -DSx86_64_small=1 -DESMF_OS_Linux=1 -DESMF_COMM=mpiuni -DESMF_DIR=/gpfsm/dnb04/projects/p98/mpotts/esmf/pgi_20.4_mpiuni_g_develop -DESMF_MPIUNI -DESMF_PGIVERSION_MAJOR=20 -DESMF_PGIVERSION_MINOR=4 -DESMF_PGIVERSION_PATCH=0 -DESMF_NO_F2018ASSUMEDTYPE esm.F90
pgf90 -c -g -fpic -Mallocatable=03 -lpthread -I/gpfsm/dnb04/projects/p98/mpotts/esmf/pgi_20.4_mpiuni_g_develop/DEFAULTINSTALLDIR/mod/modg/Linux.pgi.64.mpiuni.default -I/gpfsm/dnb04/projects/p98/mpotts/esmf/pgi_20.4_mpiuni_g_develop/DEFAULTINSTALLDIR/include   -DESMF_NO_INTEGER_1_BYTE -DESMF_NO_INTEGER_2_BYTE -DESMF_VERSION_STRING_GIT='v8.4.0b03-3-g14a79d558f' -DESMF_MOAB=1 -DESMF_LAPACK=1 -DESMF_LAPACK_INTERNAL=1 -DESMF_NO_ACC_SOFTWARE_STACK=1 -DESMF_YAMLCPP=1 -DESMF_YAML=1 -DESMF_NO_OPENMP -DESMF_NO_OPENACC -DESMF_TESTEXHAUSTIVE -DESMF_BOPT_g -DESMF_TESTCOMPTUNNEL -DESMF_TESTWITHTHREADS -DSx86_64_small=1 -DESMF_OS_Linux=1 -DESMF_COMM=mpiuni -DESMF_DIR=/gpfsm/dnb04/projects/p98/mpotts/esmf/pgi_20.4_mpiuni_g_develop -DESMF_MPIUNI -DESMF_PGIVERSION_MAJOR=20 -DESMF_PGIVERSION_MINOR=4 -DESMF_PGIVERSION_PATCH=0 -DESMF_NO_F2018ASSUMEDTYPE esmApp.F90
pgf90 -lpthread -Wl,--no-as-needed -L/gpfsm/dnb04/projects/p98/mpotts/esmf/pgi_20.4_mpiuni_g_develop/DEFAULTINSTALLDIR/lib/libg/Linux.pgi.64.mpiuni.default  -L/gpfsm/dulocal/sles12/pgi/linux86-64-llvm/20.4/libso -Wl,-rpath,/gpfsm/dnb04/projects/p98/mpotts/esmf/pgi_20.4_mpiuni_g_develop/DEFAULTINSTALLDIR/lib/libg/Linux.pgi.64.mpiuni.default  -Wl,-rpath,/gpfsm/dulocal/sles12/pgi/linux86-64-llvm/20.4/libso -o esmApp esmApp.o esm.o atm.o ocn.o -lesmf  -pgc++libs -ldl
+ /gpfsm/dnb04/projects/p98/mpotts/esmf/pgi_20.4_mpiuni_g_develop/src/Infrastructure/stubs/mpiuni/mpirun -np 4 ./esmApp
+ local result=1
+ set +x
FINISHED: AtmOcnConOptsProto
Mon Jul 11 03:46:00 EDT 2022
---------------------------------------------------------------------------

---------------------------------------------------------------------------
Mon Jul 11 03:46:00 EDT 2022
STARTING: AtmOcnConProto
rm -f PET*.ESMF_LogFile *.nc *.stdout
rm -f esmApp *.o *.mod
pgf90 -c -g -fpic -Mallocatable=03 -lpthread -I/gpfsm/dnb04/projects/p98/mpotts/esmf/pgi_20.4_mpiuni_g_develop/DEFAULTINSTALLDIR/mod/modg/Linux.pgi.64.mpiuni.default -I/gpfsm/dnb04/projects/p98/mpotts/esmf/pgi_20.4_mpiuni_g_develop/DEFAULTINSTALLDIR/include   -DESMF_NO_INTEGER_1_BYTE -DESMF_NO_INTEGER_2_BYTE -DESMF_VERSION_STRING_GIT='v8.4.0b03-3-g14a79d558f' -DESMF_MOAB=1 -DESMF_LAPACK=1 -DESMF_LAPACK_INTERNAL=1 -DESMF_NO_ACC_SOFTWARE_STACK=1 -DESMF_YAMLCPP=1 -DESMF_YAML=1 -DESMF_NO_OPENMP -DESMF_NO_OPENACC -DESMF_TESTEXHAUSTIVE -DESMF_BOPT_g -DESMF_TESTCOMPTUNNEL -DESMF_TESTWITHTHREADS -DSx86_64_small=1 -DESMF_OS_Linux=1 -DESMF_COMM=mpiuni -DESMF_DIR=/gpfsm/dnb04/projects/p98/mpotts/esmf/pgi_20.4_mpiuni_g_develop -DESMF_MPIUNI -DESMF_PGIVERSION_MAJOR=20 -DESMF_PGIVERSION_MINOR=4 -DESMF_PGIVERSION_PATCH=0 -DESMF_NO_F2018ASSUMEDTYPE atm.F90
pgf90 -c -g -fpic -Mallocatable=03 -lpthread -I/gpfsm/dnb04/projects/p98/mpotts/esmf/pgi_20.4_mpiuni_g_develop/DEFAULTINSTALLDIR/mod/modg/Linux.pgi.64.mpiuni.default -I/gpfsm/dnb04/projects/p98/mpotts/esmf/pgi_20.4_mpiuni_g_develop/DEFAULTINSTALLDIR/include   -DESMF_NO_INTEGER_1_BYTE -DESMF_NO_INTEGER_2_BYTE -DESMF_VERSION_STRING_GIT='v8.4.0b03-3-g14a79d558f' -DESMF_MOAB=1 -DESMF_LAPACK=1 -DESMF_LAPACK_INTERNAL=1 -DESMF_NO_ACC_SOFTWARE_STACK=1 -DESMF_YAMLCPP=1 -DESMF_YAML=1 -DESMF_NO_OPENMP -DESMF_NO_OPENACC -DESMF_TESTEXHAUSTIVE -DESMF_BOPT_g -DESMF_TESTCOMPTUNNEL -DESMF_TESTWITHTHREADS -DSx86_64_small=1 -DESMF_OS_Linux=1 -DESMF_COMM=mpiuni -DESMF_DIR=/gpfsm/dnb04/projects/p98/mpotts/esmf/pgi_20.4_mpiuni_g_develop -DESMF_MPIUNI -DESMF_PGIVERSION_MAJOR=20 -DESMF_PGIVERSION_MINOR=4 -DESMF_PGIVERSION_PATCH=0 -DESMF_NO_F2018ASSUMEDTYPE ocn.F90
pgf90 -c -g -fpic -Mallocatable=03 -lpthread -I/gpfsm/dnb04/projects/p98/mpotts/esmf/pgi_20.4_mpiuni_g_develop/DEFAULTINSTALLDIR/mod/modg/Linux.pgi.64.mpiuni.default -I/gpfsm/dnb04/projects/p98/mpotts/esmf/pgi_20.4_mpiuni_g_develop/DEFAULTINSTALLDIR/include   -DESMF_NO_INTEGER_1_BYTE -DESMF_NO_INTEGER_2_BYTE -DESMF_VERSION_STRING_GIT='v8.4.0b03-3-g14a79d558f' -DESMF_MOAB=1 -DESMF_LAPACK=1 -DESMF_LAPACK_INTERNAL=1 -DESMF_NO_ACC_SOFTWARE_STACK=1 -DESMF_YAMLCPP=1 -DESMF_YAML=1 -DESMF_NO_OPENMP -DESMF_NO_OPENACC -DESMF_TESTEXHAUSTIVE -DESMF_BOPT_g -DESMF_TESTCOMPTUNNEL -DESMF_TESTWITHTHREADS -DSx86_64_small=1 -DESMF_OS_Linux=1 -DESMF_COMM=mpiuni -DESMF_DIR=/gpfsm/dnb04/projects/p98/mpotts/esmf/pgi_20.4_mpiuni_g_develop -DESMF_MPIUNI -DESMF_PGIVERSION_MAJOR=20 -DESMF_PGIVERSION_MINOR=4 -DESMF_PGIVERSION_PATCH=0 -DESMF_NO_F2018ASSUMEDTYPE conn.F90
pgf90 -c -g -fpic -Mallocatable=03 -lpthread -I/gpfsm/dnb04/projects/p98/mpotts/esmf/pgi_20.4_mpiuni_g_develop/DEFAULTINSTALLDIR/mod/modg/Linux.pgi.64.mpiuni.default -I/gpfsm/dnb04/projects/p98/mpotts/esmf/pgi_20.4_mpiuni_g_develop/DEFAULTINSTALLDIR/include   -DESMF_NO_INTEGER_1_BYTE -DESMF_NO_INTEGER_2_BYTE -DESMF_VERSION_STRING_GIT='v8.4.0b03-3-g14a79d558f' -DESMF_MOAB=1 -DESMF_LAPACK=1 -DESMF_LAPACK_INTERNAL=1 -DESMF_NO_ACC_SOFTWARE_STACK=1 -DESMF_YAMLCPP=1 -DESMF_YAML=1 -DESMF_NO_OPENMP -DESMF_NO_OPENACC -DESMF_TESTEXHAUSTIVE -DESMF_BOPT_g -DESMF_TESTCOMPTUNNEL -DESMF_TESTWITHTHREADS -DSx86_64_small=1 -DESMF_OS_Linux=1 -DESMF_COMM=mpiuni -DESMF_DIR=/gpfsm/dnb04/projects/p98/mpotts/esmf/pgi_20.4_mpiuni_g_develop -DESMF_MPIUNI -DESMF_PGIVERSION_MAJOR=20 -DESMF_PGIVERSION_MINOR=4 -DESMF_PGIVERSION_PATCH=0 -DESMF_NO_F2018ASSUMEDTYPE esm.F90
pgf90 -c -g -fpic -Mallocatable=03 -lpthread -I/gpfsm/dnb04/projects/p98/mpotts/esmf/pgi_20.4_mpiuni_g_develop/DEFAULTINSTALLDIR/mod/modg/Linux.pgi.64.mpiuni.default -I/gpfsm/dnb04/projects/p98/mpotts/esmf/pgi_20.4_mpiuni_g_develop/DEFAULTINSTALLDIR/include   -DESMF_NO_INTEGER_1_BYTE -DESMF_NO_INTEGER_2_BYTE -DESMF_VERSION_STRING_GIT='v8.4.0b03-3-g14a79d558f' -DESMF_MOAB=1 -DESMF_LAPACK=1 -DESMF_LAPACK_INTERNAL=1 -DESMF_NO_ACC_SOFTWARE_STACK=1 -DESMF_YAMLCPP=1 -DESMF_YAML=1 -DESMF_NO_OPENMP -DESMF_NO_OPENACC -DESMF_TESTEXHAUSTIVE -DESMF_BOPT_g -DESMF_TESTCOMPTUNNEL -DESMF_TESTWITHTHREADS -DSx86_64_small=1 -DESMF_OS_Linux=1 -DESMF_COMM=mpiuni -DESMF_DIR=/gpfsm/dnb04/projects/p98/mpotts/esmf/pgi_20.4_mpiuni_g_develop -DESMF_MPIUNI -DESMF_PGIVERSION_MAJOR=20 -DESMF_PGIVERSION_MINOR=4 -DESMF_PGIVERSION_PATCH=0 -DESMF_NO_F2018ASSUMEDTYPE esmApp.F90
pgf90 -lpthread -Wl,--no-as-needed -L/gpfsm/dnb04/projects/p98/mpotts/esmf/pgi_20.4_mpiuni_g_develop/DEFAULTINSTALLDIR/lib/libg/Linux.pgi.64.mpiuni.default  -L/gpfsm/dulocal/sles12/pgi/linux86-64-llvm/20.4/libso -Wl,-rpath,/gpfsm/dnb04/projects/p98/mpotts/esmf/pgi_20.4_mpiuni_g_develop/DEFAULTINSTALLDIR/lib/libg/Linux.pgi.64.mpiuni.default  -Wl,-rpath,/gpfsm/dulocal/sles12/pgi/linux86-64-llvm/20.4/libso -o esmApp esmApp.o esm.o atm.o ocn.o conn.o -lesmf  -pgc++libs -ldl
+ /gpfsm/dnb04/projects/p98/mpotts/esmf/pgi_20.4_mpiuni_g_develop/src/Infrastructure/stubs/mpiuni/mpirun -np 4 ./esmApp
+ local result=1
+ set +x
FINISHED: AtmOcnConProto
Mon Jul 11 03:46:45 EDT 2022
---------------------------------------------------------------------------

---------------------------------------------------------------------------
Mon Jul 11 03:46:45 EDT 2022
STARTING: AtmOcnCplListProto
rm -f PET*.ESMF_LogFile *.nc *.stdout
rm -f esmApp *.o *.mod
pgf90 -c -g -fpic -Mallocatable=03 -lpthread -I/gpfsm/dnb04/projects/p98/mpotts/esmf/pgi_20.4_mpiuni_g_develop/DEFAULTINSTALLDIR/mod/modg/Linux.pgi.64.mpiuni.default -I/gpfsm/dnb04/projects/p98/mpotts/esmf/pgi_20.4_mpiuni_g_develop/DEFAULTINSTALLDIR/include   -DESMF_NO_INTEGER_1_BYTE -DESMF_NO_INTEGER_2_BYTE -DESMF_VERSION_STRING_GIT='v8.4.0b03-3-g14a79d558f' -DESMF_MOAB=1 -DESMF_LAPACK=1 -DESMF_LAPACK_INTERNAL=1 -DESMF_NO_ACC_SOFTWARE_STACK=1 -DESMF_YAMLCPP=1 -DESMF_YAML=1 -DESMF_NO_OPENMP -DESMF_NO_OPENACC -DESMF_TESTEXHAUSTIVE -DESMF_BOPT_g -DESMF_TESTCOMPTUNNEL -DESMF_TESTWITHTHREADS -DSx86_64_small=1 -DESMF_OS_Linux=1 -DESMF_COMM=mpiuni -DESMF_DIR=/gpfsm/dnb04/projects/p98/mpotts/esmf/pgi_20.4_mpiuni_g_develop -DESMF_MPIUNI -DESMF_PGIVERSION_MAJOR=20 -DESMF_PGIVERSION_MINOR=4 -DESMF_PGIVERSION_PATCH=0 -DESMF_NO_F2018ASSUMEDTYPE atm.F90
pgf90 -c -g -fpic -Mallocatable=03 -lpthread -I/gpfsm/dnb04/projects/p98/mpotts/esmf/pgi_20.4_mpiuni_g_develop/DEFAULTINSTALLDIR/mod/modg/Linux.pgi.64.mpiuni.default -I/gpfsm/dnb04/projects/p98/mpotts/esmf/pgi_20.4_mpiuni_g_develop/DEFAULTINSTALLDIR/include   -DESMF_NO_INTEGER_1_BYTE -DESMF_NO_INTEGER_2_BYTE -DESMF_VERSION_STRING_GIT='v8.4.0b03-3-g14a79d558f' -DESMF_MOAB=1 -DESMF_LAPACK=1 -DESMF_LAPACK_INTERNAL=1 -DESMF_NO_ACC_SOFTWARE_STACK=1 -DESMF_YAMLCPP=1 -DESMF_YAML=1 -DESMF_NO_OPENMP -DESMF_NO_OPENACC -DESMF_TESTEXHAUSTIVE -DESMF_BOPT_g -DESMF_TESTCOMPTUNNEL -DESMF_TESTWITHTHREADS -DSx86_64_small=1 -DESMF_OS_Linux=1 -DESMF_COMM=mpiuni -DESMF_DIR=/gpfsm/dnb04/projects/p98/mpotts/esmf/pgi_20.4_mpiuni_g_develop -DESMF_MPIUNI -DESMF_PGIVERSION_MAJOR=20 -DESMF_PGIVERSION_MINOR=4 -DESMF_PGIVERSION_PATCH=0 -DESMF_NO_F2018ASSUMEDTYPE ocn.F90
pgf90 -c -g -fpic -Mallocatable=03 -lpthread -I/gpfsm/dnb04/projects/p98/mpotts/esmf/pgi_20.4_mpiuni_g_develop/DEFAULTINSTALLDIR/mod/modg/Linux.pgi.64.mpiuni.default -I/gpfsm/dnb04/projects/p98/mpotts/esmf/pgi_20.4_mpiuni_g_develop/DEFAULTINSTALLDIR/include   -DESMF_NO_INTEGER_1_BYTE -DESMF_NO_INTEGER_2_BYTE -DESMF_VERSION_STRING_GIT='v8.4.0b03-3-g14a79d558f' -DESMF_MOAB=1 -DESMF_LAPACK=1 -DESMF_LAPACK_INTERNAL=1 -DESMF_NO_ACC_SOFTWARE_STACK=1 -DESMF_YAMLCPP=1 -DESMF_YAML=1 -DESMF_NO_OPENMP -DESMF_NO_OPENACC -DESMF_TESTEXHAUSTIVE -DESMF_BOPT_g -DESMF_TESTCOMPTUNNEL -DESMF_TESTWITHTHREADS -DSx86_64_small=1 -DESMF_OS_Linux=1 -DESMF_COMM=mpiuni -DESMF_DIR=/gpfsm/dnb04/projects/p98/mpotts/esmf/pgi_20.4_mpiuni_g_develop -DESMF_MPIUNI -DESMF_PGIVERSION_MAJOR=20 -DESMF_PGIVERSION_MINOR=4 -DESMF_PGIVERSION_PATCH=0 -DESMF_NO_F2018ASSUMEDTYPE esm.F90
pgf90 -c -g -fpic -Mallocatable=03 -lpthread -I/gpfsm/dnb04/projects/p98/mpotts/esmf/pgi_20.4_mpiuni_g_develop/DEFAULTINSTALLDIR/mod/modg/Linux.pgi.64.mpiuni.default -I/gpfsm/dnb04/projects/p98/mpotts/esmf/pgi_20.4_mpiuni_g_develop/DEFAULTINSTALLDIR/include   -DESMF_NO_INTEGER_1_BYTE -DESMF_NO_INTEGER_2_BYTE -DESMF_VERSION_STRING_GIT='v8.4.0b03-3-g14a79d558f' -DESMF_MOAB=1 -DESMF_LAPACK=1 -DESMF_LAPACK_INTERNAL=1 -DESMF_NO_ACC_SOFTWARE_STACK=1 -DESMF_YAMLCPP=1 -DESMF_YAML=1 -DESMF_NO_OPENMP -DESMF_NO_OPENACC -DESMF_TESTEXHAUSTIVE -DESMF_BOPT_g -DESMF_TESTCOMPTUNNEL -DESMF_TESTWITHTHREADS -DSx86_64_small=1 -DESMF_OS_Linux=1 -DESMF_COMM=mpiuni -DESMF_DIR=/gpfsm/dnb04/projects/p98/mpotts/esmf/pgi_20.4_mpiuni_g_develop -DESMF_MPIUNI -DESMF_PGIVERSION_MAJOR=20 -DESMF_PGIVERSION_MINOR=4 -DESMF_PGIVERSION_PATCH=0 -DESMF_NO_F2018ASSUMEDTYPE esmApp.F90
pgf90 -lpthread -Wl,--no-as-needed -L/gpfsm/dnb04/projects/p98/mpotts/esmf/pgi_20.4_mpiuni_g_develop/DEFAULTINSTALLDIR/lib/libg/Linux.pgi.64.mpiuni.default  -L/gpfsm/dulocal/sles12/pgi/linux86-64-llvm/20.4/libso -Wl,-rpath,/gpfsm/dnb04/projects/p98/mpotts/esmf/pgi_20.4_mpiuni_g_develop/DEFAULTINSTALLDIR/lib/libg/Linux.pgi.64.mpiuni.default  -Wl,-rpath,/gpfsm/dulocal/sles12/pgi/linux86-64-llvm/20.4/libso -o esmApp esmApp.o esm.o atm.o ocn.o -lesmf  -pgc++libs -ldl
+ /gpfsm/dnb04/projects/p98/mpotts/esmf/pgi_20.4_mpiuni_g_develop/src/Infrastructure/stubs/mpiuni/mpirun -np 4 ./esmApp
+ local result=1
+ set +x
FINISHED: AtmOcnCplListProto
Mon Jul 11 03:47:23 EDT 2022
---------------------------------------------------------------------------

---------------------------------------------------------------------------
Mon Jul 11 03:47:23 EDT 2022
STARTING: AtmOcnCplSetProto
rm -f PET*.ESMF_LogFile err out core* *.nc *.stdout
rm -f esmApp *.o *.mod
pgf90 -g -c -g -fpic -Mallocatable=03 -lpthread -I/gpfsm/dnb04/projects/p98/mpotts/esmf/pgi_20.4_mpiuni_g_develop/DEFAULTINSTALLDIR/mod/modg/Linux.pgi.64.mpiuni.default -I/gpfsm/dnb04/projects/p98/mpotts/esmf/pgi_20.4_mpiuni_g_develop/DEFAULTINSTALLDIR/include   -DESMF_NO_INTEGER_1_BYTE -DESMF_NO_INTEGER_2_BYTE -DESMF_VERSION_STRING_GIT='v8.4.0b03-3-g14a79d558f' -DESMF_MOAB=1 -DESMF_LAPACK=1 -DESMF_LAPACK_INTERNAL=1 -DESMF_NO_ACC_SOFTWARE_STACK=1 -DESMF_YAMLCPP=1 -DESMF_YAML=1 -DESMF_NO_OPENMP -DESMF_NO_OPENACC -DESMF_TESTEXHAUSTIVE -DESMF_BOPT_g -DESMF_TESTCOMPTUNNEL -DESMF_TESTWITHTHREADS -DSx86_64_small=1 -DESMF_OS_Linux=1 -DESMF_COMM=mpiuni -DESMF_DIR=/gpfsm/dnb04/projects/p98/mpotts/esmf/pgi_20.4_mpiuni_g_develop -DESMF_MPIUNI -DESMF_PGIVERSION_MAJOR=20 -DESMF_PGIVERSION_MINOR=4 -DESMF_PGIVERSION_PATCH=0 -DESMF_NO_F2018ASSUMEDTYPE atm.F90
pgf90 -g -c -g -fpic -Mallocatable=03 -lpthread -I/gpfsm/dnb04/projects/p98/mpotts/esmf/pgi_20.4_mpiuni_g_develop/DEFAULTINSTALLDIR/mod/modg/Linux.pgi.64.mpiuni.default -I/gpfsm/dnb04/projects/p98/mpotts/esmf/pgi_20.4_mpiuni_g_develop/DEFAULTINSTALLDIR/include   -DESMF_NO_INTEGER_1_BYTE -DESMF_NO_INTEGER_2_BYTE -DESMF_VERSION_STRING_GIT='v8.4.0b03-3-g14a79d558f' -DESMF_MOAB=1 -DESMF_LAPACK=1 -DESMF_LAPACK_INTERNAL=1 -DESMF_NO_ACC_SOFTWARE_STACK=1 -DESMF_YAMLCPP=1 -DESMF_YAML=1 -DESMF_NO_OPENMP -DESMF_NO_OPENACC -DESMF_TESTEXHAUSTIVE -DESMF_BOPT_g -DESMF_TESTCOMPTUNNEL -DESMF_TESTWITHTHREADS -DSx86_64_small=1 -DESMF_OS_Linux=1 -DESMF_COMM=mpiuni -DESMF_DIR=/gpfsm/dnb04/projects/p98/mpotts/esmf/pgi_20.4_mpiuni_g_develop -DESMF_MPIUNI -DESMF_PGIVERSION_MAJOR=20 -DESMF_PGIVERSION_MINOR=4 -DESMF_PGIVERSION_PATCH=0 -DESMF_NO_F2018ASSUMEDTYPE ocn.F90
pgf90 -g -c -g -fpic -Mallocatable=03 -lpthread -I/gpfsm/dnb04/projects/p98/mpotts/esmf/pgi_20.4_mpiuni_g_develop/DEFAULTINSTALLDIR/mod/modg/Linux.pgi.64.mpiuni.default -I/gpfsm/dnb04/projects/p98/mpotts/esmf/pgi_20.4_mpiuni_g_develop/DEFAULTINSTALLDIR/include   -DESMF_NO_INTEGER_1_BYTE -DESMF_NO_INTEGER_2_BYTE -DESMF_VERSION_STRING_GIT='v8.4.0b03-3-g14a79d558f' -DESMF_MOAB=1 -DESMF_LAPACK=1 -DESMF_LAPACK_INTERNAL=1 -DESMF_NO_ACC_SOFTWARE_STACK=1 -DESMF_YAMLCPP=1 -DESMF_YAML=1 -DESMF_NO_OPENMP -DESMF_NO_OPENACC -DESMF_TESTEXHAUSTIVE -DESMF_BOPT_g -DESMF_TESTCOMPTUNNEL -DESMF_TESTWITHTHREADS -DSx86_64_small=1 -DESMF_OS_Linux=1 -DESMF_COMM=mpiuni -DESMF_DIR=/gpfsm/dnb04/projects/p98/mpotts/esmf/pgi_20.4_mpiuni_g_develop -DESMF_MPIUNI -DESMF_PGIVERSION_MAJOR=20 -DESMF_PGIVERSION_MINOR=4 -DESMF_PGIVERSION_PATCH=0 -DESMF_NO_F2018ASSUMEDTYPE esm.F90
pgf90 -g -c -g -fpic -Mallocatable=03 -lpthread -I/gpfsm/dnb04/projects/p98/mpotts/esmf/pgi_20.4_mpiuni_g_develop/DEFAULTINSTALLDIR/mod/modg/Linux.pgi.64.mpiuni.default -I/gpfsm/dnb04/projects/p98/mpotts/esmf/pgi_20.4_mpiuni_g_develop/DEFAULTINSTALLDIR/include   -DESMF_NO_INTEGER_1_BYTE -DESMF_NO_INTEGER_2_BYTE -DESMF_VERSION_STRING_GIT='v8.4.0b03-3-g14a79d558f' -DESMF_MOAB=1 -DESMF_LAPACK=1 -DESMF_LAPACK_INTERNAL=1 -DESMF_NO_ACC_SOFTWARE_STACK=1 -DESMF_YAMLCPP=1 -DESMF_YAML=1 -DESMF_NO_OPENMP -DESMF_NO_OPENACC -DESMF_TESTEXHAUSTIVE -DESMF_BOPT_g -DESMF_TESTCOMPTUNNEL -DESMF_TESTWITHTHREADS -DSx86_64_small=1 -DESMF_OS_Linux=1 -DESMF_COMM=mpiuni -DESMF_DIR=/gpfsm/dnb04/projects/p98/mpotts/esmf/pgi_20.4_mpiuni_g_develop -DESMF_MPIUNI -DESMF_PGIVERSION_MAJOR=20 -DESMF_PGIVERSION_MINOR=4 -DESMF_PGIVERSION_PATCH=0 -DESMF_NO_F2018ASSUMEDTYPE esmApp.F90
pgf90 -lpthread -Wl,--no-as-needed -L/gpfsm/dnb04/projects/p98/mpotts/esmf/pgi_20.4_mpiuni_g_develop/DEFAULTINSTALLDIR/lib/libg/Linux.pgi.64.mpiuni.default  -L/gpfsm/dulocal/sles12/pgi/linux86-64-llvm/20.4/libso -Wl,-rpath,/gpfsm/dnb04/projects/p98/mpotts/esmf/pgi_20.4_mpiuni_g_develop/DEFAULTINSTALLDIR/lib/libg/Linux.pgi.64.mpiuni.default  -Wl,-rpath,/gpfsm/dulocal/sles12/pgi/linux86-64-llvm/20.4/libso -o esmApp esmApp.o esm.o atm.o ocn.o -lesmf  -pgc++libs -ldl
+ /gpfsm/dnb04/projects/p98/mpotts/esmf/pgi_20.4_mpiuni_g_develop/src/Infrastructure/stubs/mpiuni/mpirun -np 4 ./esmApp
+ local result=1
+ set +x
FINISHED: AtmOcnCplSetProto
Mon Jul 11 03:48:53 EDT 2022
---------------------------------------------------------------------------

---------------------------------------------------------------------------
Mon Jul 11 03:48:53 EDT 2022
STARTING: AtmOcnFDSynoProto
rm -f PET*.ESMF_LogFile *.nc *.stdout
rm -f esmApp *.o *.mod
pgf90 -c -g -fpic -Mallocatable=03 -lpthread -I/gpfsm/dnb04/projects/p98/mpotts/esmf/pgi_20.4_mpiuni_g_develop/DEFAULTINSTALLDIR/mod/modg/Linux.pgi.64.mpiuni.default -I/gpfsm/dnb04/projects/p98/mpotts/esmf/pgi_20.4_mpiuni_g_develop/DEFAULTINSTALLDIR/include   -DESMF_NO_INTEGER_1_BYTE -DESMF_NO_INTEGER_2_BYTE -DESMF_VERSION_STRING_GIT='v8.4.0b03-3-g14a79d558f' -DESMF_MOAB=1 -DESMF_LAPACK=1 -DESMF_LAPACK_INTERNAL=1 -DESMF_NO_ACC_SOFTWARE_STACK=1 -DESMF_YAMLCPP=1 -DESMF_YAML=1 -DESMF_NO_OPENMP -DESMF_NO_OPENACC -DESMF_TESTEXHAUSTIVE -DESMF_BOPT_g -DESMF_TESTCOMPTUNNEL -DESMF_TESTWITHTHREADS -DSx86_64_small=1 -DESMF_OS_Linux=1 -DESMF_COMM=mpiuni -DESMF_DIR=/gpfsm/dnb04/projects/p98/mpotts/esmf/pgi_20.4_mpiuni_g_develop -DESMF_MPIUNI -DESMF_PGIVERSION_MAJOR=20 -DESMF_PGIVERSION_MINOR=4 -DESMF_PGIVERSION_PATCH=0 -DESMF_NO_F2018ASSUMEDTYPE atm.F90
pgf90 -c -g -fpic -Mallocatable=03 -lpthread -I/gpfsm/dnb04/projects/p98/mpotts/esmf/pgi_20.4_mpiuni_g_develop/DEFAULTINSTALLDIR/mod/modg/Linux.pgi.64.mpiuni.default -I/gpfsm/dnb04/projects/p98/mpotts/esmf/pgi_20.4_mpiuni_g_develop/DEFAULTINSTALLDIR/include   -DESMF_NO_INTEGER_1_BYTE -DESMF_NO_INTEGER_2_BYTE -DESMF_VERSION_STRING_GIT='v8.4.0b03-3-g14a79d558f' -DESMF_MOAB=1 -DESMF_LAPACK=1 -DESMF_LAPACK_INTERNAL=1 -DESMF_NO_ACC_SOFTWARE_STACK=1 -DESMF_YAMLCPP=1 -DESMF_YAML=1 -DESMF_NO_OPENMP -DESMF_NO_OPENACC -DESMF_TESTEXHAUSTIVE -DESMF_BOPT_g -DESMF_TESTCOMPTUNNEL -DESMF_TESTWITHTHREADS -DSx86_64_small=1 -DESMF_OS_Linux=1 -DESMF_COMM=mpiuni -DESMF_DIR=/gpfsm/dnb04/projects/p98/mpotts/esmf/pgi_20.4_mpiuni_g_develop -DESMF_MPIUNI -DESMF_PGIVERSION_MAJOR=20 -DESMF_PGIVERSION_MINOR=4 -DESMF_PGIVERSION_PATCH=0 -DESMF_NO_F2018ASSUMEDTYPE ocn.F90
pgf90 -c -g -fpic -Mallocatable=03 -lpthread -I/gpfsm/dnb04/projects/p98/mpotts/esmf/pgi_20.4_mpiuni_g_develop/DEFAULTINSTALLDIR/mod/modg/Linux.pgi.64.mpiuni.default -I/gpfsm/dnb04/projects/p98/mpotts/esmf/pgi_20.4_mpiuni_g_develop/DEFAULTINSTALLDIR/include   -DESMF_NO_INTEGER_1_BYTE -DESMF_NO_INTEGER_2_BYTE -DESMF_VERSION_STRING_GIT='v8.4.0b03-3-g14a79d558f' -DESMF_MOAB=1 -DESMF_LAPACK=1 -DESMF_LAPACK_INTERNAL=1 -DESMF_NO_ACC_SOFTWARE_STACK=1 -DESMF_YAMLCPP=1 -DESMF_YAML=1 -DESMF_NO_OPENMP -DESMF_NO_OPENACC -DESMF_TESTEXHAUSTIVE -DESMF_BOPT_g -DESMF_TESTCOMPTUNNEL -DESMF_TESTWITHTHREADS -DSx86_64_small=1 -DESMF_OS_Linux=1 -DESMF_COMM=mpiuni -DESMF_DIR=/gpfsm/dnb04/projects/p98/mpotts/esmf/pgi_20.4_mpiuni_g_develop -DESMF_MPIUNI -DESMF_PGIVERSION_MAJOR=20 -DESMF_PGIVERSION_MINOR=4 -DESMF_PGIVERSION_PATCH=0 -DESMF_NO_F2018ASSUMEDTYPE esm.F90
pgf90 -c -g -fpic -Mallocatable=03 -lpthread -I/gpfsm/dnb04/projects/p98/mpotts/esmf/pgi_20.4_mpiuni_g_develop/DEFAULTINSTALLDIR/mod/modg/Linux.pgi.64.mpiuni.default -I/gpfsm/dnb04/projects/p98/mpotts/esmf/pgi_20.4_mpiuni_g_develop/DEFAULTINSTALLDIR/include   -DESMF_NO_INTEGER_1_BYTE -DESMF_NO_INTEGER_2_BYTE -DESMF_VERSION_STRING_GIT='v8.4.0b03-3-g14a79d558f' -DESMF_MOAB=1 -DESMF_LAPACK=1 -DESMF_LAPACK_INTERNAL=1 -DESMF_NO_ACC_SOFTWARE_STACK=1 -DESMF_YAMLCPP=1 -DESMF_YAML=1 -DESMF_NO_OPENMP -DESMF_NO_OPENACC -DESMF_TESTEXHAUSTIVE -DESMF_BOPT_g -DESMF_TESTCOMPTUNNEL -DESMF_TESTWITHTHREADS -DSx86_64_small=1 -DESMF_OS_Linux=1 -DESMF_COMM=mpiuni -DESMF_DIR=/gpfsm/dnb04/projects/p98/mpotts/esmf/pgi_20.4_mpiuni_g_develop -DESMF_MPIUNI -DESMF_PGIVERSION_MAJOR=20 -DESMF_PGIVERSION_MINOR=4 -DESMF_PGIVERSION_PATCH=0 -DESMF_NO_F2018ASSUMEDTYPE esmApp.F90
pgf90 -lpthread -Wl,--no-as-needed -L/gpfsm/dnb04/projects/p98/mpotts/esmf/pgi_20.4_mpiuni_g_develop/DEFAULTINSTALLDIR/lib/libg/Linux.pgi.64.mpiuni.default  -L/gpfsm/dulocal/sles12/pgi/linux86-64-llvm/20.4/libso -Wl,-rpath,/gpfsm/dnb04/projects/p98/mpotts/esmf/pgi_20.4_mpiuni_g_develop/DEFAULTINSTALLDIR/lib/libg/Linux.pgi.64.mpiuni.default  -Wl,-rpath,/gpfsm/dulocal/sles12/pgi/linux86-64-llvm/20.4/libso -o esmApp esmApp.o esm.o atm.o ocn.o -lesmf  -pgc++libs -ldl
+ /gpfsm/dnb04/projects/p98/mpotts/esmf/pgi_20.4_mpiuni_g_develop/src/Infrastructure/stubs/mpiuni/mpirun -np 4 ./esmApp
+ local result=1
+ set +x
FINISHED: AtmOcnFDSynoProto
Mon Jul 11 03:49:31 EDT 2022
---------------------------------------------------------------------------

---------------------------------------------------------------------------
Mon Jul 11 03:49:31 EDT 2022
STARTING: AtmOcnIceSimpleImplicitProto
rm -f PET*.ESMF_LogFile *.nc *.stdout
rm -f esmApp *.o *.mod
pgf90 -c -g -fpic -Mallocatable=03 -lpthread -I/gpfsm/dnb04/projects/p98/mpotts/esmf/pgi_20.4_mpiuni_g_develop/DEFAULTINSTALLDIR/mod/modg/Linux.pgi.64.mpiuni.default -I/gpfsm/dnb04/projects/p98/mpotts/esmf/pgi_20.4_mpiuni_g_develop/DEFAULTINSTALLDIR/include   -DESMF_NO_INTEGER_1_BYTE -DESMF_NO_INTEGER_2_BYTE -DESMF_VERSION_STRING_GIT='v8.4.0b03-3-g14a79d558f' -DESMF_MOAB=1 -DESMF_LAPACK=1 -DESMF_LAPACK_INTERNAL=1 -DESMF_NO_ACC_SOFTWARE_STACK=1 -DESMF_YAMLCPP=1 -DESMF_YAML=1 -DESMF_NO_OPENMP -DESMF_NO_OPENACC -DESMF_TESTEXHAUSTIVE -DESMF_BOPT_g -DESMF_TESTCOMPTUNNEL -DESMF_TESTWITHTHREADS -DSx86_64_small=1 -DESMF_OS_Linux=1 -DESMF_COMM=mpiuni -DESMF_DIR=/gpfsm/dnb04/projects/p98/mpotts/esmf/pgi_20.4_mpiuni_g_develop -DESMF_MPIUNI -DESMF_PGIVERSION_MAJOR=20 -DESMF_PGIVERSION_MINOR=4 -DESMF_PGIVERSION_PATCH=0 -DESMF_NO_F2018ASSUMEDTYPE atm.F90
pgf90 -c -g -fpic -Mallocatable=03 -lpthread -I/gpfsm/dnb04/projects/p98/mpotts/esmf/pgi_20.4_mpiuni_g_develop/DEFAULTINSTALLDIR/mod/modg/Linux.pgi.64.mpiuni.default -I/gpfsm/dnb04/projects/p98/mpotts/esmf/pgi_20.4_mpiuni_g_develop/DEFAULTINSTALLDIR/include   -DESMF_NO_INTEGER_1_BYTE -DESMF_NO_INTEGER_2_BYTE -DESMF_VERSION_STRING_GIT='v8.4.0b03-3-g14a79d558f' -DESMF_MOAB=1 -DESMF_LAPACK=1 -DESMF_LAPACK_INTERNAL=1 -DESMF_NO_ACC_SOFTWARE_STACK=1 -DESMF_YAMLCPP=1 -DESMF_YAML=1 -DESMF_NO_OPENMP -DESMF_NO_OPENACC -DESMF_TESTEXHAUSTIVE -DESMF_BOPT_g -DESMF_TESTCOMPTUNNEL -DESMF_TESTWITHTHREADS -DSx86_64_small=1 -DESMF_OS_Linux=1 -DESMF_COMM=mpiuni -DESMF_DIR=/gpfsm/dnb04/projects/p98/mpotts/esmf/pgi_20.4_mpiuni_g_develop -DESMF_MPIUNI -DESMF_PGIVERSION_MAJOR=20 -DESMF_PGIVERSION_MINOR=4 -DESMF_PGIVERSION_PATCH=0 -DESMF_NO_F2018ASSUMEDTYPE ocn.F90
pgf90 -c -g -fpic -Mallocatable=03 -lpthread -I/gpfsm/dnb04/projects/p98/mpotts/esmf/pgi_20.4_mpiuni_g_develop/DEFAULTINSTALLDIR/mod/modg/Linux.pgi.64.mpiuni.default -I/gpfsm/dnb04/projects/p98/mpotts/esmf/pgi_20.4_mpiuni_g_develop/DEFAULTINSTALLDIR/include   -DESMF_NO_INTEGER_1_BYTE -DESMF_NO_INTEGER_2_BYTE -DESMF_VERSION_STRING_GIT='v8.4.0b03-3-g14a79d558f' -DESMF_MOAB=1 -DESMF_LAPACK=1 -DESMF_LAPACK_INTERNAL=1 -DESMF_NO_ACC_SOFTWARE_STACK=1 -DESMF_YAMLCPP=1 -DESMF_YAML=1 -DESMF_NO_OPENMP -DESMF_NO_OPENACC -DESMF_TESTEXHAUSTIVE -DESMF_BOPT_g -DESMF_TESTCOMPTUNNEL -DESMF_TESTWITHTHREADS -DSx86_64_small=1 -DESMF_OS_Linux=1 -DESMF_COMM=mpiuni -DESMF_DIR=/gpfsm/dnb04/projects/p98/mpotts/esmf/pgi_20.4_mpiuni_g_develop -DESMF_MPIUNI -DESMF_PGIVERSION_MAJOR=20 -DESMF_PGIVERSION_MINOR=4 -DESMF_PGIVERSION_PATCH=0 -DESMF_NO_F2018ASSUMEDTYPE ice.F90
pgf90 -c -g -fpic -Mallocatable=03 -lpthread -I/gpfsm/dnb04/projects/p98/mpotts/esmf/pgi_20.4_mpiuni_g_develop/DEFAULTINSTALLDIR/mod/modg/Linux.pgi.64.mpiuni.default -I/gpfsm/dnb04/projects/p98/mpotts/esmf/pgi_20.4_mpiuni_g_develop/DEFAULTINSTALLDIR/include   -DESMF_NO_INTEGER_1_BYTE -DESMF_NO_INTEGER_2_BYTE -DESMF_VERSION_STRING_GIT='v8.4.0b03-3-g14a79d558f' -DESMF_MOAB=1 -DESMF_LAPACK=1 -DESMF_LAPACK_INTERNAL=1 -DESMF_NO_ACC_SOFTWARE_STACK=1 -DESMF_YAMLCPP=1 -DESMF_YAML=1 -DESMF_NO_OPENMP -DESMF_NO_OPENACC -DESMF_TESTEXHAUSTIVE -DESMF_BOPT_g -DESMF_TESTCOMPTUNNEL -DESMF_TESTWITHTHREADS -DSx86_64_small=1 -DESMF_OS_Linux=1 -DESMF_COMM=mpiuni -DESMF_DIR=/gpfsm/dnb04/projects/p98/mpotts/esmf/pgi_20.4_mpiuni_g_develop -DESMF_MPIUNI -DESMF_PGIVERSION_MAJOR=20 -DESMF_PGIVERSION_MINOR=4 -DESMF_PGIVERSION_PATCH=0 -DESMF_NO_F2018ASSUMEDTYPE esm.F90
pgf90 -c -g -fpic -Mallocatable=03 -lpthread -I/gpfsm/dnb04/projects/p98/mpotts/esmf/pgi_20.4_mpiuni_g_develop/DEFAULTINSTALLDIR/mod/modg/Linux.pgi.64.mpiuni.default -I/gpfsm/dnb04/projects/p98/mpotts/esmf/pgi_20.4_mpiuni_g_develop/DEFAULTINSTALLDIR/include   -DESMF_NO_INTEGER_1_BYTE -DESMF_NO_INTEGER_2_BYTE -DESMF_VERSION_STRING_GIT='v8.4.0b03-3-g14a79d558f' -DESMF_MOAB=1 -DESMF_LAPACK=1 -DESMF_LAPACK_INTERNAL=1 -DESMF_NO_ACC_SOFTWARE_STACK=1 -DESMF_YAMLCPP=1 -DESMF_YAML=1 -DESMF_NO_OPENMP -DESMF_NO_OPENACC -DESMF_TESTEXHAUSTIVE -DESMF_BOPT_g -DESMF_TESTCOMPTUNNEL -DESMF_TESTWITHTHREADS -DSx86_64_small=1 -DESMF_OS_Linux=1 -DESMF_COMM=mpiuni -DESMF_DIR=/gpfsm/dnb04/projects/p98/mpotts/esmf/pgi_20.4_mpiuni_g_develop -DESMF_MPIUNI -DESMF_PGIVERSION_MAJOR=20 -DESMF_PGIVERSION_MINOR=4 -DESMF_PGIVERSION_PATCH=0 -DESMF_NO_F2018ASSUMEDTYPE esmApp.F90
pgf90 -lpthread -Wl,--no-as-needed -L/gpfsm/dnb04/projects/p98/mpotts/esmf/pgi_20.4_mpiuni_g_develop/DEFAULTINSTALLDIR/lib/libg/Linux.pgi.64.mpiuni.default  -L/gpfsm/dulocal/sles12/pgi/linux86-64-llvm/20.4/libso -Wl,-rpath,/gpfsm/dnb04/projects/p98/mpotts/esmf/pgi_20.4_mpiuni_g_develop/DEFAULTINSTALLDIR/lib/libg/Linux.pgi.64.mpiuni.default  -Wl,-rpath,/gpfsm/dulocal/sles12/pgi/linux86-64-llvm/20.4/libso -o esmApp esmApp.o esm.o atm.o ocn.o ice.o -lesmf  -pgc++libs -ldl
+ /gpfsm/dnb04/projects/p98/mpotts/esmf/pgi_20.4_mpiuni_g_develop/src/Infrastructure/stubs/mpiuni/mpirun -np 4 ./esmApp
+ local result=1
+ set +x
FINISHED: AtmOcnIceSimpleImplicitProto
Mon Jul 11 03:51:14 EDT 2022
---------------------------------------------------------------------------

---------------------------------------------------------------------------
Mon Jul 11 03:51:14 EDT 2022
STARTING: AtmOcnImplicitProto
rm -f PET*.ESMF_LogFile *.nc *.stdout
rm -f esmApp *.o *.mod
pgf90 -c -g -fpic -Mallocatable=03 -lpthread -I/gpfsm/dnb04/projects/p98/mpotts/esmf/pgi_20.4_mpiuni_g_develop/DEFAULTINSTALLDIR/mod/modg/Linux.pgi.64.mpiuni.default -I/gpfsm/dnb04/projects/p98/mpotts/esmf/pgi_20.4_mpiuni_g_develop/DEFAULTINSTALLDIR/include   -DESMF_NO_INTEGER_1_BYTE -DESMF_NO_INTEGER_2_BYTE -DESMF_VERSION_STRING_GIT='v8.4.0b03-3-g14a79d558f' -DESMF_MOAB=1 -DESMF_LAPACK=1 -DESMF_LAPACK_INTERNAL=1 -DESMF_NO_ACC_SOFTWARE_STACK=1 -DESMF_YAMLCPP=1 -DESMF_YAML=1 -DESMF_NO_OPENMP -DESMF_NO_OPENACC -DESMF_TESTEXHAUSTIVE -DESMF_BOPT_g -DESMF_TESTCOMPTUNNEL -DESMF_TESTWITHTHREADS -DSx86_64_small=1 -DESMF_OS_Linux=1 -DESMF_COMM=mpiuni -DESMF_DIR=/gpfsm/dnb04/projects/p98/mpotts/esmf/pgi_20.4_mpiuni_g_develop -DESMF_MPIUNI -DESMF_PGIVERSION_MAJOR=20 -DESMF_PGIVERSION_MINOR=4 -DESMF_PGIVERSION_PATCH=0 -DESMF_NO_F2018ASSUMEDTYPE atm.F90
pgf90 -c -g -fpic -Mallocatable=03 -lpthread -I/gpfsm/dnb04/projects/p98/mpotts/esmf/pgi_20.4_mpiuni_g_develop/DEFAULTINSTALLDIR/mod/modg/Linux.pgi.64.mpiuni.default -I/gpfsm/dnb04/projects/p98/mpotts/esmf/pgi_20.4_mpiuni_g_develop/DEFAULTINSTALLDIR/include   -DESMF_NO_INTEGER_1_BYTE -DESMF_NO_INTEGER_2_BYTE -DESMF_VERSION_STRING_GIT='v8.4.0b03-3-g14a79d558f' -DESMF_MOAB=1 -DESMF_LAPACK=1 -DESMF_LAPACK_INTERNAL=1 -DESMF_NO_ACC_SOFTWARE_STACK=1 -DESMF_YAMLCPP=1 -DESMF_YAML=1 -DESMF_NO_OPENMP -DESMF_NO_OPENACC -DESMF_TESTEXHAUSTIVE -DESMF_BOPT_g -DESMF_TESTCOMPTUNNEL -DESMF_TESTWITHTHREADS -DSx86_64_small=1 -DESMF_OS_Linux=1 -DESMF_COMM=mpiuni -DESMF_DIR=/gpfsm/dnb04/projects/p98/mpotts/esmf/pgi_20.4_mpiuni_g_develop -DESMF_MPIUNI -DESMF_PGIVERSION_MAJOR=20 -DESMF_PGIVERSION_MINOR=4 -DESMF_PGIVERSION_PATCH=0 -DESMF_NO_F2018ASSUMEDTYPE ocn.F90
pgf90 -c -g -fpic -Mallocatable=03 -lpthread -I/gpfsm/dnb04/projects/p98/mpotts/esmf/pgi_20.4_mpiuni_g_develop/DEFAULTINSTALLDIR/mod/modg/Linux.pgi.64.mpiuni.default -I/gpfsm/dnb04/projects/p98/mpotts/esmf/pgi_20.4_mpiuni_g_develop/DEFAULTINSTALLDIR/include   -DESMF_NO_INTEGER_1_BYTE -DESMF_NO_INTEGER_2_BYTE -DESMF_VERSION_STRING_GIT='v8.4.0b03-3-g14a79d558f' -DESMF_MOAB=1 -DESMF_LAPACK=1 -DESMF_LAPACK_INTERNAL=1 -DESMF_NO_ACC_SOFTWARE_STACK=1 -DESMF_YAMLCPP=1 -DESMF_YAML=1 -DESMF_NO_OPENMP -DESMF_NO_OPENACC -DESMF_TESTEXHAUSTIVE -DESMF_BOPT_g -DESMF_TESTCOMPTUNNEL -DESMF_TESTWITHTHREADS -DSx86_64_small=1 -DESMF_OS_Linux=1 -DESMF_COMM=mpiuni -DESMF_DIR=/gpfsm/dnb04/projects/p98/mpotts/esmf/pgi_20.4_mpiuni_g_develop -DESMF_MPIUNI -DESMF_PGIVERSION_MAJOR=20 -DESMF_PGIVERSION_MINOR=4 -DESMF_PGIVERSION_PATCH=0 -DESMF_NO_F2018ASSUMEDTYPE esm.F90
pgf90 -c -g -fpic -Mallocatable=03 -lpthread -I/gpfsm/dnb04/projects/p98/mpotts/esmf/pgi_20.4_mpiuni_g_develop/DEFAULTINSTALLDIR/mod/modg/Linux.pgi.64.mpiuni.default -I/gpfsm/dnb04/projects/p98/mpotts/esmf/pgi_20.4_mpiuni_g_develop/DEFAULTINSTALLDIR/include   -DESMF_NO_INTEGER_1_BYTE -DESMF_NO_INTEGER_2_BYTE -DESMF_VERSION_STRING_GIT='v8.4.0b03-3-g14a79d558f' -DESMF_MOAB=1 -DESMF_LAPACK=1 -DESMF_LAPACK_INTERNAL=1 -DESMF_NO_ACC_SOFTWARE_STACK=1 -DESMF_YAMLCPP=1 -DESMF_YAML=1 -DESMF_NO_OPENMP -DESMF_NO_OPENACC -DESMF_TESTEXHAUSTIVE -DESMF_BOPT_g -DESMF_TESTCOMPTUNNEL -DESMF_TESTWITHTHREADS -DSx86_64_small=1 -DESMF_OS_Linux=1 -DESMF_COMM=mpiuni -DESMF_DIR=/gpfsm/dnb04/projects/p98/mpotts/esmf/pgi_20.4_mpiuni_g_develop -DESMF_MPIUNI -DESMF_PGIVERSION_MAJOR=20 -DESMF_PGIVERSION_MINOR=4 -DESMF_PGIVERSION_PATCH=0 -DESMF_NO_F2018ASSUMEDTYPE esmApp.F90
pgf90 -lpthread -Wl,--no-as-needed -L/gpfsm/dnb04/projects/p98/mpotts/esmf/pgi_20.4_mpiuni_g_develop/DEFAULTINSTALLDIR/lib/libg/Linux.pgi.64.mpiuni.default  -L/gpfsm/dulocal/sles12/pgi/linux86-64-llvm/20.4/libso -Wl,-rpath,/gpfsm/dnb04/projects/p98/mpotts/esmf/pgi_20.4_mpiuni_g_develop/DEFAULTINSTALLDIR/lib/libg/Linux.pgi.64.mpiuni.default  -Wl,-rpath,/gpfsm/dulocal/sles12/pgi/linux86-64-llvm/20.4/libso -o esmApp esmApp.o esm.o atm.o ocn.o -lesmf  -pgc++libs -ldl
+ /gpfsm/dnb04/projects/p98/mpotts/esmf/pgi_20.4_mpiuni_g_develop/src/Infrastructure/stubs/mpiuni/mpirun -np 4 ./esmApp
+ local result=1
+ set +x
FINISHED: AtmOcnImplicitProto
Mon Jul 11 03:52:38 EDT 2022
---------------------------------------------------------------------------

---------------------------------------------------------------------------
Mon Jul 11 03:52:38 EDT 2022
STARTING: AtmOcnLndProto
rm -f PET*.ESMF_LogFile *.nc *.stdout
rm -f esmApp *.o *.mod
pgf90 -c -g -fpic -Mallocatable=03 -lpthread -I/gpfsm/dnb04/projects/p98/mpotts/esmf/pgi_20.4_mpiuni_g_develop/DEFAULTINSTALLDIR/mod/modg/Linux.pgi.64.mpiuni.default -I/gpfsm/dnb04/projects/p98/mpotts/esmf/pgi_20.4_mpiuni_g_develop/DEFAULTINSTALLDIR/include   -DESMF_NO_INTEGER_1_BYTE -DESMF_NO_INTEGER_2_BYTE -DESMF_VERSION_STRING_GIT='v8.4.0b03-3-g14a79d558f' -DESMF_MOAB=1 -DESMF_LAPACK=1 -DESMF_LAPACK_INTERNAL=1 -DESMF_NO_ACC_SOFTWARE_STACK=1 -DESMF_YAMLCPP=1 -DESMF_YAML=1 -DESMF_NO_OPENMP -DESMF_NO_OPENACC -DESMF_TESTEXHAUSTIVE -DESMF_BOPT_g -DESMF_TESTCOMPTUNNEL -DESMF_TESTWITHTHREADS -DSx86_64_small=1 -DESMF_OS_Linux=1 -DESMF_COMM=mpiuni -DESMF_DIR=/gpfsm/dnb04/projects/p98/mpotts/esmf/pgi_20.4_mpiuni_g_develop -DESMF_MPIUNI -DESMF_PGIVERSION_MAJOR=20 -DESMF_PGIVERSION_MINOR=4 -DESMF_PGIVERSION_PATCH=0 -DESMF_NO_F2018ASSUMEDTYPE atm.F90
pgf90 -c -g -fpic -Mallocatable=03 -lpthread -I/gpfsm/dnb04/projects/p98/mpotts/esmf/pgi_20.4_mpiuni_g_develop/DEFAULTINSTALLDIR/mod/modg/Linux.pgi.64.mpiuni.default -I/gpfsm/dnb04/projects/p98/mpotts/esmf/pgi_20.4_mpiuni_g_develop/DEFAULTINSTALLDIR/include   -DESMF_NO_INTEGER_1_BYTE -DESMF_NO_INTEGER_2_BYTE -DESMF_VERSION_STRING_GIT='v8.4.0b03-3-g14a79d558f' -DESMF_MOAB=1 -DESMF_LAPACK=1 -DESMF_LAPACK_INTERNAL=1 -DESMF_NO_ACC_SOFTWARE_STACK=1 -DESMF_YAMLCPP=1 -DESMF_YAML=1 -DESMF_NO_OPENMP -DESMF_NO_OPENACC -DESMF_TESTEXHAUSTIVE -DESMF_BOPT_g -DESMF_TESTCOMPTUNNEL -DESMF_TESTWITHTHREADS -DSx86_64_small=1 -DESMF_OS_Linux=1 -DESMF_COMM=mpiuni -DESMF_DIR=/gpfsm/dnb04/projects/p98/mpotts/esmf/pgi_20.4_mpiuni_g_develop -DESMF_MPIUNI -DESMF_PGIVERSION_MAJOR=20 -DESMF_PGIVERSION_MINOR=4 -DESMF_PGIVERSION_PATCH=0 -DESMF_NO_F2018ASSUMEDTYPE ocn.F90
pgf90 -c -g -fpic -Mallocatable=03 -lpthread -I/gpfsm/dnb04/projects/p98/mpotts/esmf/pgi_20.4_mpiuni_g_develop/DEFAULTINSTALLDIR/mod/modg/Linux.pgi.64.mpiuni.default -I/gpfsm/dnb04/projects/p98/mpotts/esmf/pgi_20.4_mpiuni_g_develop/DEFAULTINSTALLDIR/include   -DESMF_NO_INTEGER_1_BYTE -DESMF_NO_INTEGER_2_BYTE -DESMF_VERSION_STRING_GIT='v8.4.0b03-3-g14a79d558f' -DESMF_MOAB=1 -DESMF_LAPACK=1 -DESMF_LAPACK_INTERNAL=1 -DESMF_NO_ACC_SOFTWARE_STACK=1 -DESMF_YAMLCPP=1 -DESMF_YAML=1 -DESMF_NO_OPENMP -DESMF_NO_OPENACC -DESMF_TESTEXHAUSTIVE -DESMF_BOPT_g -DESMF_TESTCOMPTUNNEL -DESMF_TESTWITHTHREADS -DSx86_64_small=1 -DESMF_OS_Linux=1 -DESMF_COMM=mpiuni -DESMF_DIR=/gpfsm/dnb04/projects/p98/mpotts/esmf/pgi_20.4_mpiuni_g_develop -DESMF_MPIUNI -DESMF_PGIVERSION_MAJOR=20 -DESMF_PGIVERSION_MINOR=4 -DESMF_PGIVERSION_PATCH=0 -DESMF_NO_F2018ASSUMEDTYPE lnd.F90
