build time -- 2022-07-05 06:03:42
20220705 061954.000 INFO             PET0 !!!!!!!!!!!!!!!!!!!!!!!!!!!!!!!!!!!!!!!!!!!!!!!!!!!!!!
20220705 061954.001 INFO             PET0 !!! THE ESMF_LOG IS SET TO OUTPUT ALL LOG MESSAGES !!!
20220705 061954.001 INFO             PET0 !!!     THIS MAY CAUSE SLOWDOWN IN PERFORMANCE     !!!
20220705 061954.001 INFO             PET0 !!! FOR PRODUCTION RUNS, USE:                      !!!
20220705 061954.001 INFO             PET0 !!!                   ESMF_LOGKIND_Multi_On_Error  !!!
20220705 061954.001 INFO             PET0 !!!!!!!!!!!!!!!!!!!!!!!!!!!!!!!!!!!!!!!!!!!!!!!!!!!!!!
20220705 061954.001 INFO             PET0 Running with ESMF Version   : v8.4.0b02-7-g9328c9b05f
20220705 061954.001 INFO             PET0 ESMF library build date/time: "Jul  5 2022" "06:02:48"
20220705 061954.001 INFO             PET0 ESMF library build location : /scratch1/NCEPDEV/stmp2/role.esmfmaint/gfortran_9.2.0a_mpiuni_O_develop
20220705 061954.001 INFO             PET0 ESMF_COMM                   : mpiuni
20220705 061954.001 INFO             PET0 ESMF_MOAB                   : enabled
20220705 061954.001 INFO             PET0 ESMF_LAPACK                 : enabled
20220705 061954.001 INFO             PET0 ESMF_NETCDF                 : enabled
20220705 061954.001 INFO             PET0 ESMF_PNETCDF                : disabled
20220705 061954.001 INFO             PET0 ESMF_PIO                    : disabled
20220705 061954.001 INFO             PET0 ESMF_YAMLCPP                : enabled
20220705 061954.003 INFO             PET0  NUMBER_OF_PROCESSORS           1
20220705 061954.003 INFO             PET0  PASS  Example ESMF_VMComponentEx, ESMF_VMComponentEx.F90, line 197
20220705 061954.003 INFO             PET0 Finalizing ESMF
