build time -- 2022-07-22 06:39:55
20220722 085532.676 INFO             PET0 !!!!!!!!!!!!!!!!!!!!!!!!!!!!!!!!!!!!!!!!!!!!!!!!!!!!!!
20220722 085532.676 INFO             PET0 !!! THE ESMF_LOG IS SET TO OUTPUT ALL LOG MESSAGES !!!
20220722 085532.676 INFO             PET0 !!!     THIS MAY CAUSE SLOWDOWN IN PERFORMANCE     !!!
20220722 085532.676 INFO             PET0 !!! FOR PRODUCTION RUNS, USE:                      !!!
20220722 085532.676 INFO             PET0 !!!                   ESMF_LOGKIND_Multi_On_Error  !!!
20220722 085532.676 INFO             PET0 !!!!!!!!!!!!!!!!!!!!!!!!!!!!!!!!!!!!!!!!!!!!!!!!!!!!!!
20220722 085532.676 INFO             PET0 Running with ESMF Version   : v8.4.0b07
20220722 085532.677 INFO             PET0 ESMF library build date/time: "Jul 22 2022" "06:39:00"
20220722 085532.677 INFO             PET0 ESMF library build location : /scratch1/NCEPDEV/stmp2/role.esmfmaint/gfortran_9.2.0a_mpiuni_O_develop
20220722 085532.677 INFO             PET0 ESMF_COMM                   : mpiuni
20220722 085532.678 INFO             PET0 ESMF_MOAB                   : enabled
20220722 085532.678 INFO             PET0 ESMF_LAPACK                 : enabled
20220722 085532.678 INFO             PET0 ESMF_NETCDF                 : enabled
20220722 085532.678 INFO             PET0 ESMF_PNETCDF                : disabled
20220722 085532.678 INFO             PET0 ESMF_PIO                    : disabled
20220722 085532.678 INFO             PET0 ESMF_YAMLCPP                : enabled
20220722 085532.679 INFO             PET0  NUMBER_OF_PROCESSORS           1
20220722 085532.679 INFO             PET0  PASS  Example ESMF_GridCreateRegFromDGEx, ESMF_GridCreateRegFromDGEx.F90, line 112
20220722 085532.679 INFO             PET0 Finalizing ESMF
