build time -- 2022-07-20 06:15:29
20220720 063322.229 INFO             PET0 !!!!!!!!!!!!!!!!!!!!!!!!!!!!!!!!!!!!!!!!!!!!!!!!!!!!!!
20220720 063322.229 INFO             PET0 !!! THE ESMF_LOG IS SET TO OUTPUT ALL LOG MESSAGES !!!
20220720 063322.229 INFO             PET0 !!!     THIS MAY CAUSE SLOWDOWN IN PERFORMANCE     !!!
20220720 063322.229 INFO             PET0 !!! FOR PRODUCTION RUNS, USE:                      !!!
20220720 063322.229 INFO             PET0 !!!                   ESMF_LOGKIND_Multi_On_Error  !!!
20220720 063322.229 INFO             PET0 !!!!!!!!!!!!!!!!!!!!!!!!!!!!!!!!!!!!!!!!!!!!!!!!!!!!!!
20220720 063322.229 INFO             PET0 Running with ESMF Version   : v8.4.0b06-4-gd14c4971e8
20220720 063322.229 INFO             PET0 ESMF library build date/time: "Jul 20 2022" "06:14:32"
20220720 063322.229 INFO             PET0 ESMF library build location : /scratch1/NCEPDEV/stmp2/role.esmfmaint/gfortran_9.2.0a_mpiuni_O_develop
20220720 063322.229 INFO             PET0 ESMF_COMM                   : mpiuni
20220720 063322.230 INFO             PET0 ESMF_MOAB                   : enabled
20220720 063322.230 INFO             PET0 ESMF_LAPACK                 : enabled
20220720 063322.230 INFO             PET0 ESMF_NETCDF                 : enabled
20220720 063322.230 INFO             PET0 ESMF_PNETCDF                : disabled
20220720 063322.230 INFO             PET0 ESMF_PIO                    : disabled
20220720 063322.230 INFO             PET0 ESMF_YAMLCPP                : enabled
20220720 063322.238 INFO             PET0  NUMBER_OF_PROCESSORS           1
20220720 063322.238 INFO             PET0  PASS  Example ESMF_LocStreamEx, ESMF_LocStreamEx.F90, line 784
20220720 063322.238 INFO             PET0 Finalizing ESMF
