build time -- 2022-06-16 05:55:38
20220616 061210.295 INFO             PET0 !!!!!!!!!!!!!!!!!!!!!!!!!!!!!!!!!!!!!!!!!!!!!!!!!!!!!!
20220616 061210.295 INFO             PET0 !!! THE ESMF_LOG IS SET TO OUTPUT ALL LOG MESSAGES !!!
20220616 061210.295 INFO             PET0 !!!     THIS MAY CAUSE SLOWDOWN IN PERFORMANCE     !!!
20220616 061210.295 INFO             PET0 !!! FOR PRODUCTION RUNS, USE:                      !!!
20220616 061210.295 INFO             PET0 !!!                   ESMF_LOGKIND_Multi_On_Error  !!!
20220616 061210.295 INFO             PET0 !!!!!!!!!!!!!!!!!!!!!!!!!!!!!!!!!!!!!!!!!!!!!!!!!!!!!!
20220616 061210.295 INFO             PET0 Running with ESMF Version   : v8.4.0b01-2-gf0d4ab211d
20220616 061210.295 INFO             PET0 ESMF library build date/time: "Jun 16 2022" "05:54:45"
20220616 061210.295 INFO             PET0 ESMF library build location : /scratch1/NCEPDEV/stmp2/role.esmfmaint/gfortran_9.2.0a_mpiuni_O_develop
20220616 061210.295 INFO             PET0 ESMF_COMM                   : mpiuni
20220616 061210.296 INFO             PET0 ESMF_MOAB                   : enabled
20220616 061210.296 INFO             PET0 ESMF_LAPACK                 : enabled
20220616 061210.296 INFO             PET0 ESMF_NETCDF                 : enabled
20220616 061210.296 INFO             PET0 ESMF_PNETCDF                : disabled
20220616 061210.296 INFO             PET0 ESMF_PIO                    : disabled
20220616 061210.296 INFO             PET0 ESMF_YAMLCPP                : enabled
20220616 061210.321 DEBUG            PET0 about to destroy Grid: 0x2337680
20220616 061210.324 DEBUG            PET0 about to destroy Grid: 0x2338920
20220616 061210.332 INFO             PET0  NUMBER_OF_PROCESSORS           1
20220616 061210.332 INFO             PET0  PASS  Example ESMF_NUOPCAtmModelEx, ESMF_NUOPCAtmModelEx.F90, line 806
20220616 061210.332 INFO             PET0 Finalizing ESMF
