build time -- 2022-07-12 06:10:58
20220712 065038.574 INFO             PET0 !!!!!!!!!!!!!!!!!!!!!!!!!!!!!!!!!!!!!!!!!!!!!!!!!!!!!!
20220712 065038.574 INFO             PET0 !!! THE ESMF_LOG IS SET TO OUTPUT ALL LOG MESSAGES !!!
20220712 065038.574 INFO             PET0 !!!     THIS MAY CAUSE SLOWDOWN IN PERFORMANCE     !!!
20220712 065038.574 INFO             PET0 !!! FOR PRODUCTION RUNS, USE:                      !!!
20220712 065038.574 INFO             PET0 !!!                   ESMF_LOGKIND_Multi_On_Error  !!!
20220712 065038.574 INFO             PET0 !!!!!!!!!!!!!!!!!!!!!!!!!!!!!!!!!!!!!!!!!!!!!!!!!!!!!!
20220712 065038.574 INFO             PET0 Running with ESMF Version   : v8.4.0b03-3-g14a79d558f
20220712 065038.574 INFO             PET0 ESMF library build date/time: "Jul 12 2022" "06:10:04"
20220712 065038.574 INFO             PET0 ESMF library build location : /scratch1/NCEPDEV/stmp2/role.esmfmaint/gfortran_9.2.0a_mpiuni_O_develop
20220712 065038.574 INFO             PET0 ESMF_COMM                   : mpiuni
20220712 065038.575 INFO             PET0 ESMF_MOAB                   : enabled
20220712 065038.575 INFO             PET0 ESMF_LAPACK                 : enabled
20220712 065038.575 INFO             PET0 ESMF_NETCDF                 : enabled
20220712 065038.575 INFO             PET0 ESMF_PNETCDF                : disabled
20220712 065038.575 INFO             PET0 ESMF_PIO                    : disabled
20220712 065038.575 INFO             PET0 ESMF_YAMLCPP                : enabled
20220712 065038.577 INFO             PET0 ESMF_FieldRedistStoreNF(): Just entered routine.
20220712 065038.675 INFO             PET0 ESMF_FieldRedistStoreNF(): Leaving routine.
20220712 065038.688 INFO             PET0  NUMBER_OF_PROCESSORS           1
20220712 065038.688 INFO             PET0  PASS  Example ESMF_RHandleFromFileEx, ESMF_RHandleFromFileEx.F90, line 192
20220712 065038.688 INFO             PET0 Finalizing ESMF
