build time -- 2022-06-18 03:11:41.291368
20220618 041521.536 INFO             PET0 !!!!!!!!!!!!!!!!!!!!!!!!!!!!!!!!!!!!!!!!!!!!!!!!!!!!!!
20220618 041521.536 INFO             PET0 !!! THE ESMF_LOG IS SET TO OUTPUT ALL LOG MESSAGES !!!
20220618 041521.536 INFO             PET0 !!!     THIS MAY CAUSE SLOWDOWN IN PERFORMANCE     !!!
20220618 041521.536 INFO             PET0 !!! FOR PRODUCTION RUNS, USE:                      !!!
20220618 041521.536 INFO             PET0 !!!                   ESMF_LOGKIND_Multi_On_Error  !!!
20220618 041521.536 INFO             PET0 !!!!!!!!!!!!!!!!!!!!!!!!!!!!!!!!!!!!!!!!!!!!!!!!!!!!!!
20220618 041521.536 INFO             PET0 Running with ESMF Version   : v8.4.0b01-2-gf0d4ab211d
20220618 041521.536 INFO             PET0 ESMF library build date/time: "Jun 18 2022" "03:05:10"
20220618 041521.536 INFO             PET0 ESMF library build location : /glade/scratch/dunlap/esmf-testing/intel_18.0.5_mpiuni_g_develop
20220618 041521.536 INFO             PET0 ESMF_COMM                   : mpiuni
20220618 041521.536 INFO             PET0 ESMF_MOAB                   : enabled
20220618 041521.536 INFO             PET0 ESMF_LAPACK                 : enabled
20220618 041521.536 INFO             PET0 ESMF_NETCDF                 : enabled
20220618 041521.536 INFO             PET0 ESMF_PNETCDF                : disabled
20220618 041521.536 INFO             PET0 ESMF_PIO                    : disabled
20220618 041521.536 INFO             PET0 ESMF_YAMLCPP                : enabled
20220618 041521.688 DEBUG            PET0 about to destroy Grid: 0xb82780
20220618 041521.710 DEBUG            PET0 about to destroy Grid: 0xb84db0
20220618 041521.783 INFO             PET0  NUMBER_OF_PROCESSORS           1
20220618 041521.783 INFO             PET0  PASS  Example ESMF_NUOPCAtmModelEx, ESMF_NUOPCAtmModelEx.F90, line 806
20220618 041521.783 INFO             PET0 Finalizing ESMF
