build time -- 2022-07-18 03:05:29.315421
20220718 040727.527 INFO             PET0 !!!!!!!!!!!!!!!!!!!!!!!!!!!!!!!!!!!!!!!!!!!!!!!!!!!!!!
20220718 040727.527 INFO             PET0 !!! THE ESMF_LOG IS SET TO OUTPUT ALL LOG MESSAGES !!!
20220718 040727.527 INFO             PET0 !!!     THIS MAY CAUSE SLOWDOWN IN PERFORMANCE     !!!
20220718 040727.527 INFO             PET0 !!! FOR PRODUCTION RUNS, USE:                      !!!
20220718 040727.527 INFO             PET0 !!!                   ESMF_LOGKIND_Multi_On_Error  !!!
20220718 040727.527 INFO             PET0 !!!!!!!!!!!!!!!!!!!!!!!!!!!!!!!!!!!!!!!!!!!!!!!!!!!!!!
20220718 040727.527 INFO             PET0 Running with ESMF Version   : v8.4.0b04-2-gc831a7cd4a
20220718 040727.527 INFO             PET0 ESMF library build date/time: "Jul 18 2022" "02:57:42"
20220718 040727.527 INFO             PET0 ESMF library build location : /glade/scratch/dunlap/esmf-testing/intel_18.0.5_mpiuni_g_develop
20220718 040727.527 INFO             PET0 ESMF_COMM                   : mpiuni
20220718 040727.527 INFO             PET0 ESMF_MOAB                   : enabled
20220718 040727.527 INFO             PET0 ESMF_LAPACK                 : enabled
20220718 040727.527 INFO             PET0 ESMF_NETCDF                 : enabled
20220718 040727.527 INFO             PET0 ESMF_PNETCDF                : disabled
20220718 040727.527 INFO             PET0 ESMF_PIO                    : disabled
20220718 040727.527 INFO             PET0 ESMF_YAMLCPP                : enabled
20220718 040727.529 INFO             PET0  NUMBER_OF_PROCESSORS           1
20220718 040727.529 INFO             PET0  PASS  Example ESMF_AppMainEx, ESMF_AppMainEx.F90, line 486
20220718 040727.529 INFO             PET0 Finalizing ESMF
