build time -- 2022-07-19 02:45:57.751851
20220719 034444.117 INFO             PET0 !!!!!!!!!!!!!!!!!!!!!!!!!!!!!!!!!!!!!!!!!!!!!!!!!!!!!!
20220719 034444.117 INFO             PET0 !!! THE ESMF_LOG IS SET TO OUTPUT ALL LOG MESSAGES !!!
20220719 034444.117 INFO             PET0 !!!     THIS MAY CAUSE SLOWDOWN IN PERFORMANCE     !!!
20220719 034444.117 INFO             PET0 !!! FOR PRODUCTION RUNS, USE:                      !!!
20220719 034444.117 INFO             PET0 !!!                   ESMF_LOGKIND_Multi_On_Error  !!!
20220719 034444.117 INFO             PET0 !!!!!!!!!!!!!!!!!!!!!!!!!!!!!!!!!!!!!!!!!!!!!!!!!!!!!!
20220719 034444.117 INFO             PET0 Running with ESMF Version   : v8.4.0b05-10-g2a13bec76f
20220719 034444.117 INFO             PET0 ESMF library build date/time: "Jul 19 2022" "02:40:00"
20220719 034444.117 INFO             PET0 ESMF library build location : /glade/scratch/dunlap/esmf-testing/intel_18.0.5_mpiuni_g_develop
20220719 034444.117 INFO             PET0 ESMF_COMM                   : mpiuni
20220719 034444.118 INFO             PET0 ESMF_MOAB                   : enabled
20220719 034444.118 INFO             PET0 ESMF_LAPACK                 : enabled
20220719 034444.118 INFO             PET0 ESMF_NETCDF                 : enabled
20220719 034444.118 INFO             PET0 ESMF_PNETCDF                : disabled
20220719 034444.118 INFO             PET0 ESMF_PIO                    : disabled
20220719 034444.118 INFO             PET0 ESMF_YAMLCPP                : enabled
20220719 034444.142 INFO             PET0  NUMBER_OF_PROCESSORS           1
20220719 034444.142 INFO             PET0  PASS  Example ESMF_StateReadWriteEx, ESMF_StateReadWriteEx.F90, line 185
20220719 034444.142 INFO             PET0 Finalizing ESMF
