build time -- 2022-07-18 01:21:37.763456
20220718 015844.241 INFO             PET0 !!!!!!!!!!!!!!!!!!!!!!!!!!!!!!!!!!!!!!!!!!!!!!!!!!!!!!
20220718 015844.241 INFO             PET0 !!! THE ESMF_LOG IS SET TO OUTPUT ALL LOG MESSAGES !!!
20220718 015844.241 INFO             PET0 !!!     THIS MAY CAUSE SLOWDOWN IN PERFORMANCE     !!!
20220718 015844.241 INFO             PET0 !!! FOR PRODUCTION RUNS, USE:                      !!!
20220718 015844.241 INFO             PET0 !!!                   ESMF_LOGKIND_Multi_On_Error  !!!
20220718 015844.241 INFO             PET0 !!!!!!!!!!!!!!!!!!!!!!!!!!!!!!!!!!!!!!!!!!!!!!!!!!!!!!
20220718 015844.241 INFO             PET0 Running with ESMF Version   : v8.4.0b04-9-g4da4a8320a
20220718 015844.241 INFO             PET0 ESMF library build date/time: "Jul 18 2022" "01:19:01"
20220718 015844.241 INFO             PET0 ESMF library build location : /gpfsm/dnb04/projects/p98/mpotts/esmf/intel_19.1.3_intelmpi_g_feature_named-alias
20220718 015844.241 INFO             PET0 ESMF_COMM                   : intelmpi
20220718 015844.241 INFO             PET0 ESMF_MOAB                   : enabled
20220718 015844.241 INFO             PET0 ESMF_LAPACK                 : enabled
20220718 015844.241 INFO             PET0 ESMF_NETCDF                 : enabled
20220718 015844.241 INFO             PET0 ESMF_PNETCDF                : disabled
20220718 015844.241 INFO             PET0 ESMF_PIO                    : enabled
20220718 015844.241 INFO             PET0 ESMF_YAMLCPP                : enabled
20220718 015844.375 DEBUG            PET0 about to destroy Grid: 0xa49060
20220718 015844.391 DEBUG            PET0 about to destroy Grid: 0xa49c30
20220718 015844.435 INFO             PET0  NUMBER_OF_PROCESSORS           4
20220718 015844.435 INFO             PET0  PASS  Example ESMF_NUOPCAtmModelEx, ESMF_NUOPCAtmModelEx.F90, line 806
20220718 015844.435 INFO             PET0 Finalizing ESMF
20220718 015844.241 INFO             PET1 !!!!!!!!!!!!!!!!!!!!!!!!!!!!!!!!!!!!!!!!!!!!!!!!!!!!!!
20220718 015844.241 INFO             PET1 !!! THE ESMF_LOG IS SET TO OUTPUT ALL LOG MESSAGES !!!
20220718 015844.241 INFO             PET1 !!!     THIS MAY CAUSE SLOWDOWN IN PERFORMANCE     !!!
20220718 015844.241 INFO             PET1 !!! FOR PRODUCTION RUNS, USE:                      !!!
20220718 015844.241 INFO             PET1 !!!                   ESMF_LOGKIND_Multi_On_Error  !!!
20220718 015844.241 INFO             PET1 !!!!!!!!!!!!!!!!!!!!!!!!!!!!!!!!!!!!!!!!!!!!!!!!!!!!!!
20220718 015844.241 INFO             PET1 Running with ESMF Version   : v8.4.0b04-9-g4da4a8320a
20220718 015844.241 INFO             PET1 ESMF library build date/time: "Jul 18 2022" "01:19:01"
20220718 015844.241 INFO             PET1 ESMF library build location : /gpfsm/dnb04/projects/p98/mpotts/esmf/intel_19.1.3_intelmpi_g_feature_named-alias
20220718 015844.241 INFO             PET1 ESMF_COMM                   : intelmpi
20220718 015844.241 INFO             PET1 ESMF_MOAB                   : enabled
20220718 015844.241 INFO             PET1 ESMF_LAPACK                 : enabled
20220718 015844.241 INFO             PET1 ESMF_NETCDF                 : enabled
20220718 015844.241 INFO             PET1 ESMF_PNETCDF                : disabled
20220718 015844.241 INFO             PET1 ESMF_PIO                    : enabled
20220718 015844.241 INFO             PET1 ESMF_YAMLCPP                : enabled
20220718 015844.375 DEBUG            PET1 about to destroy Grid: 0xa47660
20220718 015844.391 DEBUG            PET1 about to destroy Grid: 0xa49a60
20220718 015844.435 INFO             PET1  NUMBER_OF_PROCESSORS           4
20220718 015844.435 INFO             PET1  PASS  Example ESMF_NUOPCAtmModelEx, ESMF_NUOPCAtmModelEx.F90, line 806
20220718 015844.435 INFO             PET1 Finalizing ESMF
20220718 015844.241 INFO             PET2 !!!!!!!!!!!!!!!!!!!!!!!!!!!!!!!!!!!!!!!!!!!!!!!!!!!!!!
20220718 015844.241 INFO             PET2 !!! THE ESMF_LOG IS SET TO OUTPUT ALL LOG MESSAGES !!!
20220718 015844.241 INFO             PET2 !!!     THIS MAY CAUSE SLOWDOWN IN PERFORMANCE     !!!
20220718 015844.241 INFO             PET2 !!! FOR PRODUCTION RUNS, USE:                      !!!
20220718 015844.241 INFO             PET2 !!!                   ESMF_LOGKIND_Multi_On_Error  !!!
20220718 015844.241 INFO             PET2 !!!!!!!!!!!!!!!!!!!!!!!!!!!!!!!!!!!!!!!!!!!!!!!!!!!!!!
20220718 015844.241 INFO             PET2 Running with ESMF Version   : v8.4.0b04-9-g4da4a8320a
20220718 015844.241 INFO             PET2 ESMF library build date/time: "Jul 18 2022" "01:19:01"
20220718 015844.241 INFO             PET2 ESMF library build location : /gpfsm/dnb04/projects/p98/mpotts/esmf/intel_19.1.3_intelmpi_g_feature_named-alias
20220718 015844.241 INFO             PET2 ESMF_COMM                   : intelmpi
20220718 015844.242 INFO             PET2 ESMF_MOAB                   : enabled
20220718 015844.242 INFO             PET2 ESMF_LAPACK                 : enabled
20220718 015844.242 INFO             PET2 ESMF_NETCDF                 : enabled
20220718 015844.242 INFO             PET2 ESMF_PNETCDF                : disabled
20220718 015844.242 INFO             PET2 ESMF_PIO                    : enabled
20220718 015844.242 INFO             PET2 ESMF_YAMLCPP                : enabled
20220718 015844.375 DEBUG            PET2 about to destroy Grid: 0xa474f0
20220718 015844.391 DEBUG            PET2 about to destroy Grid: 0xa498f0
20220718 015844.436 INFO             PET2  NUMBER_OF_PROCESSORS           4
20220718 015844.436 INFO             PET2  PASS  Example ESMF_NUOPCAtmModelEx, ESMF_NUOPCAtmModelEx.F90, line 806
20220718 015844.436 INFO             PET2 Finalizing ESMF
20220718 015844.241 INFO             PET3 !!!!!!!!!!!!!!!!!!!!!!!!!!!!!!!!!!!!!!!!!!!!!!!!!!!!!!
20220718 015844.241 INFO             PET3 !!! THE ESMF_LOG IS SET TO OUTPUT ALL LOG MESSAGES !!!
20220718 015844.241 INFO             PET3 !!!     THIS MAY CAUSE SLOWDOWN IN PERFORMANCE     !!!
20220718 015844.241 INFO             PET3 !!! FOR PRODUCTION RUNS, USE:                      !!!
20220718 015844.241 INFO             PET3 !!!                   ESMF_LOGKIND_Multi_On_Error  !!!
20220718 015844.241 INFO             PET3 !!!!!!!!!!!!!!!!!!!!!!!!!!!!!!!!!!!!!!!!!!!!!!!!!!!!!!
20220718 015844.241 INFO             PET3 Running with ESMF Version   : v8.4.0b04-9-g4da4a8320a
20220718 015844.241 INFO             PET3 ESMF library build date/time: "Jul 18 2022" "01:19:01"
20220718 015844.241 INFO             PET3 ESMF library build location : /gpfsm/dnb04/projects/p98/mpotts/esmf/intel_19.1.3_intelmpi_g_feature_named-alias
20220718 015844.241 INFO             PET3 ESMF_COMM                   : intelmpi
20220718 015844.242 INFO             PET3 ESMF_MOAB                   : enabled
20220718 015844.242 INFO             PET3 ESMF_LAPACK                 : enabled
20220718 015844.242 INFO             PET3 ESMF_NETCDF                 : enabled
20220718 015844.242 INFO             PET3 ESMF_PNETCDF                : disabled
20220718 015844.242 INFO             PET3 ESMF_PIO                    : enabled
20220718 015844.242 INFO             PET3 ESMF_YAMLCPP                : enabled
20220718 015844.375 DEBUG            PET3 about to destroy Grid: 0xa48ae0
20220718 015844.391 DEBUG            PET3 about to destroy Grid: 0xa499c0
20220718 015844.435 INFO             PET3  NUMBER_OF_PROCESSORS           4
20220718 015844.435 INFO             PET3  PASS  Example ESMF_NUOPCAtmModelEx, ESMF_NUOPCAtmModelEx.F90, line 806
20220718 015844.435 INFO             PET3 Finalizing ESMF
