build time -- 2022-07-16 01:24:36.304677
20220716 015807.896 INFO             PET0 !!!!!!!!!!!!!!!!!!!!!!!!!!!!!!!!!!!!!!!!!!!!!!!!!!!!!!
20220716 015807.896 INFO             PET0 !!! THE ESMF_LOG IS SET TO OUTPUT ALL LOG MESSAGES !!!
20220716 015807.896 INFO             PET0 !!!     THIS MAY CAUSE SLOWDOWN IN PERFORMANCE     !!!
20220716 015807.896 INFO             PET0 !!! FOR PRODUCTION RUNS, USE:                      !!!
20220716 015807.897 INFO             PET0 !!!                   ESMF_LOGKIND_Multi_On_Error  !!!
20220716 015807.897 INFO             PET0 !!!!!!!!!!!!!!!!!!!!!!!!!!!!!!!!!!!!!!!!!!!!!!!!!!!!!!
20220716 015807.897 INFO             PET0 Running with ESMF Version   : v8.4.0b04-8-g9865973e1f
20220716 015807.897 INFO             PET0 ESMF library build date/time: "Jul 16 2022" "01:21:50"
20220716 015807.897 INFO             PET0 ESMF library build location : /gpfsm/dnb04/projects/p98/mpotts/esmf/intel_19.1.3_intelmpi_g_feature_named-alias
20220716 015807.897 INFO             PET0 ESMF_COMM                   : intelmpi
20220716 015807.897 INFO             PET0 ESMF_MOAB                   : enabled
20220716 015807.897 INFO             PET0 ESMF_LAPACK                 : enabled
20220716 015807.897 INFO             PET0 ESMF_NETCDF                 : enabled
20220716 015807.897 INFO             PET0 ESMF_PNETCDF                : disabled
20220716 015807.897 INFO             PET0 ESMF_PIO                    : enabled
20220716 015807.897 INFO             PET0 ESMF_YAMLCPP                : enabled
20220716 015807.898 INFO             PET0 ESMF Tracing Enabled
20220716 015807.898 INFO             PET0 ESMF Profiling Enabled
20220716 015807.899 INFO             PET0 ESMF Trace/Profile clock: REALTIME
20220716 015807.947 INFO             PET0  NUMBER_OF_PROCESSORS           4
20220716 015807.947 INFO             PET0  PASS  Example ESMF_TraceEx, ESMF_TraceEx.F90, line 178
20220716 015807.947 INFO             PET0 Finalizing ESMF
20220716 015807.947 INFO             PET0 **************** Region Timings *******************
20220716 015807.947 INFO             PET0 Region              Count  Total (s)   Self (s)    Mean (s)    Min (s)     Max (s)
20220716 015807.947 INFO             PET0   [test] Init 1     1      0.0001      0.0001      0.0001      0.0001      0.0001
20220716 015807.947 INFO             PET0   [test] Run 1      5      0.0000      0.0000      0.0000      0.0000      0.0000
20220716 015807.947 INFO             PET0   [test] Final 1    1      0.0000      0.0000      0.0000      0.0000      0.0000
20220716 015807.896 INFO             PET1 !!!!!!!!!!!!!!!!!!!!!!!!!!!!!!!!!!!!!!!!!!!!!!!!!!!!!!
20220716 015807.896 INFO             PET1 !!! THE ESMF_LOG IS SET TO OUTPUT ALL LOG MESSAGES !!!
20220716 015807.896 INFO             PET1 !!!     THIS MAY CAUSE SLOWDOWN IN PERFORMANCE     !!!
20220716 015807.896 INFO             PET1 !!! FOR PRODUCTION RUNS, USE:                      !!!
20220716 015807.896 INFO             PET1 !!!                   ESMF_LOGKIND_Multi_On_Error  !!!
20220716 015807.896 INFO             PET1 !!!!!!!!!!!!!!!!!!!!!!!!!!!!!!!!!!!!!!!!!!!!!!!!!!!!!!
20220716 015807.896 INFO             PET1 Running with ESMF Version   : v8.4.0b04-8-g9865973e1f
20220716 015807.896 INFO             PET1 ESMF library build date/time: "Jul 16 2022" "01:21:50"
20220716 015807.896 INFO             PET1 ESMF library build location : /gpfsm/dnb04/projects/p98/mpotts/esmf/intel_19.1.3_intelmpi_g_feature_named-alias
20220716 015807.897 INFO             PET1 ESMF_COMM                   : intelmpi
20220716 015807.897 INFO             PET1 ESMF_MOAB                   : enabled
20220716 015807.897 INFO             PET1 ESMF_LAPACK                 : enabled
20220716 015807.897 INFO             PET1 ESMF_NETCDF                 : enabled
20220716 015807.897 INFO             PET1 ESMF_PNETCDF                : disabled
20220716 015807.897 INFO             PET1 ESMF_PIO                    : enabled
20220716 015807.897 INFO             PET1 ESMF_YAMLCPP                : enabled
20220716 015807.898 INFO             PET1 ESMF Tracing Enabled
20220716 015807.898 INFO             PET1 ESMF Profiling Enabled
20220716 015807.899 INFO             PET1 ESMF Trace/Profile clock: REALTIME
20220716 015807.947 INFO             PET1  NUMBER_OF_PROCESSORS           4
20220716 015807.947 INFO             PET1  PASS  Example ESMF_TraceEx, ESMF_TraceEx.F90, line 178
20220716 015807.947 INFO             PET1 Finalizing ESMF
20220716 015807.947 INFO             PET1 **************** Region Timings *******************
20220716 015807.947 INFO             PET1 Region              Count  Total (s)   Self (s)    Mean (s)    Min (s)     Max (s)
20220716 015807.947 INFO             PET1   [test] Init 1     1      0.0003      0.0003      0.0003      0.0003      0.0003
20220716 015807.947 INFO             PET1   [test] Run 1      5      0.0001      0.0001      0.0000      0.0000      0.0000
20220716 015807.947 INFO             PET1   [test] Final 1    1      0.0000      0.0000      0.0000      0.0000      0.0000
20220716 015807.896 INFO             PET2 !!!!!!!!!!!!!!!!!!!!!!!!!!!!!!!!!!!!!!!!!!!!!!!!!!!!!!
20220716 015807.896 INFO             PET2 !!! THE ESMF_LOG IS SET TO OUTPUT ALL LOG MESSAGES !!!
20220716 015807.896 INFO             PET2 !!!     THIS MAY CAUSE SLOWDOWN IN PERFORMANCE     !!!
20220716 015807.896 INFO             PET2 !!! FOR PRODUCTION RUNS, USE:                      !!!
20220716 015807.896 INFO             PET2 !!!                   ESMF_LOGKIND_Multi_On_Error  !!!
20220716 015807.896 INFO             PET2 !!!!!!!!!!!!!!!!!!!!!!!!!!!!!!!!!!!!!!!!!!!!!!!!!!!!!!
20220716 015807.896 INFO             PET2 Running with ESMF Version   : v8.4.0b04-8-g9865973e1f
20220716 015807.896 INFO             PET2 ESMF library build date/time: "Jul 16 2022" "01:21:50"
20220716 015807.896 INFO             PET2 ESMF library build location : /gpfsm/dnb04/projects/p98/mpotts/esmf/intel_19.1.3_intelmpi_g_feature_named-alias
20220716 015807.896 INFO             PET2 ESMF_COMM                   : intelmpi
20220716 015807.897 INFO             PET2 ESMF_MOAB                   : enabled
20220716 015807.897 INFO             PET2 ESMF_LAPACK                 : enabled
20220716 015807.897 INFO             PET2 ESMF_NETCDF                 : enabled
20220716 015807.897 INFO             PET2 ESMF_PNETCDF                : disabled
20220716 015807.897 INFO             PET2 ESMF_PIO                    : enabled
20220716 015807.897 INFO             PET2 ESMF_YAMLCPP                : enabled
20220716 015807.898 INFO             PET2 ESMF Tracing Enabled
20220716 015807.898 INFO             PET2 ESMF Profiling Enabled
20220716 015807.899 INFO             PET2 ESMF Trace/Profile clock: REALTIME
20220716 015807.947 INFO             PET2  NUMBER_OF_PROCESSORS           4
20220716 015807.947 INFO             PET2  PASS  Example ESMF_TraceEx, ESMF_TraceEx.F90, line 178
20220716 015807.947 INFO             PET2 Finalizing ESMF
20220716 015807.947 INFO             PET2 **************** Region Timings *******************
20220716 015807.947 INFO             PET2 Region              Count  Total (s)   Self (s)    Mean (s)    Min (s)     Max (s)
20220716 015807.947 INFO             PET2   [test] Init 1     1      0.0001      0.0001      0.0001      0.0001      0.0001
20220716 015807.947 INFO             PET2   [test] Run 1      5      0.0000      0.0000      0.0000      0.0000      0.0000
20220716 015807.947 INFO             PET2   [test] Final 1    1      0.0000      0.0000      0.0000      0.0000      0.0000
20220716 015807.896 INFO             PET3 !!!!!!!!!!!!!!!!!!!!!!!!!!!!!!!!!!!!!!!!!!!!!!!!!!!!!!
20220716 015807.896 INFO             PET3 !!! THE ESMF_LOG IS SET TO OUTPUT ALL LOG MESSAGES !!!
20220716 015807.896 INFO             PET3 !!!     THIS MAY CAUSE SLOWDOWN IN PERFORMANCE     !!!
20220716 015807.896 INFO             PET3 !!! FOR PRODUCTION RUNS, USE:                      !!!
20220716 015807.896 INFO             PET3 !!!                   ESMF_LOGKIND_Multi_On_Error  !!!
20220716 015807.896 INFO             PET3 !!!!!!!!!!!!!!!!!!!!!!!!!!!!!!!!!!!!!!!!!!!!!!!!!!!!!!
20220716 015807.896 INFO             PET3 Running with ESMF Version   : v8.4.0b04-8-g9865973e1f
20220716 015807.896 INFO             PET3 ESMF library build date/time: "Jul 16 2022" "01:21:50"
20220716 015807.896 INFO             PET3 ESMF library build location : /gpfsm/dnb04/projects/p98/mpotts/esmf/intel_19.1.3_intelmpi_g_feature_named-alias
20220716 015807.896 INFO             PET3 ESMF_COMM                   : intelmpi
20220716 015807.897 INFO             PET3 ESMF_MOAB                   : enabled
20220716 015807.897 INFO             PET3 ESMF_LAPACK                 : enabled
20220716 015807.897 INFO             PET3 ESMF_NETCDF                 : enabled
20220716 015807.897 INFO             PET3 ESMF_PNETCDF                : disabled
20220716 015807.897 INFO             PET3 ESMF_PIO                    : enabled
20220716 015807.897 INFO             PET3 ESMF_YAMLCPP                : enabled
20220716 015807.898 INFO             PET3 ESMF Tracing Enabled
20220716 015807.898 INFO             PET3 ESMF Profiling Enabled
20220716 015807.899 INFO             PET3 ESMF Trace/Profile clock: REALTIME
20220716 015807.947 INFO             PET3  NUMBER_OF_PROCESSORS           4
20220716 015807.947 INFO             PET3  PASS  Example ESMF_TraceEx, ESMF_TraceEx.F90, line 178
20220716 015807.947 INFO             PET3 Finalizing ESMF
20220716 015807.947 INFO             PET3 **************** Region Timings *******************
20220716 015807.947 INFO             PET3 Region              Count  Total (s)   Self (s)    Mean (s)    Min (s)     Max (s)
20220716 015807.947 INFO             PET3   [test] Init 1     1      0.0001      0.0001      0.0001      0.0001      0.0001
20220716 015807.947 INFO             PET3   [test] Run 1      5      0.0000      0.0000      0.0000      0.0000      0.0000
20220716 015807.947 INFO             PET3   [test] Final 1    1      0.0000      0.0000      0.0000      0.0000      0.0000
