build time -- 2022-07-04 02:49:16.857478
20220704 035210.800 INFO             PET0 !!!!!!!!!!!!!!!!!!!!!!!!!!!!!!!!!!!!!!!!!!!!!!!!!!!!!!
20220704 035210.800 INFO             PET0 !!! THE ESMF_LOG IS SET TO OUTPUT ALL LOG MESSAGES !!!
20220704 035210.800 INFO             PET0 !!!     THIS MAY CAUSE SLOWDOWN IN PERFORMANCE     !!!
20220704 035210.800 INFO             PET0 !!! FOR PRODUCTION RUNS, USE:                      !!!
20220704 035210.800 INFO             PET0 !!!                   ESMF_LOGKIND_Multi_On_Error  !!!
20220704 035210.800 INFO             PET0 !!!!!!!!!!!!!!!!!!!!!!!!!!!!!!!!!!!!!!!!!!!!!!!!!!!!!!
20220704 035210.800 INFO             PET0 Running with ESMF Version   : v8.4.0b02-7-g9328c9b05f
20220704 035210.800 INFO             PET0 ESMF library build date/time: "Jul  4 2022" "02:43:46"
20220704 035210.800 INFO             PET0 ESMF library build location : /glade/scratch/dunlap/esmf-testing/intel_18.0.5_openmpi_O_develop
20220704 035210.800 INFO             PET0 ESMF_COMM                   : openmpi
20220704 035210.800 INFO             PET0 ESMF_MOAB                   : enabled
20220704 035210.800 INFO             PET0 ESMF_LAPACK                 : enabled
20220704 035210.800 INFO             PET0 ESMF_NETCDF                 : enabled
20220704 035210.800 INFO             PET0 ESMF_PNETCDF                : disabled
20220704 035210.800 INFO             PET0 ESMF_PIO                    : enabled
20220704 035210.800 INFO             PET0 ESMF_YAMLCPP                : enabled
20220704 035210.803 INFO             PET0  NUMBER_OF_PROCESSORS           1
20220704 035210.803 INFO             PET0  PASS  Example ESMF_XGridSparseMatEx, ESMF_XGridSparseMatEx.F90, line 642
20220704 035210.803 INFO             PET0 Finalizing ESMF
