build time -- 2022-07-06 02:48:29.854233
20220706 034743.776 INFO             PET0 !!!!!!!!!!!!!!!!!!!!!!!!!!!!!!!!!!!!!!!!!!!!!!!!!!!!!!
20220706 034743.776 INFO             PET0 !!! THE ESMF_LOG IS SET TO OUTPUT ALL LOG MESSAGES !!!
20220706 034743.776 INFO             PET0 !!!     THIS MAY CAUSE SLOWDOWN IN PERFORMANCE     !!!
20220706 034743.776 INFO             PET0 !!! FOR PRODUCTION RUNS, USE:                      !!!
20220706 034743.776 INFO             PET0 !!!                   ESMF_LOGKIND_Multi_On_Error  !!!
20220706 034743.776 INFO             PET0 !!!!!!!!!!!!!!!!!!!!!!!!!!!!!!!!!!!!!!!!!!!!!!!!!!!!!!
20220706 034743.776 INFO             PET0 Running with ESMF Version   : v8.4.0b03
20220706 034743.776 INFO             PET0 ESMF library build date/time: "Jul  6 2022" "02:43:14"
20220706 034743.776 INFO             PET0 ESMF library build location : /glade/scratch/dunlap/esmf-testing/intel_18.0.5_openmpi_O_develop
20220706 034743.776 INFO             PET0 ESMF_COMM                   : openmpi
20220706 034743.776 INFO             PET0 ESMF_MOAB                   : enabled
20220706 034743.776 INFO             PET0 ESMF_LAPACK                 : enabled
20220706 034743.776 INFO             PET0 ESMF_NETCDF                 : enabled
20220706 034743.776 INFO             PET0 ESMF_PNETCDF                : disabled
20220706 034743.776 INFO             PET0 ESMF_PIO                    : enabled
20220706 034743.776 INFO             PET0 ESMF_YAMLCPP                : enabled
20220706 034743.777 INFO             PET0  NUMBER_OF_PROCESSORS           4
20220706 034743.777 INFO             PET0  PASS  Example ESMF_VMUserMpiCommMultiEx, ESMF_VMUserMpiCommMultiEx.F90, line 126
20220706 034743.777 INFO             PET0 Finalizing ESMF
20220706 034743.777 INFO             PET0 !!!!!!!!!!!!!!!!!!!!!!!!!!!!!!!!!!!!!!!!!!!!!!!!!!!!!!
20220706 034743.777 INFO             PET0 !!! THE ESMF_LOG IS SET TO OUTPUT ALL LOG MESSAGES !!!
20220706 034743.777 INFO             PET0 !!!     THIS MAY CAUSE SLOWDOWN IN PERFORMANCE     !!!
20220706 034743.777 INFO             PET0 !!! FOR PRODUCTION RUNS, USE:                      !!!
20220706 034743.777 INFO             PET0 !!!                   ESMF_LOGKIND_Multi_On_Error  !!!
20220706 034743.777 INFO             PET0 !!!!!!!!!!!!!!!!!!!!!!!!!!!!!!!!!!!!!!!!!!!!!!!!!!!!!!
20220706 034743.777 INFO             PET0 Running with ESMF Version   : v8.4.0b03
20220706 034743.777 INFO             PET0 ESMF library build date/time: "Jul  6 2022" "02:43:14"
20220706 034743.777 INFO             PET0 ESMF library build location : /glade/scratch/dunlap/esmf-testing/intel_18.0.5_openmpi_O_develop
20220706 034743.777 INFO             PET0 ESMF_COMM                   : openmpi
20220706 034743.777 INFO             PET0 ESMF_MOAB                   : enabled
20220706 034743.777 INFO             PET0 ESMF_LAPACK                 : enabled
20220706 034743.777 INFO             PET0 ESMF_NETCDF                 : enabled
20220706 034743.777 INFO             PET0 ESMF_PNETCDF                : disabled
20220706 034743.777 INFO             PET0 ESMF_PIO                    : enabled
20220706 034743.777 INFO             PET0 ESMF_YAMLCPP                : enabled
20220706 034743.778 INFO             PET0  NUMBER_OF_PROCESSORS           4
20220706 034743.778 INFO             PET0  PASS  Example ESMF_VMUserMpiCommMultiEx, ESMF_VMUserMpiCommMultiEx.F90, line 154
20220706 034743.778 INFO             PET0 Finalizing ESMF
20220706 034743.776 INFO             PET1 !!!!!!!!!!!!!!!!!!!!!!!!!!!!!!!!!!!!!!!!!!!!!!!!!!!!!!
20220706 034743.776 INFO             PET1 !!! THE ESMF_LOG IS SET TO OUTPUT ALL LOG MESSAGES !!!
20220706 034743.776 INFO             PET1 !!!     THIS MAY CAUSE SLOWDOWN IN PERFORMANCE     !!!
20220706 034743.776 INFO             PET1 !!! FOR PRODUCTION RUNS, USE:                      !!!
20220706 034743.776 INFO             PET1 !!!                   ESMF_LOGKIND_Multi_On_Error  !!!
20220706 034743.776 INFO             PET1 !!!!!!!!!!!!!!!!!!!!!!!!!!!!!!!!!!!!!!!!!!!!!!!!!!!!!!
20220706 034743.776 INFO             PET1 Running with ESMF Version   : v8.4.0b03
20220706 034743.776 INFO             PET1 ESMF library build date/time: "Jul  6 2022" "02:43:14"
20220706 034743.776 INFO             PET1 ESMF library build location : /glade/scratch/dunlap/esmf-testing/intel_18.0.5_openmpi_O_develop
20220706 034743.776 INFO             PET1 ESMF_COMM                   : openmpi
20220706 034743.777 INFO             PET1 ESMF_MOAB                   : enabled
20220706 034743.777 INFO             PET1 ESMF_LAPACK                 : enabled
20220706 034743.777 INFO             PET1 ESMF_NETCDF                 : enabled
20220706 034743.777 INFO             PET1 ESMF_PNETCDF                : disabled
20220706 034743.777 INFO             PET1 ESMF_PIO                    : enabled
20220706 034743.777 INFO             PET1 ESMF_YAMLCPP                : enabled
20220706 034743.777 INFO             PET1  NUMBER_OF_PROCESSORS           4
20220706 034743.777 INFO             PET1  PASS  Example ESMF_VMUserMpiCommMultiEx, ESMF_VMUserMpiCommMultiEx.F90, line 126
20220706 034743.777 INFO             PET1 Finalizing ESMF
20220706 034743.777 INFO             PET1 !!!!!!!!!!!!!!!!!!!!!!!!!!!!!!!!!!!!!!!!!!!!!!!!!!!!!!
20220706 034743.777 INFO             PET1 !!! THE ESMF_LOG IS SET TO OUTPUT ALL LOG MESSAGES !!!
20220706 034743.777 INFO             PET1 !!!     THIS MAY CAUSE SLOWDOWN IN PERFORMANCE     !!!
20220706 034743.777 INFO             PET1 !!! FOR PRODUCTION RUNS, USE:                      !!!
20220706 034743.777 INFO             PET1 !!!                   ESMF_LOGKIND_Multi_On_Error  !!!
20220706 034743.777 INFO             PET1 !!!!!!!!!!!!!!!!!!!!!!!!!!!!!!!!!!!!!!!!!!!!!!!!!!!!!!
20220706 034743.777 INFO             PET1 Running with ESMF Version   : v8.4.0b03
20220706 034743.777 INFO             PET1 ESMF library build date/time: "Jul  6 2022" "02:43:14"
20220706 034743.777 INFO             PET1 ESMF library build location : /glade/scratch/dunlap/esmf-testing/intel_18.0.5_openmpi_O_develop
20220706 034743.777 INFO             PET1 ESMF_COMM                   : openmpi
20220706 034743.777 INFO             PET1 ESMF_MOAB                   : enabled
20220706 034743.777 INFO             PET1 ESMF_LAPACK                 : enabled
20220706 034743.777 INFO             PET1 ESMF_NETCDF                 : enabled
20220706 034743.777 INFO             PET1 ESMF_PNETCDF                : disabled
20220706 034743.777 INFO             PET1 ESMF_PIO                    : enabled
20220706 034743.777 INFO             PET1 ESMF_YAMLCPP                : enabled
20220706 034743.778 INFO             PET1  NUMBER_OF_PROCESSORS           4
20220706 034743.778 INFO             PET1  PASS  Example ESMF_VMUserMpiCommMultiEx, ESMF_VMUserMpiCommMultiEx.F90, line 154
20220706 034743.778 INFO             PET1 Finalizing ESMF
