build time -- 2022-07-18 03:02:00.343180
20220718 041331.329 INFO             PET0 !!!!!!!!!!!!!!!!!!!!!!!!!!!!!!!!!!!!!!!!!!!!!!!!!!!!!!
20220718 041331.329 INFO             PET0 !!! THE ESMF_LOG IS SET TO OUTPUT ALL LOG MESSAGES !!!
20220718 041331.330 INFO             PET0 !!!     THIS MAY CAUSE SLOWDOWN IN PERFORMANCE     !!!
20220718 041331.330 INFO             PET0 !!! FOR PRODUCTION RUNS, USE:                      !!!
20220718 041331.330 INFO             PET0 !!!                   ESMF_LOGKIND_Multi_On_Error  !!!
20220718 041331.330 INFO             PET0 !!!!!!!!!!!!!!!!!!!!!!!!!!!!!!!!!!!!!!!!!!!!!!!!!!!!!!
20220718 041331.330 INFO             PET0 Running with ESMF Version   : v8.4.0b04-2-gc831a7cd4a
20220718 041331.330 INFO             PET0 ESMF library build date/time: "Jul 18 2022" "02:53:36"
20220718 041331.330 INFO             PET0 ESMF library build location : /glade/scratch/dunlap/esmf-testing/intel_18.0.5_openmpi_O_develop
20220718 041331.330 INFO             PET0 ESMF_COMM                   : openmpi
20220718 041331.330 INFO             PET0 ESMF_MOAB                   : enabled
20220718 041331.330 INFO             PET0 ESMF_LAPACK                 : enabled
20220718 041331.330 INFO             PET0 ESMF_NETCDF                 : enabled
20220718 041331.330 INFO             PET0 ESMF_PNETCDF                : disabled
20220718 041331.330 INFO             PET0 ESMF_PIO                    : enabled
20220718 041331.330 INFO             PET0 ESMF_YAMLCPP                : enabled
20220718 041331.377 DEBUG            PET0 about to destroy Grid: 0x2af0f50
20220718 041331.381 DEBUG            PET0 about to destroy Grid: 0x2af2eb0
20220718 041331.393 INFO             PET0  NUMBER_OF_PROCESSORS           4
20220718 041331.393 INFO             PET0  PASS  Example ESMF_NUOPCAtmModelEx, ESMF_NUOPCAtmModelEx.F90, line 806
20220718 041331.393 INFO             PET0 Finalizing ESMF
20220718 041331.327 INFO             PET1 !!!!!!!!!!!!!!!!!!!!!!!!!!!!!!!!!!!!!!!!!!!!!!!!!!!!!!
20220718 041331.327 INFO             PET1 !!! THE ESMF_LOG IS SET TO OUTPUT ALL LOG MESSAGES !!!
20220718 041331.327 INFO             PET1 !!!     THIS MAY CAUSE SLOWDOWN IN PERFORMANCE     !!!
20220718 041331.327 INFO             PET1 !!! FOR PRODUCTION RUNS, USE:                      !!!
20220718 041331.327 INFO             PET1 !!!                   ESMF_LOGKIND_Multi_On_Error  !!!
20220718 041331.327 INFO             PET1 !!!!!!!!!!!!!!!!!!!!!!!!!!!!!!!!!!!!!!!!!!!!!!!!!!!!!!
20220718 041331.327 INFO             PET1 Running with ESMF Version   : v8.4.0b04-2-gc831a7cd4a
20220718 041331.327 INFO             PET1 ESMF library build date/time: "Jul 18 2022" "02:53:36"
20220718 041331.327 INFO             PET1 ESMF library build location : /glade/scratch/dunlap/esmf-testing/intel_18.0.5_openmpi_O_develop
20220718 041331.327 INFO             PET1 ESMF_COMM                   : openmpi
20220718 041331.327 INFO             PET1 ESMF_MOAB                   : enabled
20220718 041331.327 INFO             PET1 ESMF_LAPACK                 : enabled
20220718 041331.327 INFO             PET1 ESMF_NETCDF                 : enabled
20220718 041331.327 INFO             PET1 ESMF_PNETCDF                : disabled
20220718 041331.327 INFO             PET1 ESMF_PIO                    : enabled
20220718 041331.327 INFO             PET1 ESMF_YAMLCPP                : enabled
20220718 041331.377 DEBUG            PET1 about to destroy Grid: 0x1c0ff10
20220718 041331.381 DEBUG            PET1 about to destroy Grid: 0x1c10a40
20220718 041331.393 INFO             PET1  NUMBER_OF_PROCESSORS           4
20220718 041331.393 INFO             PET1  PASS  Example ESMF_NUOPCAtmModelEx, ESMF_NUOPCAtmModelEx.F90, line 806
20220718 041331.393 INFO             PET1 Finalizing ESMF
20220718 041331.327 INFO             PET2 !!!!!!!!!!!!!!!!!!!!!!!!!!!!!!!!!!!!!!!!!!!!!!!!!!!!!!
20220718 041331.327 INFO             PET2 !!! THE ESMF_LOG IS SET TO OUTPUT ALL LOG MESSAGES !!!
20220718 041331.327 INFO             PET2 !!!     THIS MAY CAUSE SLOWDOWN IN PERFORMANCE     !!!
20220718 041331.327 INFO             PET2 !!! FOR PRODUCTION RUNS, USE:                      !!!
20220718 041331.327 INFO             PET2 !!!                   ESMF_LOGKIND_Multi_On_Error  !!!
20220718 041331.327 INFO             PET2 !!!!!!!!!!!!!!!!!!!!!!!!!!!!!!!!!!!!!!!!!!!!!!!!!!!!!!
20220718 041331.327 INFO             PET2 Running with ESMF Version   : v8.4.0b04-2-gc831a7cd4a
20220718 041331.327 INFO             PET2 ESMF library build date/time: "Jul 18 2022" "02:53:36"
20220718 041331.327 INFO             PET2 ESMF library build location : /glade/scratch/dunlap/esmf-testing/intel_18.0.5_openmpi_O_develop
20220718 041331.327 INFO             PET2 ESMF_COMM                   : openmpi
20220718 041331.327 INFO             PET2 ESMF_MOAB                   : enabled
20220718 041331.327 INFO             PET2 ESMF_LAPACK                 : enabled
20220718 041331.327 INFO             PET2 ESMF_NETCDF                 : enabled
20220718 041331.327 INFO             PET2 ESMF_PNETCDF                : disabled
20220718 041331.327 INFO             PET2 ESMF_PIO                    : enabled
20220718 041331.327 INFO             PET2 ESMF_YAMLCPP                : enabled
20220718 041331.377 DEBUG            PET2 about to destroy Grid: 0x26f6290
20220718 041331.381 DEBUG            PET2 about to destroy Grid: 0x26f6d90
20220718 041331.393 INFO             PET2  NUMBER_OF_PROCESSORS           4
20220718 041331.393 INFO             PET2  PASS  Example ESMF_NUOPCAtmModelEx, ESMF_NUOPCAtmModelEx.F90, line 806
20220718 041331.393 INFO             PET2 Finalizing ESMF
20220718 041331.330 INFO             PET3 !!!!!!!!!!!!!!!!!!!!!!!!!!!!!!!!!!!!!!!!!!!!!!!!!!!!!!
20220718 041331.330 INFO             PET3 !!! THE ESMF_LOG IS SET TO OUTPUT ALL LOG MESSAGES !!!
20220718 041331.330 INFO             PET3 !!!     THIS MAY CAUSE SLOWDOWN IN PERFORMANCE     !!!
20220718 041331.330 INFO             PET3 !!! FOR PRODUCTION RUNS, USE:                      !!!
20220718 041331.330 INFO             PET3 !!!                   ESMF_LOGKIND_Multi_On_Error  !!!
20220718 041331.330 INFO             PET3 !!!!!!!!!!!!!!!!!!!!!!!!!!!!!!!!!!!!!!!!!!!!!!!!!!!!!!
20220718 041331.330 INFO             PET3 Running with ESMF Version   : v8.4.0b04-2-gc831a7cd4a
20220718 041331.330 INFO             PET3 ESMF library build date/time: "Jul 18 2022" "02:53:36"
20220718 041331.330 INFO             PET3 ESMF library build location : /glade/scratch/dunlap/esmf-testing/intel_18.0.5_openmpi_O_develop
20220718 041331.330 INFO             PET3 ESMF_COMM                   : openmpi
20220718 041331.330 INFO             PET3 ESMF_MOAB                   : enabled
20220718 041331.330 INFO             PET3 ESMF_LAPACK                 : enabled
20220718 041331.330 INFO             PET3 ESMF_NETCDF                 : enabled
20220718 041331.330 INFO             PET3 ESMF_PNETCDF                : disabled
20220718 041331.330 INFO             PET3 ESMF_PIO                    : enabled
20220718 041331.330 INFO             PET3 ESMF_YAMLCPP                : enabled
20220718 041331.377 DEBUG            PET3 about to destroy Grid: 0x2a69680
20220718 041331.381 DEBUG            PET3 about to destroy Grid: 0x2a6a6a0
20220718 041331.394 INFO             PET3  NUMBER_OF_PROCESSORS           4
20220718 041331.394 INFO             PET3  PASS  Example ESMF_NUOPCAtmModelEx, ESMF_NUOPCAtmModelEx.F90, line 806
20220718 041331.394 INFO             PET3 Finalizing ESMF
