build time -- 2022-07-17 02:03:11.135643
20220717 030609.506 INFO             PET0 !!!!!!!!!!!!!!!!!!!!!!!!!!!!!!!!!!!!!!!!!!!!!!!!!!!!!!
20220717 030609.506 INFO             PET0 !!! THE ESMF_LOG IS SET TO OUTPUT ALL LOG MESSAGES !!!
20220717 030609.506 INFO             PET0 !!!     THIS MAY CAUSE SLOWDOWN IN PERFORMANCE     !!!
20220717 030609.506 INFO             PET0 !!! FOR PRODUCTION RUNS, USE:                      !!!
20220717 030609.506 INFO             PET0 !!!                   ESMF_LOGKIND_Multi_On_Error  !!!
20220717 030609.506 INFO             PET0 !!!!!!!!!!!!!!!!!!!!!!!!!!!!!!!!!!!!!!!!!!!!!!!!!!!!!!
20220717 030609.506 INFO             PET0 Running with ESMF Version   : v8.4.0b04-9-g4da4a8320a
20220717 030609.506 INFO             PET0 ESMF library build date/time: "Jul 17 2022" "01:59:15"
20220717 030609.506 INFO             PET0 ESMF library build location : /gpfsm/dnb04/projects/p98/mpotts/esmf/pgi_20.4_mpiuni_g_feature_named-alias
20220717 030609.506 INFO             PET0 ESMF_COMM                   : mpiuni
20220717 030609.506 INFO             PET0 ESMF_MOAB                   : enabled
20220717 030609.506 INFO             PET0 ESMF_LAPACK                 : enabled
20220717 030609.506 INFO             PET0 ESMF_NETCDF                 : disabled
20220717 030609.506 INFO             PET0 ESMF_PNETCDF                : disabled
20220717 030609.506 INFO             PET0 ESMF_PIO                    : disabled
20220717 030609.506 INFO             PET0 ESMF_YAMLCPP                : enabled
20220717 030609.508 INFO             PET0  NUMBER_OF_PROCESSORS            1
20220717 030609.508 INFO             PET0  PASS  Example ESMF_GridCreateRegFromDGEx, ESMF_GridCreateRegFromDGEx.F90, line 112
20220717 030609.508 INFO             PET0 Finalizing ESMF
