build time -- 2022-07-22 03:34:38
20220722 101754.145 INFO             PET0 !!!!!!!!!!!!!!!!!!!!!!!!!!!!!!!!!!!!!!!!!!!!!!!!!!!!!!
20220722 101754.145 INFO             PET0 !!! THE ESMF_LOG IS SET TO OUTPUT ALL LOG MESSAGES !!!
20220722 101754.145 INFO             PET0 !!!     THIS MAY CAUSE SLOWDOWN IN PERFORMANCE     !!!
20220722 101754.145 INFO             PET0 !!! FOR PRODUCTION RUNS, USE:                      !!!
20220722 101754.145 INFO             PET0 !!!                   ESMF_LOGKIND_Multi_On_Error  !!!
20220722 101754.145 INFO             PET0 !!!!!!!!!!!!!!!!!!!!!!!!!!!!!!!!!!!!!!!!!!!!!!!!!!!!!!
20220722 101754.145 INFO             PET0 Running with ESMF Version   : v8.4.0b07
20220722 101754.145 INFO             PET0 ESMF library build date/time: "Jul 22 2022" "03:33:08"
20220722 101754.145 INFO             PET0 ESMF library build location : /global/cscratch1/sd/rsdunlap/esmf-testing/intel_19.1.2_mpi_O_develop
20220722 101754.145 INFO             PET0 ESMF_COMM                   : mpi
20220722 101754.147 INFO             PET0 ESMF_MOAB                   : enabled
20220722 101754.147 INFO             PET0 ESMF_LAPACK                 : enabled
20220722 101754.147 INFO             PET0 ESMF_NETCDF                 : enabled
20220722 101754.147 INFO             PET0 ESMF_PNETCDF                : disabled
20220722 101754.147 INFO             PET0 ESMF_PIO                    : enabled
20220722 101754.147 INFO             PET0 ESMF_YAMLCPP                : enabled
20220722 101754.182 DEBUG            PET0 about to destroy Grid: 0x10000321c30
20220722 101754.185 DEBUG            PET0 about to destroy Grid: 0x100003250e0
20220722 101754.194 INFO             PET0  NUMBER_OF_PROCESSORS           4
20220722 101754.194 INFO             PET0  PASS  Example ESMF_NUOPCAtmModelEx, ESMF_NUOPCAtmModelEx.F90, line 806
20220722 101754.194 INFO             PET0 Finalizing ESMF
20220722 101754.146 INFO             PET1 !!!!!!!!!!!!!!!!!!!!!!!!!!!!!!!!!!!!!!!!!!!!!!!!!!!!!!
20220722 101754.146 INFO             PET1 !!! THE ESMF_LOG IS SET TO OUTPUT ALL LOG MESSAGES !!!
20220722 101754.146 INFO             PET1 !!!     THIS MAY CAUSE SLOWDOWN IN PERFORMANCE     !!!
20220722 101754.146 INFO             PET1 !!! FOR PRODUCTION RUNS, USE:                      !!!
20220722 101754.146 INFO             PET1 !!!                   ESMF_LOGKIND_Multi_On_Error  !!!
20220722 101754.146 INFO             PET1 !!!!!!!!!!!!!!!!!!!!!!!!!!!!!!!!!!!!!!!!!!!!!!!!!!!!!!
20220722 101754.146 INFO             PET1 Running with ESMF Version   : v8.4.0b07
20220722 101754.146 INFO             PET1 ESMF library build date/time: "Jul 22 2022" "03:33:08"
20220722 101754.146 INFO             PET1 ESMF library build location : /global/cscratch1/sd/rsdunlap/esmf-testing/intel_19.1.2_mpi_O_develop
20220722 101754.146 INFO             PET1 ESMF_COMM                   : mpi
20220722 101754.147 INFO             PET1 ESMF_MOAB                   : enabled
20220722 101754.147 INFO             PET1 ESMF_LAPACK                 : enabled
20220722 101754.147 INFO             PET1 ESMF_NETCDF                 : enabled
20220722 101754.147 INFO             PET1 ESMF_PNETCDF                : disabled
20220722 101754.147 INFO             PET1 ESMF_PIO                    : enabled
20220722 101754.147 INFO             PET1 ESMF_YAMLCPP                : enabled
20220722 101754.182 DEBUG            PET1 about to destroy Grid: 0x1000031ef30
20220722 101754.185 DEBUG            PET1 about to destroy Grid: 0x10000322e00
20220722 101754.194 INFO             PET1  NUMBER_OF_PROCESSORS           4
20220722 101754.194 INFO             PET1  PASS  Example ESMF_NUOPCAtmModelEx, ESMF_NUOPCAtmModelEx.F90, line 806
20220722 101754.194 INFO             PET1 Finalizing ESMF
20220722 101754.146 INFO             PET2 !!!!!!!!!!!!!!!!!!!!!!!!!!!!!!!!!!!!!!!!!!!!!!!!!!!!!!
20220722 101754.146 INFO             PET2 !!! THE ESMF_LOG IS SET TO OUTPUT ALL LOG MESSAGES !!!
20220722 101754.146 INFO             PET2 !!!     THIS MAY CAUSE SLOWDOWN IN PERFORMANCE     !!!
20220722 101754.146 INFO             PET2 !!! FOR PRODUCTION RUNS, USE:                      !!!
20220722 101754.146 INFO             PET2 !!!                   ESMF_LOGKIND_Multi_On_Error  !!!
20220722 101754.146 INFO             PET2 !!!!!!!!!!!!!!!!!!!!!!!!!!!!!!!!!!!!!!!!!!!!!!!!!!!!!!
20220722 101754.146 INFO             PET2 Running with ESMF Version   : v8.4.0b07
20220722 101754.146 INFO             PET2 ESMF library build date/time: "Jul 22 2022" "03:33:08"
20220722 101754.146 INFO             PET2 ESMF library build location : /global/cscratch1/sd/rsdunlap/esmf-testing/intel_19.1.2_mpi_O_develop
20220722 101754.146 INFO             PET2 ESMF_COMM                   : mpi
20220722 101754.147 INFO             PET2 ESMF_MOAB                   : enabled
20220722 101754.147 INFO             PET2 ESMF_LAPACK                 : enabled
20220722 101754.147 INFO             PET2 ESMF_NETCDF                 : enabled
20220722 101754.148 INFO             PET2 ESMF_PNETCDF                : disabled
20220722 101754.148 INFO             PET2 ESMF_PIO                    : enabled
20220722 101754.148 INFO             PET2 ESMF_YAMLCPP                : enabled
20220722 101754.182 DEBUG            PET2 about to destroy Grid: 0x1000031ef40
20220722 101754.185 DEBUG            PET2 about to destroy Grid: 0x10000322ec0
20220722 101754.194 INFO             PET2  NUMBER_OF_PROCESSORS           4
20220722 101754.194 INFO             PET2  PASS  Example ESMF_NUOPCAtmModelEx, ESMF_NUOPCAtmModelEx.F90, line 806
20220722 101754.194 INFO             PET2 Finalizing ESMF
20220722 101754.146 INFO             PET3 !!!!!!!!!!!!!!!!!!!!!!!!!!!!!!!!!!!!!!!!!!!!!!!!!!!!!!
20220722 101754.146 INFO             PET3 !!! THE ESMF_LOG IS SET TO OUTPUT ALL LOG MESSAGES !!!
20220722 101754.146 INFO             PET3 !!!     THIS MAY CAUSE SLOWDOWN IN PERFORMANCE     !!!
20220722 101754.146 INFO             PET3 !!! FOR PRODUCTION RUNS, USE:                      !!!
20220722 101754.146 INFO             PET3 !!!                   ESMF_LOGKIND_Multi_On_Error  !!!
20220722 101754.146 INFO             PET3 !!!!!!!!!!!!!!!!!!!!!!!!!!!!!!!!!!!!!!!!!!!!!!!!!!!!!!
20220722 101754.146 INFO             PET3 Running with ESMF Version   : v8.4.0b07
20220722 101754.146 INFO             PET3 ESMF library build date/time: "Jul 22 2022" "03:33:08"
20220722 101754.146 INFO             PET3 ESMF library build location : /global/cscratch1/sd/rsdunlap/esmf-testing/intel_19.1.2_mpi_O_develop
20220722 101754.146 INFO             PET3 ESMF_COMM                   : mpi
20220722 101754.148 INFO             PET3 ESMF_MOAB                   : enabled
20220722 101754.148 INFO             PET3 ESMF_LAPACK                 : enabled
20220722 101754.148 INFO             PET3 ESMF_NETCDF                 : enabled
20220722 101754.148 INFO             PET3 ESMF_PNETCDF                : disabled
20220722 101754.148 INFO             PET3 ESMF_PIO                    : enabled
20220722 101754.148 INFO             PET3 ESMF_YAMLCPP                : enabled
20220722 101754.182 DEBUG            PET3 about to destroy Grid: 0x1000031ef30
20220722 101754.185 DEBUG            PET3 about to destroy Grid: 0x10000322e00
20220722 101754.194 INFO             PET3  NUMBER_OF_PROCESSORS           4
20220722 101754.194 INFO             PET3  PASS  Example ESMF_NUOPCAtmModelEx, ESMF_NUOPCAtmModelEx.F90, line 806
20220722 101754.194 INFO             PET3 Finalizing ESMF
