build time -- 2022-07-19 03:18:13
20220719 173411.520 INFO             PET0 !!!!!!!!!!!!!!!!!!!!!!!!!!!!!!!!!!!!!!!!!!!!!!!!!!!!!!
20220719 173411.520 INFO             PET0 !!! THE ESMF_LOG IS SET TO OUTPUT ALL LOG MESSAGES !!!
20220719 173411.520 INFO             PET0 !!!     THIS MAY CAUSE SLOWDOWN IN PERFORMANCE     !!!
20220719 173411.520 INFO             PET0 !!! FOR PRODUCTION RUNS, USE:                      !!!
20220719 173411.520 INFO             PET0 !!!                   ESMF_LOGKIND_Multi_On_Error  !!!
20220719 173411.520 INFO             PET0 !!!!!!!!!!!!!!!!!!!!!!!!!!!!!!!!!!!!!!!!!!!!!!!!!!!!!!
20220719 173411.520 INFO             PET0 Running with ESMF Version   : v8.4.0b05-10-g2a13bec76f
20220719 173411.520 INFO             PET0 ESMF library build date/time: "Jul 19 2022" "03:15:19"
20220719 173411.520 INFO             PET0 ESMF library build location : /global/cscratch1/sd/rsdunlap/esmf-testing/intel_19.1.2_mpi_O_develop
20220719 173411.520 INFO             PET0 ESMF_COMM                   : mpi
20220719 173411.522 INFO             PET0 ESMF_MOAB                   : enabled
20220719 173411.522 INFO             PET0 ESMF_LAPACK                 : enabled
20220719 173411.522 INFO             PET0 ESMF_NETCDF                 : enabled
20220719 173411.522 INFO             PET0 ESMF_PNETCDF                : disabled
20220719 173411.522 INFO             PET0 ESMF_PIO                    : enabled
20220719 173411.522 INFO             PET0 ESMF_YAMLCPP                : enabled
20220719 173411.526 INFO             PET0  NUMBER_OF_PROCESSORS           4
20220719 173411.526 INFO             PET0  PASS  Example ESMF_InternalStateEx, ESMF_InternalStateEx.F90, line 132
20220719 173411.526 INFO             PET0 Finalizing ESMF
20220719 173411.521 INFO             PET1 !!!!!!!!!!!!!!!!!!!!!!!!!!!!!!!!!!!!!!!!!!!!!!!!!!!!!!
20220719 173411.521 INFO             PET1 !!! THE ESMF_LOG IS SET TO OUTPUT ALL LOG MESSAGES !!!
20220719 173411.521 INFO             PET1 !!!     THIS MAY CAUSE SLOWDOWN IN PERFORMANCE     !!!
20220719 173411.521 INFO             PET1 !!! FOR PRODUCTION RUNS, USE:                      !!!
20220719 173411.521 INFO             PET1 !!!                   ESMF_LOGKIND_Multi_On_Error  !!!
20220719 173411.521 INFO             PET1 !!!!!!!!!!!!!!!!!!!!!!!!!!!!!!!!!!!!!!!!!!!!!!!!!!!!!!
20220719 173411.521 INFO             PET1 Running with ESMF Version   : v8.4.0b05-10-g2a13bec76f
20220719 173411.521 INFO             PET1 ESMF library build date/time: "Jul 19 2022" "03:15:19"
20220719 173411.521 INFO             PET1 ESMF library build location : /global/cscratch1/sd/rsdunlap/esmf-testing/intel_19.1.2_mpi_O_develop
20220719 173411.521 INFO             PET1 ESMF_COMM                   : mpi
20220719 173411.522 INFO             PET1 ESMF_MOAB                   : enabled
20220719 173411.522 INFO             PET1 ESMF_LAPACK                 : enabled
20220719 173411.522 INFO             PET1 ESMF_NETCDF                 : enabled
20220719 173411.522 INFO             PET1 ESMF_PNETCDF                : disabled
20220719 173411.522 INFO             PET1 ESMF_PIO                    : enabled
20220719 173411.522 INFO             PET1 ESMF_YAMLCPP                : enabled
20220719 173411.526 INFO             PET1  NUMBER_OF_PROCESSORS           4
20220719 173411.526 INFO             PET1  PASS  Example ESMF_InternalStateEx, ESMF_InternalStateEx.F90, line 132
20220719 173411.526 INFO             PET1 Finalizing ESMF
20220719 173411.520 INFO             PET2 !!!!!!!!!!!!!!!!!!!!!!!!!!!!!!!!!!!!!!!!!!!!!!!!!!!!!!
20220719 173411.520 INFO             PET2 !!! THE ESMF_LOG IS SET TO OUTPUT ALL LOG MESSAGES !!!
20220719 173411.520 INFO             PET2 !!!     THIS MAY CAUSE SLOWDOWN IN PERFORMANCE     !!!
20220719 173411.520 INFO             PET2 !!! FOR PRODUCTION RUNS, USE:                      !!!
20220719 173411.520 INFO             PET2 !!!                   ESMF_LOGKIND_Multi_On_Error  !!!
20220719 173411.520 INFO             PET2 !!!!!!!!!!!!!!!!!!!!!!!!!!!!!!!!!!!!!!!!!!!!!!!!!!!!!!
20220719 173411.520 INFO             PET2 Running with ESMF Version   : v8.4.0b05-10-g2a13bec76f
20220719 173411.520 INFO             PET2 ESMF library build date/time: "Jul 19 2022" "03:15:19"
20220719 173411.520 INFO             PET2 ESMF library build location : /global/cscratch1/sd/rsdunlap/esmf-testing/intel_19.1.2_mpi_O_develop
20220719 173411.520 INFO             PET2 ESMF_COMM                   : mpi
20220719 173411.522 INFO             PET2 ESMF_MOAB                   : enabled
20220719 173411.522 INFO             PET2 ESMF_LAPACK                 : enabled
20220719 173411.522 INFO             PET2 ESMF_NETCDF                 : enabled
20220719 173411.522 INFO             PET2 ESMF_PNETCDF                : disabled
20220719 173411.522 INFO             PET2 ESMF_PIO                    : enabled
20220719 173411.522 INFO             PET2 ESMF_YAMLCPP                : enabled
20220719 173411.526 INFO             PET2  NUMBER_OF_PROCESSORS           4
20220719 173411.526 INFO             PET2  PASS  Example ESMF_InternalStateEx, ESMF_InternalStateEx.F90, line 132
20220719 173411.526 INFO             PET2 Finalizing ESMF
20220719 173411.520 INFO             PET3 !!!!!!!!!!!!!!!!!!!!!!!!!!!!!!!!!!!!!!!!!!!!!!!!!!!!!!
20220719 173411.520 INFO             PET3 !!! THE ESMF_LOG IS SET TO OUTPUT ALL LOG MESSAGES !!!
20220719 173411.520 INFO             PET3 !!!     THIS MAY CAUSE SLOWDOWN IN PERFORMANCE     !!!
20220719 173411.520 INFO             PET3 !!! FOR PRODUCTION RUNS, USE:                      !!!
20220719 173411.520 INFO             PET3 !!!                   ESMF_LOGKIND_Multi_On_Error  !!!
20220719 173411.520 INFO             PET3 !!!!!!!!!!!!!!!!!!!!!!!!!!!!!!!!!!!!!!!!!!!!!!!!!!!!!!
20220719 173411.520 INFO             PET3 Running with ESMF Version   : v8.4.0b05-10-g2a13bec76f
20220719 173411.520 INFO             PET3 ESMF library build date/time: "Jul 19 2022" "03:15:19"
20220719 173411.520 INFO             PET3 ESMF library build location : /global/cscratch1/sd/rsdunlap/esmf-testing/intel_19.1.2_mpi_O_develop
20220719 173411.520 INFO             PET3 ESMF_COMM                   : mpi
20220719 173411.525 INFO             PET3 ESMF_MOAB                   : enabled
20220719 173411.525 INFO             PET3 ESMF_LAPACK                 : enabled
20220719 173411.525 INFO             PET3 ESMF_NETCDF                 : enabled
20220719 173411.525 INFO             PET3 ESMF_PNETCDF                : disabled
20220719 173411.525 INFO             PET3 ESMF_PIO                    : enabled
20220719 173411.525 INFO             PET3 ESMF_YAMLCPP                : enabled
20220719 173411.526 INFO             PET3  NUMBER_OF_PROCESSORS           4
20220719 173411.526 INFO             PET3  PASS  Example ESMF_InternalStateEx, ESMF_InternalStateEx.F90, line 132
20220719 173411.526 INFO             PET3 Finalizing ESMF
