build time -- 2022-07-05 02:51:24
20220705 061424.266 INFO             PET0 !!!!!!!!!!!!!!!!!!!!!!!!!!!!!!!!!!!!!!!!!!!!!!!!!!!!!!
20220705 061424.266 INFO             PET0 !!! THE ESMF_LOG IS SET TO OUTPUT ALL LOG MESSAGES !!!
20220705 061424.266 INFO             PET0 !!!     THIS MAY CAUSE SLOWDOWN IN PERFORMANCE     !!!
20220705 061424.266 INFO             PET0 !!! FOR PRODUCTION RUNS, USE:                      !!!
20220705 061424.266 INFO             PET0 !!!                   ESMF_LOGKIND_Multi_On_Error  !!!
20220705 061424.266 INFO             PET0 !!!!!!!!!!!!!!!!!!!!!!!!!!!!!!!!!!!!!!!!!!!!!!!!!!!!!!
20220705 061424.266 INFO             PET0 Running with ESMF Version   : v8.4.0b02-7-g9328c9b05f
20220705 061424.266 INFO             PET0 ESMF library build date/time: "Jul  5 2022" "02:49:19"
20220705 061424.266 INFO             PET0 ESMF library build location : /global/cscratch1/sd/rsdunlap/esmf-testing/intel_19.1.2_mpi_O_develop
20220705 061424.266 INFO             PET0 ESMF_COMM                   : mpi
20220705 061424.268 INFO             PET0 ESMF_MOAB                   : enabled
20220705 061424.268 INFO             PET0 ESMF_LAPACK                 : enabled
20220705 061424.268 INFO             PET0 ESMF_NETCDF                 : enabled
20220705 061424.268 INFO             PET0 ESMF_PNETCDF                : disabled
20220705 061424.268 INFO             PET0 ESMF_PIO                    : enabled
20220705 061424.268 INFO             PET0 ESMF_YAMLCPP                : enabled
20220705 061424.269 INFO             PET0  NUMBER_OF_PROCESSORS           1
20220705 061424.269 INFO             PET0  PASS  Example ESMF_TimeEx, ESMF_TimeEx.F90, line 141
20220705 061424.269 INFO             PET0 Finalizing ESMF
