build time -- 2022-07-11 03:01:33
20220711 100806.422 INFO             PET0 !!!!!!!!!!!!!!!!!!!!!!!!!!!!!!!!!!!!!!!!!!!!!!!!!!!!!!
20220711 100806.422 INFO             PET0 !!! THE ESMF_LOG IS SET TO OUTPUT ALL LOG MESSAGES !!!
20220711 100806.422 INFO             PET0 !!!     THIS MAY CAUSE SLOWDOWN IN PERFORMANCE     !!!
20220711 100806.422 INFO             PET0 !!! FOR PRODUCTION RUNS, USE:                      !!!
20220711 100806.422 INFO             PET0 !!!                   ESMF_LOGKIND_Multi_On_Error  !!!
20220711 100806.422 INFO             PET0 !!!!!!!!!!!!!!!!!!!!!!!!!!!!!!!!!!!!!!!!!!!!!!!!!!!!!!
20220711 100806.422 INFO             PET0 Running with ESMF Version   : v8.4.0b03-3-g14a79d558f
20220711 100806.422 INFO             PET0 ESMF library build date/time: "Jul 11 2022" "02:59:57"
20220711 100806.422 INFO             PET0 ESMF library build location : /global/cscratch1/sd/rsdunlap/esmf-testing/intel_19.1.2_mpi_O_develop
20220711 100806.422 INFO             PET0 ESMF_COMM                   : mpi
20220711 100807.198 INFO             PET0 ESMF_MOAB                   : enabled
20220711 100807.199 INFO             PET0 ESMF_LAPACK                 : enabled
20220711 100807.199 INFO             PET0 ESMF_NETCDF                 : enabled
20220711 100807.199 INFO             PET0 ESMF_PNETCDF                : disabled
20220711 100807.199 INFO             PET0 ESMF_PIO                    : enabled
20220711 100807.199 INFO             PET0 ESMF_YAMLCPP                : enabled
20220711 100807.215 INFO             PET0 ESMF_FieldRedistStoreNF(): Just entered routine.
20220711 100807.264 INFO             PET0 ESMF_FieldRedistStoreNF(): Leaving routine.
20220711 100807.268 INFO             PET0  NUMBER_OF_PROCESSORS           4
20220711 100807.268 INFO             PET0  PASS  Example ESMF_RHandleFromRHandleEx, ESMF_RHandleFromRHandleEx.F90, line 660
20220711 100807.268 INFO             PET0 Finalizing ESMF
20220711 100806.427 INFO             PET1 !!!!!!!!!!!!!!!!!!!!!!!!!!!!!!!!!!!!!!!!!!!!!!!!!!!!!!
20220711 100806.427 INFO             PET1 !!! THE ESMF_LOG IS SET TO OUTPUT ALL LOG MESSAGES !!!
20220711 100806.427 INFO             PET1 !!!     THIS MAY CAUSE SLOWDOWN IN PERFORMANCE     !!!
20220711 100806.427 INFO             PET1 !!! FOR PRODUCTION RUNS, USE:                      !!!
20220711 100806.427 INFO             PET1 !!!                   ESMF_LOGKIND_Multi_On_Error  !!!
20220711 100806.427 INFO             PET1 !!!!!!!!!!!!!!!!!!!!!!!!!!!!!!!!!!!!!!!!!!!!!!!!!!!!!!
20220711 100806.427 INFO             PET1 Running with ESMF Version   : v8.4.0b03-3-g14a79d558f
20220711 100806.427 INFO             PET1 ESMF library build date/time: "Jul 11 2022" "02:59:57"
20220711 100806.427 INFO             PET1 ESMF library build location : /global/cscratch1/sd/rsdunlap/esmf-testing/intel_19.1.2_mpi_O_develop
20220711 100806.427 INFO             PET1 ESMF_COMM                   : mpi
20220711 100807.198 INFO             PET1 ESMF_MOAB                   : enabled
20220711 100807.198 INFO             PET1 ESMF_LAPACK                 : enabled
20220711 100807.198 INFO             PET1 ESMF_NETCDF                 : enabled
20220711 100807.198 INFO             PET1 ESMF_PNETCDF                : disabled
20220711 100807.198 INFO             PET1 ESMF_PIO                    : enabled
20220711 100807.198 INFO             PET1 ESMF_YAMLCPP                : enabled
20220711 100807.215 INFO             PET1 ESMF_FieldRedistStoreNF(): Just entered routine.
20220711 100807.264 INFO             PET1 ESMF_FieldRedistStoreNF(): Leaving routine.
20220711 100807.268 INFO             PET1  NUMBER_OF_PROCESSORS           4
20220711 100807.268 INFO             PET1  PASS  Example ESMF_RHandleFromRHandleEx, ESMF_RHandleFromRHandleEx.F90, line 660
20220711 100807.268 INFO             PET1 Finalizing ESMF
20220711 100806.425 INFO             PET2 !!!!!!!!!!!!!!!!!!!!!!!!!!!!!!!!!!!!!!!!!!!!!!!!!!!!!!
20220711 100806.425 INFO             PET2 !!! THE ESMF_LOG IS SET TO OUTPUT ALL LOG MESSAGES !!!
20220711 100806.425 INFO             PET2 !!!     THIS MAY CAUSE SLOWDOWN IN PERFORMANCE     !!!
20220711 100806.425 INFO             PET2 !!! FOR PRODUCTION RUNS, USE:                      !!!
20220711 100806.425 INFO             PET2 !!!                   ESMF_LOGKIND_Multi_On_Error  !!!
20220711 100806.425 INFO             PET2 !!!!!!!!!!!!!!!!!!!!!!!!!!!!!!!!!!!!!!!!!!!!!!!!!!!!!!
20220711 100806.425 INFO             PET2 Running with ESMF Version   : v8.4.0b03-3-g14a79d558f
20220711 100806.425 INFO             PET2 ESMF library build date/time: "Jul 11 2022" "02:59:57"
20220711 100806.425 INFO             PET2 ESMF library build location : /global/cscratch1/sd/rsdunlap/esmf-testing/intel_19.1.2_mpi_O_develop
20220711 100806.425 INFO             PET2 ESMF_COMM                   : mpi
20220711 100807.200 INFO             PET2 ESMF_MOAB                   : enabled
20220711 100807.200 INFO             PET2 ESMF_LAPACK                 : enabled
20220711 100807.200 INFO             PET2 ESMF_NETCDF                 : enabled
20220711 100807.200 INFO             PET2 ESMF_PNETCDF                : disabled
20220711 100807.200 INFO             PET2 ESMF_PIO                    : enabled
20220711 100807.200 INFO             PET2 ESMF_YAMLCPP                : enabled
20220711 100807.215 INFO             PET2 ESMF_FieldRedistStoreNF(): Just entered routine.
20220711 100807.264 INFO             PET2 ESMF_FieldRedistStoreNF(): Leaving routine.
20220711 100807.266 INFO             PET2  NUMBER_OF_PROCESSORS           4
20220711 100807.267 INFO             PET2  PASS  Example ESMF_RHandleFromRHandleEx, ESMF_RHandleFromRHandleEx.F90, line 660
20220711 100807.267 INFO             PET2 Finalizing ESMF
20220711 100806.427 INFO             PET3 !!!!!!!!!!!!!!!!!!!!!!!!!!!!!!!!!!!!!!!!!!!!!!!!!!!!!!
20220711 100806.427 INFO             PET3 !!! THE ESMF_LOG IS SET TO OUTPUT ALL LOG MESSAGES !!!
20220711 100806.427 INFO             PET3 !!!     THIS MAY CAUSE SLOWDOWN IN PERFORMANCE     !!!
20220711 100806.427 INFO             PET3 !!! FOR PRODUCTION RUNS, USE:                      !!!
20220711 100806.427 INFO             PET3 !!!                   ESMF_LOGKIND_Multi_On_Error  !!!
20220711 100806.427 INFO             PET3 !!!!!!!!!!!!!!!!!!!!!!!!!!!!!!!!!!!!!!!!!!!!!!!!!!!!!!
20220711 100806.427 INFO             PET3 Running with ESMF Version   : v8.4.0b03-3-g14a79d558f
20220711 100806.427 INFO             PET3 ESMF library build date/time: "Jul 11 2022" "02:59:57"
20220711 100806.427 INFO             PET3 ESMF library build location : /global/cscratch1/sd/rsdunlap/esmf-testing/intel_19.1.2_mpi_O_develop
20220711 100806.427 INFO             PET3 ESMF_COMM                   : mpi
20220711 100807.198 INFO             PET3 ESMF_MOAB                   : enabled
20220711 100807.198 INFO             PET3 ESMF_LAPACK                 : enabled
20220711 100807.198 INFO             PET3 ESMF_NETCDF                 : enabled
20220711 100807.198 INFO             PET3 ESMF_PNETCDF                : disabled
20220711 100807.198 INFO             PET3 ESMF_PIO                    : enabled
20220711 100807.198 INFO             PET3 ESMF_YAMLCPP                : enabled
20220711 100807.215 INFO             PET3 ESMF_FieldRedistStoreNF(): Just entered routine.
20220711 100807.264 INFO             PET3 ESMF_FieldRedistStoreNF(): Leaving routine.
20220711 100807.269 INFO             PET3  NUMBER_OF_PROCESSORS           4
20220711 100807.269 INFO             PET3  PASS  Example ESMF_RHandleFromRHandleEx, ESMF_RHandleFromRHandleEx.F90, line 660
20220711 100807.269 INFO             PET3 Finalizing ESMF
