build time -- 2022-07-20 02:38:49
20220720 033520.870 INFO             PET0 !!!!!!!!!!!!!!!!!!!!!!!!!!!!!!!!!!!!!!!!!!!!!!!!!!!!!!
20220720 033520.870 INFO             PET0 !!! THE ESMF_LOG IS SET TO OUTPUT ALL LOG MESSAGES !!!
20220720 033520.870 INFO             PET0 !!!     THIS MAY CAUSE SLOWDOWN IN PERFORMANCE     !!!
20220720 033520.870 INFO             PET0 !!! FOR PRODUCTION RUNS, USE:                      !!!
20220720 033520.870 INFO             PET0 !!!                   ESMF_LOGKIND_Multi_On_Error  !!!
20220720 033520.870 INFO             PET0 !!!!!!!!!!!!!!!!!!!!!!!!!!!!!!!!!!!!!!!!!!!!!!!!!!!!!!
20220720 033520.870 INFO             PET0 Running with ESMF Version   : v8.4.0b06-4-gd14c4971e8
20220720 033520.870 INFO             PET0 ESMF library build date/time: "Jul 20 2022" "02:37:21"
20220720 033520.870 INFO             PET0 ESMF library build location : /global/cscratch1/sd/rsdunlap/esmf-testing/intel_19.1.2_mpi_O_develop
20220720 033520.870 INFO             PET0 ESMF_COMM                   : mpi
20220720 033520.872 INFO             PET0 ESMF_MOAB                   : enabled
20220720 033520.872 INFO             PET0 ESMF_LAPACK                 : enabled
20220720 033520.872 INFO             PET0 ESMF_NETCDF                 : enabled
20220720 033520.872 INFO             PET0 ESMF_PNETCDF                : disabled
20220720 033520.872 INFO             PET0 ESMF_PIO                    : enabled
20220720 033520.872 INFO             PET0 ESMF_YAMLCPP                : enabled
20220720 033520.873 INFO             PET0  NUMBER_OF_PROCESSORS           1
20220720 033520.873 INFO             PET0  PASS  Example ESMF_AlarmEx, ESMF_AlarmEx.F90, line 244
20220720 033520.873 INFO             PET0 Finalizing ESMF
