build time -- 2022-06-29 00:40:37
20220629 025207.133 INFO             PET0 !!!!!!!!!!!!!!!!!!!!!!!!!!!!!!!!!!!!!!!!!!!!!!!!!!!!!!
20220629 025207.134 INFO             PET0 !!! THE ESMF_LOG IS SET TO OUTPUT ALL LOG MESSAGES !!!
20220629 025207.134 INFO             PET0 !!!     THIS MAY CAUSE SLOWDOWN IN PERFORMANCE     !!!
20220629 025207.134 INFO             PET0 !!! FOR PRODUCTION RUNS, USE:                      !!!
20220629 025207.134 INFO             PET0 !!!                   ESMF_LOGKIND_Multi_On_Error  !!!
20220629 025207.134 INFO             PET0 !!!!!!!!!!!!!!!!!!!!!!!!!!!!!!!!!!!!!!!!!!!!!!!!!!!!!!
20220629 025207.134 INFO             PET0 Running with ESMF Version   : v8.4.0b01-2-gf0d4ab211d
20220629 025207.134 INFO             PET0 ESMF library build date/time: "Jun 29 2022" "00:38:24"
20220629 025207.134 INFO             PET0 ESMF library build location : /lustre/f2/dev/ncep/Mark.Potts/gfortran_8.3.0_mpi_g_develop
20220629 025207.134 INFO             PET0 ESMF_COMM                   : mpi
20220629 025207.135 INFO             PET0 ESMF_MOAB                   : enabled
20220629 025207.135 INFO             PET0 ESMF_LAPACK                 : enabled
20220629 025207.135 INFO             PET0 ESMF_NETCDF                 : enabled
20220629 025207.135 INFO             PET0 ESMF_PNETCDF                : disabled
20220629 025207.135 INFO             PET0 ESMF_PIO                    : enabled
20220629 025207.135 INFO             PET0 ESMF_YAMLCPP                : enabled
20220629 025207.148 INFO             PET0  NUMBER_OF_PROCESSORS           1
20220629 025207.148 INFO             PET0  PASS  Example ESMF_AlarmEx, ESMF_AlarmEx.F90, line 244
20220629 025207.148 INFO             PET0 Finalizing ESMF
