build time -- 2022-07-03 00:42:10
20220703 021256.245 INFO             PET0 !!!!!!!!!!!!!!!!!!!!!!!!!!!!!!!!!!!!!!!!!!!!!!!!!!!!!!
20220703 021256.246 INFO             PET0 !!! THE ESMF_LOG IS SET TO OUTPUT ALL LOG MESSAGES !!!
20220703 021256.246 INFO             PET0 !!!     THIS MAY CAUSE SLOWDOWN IN PERFORMANCE     !!!
20220703 021256.246 INFO             PET0 !!! FOR PRODUCTION RUNS, USE:                      !!!
20220703 021256.246 INFO             PET0 !!!                   ESMF_LOGKIND_Multi_On_Error  !!!
20220703 021256.246 INFO             PET0 !!!!!!!!!!!!!!!!!!!!!!!!!!!!!!!!!!!!!!!!!!!!!!!!!!!!!!
20220703 021256.246 INFO             PET0 Running with ESMF Version   : v8.4.0b02-7-g9328c9b05f
20220703 021256.246 INFO             PET0 ESMF library build date/time: "Jul  3 2022" "00:40:03"
20220703 021256.246 INFO             PET0 ESMF library build location : /lustre/f2/dev/ncep/Mark.Potts/gfortran_8.3.0_mpi_g_develop
20220703 021256.246 INFO             PET0 ESMF_COMM                   : mpi
20220703 021256.248 INFO             PET0 ESMF_MOAB                   : enabled
20220703 021256.248 INFO             PET0 ESMF_LAPACK                 : enabled
20220703 021256.248 INFO             PET0 ESMF_NETCDF                 : enabled
20220703 021256.248 INFO             PET0 ESMF_PNETCDF                : disabled
20220703 021256.248 INFO             PET0 ESMF_PIO                    : enabled
20220703 021256.248 INFO             PET0 ESMF_YAMLCPP                : enabled
20220703 021256.251 INFO             PET0  NUMBER_OF_PROCESSORS           1
20220703 021256.251 INFO             PET0  PASS  Example ESMF_TimeEx, ESMF_TimeEx.F90, line 141
20220703 021256.251 INFO             PET0 Finalizing ESMF
