build time -- 2022-06-30 00:39:59
20220630 021617.301 INFO             PET0 !!!!!!!!!!!!!!!!!!!!!!!!!!!!!!!!!!!!!!!!!!!!!!!!!!!!!!
20220630 021617.301 INFO             PET0 !!! THE ESMF_LOG IS SET TO OUTPUT ALL LOG MESSAGES !!!
20220630 021617.301 INFO             PET0 !!!     THIS MAY CAUSE SLOWDOWN IN PERFORMANCE     !!!
20220630 021617.301 INFO             PET0 !!! FOR PRODUCTION RUNS, USE:                      !!!
20220630 021617.301 INFO             PET0 !!!                   ESMF_LOGKIND_Multi_On_Error  !!!
20220630 021617.301 INFO             PET0 !!!!!!!!!!!!!!!!!!!!!!!!!!!!!!!!!!!!!!!!!!!!!!!!!!!!!!
20220630 021617.301 INFO             PET0 Running with ESMF Version   : v8.4.0b01-4-g992fafaac4
20220630 021617.301 INFO             PET0 ESMF library build date/time: "Jun 30 2022" "00:37:53"
20220630 021617.301 INFO             PET0 ESMF library build location : /lustre/f2/dev/ncep/Mark.Potts/gfortran_8.3.0_mpi_g_develop
20220630 021617.301 INFO             PET0 ESMF_COMM                   : mpi
20220630 021617.302 INFO             PET0 ESMF_MOAB                   : enabled
20220630 021617.302 INFO             PET0 ESMF_LAPACK                 : enabled
20220630 021617.302 INFO             PET0 ESMF_NETCDF                 : enabled
20220630 021617.302 INFO             PET0 ESMF_PNETCDF                : disabled
20220630 021617.302 INFO             PET0 ESMF_PIO                    : enabled
20220630 021617.302 INFO             PET0 ESMF_YAMLCPP                : enabled
20220630 021617.314 INFO             PET0  NUMBER_OF_PROCESSORS           4
20220630 021617.314 INFO             PET0  PASS  Example ESMF_VMUserMpiCommMultiEx, ESMF_VMUserMpiCommMultiEx.F90, line 126
20220630 021617.314 INFO             PET0 Finalizing ESMF
20220630 021617.305 INFO             PET0 !!!!!!!!!!!!!!!!!!!!!!!!!!!!!!!!!!!!!!!!!!!!!!!!!!!!!!
20220630 021617.305 INFO             PET0 !!! THE ESMF_LOG IS SET TO OUTPUT ALL LOG MESSAGES !!!
20220630 021617.305 INFO             PET0 !!!     THIS MAY CAUSE SLOWDOWN IN PERFORMANCE     !!!
20220630 021617.305 INFO             PET0 !!! FOR PRODUCTION RUNS, USE:                      !!!
20220630 021617.305 INFO             PET0 !!!                   ESMF_LOGKIND_Multi_On_Error  !!!
20220630 021617.305 INFO             PET0 !!!!!!!!!!!!!!!!!!!!!!!!!!!!!!!!!!!!!!!!!!!!!!!!!!!!!!
20220630 021617.305 INFO             PET0 Running with ESMF Version   : v8.4.0b01-4-g992fafaac4
20220630 021617.305 INFO             PET0 ESMF library build date/time: "Jun 30 2022" "00:37:53"
20220630 021617.305 INFO             PET0 ESMF library build location : /lustre/f2/dev/ncep/Mark.Potts/gfortran_8.3.0_mpi_g_develop
20220630 021617.305 INFO             PET0 ESMF_COMM                   : mpi
20220630 021617.305 INFO             PET0 ESMF_MOAB                   : enabled
20220630 021617.305 INFO             PET0 ESMF_LAPACK                 : enabled
20220630 021617.305 INFO             PET0 ESMF_NETCDF                 : enabled
20220630 021617.305 INFO             PET0 ESMF_PNETCDF                : disabled
20220630 021617.305 INFO             PET0 ESMF_PIO                    : enabled
20220630 021617.305 INFO             PET0 ESMF_YAMLCPP                : enabled
20220630 021617.307 INFO             PET0  NUMBER_OF_PROCESSORS           4
20220630 021617.307 INFO             PET0  PASS  Example ESMF_VMUserMpiCommMultiEx, ESMF_VMUserMpiCommMultiEx.F90, line 154
20220630 021617.307 INFO             PET0 Finalizing ESMF
20220630 021617.312 INFO             PET1 !!!!!!!!!!!!!!!!!!!!!!!!!!!!!!!!!!!!!!!!!!!!!!!!!!!!!!
20220630 021617.313 INFO             PET1 !!! THE ESMF_LOG IS SET TO OUTPUT ALL LOG MESSAGES !!!
20220630 021617.313 INFO             PET1 !!!     THIS MAY CAUSE SLOWDOWN IN PERFORMANCE     !!!
20220630 021617.313 INFO             PET1 !!! FOR PRODUCTION RUNS, USE:                      !!!
20220630 021617.313 INFO             PET1 !!!                   ESMF_LOGKIND_Multi_On_Error  !!!
20220630 021617.313 INFO             PET1 !!!!!!!!!!!!!!!!!!!!!!!!!!!!!!!!!!!!!!!!!!!!!!!!!!!!!!
20220630 021617.313 INFO             PET1 Running with ESMF Version   : v8.4.0b01-4-g992fafaac4
20220630 021617.313 INFO             PET1 ESMF library build date/time: "Jun 30 2022" "00:37:53"
20220630 021617.313 INFO             PET1 ESMF library build location : /lustre/f2/dev/ncep/Mark.Potts/gfortran_8.3.0_mpi_g_develop
20220630 021617.313 INFO             PET1 ESMF_COMM                   : mpi
20220630 021617.314 INFO             PET1 ESMF_MOAB                   : enabled
20220630 021617.314 INFO             PET1 ESMF_LAPACK                 : enabled
20220630 021617.314 INFO             PET1 ESMF_NETCDF                 : enabled
20220630 021617.314 INFO             PET1 ESMF_PNETCDF                : disabled
20220630 021617.314 INFO             PET1 ESMF_PIO                    : enabled
20220630 021617.314 INFO             PET1 ESMF_YAMLCPP                : enabled
20220630 021617.314 INFO             PET1  NUMBER_OF_PROCESSORS           4
20220630 021617.314 INFO             PET1  PASS  Example ESMF_VMUserMpiCommMultiEx, ESMF_VMUserMpiCommMultiEx.F90, line 126
20220630 021617.314 INFO             PET1 Finalizing ESMF
20220630 021617.307 INFO             PET1 !!!!!!!!!!!!!!!!!!!!!!!!!!!!!!!!!!!!!!!!!!!!!!!!!!!!!!
20220630 021617.307 INFO             PET1 !!! THE ESMF_LOG IS SET TO OUTPUT ALL LOG MESSAGES !!!
20220630 021617.307 INFO             PET1 !!!     THIS MAY CAUSE SLOWDOWN IN PERFORMANCE     !!!
20220630 021617.307 INFO             PET1 !!! FOR PRODUCTION RUNS, USE:                      !!!
20220630 021617.307 INFO             PET1 !!!                   ESMF_LOGKIND_Multi_On_Error  !!!
20220630 021617.307 INFO             PET1 !!!!!!!!!!!!!!!!!!!!!!!!!!!!!!!!!!!!!!!!!!!!!!!!!!!!!!
20220630 021617.307 INFO             PET1 Running with ESMF Version   : v8.4.0b01-4-g992fafaac4
20220630 021617.307 INFO             PET1 ESMF library build date/time: "Jun 30 2022" "00:37:53"
20220630 021617.307 INFO             PET1 ESMF library build location : /lustre/f2/dev/ncep/Mark.Potts/gfortran_8.3.0_mpi_g_develop
20220630 021617.307 INFO             PET1 ESMF_COMM                   : mpi
20220630 021617.307 INFO             PET1 ESMF_MOAB                   : enabled
20220630 021617.307 INFO             PET1 ESMF_LAPACK                 : enabled
20220630 021617.307 INFO             PET1 ESMF_NETCDF                 : enabled
20220630 021617.307 INFO             PET1 ESMF_PNETCDF                : disabled
20220630 021617.307 INFO             PET1 ESMF_PIO                    : enabled
20220630 021617.307 INFO             PET1 ESMF_YAMLCPP                : enabled
20220630 021617.307 INFO             PET1  NUMBER_OF_PROCESSORS           4
20220630 021617.307 INFO             PET1  PASS  Example ESMF_VMUserMpiCommMultiEx, ESMF_VMUserMpiCommMultiEx.F90, line 154
20220630 021617.307 INFO             PET1 Finalizing ESMF
