build time -- 2022-06-09 00:35:40
20220609 021050.222 INFO             PET0 !!!!!!!!!!!!!!!!!!!!!!!!!!!!!!!!!!!!!!!!!!!!!!!!!!!!!!
20220609 021050.222 INFO             PET0 !!! THE ESMF_LOG IS SET TO OUTPUT ALL LOG MESSAGES !!!
20220609 021050.222 INFO             PET0 !!!     THIS MAY CAUSE SLOWDOWN IN PERFORMANCE     !!!
20220609 021050.222 INFO             PET0 !!! FOR PRODUCTION RUNS, USE:                      !!!
20220609 021050.222 INFO             PET0 !!!                   ESMF_LOGKIND_Multi_On_Error  !!!
20220609 021050.222 INFO             PET0 !!!!!!!!!!!!!!!!!!!!!!!!!!!!!!!!!!!!!!!!!!!!!!!!!!!!!!
20220609 021050.222 INFO             PET0 Running with ESMF Version   : v8.4.0b01-2-gf0d4ab211d
20220609 021050.222 INFO             PET0 ESMF library build date/time: "Jun  9 2022" "00:33:39"
20220609 021050.222 INFO             PET0 ESMF library build location : /lustre/f2/dev/ncep/Mark.Potts/gfortran_8.3.0_mpi_g_develop
20220609 021050.222 INFO             PET0 ESMF_COMM                   : mpi
20220609 021050.223 INFO             PET0 ESMF_MOAB                   : enabled
20220609 021050.223 INFO             PET0 ESMF_LAPACK                 : enabled
20220609 021050.223 INFO             PET0 ESMF_NETCDF                 : enabled
20220609 021050.223 INFO             PET0 ESMF_PNETCDF                : disabled
20220609 021050.223 INFO             PET0 ESMF_PIO                    : enabled
20220609 021050.223 INFO             PET0 ESMF_YAMLCPP                : enabled
20220609 021050.241 INFO             PET0 ESMF_FieldRedistStoreNF(): Just entered routine.
20220609 021050.408 INFO             PET0 ESMF_FieldRedistStoreNF(): Leaving routine.
20220609 021050.431 INFO             PET0  NUMBER_OF_PROCESSORS           4
20220609 021050.431 INFO             PET0  PASS  Example ESMF_RHandleFromFileEx, ESMF_RHandleFromFileEx.F90, line 192
20220609 021050.431 INFO             PET0 Finalizing ESMF
20220609 021050.237 INFO             PET1 !!!!!!!!!!!!!!!!!!!!!!!!!!!!!!!!!!!!!!!!!!!!!!!!!!!!!!
20220609 021050.237 INFO             PET1 !!! THE ESMF_LOG IS SET TO OUTPUT ALL LOG MESSAGES !!!
20220609 021050.237 INFO             PET1 !!!     THIS MAY CAUSE SLOWDOWN IN PERFORMANCE     !!!
20220609 021050.237 INFO             PET1 !!! FOR PRODUCTION RUNS, USE:                      !!!
20220609 021050.237 INFO             PET1 !!!                   ESMF_LOGKIND_Multi_On_Error  !!!
20220609 021050.237 INFO             PET1 !!!!!!!!!!!!!!!!!!!!!!!!!!!!!!!!!!!!!!!!!!!!!!!!!!!!!!
20220609 021050.237 INFO             PET1 Running with ESMF Version   : v8.4.0b01-2-gf0d4ab211d
20220609 021050.237 INFO             PET1 ESMF library build date/time: "Jun  9 2022" "00:33:39"
20220609 021050.237 INFO             PET1 ESMF library build location : /lustre/f2/dev/ncep/Mark.Potts/gfortran_8.3.0_mpi_g_develop
20220609 021050.237 INFO             PET1 ESMF_COMM                   : mpi
20220609 021050.237 INFO             PET1 ESMF_MOAB                   : enabled
20220609 021050.237 INFO             PET1 ESMF_LAPACK                 : enabled
20220609 021050.237 INFO             PET1 ESMF_NETCDF                 : enabled
20220609 021050.237 INFO             PET1 ESMF_PNETCDF                : disabled
20220609 021050.237 INFO             PET1 ESMF_PIO                    : enabled
20220609 021050.237 INFO             PET1 ESMF_YAMLCPP                : enabled
20220609 021050.240 INFO             PET1 ESMF_FieldRedistStoreNF(): Just entered routine.
20220609 021050.408 INFO             PET1 ESMF_FieldRedistStoreNF(): Leaving routine.
20220609 021050.431 INFO             PET1  NUMBER_OF_PROCESSORS           4
20220609 021050.431 INFO             PET1  PASS  Example ESMF_RHandleFromFileEx, ESMF_RHandleFromFileEx.F90, line 192
20220609 021050.431 INFO             PET1 Finalizing ESMF
20220609 021050.230 INFO             PET2 !!!!!!!!!!!!!!!!!!!!!!!!!!!!!!!!!!!!!!!!!!!!!!!!!!!!!!
20220609 021050.230 INFO             PET2 !!! THE ESMF_LOG IS SET TO OUTPUT ALL LOG MESSAGES !!!
20220609 021050.230 INFO             PET2 !!!     THIS MAY CAUSE SLOWDOWN IN PERFORMANCE     !!!
20220609 021050.230 INFO             PET2 !!! FOR PRODUCTION RUNS, USE:                      !!!
20220609 021050.230 INFO             PET2 !!!                   ESMF_LOGKIND_Multi_On_Error  !!!
20220609 021050.230 INFO             PET2 !!!!!!!!!!!!!!!!!!!!!!!!!!!!!!!!!!!!!!!!!!!!!!!!!!!!!!
20220609 021050.230 INFO             PET2 Running with ESMF Version   : v8.4.0b01-2-gf0d4ab211d
20220609 021050.230 INFO             PET2 ESMF library build date/time: "Jun  9 2022" "00:33:39"
20220609 021050.230 INFO             PET2 ESMF library build location : /lustre/f2/dev/ncep/Mark.Potts/gfortran_8.3.0_mpi_g_develop
20220609 021050.230 INFO             PET2 ESMF_COMM                   : mpi
20220609 021050.230 INFO             PET2 ESMF_MOAB                   : enabled
20220609 021050.230 INFO             PET2 ESMF_LAPACK                 : enabled
20220609 021050.231 INFO             PET2 ESMF_NETCDF                 : enabled
20220609 021050.231 INFO             PET2 ESMF_PNETCDF                : disabled
20220609 021050.231 INFO             PET2 ESMF_PIO                    : enabled
20220609 021050.231 INFO             PET2 ESMF_YAMLCPP                : enabled
20220609 021050.240 INFO             PET2 ESMF_FieldRedistStoreNF(): Just entered routine.
20220609 021050.408 INFO             PET2 ESMF_FieldRedistStoreNF(): Leaving routine.
20220609 021050.431 INFO             PET2  NUMBER_OF_PROCESSORS           4
20220609 021050.431 INFO             PET2  PASS  Example ESMF_RHandleFromFileEx, ESMF_RHandleFromFileEx.F90, line 192
20220609 021050.431 INFO             PET2 Finalizing ESMF
20220609 021050.236 INFO             PET3 !!!!!!!!!!!!!!!!!!!!!!!!!!!!!!!!!!!!!!!!!!!!!!!!!!!!!!
20220609 021050.236 INFO             PET3 !!! THE ESMF_LOG IS SET TO OUTPUT ALL LOG MESSAGES !!!
20220609 021050.236 INFO             PET3 !!!     THIS MAY CAUSE SLOWDOWN IN PERFORMANCE     !!!
20220609 021050.236 INFO             PET3 !!! FOR PRODUCTION RUNS, USE:                      !!!
20220609 021050.236 INFO             PET3 !!!                   ESMF_LOGKIND_Multi_On_Error  !!!
20220609 021050.236 INFO             PET3 !!!!!!!!!!!!!!!!!!!!!!!!!!!!!!!!!!!!!!!!!!!!!!!!!!!!!!
20220609 021050.236 INFO             PET3 Running with ESMF Version   : v8.4.0b01-2-gf0d4ab211d
20220609 021050.236 INFO             PET3 ESMF library build date/time: "Jun  9 2022" "00:33:39"
20220609 021050.236 INFO             PET3 ESMF library build location : /lustre/f2/dev/ncep/Mark.Potts/gfortran_8.3.0_mpi_g_develop
20220609 021050.236 INFO             PET3 ESMF_COMM                   : mpi
20220609 021050.237 INFO             PET3 ESMF_MOAB                   : enabled
20220609 021050.237 INFO             PET3 ESMF_LAPACK                 : enabled
20220609 021050.237 INFO             PET3 ESMF_NETCDF                 : enabled
20220609 021050.237 INFO             PET3 ESMF_PNETCDF                : disabled
20220609 021050.237 INFO             PET3 ESMF_PIO                    : enabled
20220609 021050.237 INFO             PET3 ESMF_YAMLCPP                : enabled
20220609 021050.241 INFO             PET3 ESMF_FieldRedistStoreNF(): Just entered routine.
20220609 021050.408 INFO             PET3 ESMF_FieldRedistStoreNF(): Leaving routine.
20220609 021050.430 INFO             PET3  NUMBER_OF_PROCESSORS           4
20220609 021050.431 INFO             PET3  PASS  Example ESMF_RHandleFromFileEx, ESMF_RHandleFromFileEx.F90, line 192
20220609 021050.431 INFO             PET3 Finalizing ESMF
