build time -- 2022-07-10 00:43:19
20220710 021551.255 INFO             PET0 !!!!!!!!!!!!!!!!!!!!!!!!!!!!!!!!!!!!!!!!!!!!!!!!!!!!!!
20220710 021551.256 INFO             PET0 !!! THE ESMF_LOG IS SET TO OUTPUT ALL LOG MESSAGES !!!
20220710 021551.256 INFO             PET0 !!!     THIS MAY CAUSE SLOWDOWN IN PERFORMANCE     !!!
20220710 021551.256 INFO             PET0 !!! FOR PRODUCTION RUNS, USE:                      !!!
20220710 021551.256 INFO             PET0 !!!                   ESMF_LOGKIND_Multi_On_Error  !!!
20220710 021551.256 INFO             PET0 !!!!!!!!!!!!!!!!!!!!!!!!!!!!!!!!!!!!!!!!!!!!!!!!!!!!!!
20220710 021551.256 INFO             PET0 Running with ESMF Version   : v8.4.0b03-3-g14a79d558f
20220710 021551.256 INFO             PET0 ESMF library build date/time: "Jul 10 2022" "00:41:20"
20220710 021551.256 INFO             PET0 ESMF library build location : /lustre/f2/dev/ncep/Mark.Potts/gfortran_8.3.0_mpi_g_develop
20220710 021551.256 INFO             PET0 ESMF_COMM                   : mpi
20220710 021551.257 INFO             PET0 ESMF_MOAB                   : enabled
20220710 021551.257 INFO             PET0 ESMF_LAPACK                 : enabled
20220710 021551.257 INFO             PET0 ESMF_NETCDF                 : enabled
20220710 021551.257 INFO             PET0 ESMF_PNETCDF                : disabled
20220710 021551.257 INFO             PET0 ESMF_PIO                    : enabled
20220710 021551.257 INFO             PET0 ESMF_YAMLCPP                : enabled
20220710 021551.258 INFO             PET0  NUMBER_OF_PROCESSORS           1
20220710 021551.258 INFO             PET0  PASS  Example ESMF_TimeIntervalEx, ESMF_TimeIntervalEx.F90, line 176
20220710 021551.258 INFO             PET0 Finalizing ESMF
