build time -- 2022-07-09 00:39:17
20220709 022200.336 INFO             PET0 !!!!!!!!!!!!!!!!!!!!!!!!!!!!!!!!!!!!!!!!!!!!!!!!!!!!!!
20220709 022200.336 INFO             PET0 !!! THE ESMF_LOG IS SET TO OUTPUT ALL LOG MESSAGES !!!
20220709 022200.336 INFO             PET0 !!!     THIS MAY CAUSE SLOWDOWN IN PERFORMANCE     !!!
20220709 022200.336 INFO             PET0 !!! FOR PRODUCTION RUNS, USE:                      !!!
20220709 022200.336 INFO             PET0 !!!                   ESMF_LOGKIND_Multi_On_Error  !!!
20220709 022200.336 INFO             PET0 !!!!!!!!!!!!!!!!!!!!!!!!!!!!!!!!!!!!!!!!!!!!!!!!!!!!!!
20220709 022200.336 INFO             PET0 Running with ESMF Version   : v8.4.0b03-3-g14a79d558f
20220709 022200.336 INFO             PET0 ESMF library build date/time: "Jul  9 2022" "00:37:13"
20220709 022200.336 INFO             PET0 ESMF library build location : /lustre/f2/dev/ncep/Mark.Potts/gfortran_8.3.0_mpi_g_develop
20220709 022200.336 INFO             PET0 ESMF_COMM                   : mpi
20220709 022200.337 INFO             PET0 ESMF_MOAB                   : enabled
20220709 022200.337 INFO             PET0 ESMF_LAPACK                 : enabled
20220709 022200.337 INFO             PET0 ESMF_NETCDF                 : enabled
20220709 022200.337 INFO             PET0 ESMF_PNETCDF                : disabled
20220709 022200.337 INFO             PET0 ESMF_PIO                    : enabled
20220709 022200.337 INFO             PET0 ESMF_YAMLCPP                : enabled
20220709 022200.499 DEBUG            PET0 about to destroy Grid: 0x34e7b70
20220709 022200.509 DEBUG            PET0 about to destroy Grid: 0x34e92b0
20220709 022200.535 INFO             PET0  NUMBER_OF_PROCESSORS           4
20220709 022200.535 INFO             PET0  PASS  Example ESMF_NUOPCAtmModelEx, ESMF_NUOPCAtmModelEx.F90, line 806
20220709 022200.535 INFO             PET0 Finalizing ESMF
20220709 022200.343 INFO             PET1 !!!!!!!!!!!!!!!!!!!!!!!!!!!!!!!!!!!!!!!!!!!!!!!!!!!!!!
20220709 022200.343 INFO             PET1 !!! THE ESMF_LOG IS SET TO OUTPUT ALL LOG MESSAGES !!!
20220709 022200.343 INFO             PET1 !!!     THIS MAY CAUSE SLOWDOWN IN PERFORMANCE     !!!
20220709 022200.343 INFO             PET1 !!! FOR PRODUCTION RUNS, USE:                      !!!
20220709 022200.343 INFO             PET1 !!!                   ESMF_LOGKIND_Multi_On_Error  !!!
20220709 022200.343 INFO             PET1 !!!!!!!!!!!!!!!!!!!!!!!!!!!!!!!!!!!!!!!!!!!!!!!!!!!!!!
20220709 022200.343 INFO             PET1 Running with ESMF Version   : v8.4.0b03-3-g14a79d558f
20220709 022200.343 INFO             PET1 ESMF library build date/time: "Jul  9 2022" "00:37:13"
20220709 022200.343 INFO             PET1 ESMF library build location : /lustre/f2/dev/ncep/Mark.Potts/gfortran_8.3.0_mpi_g_develop
20220709 022200.343 INFO             PET1 ESMF_COMM                   : mpi
20220709 022200.344 INFO             PET1 ESMF_MOAB                   : enabled
20220709 022200.344 INFO             PET1 ESMF_LAPACK                 : enabled
20220709 022200.344 INFO             PET1 ESMF_NETCDF                 : enabled
20220709 022200.344 INFO             PET1 ESMF_PNETCDF                : disabled
20220709 022200.344 INFO             PET1 ESMF_PIO                    : enabled
20220709 022200.344 INFO             PET1 ESMF_YAMLCPP                : enabled
20220709 022200.499 DEBUG            PET1 about to destroy Grid: 0x34e47b0
20220709 022200.509 DEBUG            PET1 about to destroy Grid: 0x34e6a50
20220709 022200.535 INFO             PET1  NUMBER_OF_PROCESSORS           4
20220709 022200.535 INFO             PET1  PASS  Example ESMF_NUOPCAtmModelEx, ESMF_NUOPCAtmModelEx.F90, line 806
20220709 022200.535 INFO             PET1 Finalizing ESMF
20220709 022200.339 INFO             PET2 !!!!!!!!!!!!!!!!!!!!!!!!!!!!!!!!!!!!!!!!!!!!!!!!!!!!!!
20220709 022200.340 INFO             PET2 !!! THE ESMF_LOG IS SET TO OUTPUT ALL LOG MESSAGES !!!
20220709 022200.340 INFO             PET2 !!!     THIS MAY CAUSE SLOWDOWN IN PERFORMANCE     !!!
20220709 022200.340 INFO             PET2 !!! FOR PRODUCTION RUNS, USE:                      !!!
20220709 022200.340 INFO             PET2 !!!                   ESMF_LOGKIND_Multi_On_Error  !!!
20220709 022200.340 INFO             PET2 !!!!!!!!!!!!!!!!!!!!!!!!!!!!!!!!!!!!!!!!!!!!!!!!!!!!!!
20220709 022200.340 INFO             PET2 Running with ESMF Version   : v8.4.0b03-3-g14a79d558f
20220709 022200.340 INFO             PET2 ESMF library build date/time: "Jul  9 2022" "00:37:13"
20220709 022200.340 INFO             PET2 ESMF library build location : /lustre/f2/dev/ncep/Mark.Potts/gfortran_8.3.0_mpi_g_develop
20220709 022200.340 INFO             PET2 ESMF_COMM                   : mpi
20220709 022200.340 INFO             PET2 ESMF_MOAB                   : enabled
20220709 022200.340 INFO             PET2 ESMF_LAPACK                 : enabled
20220709 022200.340 INFO             PET2 ESMF_NETCDF                 : enabled
20220709 022200.340 INFO             PET2 ESMF_PNETCDF                : disabled
20220709 022200.340 INFO             PET2 ESMF_PIO                    : enabled
20220709 022200.340 INFO             PET2 ESMF_YAMLCPP                : enabled
20220709 022200.499 DEBUG            PET2 about to destroy Grid: 0x34e48a0
20220709 022200.509 DEBUG            PET2 about to destroy Grid: 0x34e6520
20220709 022200.535 INFO             PET2  NUMBER_OF_PROCESSORS           4
20220709 022200.535 INFO             PET2  PASS  Example ESMF_NUOPCAtmModelEx, ESMF_NUOPCAtmModelEx.F90, line 806
20220709 022200.535 INFO             PET2 Finalizing ESMF
20220709 022200.340 INFO             PET3 !!!!!!!!!!!!!!!!!!!!!!!!!!!!!!!!!!!!!!!!!!!!!!!!!!!!!!
20220709 022200.340 INFO             PET3 !!! THE ESMF_LOG IS SET TO OUTPUT ALL LOG MESSAGES !!!
20220709 022200.340 INFO             PET3 !!!     THIS MAY CAUSE SLOWDOWN IN PERFORMANCE     !!!
20220709 022200.340 INFO             PET3 !!! FOR PRODUCTION RUNS, USE:                      !!!
20220709 022200.340 INFO             PET3 !!!                   ESMF_LOGKIND_Multi_On_Error  !!!
20220709 022200.340 INFO             PET3 !!!!!!!!!!!!!!!!!!!!!!!!!!!!!!!!!!!!!!!!!!!!!!!!!!!!!!
20220709 022200.340 INFO             PET3 Running with ESMF Version   : v8.4.0b03-3-g14a79d558f
20220709 022200.340 INFO             PET3 ESMF library build date/time: "Jul  9 2022" "00:37:13"
20220709 022200.340 INFO             PET3 ESMF library build location : /lustre/f2/dev/ncep/Mark.Potts/gfortran_8.3.0_mpi_g_develop
20220709 022200.340 INFO             PET3 ESMF_COMM                   : mpi
20220709 022200.340 INFO             PET3 ESMF_MOAB                   : enabled
20220709 022200.340 INFO             PET3 ESMF_LAPACK                 : enabled
20220709 022200.340 INFO             PET3 ESMF_NETCDF                 : enabled
20220709 022200.340 INFO             PET3 ESMF_PNETCDF                : disabled
20220709 022200.340 INFO             PET3 ESMF_PIO                    : enabled
20220709 022200.340 INFO             PET3 ESMF_YAMLCPP                : enabled
20220709 022200.499 DEBUG            PET3 about to destroy Grid: 0x34e3d60
20220709 022200.509 DEBUG            PET3 about to destroy Grid: 0x34e6000
20220709 022200.535 INFO             PET3  NUMBER_OF_PROCESSORS           4
20220709 022200.535 INFO             PET3  PASS  Example ESMF_NUOPCAtmModelEx, ESMF_NUOPCAtmModelEx.F90, line 806
20220709 022200.535 INFO             PET3 Finalizing ESMF
