build time -- 2022-06-28 00:44:26
20220628 022142.571 INFO             PET0 !!!!!!!!!!!!!!!!!!!!!!!!!!!!!!!!!!!!!!!!!!!!!!!!!!!!!!
20220628 022142.572 INFO             PET0 !!! THE ESMF_LOG IS SET TO OUTPUT ALL LOG MESSAGES !!!
20220628 022142.572 INFO             PET0 !!!     THIS MAY CAUSE SLOWDOWN IN PERFORMANCE     !!!
20220628 022142.572 INFO             PET0 !!! FOR PRODUCTION RUNS, USE:                      !!!
20220628 022142.572 INFO             PET0 !!!                   ESMF_LOGKIND_Multi_On_Error  !!!
20220628 022142.572 INFO             PET0 !!!!!!!!!!!!!!!!!!!!!!!!!!!!!!!!!!!!!!!!!!!!!!!!!!!!!!
20220628 022142.572 INFO             PET0 Running with ESMF Version   : v8.4.0b01-2-gf0d4ab211d
20220628 022142.572 INFO             PET0 ESMF library build date/time: "Jun 28 2022" "00:42:11"
20220628 022142.572 INFO             PET0 ESMF library build location : /lustre/f2/dev/ncep/Mark.Potts/gfortran_8.3.0_mpi_g_develop
20220628 022142.572 INFO             PET0 ESMF_COMM                   : mpi
20220628 022142.572 INFO             PET0 ESMF_MOAB                   : enabled
20220628 022142.572 INFO             PET0 ESMF_LAPACK                 : enabled
20220628 022142.572 INFO             PET0 ESMF_NETCDF                 : enabled
20220628 022142.572 INFO             PET0 ESMF_PNETCDF                : disabled
20220628 022142.572 INFO             PET0 ESMF_PIO                    : enabled
20220628 022142.572 INFO             PET0 ESMF_YAMLCPP                : enabled
20220628 022142.633 INFO             PET0  NUMBER_OF_PROCESSORS           1
20220628 022142.633 INFO             PET0  PASS  Example ESMF_XGridSparseMatEx, ESMF_XGridSparseMatEx.F90, line 642
20220628 022142.634 INFO             PET0 Finalizing ESMF
