build time -- 2022-07-22 00:42:32
srun: error: get_addr_info: getaddrinfo() failed: Name or service not known
srun: error: slurm_set_addr: Unable to resolve "c4-slurm-backup"
srun: error: slurm_set_port: attempting to set port without address family
srun: error: get_addr_info: getaddrinfo() failed: Name or service not known
srun: error: slurm_set_addr: Unable to resolve "c4-slurm-backup"
srun: error: slurm_set_port: attempting to set port without address family
 localSum=   12345.600000000009     
 localSum=   12345.600000000009     
 localSum=   12345.600000000009     
 localSum=   12345.600000000009     
 localSum=   987.64800000000002     
 localSum=   987.64800000000002     
 localSum=   3654.3119999999990     
 localSum=   3654.3119999999990     
 localSum=   987.64800000000002     
 localSum=   3654.3119999999990     
 localSum=   987.64800000000002     
 localSum=   3654.3119999999990     
  PASS  Example ESMF_ArrayLarrayEx, ESMF_ArrayLarrayEx.F90, line 325
  PASS  Example ESMF_ArrayLarrayEx, ESMF_ArrayLarrayEx.F90, line 325
  PASS  Example ESMF_ArrayLarrayEx, ESMF_ArrayLarrayEx.F90, line 325
  PASS  Example ESMF_ArrayLarrayEx, ESMF_ArrayLarrayEx.F90, line 325
 PASS: ESMF_ArrayLarrayEx.F90
 PASS: ESMF_ArrayLarrayEx.F90
 PASS: ESMF_ArrayLarrayEx.F90
 PASS: ESMF_ArrayLarrayEx.F90
