build time -- 2022-06-23 00:37:08
20220623 012242.725 INFO             PET0 !!!!!!!!!!!!!!!!!!!!!!!!!!!!!!!!!!!!!!!!!!!!!!!!!!!!!!
20220623 012242.725 INFO             PET0 !!! THE ESMF_LOG IS SET TO OUTPUT ALL LOG MESSAGES !!!
20220623 012242.725 INFO             PET0 !!!     THIS MAY CAUSE SLOWDOWN IN PERFORMANCE     !!!
20220623 012242.725 INFO             PET0 !!! FOR PRODUCTION RUNS, USE:                      !!!
20220623 012242.725 INFO             PET0 !!!                   ESMF_LOGKIND_Multi_On_Error  !!!
20220623 012242.725 INFO             PET0 !!!!!!!!!!!!!!!!!!!!!!!!!!!!!!!!!!!!!!!!!!!!!!!!!!!!!!
20220623 012242.725 INFO             PET0 Running with ESMF Version   : v8.4.0b01-2-gf0d4ab211d
20220623 012242.725 INFO             PET0 ESMF library build date/time: "Jun 23 2022" "00:35:24"
20220623 012242.725 INFO             PET0 ESMF library build location : /lustre/f2/dev/ncep/Mark.Potts/intel_2019.5_mpiuni_g_develop
20220623 012242.725 INFO             PET0 ESMF_COMM                   : mpiuni
20220623 012242.726 INFO             PET0 ESMF_MOAB                   : enabled
20220623 012242.726 INFO             PET0 ESMF_LAPACK                 : enabled
20220623 012242.726 INFO             PET0 ESMF_NETCDF                 : enabled
20220623 012242.726 INFO             PET0 ESMF_PNETCDF                : disabled
20220623 012242.726 INFO             PET0 ESMF_PIO                    : disabled
20220623 012242.726 INFO             PET0 ESMF_YAMLCPP                : enabled
20220623 012242.763 DEBUG            PET0 about to destroy Grid: 0x878ac0
20220623 012242.767 DEBUG            PET0 about to destroy Grid: 0x87a3a0
20220623 012242.780 INFO             PET0  NUMBER_OF_PROCESSORS           1
20220623 012242.780 INFO             PET0  PASS  Example ESMF_NUOPCAtmModelEx, ESMF_NUOPCAtmModelEx.F90, line 806
20220623 012242.780 INFO             PET0 Finalizing ESMF
