Sat Jul 16 14:55:04 UTC 2022
 
Installing ESMF:
 
mkdir -p /scratch1/NCEPDEV/stmp2/role.esmfmaint/pgi_19.1_intelmpi_g_develop/DEFAULTINSTALLDIR/include
cp -f /scratch1/NCEPDEV/stmp2/role.esmfmaint/pgi_19.1_intelmpi_g_develop/src/include/ESMC.h /scratch1/NCEPDEV/stmp2/role.esmfmaint/pgi_19.1_intelmpi_g_develop/DEFAULTINSTALLDIR/include
cp -f /scratch1/NCEPDEV/stmp2/role.esmfmaint/pgi_19.1_intelmpi_g_develop/src/include/ESMC_*.h /scratch1/NCEPDEV/stmp2/role.esmfmaint/pgi_19.1_intelmpi_g_develop/DEFAULTINSTALLDIR/include
cp -f /scratch1/NCEPDEV/stmp2/role.esmfmaint/pgi_19.1_intelmpi_g_develop/build_config/Linux.pgi.default/ESMC_Conf.h /scratch1/NCEPDEV/stmp2/role.esmfmaint/pgi_19.1_intelmpi_g_develop/DEFAULTINSTALLDIR/include
mkdir -p /scratch1/NCEPDEV/stmp2/role.esmfmaint/pgi_19.1_intelmpi_g_develop/DEFAULTINSTALLDIR/mod/modg/Linux.pgi.64.intelmpi.default
cp -f /scratch1/NCEPDEV/stmp2/role.esmfmaint/pgi_19.1_intelmpi_g_develop/mod/modg/Linux.pgi.64.intelmpi.default/*.mod /scratch1/NCEPDEV/stmp2/role.esmfmaint/pgi_19.1_intelmpi_g_develop/DEFAULTINSTALLDIR/mod/modg/Linux.pgi.64.intelmpi.default
mkdir -p /scratch1/NCEPDEV/stmp2/role.esmfmaint/pgi_19.1_intelmpi_g_develop/DEFAULTINSTALLDIR/lib/libg/Linux.pgi.64.intelmpi.default
cp -f /scratch1/NCEPDEV/stmp2/role.esmfmaint/pgi_19.1_intelmpi_g_develop/lib/libg/Linux.pgi.64.intelmpi.default/libesmf*.* /scratch1/NCEPDEV/stmp2/role.esmfmaint/pgi_19.1_intelmpi_g_develop/DEFAULTINSTALLDIR/lib/libg/Linux.pgi.64.intelmpi.default
make ESMF_PRELOADDIR=/scratch1/NCEPDEV/stmp2/role.esmfmaint/pgi_19.1_intelmpi_g_develop/DEFAULTINSTALLDIR/lib/libg/Linux.pgi.64.intelmpi.default build_preload_script
make[1]: Entering directory `/scratch1/NCEPDEV/stmp2/role.esmfmaint/pgi_19.1_intelmpi_g_develop'
chmod 755 /scratch1/NCEPDEV/stmp2/role.esmfmaint/pgi_19.1_intelmpi_g_develop/DEFAULTINSTALLDIR/lib/libg/Linux.pgi.64.intelmpi.default/preload.sh
make[1]: Leaving directory `/scratch1/NCEPDEV/stmp2/role.esmfmaint/pgi_19.1_intelmpi_g_develop'
ranlib /scratch1/NCEPDEV/stmp2/role.esmfmaint/pgi_19.1_intelmpi_g_develop/DEFAULTINSTALLDIR/lib/libg/Linux.pgi.64.intelmpi.default/libesmf*.a
make install_apps
make[1]: Entering directory `/scratch1/NCEPDEV/stmp2/role.esmfmaint/pgi_19.1_intelmpi_g_develop'
mkdir -p /scratch1/NCEPDEV/stmp2/role.esmfmaint/pgi_19.1_intelmpi_g_develop/DEFAULTINSTALLDIR/bin/bing/Linux.pgi.64.intelmpi.default
make build_apps ESMF_APPSDIR=/scratch1/NCEPDEV/stmp2/role.esmfmaint/pgi_19.1_intelmpi_g_develop/DEFAULTINSTALLDIR/bin/bing/Linux.pgi.64.intelmpi.default ESMF_LDIR=/scratch1/NCEPDEV/stmp2/role.esmfmaint/pgi_19.1_intelmpi_g_develop/DEFAULTINSTALLDIR/lib/libg/Linux.pgi.64.intelmpi.default ESMF_LIBDIR=/scratch1/NCEPDEV/stmp2/role.esmfmaint/pgi_19.1_intelmpi_g_develop/DEFAULTINSTALLDIR/lib/libg/Linux.pgi.64.intelmpi.default ESMF_MODDIR=/scratch1/NCEPDEV/stmp2/role.esmfmaint/pgi_19.1_intelmpi_g_develop/DEFAULTINSTALLDIR/mod/modg/Linux.pgi.64.intelmpi.default
make[2]: Entering directory `/scratch1/NCEPDEV/stmp2/role.esmfmaint/pgi_19.1_intelmpi_g_develop'
cd /scratch1/NCEPDEV/stmp2/role.esmfmaint/pgi_19.1_intelmpi_g_develop/src/apps; make ACTION=tree_build_apps tree
make[3]: Entering directory `/scratch1/NCEPDEV/stmp2/role.esmfmaint/pgi_19.1_intelmpi_g_develop/src/apps'
tree_build_apps in: /scratch1/NCEPDEV/stmp2/role.esmfmaint/pgi_19.1_intelmpi_g_develop/src/apps/ESMF_PrintInfo
make[4]: Entering directory `/scratch1/NCEPDEV/stmp2/role.esmfmaint/pgi_19.1_intelmpi_g_develop/src/apps/ESMF_PrintInfo'
make chkdir_apps
make[5]: Entering directory `/scratch1/NCEPDEV/stmp2/role.esmfmaint/pgi_19.1_intelmpi_g_develop/src/apps/ESMF_PrintInfo'
make[5]: Leaving directory `/scratch1/NCEPDEV/stmp2/role.esmfmaint/pgi_19.1_intelmpi_g_develop/src/apps/ESMF_PrintInfo'
mpipgf90    -lpthread -Wl,--no-as-needed -L/scratch1/NCEPDEV/stmp2/role.esmfmaint/pgi_19.1_intelmpi_g_develop/DEFAULTINSTALLDIR/lib/libg/Linux.pgi.64.intelmpi.default  -L/apps/pgi/linux86-64-llvm/19.10/libso -Wl,-rpath,/scratch1/NCEPDEV/stmp2/role.esmfmaint/pgi_19.1_intelmpi_g_develop/DEFAULTINSTALLDIR/lib/libg/Linux.pgi.64.intelmpi.default  -Wl,-rpath,/apps/pgi/linux86-64-llvm/19.10/libso -o /scratch1/NCEPDEV/stmp2/role.esmfmaint/pgi_19.1_intelmpi_g_develop/DEFAULTINSTALLDIR/bin/bing/Linux.pgi.64.intelmpi.default/ESMF_PrintInfo /scratch1/NCEPDEV/stmp2/role.esmfmaint/pgi_19.1_intelmpi_g_develop/obj/objg/Linux.pgi.64.intelmpi.default/src/apps/ESMF_PrintInfo/ESMF_PrintInfo.o -lesmf  -pgc++libs -ldl
make[4]: Leaving directory `/scratch1/NCEPDEV/stmp2/role.esmfmaint/pgi_19.1_intelmpi_g_develop/src/apps/ESMF_PrintInfo'
tree_build_apps in: /scratch1/NCEPDEV/stmp2/role.esmfmaint/pgi_19.1_intelmpi_g_develop/src/apps/ESMF_PrintInfoC
make[4]: Entering directory `/scratch1/NCEPDEV/stmp2/role.esmfmaint/pgi_19.1_intelmpi_g_develop/src/apps/ESMF_PrintInfoC'
make chkdir_apps
make[5]: Entering directory `/scratch1/NCEPDEV/stmp2/role.esmfmaint/pgi_19.1_intelmpi_g_develop/src/apps/ESMF_PrintInfoC'
make[5]: Leaving directory `/scratch1/NCEPDEV/stmp2/role.esmfmaint/pgi_19.1_intelmpi_g_develop/src/apps/ESMF_PrintInfoC'
mpipgc++    -lpthread -Wl,--no-as-needed -L/scratch1/NCEPDEV/stmp2/role.esmfmaint/pgi_19.1_intelmpi_g_develop/DEFAULTINSTALLDIR/lib/libg/Linux.pgi.64.intelmpi.default  -L/apps/pgi/linux86-64-llvm/19.10/libso -Wl,-rpath,/scratch1/NCEPDEV/stmp2/role.esmfmaint/pgi_19.1_intelmpi_g_develop/DEFAULTINSTALLDIR/lib/libg/Linux.pgi.64.intelmpi.default  -Wl,-rpath,/apps/pgi/linux86-64-llvm/19.10/libso -o /scratch1/NCEPDEV/stmp2/role.esmfmaint/pgi_19.1_intelmpi_g_develop/DEFAULTINSTALLDIR/bin/bing/Linux.pgi.64.intelmpi.default/ESMF_PrintInfoC /scratch1/NCEPDEV/stmp2/role.esmfmaint/pgi_19.1_intelmpi_g_develop/obj/objg/Linux.pgi.64.intelmpi.default/src/apps/ESMF_PrintInfoC/ESMF_PrintInfoC.o -lesmf  -pgf90libs -ldl
make[4]: Leaving directory `/scratch1/NCEPDEV/stmp2/role.esmfmaint/pgi_19.1_intelmpi_g_develop/src/apps/ESMF_PrintInfoC'
tree_build_apps in: /scratch1/NCEPDEV/stmp2/role.esmfmaint/pgi_19.1_intelmpi_g_develop/src/apps/ESMF_RegridWeightGen
make[4]: Entering directory `/scratch1/NCEPDEV/stmp2/role.esmfmaint/pgi_19.1_intelmpi_g_develop/src/apps/ESMF_RegridWeightGen'
make chkdir_apps
make[5]: Entering directory `/scratch1/NCEPDEV/stmp2/role.esmfmaint/pgi_19.1_intelmpi_g_develop/src/apps/ESMF_RegridWeightGen'
make[5]: Leaving directory `/scratch1/NCEPDEV/stmp2/role.esmfmaint/pgi_19.1_intelmpi_g_develop/src/apps/ESMF_RegridWeightGen'
mpipgf90    -lpthread -Wl,--no-as-needed -L/scratch1/NCEPDEV/stmp2/role.esmfmaint/pgi_19.1_intelmpi_g_develop/DEFAULTINSTALLDIR/lib/libg/Linux.pgi.64.intelmpi.default  -L/apps/pgi/linux86-64-llvm/19.10/libso -Wl,-rpath,/scratch1/NCEPDEV/stmp2/role.esmfmaint/pgi_19.1_intelmpi_g_develop/DEFAULTINSTALLDIR/lib/libg/Linux.pgi.64.intelmpi.default  -Wl,-rpath,/apps/pgi/linux86-64-llvm/19.10/libso -o /scratch1/NCEPDEV/stmp2/role.esmfmaint/pgi_19.1_intelmpi_g_develop/DEFAULTINSTALLDIR/bin/bing/Linux.pgi.64.intelmpi.default/ESMF_RegridWeightGen /scratch1/NCEPDEV/stmp2/role.esmfmaint/pgi_19.1_intelmpi_g_develop/obj/objg/Linux.pgi.64.intelmpi.default/src/apps/ESMF_RegridWeightGen/ESMF_RegridWeightGen.o -lesmf  -pgc++libs -ldl
make[4]: Leaving directory `/scratch1/NCEPDEV/stmp2/role.esmfmaint/pgi_19.1_intelmpi_g_develop/src/apps/ESMF_RegridWeightGen'
tree_build_apps in: /scratch1/NCEPDEV/stmp2/role.esmfmaint/pgi_19.1_intelmpi_g_develop/src/apps/ESMF_WebServController
make[4]: Entering directory `/scratch1/NCEPDEV/stmp2/role.esmfmaint/pgi_19.1_intelmpi_g_develop/src/apps/ESMF_WebServController'
make chkdir_apps
make[5]: Entering directory `/scratch1/NCEPDEV/stmp2/role.esmfmaint/pgi_19.1_intelmpi_g_develop/src/apps/ESMF_WebServController'
make[5]: Leaving directory `/scratch1/NCEPDEV/stmp2/role.esmfmaint/pgi_19.1_intelmpi_g_develop/src/apps/ESMF_WebServController'
mpipgc++    -lpthread -Wl,--no-as-needed -L/scratch1/NCEPDEV/stmp2/role.esmfmaint/pgi_19.1_intelmpi_g_develop/DEFAULTINSTALLDIR/lib/libg/Linux.pgi.64.intelmpi.default  -L/apps/pgi/linux86-64-llvm/19.10/libso -Wl,-rpath,/scratch1/NCEPDEV/stmp2/role.esmfmaint/pgi_19.1_intelmpi_g_develop/DEFAULTINSTALLDIR/lib/libg/Linux.pgi.64.intelmpi.default  -Wl,-rpath,/apps/pgi/linux86-64-llvm/19.10/libso -o /scratch1/NCEPDEV/stmp2/role.esmfmaint/pgi_19.1_intelmpi_g_develop/DEFAULTINSTALLDIR/bin/bing/Linux.pgi.64.intelmpi.default/ESMF_WebServController /scratch1/NCEPDEV/stmp2/role.esmfmaint/pgi_19.1_intelmpi_g_develop/obj/objg/Linux.pgi.64.intelmpi.default/src/apps/ESMF_WebServController/ESMF_WebServController.o -lesmf  -pgf90libs -ldl
make[4]: Leaving directory `/scratch1/NCEPDEV/stmp2/role.esmfmaint/pgi_19.1_intelmpi_g_develop/src/apps/ESMF_WebServController'
tree_build_apps in: /scratch1/NCEPDEV/stmp2/role.esmfmaint/pgi_19.1_intelmpi_g_develop/src/apps/ESMF_Scrip2Unstruct
make[4]: Entering directory `/scratch1/NCEPDEV/stmp2/role.esmfmaint/pgi_19.1_intelmpi_g_develop/src/apps/ESMF_Scrip2Unstruct'
make chkdir_apps
make[5]: Entering directory `/scratch1/NCEPDEV/stmp2/role.esmfmaint/pgi_19.1_intelmpi_g_develop/src/apps/ESMF_Scrip2Unstruct'
make[5]: Leaving directory `/scratch1/NCEPDEV/stmp2/role.esmfmaint/pgi_19.1_intelmpi_g_develop/src/apps/ESMF_Scrip2Unstruct'
mpipgc++    -lpthread -Wl,--no-as-needed -L/scratch1/NCEPDEV/stmp2/role.esmfmaint/pgi_19.1_intelmpi_g_develop/DEFAULTINSTALLDIR/lib/libg/Linux.pgi.64.intelmpi.default  -L/apps/pgi/linux86-64-llvm/19.10/libso -Wl,-rpath,/scratch1/NCEPDEV/stmp2/role.esmfmaint/pgi_19.1_intelmpi_g_develop/DEFAULTINSTALLDIR/lib/libg/Linux.pgi.64.intelmpi.default  -Wl,-rpath,/apps/pgi/linux86-64-llvm/19.10/libso -o /scratch1/NCEPDEV/stmp2/role.esmfmaint/pgi_19.1_intelmpi_g_develop/DEFAULTINSTALLDIR/bin/bing/Linux.pgi.64.intelmpi.default/ESMF_Scrip2Unstruct /scratch1/NCEPDEV/stmp2/role.esmfmaint/pgi_19.1_intelmpi_g_develop/obj/objg/Linux.pgi.64.intelmpi.default/src/apps/ESMF_Scrip2Unstruct/ESMF_Scrip2Unstruct.o -lesmf  -pgf90libs -ldl
make[4]: Leaving directory `/scratch1/NCEPDEV/stmp2/role.esmfmaint/pgi_19.1_intelmpi_g_develop/src/apps/ESMF_Scrip2Unstruct'
tree_build_apps in: /scratch1/NCEPDEV/stmp2/role.esmfmaint/pgi_19.1_intelmpi_g_develop/src/apps/ESMF_Regrid
make[4]: Entering directory `/scratch1/NCEPDEV/stmp2/role.esmfmaint/pgi_19.1_intelmpi_g_develop/src/apps/ESMF_Regrid'
make chkdir_apps
make[5]: Entering directory `/scratch1/NCEPDEV/stmp2/role.esmfmaint/pgi_19.1_intelmpi_g_develop/src/apps/ESMF_Regrid'
make[5]: Leaving directory `/scratch1/NCEPDEV/stmp2/role.esmfmaint/pgi_19.1_intelmpi_g_develop/src/apps/ESMF_Regrid'
mpipgf90    -lpthread -Wl,--no-as-needed -L/scratch1/NCEPDEV/stmp2/role.esmfmaint/pgi_19.1_intelmpi_g_develop/DEFAULTINSTALLDIR/lib/libg/Linux.pgi.64.intelmpi.default  -L/apps/pgi/linux86-64-llvm/19.10/libso -Wl,-rpath,/scratch1/NCEPDEV/stmp2/role.esmfmaint/pgi_19.1_intelmpi_g_develop/DEFAULTINSTALLDIR/lib/libg/Linux.pgi.64.intelmpi.default  -Wl,-rpath,/apps/pgi/linux86-64-llvm/19.10/libso -o /scratch1/NCEPDEV/stmp2/role.esmfmaint/pgi_19.1_intelmpi_g_develop/DEFAULTINSTALLDIR/bin/bing/Linux.pgi.64.intelmpi.default/ESMF_Regrid /scratch1/NCEPDEV/stmp2/role.esmfmaint/pgi_19.1_intelmpi_g_develop/obj/objg/Linux.pgi.64.intelmpi.default/src/apps/ESMF_Regrid/ESMF_Regrid.o -lesmf  -pgc++libs -ldl
make[4]: Leaving directory `/scratch1/NCEPDEV/stmp2/role.esmfmaint/pgi_19.1_intelmpi_g_develop/src/apps/ESMF_Regrid'
make[3]: Leaving directory `/scratch1/NCEPDEV/stmp2/role.esmfmaint/pgi_19.1_intelmpi_g_develop/src/apps'
ESMF apps built successfully.
make[2]: Leaving directory `/scratch1/NCEPDEV/stmp2/role.esmfmaint/pgi_19.1_intelmpi_g_develop'
make[1]: Leaving directory `/scratch1/NCEPDEV/stmp2/role.esmfmaint/pgi_19.1_intelmpi_g_develop'
mkdir -p /scratch1/NCEPDEV/stmp2/role.esmfmaint/pgi_19.1_intelmpi_g_develop/DEFAULTINSTALLDIR/doc
make install_info_mk
make[1]: Entering directory `/scratch1/NCEPDEV/stmp2/role.esmfmaint/pgi_19.1_intelmpi_g_develop'
make info_mk ESMF_APPSDIR=/scratch1/NCEPDEV/stmp2/role.esmfmaint/pgi_19.1_intelmpi_g_develop/DEFAULTINSTALLDIR/bin/bing/Linux.pgi.64.intelmpi.default ESMF_LDIR=/scratch1/NCEPDEV/stmp2/role.esmfmaint/pgi_19.1_intelmpi_g_develop/DEFAULTINSTALLDIR/lib/libg/Linux.pgi.64.intelmpi.default ESMF_LIBDIR=/scratch1/NCEPDEV/stmp2/role.esmfmaint/pgi_19.1_intelmpi_g_develop/DEFAULTINSTALLDIR/lib/libg/Linux.pgi.64.intelmpi.default ESMF_MODDIR=/scratch1/NCEPDEV/stmp2/role.esmfmaint/pgi_19.1_intelmpi_g_develop/DEFAULTINSTALLDIR/mod/modg/Linux.pgi.64.intelmpi.default ESMF_INCDIR=/scratch1/NCEPDEV/stmp2/role.esmfmaint/pgi_19.1_intelmpi_g_develop/DEFAULTINSTALLDIR/include
make[2]: Entering directory `/scratch1/NCEPDEV/stmp2/role.esmfmaint/pgi_19.1_intelmpi_g_develop'
make[2]: Leaving directory `/scratch1/NCEPDEV/stmp2/role.esmfmaint/pgi_19.1_intelmpi_g_develop'
make[1]: Leaving directory `/scratch1/NCEPDEV/stmp2/role.esmfmaint/pgi_19.1_intelmpi_g_develop'
 
ESMF installation complete.
 
