Sat Jul 16 14:44:03 UTC 2022
 
Installing ESMF:
 
mkdir -p /scratch1/NCEPDEV/stmp2/role.esmfmaint/intel_18.0.5a_mpiuni_O_develop/DEFAULTINSTALLDIR/include
cp -f /scratch1/NCEPDEV/stmp2/role.esmfmaint/intel_18.0.5a_mpiuni_O_develop/src/include/ESMC.h /scratch1/NCEPDEV/stmp2/role.esmfmaint/intel_18.0.5a_mpiuni_O_develop/DEFAULTINSTALLDIR/include
cp -f /scratch1/NCEPDEV/stmp2/role.esmfmaint/intel_18.0.5a_mpiuni_O_develop/src/include/ESMC_*.h /scratch1/NCEPDEV/stmp2/role.esmfmaint/intel_18.0.5a_mpiuni_O_develop/DEFAULTINSTALLDIR/include
cp -f /scratch1/NCEPDEV/stmp2/role.esmfmaint/intel_18.0.5a_mpiuni_O_develop/build_config/Linux.intel.default/ESMC_Conf.h /scratch1/NCEPDEV/stmp2/role.esmfmaint/intel_18.0.5a_mpiuni_O_develop/DEFAULTINSTALLDIR/include
mkdir -p /scratch1/NCEPDEV/stmp2/role.esmfmaint/intel_18.0.5a_mpiuni_O_develop/DEFAULTINSTALLDIR/mod/modO/Linux.intel.64.mpiuni.default
cp -f /scratch1/NCEPDEV/stmp2/role.esmfmaint/intel_18.0.5a_mpiuni_O_develop/mod/modO/Linux.intel.64.mpiuni.default/*.mod /scratch1/NCEPDEV/stmp2/role.esmfmaint/intel_18.0.5a_mpiuni_O_develop/DEFAULTINSTALLDIR/mod/modO/Linux.intel.64.mpiuni.default
mkdir -p /scratch1/NCEPDEV/stmp2/role.esmfmaint/intel_18.0.5a_mpiuni_O_develop/DEFAULTINSTALLDIR/lib/libO/Linux.intel.64.mpiuni.default
cp -f /scratch1/NCEPDEV/stmp2/role.esmfmaint/intel_18.0.5a_mpiuni_O_develop/lib/libO/Linux.intel.64.mpiuni.default/libesmf*.* /scratch1/NCEPDEV/stmp2/role.esmfmaint/intel_18.0.5a_mpiuni_O_develop/DEFAULTINSTALLDIR/lib/libO/Linux.intel.64.mpiuni.default
make ESMF_PRELOADDIR=/scratch1/NCEPDEV/stmp2/role.esmfmaint/intel_18.0.5a_mpiuni_O_develop/DEFAULTINSTALLDIR/lib/libO/Linux.intel.64.mpiuni.default build_preload_script
make[1]: Entering directory `/scratch1/NCEPDEV/stmp2/role.esmfmaint/intel_18.0.5a_mpiuni_O_develop'
chmod 755 /scratch1/NCEPDEV/stmp2/role.esmfmaint/intel_18.0.5a_mpiuni_O_develop/DEFAULTINSTALLDIR/lib/libO/Linux.intel.64.mpiuni.default/preload.sh
make[1]: Leaving directory `/scratch1/NCEPDEV/stmp2/role.esmfmaint/intel_18.0.5a_mpiuni_O_develop'
ranlib /scratch1/NCEPDEV/stmp2/role.esmfmaint/intel_18.0.5a_mpiuni_O_develop/DEFAULTINSTALLDIR/lib/libO/Linux.intel.64.mpiuni.default/libesmf*.a
make install_apps
make[1]: Entering directory `/scratch1/NCEPDEV/stmp2/role.esmfmaint/intel_18.0.5a_mpiuni_O_develop'
mkdir -p /scratch1/NCEPDEV/stmp2/role.esmfmaint/intel_18.0.5a_mpiuni_O_develop/DEFAULTINSTALLDIR/bin/binO/Linux.intel.64.mpiuni.default
make build_apps ESMF_APPSDIR=/scratch1/NCEPDEV/stmp2/role.esmfmaint/intel_18.0.5a_mpiuni_O_develop/DEFAULTINSTALLDIR/bin/binO/Linux.intel.64.mpiuni.default ESMF_LDIR=/scratch1/NCEPDEV/stmp2/role.esmfmaint/intel_18.0.5a_mpiuni_O_develop/DEFAULTINSTALLDIR/lib/libO/Linux.intel.64.mpiuni.default ESMF_LIBDIR=/scratch1/NCEPDEV/stmp2/role.esmfmaint/intel_18.0.5a_mpiuni_O_develop/DEFAULTINSTALLDIR/lib/libO/Linux.intel.64.mpiuni.default ESMF_MODDIR=/scratch1/NCEPDEV/stmp2/role.esmfmaint/intel_18.0.5a_mpiuni_O_develop/DEFAULTINSTALLDIR/mod/modO/Linux.intel.64.mpiuni.default
make[2]: Entering directory `/scratch1/NCEPDEV/stmp2/role.esmfmaint/intel_18.0.5a_mpiuni_O_develop'
cd /scratch1/NCEPDEV/stmp2/role.esmfmaint/intel_18.0.5a_mpiuni_O_develop/src/apps; make ACTION=tree_build_apps tree
make[3]: Entering directory `/scratch1/NCEPDEV/stmp2/role.esmfmaint/intel_18.0.5a_mpiuni_O_develop/src/apps'
tree_build_apps in: /scratch1/NCEPDEV/stmp2/role.esmfmaint/intel_18.0.5a_mpiuni_O_develop/src/apps/ESMF_PrintInfo
make[4]: Entering directory `/scratch1/NCEPDEV/stmp2/role.esmfmaint/intel_18.0.5a_mpiuni_O_develop/src/apps/ESMF_PrintInfo'
make chkdir_apps
make[5]: Entering directory `/scratch1/NCEPDEV/stmp2/role.esmfmaint/intel_18.0.5a_mpiuni_O_develop/src/apps/ESMF_PrintInfo'
make[5]: Leaving directory `/scratch1/NCEPDEV/stmp2/role.esmfmaint/intel_18.0.5a_mpiuni_O_develop/src/apps/ESMF_PrintInfo'
ifort    -m64 -mcmodel=small -pthread -threads -Wl,--no-as-needed  -qopenmp -L/scratch1/NCEPDEV/stmp2/role.esmfmaint/intel_18.0.5a_mpiuni_O_develop/DEFAULTINSTALLDIR/lib/libO/Linux.intel.64.mpiuni.default -L/apps/netcdf/4.6.1/intel/16.1.150/lib -L/apps/netcdf/4.6.1/intel/16.1.150/lib -L/apps/netcdf/4.6.1/intel/16.1.150/lib  -Wl,-rpath,/scratch1/NCEPDEV/stmp2/role.esmfmaint/intel_18.0.5a_mpiuni_O_develop/DEFAULTINSTALLDIR/lib/libO/Linux.intel.64.mpiuni.default -Wl,-rpath,/apps/netcdf/4.6.1/intel/16.1.150/lib -Wl,-rpath,/apps/netcdf/4.6.1/intel/16.1.150/lib -Wl,-rpath,/apps/netcdf/4.6.1/intel/16.1.150/lib -o /scratch1/NCEPDEV/stmp2/role.esmfmaint/intel_18.0.5a_mpiuni_O_develop/DEFAULTINSTALLDIR/bin/binO/Linux.intel.64.mpiuni.default/ESMF_PrintInfo /scratch1/NCEPDEV/stmp2/role.esmfmaint/intel_18.0.5a_mpiuni_O_develop/obj/objO/Linux.intel.64.mpiuni.default/src/apps/ESMF_PrintInfo/ESMF_PrintInfo.o -lesmf  -cxxlib -lrt -ldl -lnetcdf -lnetcdff -lnetcdf -lnetcdf
make[4]: Leaving directory `/scratch1/NCEPDEV/stmp2/role.esmfmaint/intel_18.0.5a_mpiuni_O_develop/src/apps/ESMF_PrintInfo'
tree_build_apps in: /scratch1/NCEPDEV/stmp2/role.esmfmaint/intel_18.0.5a_mpiuni_O_develop/src/apps/ESMF_PrintInfoC
make[4]: Entering directory `/scratch1/NCEPDEV/stmp2/role.esmfmaint/intel_18.0.5a_mpiuni_O_develop/src/apps/ESMF_PrintInfoC'
make chkdir_apps
make[5]: Entering directory `/scratch1/NCEPDEV/stmp2/role.esmfmaint/intel_18.0.5a_mpiuni_O_develop/src/apps/ESMF_PrintInfoC'
make[5]: Leaving directory `/scratch1/NCEPDEV/stmp2/role.esmfmaint/intel_18.0.5a_mpiuni_O_develop/src/apps/ESMF_PrintInfoC'
icpc    -m64 -mcmodel=small -pthread -Wl,--no-as-needed  -qopenmp -L/scratch1/NCEPDEV/stmp2/role.esmfmaint/intel_18.0.5a_mpiuni_O_develop/DEFAULTINSTALLDIR/lib/libO/Linux.intel.64.mpiuni.default -L/apps/netcdf/4.6.1/intel/16.1.150/lib -L/apps/netcdf/4.6.1/intel/16.1.150/lib -L/apps/netcdf/4.6.1/intel/16.1.150/lib -L/apps/intel/compilers_and_libraries_2018.5.274/linux/compiler/lib/intel64_lin/ -Wl,-rpath,/scratch1/NCEPDEV/stmp2/role.esmfmaint/intel_18.0.5a_mpiuni_O_develop/DEFAULTINSTALLDIR/lib/libO/Linux.intel.64.mpiuni.default -Wl,-rpath,/apps/netcdf/4.6.1/intel/16.1.150/lib -Wl,-rpath,/apps/netcdf/4.6.1/intel/16.1.150/lib -Wl,-rpath,/apps/netcdf/4.6.1/intel/16.1.150/lib -Wl,-rpath,/apps/intel/compilers_and_libraries_2018.5.274/linux/compiler/lib/intel64_lin/ -o /scratch1/NCEPDEV/stmp2/role.esmfmaint/intel_18.0.5a_mpiuni_O_develop/DEFAULTINSTALLDIR/bin/binO/Linux.intel.64.mpiuni.default/ESMF_PrintInfoC /scratch1/NCEPDEV/stmp2/role.esmfmaint/intel_18.0.5a_mpiuni_O_develop/obj/objO/Linux.intel.64.mpiuni.default/src/apps/ESMF_PrintInfoC/ESMF_PrintInfoC.o -lesmf  -lifport -lifcoremt -limf -lsvml -lm -lipgo -liomp5 -lintlc -lpthread -lsvml -lgcc -lgcc_s -lirc_s -ldl -lrt -ldl -lnetcdf -lnetcdff -lnetcdf -lnetcdf
make[4]: Leaving directory `/scratch1/NCEPDEV/stmp2/role.esmfmaint/intel_18.0.5a_mpiuni_O_develop/src/apps/ESMF_PrintInfoC'
tree_build_apps in: /scratch1/NCEPDEV/stmp2/role.esmfmaint/intel_18.0.5a_mpiuni_O_develop/src/apps/ESMF_RegridWeightGen
make[4]: Entering directory `/scratch1/NCEPDEV/stmp2/role.esmfmaint/intel_18.0.5a_mpiuni_O_develop/src/apps/ESMF_RegridWeightGen'
make chkdir_apps
make[5]: Entering directory `/scratch1/NCEPDEV/stmp2/role.esmfmaint/intel_18.0.5a_mpiuni_O_develop/src/apps/ESMF_RegridWeightGen'
make[5]: Leaving directory `/scratch1/NCEPDEV/stmp2/role.esmfmaint/intel_18.0.5a_mpiuni_O_develop/src/apps/ESMF_RegridWeightGen'
ifort    -m64 -mcmodel=small -pthread -threads -Wl,--no-as-needed  -qopenmp -L/scratch1/NCEPDEV/stmp2/role.esmfmaint/intel_18.0.5a_mpiuni_O_develop/DEFAULTINSTALLDIR/lib/libO/Linux.intel.64.mpiuni.default -L/apps/netcdf/4.6.1/intel/16.1.150/lib -L/apps/netcdf/4.6.1/intel/16.1.150/lib -L/apps/netcdf/4.6.1/intel/16.1.150/lib  -Wl,-rpath,/scratch1/NCEPDEV/stmp2/role.esmfmaint/intel_18.0.5a_mpiuni_O_develop/DEFAULTINSTALLDIR/lib/libO/Linux.intel.64.mpiuni.default -Wl,-rpath,/apps/netcdf/4.6.1/intel/16.1.150/lib -Wl,-rpath,/apps/netcdf/4.6.1/intel/16.1.150/lib -Wl,-rpath,/apps/netcdf/4.6.1/intel/16.1.150/lib -o /scratch1/NCEPDEV/stmp2/role.esmfmaint/intel_18.0.5a_mpiuni_O_develop/DEFAULTINSTALLDIR/bin/binO/Linux.intel.64.mpiuni.default/ESMF_RegridWeightGen /scratch1/NCEPDEV/stmp2/role.esmfmaint/intel_18.0.5a_mpiuni_O_develop/obj/objO/Linux.intel.64.mpiuni.default/src/apps/ESMF_RegridWeightGen/ESMF_RegridWeightGen.o -lesmf  -cxxlib -lrt -ldl -lnetcdf -lnetcdff -lnetcdf -lnetcdf
make[4]: Leaving directory `/scratch1/NCEPDEV/stmp2/role.esmfmaint/intel_18.0.5a_mpiuni_O_develop/src/apps/ESMF_RegridWeightGen'
tree_build_apps in: /scratch1/NCEPDEV/stmp2/role.esmfmaint/intel_18.0.5a_mpiuni_O_develop/src/apps/ESMF_WebServController
make[4]: Entering directory `/scratch1/NCEPDEV/stmp2/role.esmfmaint/intel_18.0.5a_mpiuni_O_develop/src/apps/ESMF_WebServController'
make chkdir_apps
make[5]: Entering directory `/scratch1/NCEPDEV/stmp2/role.esmfmaint/intel_18.0.5a_mpiuni_O_develop/src/apps/ESMF_WebServController'
make[5]: Leaving directory `/scratch1/NCEPDEV/stmp2/role.esmfmaint/intel_18.0.5a_mpiuni_O_develop/src/apps/ESMF_WebServController'
icpc    -m64 -mcmodel=small -pthread -Wl,--no-as-needed  -qopenmp -L/scratch1/NCEPDEV/stmp2/role.esmfmaint/intel_18.0.5a_mpiuni_O_develop/DEFAULTINSTALLDIR/lib/libO/Linux.intel.64.mpiuni.default -L/apps/netcdf/4.6.1/intel/16.1.150/lib -L/apps/netcdf/4.6.1/intel/16.1.150/lib -L/apps/netcdf/4.6.1/intel/16.1.150/lib -L/apps/intel/compilers_and_libraries_2018.5.274/linux/compiler/lib/intel64_lin/ -Wl,-rpath,/scratch1/NCEPDEV/stmp2/role.esmfmaint/intel_18.0.5a_mpiuni_O_develop/DEFAULTINSTALLDIR/lib/libO/Linux.intel.64.mpiuni.default -Wl,-rpath,/apps/netcdf/4.6.1/intel/16.1.150/lib -Wl,-rpath,/apps/netcdf/4.6.1/intel/16.1.150/lib -Wl,-rpath,/apps/netcdf/4.6.1/intel/16.1.150/lib -Wl,-rpath,/apps/intel/compilers_and_libraries_2018.5.274/linux/compiler/lib/intel64_lin/ -o /scratch1/NCEPDEV/stmp2/role.esmfmaint/intel_18.0.5a_mpiuni_O_develop/DEFAULTINSTALLDIR/bin/binO/Linux.intel.64.mpiuni.default/ESMF_WebServController /scratch1/NCEPDEV/stmp2/role.esmfmaint/intel_18.0.5a_mpiuni_O_develop/obj/objO/Linux.intel.64.mpiuni.default/src/apps/ESMF_WebServController/ESMF_WebServController.o -lesmf  -lifport -lifcoremt -limf -lsvml -lm -lipgo -liomp5 -lintlc -lpthread -lsvml -lgcc -lgcc_s -lirc_s -ldl -lrt -ldl -lnetcdf -lnetcdff -lnetcdf -lnetcdf
make[4]: Leaving directory `/scratch1/NCEPDEV/stmp2/role.esmfmaint/intel_18.0.5a_mpiuni_O_develop/src/apps/ESMF_WebServController'
tree_build_apps in: /scratch1/NCEPDEV/stmp2/role.esmfmaint/intel_18.0.5a_mpiuni_O_develop/src/apps/ESMF_Scrip2Unstruct
make[4]: Entering directory `/scratch1/NCEPDEV/stmp2/role.esmfmaint/intel_18.0.5a_mpiuni_O_develop/src/apps/ESMF_Scrip2Unstruct'
make chkdir_apps
make[5]: Entering directory `/scratch1/NCEPDEV/stmp2/role.esmfmaint/intel_18.0.5a_mpiuni_O_develop/src/apps/ESMF_Scrip2Unstruct'
make[5]: Leaving directory `/scratch1/NCEPDEV/stmp2/role.esmfmaint/intel_18.0.5a_mpiuni_O_develop/src/apps/ESMF_Scrip2Unstruct'
icpc    -m64 -mcmodel=small -pthread -Wl,--no-as-needed  -qopenmp -L/scratch1/NCEPDEV/stmp2/role.esmfmaint/intel_18.0.5a_mpiuni_O_develop/DEFAULTINSTALLDIR/lib/libO/Linux.intel.64.mpiuni.default -L/apps/netcdf/4.6.1/intel/16.1.150/lib -L/apps/netcdf/4.6.1/intel/16.1.150/lib -L/apps/netcdf/4.6.1/intel/16.1.150/lib -L/apps/intel/compilers_and_libraries_2018.5.274/linux/compiler/lib/intel64_lin/ -Wl,-rpath,/scratch1/NCEPDEV/stmp2/role.esmfmaint/intel_18.0.5a_mpiuni_O_develop/DEFAULTINSTALLDIR/lib/libO/Linux.intel.64.mpiuni.default -Wl,-rpath,/apps/netcdf/4.6.1/intel/16.1.150/lib -Wl,-rpath,/apps/netcdf/4.6.1/intel/16.1.150/lib -Wl,-rpath,/apps/netcdf/4.6.1/intel/16.1.150/lib -Wl,-rpath,/apps/intel/compilers_and_libraries_2018.5.274/linux/compiler/lib/intel64_lin/ -o /scratch1/NCEPDEV/stmp2/role.esmfmaint/intel_18.0.5a_mpiuni_O_develop/DEFAULTINSTALLDIR/bin/binO/Linux.intel.64.mpiuni.default/ESMF_Scrip2Unstruct /scratch1/NCEPDEV/stmp2/role.esmfmaint/intel_18.0.5a_mpiuni_O_develop/obj/objO/Linux.intel.64.mpiuni.default/src/apps/ESMF_Scrip2Unstruct/ESMF_Scrip2Unstruct.o -lesmf  -lifport -lifcoremt -limf -lsvml -lm -lipgo -liomp5 -lintlc -lpthread -lsvml -lgcc -lgcc_s -lirc_s -ldl -lrt -ldl -lnetcdf -lnetcdff -lnetcdf -lnetcdf
make[4]: Leaving directory `/scratch1/NCEPDEV/stmp2/role.esmfmaint/intel_18.0.5a_mpiuni_O_develop/src/apps/ESMF_Scrip2Unstruct'
tree_build_apps in: /scratch1/NCEPDEV/stmp2/role.esmfmaint/intel_18.0.5a_mpiuni_O_develop/src/apps/ESMF_Regrid
make[4]: Entering directory `/scratch1/NCEPDEV/stmp2/role.esmfmaint/intel_18.0.5a_mpiuni_O_develop/src/apps/ESMF_Regrid'
make chkdir_apps
make[5]: Entering directory `/scratch1/NCEPDEV/stmp2/role.esmfmaint/intel_18.0.5a_mpiuni_O_develop/src/apps/ESMF_Regrid'
make[5]: Leaving directory `/scratch1/NCEPDEV/stmp2/role.esmfmaint/intel_18.0.5a_mpiuni_O_develop/src/apps/ESMF_Regrid'
ifort    -m64 -mcmodel=small -pthread -threads -Wl,--no-as-needed  -qopenmp -L/scratch1/NCEPDEV/stmp2/role.esmfmaint/intel_18.0.5a_mpiuni_O_develop/DEFAULTINSTALLDIR/lib/libO/Linux.intel.64.mpiuni.default -L/apps/netcdf/4.6.1/intel/16.1.150/lib -L/apps/netcdf/4.6.1/intel/16.1.150/lib -L/apps/netcdf/4.6.1/intel/16.1.150/lib  -Wl,-rpath,/scratch1/NCEPDEV/stmp2/role.esmfmaint/intel_18.0.5a_mpiuni_O_develop/DEFAULTINSTALLDIR/lib/libO/Linux.intel.64.mpiuni.default -Wl,-rpath,/apps/netcdf/4.6.1/intel/16.1.150/lib -Wl,-rpath,/apps/netcdf/4.6.1/intel/16.1.150/lib -Wl,-rpath,/apps/netcdf/4.6.1/intel/16.1.150/lib -o /scratch1/NCEPDEV/stmp2/role.esmfmaint/intel_18.0.5a_mpiuni_O_develop/DEFAULTINSTALLDIR/bin/binO/Linux.intel.64.mpiuni.default/ESMF_Regrid /scratch1/NCEPDEV/stmp2/role.esmfmaint/intel_18.0.5a_mpiuni_O_develop/obj/objO/Linux.intel.64.mpiuni.default/src/apps/ESMF_Regrid/ESMF_Regrid.o -lesmf  -cxxlib -lrt -ldl -lnetcdf -lnetcdff -lnetcdf -lnetcdf
make[4]: Leaving directory `/scratch1/NCEPDEV/stmp2/role.esmfmaint/intel_18.0.5a_mpiuni_O_develop/src/apps/ESMF_Regrid'
make[3]: Leaving directory `/scratch1/NCEPDEV/stmp2/role.esmfmaint/intel_18.0.5a_mpiuni_O_develop/src/apps'
ESMF apps built successfully.
make[2]: Leaving directory `/scratch1/NCEPDEV/stmp2/role.esmfmaint/intel_18.0.5a_mpiuni_O_develop'
make[1]: Leaving directory `/scratch1/NCEPDEV/stmp2/role.esmfmaint/intel_18.0.5a_mpiuni_O_develop'
mkdir -p /scratch1/NCEPDEV/stmp2/role.esmfmaint/intel_18.0.5a_mpiuni_O_develop/DEFAULTINSTALLDIR/doc
make install_info_mk
make[1]: Entering directory `/scratch1/NCEPDEV/stmp2/role.esmfmaint/intel_18.0.5a_mpiuni_O_develop'
make info_mk ESMF_APPSDIR=/scratch1/NCEPDEV/stmp2/role.esmfmaint/intel_18.0.5a_mpiuni_O_develop/DEFAULTINSTALLDIR/bin/binO/Linux.intel.64.mpiuni.default ESMF_LDIR=/scratch1/NCEPDEV/stmp2/role.esmfmaint/intel_18.0.5a_mpiuni_O_develop/DEFAULTINSTALLDIR/lib/libO/Linux.intel.64.mpiuni.default ESMF_LIBDIR=/scratch1/NCEPDEV/stmp2/role.esmfmaint/intel_18.0.5a_mpiuni_O_develop/DEFAULTINSTALLDIR/lib/libO/Linux.intel.64.mpiuni.default ESMF_MODDIR=/scratch1/NCEPDEV/stmp2/role.esmfmaint/intel_18.0.5a_mpiuni_O_develop/DEFAULTINSTALLDIR/mod/modO/Linux.intel.64.mpiuni.default ESMF_INCDIR=/scratch1/NCEPDEV/stmp2/role.esmfmaint/intel_18.0.5a_mpiuni_O_develop/DEFAULTINSTALLDIR/include
make[2]: Entering directory `/scratch1/NCEPDEV/stmp2/role.esmfmaint/intel_18.0.5a_mpiuni_O_develop'
make[2]: Leaving directory `/scratch1/NCEPDEV/stmp2/role.esmfmaint/intel_18.0.5a_mpiuni_O_develop'
make[1]: Leaving directory `/scratch1/NCEPDEV/stmp2/role.esmfmaint/intel_18.0.5a_mpiuni_O_develop'
 
ESMF installation complete.
 
