build time -- 2022-07-21 06:35:06
20220721 070800.025 INFO             PET0 !!!!!!!!!!!!!!!!!!!!!!!!!!!!!!!!!!!!!!!!!!!!!!!!!!!!!!
20220721 070800.025 INFO             PET0 !!! THE ESMF_LOG IS SET TO OUTPUT ALL LOG MESSAGES !!!
20220721 070800.025 INFO             PET0 !!!     THIS MAY CAUSE SLOWDOWN IN PERFORMANCE     !!!
20220721 070800.025 INFO             PET0 !!! FOR PRODUCTION RUNS, USE:                      !!!
20220721 070800.025 INFO             PET0 !!!                   ESMF_LOGKIND_Multi_On_Error  !!!
20220721 070800.025 INFO             PET0 !!!!!!!!!!!!!!!!!!!!!!!!!!!!!!!!!!!!!!!!!!!!!!!!!!!!!!
20220721 070800.026 INFO             PET0 Running with ESMF Version   : v8.4.0b06-6-g1266599ea8
20220721 070800.026 INFO             PET0 ESMF library build date/time: "Jul 21 2022" "06:33:15"
20220721 070800.026 INFO             PET0 ESMF library build location : /scratch1/NCEPDEV/stmp2/role.esmfmaint/intel_18.0.5a_mpiuni_g_develop
20220721 070800.026 INFO             PET0 ESMF_COMM                   : mpiuni
20220721 070800.026 INFO             PET0 ESMF_MOAB                   : enabled
20220721 070800.026 INFO             PET0 ESMF_LAPACK                 : enabled
20220721 070800.026 INFO             PET0 ESMF_NETCDF                 : enabled
20220721 070800.026 INFO             PET0 ESMF_PNETCDF                : disabled
20220721 070800.026 INFO             PET0 ESMF_PIO                    : disabled
20220721 070800.026 INFO             PET0 ESMF_YAMLCPP                : enabled
20220721 070800.030 INFO             PET0  NUMBER_OF_PROCESSORS           1
20220721 070800.030 INFO             PET0  PASS  Example ESMF_GCompEx, ESMF_GCompEx.F90, line 465
20220721 070800.030 INFO             PET0 Finalizing ESMF
