build time -- 2022-07-08 06:07:32
20220708 063721.814 INFO             PET0 !!!!!!!!!!!!!!!!!!!!!!!!!!!!!!!!!!!!!!!!!!!!!!!!!!!!!!
20220708 063721.814 INFO             PET0 !!! THE ESMF_LOG IS SET TO OUTPUT ALL LOG MESSAGES !!!
20220708 063721.814 INFO             PET0 !!!     THIS MAY CAUSE SLOWDOWN IN PERFORMANCE     !!!
20220708 063721.814 INFO             PET0 !!! FOR PRODUCTION RUNS, USE:                      !!!
20220708 063721.814 INFO             PET0 !!!                   ESMF_LOGKIND_Multi_On_Error  !!!
20220708 063721.814 INFO             PET0 !!!!!!!!!!!!!!!!!!!!!!!!!!!!!!!!!!!!!!!!!!!!!!!!!!!!!!
20220708 063721.814 INFO             PET0 Running with ESMF Version   : v8.4.0b03-3-g14a79d558f
20220708 063721.814 INFO             PET0 ESMF library build date/time: "Jul  8 2022" "06:05:49"
20220708 063721.814 INFO             PET0 ESMF library build location : /scratch1/NCEPDEV/stmp2/role.esmfmaint/intel_18.0.5a_mpiuni_g_develop
20220708 063721.814 INFO             PET0 ESMF_COMM                   : mpiuni
20220708 063721.815 INFO             PET0 ESMF_MOAB                   : enabled
20220708 063721.815 INFO             PET0 ESMF_LAPACK                 : enabled
20220708 063721.815 INFO             PET0 ESMF_NETCDF                 : enabled
20220708 063721.815 INFO             PET0 ESMF_PNETCDF                : disabled
20220708 063721.815 INFO             PET0 ESMF_PIO                    : disabled
20220708 063721.815 INFO             PET0 ESMF_YAMLCPP                : enabled
20220708 063721.907 DEBUG            PET0 about to destroy Grid: 0x26985b0
20220708 063721.926 DEBUG            PET0 about to destroy Grid: 0x269abe0
20220708 063721.974 INFO             PET0  NUMBER_OF_PROCESSORS           1
20220708 063721.974 INFO             PET0  PASS  Example ESMF_NUOPCAtmModelEx, ESMF_NUOPCAtmModelEx.F90, line 806
20220708 063721.974 INFO             PET0 Finalizing ESMF
