build time -- 2022-07-01 06:07:45
20220701 074255.892 INFO             PET0 !!!!!!!!!!!!!!!!!!!!!!!!!!!!!!!!!!!!!!!!!!!!!!!!!!!!!!
20220701 074255.892 INFO             PET0 !!! THE ESMF_LOG IS SET TO OUTPUT ALL LOG MESSAGES !!!
20220701 074255.892 INFO             PET0 !!!     THIS MAY CAUSE SLOWDOWN IN PERFORMANCE     !!!
20220701 074255.892 INFO             PET0 !!! FOR PRODUCTION RUNS, USE:                      !!!
20220701 074255.892 INFO             PET0 !!!                   ESMF_LOGKIND_Multi_On_Error  !!!
20220701 074255.892 INFO             PET0 !!!!!!!!!!!!!!!!!!!!!!!!!!!!!!!!!!!!!!!!!!!!!!!!!!!!!!
20220701 074255.892 INFO             PET0 Running with ESMF Version   : v8.4.0b02
20220701 074255.892 INFO             PET0 ESMF library build date/time: "Jul  1 2022" "06:05:54"
20220701 074255.892 INFO             PET0 ESMF library build location : /scratch1/NCEPDEV/stmp2/role.esmfmaint/intel_18.0.5a_mpiuni_g_develop
20220701 074255.892 INFO             PET0 ESMF_COMM                   : mpiuni
20220701 074255.893 INFO             PET0 ESMF_MOAB                   : enabled
20220701 074255.893 INFO             PET0 ESMF_LAPACK                 : enabled
20220701 074255.893 INFO             PET0 ESMF_NETCDF                 : enabled
20220701 074255.893 INFO             PET0 ESMF_PNETCDF                : disabled
20220701 074255.893 INFO             PET0 ESMF_PIO                    : disabled
20220701 074255.893 INFO             PET0 ESMF_YAMLCPP                : enabled
20220701 074255.893 INFO             PET0 Log Write 2
20220701 074255.893 ERROR            PET0 Invalid object  - Convergence failure
20220701 074255.893 ERROR            PET0 ESMCI_Fraction.C:1444 ESMCI::Fraction::validate() must have non-zero denominator.
20220701 074255.893 ERROR            PET0 ESMCI_Time.C:838 ESMCI::Time::syncToRealTime() Wrong argument specified  - ; calkindflag is JULIANDAY, MODJULIANDAY or NOCALENDAR.
20220701 074255.893 ERROR            PET0 ESMF_Time.F90:1485 ESMF_TimeSyncToRealTime() Wrong argument specified  - Internal subroutine call returned Error
20220701 074255.893 ERROR            PET0 Wrong argument specified  - getting wall clock time
20220701 074255.895 INFO             PET0  NUMBER_OF_PROCESSORS           1
20220701 074255.896 INFO             PET0  PASS  Example ESMF_LogErrEx, ESMF_LogErrEx.F90, line 186
20220701 074255.896 INFO             PET0 Finalizing ESMF
