build time -- 2022-07-16 10:51:06
20220716 144257.574 INFO             PET0 !!!!!!!!!!!!!!!!!!!!!!!!!!!!!!!!!!!!!!!!!!!!!!!!!!!!!!
20220716 144257.574 INFO             PET0 !!! THE ESMF_LOG IS SET TO OUTPUT ALL LOG MESSAGES !!!
20220716 144257.574 INFO             PET0 !!!     THIS MAY CAUSE SLOWDOWN IN PERFORMANCE     !!!
20220716 144257.574 INFO             PET0 !!! FOR PRODUCTION RUNS, USE:                      !!!
20220716 144257.574 INFO             PET0 !!!                   ESMF_LOGKIND_Multi_On_Error  !!!
20220716 144257.574 INFO             PET0 !!!!!!!!!!!!!!!!!!!!!!!!!!!!!!!!!!!!!!!!!!!!!!!!!!!!!!
20220716 144257.574 INFO             PET0 Running with ESMF Version   : v8.4.0b04-2-gc831a7cd4a
20220716 144257.574 INFO             PET0 ESMF library build date/time: "Jul 16 2022" "08:33:58"
20220716 144257.574 INFO             PET0 ESMF library build location : /scratch1/NCEPDEV/stmp2/role.esmfmaint/intel_18.0.5a_mpiuni_g_develop
20220716 144257.574 INFO             PET0 ESMF_COMM                   : mpiuni
20220716 144257.575 INFO             PET0 ESMF_MOAB                   : enabled
20220716 144257.575 INFO             PET0 ESMF_LAPACK                 : enabled
20220716 144257.575 INFO             PET0 ESMF_NETCDF                 : enabled
20220716 144257.575 INFO             PET0 ESMF_PNETCDF                : disabled
20220716 144257.575 INFO             PET0 ESMF_PIO                    : disabled
20220716 144257.575 INFO             PET0 ESMF_YAMLCPP                : enabled
20220716 144257.577 INFO             PET0  NUMBER_OF_PROCESSORS           1
20220716 144257.577 INFO             PET0  PASS  Example ESMF_AlarmEx, ESMF_AlarmEx.F90, line 244
20220716 144257.577 INFO             PET0 Finalizing ESMF
