build time -- 2022-07-20 02:22:54.911599
20220720 025335.747 INFO             PET0 !!!!!!!!!!!!!!!!!!!!!!!!!!!!!!!!!!!!!!!!!!!!!!!!!!!!!!
20220720 025335.747 INFO             PET0 !!! THE ESMF_LOG IS SET TO OUTPUT ALL LOG MESSAGES !!!
20220720 025335.747 INFO             PET0 !!!     THIS MAY CAUSE SLOWDOWN IN PERFORMANCE     !!!
20220720 025335.747 INFO             PET0 !!! FOR PRODUCTION RUNS, USE:                      !!!
20220720 025335.747 INFO             PET0 !!!                   ESMF_LOGKIND_Multi_On_Error  !!!
20220720 025335.747 INFO             PET0 !!!!!!!!!!!!!!!!!!!!!!!!!!!!!!!!!!!!!!!!!!!!!!!!!!!!!!
20220720 025335.747 INFO             PET0 Running with ESMF Version   : v8.4.0b06-4-gd14c4971e8
20220720 025335.747 INFO             PET0 ESMF library build date/time: "Jul 20 2022" "02:20:47"
20220720 025335.747 INFO             PET0 ESMF library build location : /glade/scratch/dunlap/esmf-testing/gfortran_9.1.0_openmpi_O_develop
20220720 025335.747 INFO             PET0 ESMF_COMM                   : openmpi
20220720 025335.747 INFO             PET0 ESMF_MOAB                   : enabled
20220720 025335.747 INFO             PET0 ESMF_LAPACK                 : enabled
20220720 025335.747 INFO             PET0 ESMF_NETCDF                 : enabled
20220720 025335.747 INFO             PET0 ESMF_PNETCDF                : disabled
20220720 025335.747 INFO             PET0 ESMF_PIO                    : enabled
20220720 025335.747 INFO             PET0 ESMF_YAMLCPP                : enabled
20220720 025335.752 INFO             PET0 ESMF_FieldRedistStoreNF(): Just entered routine.
20220720 025335.799 INFO             PET0 ESMF_FieldRedistStoreNF(): Leaving routine.
20220720 025335.816 INFO             PET0  NUMBER_OF_PROCESSORS           4
20220720 025335.816 INFO             PET0  PASS  Example ESMF_RHandleFromFileEx, ESMF_RHandleFromFileEx.F90, line 192
20220720 025335.816 INFO             PET0 Finalizing ESMF
20220720 025335.748 INFO             PET1 !!!!!!!!!!!!!!!!!!!!!!!!!!!!!!!!!!!!!!!!!!!!!!!!!!!!!!
20220720 025335.749 INFO             PET1 !!! THE ESMF_LOG IS SET TO OUTPUT ALL LOG MESSAGES !!!
20220720 025335.749 INFO             PET1 !!!     THIS MAY CAUSE SLOWDOWN IN PERFORMANCE     !!!
20220720 025335.749 INFO             PET1 !!! FOR PRODUCTION RUNS, USE:                      !!!
20220720 025335.749 INFO             PET1 !!!                   ESMF_LOGKIND_Multi_On_Error  !!!
20220720 025335.749 INFO             PET1 !!!!!!!!!!!!!!!!!!!!!!!!!!!!!!!!!!!!!!!!!!!!!!!!!!!!!!
20220720 025335.749 INFO             PET1 Running with ESMF Version   : v8.4.0b06-4-gd14c4971e8
20220720 025335.749 INFO             PET1 ESMF library build date/time: "Jul 20 2022" "02:20:47"
20220720 025335.749 INFO             PET1 ESMF library build location : /glade/scratch/dunlap/esmf-testing/gfortran_9.1.0_openmpi_O_develop
20220720 025335.749 INFO             PET1 ESMF_COMM                   : openmpi
20220720 025335.749 INFO             PET1 ESMF_MOAB                   : enabled
20220720 025335.749 INFO             PET1 ESMF_LAPACK                 : enabled
20220720 025335.749 INFO             PET1 ESMF_NETCDF                 : enabled
20220720 025335.749 INFO             PET1 ESMF_PNETCDF                : disabled
20220720 025335.749 INFO             PET1 ESMF_PIO                    : enabled
20220720 025335.749 INFO             PET1 ESMF_YAMLCPP                : enabled
20220720 025335.751 INFO             PET1 ESMF_FieldRedistStoreNF(): Just entered routine.
20220720 025335.799 INFO             PET1 ESMF_FieldRedistStoreNF(): Leaving routine.
20220720 025335.816 INFO             PET1  NUMBER_OF_PROCESSORS           4
20220720 025335.816 INFO             PET1  PASS  Example ESMF_RHandleFromFileEx, ESMF_RHandleFromFileEx.F90, line 192
20220720 025335.816 INFO             PET1 Finalizing ESMF
20220720 025335.747 INFO             PET2 !!!!!!!!!!!!!!!!!!!!!!!!!!!!!!!!!!!!!!!!!!!!!!!!!!!!!!
20220720 025335.747 INFO             PET2 !!! THE ESMF_LOG IS SET TO OUTPUT ALL LOG MESSAGES !!!
20220720 025335.747 INFO             PET2 !!!     THIS MAY CAUSE SLOWDOWN IN PERFORMANCE     !!!
20220720 025335.747 INFO             PET2 !!! FOR PRODUCTION RUNS, USE:                      !!!
20220720 025335.747 INFO             PET2 !!!                   ESMF_LOGKIND_Multi_On_Error  !!!
20220720 025335.747 INFO             PET2 !!!!!!!!!!!!!!!!!!!!!!!!!!!!!!!!!!!!!!!!!!!!!!!!!!!!!!
20220720 025335.747 INFO             PET2 Running with ESMF Version   : v8.4.0b06-4-gd14c4971e8
20220720 025335.747 INFO             PET2 ESMF library build date/time: "Jul 20 2022" "02:20:47"
20220720 025335.747 INFO             PET2 ESMF library build location : /glade/scratch/dunlap/esmf-testing/gfortran_9.1.0_openmpi_O_develop
20220720 025335.747 INFO             PET2 ESMF_COMM                   : openmpi
20220720 025335.747 INFO             PET2 ESMF_MOAB                   : enabled
20220720 025335.747 INFO             PET2 ESMF_LAPACK                 : enabled
20220720 025335.747 INFO             PET2 ESMF_NETCDF                 : enabled
20220720 025335.747 INFO             PET2 ESMF_PNETCDF                : disabled
20220720 025335.747 INFO             PET2 ESMF_PIO                    : enabled
20220720 025335.747 INFO             PET2 ESMF_YAMLCPP                : enabled
20220720 025335.751 INFO             PET2 ESMF_FieldRedistStoreNF(): Just entered routine.
20220720 025335.799 INFO             PET2 ESMF_FieldRedistStoreNF(): Leaving routine.
20220720 025335.816 INFO             PET2  NUMBER_OF_PROCESSORS           4
20220720 025335.816 INFO             PET2  PASS  Example ESMF_RHandleFromFileEx, ESMF_RHandleFromFileEx.F90, line 192
20220720 025335.816 INFO             PET2 Finalizing ESMF
20220720 025335.749 INFO             PET3 !!!!!!!!!!!!!!!!!!!!!!!!!!!!!!!!!!!!!!!!!!!!!!!!!!!!!!
20220720 025335.749 INFO             PET3 !!! THE ESMF_LOG IS SET TO OUTPUT ALL LOG MESSAGES !!!
20220720 025335.749 INFO             PET3 !!!     THIS MAY CAUSE SLOWDOWN IN PERFORMANCE     !!!
20220720 025335.749 INFO             PET3 !!! FOR PRODUCTION RUNS, USE:                      !!!
20220720 025335.749 INFO             PET3 !!!                   ESMF_LOGKIND_Multi_On_Error  !!!
20220720 025335.749 INFO             PET3 !!!!!!!!!!!!!!!!!!!!!!!!!!!!!!!!!!!!!!!!!!!!!!!!!!!!!!
20220720 025335.749 INFO             PET3 Running with ESMF Version   : v8.4.0b06-4-gd14c4971e8
20220720 025335.749 INFO             PET3 ESMF library build date/time: "Jul 20 2022" "02:20:47"
20220720 025335.749 INFO             PET3 ESMF library build location : /glade/scratch/dunlap/esmf-testing/gfortran_9.1.0_openmpi_O_develop
20220720 025335.749 INFO             PET3 ESMF_COMM                   : openmpi
20220720 025335.749 INFO             PET3 ESMF_MOAB                   : enabled
20220720 025335.749 INFO             PET3 ESMF_LAPACK                 : enabled
20220720 025335.749 INFO             PET3 ESMF_NETCDF                 : enabled
20220720 025335.749 INFO             PET3 ESMF_PNETCDF                : disabled
20220720 025335.749 INFO             PET3 ESMF_PIO                    : enabled
20220720 025335.749 INFO             PET3 ESMF_YAMLCPP                : enabled
20220720 025335.752 INFO             PET3 ESMF_FieldRedistStoreNF(): Just entered routine.
20220720 025335.799 INFO             PET3 ESMF_FieldRedistStoreNF(): Leaving routine.
20220720 025335.816 INFO             PET3  NUMBER_OF_PROCESSORS           4
20220720 025335.816 INFO             PET3  PASS  Example ESMF_RHandleFromFileEx, ESMF_RHandleFromFileEx.F90, line 192
20220720 025335.816 INFO             PET3 Finalizing ESMF
