build time -- 2022-07-10 02:20:50.408126
20220710 025022.152 INFO             PET0 !!!!!!!!!!!!!!!!!!!!!!!!!!!!!!!!!!!!!!!!!!!!!!!!!!!!!!
20220710 025022.152 INFO             PET0 !!! THE ESMF_LOG IS SET TO OUTPUT ALL LOG MESSAGES !!!
20220710 025022.152 INFO             PET0 !!!     THIS MAY CAUSE SLOWDOWN IN PERFORMANCE     !!!
20220710 025022.152 INFO             PET0 !!! FOR PRODUCTION RUNS, USE:                      !!!
20220710 025022.152 INFO             PET0 !!!                   ESMF_LOGKIND_Multi_On_Error  !!!
20220710 025022.152 INFO             PET0 !!!!!!!!!!!!!!!!!!!!!!!!!!!!!!!!!!!!!!!!!!!!!!!!!!!!!!
20220710 025022.152 INFO             PET0 Running with ESMF Version   : v8.4.0b03-3-g14a79d558f
20220710 025022.152 INFO             PET0 ESMF library build date/time: "Jul 10 2022" "02:18:41"
20220710 025022.152 INFO             PET0 ESMF library build location : /glade/scratch/dunlap/esmf-testing/gfortran_9.1.0_openmpi_O_develop
20220710 025022.152 INFO             PET0 ESMF_COMM                   : openmpi
20220710 025022.152 INFO             PET0 ESMF_MOAB                   : enabled
20220710 025022.152 INFO             PET0 ESMF_LAPACK                 : enabled
20220710 025022.152 INFO             PET0 ESMF_NETCDF                 : enabled
20220710 025022.152 INFO             PET0 ESMF_PNETCDF                : disabled
20220710 025022.152 INFO             PET0 ESMF_PIO                    : enabled
20220710 025022.152 INFO             PET0 ESMF_YAMLCPP                : enabled
20220710 025022.152 INFO             PET0  NUMBER_OF_PROCESSORS           4
20220710 025022.152 INFO             PET0  PASS  Example ESMF_VMUserMpiCommMultiEx, ESMF_VMUserMpiCommMultiEx.F90, line 126
20220710 025022.152 INFO             PET0 Finalizing ESMF
20220710 025022.152 INFO             PET0 !!!!!!!!!!!!!!!!!!!!!!!!!!!!!!!!!!!!!!!!!!!!!!!!!!!!!!
20220710 025022.153 INFO             PET0 !!! THE ESMF_LOG IS SET TO OUTPUT ALL LOG MESSAGES !!!
20220710 025022.153 INFO             PET0 !!!     THIS MAY CAUSE SLOWDOWN IN PERFORMANCE     !!!
20220710 025022.153 INFO             PET0 !!! FOR PRODUCTION RUNS, USE:                      !!!
20220710 025022.153 INFO             PET0 !!!                   ESMF_LOGKIND_Multi_On_Error  !!!
20220710 025022.153 INFO             PET0 !!!!!!!!!!!!!!!!!!!!!!!!!!!!!!!!!!!!!!!!!!!!!!!!!!!!!!
20220710 025022.153 INFO             PET0 Running with ESMF Version   : v8.4.0b03-3-g14a79d558f
20220710 025022.153 INFO             PET0 ESMF library build date/time: "Jul 10 2022" "02:18:41"
20220710 025022.153 INFO             PET0 ESMF library build location : /glade/scratch/dunlap/esmf-testing/gfortran_9.1.0_openmpi_O_develop
20220710 025022.153 INFO             PET0 ESMF_COMM                   : openmpi
20220710 025022.153 INFO             PET0 ESMF_MOAB                   : enabled
20220710 025022.153 INFO             PET0 ESMF_LAPACK                 : enabled
20220710 025022.153 INFO             PET0 ESMF_NETCDF                 : enabled
20220710 025022.153 INFO             PET0 ESMF_PNETCDF                : disabled
20220710 025022.153 INFO             PET0 ESMF_PIO                    : enabled
20220710 025022.153 INFO             PET0 ESMF_YAMLCPP                : enabled
20220710 025022.153 INFO             PET0  NUMBER_OF_PROCESSORS           4
20220710 025022.153 INFO             PET0  PASS  Example ESMF_VMUserMpiCommMultiEx, ESMF_VMUserMpiCommMultiEx.F90, line 154
20220710 025022.153 INFO             PET0 Finalizing ESMF
20220710 025022.152 INFO             PET1 !!!!!!!!!!!!!!!!!!!!!!!!!!!!!!!!!!!!!!!!!!!!!!!!!!!!!!
20220710 025022.152 INFO             PET1 !!! THE ESMF_LOG IS SET TO OUTPUT ALL LOG MESSAGES !!!
20220710 025022.152 INFO             PET1 !!!     THIS MAY CAUSE SLOWDOWN IN PERFORMANCE     !!!
20220710 025022.152 INFO             PET1 !!! FOR PRODUCTION RUNS, USE:                      !!!
20220710 025022.152 INFO             PET1 !!!                   ESMF_LOGKIND_Multi_On_Error  !!!
20220710 025022.152 INFO             PET1 !!!!!!!!!!!!!!!!!!!!!!!!!!!!!!!!!!!!!!!!!!!!!!!!!!!!!!
20220710 025022.152 INFO             PET1 Running with ESMF Version   : v8.4.0b03-3-g14a79d558f
20220710 025022.152 INFO             PET1 ESMF library build date/time: "Jul 10 2022" "02:18:41"
20220710 025022.152 INFO             PET1 ESMF library build location : /glade/scratch/dunlap/esmf-testing/gfortran_9.1.0_openmpi_O_develop
20220710 025022.152 INFO             PET1 ESMF_COMM                   : openmpi
20220710 025022.152 INFO             PET1 ESMF_MOAB                   : enabled
20220710 025022.152 INFO             PET1 ESMF_LAPACK                 : enabled
20220710 025022.152 INFO             PET1 ESMF_NETCDF                 : enabled
20220710 025022.152 INFO             PET1 ESMF_PNETCDF                : disabled
20220710 025022.152 INFO             PET1 ESMF_PIO                    : enabled
20220710 025022.152 INFO             PET1 ESMF_YAMLCPP                : enabled
20220710 025022.152 INFO             PET1  NUMBER_OF_PROCESSORS           4
20220710 025022.152 INFO             PET1  PASS  Example ESMF_VMUserMpiCommMultiEx, ESMF_VMUserMpiCommMultiEx.F90, line 126
20220710 025022.152 INFO             PET1 Finalizing ESMF
20220710 025022.152 INFO             PET1 !!!!!!!!!!!!!!!!!!!!!!!!!!!!!!!!!!!!!!!!!!!!!!!!!!!!!!
20220710 025022.152 INFO             PET1 !!! THE ESMF_LOG IS SET TO OUTPUT ALL LOG MESSAGES !!!
20220710 025022.152 INFO             PET1 !!!     THIS MAY CAUSE SLOWDOWN IN PERFORMANCE     !!!
20220710 025022.152 INFO             PET1 !!! FOR PRODUCTION RUNS, USE:                      !!!
20220710 025022.152 INFO             PET1 !!!                   ESMF_LOGKIND_Multi_On_Error  !!!
20220710 025022.152 INFO             PET1 !!!!!!!!!!!!!!!!!!!!!!!!!!!!!!!!!!!!!!!!!!!!!!!!!!!!!!
20220710 025022.152 INFO             PET1 Running with ESMF Version   : v8.4.0b03-3-g14a79d558f
20220710 025022.152 INFO             PET1 ESMF library build date/time: "Jul 10 2022" "02:18:41"
20220710 025022.152 INFO             PET1 ESMF library build location : /glade/scratch/dunlap/esmf-testing/gfortran_9.1.0_openmpi_O_develop
20220710 025022.152 INFO             PET1 ESMF_COMM                   : openmpi
20220710 025022.152 INFO             PET1 ESMF_MOAB                   : enabled
20220710 025022.152 INFO             PET1 ESMF_LAPACK                 : enabled
20220710 025022.152 INFO             PET1 ESMF_NETCDF                 : enabled
20220710 025022.152 INFO             PET1 ESMF_PNETCDF                : disabled
20220710 025022.152 INFO             PET1 ESMF_PIO                    : enabled
20220710 025022.152 INFO             PET1 ESMF_YAMLCPP                : enabled
20220710 025022.153 INFO             PET1  NUMBER_OF_PROCESSORS           4
20220710 025022.153 INFO             PET1  PASS  Example ESMF_VMUserMpiCommMultiEx, ESMF_VMUserMpiCommMultiEx.F90, line 154
20220710 025022.153 INFO             PET1 Finalizing ESMF
