build time -- 2022-06-27 02:28:30.572036
20220627 030751.104 INFO             PET0 !!!!!!!!!!!!!!!!!!!!!!!!!!!!!!!!!!!!!!!!!!!!!!!!!!!!!!
20220627 030751.104 INFO             PET0 !!! THE ESMF_LOG IS SET TO OUTPUT ALL LOG MESSAGES !!!
20220627 030751.104 INFO             PET0 !!!     THIS MAY CAUSE SLOWDOWN IN PERFORMANCE     !!!
20220627 030751.104 INFO             PET0 !!! FOR PRODUCTION RUNS, USE:                      !!!
20220627 030751.104 INFO             PET0 !!!                   ESMF_LOGKIND_Multi_On_Error  !!!
20220627 030751.104 INFO             PET0 !!!!!!!!!!!!!!!!!!!!!!!!!!!!!!!!!!!!!!!!!!!!!!!!!!!!!!
20220627 030751.104 INFO             PET0 Running with ESMF Version   : v8.4.0b01-2-gf0d4ab211d
20220627 030751.104 INFO             PET0 ESMF library build date/time: "Jun 27 2022" "02:26:22"
20220627 030751.104 INFO             PET0 ESMF library build location : /glade/scratch/dunlap/esmf-testing/gfortran_9.1.0_openmpi_O_develop
20220627 030751.104 INFO             PET0 ESMF_COMM                   : openmpi
20220627 030751.105 INFO             PET0 ESMF_MOAB                   : enabled
20220627 030751.105 INFO             PET0 ESMF_LAPACK                 : enabled
20220627 030751.105 INFO             PET0 ESMF_NETCDF                 : enabled
20220627 030751.105 INFO             PET0 ESMF_PNETCDF                : disabled
20220627 030751.105 INFO             PET0 ESMF_PIO                    : enabled
20220627 030751.105 INFO             PET0 ESMF_YAMLCPP                : enabled
20220627 030751.145 DEBUG            PET0 about to destroy Grid: 0x17c2290
20220627 030751.149 DEBUG            PET0 about to destroy Grid: 0x17c42d0
20220627 030751.160 INFO             PET0  NUMBER_OF_PROCESSORS           4
20220627 030751.160 INFO             PET0  PASS  Example ESMF_NUOPCAtmModelEx, ESMF_NUOPCAtmModelEx.F90, line 806
20220627 030751.160 INFO             PET0 Finalizing ESMF
20220627 030751.105 INFO             PET1 !!!!!!!!!!!!!!!!!!!!!!!!!!!!!!!!!!!!!!!!!!!!!!!!!!!!!!
20220627 030751.105 INFO             PET1 !!! THE ESMF_LOG IS SET TO OUTPUT ALL LOG MESSAGES !!!
20220627 030751.105 INFO             PET1 !!!     THIS MAY CAUSE SLOWDOWN IN PERFORMANCE     !!!
20220627 030751.105 INFO             PET1 !!! FOR PRODUCTION RUNS, USE:                      !!!
20220627 030751.105 INFO             PET1 !!!                   ESMF_LOGKIND_Multi_On_Error  !!!
20220627 030751.105 INFO             PET1 !!!!!!!!!!!!!!!!!!!!!!!!!!!!!!!!!!!!!!!!!!!!!!!!!!!!!!
20220627 030751.105 INFO             PET1 Running with ESMF Version   : v8.4.0b01-2-gf0d4ab211d
20220627 030751.105 INFO             PET1 ESMF library build date/time: "Jun 27 2022" "02:26:22"
20220627 030751.105 INFO             PET1 ESMF library build location : /glade/scratch/dunlap/esmf-testing/gfortran_9.1.0_openmpi_O_develop
20220627 030751.105 INFO             PET1 ESMF_COMM                   : openmpi
20220627 030751.105 INFO             PET1 ESMF_MOAB                   : enabled
20220627 030751.105 INFO             PET1 ESMF_LAPACK                 : enabled
20220627 030751.105 INFO             PET1 ESMF_NETCDF                 : enabled
20220627 030751.105 INFO             PET1 ESMF_PNETCDF                : disabled
20220627 030751.105 INFO             PET1 ESMF_PIO                    : enabled
20220627 030751.105 INFO             PET1 ESMF_YAMLCPP                : enabled
20220627 030751.145 DEBUG            PET1 about to destroy Grid: 0x1204f90
20220627 030751.149 DEBUG            PET1 about to destroy Grid: 0x12063b0
20220627 030751.161 INFO             PET1  NUMBER_OF_PROCESSORS           4
20220627 030751.161 INFO             PET1  PASS  Example ESMF_NUOPCAtmModelEx, ESMF_NUOPCAtmModelEx.F90, line 806
20220627 030751.161 INFO             PET1 Finalizing ESMF
20220627 030751.105 INFO             PET2 !!!!!!!!!!!!!!!!!!!!!!!!!!!!!!!!!!!!!!!!!!!!!!!!!!!!!!
20220627 030751.105 INFO             PET2 !!! THE ESMF_LOG IS SET TO OUTPUT ALL LOG MESSAGES !!!
20220627 030751.105 INFO             PET2 !!!     THIS MAY CAUSE SLOWDOWN IN PERFORMANCE     !!!
20220627 030751.105 INFO             PET2 !!! FOR PRODUCTION RUNS, USE:                      !!!
20220627 030751.105 INFO             PET2 !!!                   ESMF_LOGKIND_Multi_On_Error  !!!
20220627 030751.105 INFO             PET2 !!!!!!!!!!!!!!!!!!!!!!!!!!!!!!!!!!!!!!!!!!!!!!!!!!!!!!
20220627 030751.105 INFO             PET2 Running with ESMF Version   : v8.4.0b01-2-gf0d4ab211d
20220627 030751.105 INFO             PET2 ESMF library build date/time: "Jun 27 2022" "02:26:22"
20220627 030751.105 INFO             PET2 ESMF library build location : /glade/scratch/dunlap/esmf-testing/gfortran_9.1.0_openmpi_O_develop
20220627 030751.105 INFO             PET2 ESMF_COMM                   : openmpi
20220627 030751.105 INFO             PET2 ESMF_MOAB                   : enabled
20220627 030751.105 INFO             PET2 ESMF_LAPACK                 : enabled
20220627 030751.105 INFO             PET2 ESMF_NETCDF                 : enabled
20220627 030751.105 INFO             PET2 ESMF_PNETCDF                : disabled
20220627 030751.105 INFO             PET2 ESMF_PIO                    : enabled
20220627 030751.105 INFO             PET2 ESMF_YAMLCPP                : enabled
20220627 030751.145 DEBUG            PET2 about to destroy Grid: 0xe484e0
20220627 030751.149 DEBUG            PET2 about to destroy Grid: 0xe49a50
20220627 030751.160 INFO             PET2  NUMBER_OF_PROCESSORS           4
20220627 030751.160 INFO             PET2  PASS  Example ESMF_NUOPCAtmModelEx, ESMF_NUOPCAtmModelEx.F90, line 806
20220627 030751.160 INFO             PET2 Finalizing ESMF
20220627 030751.104 INFO             PET3 !!!!!!!!!!!!!!!!!!!!!!!!!!!!!!!!!!!!!!!!!!!!!!!!!!!!!!
20220627 030751.104 INFO             PET3 !!! THE ESMF_LOG IS SET TO OUTPUT ALL LOG MESSAGES !!!
20220627 030751.104 INFO             PET3 !!!     THIS MAY CAUSE SLOWDOWN IN PERFORMANCE     !!!
20220627 030751.104 INFO             PET3 !!! FOR PRODUCTION RUNS, USE:                      !!!
20220627 030751.104 INFO             PET3 !!!                   ESMF_LOGKIND_Multi_On_Error  !!!
20220627 030751.104 INFO             PET3 !!!!!!!!!!!!!!!!!!!!!!!!!!!!!!!!!!!!!!!!!!!!!!!!!!!!!!
20220627 030751.104 INFO             PET3 Running with ESMF Version   : v8.4.0b01-2-gf0d4ab211d
20220627 030751.104 INFO             PET3 ESMF library build date/time: "Jun 27 2022" "02:26:22"
20220627 030751.104 INFO             PET3 ESMF library build location : /glade/scratch/dunlap/esmf-testing/gfortran_9.1.0_openmpi_O_develop
20220627 030751.105 INFO             PET3 ESMF_COMM                   : openmpi
20220627 030751.105 INFO             PET3 ESMF_MOAB                   : enabled
20220627 030751.105 INFO             PET3 ESMF_LAPACK                 : enabled
20220627 030751.105 INFO             PET3 ESMF_NETCDF                 : enabled
20220627 030751.105 INFO             PET3 ESMF_PNETCDF                : disabled
20220627 030751.105 INFO             PET3 ESMF_PIO                    : enabled
20220627 030751.105 INFO             PET3 ESMF_YAMLCPP                : enabled
20220627 030751.145 DEBUG            PET3 about to destroy Grid: 0xb87130
20220627 030751.149 DEBUG            PET3 about to destroy Grid: 0xb88790
20220627 030751.160 INFO             PET3  NUMBER_OF_PROCESSORS           4
20220627 030751.161 INFO             PET3  PASS  Example ESMF_NUOPCAtmModelEx, ESMF_NUOPCAtmModelEx.F90, line 806
20220627 030751.161 INFO             PET3 Finalizing ESMF
