build time -- 2022-07-20 02:22:54.911599
20220720 025314.775 INFO             PET0 !!!!!!!!!!!!!!!!!!!!!!!!!!!!!!!!!!!!!!!!!!!!!!!!!!!!!!
20220720 025314.775 INFO             PET0 !!! THE ESMF_LOG IS SET TO OUTPUT ALL LOG MESSAGES !!!
20220720 025314.775 INFO             PET0 !!!     THIS MAY CAUSE SLOWDOWN IN PERFORMANCE     !!!
20220720 025314.775 INFO             PET0 !!! FOR PRODUCTION RUNS, USE:                      !!!
20220720 025314.775 INFO             PET0 !!!                   ESMF_LOGKIND_Multi_On_Error  !!!
20220720 025314.775 INFO             PET0 !!!!!!!!!!!!!!!!!!!!!!!!!!!!!!!!!!!!!!!!!!!!!!!!!!!!!!
20220720 025314.775 INFO             PET0 Running with ESMF Version   : v8.4.0b06-4-gd14c4971e8
20220720 025314.775 INFO             PET0 ESMF library build date/time: "Jul 20 2022" "02:20:47"
20220720 025314.775 INFO             PET0 ESMF library build location : /glade/scratch/dunlap/esmf-testing/gfortran_9.1.0_openmpi_O_develop
20220720 025314.775 INFO             PET0 ESMF_COMM                   : openmpi
20220720 025314.775 INFO             PET0 ESMF_MOAB                   : enabled
20220720 025314.775 INFO             PET0 ESMF_LAPACK                 : enabled
20220720 025314.775 INFO             PET0 ESMF_NETCDF                 : enabled
20220720 025314.775 INFO             PET0 ESMF_PNETCDF                : disabled
20220720 025314.775 INFO             PET0 ESMF_PIO                    : enabled
20220720 025314.775 INFO             PET0 ESMF_YAMLCPP                : enabled
20220720 025314.775 INFO             PET0  NUMBER_OF_PROCESSORS           1
20220720 025314.775 INFO             PET0  PASS  Example CalendarEx, ESMF_CalendarEx.F90, line 217
20220720 025314.775 INFO             PET0 Finalizing ESMF
