build time -- 2022-07-16 02:32:09.997157
 NUOPC DRIVER + ATM Model example run
 NUOPC DRIVER + ATM Model example run
 NUOPC DRIVER + ATM Model example run
 NUOPC DRIVER + ATM Model example run
[r14i0n18:20958:0:20958] Caught signal 11 (Segmentation fault: Sent by the kernel at address (nil))
==== backtrace (tid:  20958) ====
 0  /glade/u/apps/ch/opt/ucx/1.8.0/lib/libucs.so.0(ucs_handle_error+0x19c) [0x2b29d5aee22c]
 1  /glade/u/apps/ch/opt/ucx/1.8.0/lib/libucs.so.0(+0x2355c) [0x2b29d5aee55c]
 2  /glade/u/apps/ch/opt/ucx/1.8.0/lib/libucs.so.0(+0x237cb) [0x2b29d5aee7cb]
 3  /glade/u/apps/ch/os/lib64/libpthread.so.0(+0x11c00) [0x2b29c5aa9c00]
 4  /glade/scratch/dunlap/esmf-testing/gfortran_7.4.0_openmpi_g_feature_named-alias/lib/libg/Linux.gfortran.64.openmpi.default/libesmf.so(+0x22267f6) [0x2b29c23fb7f6]
 5  /glade/scratch/dunlap/esmf-testing/gfortran_7.4.0_openmpi_g_feature_named-alias/lib/libg/Linux.gfortran.64.openmpi.default/libesmf.so(+0x2222691) [0x2b29c23f7691]
 6  /glade/scratch/dunlap/esmf-testing/gfortran_7.4.0_openmpi_g_feature_named-alias/lib/libg/Linux.gfortran.64.openmpi.default/libesmf.so(_ZN5ESMCI6FTable12callVFuncPtrEPKcPNS_2VMEPi+0xc17) [0x2b29c11114d5]
 7  /glade/scratch/dunlap/esmf-testing/gfortran_7.4.0_openmpi_g_feature_named-alias/lib/libg/Linux.gfortran.64.openmpi.default/libesmf.so(ESMCI_FTableCallEntryPointVMHop+0x32e) [0x2b29c110e620]
 8  /glade/scratch/dunlap/esmf-testing/gfortran_7.4.0_openmpi_g_feature_named-alias/lib/libg/Linux.gfortran.64.openmpi.default/libesmf.so(_ZN5ESMCI3VMK5enterEPNS_7VMKPlanEPvS3_+0xca) [0x2b29c14c169c]
 9  /glade/scratch/dunlap/esmf-testing/gfortran_7.4.0_openmpi_g_feature_named-alias/lib/libg/Linux.gfortran.64.openmpi.default/libesmf.so(_ZN5ESMCI2VM5enterEPNS_6VMPlanEPvS3_+0xaf) [0x2b29c14daaed]
10  /glade/scratch/dunlap/esmf-testing/gfortran_7.4.0_openmpi_g_feature_named-alias/lib/libg/Linux.gfortran.64.openmpi.default/libesmf.so(c_esmc_ftablecallentrypointvm_+0x35c) [0x2b29c110eab6]
11  /glade/scratch/dunlap/esmf-testing/gfortran_7.4.0_openmpi_g_feature_named-alias/lib/libg/Linux.gfortran.64.openmpi.default/libesmf.so(__esmf_compmod_MOD_esmf_compexecute+0x983) [0x2b29c1862a28]
12  /glade/scratch/dunlap/esmf-testing/gfortran_7.4.0_openmpi_g_feature_named-alias/lib/libg/Linux.gfortran.64.openmpi.default/libesmf.so(__esmf_cplcompmod_MOD_esmf_cplcomprun+0x143) [0x2b29c1878620]
13  /glade/scratch/dunlap/esmf-testing/gfortran_7.4.0_openmpi_g_feature_named-alias/lib/libg/Linux.gfortran.64.openmpi.default/libesmf.so(+0x22da3a1) [0x2b29c24af3a1]
14  /glade/scratch/dunlap/esmf-testing/gfortran_7.4.0_openmpi_g_feature_named-alias/lib/libg/Linux.gfortran.64.openmpi.default/libesmf.so(__nuopc_driver_MOD_routine_run+0x1ffa) [0x2b29c24b2e07]
15  /glade/scratch/dunlap/esmf-testing/gfortran_7.4.0_openmpi_g_feature_named-alias/lib/libg/Linux.gfortran.64.openmpi.default/libesmf.so(_ZN5ESMCI6FTable12callVFuncPtrEPKcPNS_2VMEPi+0xc17) [0x2b29c11114d5]
16  /glade/scratch/dunlap/esmf-testing/gfortran_7.4.0_openmpi_g_feature_named-alias/lib/libg/Linux.gfortran.64.openmpi.default/libesmf.so(ESMCI_FTableCallEntryPointVMHop+0x32e) [0x2b29c110e620]
17  /glade/scratch/dunlap/esmf-testing/gfortran_7.4.0_openmpi_g_feature_named-alias/lib/libg/Linux.gfortran.64.openmpi.default/libesmf.so(_ZN5ESMCI3VMK5enterEPNS_7VMKPlanEPvS3_+0xca) [0x2b29c14c169c]
18  /glade/scratch/dunlap/esmf-testing/gfortran_7.4.0_openmpi_g_feature_named-alias/lib/libg/Linux.gfortran.64.openmpi.default/libesmf.so(_ZN5ESMCI2VM5enterEPNS_6VMPlanEPvS3_+0xaf) [0x2b29c14daaed]
19  /glade/scratch/dunlap/esmf-testing/gfortran_7.4.0_openmpi_g_feature_named-alias/lib/libg/Linux.gfortran.64.openmpi.default/libesmf.so(c_esmc_ftablecallentrypointvm_+0x35c) [0x2b29c110eab6]
20  /glade/scratch/dunlap/esmf-testing/gfortran_7.4.0_openmpi_g_feature_named-alias/lib/libg/Linux.gfortran.64.openmpi.default/libesmf.so(__esmf_compmod_MOD_esmf_compexecute+0x983) [0x2b29c1862a28]
21  /glade/scratch/dunlap/esmf-testing/gfortran_7.4.0_openmpi_g_feature_named-alias/lib/libg/Linux.gfortran.64.openmpi.default/libesmf.so(__esmf_gridcompmod_MOD_esmf_gridcomprun+0x143) [0x2b29c1ce3cc4]
22  ./ESMF_NUOPCAtmModelEx() [0x407a6b]
23  ./ESMF_NUOPCAtmModelEx() [0x407c99]
24  /glade/u/apps/ch/os/lib64/libc.so.6(__libc_start_main+0xf5) [0x2b29c5cd8a35]
25  ./ESMF_NUOPCAtmModelEx() [0x405529]
=================================

Program received signal SIGSEGV: Segmentation fault - invalid memory reference.

Backtrace for this error:
#0  0x2b29c5aa9bff in ???
#1  0x2b29c23fb7f6 in executeupdatepackets
	at /glade/scratch/dunlap/esmf-testing/gfortran_7.4.0_openmpi_g_feature_named-alias/src/addon/NUOPC/src/NUOPC_Connector.F90:5905
#2  0x2b29c23f7690 in run
	at /glade/scratch/dunlap/esmf-testing/gfortran_7.4.0_openmpi_g_feature_named-alias/src/addon/NUOPC/src/NUOPC_Connector.F90:6354
#3  0x2b29c11114d4 in _ZN5ESMCI6FTable12callVFuncPtrEPKcPNS_2VMEPi
	at /glade/scratch/dunlap/esmf-testing/gfortran_7.4.0_openmpi_g_feature_named-alias/src/Superstructure/Component/src/ESMCI_FTable.C:2167
#4  0x2b29c110e61f in ESMCI_FTableCallEntryPointVMHop
	at /glade/scratch/dunlap/esmf-testing/gfortran_7.4.0_openmpi_g_feature_named-alias/src/Superstructure/Component/src/ESMCI_FTable.C:824
#5  0x2b29c14c169b in _ZN5ESMCI3VMK5enterEPNS_7VMKPlanEPvS3_
	at /glade/scratch/dunlap/esmf-testing/gfortran_7.4.0_openmpi_g_feature_named-alias/src/Infrastructure/VM/src/ESMCI_VMKernel.C:2308
#6  0x2b29c14daaec in _ZN5ESMCI2VM5enterEPNS_6VMPlanEPvS3_
	at /glade/scratch/dunlap/esmf-testing/gfortran_7.4.0_openmpi_g_feature_named-alias/src/Infrastructure/VM/src/ESMCI_VM.C:1216
#7  0x2b29c110eab5 in c_esmc_ftablecallentrypointvm_
	at /glade/scratch/dunlap/esmf-testing/gfortran_7.4.0_openmpi_g_feature_named-alias/src/Superstructure/Component/src/ESMCI_FTable.C:981
#8  0x2b29c1862a27 in __esmf_compmod_MOD_esmf_compexecute
	at /glade/scratch/dunlap/esmf-testing/gfortran_7.4.0_openmpi_g_feature_named-alias/src/Superstructure/Component/src/ESMF_Comp.F90:1224
#9  0x2b29c187861f in __esmf_cplcompmod_MOD_esmf_cplcomprun
	at /glade/scratch/dunlap/esmf-testing/gfortran_7.4.0_openmpi_g_feature_named-alias/src/Superstructure/Component/src/ESMF_CplComp.F90:1651
#10  0x2b29c24af3a0 in routine_executecplcomp
	at /glade/scratch/dunlap/esmf-testing/gfortran_7.4.0_openmpi_g_feature_named-alias/src/addon/NUOPC/src/NUOPC_Driver.F90:3512
#11  0x2b29c24b2e06 in __nuopc_driver_MOD_routine_run
	at /glade/scratch/dunlap/esmf-testing/gfortran_7.4.0_openmpi_g_feature_named-alias/src/addon/NUOPC/src/NUOPC_Driver.F90:3379
#12  0x2b29c11114d4 in _ZN5ESMCI6FTable12callVFuncPtrEPKcPNS_2VMEPi
	at /glade/scratch/dunlap/esmf-testing/gfortran_7.4.0_openmpi_g_feature_named-alias/src/Superstructure/Component/src/ESMCI_FTable.C:2167
#13  0x2b29c110e61f in ESMCI_FTableCallEntryPointVMHop
	at /glade/scratch/dunlap/esmf-testing/gfortran_7.4.0_openmpi_g_feature_named-alias/src/Superstructure/Component/src/ESMCI_FTable.C:824
#14  0x2b29c14c169b in _ZN5ESMCI3VMK5enterEPNS_7VMKPlanEPvS3_
	at /glade/scratch/dunlap/esmf-testing/gfortran_7.4.0_openmpi_g_feature_named-alias/src/Infrastructure/VM/src/ESMCI_VMKernel.C:2308
#15  0x2b29c14daaec in _ZN5ESMCI2VM5enterEPNS_6VMPlanEPvS3_
	at /glade/scratch/dunlap/esmf-testing/gfortran_7.4.0_openmpi_g_feature_named-alias/src/Infrastructure/VM/src/ESMCI_VM.C:1216
#16  0x2b29c110eab5 in c_esmc_ftablecallentrypointvm_
	at /glade/scratch/dunlap/esmf-testing/gfortran_7.4.0_openmpi_g_feature_named-alias/src/Superstructure/Component/src/ESMCI_FTable.C:981
#17  0x2b29c1862a27 in __esmf_compmod_MOD_esmf_compexecute
	at /glade/scratch/dunlap/esmf-testing/gfortran_7.4.0_openmpi_g_feature_named-alias/src/Superstructure/Component/src/ESMF_Comp.F90:1224
#18  0x2b29c1ce3cc3 in __esmf_gridcompmod_MOD_esmf_gridcomprun
	at /glade/scratch/dunlap/esmf-testing/gfortran_7.4.0_openmpi_g_feature_named-alias/src/Superstructure/Component/src/ESMF_GridComp.F90:1899
#19  0x407a6a in esmf_nuopcatmmodelex
	at /glade/scratch/dunlap/esmf-testing/gfortran_7.4.0_openmpi_g_feature_named-alias/src/addon/NUOPC/examples/ESMF_NUOPCAtmModelEx.F90:790
#20  0x407c98 in main
	at /glade/scratch/dunlap/esmf-testing/gfortran_7.4.0_openmpi_g_feature_named-alias/src/addon/NUOPC/examples/ESMF_NUOPCAtmModelEx.F90:736
--------------------------------------------------------------------------
Primary job  terminated normally, but 1 process returned
a non-zero exit code. Per user-direction, the job has been aborted.
--------------------------------------------------------------------------
--------------------------------------------------------------------------
mpirun noticed that process rank 1 with PID 0 on node r14i0n18 exited on signal 11 (Segmentation fault).
--------------------------------------------------------------------------
