build time -- 2022-06-19 02:18:45.497239
20220619 024607.913 INFO             PET0 !!!!!!!!!!!!!!!!!!!!!!!!!!!!!!!!!!!!!!!!!!!!!!!!!!!!!!
20220619 024607.914 INFO             PET0 !!! THE ESMF_LOG IS SET TO OUTPUT ALL LOG MESSAGES !!!
20220619 024607.914 INFO             PET0 !!!     THIS MAY CAUSE SLOWDOWN IN PERFORMANCE     !!!
20220619 024607.914 INFO             PET0 !!! FOR PRODUCTION RUNS, USE:                      !!!
20220619 024607.914 INFO             PET0 !!!                   ESMF_LOGKIND_Multi_On_Error  !!!
20220619 024607.914 INFO             PET0 !!!!!!!!!!!!!!!!!!!!!!!!!!!!!!!!!!!!!!!!!!!!!!!!!!!!!!
20220619 024607.914 INFO             PET0 Running with ESMF Version   : v8.4.0b01-2-gf0d4ab211d
20220619 024607.914 INFO             PET0 ESMF library build date/time: "Jun 19 2022" "02:16:31"
20220619 024607.914 INFO             PET0 ESMF library build location : /glade/scratch/dunlap/esmf-testing/gfortran_9.1.0_mpt_O_develop
20220619 024607.914 INFO             PET0 ESMF_COMM                   : mpt
20220619 024607.914 INFO             PET0 ESMF_MOAB                   : enabled
20220619 024607.914 INFO             PET0 ESMF_LAPACK                 : enabled
20220619 024607.914 INFO             PET0 ESMF_NETCDF                 : enabled
20220619 024607.914 INFO             PET0 ESMF_PNETCDF                : disabled
20220619 024607.914 INFO             PET0 ESMF_PIO                    : enabled
20220619 024607.914 INFO             PET0 ESMF_YAMLCPP                : enabled
20220619 024607.914 INFO             PET0  NUMBER_OF_PROCESSORS           2
20220619 024607.914 INFO             PET0  PASS  Example ESMF_VMUserMpiCommEx, ESMF_VMUserMpiCommEx.F90, line 113
20220619 024607.914 INFO             PET0 Finalizing ESMF
20220619 024607.913 INFO             PET1 !!!!!!!!!!!!!!!!!!!!!!!!!!!!!!!!!!!!!!!!!!!!!!!!!!!!!!
20220619 024607.913 INFO             PET1 !!! THE ESMF_LOG IS SET TO OUTPUT ALL LOG MESSAGES !!!
20220619 024607.913 INFO             PET1 !!!     THIS MAY CAUSE SLOWDOWN IN PERFORMANCE     !!!
20220619 024607.913 INFO             PET1 !!! FOR PRODUCTION RUNS, USE:                      !!!
20220619 024607.913 INFO             PET1 !!!                   ESMF_LOGKIND_Multi_On_Error  !!!
20220619 024607.913 INFO             PET1 !!!!!!!!!!!!!!!!!!!!!!!!!!!!!!!!!!!!!!!!!!!!!!!!!!!!!!
20220619 024607.913 INFO             PET1 Running with ESMF Version   : v8.4.0b01-2-gf0d4ab211d
20220619 024607.913 INFO             PET1 ESMF library build date/time: "Jun 19 2022" "02:16:31"
20220619 024607.913 INFO             PET1 ESMF library build location : /glade/scratch/dunlap/esmf-testing/gfortran_9.1.0_mpt_O_develop
20220619 024607.913 INFO             PET1 ESMF_COMM                   : mpt
20220619 024607.914 INFO             PET1 ESMF_MOAB                   : enabled
20220619 024607.914 INFO             PET1 ESMF_LAPACK                 : enabled
20220619 024607.914 INFO             PET1 ESMF_NETCDF                 : enabled
20220619 024607.914 INFO             PET1 ESMF_PNETCDF                : disabled
20220619 024607.914 INFO             PET1 ESMF_PIO                    : enabled
20220619 024607.914 INFO             PET1 ESMF_YAMLCPP                : enabled
20220619 024607.914 INFO             PET1  NUMBER_OF_PROCESSORS           2
20220619 024607.914 INFO             PET1  PASS  Example ESMF_VMUserMpiCommEx, ESMF_VMUserMpiCommEx.F90, line 113
20220619 024607.914 INFO             PET1 Finalizing ESMF
