build time -- 2022-07-03 02:32:14
[1656834665.585490] [Orion-01-67:82634:0]       ib_verbs.h:84   UCX  ERROR ibv_exp_query_device(mlx5_0) returned 38: No space left on device
[1656834665.592208] [Orion-01-67:82636:0]       ib_verbs.h:84   UCX  ERROR ibv_exp_query_device(mlx5_0) returned 38: No space left on device
[1656834665.594158] [Orion-01-67:82633:0]       ib_verbs.h:84   UCX  ERROR ibv_exp_query_device(mlx5_0) returned 38: No space left on device
[1656834665.594261] [Orion-01-67:82635:0]       ib_verbs.h:84   UCX  ERROR ibv_exp_query_device(mlx5_0) returned 38: No space left on device
 recvData for PET            1 :            0
 recvData for PET            1 :            0
 recvData for PET            1 :            0
 recvData for PET            1 :            0
 recvData for PET            1 :            0
 recvData for PET            1 :            0
 recvData for PET            1 :            0
 recvData for PET            1 :            0
 recvData for PET            1 :            0
 recvData for PET            1 :            0
 recvData for PET            2 :            0
 recvData for PET            2 :            0
 recvData for PET            2 :            0
 recvData for PET            2 :            0
 recvData for PET            2 :            0
 recvData for PET            2 :            0
 recvData for PET            2 :            0
 recvData for PET            2 :            0
 recvData for PET            2 :            0
 recvData for PET            2 :            0
 recvData for PET            2 :            0
 recvData for PET            2 :            0
 recvData for PET            2 :            0
 recvData for PET            2 :            0
 recvData for PET            2 :            0
 recvData for PET            2 :            0
 recvData for PET            2 :            0
 recvData for PET            2 :            0
 recvData for PET            2 :            0
 recvData for PET            2 :            0
 recvData for PET            2 :            0
 recvData for PET            0 :            0
 recvData for PET            0 :            0
 recvData for PET            0 :            0
 recvData for PET            0 :            0
 recvData for PET            0 :            0
 recvData for PET            0 :            0
 recvData for PET            0 :            0
 recvData for PET            0 :            0
 recvData for PET            0 :            0
 recvData for PET            0 :            0
 recvData for PET            0 :            0
 recvData for PET            0 :            0
 recvData for PET            0 :            0
 recvData for PET            0 :            0
 recvData for PET            0 :            0
 recvData for PET            0 :            0
 recvData for PET            0 :            0
 recvData for PET            0 :            0
 recvData for PET            0 :            0
 recvData for PET            0 :            0
 recvData for PET            0 :            0
 recvData for PET            0 :            0
 recvData for PET            0 :            0
 recvData for PET            0 :            0
 recvData for PET            0 :            0
 recvData for PET            0 :            0
 recvData for PET            1 :            0
 recvData for PET            1 :            0
 recvData for PET            1 :            0
 recvData for PET            1 :            0
 recvData for PET            1 :            0
 recvData for PET            1 :            0
 recvData for PET            1 :            0
 recvData for PET            1 :            0
 recvData for PET            1 :            0
 recvData for PET            1 :            0
 recvData for PET            1 :            0
 recvData for PET            1 :            0
 recvData for PET            1 :            0
 recvData for PET            1 :            0
 recvData for PET            1 :            0
 recvData for PET            1 :            0
 recvData for PET            1 :            0
 recvData for PET            1 :            0
 recvData for PET            1 :            0
 recvData for PET            1 :            0
 recvData for PET            1 :            0
 recvData for PET            1 :            0
 recvData for PET            1 :            0
 recvData for PET            1 :            0
 recvData for PET            1 :            0
 recvData for PET            1 :            0
 recvData for PET            1 :            0
 recvData for PET            1 :            0
 recvData for PET            1 :            0
 recvData for PET            1 :            0
  PASS  Example ESMF_VMHigherRankDataEx, ESMF_VMHigherRankDataEx.F90, line 140
 recvData for PET            2 :            0
 recvData for PET            2 :            0
 recvData for PET            2 :            0
 recvData for PET            2 :            0
 recvData for PET            2 :            0
 recvData for PET            2 :            0
 recvData for PET            2 :            0
 recvData for PET            2 :            0
 recvData for PET            2 :            0
 recvData for PET            2 :            0
 recvData for PET            2 :            0
 recvData for PET            2 :            0
 recvData for PET            2 :            0
 recvData for PET            2 :            0
 recvData for PET            2 :            0
 recvData for PET            2 :            0
 recvData for PET            2 :            0
 recvData for PET            2 :            0
 recvData for PET            2 :            0
  PASS  Example ESMF_VMHigherRankDataEx, ESMF_VMHigherRankDataEx.F90, line 140
 recvData for PET            3 :            1
 recvData for PET            3 :            2
 recvData for PET            3 :            3
 recvData for PET            3 :            4
 recvData for PET            3 :            5
 recvData for PET            3 :            6
 recvData for PET            3 :            7
 recvData for PET            3 :            8
 recvData for PET            3 :            9
 recvData for PET            3 :           10
 recvData for PET            3 :            0
 recvData for PET            3 :            0
 recvData for PET            3 :            0
 recvData for PET            3 :            0
 recvData for PET            3 :            0
 recvData for PET            3 :            0
 recvData for PET            3 :            0
 recvData for PET            3 :            0
 recvData for PET            3 :            0
 recvData for PET            3 :            0
 recvData for PET            3 :            0
 recvData for PET            3 :            0
 recvData for PET            3 :            0
 recvData for PET            3 :            0
 recvData for PET            3 :            0
 recvData for PET            3 :            0
 recvData for PET            3 :            0
 recvData for PET            3 :            0
 recvData for PET            3 :            0
 recvData for PET            3 :            0
 recvData for PET            3 :            0
 recvData for PET            3 :            0
 recvData for PET            3 :            0
 recvData for PET            3 :            0
 recvData for PET            3 :            0
 recvData for PET            3 :            0
 recvData for PET            3 :            0
 recvData for PET            3 :            0
 recvData for PET            3 :            0
 recvData for PET            3 :            0
  PASS  Example ESMF_VMHigherRankDataEx, ESMF_VMHigherRankDataEx.F90, line 140
 recvData for PET            0 :            0
 recvData for PET            0 :            0
 recvData for PET            0 :            0
 recvData for PET            0 :            0
 recvData for PET            0 :            0
 recvData for PET            0 :            0
 recvData for PET            0 :            0
 recvData for PET            0 :            0
 recvData for PET            0 :            0
 recvData for PET            0 :            0
 recvData for PET            0 :            0
 recvData for PET            0 :            0
 recvData for PET            0 :            0
 recvData for PET            0 :            0
  PASS  Example ESMF_VMHigherRankDataEx, ESMF_VMHigherRankDataEx.F90, line 140
 PASS: ESMF_VMHigherRankDataEx.F90
 PASS: ESMF_VMHigherRankDataEx.F90
 PASS: ESMF_VMHigherRankDataEx.F90
 PASS: ESMF_VMHigherRankDataEx.F90
