build time -- 2022-06-17 02:31:37
20220617 025346.048 INFO             PET0 !!!!!!!!!!!!!!!!!!!!!!!!!!!!!!!!!!!!!!!!!!!!!!!!!!!!!!
20220617 025346.048 INFO             PET0 !!! THE ESMF_LOG IS SET TO OUTPUT ALL LOG MESSAGES !!!
20220617 025346.048 INFO             PET0 !!!     THIS MAY CAUSE SLOWDOWN IN PERFORMANCE     !!!
20220617 025346.048 INFO             PET0 !!! FOR PRODUCTION RUNS, USE:                      !!!
20220617 025346.048 INFO             PET0 !!!                   ESMF_LOGKIND_Multi_On_Error  !!!
20220617 025346.048 INFO             PET0 !!!!!!!!!!!!!!!!!!!!!!!!!!!!!!!!!!!!!!!!!!!!!!!!!!!!!!
20220617 025346.048 INFO             PET0 Running with ESMF Version   : v8.4.0b01-2-gf0d4ab2
20220617 025346.048 INFO             PET0 ESMF library build date/time: "Jun 17 2022" "02:30:30"
20220617 025346.048 INFO             PET0 ESMF library build location : /work/noaa/da/mpotts/sandbox/gfortran_8.3.0_openmpi_O_develop
20220617 025346.048 INFO             PET0 ESMF_COMM                   : openmpi
20220617 025346.049 INFO             PET0 ESMF_MOAB                   : enabled
20220617 025346.049 INFO             PET0 ESMF_LAPACK                 : enabled
20220617 025346.049 INFO             PET0 ESMF_NETCDF                 : enabled
20220617 025346.049 INFO             PET0 ESMF_PNETCDF                : disabled
20220617 025346.049 INFO             PET0 ESMF_PIO                    : enabled
20220617 025346.049 INFO             PET0 ESMF_YAMLCPP                : enabled
20220617 025346.082 DEBUG            PET0 about to destroy Grid: 0x18f6dd0
20220617 025346.085 DEBUG            PET0 about to destroy Grid: 0x18f7ff0
20220617 025346.095 INFO             PET0  NUMBER_OF_PROCESSORS           4
20220617 025346.095 INFO             PET0  PASS  Example ESMF_NUOPCAtmModelEx, ESMF_NUOPCAtmModelEx.F90, line 806
20220617 025346.095 INFO             PET0 Finalizing ESMF
20220617 025346.049 INFO             PET1 !!!!!!!!!!!!!!!!!!!!!!!!!!!!!!!!!!!!!!!!!!!!!!!!!!!!!!
20220617 025346.049 INFO             PET1 !!! THE ESMF_LOG IS SET TO OUTPUT ALL LOG MESSAGES !!!
20220617 025346.049 INFO             PET1 !!!     THIS MAY CAUSE SLOWDOWN IN PERFORMANCE     !!!
20220617 025346.049 INFO             PET1 !!! FOR PRODUCTION RUNS, USE:                      !!!
20220617 025346.049 INFO             PET1 !!!                   ESMF_LOGKIND_Multi_On_Error  !!!
20220617 025346.049 INFO             PET1 !!!!!!!!!!!!!!!!!!!!!!!!!!!!!!!!!!!!!!!!!!!!!!!!!!!!!!
20220617 025346.049 INFO             PET1 Running with ESMF Version   : v8.4.0b01-2-gf0d4ab2
20220617 025346.049 INFO             PET1 ESMF library build date/time: "Jun 17 2022" "02:30:30"
20220617 025346.049 INFO             PET1 ESMF library build location : /work/noaa/da/mpotts/sandbox/gfortran_8.3.0_openmpi_O_develop
20220617 025346.049 INFO             PET1 ESMF_COMM                   : openmpi
20220617 025346.049 INFO             PET1 ESMF_MOAB                   : enabled
20220617 025346.049 INFO             PET1 ESMF_LAPACK                 : enabled
20220617 025346.049 INFO             PET1 ESMF_NETCDF                 : enabled
20220617 025346.049 INFO             PET1 ESMF_PNETCDF                : disabled
20220617 025346.049 INFO             PET1 ESMF_PIO                    : enabled
20220617 025346.049 INFO             PET1 ESMF_YAMLCPP                : enabled
20220617 025346.082 DEBUG            PET1 about to destroy Grid: 0xdfd550
20220617 025346.085 DEBUG            PET1 about to destroy Grid: 0xdfe970
20220617 025346.095 INFO             PET1  NUMBER_OF_PROCESSORS           4
20220617 025346.095 INFO             PET1  PASS  Example ESMF_NUOPCAtmModelEx, ESMF_NUOPCAtmModelEx.F90, line 806
20220617 025346.095 INFO             PET1 Finalizing ESMF
20220617 025346.048 INFO             PET2 !!!!!!!!!!!!!!!!!!!!!!!!!!!!!!!!!!!!!!!!!!!!!!!!!!!!!!
20220617 025346.048 INFO             PET2 !!! THE ESMF_LOG IS SET TO OUTPUT ALL LOG MESSAGES !!!
20220617 025346.048 INFO             PET2 !!!     THIS MAY CAUSE SLOWDOWN IN PERFORMANCE     !!!
20220617 025346.048 INFO             PET2 !!! FOR PRODUCTION RUNS, USE:                      !!!
20220617 025346.048 INFO             PET2 !!!                   ESMF_LOGKIND_Multi_On_Error  !!!
20220617 025346.048 INFO             PET2 !!!!!!!!!!!!!!!!!!!!!!!!!!!!!!!!!!!!!!!!!!!!!!!!!!!!!!
20220617 025346.048 INFO             PET2 Running with ESMF Version   : v8.4.0b01-2-gf0d4ab2
20220617 025346.048 INFO             PET2 ESMF library build date/time: "Jun 17 2022" "02:30:30"
20220617 025346.048 INFO             PET2 ESMF library build location : /work/noaa/da/mpotts/sandbox/gfortran_8.3.0_openmpi_O_develop
20220617 025346.048 INFO             PET2 ESMF_COMM                   : openmpi
20220617 025346.049 INFO             PET2 ESMF_MOAB                   : enabled
20220617 025346.049 INFO             PET2 ESMF_LAPACK                 : enabled
20220617 025346.049 INFO             PET2 ESMF_NETCDF                 : enabled
20220617 025346.049 INFO             PET2 ESMF_PNETCDF                : disabled
20220617 025346.049 INFO             PET2 ESMF_PIO                    : enabled
20220617 025346.049 INFO             PET2 ESMF_YAMLCPP                : enabled
20220617 025346.082 DEBUG            PET2 about to destroy Grid: 0x17b2890
20220617 025346.085 DEBUG            PET2 about to destroy Grid: 0x17b38e0
20220617 025346.095 INFO             PET2  NUMBER_OF_PROCESSORS           4
20220617 025346.095 INFO             PET2  PASS  Example ESMF_NUOPCAtmModelEx, ESMF_NUOPCAtmModelEx.F90, line 806
20220617 025346.095 INFO             PET2 Finalizing ESMF
20220617 025346.049 INFO             PET3 !!!!!!!!!!!!!!!!!!!!!!!!!!!!!!!!!!!!!!!!!!!!!!!!!!!!!!
20220617 025346.049 INFO             PET3 !!! THE ESMF_LOG IS SET TO OUTPUT ALL LOG MESSAGES !!!
20220617 025346.049 INFO             PET3 !!!     THIS MAY CAUSE SLOWDOWN IN PERFORMANCE     !!!
20220617 025346.049 INFO             PET3 !!! FOR PRODUCTION RUNS, USE:                      !!!
20220617 025346.049 INFO             PET3 !!!                   ESMF_LOGKIND_Multi_On_Error  !!!
20220617 025346.049 INFO             PET3 !!!!!!!!!!!!!!!!!!!!!!!!!!!!!!!!!!!!!!!!!!!!!!!!!!!!!!
20220617 025346.049 INFO             PET3 Running with ESMF Version   : v8.4.0b01-2-gf0d4ab2
20220617 025346.049 INFO             PET3 ESMF library build date/time: "Jun 17 2022" "02:30:30"
20220617 025346.049 INFO             PET3 ESMF library build location : /work/noaa/da/mpotts/sandbox/gfortran_8.3.0_openmpi_O_develop
20220617 025346.049 INFO             PET3 ESMF_COMM                   : openmpi
20220617 025346.049 INFO             PET3 ESMF_MOAB                   : enabled
20220617 025346.049 INFO             PET3 ESMF_LAPACK                 : enabled
20220617 025346.049 INFO             PET3 ESMF_NETCDF                 : enabled
20220617 025346.049 INFO             PET3 ESMF_PNETCDF                : disabled
20220617 025346.049 INFO             PET3 ESMF_PIO                    : enabled
20220617 025346.049 INFO             PET3 ESMF_YAMLCPP                : enabled
20220617 025346.082 DEBUG            PET3 about to destroy Grid: 0x2281100
20220617 025346.085 DEBUG            PET3 about to destroy Grid: 0x2281ec0
20220617 025346.095 INFO             PET3  NUMBER_OF_PROCESSORS           4
20220617 025346.095 INFO             PET3  PASS  Example ESMF_NUOPCAtmModelEx, ESMF_NUOPCAtmModelEx.F90, line 806
20220617 025346.095 INFO             PET3 Finalizing ESMF
