build time -- 2022-07-08 02:32:40
[1657266754.993409] [Orion-17-03:179974:0]       ib_verbs.h:84   UCX  ERROR ibv_exp_query_device(mlx5_0) returned 38: No space left on device
[1657266755.000387] [Orion-17-03:179976:0]       ib_verbs.h:84   UCX  ERROR ibv_exp_query_device(mlx5_0) returned 38: No space left on device
[1657266755.001796] [Orion-17-03:179973:0]       ib_verbs.h:84   UCX  ERROR ibv_exp_query_device(mlx5_0) returned 38: No space left on device
[1657266755.001904] [Orion-17-03:179975:0]       ib_verbs.h:84   UCX  ERROR ibv_exp_query_device(mlx5_0) returned 38: No space left on device
 {
    "myIntegerKey": 54,
    "myListOfReals": [
        33.29999923706055,
        44.400001525878906,
        1234.0,
        99.0
    ]
}
 the Info dump: {"myIntegerKey":54,"myListOfReals":[33.29999923706055,44.400001525878906,1234.0,99.0]}
 {
    "myIntegerKey": 54,
    "myListOfReals": [
        33.29999923706055,
        44.400001525878906,
        1234.0,
        99.0
    ]
}
 the Info dump: {"myIntegerKey":54,"myListOfReals":[33.29999923706055,44.400001525878906,1234.0,99.0]}
 {
    "myIntegerKey": 54,
    "myListOfReals": [
        33.29999923706055,
        44.400001525878906,
        1234.0,
        99.0
    ]
}
 the Info dump: {"myIntegerKey":54,"myListOfReals":[33.29999923706055,44.400001525878906,1234.0,99.0]}
 {
    "myIntegerKey": 54,
    "myListOfReals": [
        33.29999923706055,
        44.400001525878906,
        1234.0,
        99.0
    ]
}
 the Info dump: {"myIntegerKey":54,"myListOfReals":[33.29999923706055,44.400001525878906,1234.0,99.0]}
 ESMF_Info inquire loop: 
        idx=            1
       ikey= Universe
   typekind=           99
 ESMF_Info inquire loop: 
        idx=            2
       ikey= aNullKey
   typekind=           99
 ESMF_Info inquire loop: 
        idx=            3
       ikey= myIntegerKey
   typekind=            3
 ESMF_Info inquire loop: 
        idx=            4
       ikey= myListOfReals
   typekind=            5
  PASS  Example ESMF_InfoTutorialEx, ESMF_InfoTutorialEx.F90, line 335
  PASS  Example ESMF_InfoTutorialEx, ESMF_InfoTutorialEx.F90, line 335
  PASS  Example ESMF_InfoTutorialEx, ESMF_InfoTutorialEx.F90, line 335
  PASS  Example ESMF_InfoTutorialEx, ESMF_InfoTutorialEx.F90, line 335
 PASS: ESMF_InfoTutorialEx.F90
 PASS: ESMF_InfoTutorialEx.F90
 PASS: ESMF_InfoTutorialEx.F90
 PASS: ESMF_InfoTutorialEx.F90
