build time -- 2022-07-22 02:38:49
[1658477212.310276] [Orion-03-23:226821:0]       ib_verbs.h:84   UCX  ERROR ibv_exp_query_device(mlx5_0) returned 38: No space left on device
[1658477212.320219] [Orion-03-23:226823:0]       ib_verbs.h:84   UCX  ERROR ibv_exp_query_device(mlx5_0) returned 38: No space left on device
[1658477212.322226] [Orion-03-23:226822:0]       ib_verbs.h:84   UCX  ERROR ibv_exp_query_device(mlx5_0) returned 38: No space left on device
[1658477212.322277] [Orion-03-23:226820:0]       ib_verbs.h:84   UCX  ERROR ibv_exp_query_device(mlx5_0) returned 38: No space left on device
 State Reconcile Example 1: Component Creation
 State Reconcile Example 1: Component Creation
 State Reconcile Example 1: Component Creation
 State Reconcile Example 1: Component Creation
 GridComp Create returned, name = Atmosphere
 GridComp Create returned, name = Atmosphere
 GridComp Create returned, name = Atmosphere
 GridComp Create returned, name = Atmosphere
 GridComp Create returned, name = Ocean
 GridComp Create returned, name = Ocean
 GridComp Create returned, name = Ocean
 State Create returned, name = Ocn2Atm
 State Example 1 finished
 GridComp Create returned, name = Ocean
 State Create returned, name = Ocn2Atm
 State Example 1 finished
 State Create returned, name = Ocn2Atm
 State Example 1 finished
 State Create returned, name = Ocn2Atm
 State Example 1 finished
 ready to set entry point 1
 ready to set entry point 2
 ready to call init for comp 1
 ready to set entry point 1
 ready to set entry point 2
 ready to call init for comp 1
 i am comp1_init
 ready to set entry point 1
 ready to set entry point 2
 ready to call init for comp 1
 ready to call init for comp 2
 i am comp2_init
 ready to set entry point 1
 ready to set entry point 2
 ready to call init for comp 1
 ready to call init for comp 2
 i am comp2_init
 i am comp1_init
 ready to call init for comp 2
 State Example 2 finished
 State before calling StateReconcile()
 ESMF_StatePrint: (pet 0):
 ready to call init for comp 2
 State Example 2 finished
 State before calling StateReconcile()
 ESMF_StatePrint: (pet 1):
 State Example 2 finished
 State before calling StateReconcile()
 ESMF_StatePrint: (pet 2):
  State name: Ocn2Atm
     status: Unspecified intent direction, object count: 0
 State Example 2 finished
 State before calling StateReconcile()
 ESMF_StatePrint: (pet 3):
  State name: Ocn2Atm
     status: Unspecified intent direction, object count: 0
     reconcile needed: F
  State name: Ocn2Atm
     status: Unspecified intent direction, object count: 0
     reconcile needed: F
 Base name    = Ocn2Atm
 Status: Base = Ready,  object = Ready
 Proxy        = no
 Root Info (Attributes):
  State name: Ocn2Atm
     status: Unspecified intent direction, object count: 0
     reconcile needed: F
 Base name    = Ocn2Atm
 Status: Base = Ready,  object = Ready
 Proxy        = no
 Root Info (Attributes):
     reconcile needed: F
 Base name    = Ocn2Atm
 Status: Base = Ready,  object = Ready
 Proxy        = no
 Root Info (Attributes):
 Base name    = Ocn2Atm
 Status: Base = Ready,  object = Ready
 Proxy        = no
 Root Info (Attributes):
{} State after calling StateReconcile()
 ESMF_StatePrint: (pet 0):
  State name: Ocn2Atm
     status: Unspecified intent direction, object count: 0
     reconcile needed: F
{} State after calling StateReconcile()
 ESMF_StatePrint: (pet 2):
  State name: Ocn2Atm
     status: Unspecified intent direction, object count: 0
     reconcile needed: F
 Base name    = Ocn2Atm
 Status: Base = Ready,  object = Ready
 Proxy        = no
 Root Info (Attributes):
{} State Example 3 finished
{} State after calling StateReconcile()
 ESMF_StatePrint: (pet 3):
  State name: Ocn2Atm
     status: Unspecified intent direction, object count: 0
     reconcile needed: F
 Base name    = Ocn2Atm
 Status: Base = Ready,  object = Ready
 Proxy        = no
 Root Info (Attributes):
{} State Example 3 finished
 Base name    = Ocn2Atm
 Status: Base = Ready,  object = Ready
 Proxy        = no
 Root Info (Attributes):
{} State Example 3 finished
{} State after calling StateReconcile()
 ESMF_StatePrint: (pet 1):
  State name: Ocn2Atm
     status: Unspecified intent direction, object count: 0
     reconcile needed: F
 Base name    = Ocn2Atm
 Status: Base = Ready,  object = Ready
 Proxy        = no
 Root Info (Attributes):
{} State Example 3 finished
  PASS  Example ESMF_StateReconcileEx, ESMF_StateReconcileEx.F90, line 294
  PASS  Example ESMF_StateReconcileEx, ESMF_StateReconcileEx.F90, line 294
  PASS  Example ESMF_StateReconcileEx, ESMF_StateReconcileEx.F90, line 294
  PASS  Example ESMF_StateReconcileEx, ESMF_StateReconcileEx.F90, line 294
 PASS: ESMF_StateReconcileEx.F90
 PASS: ESMF_StateReconcileEx.F90
 PASS: ESMF_StateReconcileEx.F90
 PASS: ESMF_StateReconcileEx.F90
