build time -- 2022-06-17 02:31:37
20220617 025156.037 INFO             PET0 !!!!!!!!!!!!!!!!!!!!!!!!!!!!!!!!!!!!!!!!!!!!!!!!!!!!!!
20220617 025156.037 INFO             PET0 !!! THE ESMF_LOG IS SET TO OUTPUT ALL LOG MESSAGES !!!
20220617 025156.037 INFO             PET0 !!!     THIS MAY CAUSE SLOWDOWN IN PERFORMANCE     !!!
20220617 025156.037 INFO             PET0 !!! FOR PRODUCTION RUNS, USE:                      !!!
20220617 025156.037 INFO             PET0 !!!                   ESMF_LOGKIND_Multi_On_Error  !!!
20220617 025156.037 INFO             PET0 !!!!!!!!!!!!!!!!!!!!!!!!!!!!!!!!!!!!!!!!!!!!!!!!!!!!!!
20220617 025156.037 INFO             PET0 Running with ESMF Version   : v8.4.0b01-2-gf0d4ab2
20220617 025156.037 INFO             PET0 ESMF library build date/time: "Jun 17 2022" "02:30:30"
20220617 025156.037 INFO             PET0 ESMF library build location : /work/noaa/da/mpotts/sandbox/gfortran_8.3.0_openmpi_O_develop
20220617 025156.037 INFO             PET0 ESMF_COMM                   : openmpi
20220617 025156.038 INFO             PET0 ESMF_MOAB                   : enabled
20220617 025156.038 INFO             PET0 ESMF_LAPACK                 : enabled
20220617 025156.038 INFO             PET0 ESMF_NETCDF                 : enabled
20220617 025156.038 INFO             PET0 ESMF_PNETCDF                : disabled
20220617 025156.038 INFO             PET0 ESMF_PIO                    : enabled
20220617 025156.038 INFO             PET0 ESMF_YAMLCPP                : enabled
20220617 025156.039 INFO             PET0  NUMBER_OF_PROCESSORS           1
20220617 025156.039 INFO             PET0  PASS  Example ESMF_AlarmEx, ESMF_AlarmEx.F90, line 244
20220617 025156.039 INFO             PET0 Finalizing ESMF
