build time -- 2022-06-17 02:31:37
20220617 025207.868 INFO             PET0 !!!!!!!!!!!!!!!!!!!!!!!!!!!!!!!!!!!!!!!!!!!!!!!!!!!!!!
20220617 025207.868 INFO             PET0 !!! THE ESMF_LOG IS SET TO OUTPUT ALL LOG MESSAGES !!!
20220617 025207.868 INFO             PET0 !!!     THIS MAY CAUSE SLOWDOWN IN PERFORMANCE     !!!
20220617 025207.868 INFO             PET0 !!! FOR PRODUCTION RUNS, USE:                      !!!
20220617 025207.868 INFO             PET0 !!!                   ESMF_LOGKIND_Multi_On_Error  !!!
20220617 025207.868 INFO             PET0 !!!!!!!!!!!!!!!!!!!!!!!!!!!!!!!!!!!!!!!!!!!!!!!!!!!!!!
20220617 025207.868 INFO             PET0 Running with ESMF Version   : v8.4.0b01-2-gf0d4ab2
20220617 025207.868 INFO             PET0 ESMF library build date/time: "Jun 17 2022" "02:30:30"
20220617 025207.868 INFO             PET0 ESMF library build location : /work/noaa/da/mpotts/sandbox/gfortran_8.3.0_openmpi_O_develop
20220617 025207.868 INFO             PET0 ESMF_COMM                   : openmpi
20220617 025207.869 INFO             PET0 ESMF_MOAB                   : enabled
20220617 025207.869 INFO             PET0 ESMF_LAPACK                 : enabled
20220617 025207.869 INFO             PET0 ESMF_NETCDF                 : enabled
20220617 025207.869 INFO             PET0 ESMF_PNETCDF                : disabled
20220617 025207.869 INFO             PET0 ESMF_PIO                    : enabled
20220617 025207.869 INFO             PET0 ESMF_YAMLCPP                : enabled
20220617 025207.874 INFO             PET0 ESMF_FieldRedistStoreNF(): Just entered routine.
20220617 025207.929 INFO             PET0 ESMF_FieldRedistStoreNF(): Leaving routine.
20220617 025207.933 INFO             PET0  NUMBER_OF_PROCESSORS           4
20220617 025207.933 INFO             PET0  PASS  Example ESMF_RHandleFromRHandleEx, ESMF_RHandleFromRHandleEx.F90, line 660
20220617 025207.933 INFO             PET0 Finalizing ESMF
20220617 025207.868 INFO             PET1 !!!!!!!!!!!!!!!!!!!!!!!!!!!!!!!!!!!!!!!!!!!!!!!!!!!!!!
20220617 025207.869 INFO             PET1 !!! THE ESMF_LOG IS SET TO OUTPUT ALL LOG MESSAGES !!!
20220617 025207.869 INFO             PET1 !!!     THIS MAY CAUSE SLOWDOWN IN PERFORMANCE     !!!
20220617 025207.869 INFO             PET1 !!! FOR PRODUCTION RUNS, USE:                      !!!
20220617 025207.869 INFO             PET1 !!!                   ESMF_LOGKIND_Multi_On_Error  !!!
20220617 025207.869 INFO             PET1 !!!!!!!!!!!!!!!!!!!!!!!!!!!!!!!!!!!!!!!!!!!!!!!!!!!!!!
20220617 025207.869 INFO             PET1 Running with ESMF Version   : v8.4.0b01-2-gf0d4ab2
20220617 025207.869 INFO             PET1 ESMF library build date/time: "Jun 17 2022" "02:30:30"
20220617 025207.869 INFO             PET1 ESMF library build location : /work/noaa/da/mpotts/sandbox/gfortran_8.3.0_openmpi_O_develop
20220617 025207.869 INFO             PET1 ESMF_COMM                   : openmpi
20220617 025207.869 INFO             PET1 ESMF_MOAB                   : enabled
20220617 025207.869 INFO             PET1 ESMF_LAPACK                 : enabled
20220617 025207.869 INFO             PET1 ESMF_NETCDF                 : enabled
20220617 025207.869 INFO             PET1 ESMF_PNETCDF                : disabled
20220617 025207.869 INFO             PET1 ESMF_PIO                    : enabled
20220617 025207.869 INFO             PET1 ESMF_YAMLCPP                : enabled
20220617 025207.874 INFO             PET1 ESMF_FieldRedistStoreNF(): Just entered routine.
20220617 025207.929 INFO             PET1 ESMF_FieldRedistStoreNF(): Leaving routine.
20220617 025207.933 INFO             PET1  NUMBER_OF_PROCESSORS           4
20220617 025207.933 INFO             PET1  PASS  Example ESMF_RHandleFromRHandleEx, ESMF_RHandleFromRHandleEx.F90, line 660
20220617 025207.933 INFO             PET1 Finalizing ESMF
20220617 025207.869 INFO             PET2 !!!!!!!!!!!!!!!!!!!!!!!!!!!!!!!!!!!!!!!!!!!!!!!!!!!!!!
20220617 025207.869 INFO             PET2 !!! THE ESMF_LOG IS SET TO OUTPUT ALL LOG MESSAGES !!!
20220617 025207.869 INFO             PET2 !!!     THIS MAY CAUSE SLOWDOWN IN PERFORMANCE     !!!
20220617 025207.869 INFO             PET2 !!! FOR PRODUCTION RUNS, USE:                      !!!
20220617 025207.869 INFO             PET2 !!!                   ESMF_LOGKIND_Multi_On_Error  !!!
20220617 025207.869 INFO             PET2 !!!!!!!!!!!!!!!!!!!!!!!!!!!!!!!!!!!!!!!!!!!!!!!!!!!!!!
20220617 025207.869 INFO             PET2 Running with ESMF Version   : v8.4.0b01-2-gf0d4ab2
20220617 025207.869 INFO             PET2 ESMF library build date/time: "Jun 17 2022" "02:30:30"
20220617 025207.869 INFO             PET2 ESMF library build location : /work/noaa/da/mpotts/sandbox/gfortran_8.3.0_openmpi_O_develop
20220617 025207.869 INFO             PET2 ESMF_COMM                   : openmpi
20220617 025207.869 INFO             PET2 ESMF_MOAB                   : enabled
20220617 025207.869 INFO             PET2 ESMF_LAPACK                 : enabled
20220617 025207.869 INFO             PET2 ESMF_NETCDF                 : enabled
20220617 025207.869 INFO             PET2 ESMF_PNETCDF                : disabled
20220617 025207.869 INFO             PET2 ESMF_PIO                    : enabled
20220617 025207.869 INFO             PET2 ESMF_YAMLCPP                : enabled
20220617 025207.874 INFO             PET2 ESMF_FieldRedistStoreNF(): Just entered routine.
20220617 025207.929 INFO             PET2 ESMF_FieldRedistStoreNF(): Leaving routine.
20220617 025207.931 INFO             PET2  NUMBER_OF_PROCESSORS           4
20220617 025207.931 INFO             PET2  PASS  Example ESMF_RHandleFromRHandleEx, ESMF_RHandleFromRHandleEx.F90, line 660
20220617 025207.932 INFO             PET2 Finalizing ESMF
20220617 025207.868 INFO             PET3 !!!!!!!!!!!!!!!!!!!!!!!!!!!!!!!!!!!!!!!!!!!!!!!!!!!!!!
20220617 025207.868 INFO             PET3 !!! THE ESMF_LOG IS SET TO OUTPUT ALL LOG MESSAGES !!!
20220617 025207.868 INFO             PET3 !!!     THIS MAY CAUSE SLOWDOWN IN PERFORMANCE     !!!
20220617 025207.868 INFO             PET3 !!! FOR PRODUCTION RUNS, USE:                      !!!
20220617 025207.868 INFO             PET3 !!!                   ESMF_LOGKIND_Multi_On_Error  !!!
20220617 025207.868 INFO             PET3 !!!!!!!!!!!!!!!!!!!!!!!!!!!!!!!!!!!!!!!!!!!!!!!!!!!!!!
20220617 025207.868 INFO             PET3 Running with ESMF Version   : v8.4.0b01-2-gf0d4ab2
20220617 025207.868 INFO             PET3 ESMF library build date/time: "Jun 17 2022" "02:30:30"
20220617 025207.868 INFO             PET3 ESMF library build location : /work/noaa/da/mpotts/sandbox/gfortran_8.3.0_openmpi_O_develop
20220617 025207.868 INFO             PET3 ESMF_COMM                   : openmpi
20220617 025207.869 INFO             PET3 ESMF_MOAB                   : enabled
20220617 025207.869 INFO             PET3 ESMF_LAPACK                 : enabled
20220617 025207.869 INFO             PET3 ESMF_NETCDF                 : enabled
20220617 025207.869 INFO             PET3 ESMF_PNETCDF                : disabled
20220617 025207.869 INFO             PET3 ESMF_PIO                    : enabled
20220617 025207.869 INFO             PET3 ESMF_YAMLCPP                : enabled
20220617 025207.874 INFO             PET3 ESMF_FieldRedistStoreNF(): Just entered routine.
20220617 025207.929 INFO             PET3 ESMF_FieldRedistStoreNF(): Leaving routine.
20220617 025207.933 INFO             PET3  NUMBER_OF_PROCESSORS           4
20220617 025207.933 INFO             PET3  PASS  Example ESMF_RHandleFromRHandleEx, ESMF_RHandleFromRHandleEx.F90, line 660
20220617 025207.933 INFO             PET3 Finalizing ESMF
