build time -- 2022-07-02 02:32:02
20220702 025220.979 INFO             PET0 !!!!!!!!!!!!!!!!!!!!!!!!!!!!!!!!!!!!!!!!!!!!!!!!!!!!!!
20220702 025220.979 INFO             PET0 !!! THE ESMF_LOG IS SET TO OUTPUT ALL LOG MESSAGES !!!
20220702 025220.979 INFO             PET0 !!!     THIS MAY CAUSE SLOWDOWN IN PERFORMANCE     !!!
20220702 025220.979 INFO             PET0 !!! FOR PRODUCTION RUNS, USE:                      !!!
20220702 025220.979 INFO             PET0 !!!                   ESMF_LOGKIND_Multi_On_Error  !!!
20220702 025220.979 INFO             PET0 !!!!!!!!!!!!!!!!!!!!!!!!!!!!!!!!!!!!!!!!!!!!!!!!!!!!!!
20220702 025220.979 INFO             PET0 Running with ESMF Version   : v8.4.0b02-7-g9328c9b
20220702 025220.979 INFO             PET0 ESMF library build date/time: "Jul  2 2022" "02:30:57"
20220702 025220.979 INFO             PET0 ESMF library build location : /work/noaa/da/mpotts/sandbox/gfortran_8.3.0_openmpi_O_develop
20220702 025220.979 INFO             PET0 ESMF_COMM                   : openmpi
20220702 025220.980 INFO             PET0 ESMF_MOAB                   : enabled
20220702 025220.980 INFO             PET0 ESMF_LAPACK                 : enabled
20220702 025220.980 INFO             PET0 ESMF_NETCDF                 : enabled
20220702 025220.980 INFO             PET0 ESMF_PNETCDF                : disabled
20220702 025220.980 INFO             PET0 ESMF_PIO                    : enabled
20220702 025220.980 INFO             PET0 ESMF_YAMLCPP                : enabled
20220702 025220.980 INFO             PET0  NUMBER_OF_PROCESSORS           1
20220702 025220.980 INFO             PET0  PASS  Example ESMF_TimeIntervalEx, ESMF_TimeIntervalEx.F90, line 176
20220702 025220.980 INFO             PET0 Finalizing ESMF
