build time -- 2022-07-17 02:44:56
20220717 030654.985 INFO             PET0 !!!!!!!!!!!!!!!!!!!!!!!!!!!!!!!!!!!!!!!!!!!!!!!!!!!!!!
20220717 030654.985 INFO             PET0 !!! THE ESMF_LOG IS SET TO OUTPUT ALL LOG MESSAGES !!!
20220717 030654.985 INFO             PET0 !!!     THIS MAY CAUSE SLOWDOWN IN PERFORMANCE     !!!
20220717 030654.985 INFO             PET0 !!! FOR PRODUCTION RUNS, USE:                      !!!
20220717 030654.985 INFO             PET0 !!!                   ESMF_LOGKIND_Multi_On_Error  !!!
20220717 030654.985 INFO             PET0 !!!!!!!!!!!!!!!!!!!!!!!!!!!!!!!!!!!!!!!!!!!!!!!!!!!!!!
20220717 030654.985 INFO             PET0 Running with ESMF Version   : v8.4.0b04-9-g4da4a83
20220717 030654.985 INFO             PET0 ESMF library build date/time: "Jul 17 2022" "02:43:44"
20220717 030654.985 INFO             PET0 ESMF library build location : /work/noaa/da/mpotts/sandbox/gfortran_8.3.0_mpiuni_g_feature_named-alias
20220717 030654.985 INFO             PET0 ESMF_COMM                   : mpiuni
20220717 030654.986 INFO             PET0 ESMF_MOAB                   : enabled
20220717 030654.986 INFO             PET0 ESMF_LAPACK                 : enabled
20220717 030654.986 INFO             PET0 ESMF_NETCDF                 : enabled
20220717 030654.986 INFO             PET0 ESMF_PNETCDF                : disabled
20220717 030654.986 INFO             PET0 ESMF_PIO                    : disabled
20220717 030654.986 INFO             PET0 ESMF_YAMLCPP                : enabled
20220717 030654.988 INFO             PET0  NUMBER_OF_PROCESSORS           1
20220717 030654.988 INFO             PET0  PASS  Example ESMF_TimeEx, ESMF_TimeEx.F90, line 141
20220717 030654.988 INFO             PET0 Finalizing ESMF
