build time -- 2022-06-28 01:17:05.761139
20220628 015738.204 INFO             PET0 !!!!!!!!!!!!!!!!!!!!!!!!!!!!!!!!!!!!!!!!!!!!!!!!!!!!!!
20220628 015738.204 INFO             PET0 !!! THE ESMF_LOG IS SET TO OUTPUT ALL LOG MESSAGES !!!
20220628 015738.204 INFO             PET0 !!!     THIS MAY CAUSE SLOWDOWN IN PERFORMANCE     !!!
20220628 015738.204 INFO             PET0 !!! FOR PRODUCTION RUNS, USE:                      !!!
20220628 015738.204 INFO             PET0 !!!                   ESMF_LOGKIND_Multi_On_Error  !!!
20220628 015738.204 INFO             PET0 !!!!!!!!!!!!!!!!!!!!!!!!!!!!!!!!!!!!!!!!!!!!!!!!!!!!!!
20220628 015738.204 INFO             PET0 Running with ESMF Version   : v8.4.0b01-2-gf0d4ab211d
20220628 015738.204 INFO             PET0 ESMF library build date/time: "Jun 28 2022" "01:14:19"
20220628 015738.204 INFO             PET0 ESMF library build location : /gpfsm/dnb04/projects/p98/mpotts/esmf/intel_19.1.3_intelmpi_g_develop
20220628 015738.204 INFO             PET0 ESMF_COMM                   : intelmpi
20220628 015738.205 INFO             PET0 ESMF_MOAB                   : enabled
20220628 015738.205 INFO             PET0 ESMF_LAPACK                 : enabled
20220628 015738.205 INFO             PET0 ESMF_NETCDF                 : enabled
20220628 015738.205 INFO             PET0 ESMF_PNETCDF                : disabled
20220628 015738.205 INFO             PET0 ESMF_PIO                    : enabled
20220628 015738.205 INFO             PET0 ESMF_YAMLCPP                : enabled
20220628 015738.349 DEBUG            PET0 about to destroy Grid: 0xb0d470
20220628 015738.364 DEBUG            PET0 about to destroy Grid: 0xb0e330
20220628 015738.408 INFO             PET0  NUMBER_OF_PROCESSORS           4
20220628 015738.408 INFO             PET0  PASS  Example ESMF_NUOPCAtmModelEx, ESMF_NUOPCAtmModelEx.F90, line 806
20220628 015738.408 INFO             PET0 Finalizing ESMF
20220628 015738.204 INFO             PET1 !!!!!!!!!!!!!!!!!!!!!!!!!!!!!!!!!!!!!!!!!!!!!!!!!!!!!!
20220628 015738.204 INFO             PET1 !!! THE ESMF_LOG IS SET TO OUTPUT ALL LOG MESSAGES !!!
20220628 015738.204 INFO             PET1 !!!     THIS MAY CAUSE SLOWDOWN IN PERFORMANCE     !!!
20220628 015738.204 INFO             PET1 !!! FOR PRODUCTION RUNS, USE:                      !!!
20220628 015738.204 INFO             PET1 !!!                   ESMF_LOGKIND_Multi_On_Error  !!!
20220628 015738.204 INFO             PET1 !!!!!!!!!!!!!!!!!!!!!!!!!!!!!!!!!!!!!!!!!!!!!!!!!!!!!!
20220628 015738.204 INFO             PET1 Running with ESMF Version   : v8.4.0b01-2-gf0d4ab211d
20220628 015738.204 INFO             PET1 ESMF library build date/time: "Jun 28 2022" "01:14:19"
20220628 015738.204 INFO             PET1 ESMF library build location : /gpfsm/dnb04/projects/p98/mpotts/esmf/intel_19.1.3_intelmpi_g_develop
20220628 015738.204 INFO             PET1 ESMF_COMM                   : intelmpi
20220628 015738.205 INFO             PET1 ESMF_MOAB                   : enabled
20220628 015738.205 INFO             PET1 ESMF_LAPACK                 : enabled
20220628 015738.205 INFO             PET1 ESMF_NETCDF                 : enabled
20220628 015738.205 INFO             PET1 ESMF_PNETCDF                : disabled
20220628 015738.205 INFO             PET1 ESMF_PIO                    : enabled
20220628 015738.205 INFO             PET1 ESMF_YAMLCPP                : enabled
20220628 015738.349 DEBUG            PET1 about to destroy Grid: 0xaf9260
20220628 015738.364 DEBUG            PET1 about to destroy Grid: 0xb0d1f0
20220628 015738.408 INFO             PET1  NUMBER_OF_PROCESSORS           4
20220628 015738.408 INFO             PET1  PASS  Example ESMF_NUOPCAtmModelEx, ESMF_NUOPCAtmModelEx.F90, line 806
20220628 015738.408 INFO             PET1 Finalizing ESMF
20220628 015738.204 INFO             PET2 !!!!!!!!!!!!!!!!!!!!!!!!!!!!!!!!!!!!!!!!!!!!!!!!!!!!!!
20220628 015738.205 INFO             PET2 !!! THE ESMF_LOG IS SET TO OUTPUT ALL LOG MESSAGES !!!
20220628 015738.205 INFO             PET2 !!!     THIS MAY CAUSE SLOWDOWN IN PERFORMANCE     !!!
20220628 015738.205 INFO             PET2 !!! FOR PRODUCTION RUNS, USE:                      !!!
20220628 015738.205 INFO             PET2 !!!                   ESMF_LOGKIND_Multi_On_Error  !!!
20220628 015738.205 INFO             PET2 !!!!!!!!!!!!!!!!!!!!!!!!!!!!!!!!!!!!!!!!!!!!!!!!!!!!!!
20220628 015738.205 INFO             PET2 Running with ESMF Version   : v8.4.0b01-2-gf0d4ab211d
20220628 015738.205 INFO             PET2 ESMF library build date/time: "Jun 28 2022" "01:14:19"
20220628 015738.205 INFO             PET2 ESMF library build location : /gpfsm/dnb04/projects/p98/mpotts/esmf/intel_19.1.3_intelmpi_g_develop
20220628 015738.205 INFO             PET2 ESMF_COMM                   : intelmpi
20220628 015738.205 INFO             PET2 ESMF_MOAB                   : enabled
20220628 015738.205 INFO             PET2 ESMF_LAPACK                 : enabled
20220628 015738.205 INFO             PET2 ESMF_NETCDF                 : enabled
20220628 015738.205 INFO             PET2 ESMF_PNETCDF                : disabled
20220628 015738.205 INFO             PET2 ESMF_PIO                    : enabled
20220628 015738.205 INFO             PET2 ESMF_YAMLCPP                : enabled
20220628 015738.349 DEBUG            PET2 about to destroy Grid: 0xaf92a0
20220628 015738.364 DEBUG            PET2 about to destroy Grid: 0xb0d230
20220628 015738.409 INFO             PET2  NUMBER_OF_PROCESSORS           4
20220628 015738.409 INFO             PET2  PASS  Example ESMF_NUOPCAtmModelEx, ESMF_NUOPCAtmModelEx.F90, line 806
20220628 015738.409 INFO             PET2 Finalizing ESMF
20220628 015738.204 INFO             PET3 !!!!!!!!!!!!!!!!!!!!!!!!!!!!!!!!!!!!!!!!!!!!!!!!!!!!!!
20220628 015738.205 INFO             PET3 !!! THE ESMF_LOG IS SET TO OUTPUT ALL LOG MESSAGES !!!
20220628 015738.205 INFO             PET3 !!!     THIS MAY CAUSE SLOWDOWN IN PERFORMANCE     !!!
20220628 015738.205 INFO             PET3 !!! FOR PRODUCTION RUNS, USE:                      !!!
20220628 015738.205 INFO             PET3 !!!                   ESMF_LOGKIND_Multi_On_Error  !!!
20220628 015738.205 INFO             PET3 !!!!!!!!!!!!!!!!!!!!!!!!!!!!!!!!!!!!!!!!!!!!!!!!!!!!!!
20220628 015738.205 INFO             PET3 Running with ESMF Version   : v8.4.0b01-2-gf0d4ab211d
20220628 015738.205 INFO             PET3 ESMF library build date/time: "Jun 28 2022" "01:14:19"
20220628 015738.205 INFO             PET3 ESMF library build location : /gpfsm/dnb04/projects/p98/mpotts/esmf/intel_19.1.3_intelmpi_g_develop
20220628 015738.205 INFO             PET3 ESMF_COMM                   : intelmpi
20220628 015738.205 INFO             PET3 ESMF_MOAB                   : enabled
20220628 015738.205 INFO             PET3 ESMF_LAPACK                 : enabled
20220628 015738.205 INFO             PET3 ESMF_NETCDF                 : enabled
20220628 015738.205 INFO             PET3 ESMF_PNETCDF                : disabled
20220628 015738.205 INFO             PET3 ESMF_PIO                    : enabled
20220628 015738.205 INFO             PET3 ESMF_YAMLCPP                : enabled
20220628 015738.349 DEBUG            PET3 about to destroy Grid: 0xaf92c0
20220628 015738.364 DEBUG            PET3 about to destroy Grid: 0xb0d250
20220628 015738.408 INFO             PET3  NUMBER_OF_PROCESSORS           4
20220628 015738.408 INFO             PET3  PASS  Example ESMF_NUOPCAtmModelEx, ESMF_NUOPCAtmModelEx.F90, line 806
20220628 015738.408 INFO             PET3 Finalizing ESMF
