build time -- 2022-06-18 01:20:15.514352
20220618 015549.777 INFO             PET0 !!!!!!!!!!!!!!!!!!!!!!!!!!!!!!!!!!!!!!!!!!!!!!!!!!!!!!
20220618 015549.777 INFO             PET0 !!! THE ESMF_LOG IS SET TO OUTPUT ALL LOG MESSAGES !!!
20220618 015549.777 INFO             PET0 !!!     THIS MAY CAUSE SLOWDOWN IN PERFORMANCE     !!!
20220618 015549.777 INFO             PET0 !!! FOR PRODUCTION RUNS, USE:                      !!!
20220618 015549.777 INFO             PET0 !!!                   ESMF_LOGKIND_Multi_On_Error  !!!
20220618 015549.777 INFO             PET0 !!!!!!!!!!!!!!!!!!!!!!!!!!!!!!!!!!!!!!!!!!!!!!!!!!!!!!
20220618 015549.777 INFO             PET0 Running with ESMF Version   : v8.4.0b01-2-gf0d4ab211d
20220618 015549.777 INFO             PET0 ESMF library build date/time: "Jun 18 2022" "01:17:29"
20220618 015549.777 INFO             PET0 ESMF library build location : /gpfsm/dnb04/projects/p98/mpotts/esmf/intel_19.1.3_intelmpi_g_develop
20220618 015549.777 INFO             PET0 ESMF_COMM                   : intelmpi
20220618 015549.778 INFO             PET0 ESMF_MOAB                   : enabled
20220618 015549.778 INFO             PET0 ESMF_LAPACK                 : enabled
20220618 015549.778 INFO             PET0 ESMF_NETCDF                 : enabled
20220618 015549.778 INFO             PET0 ESMF_PNETCDF                : disabled
20220618 015549.778 INFO             PET0 ESMF_PIO                    : enabled
20220618 015549.778 INFO             PET0 ESMF_YAMLCPP                : enabled
20220618 015549.779 INFO             PET0  NUMBER_OF_PROCESSORS           1
20220618 015549.779 INFO             PET0  PASS  Example ESMF_TimeIntervalEx, ESMF_TimeIntervalEx.F90, line 176
20220618 015549.779 INFO             PET0 Finalizing ESMF
