build time -- 2022-07-16 01:24:41.160693
20220716 015831.842 INFO             PET0 !!!!!!!!!!!!!!!!!!!!!!!!!!!!!!!!!!!!!!!!!!!!!!!!!!!!!!
20220716 015831.842 INFO             PET0 !!! THE ESMF_LOG IS SET TO OUTPUT ALL LOG MESSAGES !!!
20220716 015831.842 INFO             PET0 !!!     THIS MAY CAUSE SLOWDOWN IN PERFORMANCE     !!!
20220716 015831.842 INFO             PET0 !!! FOR PRODUCTION RUNS, USE:                      !!!
20220716 015831.842 INFO             PET0 !!!                   ESMF_LOGKIND_Multi_On_Error  !!!
20220716 015831.842 INFO             PET0 !!!!!!!!!!!!!!!!!!!!!!!!!!!!!!!!!!!!!!!!!!!!!!!!!!!!!!
20220716 015831.844 INFO             PET0 Running with ESMF Version   : v8.4.0b04-2-gc831a7cd4a
20220716 015831.863 INFO             PET0 ESMF library build date/time: "Jul 16 2022" "01:21:49"
20220716 015831.863 INFO             PET0 ESMF library build location : /gpfsm/dnb04/projects/p98/mpotts/esmf/intel_19.1.3_intelmpi_g_develop
20220716 015831.863 INFO             PET0 ESMF_COMM                   : intelmpi
20220716 015831.884 INFO             PET0 ESMF_MOAB                   : enabled
20220716 015831.884 INFO             PET0 ESMF_LAPACK                 : enabled
20220716 015831.884 INFO             PET0 ESMF_NETCDF                 : enabled
20220716 015831.884 INFO             PET0 ESMF_PNETCDF                : disabled
20220716 015831.904 INFO             PET0 ESMF_PIO                    : enabled
20220716 015831.905 INFO             PET0 ESMF_YAMLCPP                : enabled
20220716 015831.920 INFO             PET0 Log Write 2
20220716 015831.935 ERROR            PET0 Invalid object  - Convergence failure
20220716 015831.979 ERROR            PET0 ESMCI_Fraction.C:1444 ESMCI::Fraction::validate() must have non-zero denominator.
20220716 015831.999 ERROR            PET0 ESMCI_Time.C:838 ESMCI::Time::syncToRealTime() Wrong argument specified  - ; calkindflag is JULIANDAY, MODJULIANDAY or NOCALENDAR.
20220716 015832.036 ERROR            PET0 ESMF_Time.F90:1485 ESMF_TimeSyncToRealTime() Wrong argument specified  - Internal subroutine call returned Error
20220716 015832.036 ERROR            PET0 Wrong argument specified  - getting wall clock time
20220716 015832.077 INFO             PET0  NUMBER_OF_PROCESSORS           4
20220716 015832.080 INFO             PET0  PASS  Example ESMF_LogErrEx, ESMF_LogErrEx.F90, line 186
20220716 015832.080 INFO             PET0 Finalizing ESMF
20220716 015831.842 INFO             PET1 !!!!!!!!!!!!!!!!!!!!!!!!!!!!!!!!!!!!!!!!!!!!!!!!!!!!!!
20220716 015831.842 INFO             PET1 !!! THE ESMF_LOG IS SET TO OUTPUT ALL LOG MESSAGES !!!
20220716 015831.842 INFO             PET1 !!!     THIS MAY CAUSE SLOWDOWN IN PERFORMANCE     !!!
20220716 015831.842 INFO             PET1 !!! FOR PRODUCTION RUNS, USE:                      !!!
20220716 015831.842 INFO             PET1 !!!                   ESMF_LOGKIND_Multi_On_Error  !!!
20220716 015831.842 INFO             PET1 !!!!!!!!!!!!!!!!!!!!!!!!!!!!!!!!!!!!!!!!!!!!!!!!!!!!!!
20220716 015831.844 INFO             PET1 Running with ESMF Version   : v8.4.0b04-2-gc831a7cd4a
20220716 015831.863 INFO             PET1 ESMF library build date/time: "Jul 16 2022" "01:21:49"
20220716 015831.863 INFO             PET1 ESMF library build location : /gpfsm/dnb04/projects/p98/mpotts/esmf/intel_19.1.3_intelmpi_g_develop
20220716 015831.863 INFO             PET1 ESMF_COMM                   : intelmpi
20220716 015831.884 INFO             PET1 ESMF_MOAB                   : enabled
20220716 015831.884 INFO             PET1 ESMF_LAPACK                 : enabled
20220716 015831.884 INFO             PET1 ESMF_NETCDF                 : enabled
20220716 015831.884 INFO             PET1 ESMF_PNETCDF                : disabled
20220716 015831.905 INFO             PET1 ESMF_PIO                    : enabled
20220716 015831.905 INFO             PET1 ESMF_YAMLCPP                : enabled
20220716 015831.920 INFO             PET1 Log Write 2
20220716 015831.934 ERROR            PET1 Invalid object  - Convergence failure
20220716 015831.979 ERROR            PET1 ESMCI_Fraction.C:1444 ESMCI::Fraction::validate() must have non-zero denominator.
20220716 015831.999 ERROR            PET1 ESMCI_Time.C:838 ESMCI::Time::syncToRealTime() Wrong argument specified  - ; calkindflag is JULIANDAY, MODJULIANDAY or NOCALENDAR.
20220716 015832.036 ERROR            PET1 ESMF_Time.F90:1485 ESMF_TimeSyncToRealTime() Wrong argument specified  - Internal subroutine call returned Error
20220716 015832.036 ERROR            PET1 Wrong argument specified  - getting wall clock time
20220716 015832.077 INFO             PET1  NUMBER_OF_PROCESSORS           4
20220716 015832.080 INFO             PET1  PASS  Example ESMF_LogErrEx, ESMF_LogErrEx.F90, line 186
20220716 015832.080 INFO             PET1 Finalizing ESMF
20220716 015831.842 INFO             PET2 !!!!!!!!!!!!!!!!!!!!!!!!!!!!!!!!!!!!!!!!!!!!!!!!!!!!!!
20220716 015831.842 INFO             PET2 !!! THE ESMF_LOG IS SET TO OUTPUT ALL LOG MESSAGES !!!
20220716 015831.842 INFO             PET2 !!!     THIS MAY CAUSE SLOWDOWN IN PERFORMANCE     !!!
20220716 015831.842 INFO             PET2 !!! FOR PRODUCTION RUNS, USE:                      !!!
20220716 015831.842 INFO             PET2 !!!                   ESMF_LOGKIND_Multi_On_Error  !!!
20220716 015831.842 INFO             PET2 !!!!!!!!!!!!!!!!!!!!!!!!!!!!!!!!!!!!!!!!!!!!!!!!!!!!!!
20220716 015831.844 INFO             PET2 Running with ESMF Version   : v8.4.0b04-2-gc831a7cd4a
20220716 015831.863 INFO             PET2 ESMF library build date/time: "Jul 16 2022" "01:21:49"
20220716 015831.863 INFO             PET2 ESMF library build location : /gpfsm/dnb04/projects/p98/mpotts/esmf/intel_19.1.3_intelmpi_g_develop
20220716 015831.863 INFO             PET2 ESMF_COMM                   : intelmpi
20220716 015831.884 INFO             PET2 ESMF_MOAB                   : enabled
20220716 015831.884 INFO             PET2 ESMF_LAPACK                 : enabled
20220716 015831.884 INFO             PET2 ESMF_NETCDF                 : enabled
20220716 015831.884 INFO             PET2 ESMF_PNETCDF                : disabled
20220716 015831.905 INFO             PET2 ESMF_PIO                    : enabled
20220716 015831.905 INFO             PET2 ESMF_YAMLCPP                : enabled
20220716 015831.920 INFO             PET2 Log Write 2
20220716 015831.934 ERROR            PET2 Invalid object  - Convergence failure
20220716 015831.979 ERROR            PET2 ESMCI_Fraction.C:1444 ESMCI::Fraction::validate() must have non-zero denominator.
20220716 015831.999 ERROR            PET2 ESMCI_Time.C:838 ESMCI::Time::syncToRealTime() Wrong argument specified  - ; calkindflag is JULIANDAY, MODJULIANDAY or NOCALENDAR.
20220716 015832.036 ERROR            PET2 ESMF_Time.F90:1485 ESMF_TimeSyncToRealTime() Wrong argument specified  - Internal subroutine call returned Error
20220716 015832.036 ERROR            PET2 Wrong argument specified  - getting wall clock time
20220716 015832.077 INFO             PET2  NUMBER_OF_PROCESSORS           4
20220716 015832.080 INFO             PET2  PASS  Example ESMF_LogErrEx, ESMF_LogErrEx.F90, line 186
20220716 015832.080 INFO             PET2 Finalizing ESMF
20220716 015831.842 INFO             PET3 !!!!!!!!!!!!!!!!!!!!!!!!!!!!!!!!!!!!!!!!!!!!!!!!!!!!!!
20220716 015831.842 INFO             PET3 !!! THE ESMF_LOG IS SET TO OUTPUT ALL LOG MESSAGES !!!
20220716 015831.842 INFO             PET3 !!!     THIS MAY CAUSE SLOWDOWN IN PERFORMANCE     !!!
20220716 015831.842 INFO             PET3 !!! FOR PRODUCTION RUNS, USE:                      !!!
20220716 015831.842 INFO             PET3 !!!                   ESMF_LOGKIND_Multi_On_Error  !!!
20220716 015831.842 INFO             PET3 !!!!!!!!!!!!!!!!!!!!!!!!!!!!!!!!!!!!!!!!!!!!!!!!!!!!!!
20220716 015831.844 INFO             PET3 Running with ESMF Version   : v8.4.0b04-2-gc831a7cd4a
20220716 015831.863 INFO             PET3 ESMF library build date/time: "Jul 16 2022" "01:21:49"
20220716 015831.863 INFO             PET3 ESMF library build location : /gpfsm/dnb04/projects/p98/mpotts/esmf/intel_19.1.3_intelmpi_g_develop
20220716 015831.863 INFO             PET3 ESMF_COMM                   : intelmpi
20220716 015831.884 INFO             PET3 ESMF_MOAB                   : enabled
20220716 015831.884 INFO             PET3 ESMF_LAPACK                 : enabled
20220716 015831.884 INFO             PET3 ESMF_NETCDF                 : enabled
20220716 015831.884 INFO             PET3 ESMF_PNETCDF                : disabled
20220716 015831.904 INFO             PET3 ESMF_PIO                    : enabled
20220716 015831.904 INFO             PET3 ESMF_YAMLCPP                : enabled
20220716 015831.920 INFO             PET3 Log Write 2
20220716 015831.935 ERROR            PET3 Invalid object  - Convergence failure
20220716 015831.979 ERROR            PET3 ESMCI_Fraction.C:1444 ESMCI::Fraction::validate() must have non-zero denominator.
20220716 015831.999 ERROR            PET3 ESMCI_Time.C:838 ESMCI::Time::syncToRealTime() Wrong argument specified  - ; calkindflag is JULIANDAY, MODJULIANDAY or NOCALENDAR.
20220716 015832.036 ERROR            PET3 ESMF_Time.F90:1485 ESMF_TimeSyncToRealTime() Wrong argument specified  - Internal subroutine call returned Error
20220716 015832.036 ERROR            PET3 Wrong argument specified  - getting wall clock time
20220716 015832.077 INFO             PET3  NUMBER_OF_PROCESSORS           4
20220716 015832.080 INFO             PET3  PASS  Example ESMF_LogErrEx, ESMF_LogErrEx.F90, line 186
20220716 015832.080 INFO             PET3 Finalizing ESMF
