build time -- 2022-07-18 01:20:38.670592
20220718 015358.004 INFO             PET0 !!!!!!!!!!!!!!!!!!!!!!!!!!!!!!!!!!!!!!!!!!!!!!!!!!!!!!
20220718 015358.004 INFO             PET0 !!! THE ESMF_LOG IS SET TO OUTPUT ALL LOG MESSAGES !!!
20220718 015358.004 INFO             PET0 !!!     THIS MAY CAUSE SLOWDOWN IN PERFORMANCE     !!!
20220718 015358.004 INFO             PET0 !!! FOR PRODUCTION RUNS, USE:                      !!!
20220718 015358.004 INFO             PET0 !!!                   ESMF_LOGKIND_Multi_On_Error  !!!
20220718 015358.004 INFO             PET0 !!!!!!!!!!!!!!!!!!!!!!!!!!!!!!!!!!!!!!!!!!!!!!!!!!!!!!
20220718 015358.004 INFO             PET0 Running with ESMF Version   : v8.4.0b04-2-gc831a7cd4a
20220718 015358.004 INFO             PET0 ESMF library build date/time: "Jul 18 2022" "01:18:00"
20220718 015358.004 INFO             PET0 ESMF library build location : /gpfsm/dnb04/projects/p98/mpotts/esmf/intel_19.1.3_intelmpi_g_develop
20220718 015358.004 INFO             PET0 ESMF_COMM                   : intelmpi
20220718 015358.005 INFO             PET0 ESMF_MOAB                   : enabled
20220718 015358.005 INFO             PET0 ESMF_LAPACK                 : enabled
20220718 015358.005 INFO             PET0 ESMF_NETCDF                 : enabled
20220718 015358.005 INFO             PET0 ESMF_PNETCDF                : disabled
20220718 015358.005 INFO             PET0 ESMF_PIO                    : enabled
20220718 015358.005 INFO             PET0 ESMF_YAMLCPP                : enabled
20220718 015358.009 INFO             PET0  NUMBER_OF_PROCESSORS           1
20220718 015358.009 INFO             PET0  PASS  Example ESMF_AlarmEx, ESMF_AlarmEx.F90, line 244
20220718 015358.009 INFO             PET0 Finalizing ESMF
