build time -- 2022-07-22 01:16:38.602939
20220722 015054.751 INFO             PET0 !!!!!!!!!!!!!!!!!!!!!!!!!!!!!!!!!!!!!!!!!!!!!!!!!!!!!!
20220722 015054.751 INFO             PET0 !!! THE ESMF_LOG IS SET TO OUTPUT ALL LOG MESSAGES !!!
20220722 015054.751 INFO             PET0 !!!     THIS MAY CAUSE SLOWDOWN IN PERFORMANCE     !!!
20220722 015054.751 INFO             PET0 !!! FOR PRODUCTION RUNS, USE:                      !!!
20220722 015054.751 INFO             PET0 !!!                   ESMF_LOGKIND_Multi_On_Error  !!!
20220722 015054.751 INFO             PET0 !!!!!!!!!!!!!!!!!!!!!!!!!!!!!!!!!!!!!!!!!!!!!!!!!!!!!!
20220722 015054.751 INFO             PET0 Running with ESMF Version   : v8.4.0b07
20220722 015054.751 INFO             PET0 ESMF library build date/time: "Jul 22 2022" "01:13:57"
20220722 015054.751 INFO             PET0 ESMF library build location : /gpfsm/dnb04/projects/p98/mpotts/esmf/intel_19.1.3_intelmpi_g_develop
20220722 015054.751 INFO             PET0 ESMF_COMM                   : intelmpi
20220722 015054.752 INFO             PET0 ESMF_MOAB                   : enabled
20220722 015054.752 INFO             PET0 ESMF_LAPACK                 : enabled
20220722 015054.752 INFO             PET0 ESMF_NETCDF                 : enabled
20220722 015054.752 INFO             PET0 ESMF_PNETCDF                : disabled
20220722 015054.752 INFO             PET0 ESMF_PIO                    : enabled
20220722 015054.752 INFO             PET0 ESMF_YAMLCPP                : enabled
20220722 015054.753 INFO             PET0  NUMBER_OF_PROCESSORS           1
20220722 015054.753 INFO             PET0  PASS  Example ESMF_TimeEx, ESMF_TimeEx.F90, line 141
20220722 015054.753 INFO             PET0 Finalizing ESMF
