build time -- 2022-07-11 02:54:27.312883
20220711 040601.128 INFO             PET0 !!!!!!!!!!!!!!!!!!!!!!!!!!!!!!!!!!!!!!!!!!!!!!!!!!!!!!
20220711 040601.128 INFO             PET0 !!! THE ESMF_LOG IS SET TO OUTPUT ALL LOG MESSAGES !!!
20220711 040601.128 INFO             PET0 !!!     THIS MAY CAUSE SLOWDOWN IN PERFORMANCE     !!!
20220711 040601.128 INFO             PET0 !!! FOR PRODUCTION RUNS, USE:                      !!!
20220711 040601.128 INFO             PET0 !!!                   ESMF_LOGKIND_Multi_On_Error  !!!
20220711 040601.128 INFO             PET0 !!!!!!!!!!!!!!!!!!!!!!!!!!!!!!!!!!!!!!!!!!!!!!!!!!!!!!
20220711 040601.128 INFO             PET0 Running with ESMF Version   : v8.4.0b03-3-g14a79d558f
20220711 040601.128 INFO             PET0 ESMF library build date/time: "Jul 11 2022" "02:47:15"
20220711 040601.128 INFO             PET0 ESMF library build location : /glade/scratch/dunlap/esmf-testing/intel_18.0.5_mpt_g_develop
20220711 040601.128 INFO             PET0 ESMF_COMM                   : mpt
20220711 040601.129 INFO             PET0 ESMF_MOAB                   : enabled
20220711 040601.129 INFO             PET0 ESMF_LAPACK                 : enabled
20220711 040601.129 INFO             PET0 ESMF_NETCDF                 : enabled
20220711 040601.129 INFO             PET0 ESMF_PNETCDF                : disabled
20220711 040601.129 INFO             PET0 ESMF_PIO                    : enabled
20220711 040601.129 INFO             PET0 ESMF_YAMLCPP                : enabled
20220711 040601.252 DEBUG            PET0 about to destroy Grid: 0x2e06940
20220711 040601.269 DEBUG            PET0 about to destroy Grid: 0x2e09a30
20220711 040601.314 INFO             PET0  NUMBER_OF_PROCESSORS           4
20220711 040601.314 INFO             PET0  PASS  Example ESMF_NUOPCAtmModelEx, ESMF_NUOPCAtmModelEx.F90, line 806
20220711 040601.314 INFO             PET0 Finalizing ESMF
20220711 040601.127 INFO             PET1 !!!!!!!!!!!!!!!!!!!!!!!!!!!!!!!!!!!!!!!!!!!!!!!!!!!!!!
20220711 040601.127 INFO             PET1 !!! THE ESMF_LOG IS SET TO OUTPUT ALL LOG MESSAGES !!!
20220711 040601.127 INFO             PET1 !!!     THIS MAY CAUSE SLOWDOWN IN PERFORMANCE     !!!
20220711 040601.127 INFO             PET1 !!! FOR PRODUCTION RUNS, USE:                      !!!
20220711 040601.127 INFO             PET1 !!!                   ESMF_LOGKIND_Multi_On_Error  !!!
20220711 040601.127 INFO             PET1 !!!!!!!!!!!!!!!!!!!!!!!!!!!!!!!!!!!!!!!!!!!!!!!!!!!!!!
20220711 040601.127 INFO             PET1 Running with ESMF Version   : v8.4.0b03-3-g14a79d558f
20220711 040601.127 INFO             PET1 ESMF library build date/time: "Jul 11 2022" "02:47:15"
20220711 040601.127 INFO             PET1 ESMF library build location : /glade/scratch/dunlap/esmf-testing/intel_18.0.5_mpt_g_develop
20220711 040601.127 INFO             PET1 ESMF_COMM                   : mpt
20220711 040601.127 INFO             PET1 ESMF_MOAB                   : enabled
20220711 040601.127 INFO             PET1 ESMF_LAPACK                 : enabled
20220711 040601.127 INFO             PET1 ESMF_NETCDF                 : enabled
20220711 040601.127 INFO             PET1 ESMF_PNETCDF                : disabled
20220711 040601.127 INFO             PET1 ESMF_PIO                    : enabled
20220711 040601.127 INFO             PET1 ESMF_YAMLCPP                : enabled
20220711 040601.252 DEBUG            PET1 about to destroy Grid: 0x2e09a20
20220711 040601.269 DEBUG            PET1 about to destroy Grid: 0x2e0a9d0
20220711 040601.314 INFO             PET1  NUMBER_OF_PROCESSORS           4
20220711 040601.314 INFO             PET1  PASS  Example ESMF_NUOPCAtmModelEx, ESMF_NUOPCAtmModelEx.F90, line 806
20220711 040601.314 INFO             PET1 Finalizing ESMF
20220711 040601.128 INFO             PET2 !!!!!!!!!!!!!!!!!!!!!!!!!!!!!!!!!!!!!!!!!!!!!!!!!!!!!!
20220711 040601.128 INFO             PET2 !!! THE ESMF_LOG IS SET TO OUTPUT ALL LOG MESSAGES !!!
20220711 040601.128 INFO             PET2 !!!     THIS MAY CAUSE SLOWDOWN IN PERFORMANCE     !!!
20220711 040601.128 INFO             PET2 !!! FOR PRODUCTION RUNS, USE:                      !!!
20220711 040601.128 INFO             PET2 !!!                   ESMF_LOGKIND_Multi_On_Error  !!!
20220711 040601.128 INFO             PET2 !!!!!!!!!!!!!!!!!!!!!!!!!!!!!!!!!!!!!!!!!!!!!!!!!!!!!!
20220711 040601.128 INFO             PET2 Running with ESMF Version   : v8.4.0b03-3-g14a79d558f
20220711 040601.128 INFO             PET2 ESMF library build date/time: "Jul 11 2022" "02:47:15"
20220711 040601.128 INFO             PET2 ESMF library build location : /glade/scratch/dunlap/esmf-testing/intel_18.0.5_mpt_g_develop
20220711 040601.128 INFO             PET2 ESMF_COMM                   : mpt
20220711 040601.128 INFO             PET2 ESMF_MOAB                   : enabled
20220711 040601.128 INFO             PET2 ESMF_LAPACK                 : enabled
20220711 040601.128 INFO             PET2 ESMF_NETCDF                 : enabled
20220711 040601.128 INFO             PET2 ESMF_PNETCDF                : disabled
20220711 040601.128 INFO             PET2 ESMF_PIO                    : enabled
20220711 040601.128 INFO             PET2 ESMF_YAMLCPP                : enabled
20220711 040601.252 DEBUG            PET2 about to destroy Grid: 0x2e09a90
20220711 040601.269 DEBUG            PET2 about to destroy Grid: 0x2e0aa40
20220711 040601.314 INFO             PET2  NUMBER_OF_PROCESSORS           4
20220711 040601.314 INFO             PET2  PASS  Example ESMF_NUOPCAtmModelEx, ESMF_NUOPCAtmModelEx.F90, line 806
20220711 040601.314 INFO             PET2 Finalizing ESMF
20220711 040601.128 INFO             PET3 !!!!!!!!!!!!!!!!!!!!!!!!!!!!!!!!!!!!!!!!!!!!!!!!!!!!!!
20220711 040601.128 INFO             PET3 !!! THE ESMF_LOG IS SET TO OUTPUT ALL LOG MESSAGES !!!
20220711 040601.128 INFO             PET3 !!!     THIS MAY CAUSE SLOWDOWN IN PERFORMANCE     !!!
20220711 040601.128 INFO             PET3 !!! FOR PRODUCTION RUNS, USE:                      !!!
20220711 040601.128 INFO             PET3 !!!                   ESMF_LOGKIND_Multi_On_Error  !!!
20220711 040601.128 INFO             PET3 !!!!!!!!!!!!!!!!!!!!!!!!!!!!!!!!!!!!!!!!!!!!!!!!!!!!!!
20220711 040601.128 INFO             PET3 Running with ESMF Version   : v8.4.0b03-3-g14a79d558f
20220711 040601.128 INFO             PET3 ESMF library build date/time: "Jul 11 2022" "02:47:15"
20220711 040601.128 INFO             PET3 ESMF library build location : /glade/scratch/dunlap/esmf-testing/intel_18.0.5_mpt_g_develop
20220711 040601.128 INFO             PET3 ESMF_COMM                   : mpt
20220711 040601.128 INFO             PET3 ESMF_MOAB                   : enabled
20220711 040601.128 INFO             PET3 ESMF_LAPACK                 : enabled
20220711 040601.128 INFO             PET3 ESMF_NETCDF                 : enabled
20220711 040601.128 INFO             PET3 ESMF_PNETCDF                : disabled
20220711 040601.128 INFO             PET3 ESMF_PIO                    : enabled
20220711 040601.128 INFO             PET3 ESMF_YAMLCPP                : enabled
20220711 040601.252 DEBUG            PET3 about to destroy Grid: 0x2e09b50
20220711 040601.269 DEBUG            PET3 about to destroy Grid: 0x2e0ab00
20220711 040601.314 INFO             PET3  NUMBER_OF_PROCESSORS           4
20220711 040601.314 INFO             PET3  PASS  Example ESMF_NUOPCAtmModelEx, ESMF_NUOPCAtmModelEx.F90, line 806
20220711 040601.314 INFO             PET3 Finalizing ESMF
