build time -- 2022-07-05 02:57:13.929349
20220705 040651.919 INFO             PET0 !!!!!!!!!!!!!!!!!!!!!!!!!!!!!!!!!!!!!!!!!!!!!!!!!!!!!!
20220705 040651.919 INFO             PET0 !!! THE ESMF_LOG IS SET TO OUTPUT ALL LOG MESSAGES !!!
20220705 040651.919 INFO             PET0 !!!     THIS MAY CAUSE SLOWDOWN IN PERFORMANCE     !!!
20220705 040651.919 INFO             PET0 !!! FOR PRODUCTION RUNS, USE:                      !!!
20220705 040651.919 INFO             PET0 !!!                   ESMF_LOGKIND_Multi_On_Error  !!!
20220705 040651.919 INFO             PET0 !!!!!!!!!!!!!!!!!!!!!!!!!!!!!!!!!!!!!!!!!!!!!!!!!!!!!!
20220705 040651.919 INFO             PET0 Running with ESMF Version   : v8.4.0b02-7-g9328c9b05f
20220705 040651.919 INFO             PET0 ESMF library build date/time: "Jul  5 2022" "02:50:12"
20220705 040651.919 INFO             PET0 ESMF library build location : /glade/scratch/dunlap/esmf-testing/intel_18.0.5_mpt_g_develop
20220705 040651.919 INFO             PET0 ESMF_COMM                   : mpt
20220705 040651.920 INFO             PET0 ESMF_MOAB                   : enabled
20220705 040651.920 INFO             PET0 ESMF_LAPACK                 : enabled
20220705 040651.920 INFO             PET0 ESMF_NETCDF                 : enabled
20220705 040651.920 INFO             PET0 ESMF_PNETCDF                : disabled
20220705 040651.920 INFO             PET0 ESMF_PIO                    : enabled
20220705 040651.920 INFO             PET0 ESMF_YAMLCPP                : enabled
20220705 040651.921 INFO             PET0  NUMBER_OF_PROCESSORS           1
20220705 040651.921 INFO             PET0  PASS  Example ESMF_AlarmEx, ESMF_AlarmEx.F90, line 244
20220705 040651.921 INFO             PET0 Finalizing ESMF
