build time -- 2022-07-18 00:52:10
20220718 021625.860 INFO             PET0 !!!!!!!!!!!!!!!!!!!!!!!!!!!!!!!!!!!!!!!!!!!!!!!!!!!!!!
20220718 021625.861 INFO             PET0 !!! THE ESMF_LOG IS SET TO OUTPUT ALL LOG MESSAGES !!!
20220718 021625.861 INFO             PET0 !!!     THIS MAY CAUSE SLOWDOWN IN PERFORMANCE     !!!
20220718 021625.861 INFO             PET0 !!! FOR PRODUCTION RUNS, USE:                      !!!
20220718 021625.861 INFO             PET0 !!!                   ESMF_LOGKIND_Multi_On_Error  !!!
20220718 021625.861 INFO             PET0 !!!!!!!!!!!!!!!!!!!!!!!!!!!!!!!!!!!!!!!!!!!!!!!!!!!!!!
20220718 021625.861 INFO             PET0 Running with ESMF Version   : v8.4.0b04-9-g4da4a8320a
20220718 021625.861 INFO             PET0 ESMF library build date/time: "Jul 18 2022" "00:50:21"
20220718 021625.861 INFO             PET0 ESMF library build location : /lustre/f2/dev/ncep/Mark.Potts/gfortran_8.3.0_mpi_g_feature_named-alias
20220718 021625.861 INFO             PET0 ESMF_COMM                   : mpi
20220718 021625.863 INFO             PET0 ESMF_MOAB                   : enabled
20220718 021625.863 INFO             PET0 ESMF_LAPACK                 : enabled
20220718 021625.863 INFO             PET0 ESMF_NETCDF                 : enabled
20220718 021625.863 INFO             PET0 ESMF_PNETCDF                : disabled
20220718 021625.863 INFO             PET0 ESMF_PIO                    : enabled
20220718 021625.863 INFO             PET0 ESMF_YAMLCPP                : enabled
20220718 021625.867 INFO             PET0  NUMBER_OF_PROCESSORS           1
20220718 021625.867 INFO             PET0  PASS  Example CalendarEx, ESMF_CalendarEx.F90, line 217
20220718 021625.867 INFO             PET0 Finalizing ESMF
