build time -- 2022-07-18 00:52:10
20220718 021557.160 INFO             PET0 !!!!!!!!!!!!!!!!!!!!!!!!!!!!!!!!!!!!!!!!!!!!!!!!!!!!!!
20220718 021557.160 INFO             PET0 !!! THE ESMF_LOG IS SET TO OUTPUT ALL LOG MESSAGES !!!
20220718 021557.160 INFO             PET0 !!!     THIS MAY CAUSE SLOWDOWN IN PERFORMANCE     !!!
20220718 021557.160 INFO             PET0 !!! FOR PRODUCTION RUNS, USE:                      !!!
20220718 021557.160 INFO             PET0 !!!                   ESMF_LOGKIND_Multi_On_Error  !!!
20220718 021557.160 INFO             PET0 !!!!!!!!!!!!!!!!!!!!!!!!!!!!!!!!!!!!!!!!!!!!!!!!!!!!!!
20220718 021557.160 INFO             PET0 Running with ESMF Version   : v8.4.0b04-9-g4da4a8320a
20220718 021557.160 INFO             PET0 ESMF library build date/time: "Jul 18 2022" "00:50:21"
20220718 021557.160 INFO             PET0 ESMF library build location : /lustre/f2/dev/ncep/Mark.Potts/gfortran_8.3.0_mpi_g_feature_named-alias
20220718 021557.160 INFO             PET0 ESMF_COMM                   : mpi
20220718 021557.160 INFO             PET0 ESMF_MOAB                   : enabled
20220718 021557.160 INFO             PET0 ESMF_LAPACK                 : enabled
20220718 021557.160 INFO             PET0 ESMF_NETCDF                 : enabled
20220718 021557.160 INFO             PET0 ESMF_PNETCDF                : disabled
20220718 021557.160 INFO             PET0 ESMF_PIO                    : enabled
20220718 021557.160 INFO             PET0 ESMF_YAMLCPP                : enabled
20220718 021557.161 INFO             PET0  NUMBER_OF_PROCESSORS           4
20220718 021557.161 INFO             PET0  PASS  Example ESMF_VMUserMpiCommMultiEx, ESMF_VMUserMpiCommMultiEx.F90, line 126
20220718 021557.161 INFO             PET0 Finalizing ESMF
20220718 021557.157 INFO             PET0 !!!!!!!!!!!!!!!!!!!!!!!!!!!!!!!!!!!!!!!!!!!!!!!!!!!!!!
20220718 021557.157 INFO             PET0 !!! THE ESMF_LOG IS SET TO OUTPUT ALL LOG MESSAGES !!!
20220718 021557.157 INFO             PET0 !!!     THIS MAY CAUSE SLOWDOWN IN PERFORMANCE     !!!
20220718 021557.157 INFO             PET0 !!! FOR PRODUCTION RUNS, USE:                      !!!
20220718 021557.157 INFO             PET0 !!!                   ESMF_LOGKIND_Multi_On_Error  !!!
20220718 021557.157 INFO             PET0 !!!!!!!!!!!!!!!!!!!!!!!!!!!!!!!!!!!!!!!!!!!!!!!!!!!!!!
20220718 021557.157 INFO             PET0 Running with ESMF Version   : v8.4.0b04-9-g4da4a8320a
20220718 021557.157 INFO             PET0 ESMF library build date/time: "Jul 18 2022" "00:50:21"
20220718 021557.157 INFO             PET0 ESMF library build location : /lustre/f2/dev/ncep/Mark.Potts/gfortran_8.3.0_mpi_g_feature_named-alias
20220718 021557.157 INFO             PET0 ESMF_COMM                   : mpi
20220718 021557.157 INFO             PET0 ESMF_MOAB                   : enabled
20220718 021557.157 INFO             PET0 ESMF_LAPACK                 : enabled
20220718 021557.157 INFO             PET0 ESMF_NETCDF                 : enabled
20220718 021557.157 INFO             PET0 ESMF_PNETCDF                : disabled
20220718 021557.157 INFO             PET0 ESMF_PIO                    : enabled
20220718 021557.157 INFO             PET0 ESMF_YAMLCPP                : enabled
20220718 021557.162 INFO             PET0  NUMBER_OF_PROCESSORS           4
20220718 021557.162 INFO             PET0  PASS  Example ESMF_VMUserMpiCommMultiEx, ESMF_VMUserMpiCommMultiEx.F90, line 154
20220718 021557.162 INFO             PET0 Finalizing ESMF
20220718 021557.150 INFO             PET1 !!!!!!!!!!!!!!!!!!!!!!!!!!!!!!!!!!!!!!!!!!!!!!!!!!!!!!
20220718 021557.150 INFO             PET1 !!! THE ESMF_LOG IS SET TO OUTPUT ALL LOG MESSAGES !!!
20220718 021557.150 INFO             PET1 !!!     THIS MAY CAUSE SLOWDOWN IN PERFORMANCE     !!!
20220718 021557.150 INFO             PET1 !!! FOR PRODUCTION RUNS, USE:                      !!!
20220718 021557.150 INFO             PET1 !!!                   ESMF_LOGKIND_Multi_On_Error  !!!
20220718 021557.150 INFO             PET1 !!!!!!!!!!!!!!!!!!!!!!!!!!!!!!!!!!!!!!!!!!!!!!!!!!!!!!
20220718 021557.150 INFO             PET1 Running with ESMF Version   : v8.4.0b04-9-g4da4a8320a
20220718 021557.150 INFO             PET1 ESMF library build date/time: "Jul 18 2022" "00:50:21"
20220718 021557.150 INFO             PET1 ESMF library build location : /lustre/f2/dev/ncep/Mark.Potts/gfortran_8.3.0_mpi_g_feature_named-alias
20220718 021557.150 INFO             PET1 ESMF_COMM                   : mpi
20220718 021557.150 INFO             PET1 ESMF_MOAB                   : enabled
20220718 021557.150 INFO             PET1 ESMF_LAPACK                 : enabled
20220718 021557.150 INFO             PET1 ESMF_NETCDF                 : enabled
20220718 021557.150 INFO             PET1 ESMF_PNETCDF                : disabled
20220718 021557.150 INFO             PET1 ESMF_PIO                    : enabled
20220718 021557.150 INFO             PET1 ESMF_YAMLCPP                : enabled
20220718 021557.161 INFO             PET1  NUMBER_OF_PROCESSORS           4
20220718 021557.161 INFO             PET1  PASS  Example ESMF_VMUserMpiCommMultiEx, ESMF_VMUserMpiCommMultiEx.F90, line 126
20220718 021557.161 INFO             PET1 Finalizing ESMF
20220718 021557.162 INFO             PET1 !!!!!!!!!!!!!!!!!!!!!!!!!!!!!!!!!!!!!!!!!!!!!!!!!!!!!!
20220718 021557.162 INFO             PET1 !!! THE ESMF_LOG IS SET TO OUTPUT ALL LOG MESSAGES !!!
20220718 021557.162 INFO             PET1 !!!     THIS MAY CAUSE SLOWDOWN IN PERFORMANCE     !!!
20220718 021557.162 INFO             PET1 !!! FOR PRODUCTION RUNS, USE:                      !!!
20220718 021557.162 INFO             PET1 !!!                   ESMF_LOGKIND_Multi_On_Error  !!!
20220718 021557.162 INFO             PET1 !!!!!!!!!!!!!!!!!!!!!!!!!!!!!!!!!!!!!!!!!!!!!!!!!!!!!!
20220718 021557.162 INFO             PET1 Running with ESMF Version   : v8.4.0b04-9-g4da4a8320a
20220718 021557.162 INFO             PET1 ESMF library build date/time: "Jul 18 2022" "00:50:21"
20220718 021557.162 INFO             PET1 ESMF library build location : /lustre/f2/dev/ncep/Mark.Potts/gfortran_8.3.0_mpi_g_feature_named-alias
20220718 021557.162 INFO             PET1 ESMF_COMM                   : mpi
20220718 021557.162 INFO             PET1 ESMF_MOAB                   : enabled
20220718 021557.162 INFO             PET1 ESMF_LAPACK                 : enabled
20220718 021557.162 INFO             PET1 ESMF_NETCDF                 : enabled
20220718 021557.162 INFO             PET1 ESMF_PNETCDF                : disabled
20220718 021557.162 INFO             PET1 ESMF_PIO                    : enabled
20220718 021557.162 INFO             PET1 ESMF_YAMLCPP                : enabled
20220718 021557.162 INFO             PET1  NUMBER_OF_PROCESSORS           4
20220718 021557.162 INFO             PET1  PASS  Example ESMF_VMUserMpiCommMultiEx, ESMF_VMUserMpiCommMultiEx.F90, line 154
20220718 021557.162 INFO             PET1 Finalizing ESMF
