build time -- 2022-07-20 01:16:46.000852
20220720 014439.560 INFO             PET0 !!!!!!!!!!!!!!!!!!!!!!!!!!!!!!!!!!!!!!!!!!!!!!!!!!!!!!
20220720 014439.560 INFO             PET0 !!! THE ESMF_LOG IS SET TO OUTPUT ALL LOG MESSAGES !!!
20220720 014439.560 INFO             PET0 !!!     THIS MAY CAUSE SLOWDOWN IN PERFORMANCE     !!!
20220720 014439.560 INFO             PET0 !!! FOR PRODUCTION RUNS, USE:                      !!!
20220720 014439.560 INFO             PET0 !!!                   ESMF_LOGKIND_Multi_On_Error  !!!
20220720 014439.560 INFO             PET0 !!!!!!!!!!!!!!!!!!!!!!!!!!!!!!!!!!!!!!!!!!!!!!!!!!!!!!
20220720 014439.560 INFO             PET0 Running with ESMF Version   : v8.4.0b06-4-gd14c4971e8
20220720 014439.560 INFO             PET0 ESMF library build date/time: "Jul 20 2022" "01:15:12"
20220720 014439.560 INFO             PET0 ESMF library build location : /gpfsm/dnb04/projects/p98/mpotts/esmf/gfortran_8.3.0_intelmpi_g_develop
20220720 014439.560 INFO             PET0 ESMF_COMM                   : intelmpi
20220720 014439.560 INFO             PET0 ESMF_MOAB                   : enabled
20220720 014439.560 INFO             PET0 ESMF_LAPACK                 : enabled
20220720 014439.560 INFO             PET0 ESMF_NETCDF                 : disabled
20220720 014439.560 INFO             PET0 ESMF_PNETCDF                : disabled
20220720 014439.560 INFO             PET0 ESMF_PIO                    : disabled
20220720 014439.560 INFO             PET0 ESMF_YAMLCPP                : enabled
20220720 014439.563 INFO             PET0  NUMBER_OF_PROCESSORS           4
20220720 014439.563 INFO             PET0  PASS  Example ESMF_FieldArbGridEx, ESMF_FieldArbGridEx.F90, line 243
20220720 014439.563 INFO             PET0 Finalizing ESMF
20220720 014439.560 INFO             PET1 !!!!!!!!!!!!!!!!!!!!!!!!!!!!!!!!!!!!!!!!!!!!!!!!!!!!!!
20220720 014439.560 INFO             PET1 !!! THE ESMF_LOG IS SET TO OUTPUT ALL LOG MESSAGES !!!
20220720 014439.560 INFO             PET1 !!!     THIS MAY CAUSE SLOWDOWN IN PERFORMANCE     !!!
20220720 014439.560 INFO             PET1 !!! FOR PRODUCTION RUNS, USE:                      !!!
20220720 014439.560 INFO             PET1 !!!                   ESMF_LOGKIND_Multi_On_Error  !!!
20220720 014439.560 INFO             PET1 !!!!!!!!!!!!!!!!!!!!!!!!!!!!!!!!!!!!!!!!!!!!!!!!!!!!!!
20220720 014439.560 INFO             PET1 Running with ESMF Version   : v8.4.0b06-4-gd14c4971e8
20220720 014439.560 INFO             PET1 ESMF library build date/time: "Jul 20 2022" "01:15:12"
20220720 014439.561 INFO             PET1 ESMF library build location : /gpfsm/dnb04/projects/p98/mpotts/esmf/gfortran_8.3.0_intelmpi_g_develop
20220720 014439.561 INFO             PET1 ESMF_COMM                   : intelmpi
20220720 014439.561 INFO             PET1 ESMF_MOAB                   : enabled
20220720 014439.561 INFO             PET1 ESMF_LAPACK                 : enabled
20220720 014439.561 INFO             PET1 ESMF_NETCDF                 : disabled
20220720 014439.561 INFO             PET1 ESMF_PNETCDF                : disabled
20220720 014439.561 INFO             PET1 ESMF_PIO                    : disabled
20220720 014439.561 INFO             PET1 ESMF_YAMLCPP                : enabled
20220720 014439.563 INFO             PET1  NUMBER_OF_PROCESSORS           4
20220720 014439.563 INFO             PET1  PASS  Example ESMF_FieldArbGridEx, ESMF_FieldArbGridEx.F90, line 243
20220720 014439.563 INFO             PET1 Finalizing ESMF
20220720 014439.560 INFO             PET2 !!!!!!!!!!!!!!!!!!!!!!!!!!!!!!!!!!!!!!!!!!!!!!!!!!!!!!
20220720 014439.560 INFO             PET2 !!! THE ESMF_LOG IS SET TO OUTPUT ALL LOG MESSAGES !!!
20220720 014439.560 INFO             PET2 !!!     THIS MAY CAUSE SLOWDOWN IN PERFORMANCE     !!!
20220720 014439.560 INFO             PET2 !!! FOR PRODUCTION RUNS, USE:                      !!!
20220720 014439.560 INFO             PET2 !!!                   ESMF_LOGKIND_Multi_On_Error  !!!
20220720 014439.560 INFO             PET2 !!!!!!!!!!!!!!!!!!!!!!!!!!!!!!!!!!!!!!!!!!!!!!!!!!!!!!
20220720 014439.560 INFO             PET2 Running with ESMF Version   : v8.4.0b06-4-gd14c4971e8
20220720 014439.560 INFO             PET2 ESMF library build date/time: "Jul 20 2022" "01:15:12"
20220720 014439.560 INFO             PET2 ESMF library build location : /gpfsm/dnb04/projects/p98/mpotts/esmf/gfortran_8.3.0_intelmpi_g_develop
20220720 014439.560 INFO             PET2 ESMF_COMM                   : intelmpi
20220720 014439.560 INFO             PET2 ESMF_MOAB                   : enabled
20220720 014439.560 INFO             PET2 ESMF_LAPACK                 : enabled
20220720 014439.560 INFO             PET2 ESMF_NETCDF                 : disabled
20220720 014439.560 INFO             PET2 ESMF_PNETCDF                : disabled
20220720 014439.560 INFO             PET2 ESMF_PIO                    : disabled
20220720 014439.560 INFO             PET2 ESMF_YAMLCPP                : enabled
20220720 014439.563 INFO             PET2  NUMBER_OF_PROCESSORS           4
20220720 014439.563 INFO             PET2  PASS  Example ESMF_FieldArbGridEx, ESMF_FieldArbGridEx.F90, line 243
20220720 014439.563 INFO             PET2 Finalizing ESMF
20220720 014439.560 INFO             PET3 !!!!!!!!!!!!!!!!!!!!!!!!!!!!!!!!!!!!!!!!!!!!!!!!!!!!!!
20220720 014439.560 INFO             PET3 !!! THE ESMF_LOG IS SET TO OUTPUT ALL LOG MESSAGES !!!
20220720 014439.560 INFO             PET3 !!!     THIS MAY CAUSE SLOWDOWN IN PERFORMANCE     !!!
20220720 014439.560 INFO             PET3 !!! FOR PRODUCTION RUNS, USE:                      !!!
20220720 014439.560 INFO             PET3 !!!                   ESMF_LOGKIND_Multi_On_Error  !!!
20220720 014439.560 INFO             PET3 !!!!!!!!!!!!!!!!!!!!!!!!!!!!!!!!!!!!!!!!!!!!!!!!!!!!!!
20220720 014439.560 INFO             PET3 Running with ESMF Version   : v8.4.0b06-4-gd14c4971e8
20220720 014439.560 INFO             PET3 ESMF library build date/time: "Jul 20 2022" "01:15:12"
20220720 014439.560 INFO             PET3 ESMF library build location : /gpfsm/dnb04/projects/p98/mpotts/esmf/gfortran_8.3.0_intelmpi_g_develop
20220720 014439.560 INFO             PET3 ESMF_COMM                   : intelmpi
20220720 014439.560 INFO             PET3 ESMF_MOAB                   : enabled
20220720 014439.560 INFO             PET3 ESMF_LAPACK                 : enabled
20220720 014439.560 INFO             PET3 ESMF_NETCDF                 : disabled
20220720 014439.560 INFO             PET3 ESMF_PNETCDF                : disabled
20220720 014439.560 INFO             PET3 ESMF_PIO                    : disabled
20220720 014439.561 INFO             PET3 ESMF_YAMLCPP                : enabled
20220720 014439.563 INFO             PET3  NUMBER_OF_PROCESSORS           4
20220720 014439.563 INFO             PET3  PASS  Example ESMF_FieldArbGridEx, ESMF_FieldArbGridEx.F90, line 243
20220720 014439.563 INFO             PET3 Finalizing ESMF
