build time -- 2022-07-08 01:16:42.865988
20220708 014433.854 INFO             PET0 !!!!!!!!!!!!!!!!!!!!!!!!!!!!!!!!!!!!!!!!!!!!!!!!!!!!!!
20220708 014433.854 INFO             PET0 !!! THE ESMF_LOG IS SET TO OUTPUT ALL LOG MESSAGES !!!
20220708 014433.854 INFO             PET0 !!!     THIS MAY CAUSE SLOWDOWN IN PERFORMANCE     !!!
20220708 014433.854 INFO             PET0 !!! FOR PRODUCTION RUNS, USE:                      !!!
20220708 014433.854 INFO             PET0 !!!                   ESMF_LOGKIND_Multi_On_Error  !!!
20220708 014433.854 INFO             PET0 !!!!!!!!!!!!!!!!!!!!!!!!!!!!!!!!!!!!!!!!!!!!!!!!!!!!!!
20220708 014433.854 INFO             PET0 Running with ESMF Version   : v8.4.0b03-3-g14a79d558f
20220708 014433.854 INFO             PET0 ESMF library build date/time: "Jul  8 2022" "01:14:53"
20220708 014433.854 INFO             PET0 ESMF library build location : /gpfsm/dnb04/projects/p98/mpotts/esmf/gfortran_8.3.0_intelmpi_g_develop
20220708 014433.854 INFO             PET0 ESMF_COMM                   : intelmpi
20220708 014433.855 INFO             PET0 ESMF_MOAB                   : enabled
20220708 014433.855 INFO             PET0 ESMF_LAPACK                 : enabled
20220708 014433.855 INFO             PET0 ESMF_NETCDF                 : disabled
20220708 014433.855 INFO             PET0 ESMF_PNETCDF                : disabled
20220708 014433.855 INFO             PET0 ESMF_PIO                    : disabled
20220708 014433.855 INFO             PET0 ESMF_YAMLCPP                : enabled
20220708 014433.855 INFO             PET0  NUMBER_OF_PROCESSORS           4
20220708 014433.855 INFO             PET0  PASS  Example ESMF_VMUserMpiCommMultiEx, ESMF_VMUserMpiCommMultiEx.F90, line 126
20220708 014433.855 INFO             PET0 Finalizing ESMF
20220708 014433.854 INFO             PET0 !!!!!!!!!!!!!!!!!!!!!!!!!!!!!!!!!!!!!!!!!!!!!!!!!!!!!!
20220708 014433.854 INFO             PET0 !!! THE ESMF_LOG IS SET TO OUTPUT ALL LOG MESSAGES !!!
20220708 014433.854 INFO             PET0 !!!     THIS MAY CAUSE SLOWDOWN IN PERFORMANCE     !!!
20220708 014433.854 INFO             PET0 !!! FOR PRODUCTION RUNS, USE:                      !!!
20220708 014433.854 INFO             PET0 !!!                   ESMF_LOGKIND_Multi_On_Error  !!!
20220708 014433.854 INFO             PET0 !!!!!!!!!!!!!!!!!!!!!!!!!!!!!!!!!!!!!!!!!!!!!!!!!!!!!!
20220708 014433.854 INFO             PET0 Running with ESMF Version   : v8.4.0b03-3-g14a79d558f
20220708 014433.854 INFO             PET0 ESMF library build date/time: "Jul  8 2022" "01:14:53"
20220708 014433.854 INFO             PET0 ESMF library build location : /gpfsm/dnb04/projects/p98/mpotts/esmf/gfortran_8.3.0_intelmpi_g_develop
20220708 014433.854 INFO             PET0 ESMF_COMM                   : intelmpi
20220708 014433.854 INFO             PET0 ESMF_MOAB                   : enabled
20220708 014433.854 INFO             PET0 ESMF_LAPACK                 : enabled
20220708 014433.854 INFO             PET0 ESMF_NETCDF                 : disabled
20220708 014433.854 INFO             PET0 ESMF_PNETCDF                : disabled
20220708 014433.854 INFO             PET0 ESMF_PIO                    : disabled
20220708 014433.854 INFO             PET0 ESMF_YAMLCPP                : enabled
20220708 014433.854 INFO             PET0  NUMBER_OF_PROCESSORS           4
20220708 014433.854 INFO             PET0  PASS  Example ESMF_VMUserMpiCommMultiEx, ESMF_VMUserMpiCommMultiEx.F90, line 154
20220708 014433.854 INFO             PET0 Finalizing ESMF
20220708 014433.854 INFO             PET1 !!!!!!!!!!!!!!!!!!!!!!!!!!!!!!!!!!!!!!!!!!!!!!!!!!!!!!
20220708 014433.854 INFO             PET1 !!! THE ESMF_LOG IS SET TO OUTPUT ALL LOG MESSAGES !!!
20220708 014433.854 INFO             PET1 !!!     THIS MAY CAUSE SLOWDOWN IN PERFORMANCE     !!!
20220708 014433.854 INFO             PET1 !!! FOR PRODUCTION RUNS, USE:                      !!!
20220708 014433.854 INFO             PET1 !!!                   ESMF_LOGKIND_Multi_On_Error  !!!
20220708 014433.854 INFO             PET1 !!!!!!!!!!!!!!!!!!!!!!!!!!!!!!!!!!!!!!!!!!!!!!!!!!!!!!
20220708 014433.854 INFO             PET1 Running with ESMF Version   : v8.4.0b03-3-g14a79d558f
20220708 014433.854 INFO             PET1 ESMF library build date/time: "Jul  8 2022" "01:14:53"
20220708 014433.854 INFO             PET1 ESMF library build location : /gpfsm/dnb04/projects/p98/mpotts/esmf/gfortran_8.3.0_intelmpi_g_develop
20220708 014433.854 INFO             PET1 ESMF_COMM                   : intelmpi
20220708 014433.855 INFO             PET1 ESMF_MOAB                   : enabled
20220708 014433.855 INFO             PET1 ESMF_LAPACK                 : enabled
20220708 014433.855 INFO             PET1 ESMF_NETCDF                 : disabled
20220708 014433.855 INFO             PET1 ESMF_PNETCDF                : disabled
20220708 014433.855 INFO             PET1 ESMF_PIO                    : disabled
20220708 014433.855 INFO             PET1 ESMF_YAMLCPP                : enabled
20220708 014433.855 INFO             PET1  NUMBER_OF_PROCESSORS           4
20220708 014433.855 INFO             PET1  PASS  Example ESMF_VMUserMpiCommMultiEx, ESMF_VMUserMpiCommMultiEx.F90, line 126
20220708 014433.855 INFO             PET1 Finalizing ESMF
20220708 014433.854 INFO             PET1 !!!!!!!!!!!!!!!!!!!!!!!!!!!!!!!!!!!!!!!!!!!!!!!!!!!!!!
20220708 014433.854 INFO             PET1 !!! THE ESMF_LOG IS SET TO OUTPUT ALL LOG MESSAGES !!!
20220708 014433.854 INFO             PET1 !!!     THIS MAY CAUSE SLOWDOWN IN PERFORMANCE     !!!
20220708 014433.854 INFO             PET1 !!! FOR PRODUCTION RUNS, USE:                      !!!
20220708 014433.854 INFO             PET1 !!!                   ESMF_LOGKIND_Multi_On_Error  !!!
20220708 014433.854 INFO             PET1 !!!!!!!!!!!!!!!!!!!!!!!!!!!!!!!!!!!!!!!!!!!!!!!!!!!!!!
20220708 014433.854 INFO             PET1 Running with ESMF Version   : v8.4.0b03-3-g14a79d558f
20220708 014433.854 INFO             PET1 ESMF library build date/time: "Jul  8 2022" "01:14:53"
20220708 014433.854 INFO             PET1 ESMF library build location : /gpfsm/dnb04/projects/p98/mpotts/esmf/gfortran_8.3.0_intelmpi_g_develop
20220708 014433.854 INFO             PET1 ESMF_COMM                   : intelmpi
20220708 014433.854 INFO             PET1 ESMF_MOAB                   : enabled
20220708 014433.854 INFO             PET1 ESMF_LAPACK                 : enabled
20220708 014433.854 INFO             PET1 ESMF_NETCDF                 : disabled
20220708 014433.854 INFO             PET1 ESMF_PNETCDF                : disabled
20220708 014433.854 INFO             PET1 ESMF_PIO                    : disabled
20220708 014433.854 INFO             PET1 ESMF_YAMLCPP                : enabled
20220708 014433.855 INFO             PET1  NUMBER_OF_PROCESSORS           4
20220708 014433.855 INFO             PET1  PASS  Example ESMF_VMUserMpiCommMultiEx, ESMF_VMUserMpiCommMultiEx.F90, line 154
20220708 014433.855 INFO             PET1 Finalizing ESMF
