build time -- 2022-07-13 01:16:27.483034
20220713 014429.741 INFO             PET0 !!!!!!!!!!!!!!!!!!!!!!!!!!!!!!!!!!!!!!!!!!!!!!!!!!!!!!
20220713 014429.741 INFO             PET0 !!! THE ESMF_LOG IS SET TO OUTPUT ALL LOG MESSAGES !!!
20220713 014429.741 INFO             PET0 !!!     THIS MAY CAUSE SLOWDOWN IN PERFORMANCE     !!!
20220713 014429.741 INFO             PET0 !!! FOR PRODUCTION RUNS, USE:                      !!!
20220713 014429.741 INFO             PET0 !!!                   ESMF_LOGKIND_Multi_On_Error  !!!
20220713 014429.741 INFO             PET0 !!!!!!!!!!!!!!!!!!!!!!!!!!!!!!!!!!!!!!!!!!!!!!!!!!!!!!
20220713 014429.741 INFO             PET0 Running with ESMF Version   : v8.4.0b03-3-g14a79d558f
20220713 014429.741 INFO             PET0 ESMF library build date/time: "Jul 13 2022" "01:14:55"
20220713 014429.741 INFO             PET0 ESMF library build location : /gpfsm/dnb04/projects/p98/mpotts/esmf/gfortran_8.3.0_intelmpi_g_develop
20220713 014429.741 INFO             PET0 ESMF_COMM                   : intelmpi
20220713 014429.741 INFO             PET0 ESMF_MOAB                   : enabled
20220713 014429.741 INFO             PET0 ESMF_LAPACK                 : enabled
20220713 014429.741 INFO             PET0 ESMF_NETCDF                 : disabled
20220713 014429.741 INFO             PET0 ESMF_PNETCDF                : disabled
20220713 014429.741 INFO             PET0 ESMF_PIO                    : disabled
20220713 014429.741 INFO             PET0 ESMF_YAMLCPP                : enabled
20220713 014429.845 DEBUG            PET0 about to destroy Grid: 0x8f5af0
20220713 014429.857 DEBUG            PET0 about to destroy Grid: 0x8f89c0
20220713 014429.889 INFO             PET0  NUMBER_OF_PROCESSORS           4
20220713 014429.889 INFO             PET0  PASS  Example ESMF_NUOPCAtmModelEx, ESMF_NUOPCAtmModelEx.F90, line 806
20220713 014429.889 INFO             PET0 Finalizing ESMF
20220713 014429.741 INFO             PET1 !!!!!!!!!!!!!!!!!!!!!!!!!!!!!!!!!!!!!!!!!!!!!!!!!!!!!!
20220713 014429.741 INFO             PET1 !!! THE ESMF_LOG IS SET TO OUTPUT ALL LOG MESSAGES !!!
20220713 014429.741 INFO             PET1 !!!     THIS MAY CAUSE SLOWDOWN IN PERFORMANCE     !!!
20220713 014429.741 INFO             PET1 !!! FOR PRODUCTION RUNS, USE:                      !!!
20220713 014429.741 INFO             PET1 !!!                   ESMF_LOGKIND_Multi_On_Error  !!!
20220713 014429.741 INFO             PET1 !!!!!!!!!!!!!!!!!!!!!!!!!!!!!!!!!!!!!!!!!!!!!!!!!!!!!!
20220713 014429.741 INFO             PET1 Running with ESMF Version   : v8.4.0b03-3-g14a79d558f
20220713 014429.741 INFO             PET1 ESMF library build date/time: "Jul 13 2022" "01:14:55"
20220713 014429.741 INFO             PET1 ESMF library build location : /gpfsm/dnb04/projects/p98/mpotts/esmf/gfortran_8.3.0_intelmpi_g_develop
20220713 014429.741 INFO             PET1 ESMF_COMM                   : intelmpi
20220713 014429.741 INFO             PET1 ESMF_MOAB                   : enabled
20220713 014429.741 INFO             PET1 ESMF_LAPACK                 : enabled
20220713 014429.741 INFO             PET1 ESMF_NETCDF                 : disabled
20220713 014429.741 INFO             PET1 ESMF_PNETCDF                : disabled
20220713 014429.741 INFO             PET1 ESMF_PIO                    : disabled
20220713 014429.741 INFO             PET1 ESMF_YAMLCPP                : enabled
20220713 014429.845 DEBUG            PET1 about to destroy Grid: 0x8f8070
20220713 014429.857 DEBUG            PET1 about to destroy Grid: 0x8f9140
20220713 014429.889 INFO             PET1  NUMBER_OF_PROCESSORS           4
20220713 014429.889 INFO             PET1  PASS  Example ESMF_NUOPCAtmModelEx, ESMF_NUOPCAtmModelEx.F90, line 806
20220713 014429.889 INFO             PET1 Finalizing ESMF
20220713 014429.741 INFO             PET2 !!!!!!!!!!!!!!!!!!!!!!!!!!!!!!!!!!!!!!!!!!!!!!!!!!!!!!
20220713 014429.741 INFO             PET2 !!! THE ESMF_LOG IS SET TO OUTPUT ALL LOG MESSAGES !!!
20220713 014429.741 INFO             PET2 !!!     THIS MAY CAUSE SLOWDOWN IN PERFORMANCE     !!!
20220713 014429.741 INFO             PET2 !!! FOR PRODUCTION RUNS, USE:                      !!!
20220713 014429.741 INFO             PET2 !!!                   ESMF_LOGKIND_Multi_On_Error  !!!
20220713 014429.741 INFO             PET2 !!!!!!!!!!!!!!!!!!!!!!!!!!!!!!!!!!!!!!!!!!!!!!!!!!!!!!
20220713 014429.741 INFO             PET2 Running with ESMF Version   : v8.4.0b03-3-g14a79d558f
20220713 014429.741 INFO             PET2 ESMF library build date/time: "Jul 13 2022" "01:14:55"
20220713 014429.741 INFO             PET2 ESMF library build location : /gpfsm/dnb04/projects/p98/mpotts/esmf/gfortran_8.3.0_intelmpi_g_develop
20220713 014429.741 INFO             PET2 ESMF_COMM                   : intelmpi
20220713 014429.741 INFO             PET2 ESMF_MOAB                   : enabled
20220713 014429.742 INFO             PET2 ESMF_LAPACK                 : enabled
20220713 014429.742 INFO             PET2 ESMF_NETCDF                 : disabled
20220713 014429.742 INFO             PET2 ESMF_PNETCDF                : disabled
20220713 014429.742 INFO             PET2 ESMF_PIO                    : disabled
20220713 014429.742 INFO             PET2 ESMF_YAMLCPP                : enabled
20220713 014429.845 DEBUG            PET2 about to destroy Grid: 0x8f78e0
20220713 014429.857 DEBUG            PET2 about to destroy Grid: 0x8f89b0
20220713 014429.890 INFO             PET2  NUMBER_OF_PROCESSORS           4
20220713 014429.890 INFO             PET2  PASS  Example ESMF_NUOPCAtmModelEx, ESMF_NUOPCAtmModelEx.F90, line 806
20220713 014429.890 INFO             PET2 Finalizing ESMF
20220713 014429.741 INFO             PET3 !!!!!!!!!!!!!!!!!!!!!!!!!!!!!!!!!!!!!!!!!!!!!!!!!!!!!!
20220713 014429.741 INFO             PET3 !!! THE ESMF_LOG IS SET TO OUTPUT ALL LOG MESSAGES !!!
20220713 014429.741 INFO             PET3 !!!     THIS MAY CAUSE SLOWDOWN IN PERFORMANCE     !!!
20220713 014429.741 INFO             PET3 !!! FOR PRODUCTION RUNS, USE:                      !!!
20220713 014429.741 INFO             PET3 !!!                   ESMF_LOGKIND_Multi_On_Error  !!!
20220713 014429.741 INFO             PET3 !!!!!!!!!!!!!!!!!!!!!!!!!!!!!!!!!!!!!!!!!!!!!!!!!!!!!!
20220713 014429.741 INFO             PET3 Running with ESMF Version   : v8.4.0b03-3-g14a79d558f
20220713 014429.741 INFO             PET3 ESMF library build date/time: "Jul 13 2022" "01:14:55"
20220713 014429.741 INFO             PET3 ESMF library build location : /gpfsm/dnb04/projects/p98/mpotts/esmf/gfortran_8.3.0_intelmpi_g_develop
20220713 014429.741 INFO             PET3 ESMF_COMM                   : intelmpi
20220713 014429.741 INFO             PET3 ESMF_MOAB                   : enabled
20220713 014429.741 INFO             PET3 ESMF_LAPACK                 : enabled
20220713 014429.741 INFO             PET3 ESMF_NETCDF                 : disabled
20220713 014429.741 INFO             PET3 ESMF_PNETCDF                : disabled
20220713 014429.741 INFO             PET3 ESMF_PIO                    : disabled
20220713 014429.741 INFO             PET3 ESMF_YAMLCPP                : enabled
20220713 014429.845 DEBUG            PET3 about to destroy Grid: 0x8f7820
20220713 014429.857 DEBUG            PET3 about to destroy Grid: 0x8f88f0
20220713 014429.889 INFO             PET3  NUMBER_OF_PROCESSORS           4
20220713 014429.889 INFO             PET3  PASS  Example ESMF_NUOPCAtmModelEx, ESMF_NUOPCAtmModelEx.F90, line 806
20220713 014429.889 INFO             PET3 Finalizing ESMF
