build time -- 2022-07-02 01:13:32.461863
20220702 014357.964 INFO             PET0 !!!!!!!!!!!!!!!!!!!!!!!!!!!!!!!!!!!!!!!!!!!!!!!!!!!!!!
20220702 014357.964 INFO             PET0 !!! THE ESMF_LOG IS SET TO OUTPUT ALL LOG MESSAGES !!!
20220702 014357.964 INFO             PET0 !!!     THIS MAY CAUSE SLOWDOWN IN PERFORMANCE     !!!
20220702 014357.964 INFO             PET0 !!! FOR PRODUCTION RUNS, USE:                      !!!
20220702 014357.964 INFO             PET0 !!!                   ESMF_LOGKIND_Multi_On_Error  !!!
20220702 014357.964 INFO             PET0 !!!!!!!!!!!!!!!!!!!!!!!!!!!!!!!!!!!!!!!!!!!!!!!!!!!!!!
20220702 014357.964 INFO             PET0 Running with ESMF Version   : v8.4.0b02-7-g9328c9b05f
20220702 014357.964 INFO             PET0 ESMF library build date/time: "Jul  2 2022" "01:11:59"
20220702 014357.964 INFO             PET0 ESMF library build location : /gpfsm/dnb04/projects/p98/mpotts/esmf/gfortran_8.3.0_intelmpi_g_develop
20220702 014357.964 INFO             PET0 ESMF_COMM                   : intelmpi
20220702 014357.964 INFO             PET0 ESMF_MOAB                   : enabled
20220702 014357.964 INFO             PET0 ESMF_LAPACK                 : enabled
20220702 014357.964 INFO             PET0 ESMF_NETCDF                 : disabled
20220702 014357.964 INFO             PET0 ESMF_PNETCDF                : disabled
20220702 014357.964 INFO             PET0 ESMF_PIO                    : disabled
20220702 014357.964 INFO             PET0 ESMF_YAMLCPP                : enabled
20220702 014357.966 INFO             PET0 ESMF_FieldRedistStoreNF(): Just entered routine.
20220702 014357.968 INFO             PET0 ESMF_FieldRedistStoreNF(): Leaving routine.
20220702 014357.972 INFO             PET0 ESMF_FieldRedistStoreNF(): Just entered routine.
20220702 014357.973 INFO             PET0 ESMF_FieldRedistStoreNF(): Leaving routine.
20220702 014357.974 INFO             PET0 ESMF_FieldRedistStoreNF(): Just entered routine.
20220702 014357.975 INFO             PET0 ESMF_FieldRedistStoreNF(): Leaving routine.
20220702 014357.975 INFO             PET0  NUMBER_OF_PROCESSORS           4
20220702 014357.975 INFO             PET0  PASS  Example ESMF_FieldRedistEx, ESMF_FieldRedistEx.F90, line 521
20220702 014357.975 INFO             PET0 Finalizing ESMF
20220702 014357.964 INFO             PET1 !!!!!!!!!!!!!!!!!!!!!!!!!!!!!!!!!!!!!!!!!!!!!!!!!!!!!!
20220702 014357.964 INFO             PET1 !!! THE ESMF_LOG IS SET TO OUTPUT ALL LOG MESSAGES !!!
20220702 014357.964 INFO             PET1 !!!     THIS MAY CAUSE SLOWDOWN IN PERFORMANCE     !!!
20220702 014357.964 INFO             PET1 !!! FOR PRODUCTION RUNS, USE:                      !!!
20220702 014357.964 INFO             PET1 !!!                   ESMF_LOGKIND_Multi_On_Error  !!!
20220702 014357.964 INFO             PET1 !!!!!!!!!!!!!!!!!!!!!!!!!!!!!!!!!!!!!!!!!!!!!!!!!!!!!!
20220702 014357.964 INFO             PET1 Running with ESMF Version   : v8.4.0b02-7-g9328c9b05f
20220702 014357.964 INFO             PET1 ESMF library build date/time: "Jul  2 2022" "01:11:59"
20220702 014357.964 INFO             PET1 ESMF library build location : /gpfsm/dnb04/projects/p98/mpotts/esmf/gfortran_8.3.0_intelmpi_g_develop
20220702 014357.964 INFO             PET1 ESMF_COMM                   : intelmpi
20220702 014357.964 INFO             PET1 ESMF_MOAB                   : enabled
20220702 014357.964 INFO             PET1 ESMF_LAPACK                 : enabled
20220702 014357.964 INFO             PET1 ESMF_NETCDF                 : disabled
20220702 014357.964 INFO             PET1 ESMF_PNETCDF                : disabled
20220702 014357.964 INFO             PET1 ESMF_PIO                    : disabled
20220702 014357.964 INFO             PET1 ESMF_YAMLCPP                : enabled
20220702 014357.966 INFO             PET1 ESMF_FieldRedistStoreNF(): Just entered routine.
20220702 014357.968 INFO             PET1 ESMF_FieldRedistStoreNF(): Leaving routine.
20220702 014357.972 INFO             PET1 ESMF_FieldRedistStoreNF(): Just entered routine.
20220702 014357.973 INFO             PET1 ESMF_FieldRedistStoreNF(): Leaving routine.
20220702 014357.974 INFO             PET1 ESMF_FieldRedistStoreNF(): Just entered routine.
20220702 014357.975 INFO             PET1 ESMF_FieldRedistStoreNF(): Leaving routine.
20220702 014357.975 INFO             PET1  NUMBER_OF_PROCESSORS           4
20220702 014357.975 INFO             PET1  PASS  Example ESMF_FieldRedistEx, ESMF_FieldRedistEx.F90, line 521
20220702 014357.975 INFO             PET1 Finalizing ESMF
20220702 014357.964 INFO             PET2 !!!!!!!!!!!!!!!!!!!!!!!!!!!!!!!!!!!!!!!!!!!!!!!!!!!!!!
20220702 014357.964 INFO             PET2 !!! THE ESMF_LOG IS SET TO OUTPUT ALL LOG MESSAGES !!!
20220702 014357.964 INFO             PET2 !!!     THIS MAY CAUSE SLOWDOWN IN PERFORMANCE     !!!
20220702 014357.964 INFO             PET2 !!! FOR PRODUCTION RUNS, USE:                      !!!
20220702 014357.964 INFO             PET2 !!!                   ESMF_LOGKIND_Multi_On_Error  !!!
20220702 014357.964 INFO             PET2 !!!!!!!!!!!!!!!!!!!!!!!!!!!!!!!!!!!!!!!!!!!!!!!!!!!!!!
20220702 014357.964 INFO             PET2 Running with ESMF Version   : v8.4.0b02-7-g9328c9b05f
20220702 014357.964 INFO             PET2 ESMF library build date/time: "Jul  2 2022" "01:11:59"
20220702 014357.964 INFO             PET2 ESMF library build location : /gpfsm/dnb04/projects/p98/mpotts/esmf/gfortran_8.3.0_intelmpi_g_develop
20220702 014357.964 INFO             PET2 ESMF_COMM                   : intelmpi
20220702 014357.965 INFO             PET2 ESMF_MOAB                   : enabled
20220702 014357.965 INFO             PET2 ESMF_LAPACK                 : enabled
20220702 014357.965 INFO             PET2 ESMF_NETCDF                 : disabled
20220702 014357.965 INFO             PET2 ESMF_PNETCDF                : disabled
20220702 014357.965 INFO             PET2 ESMF_PIO                    : disabled
20220702 014357.965 INFO             PET2 ESMF_YAMLCPP                : enabled
20220702 014357.967 INFO             PET2 ESMF_FieldRedistStoreNF(): Just entered routine.
20220702 014357.969 INFO             PET2 ESMF_FieldRedistStoreNF(): Leaving routine.
20220702 014357.972 INFO             PET2 ESMF_FieldRedistStoreNF(): Just entered routine.
20220702 014357.973 INFO             PET2 ESMF_FieldRedistStoreNF(): Leaving routine.
20220702 014357.974 INFO             PET2 ESMF_FieldRedistStoreNF(): Just entered routine.
20220702 014357.975 INFO             PET2 ESMF_FieldRedistStoreNF(): Leaving routine.
20220702 014357.975 INFO             PET2  NUMBER_OF_PROCESSORS           4
20220702 014357.975 INFO             PET2  PASS  Example ESMF_FieldRedistEx, ESMF_FieldRedistEx.F90, line 521
20220702 014357.975 INFO             PET2 Finalizing ESMF
20220702 014357.964 INFO             PET3 !!!!!!!!!!!!!!!!!!!!!!!!!!!!!!!!!!!!!!!!!!!!!!!!!!!!!!
20220702 014357.965 INFO             PET3 !!! THE ESMF_LOG IS SET TO OUTPUT ALL LOG MESSAGES !!!
20220702 014357.965 INFO             PET3 !!!     THIS MAY CAUSE SLOWDOWN IN PERFORMANCE     !!!
20220702 014357.965 INFO             PET3 !!! FOR PRODUCTION RUNS, USE:                      !!!
20220702 014357.965 INFO             PET3 !!!                   ESMF_LOGKIND_Multi_On_Error  !!!
20220702 014357.965 INFO             PET3 !!!!!!!!!!!!!!!!!!!!!!!!!!!!!!!!!!!!!!!!!!!!!!!!!!!!!!
20220702 014357.965 INFO             PET3 Running with ESMF Version   : v8.4.0b02-7-g9328c9b05f
20220702 014357.965 INFO             PET3 ESMF library build date/time: "Jul  2 2022" "01:11:59"
20220702 014357.965 INFO             PET3 ESMF library build location : /gpfsm/dnb04/projects/p98/mpotts/esmf/gfortran_8.3.0_intelmpi_g_develop
20220702 014357.965 INFO             PET3 ESMF_COMM                   : intelmpi
20220702 014357.965 INFO             PET3 ESMF_MOAB                   : enabled
20220702 014357.965 INFO             PET3 ESMF_LAPACK                 : enabled
20220702 014357.965 INFO             PET3 ESMF_NETCDF                 : disabled
20220702 014357.965 INFO             PET3 ESMF_PNETCDF                : disabled
20220702 014357.965 INFO             PET3 ESMF_PIO                    : disabled
20220702 014357.965 INFO             PET3 ESMF_YAMLCPP                : enabled
20220702 014357.967 INFO             PET3 ESMF_FieldRedistStoreNF(): Just entered routine.
20220702 014357.969 INFO             PET3 ESMF_FieldRedistStoreNF(): Leaving routine.
20220702 014357.972 INFO             PET3 ESMF_FieldRedistStoreNF(): Just entered routine.
20220702 014357.973 INFO             PET3 ESMF_FieldRedistStoreNF(): Leaving routine.
20220702 014357.974 INFO             PET3 ESMF_FieldRedistStoreNF(): Just entered routine.
20220702 014357.975 INFO             PET3 ESMF_FieldRedistStoreNF(): Leaving routine.
20220702 014357.975 INFO             PET3  NUMBER_OF_PROCESSORS           4
20220702 014357.975 INFO             PET3  PASS  Example ESMF_FieldRedistEx, ESMF_FieldRedistEx.F90, line 521
20220702 014357.975 INFO             PET3 Finalizing ESMF
