build time -- 2022-06-25 01:14:39.001857
20220625 014857.587 INFO             PET0 !!!!!!!!!!!!!!!!!!!!!!!!!!!!!!!!!!!!!!!!!!!!!!!!!!!!!!
20220625 014857.587 INFO             PET0 !!! THE ESMF_LOG IS SET TO OUTPUT ALL LOG MESSAGES !!!
20220625 014857.587 INFO             PET0 !!!     THIS MAY CAUSE SLOWDOWN IN PERFORMANCE     !!!
20220625 014857.587 INFO             PET0 !!! FOR PRODUCTION RUNS, USE:                      !!!
20220625 014857.587 INFO             PET0 !!!                   ESMF_LOGKIND_Multi_On_Error  !!!
20220625 014857.587 INFO             PET0 !!!!!!!!!!!!!!!!!!!!!!!!!!!!!!!!!!!!!!!!!!!!!!!!!!!!!!
20220625 014857.587 INFO             PET0 Running with ESMF Version   : v8.4.0b01-2-gf0d4ab211d
20220625 014857.587 INFO             PET0 ESMF library build date/time: "Jun 25 2022" "01:13:05"
20220625 014857.587 INFO             PET0 ESMF library build location : /gpfsm/dnb04/projects/p98/mpotts/esmf/gfortran_8.3.0_intelmpi_g_develop
20220625 014857.587 INFO             PET0 ESMF_COMM                   : intelmpi
20220625 014857.588 INFO             PET0 ESMF_MOAB                   : enabled
20220625 014857.588 INFO             PET0 ESMF_LAPACK                 : enabled
20220625 014857.588 INFO             PET0 ESMF_NETCDF                 : disabled
20220625 014857.588 INFO             PET0 ESMF_PNETCDF                : disabled
20220625 014857.588 INFO             PET0 ESMF_PIO                    : disabled
20220625 014857.588 INFO             PET0 ESMF_YAMLCPP                : enabled
20220625 014857.588 INFO             PET0  NUMBER_OF_PROCESSORS           1
20220625 014857.588 INFO             PET0  PASS  Example CalendarEx, ESMF_CalendarEx.F90, line 217
20220625 014857.588 INFO             PET0 Finalizing ESMF
