build time -- 2022-07-16 10:52:36
20220716 145541.839 INFO             PET0 !!!!!!!!!!!!!!!!!!!!!!!!!!!!!!!!!!!!!!!!!!!!!!!!!!!!!!
20220716 145541.839 INFO             PET0 !!! THE ESMF_LOG IS SET TO OUTPUT ALL LOG MESSAGES !!!
20220716 145541.839 INFO             PET0 !!!     THIS MAY CAUSE SLOWDOWN IN PERFORMANCE     !!!
20220716 145541.839 INFO             PET0 !!! FOR PRODUCTION RUNS, USE:                      !!!
20220716 145541.839 INFO             PET0 !!!                   ESMF_LOGKIND_Multi_On_Error  !!!
20220716 145541.839 INFO             PET0 !!!!!!!!!!!!!!!!!!!!!!!!!!!!!!!!!!!!!!!!!!!!!!!!!!!!!!
20220716 145541.839 INFO             PET0 Running with ESMF Version   : v8.4.0b04-8-g9865973e1f
20220716 145541.839 INFO             PET0 ESMF library build date/time: "Jul 16 2022" "10:50:44"
20220716 145541.839 INFO             PET0 ESMF library build location : /scratch1/NCEPDEV/stmp2/role.esmfmaint/intel_18.0.5b_intelmpi_g_feature_named-alias
20220716 145541.839 INFO             PET0 ESMF_COMM                   : intelmpi
20220716 145541.840 INFO             PET0 ESMF_MOAB                   : enabled
20220716 145541.840 INFO             PET0 ESMF_LAPACK                 : enabled
20220716 145541.840 INFO             PET0 ESMF_NETCDF                 : enabled
20220716 145541.840 INFO             PET0 ESMF_PNETCDF                : disabled
20220716 145541.840 INFO             PET0 ESMF_PIO                    : enabled
20220716 145541.840 INFO             PET0 ESMF_YAMLCPP                : enabled
20220716 145541.966 DEBUG            PET0 about to destroy Grid: 0x1f63be0
20220716 145541.982 DEBUG            PET0 about to destroy Grid: 0x1f66230
20220716 145542.027 INFO             PET0  NUMBER_OF_PROCESSORS           4
20220716 145542.027 INFO             PET0  PASS  Example ESMF_NUOPCAtmModelEx, ESMF_NUOPCAtmModelEx.F90, line 806
20220716 145542.027 INFO             PET0 Finalizing ESMF
20220716 145541.840 INFO             PET1 !!!!!!!!!!!!!!!!!!!!!!!!!!!!!!!!!!!!!!!!!!!!!!!!!!!!!!
20220716 145541.840 INFO             PET1 !!! THE ESMF_LOG IS SET TO OUTPUT ALL LOG MESSAGES !!!
20220716 145541.840 INFO             PET1 !!!     THIS MAY CAUSE SLOWDOWN IN PERFORMANCE     !!!
20220716 145541.840 INFO             PET1 !!! FOR PRODUCTION RUNS, USE:                      !!!
20220716 145541.840 INFO             PET1 !!!                   ESMF_LOGKIND_Multi_On_Error  !!!
20220716 145541.840 INFO             PET1 !!!!!!!!!!!!!!!!!!!!!!!!!!!!!!!!!!!!!!!!!!!!!!!!!!!!!!
20220716 145541.840 INFO             PET1 Running with ESMF Version   : v8.4.0b04-8-g9865973e1f
20220716 145541.840 INFO             PET1 ESMF library build date/time: "Jul 16 2022" "10:50:44"
20220716 145541.840 INFO             PET1 ESMF library build location : /scratch1/NCEPDEV/stmp2/role.esmfmaint/intel_18.0.5b_intelmpi_g_feature_named-alias
20220716 145541.840 INFO             PET1 ESMF_COMM                   : intelmpi
20220716 145541.840 INFO             PET1 ESMF_MOAB                   : enabled
20220716 145541.840 INFO             PET1 ESMF_LAPACK                 : enabled
20220716 145541.840 INFO             PET1 ESMF_NETCDF                 : enabled
20220716 145541.840 INFO             PET1 ESMF_PNETCDF                : disabled
20220716 145541.840 INFO             PET1 ESMF_PIO                    : enabled
20220716 145541.841 INFO             PET1 ESMF_YAMLCPP                : enabled
20220716 145541.966 DEBUG            PET1 about to destroy Grid: 0x1a8e8b0
20220716 145541.982 DEBUG            PET1 about to destroy Grid: 0x1a8f740
20220716 145542.028 INFO             PET1  NUMBER_OF_PROCESSORS           4
20220716 145542.028 INFO             PET1  PASS  Example ESMF_NUOPCAtmModelEx, ESMF_NUOPCAtmModelEx.F90, line 806
20220716 145542.028 INFO             PET1 Finalizing ESMF
20220716 145541.840 INFO             PET2 !!!!!!!!!!!!!!!!!!!!!!!!!!!!!!!!!!!!!!!!!!!!!!!!!!!!!!
20220716 145541.840 INFO             PET2 !!! THE ESMF_LOG IS SET TO OUTPUT ALL LOG MESSAGES !!!
20220716 145541.840 INFO             PET2 !!!     THIS MAY CAUSE SLOWDOWN IN PERFORMANCE     !!!
20220716 145541.840 INFO             PET2 !!! FOR PRODUCTION RUNS, USE:                      !!!
20220716 145541.840 INFO             PET2 !!!                   ESMF_LOGKIND_Multi_On_Error  !!!
20220716 145541.840 INFO             PET2 !!!!!!!!!!!!!!!!!!!!!!!!!!!!!!!!!!!!!!!!!!!!!!!!!!!!!!
20220716 145541.840 INFO             PET2 Running with ESMF Version   : v8.4.0b04-8-g9865973e1f
20220716 145541.840 INFO             PET2 ESMF library build date/time: "Jul 16 2022" "10:50:44"
20220716 145541.840 INFO             PET2 ESMF library build location : /scratch1/NCEPDEV/stmp2/role.esmfmaint/intel_18.0.5b_intelmpi_g_feature_named-alias
20220716 145541.840 INFO             PET2 ESMF_COMM                   : intelmpi
20220716 145541.841 INFO             PET2 ESMF_MOAB                   : enabled
20220716 145541.841 INFO             PET2 ESMF_LAPACK                 : enabled
20220716 145541.841 INFO             PET2 ESMF_NETCDF                 : enabled
20220716 145541.841 INFO             PET2 ESMF_PNETCDF                : disabled
20220716 145541.841 INFO             PET2 ESMF_PIO                    : enabled
20220716 145541.841 INFO             PET2 ESMF_YAMLCPP                : enabled
20220716 145541.965 DEBUG            PET2 about to destroy Grid: 0x208a8b0
20220716 145541.982 DEBUG            PET2 about to destroy Grid: 0x208b740
20220716 145542.027 INFO             PET2  NUMBER_OF_PROCESSORS           4
20220716 145542.027 INFO             PET2  PASS  Example ESMF_NUOPCAtmModelEx, ESMF_NUOPCAtmModelEx.F90, line 806
20220716 145542.027 INFO             PET2 Finalizing ESMF
20220716 145541.839 INFO             PET3 !!!!!!!!!!!!!!!!!!!!!!!!!!!!!!!!!!!!!!!!!!!!!!!!!!!!!!
20220716 145541.839 INFO             PET3 !!! THE ESMF_LOG IS SET TO OUTPUT ALL LOG MESSAGES !!!
20220716 145541.839 INFO             PET3 !!!     THIS MAY CAUSE SLOWDOWN IN PERFORMANCE     !!!
20220716 145541.839 INFO             PET3 !!! FOR PRODUCTION RUNS, USE:                      !!!
20220716 145541.839 INFO             PET3 !!!                   ESMF_LOGKIND_Multi_On_Error  !!!
20220716 145541.839 INFO             PET3 !!!!!!!!!!!!!!!!!!!!!!!!!!!!!!!!!!!!!!!!!!!!!!!!!!!!!!
20220716 145541.839 INFO             PET3 Running with ESMF Version   : v8.4.0b04-8-g9865973e1f
20220716 145541.839 INFO             PET3 ESMF library build date/time: "Jul 16 2022" "10:50:44"
20220716 145541.839 INFO             PET3 ESMF library build location : /scratch1/NCEPDEV/stmp2/role.esmfmaint/intel_18.0.5b_intelmpi_g_feature_named-alias
20220716 145541.839 INFO             PET3 ESMF_COMM                   : intelmpi
20220716 145541.840 INFO             PET3 ESMF_MOAB                   : enabled
20220716 145541.840 INFO             PET3 ESMF_LAPACK                 : enabled
20220716 145541.840 INFO             PET3 ESMF_NETCDF                 : enabled
20220716 145541.840 INFO             PET3 ESMF_PNETCDF                : disabled
20220716 145541.840 INFO             PET3 ESMF_PIO                    : enabled
20220716 145541.840 INFO             PET3 ESMF_YAMLCPP                : enabled
20220716 145541.966 DEBUG            PET3 about to destroy Grid: 0x278d8b0
20220716 145541.982 DEBUG            PET3 about to destroy Grid: 0x278e740
20220716 145542.027 INFO             PET3  NUMBER_OF_PROCESSORS           4
20220716 145542.027 INFO             PET3  PASS  Example ESMF_NUOPCAtmModelEx, ESMF_NUOPCAtmModelEx.F90, line 806
20220716 145542.027 INFO             PET3 Finalizing ESMF
