build time -- 2022-07-12 00:35:34
20220712 010739.025 INFO             PET0 !!!!!!!!!!!!!!!!!!!!!!!!!!!!!!!!!!!!!!!!!!!!!!!!!!!!!!
20220712 010739.025 INFO             PET0 !!! THE ESMF_LOG IS SET TO OUTPUT ALL LOG MESSAGES !!!
20220712 010739.025 INFO             PET0 !!!     THIS MAY CAUSE SLOWDOWN IN PERFORMANCE     !!!
20220712 010739.025 INFO             PET0 !!! FOR PRODUCTION RUNS, USE:                      !!!
20220712 010739.025 INFO             PET0 !!!                   ESMF_LOGKIND_Multi_On_Error  !!!
20220712 010739.025 INFO             PET0 !!!!!!!!!!!!!!!!!!!!!!!!!!!!!!!!!!!!!!!!!!!!!!!!!!!!!!
20220712 010739.025 INFO             PET0 Running with ESMF Version   : v8.4.0b03-3-g14a79d558f
20220712 010739.025 INFO             PET0 ESMF library build date/time: "Jul 12 2022" "00:33:36"
20220712 010739.025 INFO             PET0 ESMF library build location : /lustre/f2/dev/ncep/Mark.Potts/intel_2019.5_mpiuni_O_develop
20220712 010739.025 INFO             PET0 ESMF_COMM                   : mpiuni
20220712 010739.026 INFO             PET0 ESMF_MOAB                   : enabled
20220712 010739.026 INFO             PET0 ESMF_LAPACK                 : enabled
20220712 010739.026 INFO             PET0 ESMF_NETCDF                 : enabled
20220712 010739.026 INFO             PET0 ESMF_PNETCDF                : disabled
20220712 010739.026 INFO             PET0 ESMF_PIO                    : disabled
20220712 010739.026 INFO             PET0 ESMF_YAMLCPP                : enabled
20220712 010739.051 DEBUG            PET0 about to destroy Grid: 0x899fe0
20220712 010739.054 DEBUG            PET0 about to destroy Grid: 0x89b650
20220712 010739.063 INFO             PET0  NUMBER_OF_PROCESSORS           1
20220712 010739.063 INFO             PET0  PASS  Example ESMF_NUOPCAtmModelEx, ESMF_NUOPCAtmModelEx.F90, line 806
20220712 010739.063 INFO             PET0 Finalizing ESMF
