build time -- 2022-07-05 00:45:00
20220705 051621.862 INFO             PET0 !!!!!!!!!!!!!!!!!!!!!!!!!!!!!!!!!!!!!!!!!!!!!!!!!!!!!!
20220705 051621.862 INFO             PET0 !!! THE ESMF_LOG IS SET TO OUTPUT ALL LOG MESSAGES !!!
20220705 051621.862 INFO             PET0 !!!     THIS MAY CAUSE SLOWDOWN IN PERFORMANCE     !!!
20220705 051621.862 INFO             PET0 !!! FOR PRODUCTION RUNS, USE:                      !!!
20220705 051621.862 INFO             PET0 !!!                   ESMF_LOGKIND_Multi_On_Error  !!!
20220705 051621.862 INFO             PET0 !!!!!!!!!!!!!!!!!!!!!!!!!!!!!!!!!!!!!!!!!!!!!!!!!!!!!!
20220705 051621.862 INFO             PET0 Running with ESMF Version   : v8.4.0b02-7-g9328c9b05f
20220705 051621.862 INFO             PET0 ESMF library build date/time: "Jul  5 2022" "00:42:55"
20220705 051621.862 INFO             PET0 ESMF library build location : /lustre/f2/dev/ncep/Mark.Potts/intel_2019.5_mpiuni_O_develop
20220705 051621.862 INFO             PET0 ESMF_COMM                   : mpiuni
20220705 051621.863 INFO             PET0 ESMF_MOAB                   : enabled
20220705 051621.863 INFO             PET0 ESMF_LAPACK                 : enabled
20220705 051621.863 INFO             PET0 ESMF_NETCDF                 : enabled
20220705 051621.863 INFO             PET0 ESMF_PNETCDF                : disabled
20220705 051621.863 INFO             PET0 ESMF_PIO                    : disabled
20220705 051621.863 INFO             PET0 ESMF_YAMLCPP                : enabled
20220705 051621.866 INFO             PET0  NUMBER_OF_PROCESSORS           1
20220705 051621.866 INFO             PET0  PASS  Example ESMF_FieldArbGridEx, ESMF_FieldArbGridEx.F90, line 243
20220705 051621.866 INFO             PET0 Finalizing ESMF
