build time -- 2022-07-21 00:45:57
20220721 024645.899 INFO             PET0 !!!!!!!!!!!!!!!!!!!!!!!!!!!!!!!!!!!!!!!!!!!!!!!!!!!!!!
20220721 024645.899 INFO             PET0 !!! THE ESMF_LOG IS SET TO OUTPUT ALL LOG MESSAGES !!!
20220721 024645.899 INFO             PET0 !!!     THIS MAY CAUSE SLOWDOWN IN PERFORMANCE     !!!
20220721 024645.899 INFO             PET0 !!! FOR PRODUCTION RUNS, USE:                      !!!
20220721 024645.899 INFO             PET0 !!!                   ESMF_LOGKIND_Multi_On_Error  !!!
20220721 024645.899 INFO             PET0 !!!!!!!!!!!!!!!!!!!!!!!!!!!!!!!!!!!!!!!!!!!!!!!!!!!!!!
20220721 024645.899 INFO             PET0 Running with ESMF Version   : v8.4.0b06-6-g1266599ea8
20220721 024645.899 INFO             PET0 ESMF library build date/time: "Jul 21 2022" "00:44:07"
20220721 024645.899 INFO             PET0 ESMF library build location : /lustre/f2/dev/ncep/Mark.Potts/intel_2019.5_mpiuni_O_develop
20220721 024645.899 INFO             PET0 ESMF_COMM                   : mpiuni
20220721 024645.900 INFO             PET0 ESMF_MOAB                   : enabled
20220721 024645.900 INFO             PET0 ESMF_LAPACK                 : enabled
20220721 024645.900 INFO             PET0 ESMF_NETCDF                 : enabled
20220721 024645.900 INFO             PET0 ESMF_PNETCDF                : disabled
20220721 024645.900 INFO             PET0 ESMF_PIO                    : disabled
20220721 024645.900 INFO             PET0 ESMF_YAMLCPP                : enabled
20220721 024645.900 INFO             PET0 ESMF Tracing Enabled
20220721 024645.900 INFO             PET0 ESMF Profiling Enabled
20220721 024645.900 INFO             PET0 ESMF Trace/Profile clock: REALTIME
20220721 024645.902 INFO             PET0  NUMBER_OF_PROCESSORS           1
20220721 024645.902 INFO             PET0  PASS  Example ESMF_TraceEx, ESMF_TraceEx.F90, line 178
20220721 024645.902 INFO             PET0 Finalizing ESMF
20220721 024645.902 INFO             PET0 **************** Region Timings *******************
20220721 024645.902 INFO             PET0 Region              Count  Total (s)   Self (s)    Mean (s)    Min (s)     Max (s)
20220721 024645.902 INFO             PET0   [test] Run 1      5      0.0000      0.0000      0.0000      0.0000      0.0000
20220721 024645.902 INFO             PET0   [test] Init 1     1      0.0000      0.0000      0.0000      0.0000      0.0000
20220721 024645.902 INFO             PET0   [test] Final 1    1      0.0000      0.0000      0.0000      0.0000      0.0000
