build time -- 2022-06-17 00:34:34
20220617 011614.317 INFO             PET0 !!!!!!!!!!!!!!!!!!!!!!!!!!!!!!!!!!!!!!!!!!!!!!!!!!!!!!
20220617 011614.317 INFO             PET0 !!! THE ESMF_LOG IS SET TO OUTPUT ALL LOG MESSAGES !!!
20220617 011614.317 INFO             PET0 !!!     THIS MAY CAUSE SLOWDOWN IN PERFORMANCE     !!!
20220617 011614.317 INFO             PET0 !!! FOR PRODUCTION RUNS, USE:                      !!!
20220617 011614.317 INFO             PET0 !!!                   ESMF_LOGKIND_Multi_On_Error  !!!
20220617 011614.317 INFO             PET0 !!!!!!!!!!!!!!!!!!!!!!!!!!!!!!!!!!!!!!!!!!!!!!!!!!!!!!
20220617 011614.317 INFO             PET0 Running with ESMF Version   : v8.4.0b01-2-gf0d4ab211d
20220617 011614.317 INFO             PET0 ESMF library build date/time: "Jun 17 2022" "00:32:36"
20220617 011614.317 INFO             PET0 ESMF library build location : /lustre/f2/dev/ncep/Mark.Potts/intel_2019.5_mpiuni_O_develop
20220617 011614.317 INFO             PET0 ESMF_COMM                   : mpiuni
20220617 011614.318 INFO             PET0 ESMF_MOAB                   : enabled
20220617 011614.318 INFO             PET0 ESMF_LAPACK                 : enabled
20220617 011614.318 INFO             PET0 ESMF_NETCDF                 : enabled
20220617 011614.318 INFO             PET0 ESMF_PNETCDF                : disabled
20220617 011614.318 INFO             PET0 ESMF_PIO                    : disabled
20220617 011614.318 INFO             PET0 ESMF_YAMLCPP                : enabled
20220617 011614.319 INFO             PET0  NUMBER_OF_PROCESSORS           1
20220617 011614.319 INFO             PET0  PASS  Example ESMF_VMDefaultBasicsEx, ESMF_VMDefaultBasicsEx.F90, line 107
20220617 011614.319 INFO             PET0 Finalizing ESMF
