build time -- 2022-06-30 00:36:55
20220630 010935.472 INFO             PET0 !!!!!!!!!!!!!!!!!!!!!!!!!!!!!!!!!!!!!!!!!!!!!!!!!!!!!!
20220630 010935.472 INFO             PET0 !!! THE ESMF_LOG IS SET TO OUTPUT ALL LOG MESSAGES !!!
20220630 010935.472 INFO             PET0 !!!     THIS MAY CAUSE SLOWDOWN IN PERFORMANCE     !!!
20220630 010935.472 INFO             PET0 !!! FOR PRODUCTION RUNS, USE:                      !!!
20220630 010935.472 INFO             PET0 !!!                   ESMF_LOGKIND_Multi_On_Error  !!!
20220630 010935.472 INFO             PET0 !!!!!!!!!!!!!!!!!!!!!!!!!!!!!!!!!!!!!!!!!!!!!!!!!!!!!!
20220630 010935.472 INFO             PET0 Running with ESMF Version   : v8.4.0b01-4-g992fafaac4
20220630 010935.472 INFO             PET0 ESMF library build date/time: "Jun 30 2022" "00:34:51"
20220630 010935.472 INFO             PET0 ESMF library build location : /lustre/f2/dev/ncep/Mark.Potts/intel_2019.5_mpiuni_O_develop
20220630 010935.472 INFO             PET0 ESMF_COMM                   : mpiuni
20220630 010935.473 INFO             PET0 ESMF_MOAB                   : enabled
20220630 010935.473 INFO             PET0 ESMF_LAPACK                 : enabled
20220630 010935.473 INFO             PET0 ESMF_NETCDF                 : enabled
20220630 010935.473 INFO             PET0 ESMF_PNETCDF                : disabled
20220630 010935.473 INFO             PET0 ESMF_PIO                    : disabled
20220630 010935.473 INFO             PET0 ESMF_YAMLCPP                : enabled
20220630 010935.507 INFO             PET0  NUMBER_OF_PROCESSORS           1
20220630 010935.508 INFO             PET0  PASS  Example ESMF_RHandleDynamicMaskingEx, ESMF_RHandleDynamicMaskingEx.F90, line 1116
20220630 010935.508 INFO             PET0 Finalizing ESMF
