build time -- 2022-07-08 02:29:04.008246
20220708 025951.925 INFO             PET0 !!!!!!!!!!!!!!!!!!!!!!!!!!!!!!!!!!!!!!!!!!!!!!!!!!!!!!
20220708 025951.925 INFO             PET0 !!! THE ESMF_LOG IS SET TO OUTPUT ALL LOG MESSAGES !!!
20220708 025951.925 INFO             PET0 !!!     THIS MAY CAUSE SLOWDOWN IN PERFORMANCE     !!!
20220708 025951.925 INFO             PET0 !!! FOR PRODUCTION RUNS, USE:                      !!!
20220708 025951.925 INFO             PET0 !!!                   ESMF_LOGKIND_Multi_On_Error  !!!
20220708 025951.925 INFO             PET0 !!!!!!!!!!!!!!!!!!!!!!!!!!!!!!!!!!!!!!!!!!!!!!!!!!!!!!
20220708 025951.925 INFO             PET0 Running with ESMF Version   : v8.4.0b03-3-g14a79d558f
20220708 025951.925 INFO             PET0 ESMF library build date/time: "Jul  8 2022" "02:26:08"
20220708 025951.925 INFO             PET0 ESMF library build location : /glade/scratch/dunlap/esmf-testing/gfortran_10.1.0_mpt_g_develop
20220708 025951.925 INFO             PET0 ESMF_COMM                   : mpt
20220708 025951.925 INFO             PET0 ESMF_MOAB                   : enabled
20220708 025951.925 INFO             PET0 ESMF_LAPACK                 : enabled
20220708 025951.925 INFO             PET0 ESMF_NETCDF                 : enabled
20220708 025951.925 INFO             PET0 ESMF_PNETCDF                : disabled
20220708 025951.925 INFO             PET0 ESMF_PIO                    : enabled
20220708 025951.925 INFO             PET0 ESMF_YAMLCPP                : enabled
20220708 025952.022 DEBUG            PET0 about to destroy Grid: 0x1e14000
20220708 025952.034 DEBUG            PET0 about to destroy Grid: 0x1e15520
20220708 025952.068 INFO             PET0  NUMBER_OF_PROCESSORS           4
20220708 025952.068 INFO             PET0  PASS  Example ESMF_NUOPCAtmModelEx, ESMF_NUOPCAtmModelEx.F90, line 806
20220708 025952.068 INFO             PET0 Finalizing ESMF
20220708 025951.925 INFO             PET1 !!!!!!!!!!!!!!!!!!!!!!!!!!!!!!!!!!!!!!!!!!!!!!!!!!!!!!
20220708 025951.925 INFO             PET1 !!! THE ESMF_LOG IS SET TO OUTPUT ALL LOG MESSAGES !!!
20220708 025951.925 INFO             PET1 !!!     THIS MAY CAUSE SLOWDOWN IN PERFORMANCE     !!!
20220708 025951.925 INFO             PET1 !!! FOR PRODUCTION RUNS, USE:                      !!!
20220708 025951.925 INFO             PET1 !!!                   ESMF_LOGKIND_Multi_On_Error  !!!
20220708 025951.925 INFO             PET1 !!!!!!!!!!!!!!!!!!!!!!!!!!!!!!!!!!!!!!!!!!!!!!!!!!!!!!
20220708 025951.925 INFO             PET1 Running with ESMF Version   : v8.4.0b03-3-g14a79d558f
20220708 025951.925 INFO             PET1 ESMF library build date/time: "Jul  8 2022" "02:26:08"
20220708 025951.925 INFO             PET1 ESMF library build location : /glade/scratch/dunlap/esmf-testing/gfortran_10.1.0_mpt_g_develop
20220708 025951.925 INFO             PET1 ESMF_COMM                   : mpt
20220708 025951.925 INFO             PET1 ESMF_MOAB                   : enabled
20220708 025951.925 INFO             PET1 ESMF_LAPACK                 : enabled
20220708 025951.925 INFO             PET1 ESMF_NETCDF                 : enabled
20220708 025951.925 INFO             PET1 ESMF_PNETCDF                : disabled
20220708 025951.925 INFO             PET1 ESMF_PIO                    : enabled
20220708 025951.925 INFO             PET1 ESMF_YAMLCPP                : enabled
20220708 025952.022 DEBUG            PET1 about to destroy Grid: 0x1e14410
20220708 025952.034 DEBUG            PET1 about to destroy Grid: 0x1e159a0
20220708 025952.068 INFO             PET1  NUMBER_OF_PROCESSORS           4
20220708 025952.068 INFO             PET1  PASS  Example ESMF_NUOPCAtmModelEx, ESMF_NUOPCAtmModelEx.F90, line 806
20220708 025952.068 INFO             PET1 Finalizing ESMF
20220708 025951.925 INFO             PET2 !!!!!!!!!!!!!!!!!!!!!!!!!!!!!!!!!!!!!!!!!!!!!!!!!!!!!!
20220708 025951.925 INFO             PET2 !!! THE ESMF_LOG IS SET TO OUTPUT ALL LOG MESSAGES !!!
20220708 025951.925 INFO             PET2 !!!     THIS MAY CAUSE SLOWDOWN IN PERFORMANCE     !!!
20220708 025951.925 INFO             PET2 !!! FOR PRODUCTION RUNS, USE:                      !!!
20220708 025951.925 INFO             PET2 !!!                   ESMF_LOGKIND_Multi_On_Error  !!!
20220708 025951.925 INFO             PET2 !!!!!!!!!!!!!!!!!!!!!!!!!!!!!!!!!!!!!!!!!!!!!!!!!!!!!!
20220708 025951.925 INFO             PET2 Running with ESMF Version   : v8.4.0b03-3-g14a79d558f
20220708 025951.925 INFO             PET2 ESMF library build date/time: "Jul  8 2022" "02:26:08"
20220708 025951.925 INFO             PET2 ESMF library build location : /glade/scratch/dunlap/esmf-testing/gfortran_10.1.0_mpt_g_develop
20220708 025951.925 INFO             PET2 ESMF_COMM                   : mpt
20220708 025951.925 INFO             PET2 ESMF_MOAB                   : enabled
20220708 025951.925 INFO             PET2 ESMF_LAPACK                 : enabled
20220708 025951.925 INFO             PET2 ESMF_NETCDF                 : enabled
20220708 025951.925 INFO             PET2 ESMF_PNETCDF                : disabled
20220708 025951.925 INFO             PET2 ESMF_PIO                    : enabled
20220708 025951.925 INFO             PET2 ESMF_YAMLCPP                : enabled
20220708 025952.022 DEBUG            PET2 about to destroy Grid: 0x1e13970
20220708 025952.034 DEBUG            PET2 about to destroy Grid: 0x1e14a30
20220708 025952.068 INFO             PET2  NUMBER_OF_PROCESSORS           4
20220708 025952.068 INFO             PET2  PASS  Example ESMF_NUOPCAtmModelEx, ESMF_NUOPCAtmModelEx.F90, line 806
20220708 025952.068 INFO             PET2 Finalizing ESMF
20220708 025951.926 INFO             PET3 !!!!!!!!!!!!!!!!!!!!!!!!!!!!!!!!!!!!!!!!!!!!!!!!!!!!!!
20220708 025951.926 INFO             PET3 !!! THE ESMF_LOG IS SET TO OUTPUT ALL LOG MESSAGES !!!
20220708 025951.926 INFO             PET3 !!!     THIS MAY CAUSE SLOWDOWN IN PERFORMANCE     !!!
20220708 025951.926 INFO             PET3 !!! FOR PRODUCTION RUNS, USE:                      !!!
20220708 025951.926 INFO             PET3 !!!                   ESMF_LOGKIND_Multi_On_Error  !!!
20220708 025951.926 INFO             PET3 !!!!!!!!!!!!!!!!!!!!!!!!!!!!!!!!!!!!!!!!!!!!!!!!!!!!!!
20220708 025951.926 INFO             PET3 Running with ESMF Version   : v8.4.0b03-3-g14a79d558f
20220708 025951.926 INFO             PET3 ESMF library build date/time: "Jul  8 2022" "02:26:08"
20220708 025951.926 INFO             PET3 ESMF library build location : /glade/scratch/dunlap/esmf-testing/gfortran_10.1.0_mpt_g_develop
20220708 025951.926 INFO             PET3 ESMF_COMM                   : mpt
20220708 025951.926 INFO             PET3 ESMF_MOAB                   : enabled
20220708 025951.926 INFO             PET3 ESMF_LAPACK                 : enabled
20220708 025951.926 INFO             PET3 ESMF_NETCDF                 : enabled
20220708 025951.926 INFO             PET3 ESMF_PNETCDF                : disabled
20220708 025951.926 INFO             PET3 ESMF_PIO                    : enabled
20220708 025951.926 INFO             PET3 ESMF_YAMLCPP                : enabled
20220708 025952.022 DEBUG            PET3 about to destroy Grid: 0x1e137f0
20220708 025952.034 DEBUG            PET3 about to destroy Grid: 0x1e156b0
20220708 025952.068 INFO             PET3  NUMBER_OF_PROCESSORS           4
20220708 025952.068 INFO             PET3  PASS  Example ESMF_NUOPCAtmModelEx, ESMF_NUOPCAtmModelEx.F90, line 806
20220708 025952.068 INFO             PET3 Finalizing ESMF
