build time -- 2022-07-14 01:07:36.350145
srun: cluster configuration lacks support for cpu binding
 localPET=           0  localDE=           0 : array(           1 ,           1 )=   0.0000000000000000     
 localPET=           0  localDE=           0 : array(           1 ,           2 )=   4.2439915829186759E-314
 localPET=           0  localDE=           0 : array(           2 ,           1 )=   4.2439915829186759E-314
 localPET=           0  localDE=           0 : array(           2 ,           2 )=   2.1219957924474693E-314
 localPET=           0  localDE=           0 : array(           3 ,           1 )=   4.2439915834127416E-314
 localPET=           0  localDE=           0 : array(           3 ,           2 )=   2.1219957919534036E-314
 localPET=           0  localDE=           1 : array(           1 ,           1 )=   4.2262770597776902E-317
 localPET=           0  localDE=           1 : array(           2 ,           1 )=   4.2267197425963640E-317
 localPET=           0  localDE=           1 : array(           3 ,           1 )=   1.5810100666919889E-322
 localPET=           1  localDE=           0 : array(           1 ,           1 )=   4.1043258482834037E-317
 localPET=           2  localDE=           0 : array(           1 ,           1 )=   0.0000000000000000     
 localPET=           2  localDE=           0 : array(           1 ,           2 )=   8.4879831663314175E-314
 localPET=           2  localDE=           0 : array(           2 ,           1 )=   4.2439915844008729E-314
 localPET=           2  localDE=           0 : array(           2 ,           2 )=   1.0609978956308559E-313
 localPET=           2  localDE=           0 : array(           3 ,           1 )=   8.4879831653432862E-314
 localPET=           2  localDE=           0 : array(           3 ,           2 )=   1.0609978957296690E-313
 localPET=           3  localDE=           0 : array(           1 ,           1 )=   4.0353938093756330E-317
 localPET=           3  localDE=           0 : array(           1 ,           2 )=                       NaN
 localPET=           3  localDE=           0 : array(           2 ,           1 )=   6.9533452586113415E-310
 localPET=           3  localDE=           0 : array(           2 ,           2 )=                       NaN
 localPet:            3 DE            3  [           1           2 ]
 localPet:            0 DE            0  [           1           3 ]
 localPet:            0 DE            4  [           1           3 ]
 localPet:            2 DE            2  [           1           3 ]
 localPET=           1  localDE=           0 : array(           1 ,           2 )=   1.0609978956308559E-313
 localPET=           1  localDE=           0 : array(           2 ,           1 )=   2.1219957919534036E-314
 localPET=           1  localDE=           0 : array(           2 ,           2 )=   1.0609978957296690E-313
 localPET=           1  localDE=           1 : array(           1 ,           1 )=   4.1042942280820698E-317
 localPET=           1  localDE=           1 : array(           2 ,           1 )=   4.2274391021767089E-317
 localPet:            1 DE            1  [           1           2 ]
 localPet:            1 DE            5  [           1           2 ]
  PASS  Example ESMF_ArrayEx, ESMF_ArrayEx.F90, line 1899
  PASS  Example ESMF_ArrayEx, ESMF_ArrayEx.F90, line 1899
 PASS: ESMF_ArrayEx.F90
  PASS  Example ESMF_ArrayEx, ESMF_ArrayEx.F90, line 1899
 PASS: ESMF_ArrayEx.F90
  PASS  Example ESMF_ArrayEx, ESMF_ArrayEx.F90, line 1899
 PASS: ESMF_ArrayEx.F90
 PASS: ESMF_ArrayEx.F90
