build time -- 2022-06-17 08:55:44.462400
20220617 092231.110 INFO             PET0 !!!!!!!!!!!!!!!!!!!!!!!!!!!!!!!!!!!!!!!!!!!!!!!!!!!!!!
20220617 092231.110 INFO             PET0 !!! THE ESMF_LOG IS SET TO OUTPUT ALL LOG MESSAGES !!!
20220617 092231.110 INFO             PET0 !!!     THIS MAY CAUSE SLOWDOWN IN PERFORMANCE     !!!
20220617 092231.110 INFO             PET0 !!! FOR PRODUCTION RUNS, USE:                      !!!
20220617 092231.110 INFO             PET0 !!!                   ESMF_LOGKIND_Multi_On_Error  !!!
20220617 092231.110 INFO             PET0 !!!!!!!!!!!!!!!!!!!!!!!!!!!!!!!!!!!!!!!!!!!!!!!!!!!!!!
20220617 092231.110 INFO             PET0 Running with ESMF Version   : v8.4.0b01-2-gf0d4ab211d
20220617 092231.110 INFO             PET0 ESMF library build date/time: "Jun 17 2022" "08:54:26"
20220617 092231.110 INFO             PET0 ESMF library build location : /gpfsm/dnb04/projects/p98/mpotts/esmf/gfortran_8.3.0_intelmpi_O_develop
20220617 092231.110 INFO             PET0 ESMF_COMM                   : intelmpi
20220617 092231.110 INFO             PET0 ESMF_MOAB                   : enabled
20220617 092231.110 INFO             PET0 ESMF_LAPACK                 : enabled
20220617 092231.110 INFO             PET0 ESMF_NETCDF                 : disabled
20220617 092231.110 INFO             PET0 ESMF_PNETCDF                : disabled
20220617 092231.110 INFO             PET0 ESMF_PIO                    : disabled
20220617 092231.110 INFO             PET0 ESMF_YAMLCPP                : enabled
20220617 092231.145 DEBUG            PET0 about to destroy Grid: 0x8fba80
20220617 092231.148 DEBUG            PET0 about to destroy Grid: 0x8fcd00
20220617 092231.158 INFO             PET0  NUMBER_OF_PROCESSORS           4
20220617 092231.158 INFO             PET0  PASS  Example ESMF_NUOPCAtmModelEx, ESMF_NUOPCAtmModelEx.F90, line 806
20220617 092231.158 INFO             PET0 Finalizing ESMF
20220617 092231.110 INFO             PET1 !!!!!!!!!!!!!!!!!!!!!!!!!!!!!!!!!!!!!!!!!!!!!!!!!!!!!!
20220617 092231.110 INFO             PET1 !!! THE ESMF_LOG IS SET TO OUTPUT ALL LOG MESSAGES !!!
20220617 092231.110 INFO             PET1 !!!     THIS MAY CAUSE SLOWDOWN IN PERFORMANCE     !!!
20220617 092231.110 INFO             PET1 !!! FOR PRODUCTION RUNS, USE:                      !!!
20220617 092231.110 INFO             PET1 !!!                   ESMF_LOGKIND_Multi_On_Error  !!!
20220617 092231.110 INFO             PET1 !!!!!!!!!!!!!!!!!!!!!!!!!!!!!!!!!!!!!!!!!!!!!!!!!!!!!!
20220617 092231.110 INFO             PET1 Running with ESMF Version   : v8.4.0b01-2-gf0d4ab211d
20220617 092231.110 INFO             PET1 ESMF library build date/time: "Jun 17 2022" "08:54:26"
20220617 092231.110 INFO             PET1 ESMF library build location : /gpfsm/dnb04/projects/p98/mpotts/esmf/gfortran_8.3.0_intelmpi_O_develop
20220617 092231.110 INFO             PET1 ESMF_COMM                   : intelmpi
20220617 092231.110 INFO             PET1 ESMF_MOAB                   : enabled
20220617 092231.110 INFO             PET1 ESMF_LAPACK                 : enabled
20220617 092231.110 INFO             PET1 ESMF_NETCDF                 : disabled
20220617 092231.110 INFO             PET1 ESMF_PNETCDF                : disabled
20220617 092231.110 INFO             PET1 ESMF_PIO                    : disabled
20220617 092231.110 INFO             PET1 ESMF_YAMLCPP                : enabled
20220617 092231.145 DEBUG            PET1 about to destroy Grid: 0x8fc8e0
20220617 092231.148 DEBUG            PET1 about to destroy Grid: 0x8fd4b0
20220617 092231.158 INFO             PET1  NUMBER_OF_PROCESSORS           4
20220617 092231.158 INFO             PET1  PASS  Example ESMF_NUOPCAtmModelEx, ESMF_NUOPCAtmModelEx.F90, line 806
20220617 092231.158 INFO             PET1 Finalizing ESMF
20220617 092231.110 INFO             PET2 !!!!!!!!!!!!!!!!!!!!!!!!!!!!!!!!!!!!!!!!!!!!!!!!!!!!!!
20220617 092231.111 INFO             PET2 !!! THE ESMF_LOG IS SET TO OUTPUT ALL LOG MESSAGES !!!
20220617 092231.111 INFO             PET2 !!!     THIS MAY CAUSE SLOWDOWN IN PERFORMANCE     !!!
20220617 092231.111 INFO             PET2 !!! FOR PRODUCTION RUNS, USE:                      !!!
20220617 092231.111 INFO             PET2 !!!                   ESMF_LOGKIND_Multi_On_Error  !!!
20220617 092231.111 INFO             PET2 !!!!!!!!!!!!!!!!!!!!!!!!!!!!!!!!!!!!!!!!!!!!!!!!!!!!!!
20220617 092231.111 INFO             PET2 Running with ESMF Version   : v8.4.0b01-2-gf0d4ab211d
20220617 092231.111 INFO             PET2 ESMF library build date/time: "Jun 17 2022" "08:54:26"
20220617 092231.111 INFO             PET2 ESMF library build location : /gpfsm/dnb04/projects/p98/mpotts/esmf/gfortran_8.3.0_intelmpi_O_develop
20220617 092231.111 INFO             PET2 ESMF_COMM                   : intelmpi
20220617 092231.111 INFO             PET2 ESMF_MOAB                   : enabled
20220617 092231.111 INFO             PET2 ESMF_LAPACK                 : enabled
20220617 092231.111 INFO             PET2 ESMF_NETCDF                 : disabled
20220617 092231.111 INFO             PET2 ESMF_PNETCDF                : disabled
20220617 092231.111 INFO             PET2 ESMF_PIO                    : disabled
20220617 092231.111 INFO             PET2 ESMF_YAMLCPP                : enabled
20220617 092231.145 DEBUG            PET2 about to destroy Grid: 0x8fbfb0
20220617 092231.148 DEBUG            PET2 about to destroy Grid: 0x8fcb80
20220617 092231.158 INFO             PET2  NUMBER_OF_PROCESSORS           4
20220617 092231.158 INFO             PET2  PASS  Example ESMF_NUOPCAtmModelEx, ESMF_NUOPCAtmModelEx.F90, line 806
20220617 092231.158 INFO             PET2 Finalizing ESMF
20220617 092231.111 INFO             PET3 !!!!!!!!!!!!!!!!!!!!!!!!!!!!!!!!!!!!!!!!!!!!!!!!!!!!!!
20220617 092231.111 INFO             PET3 !!! THE ESMF_LOG IS SET TO OUTPUT ALL LOG MESSAGES !!!
20220617 092231.111 INFO             PET3 !!!     THIS MAY CAUSE SLOWDOWN IN PERFORMANCE     !!!
20220617 092231.111 INFO             PET3 !!! FOR PRODUCTION RUNS, USE:                      !!!
20220617 092231.111 INFO             PET3 !!!                   ESMF_LOGKIND_Multi_On_Error  !!!
20220617 092231.111 INFO             PET3 !!!!!!!!!!!!!!!!!!!!!!!!!!!!!!!!!!!!!!!!!!!!!!!!!!!!!!
20220617 092231.111 INFO             PET3 Running with ESMF Version   : v8.4.0b01-2-gf0d4ab211d
20220617 092231.111 INFO             PET3 ESMF library build date/time: "Jun 17 2022" "08:54:26"
20220617 092231.111 INFO             PET3 ESMF library build location : /gpfsm/dnb04/projects/p98/mpotts/esmf/gfortran_8.3.0_intelmpi_O_develop
20220617 092231.111 INFO             PET3 ESMF_COMM                   : intelmpi
20220617 092231.111 INFO             PET3 ESMF_MOAB                   : enabled
20220617 092231.111 INFO             PET3 ESMF_LAPACK                 : enabled
20220617 092231.111 INFO             PET3 ESMF_NETCDF                 : disabled
20220617 092231.111 INFO             PET3 ESMF_PNETCDF                : disabled
20220617 092231.111 INFO             PET3 ESMF_PIO                    : disabled
20220617 092231.111 INFO             PET3 ESMF_YAMLCPP                : enabled
20220617 092231.145 DEBUG            PET3 about to destroy Grid: 0x8fbaf0
20220617 092231.148 DEBUG            PET3 about to destroy Grid: 0x8fcb70
20220617 092231.158 INFO             PET3  NUMBER_OF_PROCESSORS           4
20220617 092231.158 INFO             PET3  PASS  Example ESMF_NUOPCAtmModelEx, ESMF_NUOPCAtmModelEx.F90, line 806
20220617 092231.158 INFO             PET3 Finalizing ESMF
