build time -- 2022-04-05 01:24:46
20220405 014444.095 INFO             PET0 !!!!!!!!!!!!!!!!!!!!!!!!!!!!!!!!!!!!!!!!!!!!!!!!!!!!!!
20220405 014444.095 INFO             PET0 !!! THE ESMF_LOG IS SET TO OUTPUT ALL LOG MESSAGES !!!
20220405 014444.095 INFO             PET0 !!!     THIS MAY CAUSE SLOWDOWN IN PERFORMANCE     !!!
20220405 014444.095 INFO             PET0 !!! FOR PRODUCTION RUNS, USE:                      !!!
20220405 014444.095 INFO             PET0 !!!                   ESMF_LOGKIND_Multi_On_Error  !!!
20220405 014444.095 INFO             PET0 !!!!!!!!!!!!!!!!!!!!!!!!!!!!!!!!!!!!!!!!!!!!!!!!!!!!!!
20220405 014444.095 INFO             PET0 Running with ESMF Version   : v8.3.0b12
20220405 014444.095 INFO             PET0 ESMF library build date/time: "Apr  5 2022" "01:23:39"
20220405 014444.095 INFO             PET0 ESMF library build location : /lfs/h1/emc/ptmp/Mark.Potts/gfortran_10.3.0_mpi_g_develop
20220405 014444.095 INFO             PET0 ESMF_COMM                   : mpi
20220405 014444.096 INFO             PET0 ESMF_MOAB                   : enabled
20220405 014444.096 INFO             PET0 ESMF_LAPACK                 : enabled
20220405 014444.096 INFO             PET0 ESMF_NETCDF                 : enabled
20220405 014444.096 INFO             PET0 ESMF_PNETCDF                : disabled
20220405 014444.096 INFO             PET0 ESMF_PIO                    : enabled
20220405 014444.096 INFO             PET0 ESMF_YAMLCPP                : enabled
20220405 014444.096 INFO             PET0  NUMBER_OF_PROCESSORS           4
20220405 014444.096 INFO             PET0  PASS  Example ESMF_VMUserMpiCommMultiEx, ESMF_VMUserMpiCommMultiEx.F90, line 126
20220405 014444.096 INFO             PET0 Finalizing ESMF
20220405 014444.095 INFO             PET0 !!!!!!!!!!!!!!!!!!!!!!!!!!!!!!!!!!!!!!!!!!!!!!!!!!!!!!
20220405 014444.095 INFO             PET0 !!! THE ESMF_LOG IS SET TO OUTPUT ALL LOG MESSAGES !!!
20220405 014444.095 INFO             PET0 !!!     THIS MAY CAUSE SLOWDOWN IN PERFORMANCE     !!!
20220405 014444.095 INFO             PET0 !!! FOR PRODUCTION RUNS, USE:                      !!!
20220405 014444.095 INFO             PET0 !!!                   ESMF_LOGKIND_Multi_On_Error  !!!
20220405 014444.095 INFO             PET0 !!!!!!!!!!!!!!!!!!!!!!!!!!!!!!!!!!!!!!!!!!!!!!!!!!!!!!
20220405 014444.095 INFO             PET0 Running with ESMF Version   : v8.3.0b12
20220405 014444.095 INFO             PET0 ESMF library build date/time: "Apr  5 2022" "01:23:39"
20220405 014444.095 INFO             PET0 ESMF library build location : /lfs/h1/emc/ptmp/Mark.Potts/gfortran_10.3.0_mpi_g_develop
20220405 014444.095 INFO             PET0 ESMF_COMM                   : mpi
20220405 014444.096 INFO             PET0 ESMF_MOAB                   : enabled
20220405 014444.096 INFO             PET0 ESMF_LAPACK                 : enabled
20220405 014444.096 INFO             PET0 ESMF_NETCDF                 : enabled
20220405 014444.096 INFO             PET0 ESMF_PNETCDF                : disabled
20220405 014444.096 INFO             PET0 ESMF_PIO                    : enabled
20220405 014444.096 INFO             PET0 ESMF_YAMLCPP                : enabled
20220405 014444.096 INFO             PET0  NUMBER_OF_PROCESSORS           4
20220405 014444.096 INFO             PET0  PASS  Example ESMF_VMUserMpiCommMultiEx, ESMF_VMUserMpiCommMultiEx.F90, line 154
20220405 014444.096 INFO             PET0 Finalizing ESMF
20220405 014444.095 INFO             PET1 !!!!!!!!!!!!!!!!!!!!!!!!!!!!!!!!!!!!!!!!!!!!!!!!!!!!!!
20220405 014444.095 INFO             PET1 !!! THE ESMF_LOG IS SET TO OUTPUT ALL LOG MESSAGES !!!
20220405 014444.095 INFO             PET1 !!!     THIS MAY CAUSE SLOWDOWN IN PERFORMANCE     !!!
20220405 014444.095 INFO             PET1 !!! FOR PRODUCTION RUNS, USE:                      !!!
20220405 014444.095 INFO             PET1 !!!                   ESMF_LOGKIND_Multi_On_Error  !!!
20220405 014444.095 INFO             PET1 !!!!!!!!!!!!!!!!!!!!!!!!!!!!!!!!!!!!!!!!!!!!!!!!!!!!!!
20220405 014444.095 INFO             PET1 Running with ESMF Version   : v8.3.0b12
20220405 014444.095 INFO             PET1 ESMF library build date/time: "Apr  5 2022" "01:23:39"
20220405 014444.095 INFO             PET1 ESMF library build location : /lfs/h1/emc/ptmp/Mark.Potts/gfortran_10.3.0_mpi_g_develop
20220405 014444.095 INFO             PET1 ESMF_COMM                   : mpi
20220405 014444.096 INFO             PET1 ESMF_MOAB                   : enabled
20220405 014444.096 INFO             PET1 ESMF_LAPACK                 : enabled
20220405 014444.096 INFO             PET1 ESMF_NETCDF                 : enabled
20220405 014444.096 INFO             PET1 ESMF_PNETCDF                : disabled
20220405 014444.096 INFO             PET1 ESMF_PIO                    : enabled
20220405 014444.096 INFO             PET1 ESMF_YAMLCPP                : enabled
20220405 014444.096 INFO             PET1  NUMBER_OF_PROCESSORS           4
20220405 014444.096 INFO             PET1  PASS  Example ESMF_VMUserMpiCommMultiEx, ESMF_VMUserMpiCommMultiEx.F90, line 126
20220405 014444.096 INFO             PET1 Finalizing ESMF
20220405 014444.094 INFO             PET1 !!!!!!!!!!!!!!!!!!!!!!!!!!!!!!!!!!!!!!!!!!!!!!!!!!!!!!
20220405 014444.094 INFO             PET1 !!! THE ESMF_LOG IS SET TO OUTPUT ALL LOG MESSAGES !!!
20220405 014444.094 INFO             PET1 !!!     THIS MAY CAUSE SLOWDOWN IN PERFORMANCE     !!!
20220405 014444.094 INFO             PET1 !!! FOR PRODUCTION RUNS, USE:                      !!!
20220405 014444.094 INFO             PET1 !!!                   ESMF_LOGKIND_Multi_On_Error  !!!
20220405 014444.094 INFO             PET1 !!!!!!!!!!!!!!!!!!!!!!!!!!!!!!!!!!!!!!!!!!!!!!!!!!!!!!
20220405 014444.094 INFO             PET1 Running with ESMF Version   : v8.3.0b12
20220405 014444.094 INFO             PET1 ESMF library build date/time: "Apr  5 2022" "01:23:39"
20220405 014444.094 INFO             PET1 ESMF library build location : /lfs/h1/emc/ptmp/Mark.Potts/gfortran_10.3.0_mpi_g_develop
20220405 014444.094 INFO             PET1 ESMF_COMM                   : mpi
20220405 014444.095 INFO             PET1 ESMF_MOAB                   : enabled
20220405 014444.095 INFO             PET1 ESMF_LAPACK                 : enabled
20220405 014444.095 INFO             PET1 ESMF_NETCDF                 : enabled
20220405 014444.095 INFO             PET1 ESMF_PNETCDF                : disabled
20220405 014444.095 INFO             PET1 ESMF_PIO                    : enabled
20220405 014444.095 INFO             PET1 ESMF_YAMLCPP                : enabled
20220405 014444.096 INFO             PET1  NUMBER_OF_PROCESSORS           4
20220405 014444.096 INFO             PET1  PASS  Example ESMF_VMUserMpiCommMultiEx, ESMF_VMUserMpiCommMultiEx.F90, line 154
20220405 014444.096 INFO             PET1 Finalizing ESMF
