build time -- 2022-03-31 01:24:41
20220331 014551.944 INFO             PET0 !!!!!!!!!!!!!!!!!!!!!!!!!!!!!!!!!!!!!!!!!!!!!!!!!!!!!!
20220331 014551.944 INFO             PET0 !!! THE ESMF_LOG IS SET TO OUTPUT ALL LOG MESSAGES !!!
20220331 014551.944 INFO             PET0 !!!     THIS MAY CAUSE SLOWDOWN IN PERFORMANCE     !!!
20220331 014551.944 INFO             PET0 !!! FOR PRODUCTION RUNS, USE:                      !!!
20220331 014551.944 INFO             PET0 !!!                   ESMF_LOGKIND_Multi_On_Error  !!!
20220331 014551.944 INFO             PET0 !!!!!!!!!!!!!!!!!!!!!!!!!!!!!!!!!!!!!!!!!!!!!!!!!!!!!!
20220331 014551.944 INFO             PET0 Running with ESMF Version   : v8.3.0b12
20220331 014551.944 INFO             PET0 ESMF library build date/time: "Mar 31 2022" "01:23:35"
20220331 014551.944 INFO             PET0 ESMF library build location : /lfs/h1/emc/ptmp/Mark.Potts/gfortran_10.3.0_mpi_g_develop
20220331 014551.944 INFO             PET0 ESMF_COMM                   : mpi
20220331 014551.945 INFO             PET0 ESMF_MOAB                   : enabled
20220331 014551.945 INFO             PET0 ESMF_LAPACK                 : enabled
20220331 014551.945 INFO             PET0 ESMF_NETCDF                 : enabled
20220331 014551.945 INFO             PET0 ESMF_PNETCDF                : disabled
20220331 014551.945 INFO             PET0 ESMF_PIO                    : enabled
20220331 014551.945 INFO             PET0 ESMF_YAMLCPP                : enabled
20220331 014552.028 DEBUG            PET0 about to destroy Grid: 0x800980
20220331 014552.040 DEBUG            PET0 about to destroy Grid: 0x8036e0
20220331 014552.070 INFO             PET0  NUMBER_OF_PROCESSORS           4
20220331 014552.070 INFO             PET0  PASS  Example ESMF_NUOPCAtmModelEx, ESMF_NUOPCAtmModelEx.F90, line 806
20220331 014552.070 INFO             PET0 Finalizing ESMF
20220331 014551.944 INFO             PET1 !!!!!!!!!!!!!!!!!!!!!!!!!!!!!!!!!!!!!!!!!!!!!!!!!!!!!!
20220331 014551.944 INFO             PET1 !!! THE ESMF_LOG IS SET TO OUTPUT ALL LOG MESSAGES !!!
20220331 014551.944 INFO             PET1 !!!     THIS MAY CAUSE SLOWDOWN IN PERFORMANCE     !!!
20220331 014551.944 INFO             PET1 !!! FOR PRODUCTION RUNS, USE:                      !!!
20220331 014551.944 INFO             PET1 !!!                   ESMF_LOGKIND_Multi_On_Error  !!!
20220331 014551.944 INFO             PET1 !!!!!!!!!!!!!!!!!!!!!!!!!!!!!!!!!!!!!!!!!!!!!!!!!!!!!!
20220331 014551.944 INFO             PET1 Running with ESMF Version   : v8.3.0b12
20220331 014551.944 INFO             PET1 ESMF library build date/time: "Mar 31 2022" "01:23:35"
20220331 014551.944 INFO             PET1 ESMF library build location : /lfs/h1/emc/ptmp/Mark.Potts/gfortran_10.3.0_mpi_g_develop
20220331 014551.944 INFO             PET1 ESMF_COMM                   : mpi
20220331 014551.945 INFO             PET1 ESMF_MOAB                   : enabled
20220331 014551.945 INFO             PET1 ESMF_LAPACK                 : enabled
20220331 014551.945 INFO             PET1 ESMF_NETCDF                 : enabled
20220331 014551.945 INFO             PET1 ESMF_PNETCDF                : disabled
20220331 014551.945 INFO             PET1 ESMF_PIO                    : enabled
20220331 014551.945 INFO             PET1 ESMF_YAMLCPP                : enabled
20220331 014552.028 DEBUG            PET1 about to destroy Grid: 0xa49480
20220331 014552.040 DEBUG            PET1 about to destroy Grid: 0xa4ac70
20220331 014552.070 INFO             PET1  NUMBER_OF_PROCESSORS           4
20220331 014552.070 INFO             PET1  PASS  Example ESMF_NUOPCAtmModelEx, ESMF_NUOPCAtmModelEx.F90, line 806
20220331 014552.070 INFO             PET1 Finalizing ESMF
20220331 014551.944 INFO             PET2 !!!!!!!!!!!!!!!!!!!!!!!!!!!!!!!!!!!!!!!!!!!!!!!!!!!!!!
20220331 014551.944 INFO             PET2 !!! THE ESMF_LOG IS SET TO OUTPUT ALL LOG MESSAGES !!!
20220331 014551.944 INFO             PET2 !!!     THIS MAY CAUSE SLOWDOWN IN PERFORMANCE     !!!
20220331 014551.944 INFO             PET2 !!! FOR PRODUCTION RUNS, USE:                      !!!
20220331 014551.944 INFO             PET2 !!!                   ESMF_LOGKIND_Multi_On_Error  !!!
20220331 014551.944 INFO             PET2 !!!!!!!!!!!!!!!!!!!!!!!!!!!!!!!!!!!!!!!!!!!!!!!!!!!!!!
20220331 014551.944 INFO             PET2 Running with ESMF Version   : v8.3.0b12
20220331 014551.944 INFO             PET2 ESMF library build date/time: "Mar 31 2022" "01:23:35"
20220331 014551.944 INFO             PET2 ESMF library build location : /lfs/h1/emc/ptmp/Mark.Potts/gfortran_10.3.0_mpi_g_develop
20220331 014551.944 INFO             PET2 ESMF_COMM                   : mpi
20220331 014551.945 INFO             PET2 ESMF_MOAB                   : enabled
20220331 014551.945 INFO             PET2 ESMF_LAPACK                 : enabled
20220331 014551.945 INFO             PET2 ESMF_NETCDF                 : enabled
20220331 014551.945 INFO             PET2 ESMF_PNETCDF                : disabled
20220331 014551.945 INFO             PET2 ESMF_PIO                    : enabled
20220331 014551.945 INFO             PET2 ESMF_YAMLCPP                : enabled
20220331 014552.028 DEBUG            PET2 about to destroy Grid: 0x9c1b40
20220331 014552.040 DEBUG            PET2 about to destroy Grid: 0x9c3330
20220331 014552.070 INFO             PET2  NUMBER_OF_PROCESSORS           4
20220331 014552.070 INFO             PET2  PASS  Example ESMF_NUOPCAtmModelEx, ESMF_NUOPCAtmModelEx.F90, line 806
20220331 014552.070 INFO             PET2 Finalizing ESMF
20220331 014551.944 INFO             PET3 !!!!!!!!!!!!!!!!!!!!!!!!!!!!!!!!!!!!!!!!!!!!!!!!!!!!!!
20220331 014551.944 INFO             PET3 !!! THE ESMF_LOG IS SET TO OUTPUT ALL LOG MESSAGES !!!
20220331 014551.944 INFO             PET3 !!!     THIS MAY CAUSE SLOWDOWN IN PERFORMANCE     !!!
20220331 014551.944 INFO             PET3 !!! FOR PRODUCTION RUNS, USE:                      !!!
20220331 014551.944 INFO             PET3 !!!                   ESMF_LOGKIND_Multi_On_Error  !!!
20220331 014551.944 INFO             PET3 !!!!!!!!!!!!!!!!!!!!!!!!!!!!!!!!!!!!!!!!!!!!!!!!!!!!!!
20220331 014551.944 INFO             PET3 Running with ESMF Version   : v8.3.0b12
20220331 014551.944 INFO             PET3 ESMF library build date/time: "Mar 31 2022" "01:23:35"
20220331 014551.944 INFO             PET3 ESMF library build location : /lfs/h1/emc/ptmp/Mark.Potts/gfortran_10.3.0_mpi_g_develop
20220331 014551.944 INFO             PET3 ESMF_COMM                   : mpi
20220331 014551.945 INFO             PET3 ESMF_MOAB                   : enabled
20220331 014551.945 INFO             PET3 ESMF_LAPACK                 : enabled
20220331 014551.945 INFO             PET3 ESMF_NETCDF                 : enabled
20220331 014551.945 INFO             PET3 ESMF_PNETCDF                : disabled
20220331 014551.945 INFO             PET3 ESMF_PIO                    : enabled
20220331 014551.945 INFO             PET3 ESMF_YAMLCPP                : enabled
20220331 014552.028 DEBUG            PET3 about to destroy Grid: 0x1a67b10
20220331 014552.040 DEBUG            PET3 about to destroy Grid: 0x1a69300
20220331 014552.070 INFO             PET3  NUMBER_OF_PROCESSORS           4
20220331 014552.070 INFO             PET3  PASS  Example ESMF_NUOPCAtmModelEx, ESMF_NUOPCAtmModelEx.F90, line 806
20220331 014552.070 INFO             PET3 Finalizing ESMF
