build time -- 2022-04-09 01:24:50
20220409 014514.776 INFO             PET0 !!!!!!!!!!!!!!!!!!!!!!!!!!!!!!!!!!!!!!!!!!!!!!!!!!!!!!
20220409 014514.776 INFO             PET0 !!! THE ESMF_LOG IS SET TO OUTPUT ALL LOG MESSAGES !!!
20220409 014514.776 INFO             PET0 !!!     THIS MAY CAUSE SLOWDOWN IN PERFORMANCE     !!!
20220409 014514.776 INFO             PET0 !!! FOR PRODUCTION RUNS, USE:                      !!!
20220409 014514.776 INFO             PET0 !!!                   ESMF_LOGKIND_Multi_On_Error  !!!
20220409 014514.776 INFO             PET0 !!!!!!!!!!!!!!!!!!!!!!!!!!!!!!!!!!!!!!!!!!!!!!!!!!!!!!
20220409 014514.776 INFO             PET0 Running with ESMF Version   : v8.3.0b12-1-g7c85d54760
20220409 014514.776 INFO             PET0 ESMF library build date/time: "Apr  9 2022" "01:23:41"
20220409 014514.776 INFO             PET0 ESMF library build location : /lfs/h1/emc/ptmp/Mark.Potts/gfortran_10.3.0_mpi_g_develop
20220409 014514.776 INFO             PET0 ESMF_COMM                   : mpi
20220409 014514.777 INFO             PET0 ESMF_MOAB                   : enabled
20220409 014514.777 INFO             PET0 ESMF_LAPACK                 : enabled
20220409 014514.777 INFO             PET0 ESMF_NETCDF                 : enabled
20220409 014514.777 INFO             PET0 ESMF_PNETCDF                : disabled
20220409 014514.777 INFO             PET0 ESMF_PIO                    : enabled
20220409 014514.777 INFO             PET0 ESMF_YAMLCPP                : enabled
20220409 014514.777 INFO             PET0  NUMBER_OF_PROCESSORS           1
20220409 014514.777 INFO             PET0  PASS  Example ESMF_TimeIntervalEx, ESMF_TimeIntervalEx.F90, line 176
20220409 014514.777 INFO             PET0 Finalizing ESMF
