build time -- 2022-07-06 02:38:09.568763
20220706 032720.435 INFO             PET0 !!!!!!!!!!!!!!!!!!!!!!!!!!!!!!!!!!!!!!!!!!!!!!!!!!!!!!
20220706 032720.435 INFO             PET0 !!! THE ESMF_LOG IS SET TO OUTPUT ALL LOG MESSAGES !!!
20220706 032720.435 INFO             PET0 !!!     THIS MAY CAUSE SLOWDOWN IN PERFORMANCE     !!!
20220706 032720.435 INFO             PET0 !!! FOR PRODUCTION RUNS, USE:                      !!!
20220706 032720.435 INFO             PET0 !!!                   ESMF_LOGKIND_Multi_On_Error  !!!
20220706 032720.435 INFO             PET0 !!!!!!!!!!!!!!!!!!!!!!!!!!!!!!!!!!!!!!!!!!!!!!!!!!!!!!
20220706 032720.435 INFO             PET0 Running with ESMF Version   : v8.4.0b03
20220706 032720.435 INFO             PET0 ESMF library build date/time: "Jul  6 2022" "02:35:02"
20220706 032720.435 INFO             PET0 ESMF library build location : /glade/scratch/dunlap/esmf-testing/nvhpc_22.2_mpt_O_develop
20220706 032720.435 INFO             PET0 ESMF_COMM                   : mpt
20220706 032720.435 INFO             PET0 ESMF_MOAB                   : enabled
20220706 032720.436 INFO             PET0 ESMF_LAPACK                 : enabled
20220706 032720.436 INFO             PET0 ESMF_NETCDF                 : enabled
20220706 032720.436 INFO             PET0 ESMF_PNETCDF                : disabled
20220706 032720.436 INFO             PET0 ESMF_PIO                    : enabled
20220706 032720.436 INFO             PET0 ESMF_YAMLCPP                : enabled
20220706 032720.436 INFO             PET0  NUMBER_OF_PROCESSORS            1
20220706 032720.436 INFO             PET0  PASS  Example ESMF_TimeIntervalEx, ESMF_TimeIntervalEx.F90, line 176
20220706 032720.436 INFO             PET0 Finalizing ESMF
