build time -- 2022-06-27 02:45:14.844308
20220627 033932.315 INFO             PET0 !!!!!!!!!!!!!!!!!!!!!!!!!!!!!!!!!!!!!!!!!!!!!!!!!!!!!!
20220627 033932.315 INFO             PET0 !!! THE ESMF_LOG IS SET TO OUTPUT ALL LOG MESSAGES !!!
20220627 033932.315 INFO             PET0 !!!     THIS MAY CAUSE SLOWDOWN IN PERFORMANCE     !!!
20220627 033932.315 INFO             PET0 !!! FOR PRODUCTION RUNS, USE:                      !!!
20220627 033932.315 INFO             PET0 !!!                   ESMF_LOGKIND_Multi_On_Error  !!!
20220627 033932.315 INFO             PET0 !!!!!!!!!!!!!!!!!!!!!!!!!!!!!!!!!!!!!!!!!!!!!!!!!!!!!!
20220627 033932.315 INFO             PET0 Running with ESMF Version   : v8.4.0b01-2-gf0d4ab211d
20220627 033932.315 INFO             PET0 ESMF library build date/time: "Jun 27 2022" "02:42:09"
20220627 033932.315 INFO             PET0 ESMF library build location : /glade/scratch/dunlap/esmf-testing/nvhpc_22.2_mpt_O_develop
20220627 033932.315 INFO             PET0 ESMF_COMM                   : mpt
20220627 033932.315 INFO             PET0 ESMF_MOAB                   : enabled
20220627 033932.315 INFO             PET0 ESMF_LAPACK                 : enabled
20220627 033932.315 INFO             PET0 ESMF_NETCDF                 : enabled
20220627 033932.315 INFO             PET0 ESMF_PNETCDF                : disabled
20220627 033932.315 INFO             PET0 ESMF_PIO                    : enabled
20220627 033932.315 INFO             PET0 ESMF_YAMLCPP                : enabled
20220627 033932.320 INFO             PET0 ESMF_FieldRedistStoreNF(): Just entered routine.
20220627 033932.368 INFO             PET0 ESMF_FieldRedistStoreNF(): Leaving routine.
20220627 033932.371 INFO             PET0  NUMBER_OF_PROCESSORS            4
20220627 033932.371 INFO             PET0  PASS  Example ESMF_RHandleFromRHandleEx, ESMF_RHandleFromRHandleEx.F90, line 660
20220627 033932.371 INFO             PET0 Finalizing ESMF
20220627 033932.314 INFO             PET1 !!!!!!!!!!!!!!!!!!!!!!!!!!!!!!!!!!!!!!!!!!!!!!!!!!!!!!
20220627 033932.315 INFO             PET1 !!! THE ESMF_LOG IS SET TO OUTPUT ALL LOG MESSAGES !!!
20220627 033932.315 INFO             PET1 !!!     THIS MAY CAUSE SLOWDOWN IN PERFORMANCE     !!!
20220627 033932.315 INFO             PET1 !!! FOR PRODUCTION RUNS, USE:                      !!!
20220627 033932.315 INFO             PET1 !!!                   ESMF_LOGKIND_Multi_On_Error  !!!
20220627 033932.315 INFO             PET1 !!!!!!!!!!!!!!!!!!!!!!!!!!!!!!!!!!!!!!!!!!!!!!!!!!!!!!
20220627 033932.315 INFO             PET1 Running with ESMF Version   : v8.4.0b01-2-gf0d4ab211d
20220627 033932.315 INFO             PET1 ESMF library build date/time: "Jun 27 2022" "02:42:09"
20220627 033932.315 INFO             PET1 ESMF library build location : /glade/scratch/dunlap/esmf-testing/nvhpc_22.2_mpt_O_develop
20220627 033932.315 INFO             PET1 ESMF_COMM                   : mpt
20220627 033932.315 INFO             PET1 ESMF_MOAB                   : enabled
20220627 033932.315 INFO             PET1 ESMF_LAPACK                 : enabled
20220627 033932.315 INFO             PET1 ESMF_NETCDF                 : enabled
20220627 033932.315 INFO             PET1 ESMF_PNETCDF                : disabled
20220627 033932.315 INFO             PET1 ESMF_PIO                    : enabled
20220627 033932.315 INFO             PET1 ESMF_YAMLCPP                : enabled
20220627 033932.320 INFO             PET1 ESMF_FieldRedistStoreNF(): Just entered routine.
20220627 033932.368 INFO             PET1 ESMF_FieldRedistStoreNF(): Leaving routine.
20220627 033932.371 INFO             PET1  NUMBER_OF_PROCESSORS            4
20220627 033932.371 INFO             PET1  PASS  Example ESMF_RHandleFromRHandleEx, ESMF_RHandleFromRHandleEx.F90, line 660
20220627 033932.371 INFO             PET1 Finalizing ESMF
20220627 033932.314 INFO             PET2 !!!!!!!!!!!!!!!!!!!!!!!!!!!!!!!!!!!!!!!!!!!!!!!!!!!!!!
20220627 033932.315 INFO             PET2 !!! THE ESMF_LOG IS SET TO OUTPUT ALL LOG MESSAGES !!!
20220627 033932.315 INFO             PET2 !!!     THIS MAY CAUSE SLOWDOWN IN PERFORMANCE     !!!
20220627 033932.315 INFO             PET2 !!! FOR PRODUCTION RUNS, USE:                      !!!
20220627 033932.315 INFO             PET2 !!!                   ESMF_LOGKIND_Multi_On_Error  !!!
20220627 033932.315 INFO             PET2 !!!!!!!!!!!!!!!!!!!!!!!!!!!!!!!!!!!!!!!!!!!!!!!!!!!!!!
20220627 033932.315 INFO             PET2 Running with ESMF Version   : v8.4.0b01-2-gf0d4ab211d
20220627 033932.315 INFO             PET2 ESMF library build date/time: "Jun 27 2022" "02:42:09"
20220627 033932.315 INFO             PET2 ESMF library build location : /glade/scratch/dunlap/esmf-testing/nvhpc_22.2_mpt_O_develop
20220627 033932.315 INFO             PET2 ESMF_COMM                   : mpt
20220627 033932.315 INFO             PET2 ESMF_MOAB                   : enabled
20220627 033932.315 INFO             PET2 ESMF_LAPACK                 : enabled
20220627 033932.315 INFO             PET2 ESMF_NETCDF                 : enabled
20220627 033932.315 INFO             PET2 ESMF_PNETCDF                : disabled
20220627 033932.315 INFO             PET2 ESMF_PIO                    : enabled
20220627 033932.315 INFO             PET2 ESMF_YAMLCPP                : enabled
20220627 033932.320 INFO             PET2 ESMF_FieldRedistStoreNF(): Just entered routine.
20220627 033932.368 INFO             PET2 ESMF_FieldRedistStoreNF(): Leaving routine.
20220627 033932.370 INFO             PET2  NUMBER_OF_PROCESSORS            4
20220627 033932.370 INFO             PET2  PASS  Example ESMF_RHandleFromRHandleEx, ESMF_RHandleFromRHandleEx.F90, line 660
20220627 033932.370 INFO             PET2 Finalizing ESMF
20220627 033932.315 INFO             PET3 !!!!!!!!!!!!!!!!!!!!!!!!!!!!!!!!!!!!!!!!!!!!!!!!!!!!!!
20220627 033932.315 INFO             PET3 !!! THE ESMF_LOG IS SET TO OUTPUT ALL LOG MESSAGES !!!
20220627 033932.315 INFO             PET3 !!!     THIS MAY CAUSE SLOWDOWN IN PERFORMANCE     !!!
20220627 033932.315 INFO             PET3 !!! FOR PRODUCTION RUNS, USE:                      !!!
20220627 033932.315 INFO             PET3 !!!                   ESMF_LOGKIND_Multi_On_Error  !!!
20220627 033932.315 INFO             PET3 !!!!!!!!!!!!!!!!!!!!!!!!!!!!!!!!!!!!!!!!!!!!!!!!!!!!!!
20220627 033932.315 INFO             PET3 Running with ESMF Version   : v8.4.0b01-2-gf0d4ab211d
20220627 033932.315 INFO             PET3 ESMF library build date/time: "Jun 27 2022" "02:42:09"
20220627 033932.315 INFO             PET3 ESMF library build location : /glade/scratch/dunlap/esmf-testing/nvhpc_22.2_mpt_O_develop
20220627 033932.315 INFO             PET3 ESMF_COMM                   : mpt
20220627 033932.315 INFO             PET3 ESMF_MOAB                   : enabled
20220627 033932.315 INFO             PET3 ESMF_LAPACK                 : enabled
20220627 033932.315 INFO             PET3 ESMF_NETCDF                 : enabled
20220627 033932.315 INFO             PET3 ESMF_PNETCDF                : disabled
20220627 033932.315 INFO             PET3 ESMF_PIO                    : enabled
20220627 033932.315 INFO             PET3 ESMF_YAMLCPP                : enabled
20220627 033932.320 INFO             PET3 ESMF_FieldRedistStoreNF(): Just entered routine.
20220627 033932.368 INFO             PET3 ESMF_FieldRedistStoreNF(): Leaving routine.
20220627 033932.371 INFO             PET3  NUMBER_OF_PROCESSORS            4
20220627 033932.371 INFO             PET3  PASS  Example ESMF_RHandleFromRHandleEx, ESMF_RHandleFromRHandleEx.F90, line 660
20220627 033932.371 INFO             PET3 Finalizing ESMF
