build time -- 2022-07-16 02:42:15.788399
20220716 033258.948 INFO             PET0 !!!!!!!!!!!!!!!!!!!!!!!!!!!!!!!!!!!!!!!!!!!!!!!!!!!!!!
20220716 033258.948 INFO             PET0 !!! THE ESMF_LOG IS SET TO OUTPUT ALL LOG MESSAGES !!!
20220716 033258.948 INFO             PET0 !!!     THIS MAY CAUSE SLOWDOWN IN PERFORMANCE     !!!
20220716 033258.948 INFO             PET0 !!! FOR PRODUCTION RUNS, USE:                      !!!
20220716 033258.948 INFO             PET0 !!!                   ESMF_LOGKIND_Multi_On_Error  !!!
20220716 033258.948 INFO             PET0 !!!!!!!!!!!!!!!!!!!!!!!!!!!!!!!!!!!!!!!!!!!!!!!!!!!!!!
20220716 033258.948 INFO             PET0 Running with ESMF Version   : v8.4.0b04-2-gc831a7cd4a
20220716 033258.948 INFO             PET0 ESMF library build date/time: "Jul 16 2022" "02:39:07"
20220716 033258.948 INFO             PET0 ESMF library build location : /glade/scratch/dunlap/esmf-testing/nvhpc_22.2_mpt_O_develop
20220716 033258.948 INFO             PET0 ESMF_COMM                   : mpt
20220716 033258.949 INFO             PET0 ESMF_MOAB                   : enabled
20220716 033258.949 INFO             PET0 ESMF_LAPACK                 : enabled
20220716 033258.949 INFO             PET0 ESMF_NETCDF                 : enabled
20220716 033258.949 INFO             PET0 ESMF_PNETCDF                : disabled
20220716 033258.949 INFO             PET0 ESMF_PIO                    : enabled
20220716 033258.949 INFO             PET0 ESMF_YAMLCPP                : enabled
20220716 033258.949 INFO             PET0  NUMBER_OF_PROCESSORS            1
20220716 033258.949 INFO             PET0  PASS  Example ESMF_ClockEx, ESMF_ClockEx.F90, line 220
20220716 033258.949 INFO             PET0 Finalizing ESMF
