build time -- 2022-06-28 01:57:48.687989
20220628 030626.178 INFO             PET0 !!!!!!!!!!!!!!!!!!!!!!!!!!!!!!!!!!!!!!!!!!!!!!!!!!!!!!
20220628 030626.178 INFO             PET0 !!! THE ESMF_LOG IS SET TO OUTPUT ALL LOG MESSAGES !!!
20220628 030626.178 INFO             PET0 !!!     THIS MAY CAUSE SLOWDOWN IN PERFORMANCE     !!!
20220628 030626.178 INFO             PET0 !!! FOR PRODUCTION RUNS, USE:                      !!!
20220628 030626.178 INFO             PET0 !!!                   ESMF_LOGKIND_Multi_On_Error  !!!
20220628 030626.178 INFO             PET0 !!!!!!!!!!!!!!!!!!!!!!!!!!!!!!!!!!!!!!!!!!!!!!!!!!!!!!
20220628 030626.178 INFO             PET0 Running with ESMF Version   : v8.4.0b01-2-gf0d4ab211d
20220628 030626.178 INFO             PET0 ESMF library build date/time: "Jun 28 2022" "01:50:16"
20220628 030626.178 INFO             PET0 ESMF library build location : /gpfsm/dnb04/projects/p98/mpotts/esmf/pgi_20.4_mpiuni_O_develop
20220628 030626.178 INFO             PET0 ESMF_COMM                   : mpiuni
20220628 030626.178 INFO             PET0 ESMF_MOAB                   : enabled
20220628 030626.178 INFO             PET0 ESMF_LAPACK                 : enabled
20220628 030626.178 INFO             PET0 ESMF_NETCDF                 : disabled
20220628 030626.178 INFO             PET0 ESMF_PNETCDF                : disabled
20220628 030626.178 INFO             PET0 ESMF_PIO                    : disabled
20220628 030626.178 INFO             PET0 ESMF_YAMLCPP                : enabled
20220628 030626.179 INFO             PET0  NUMBER_OF_PROCESSORS            1
20220628 030626.179 INFO             PET0  PASS  Example ESMF_AppMainEx, ESMF_AppMainEx.F90, line 486
20220628 030626.179 INFO             PET0 Finalizing ESMF
