build time -- 2022-07-07 02:04:31.434614
20220707 032817.957 INFO             PET0 !!!!!!!!!!!!!!!!!!!!!!!!!!!!!!!!!!!!!!!!!!!!!!!!!!!!!!
20220707 032817.957 INFO             PET0 !!! THE ESMF_LOG IS SET TO OUTPUT ALL LOG MESSAGES !!!
20220707 032817.957 INFO             PET0 !!!     THIS MAY CAUSE SLOWDOWN IN PERFORMANCE     !!!
20220707 032817.957 INFO             PET0 !!! FOR PRODUCTION RUNS, USE:                      !!!
20220707 032817.957 INFO             PET0 !!!                   ESMF_LOGKIND_Multi_On_Error  !!!
20220707 032817.957 INFO             PET0 !!!!!!!!!!!!!!!!!!!!!!!!!!!!!!!!!!!!!!!!!!!!!!!!!!!!!!
20220707 032817.957 INFO             PET0 Running with ESMF Version   : v8.4.0b03-3-g14a79d558f
20220707 032817.957 INFO             PET0 ESMF library build date/time: "Jul  7 2022" "02:00:25"
20220707 032817.957 INFO             PET0 ESMF library build location : /gpfsm/dnb04/projects/p98/mpotts/esmf/pgi_20.4_mpiuni_O_develop
20220707 032817.957 INFO             PET0 ESMF_COMM                   : mpiuni
20220707 032817.957 INFO             PET0 ESMF_MOAB                   : enabled
20220707 032817.957 INFO             PET0 ESMF_LAPACK                 : enabled
20220707 032817.957 INFO             PET0 ESMF_NETCDF                 : disabled
20220707 032817.957 INFO             PET0 ESMF_PNETCDF                : disabled
20220707 032817.957 INFO             PET0 ESMF_PIO                    : disabled
20220707 032817.957 INFO             PET0 ESMF_YAMLCPP                : enabled
20220707 032817.957 INFO             PET0  NUMBER_OF_PROCESSORS            1
20220707 032817.957 INFO             PET0  PASS  Example CalendarEx, ESMF_CalendarEx.F90, line 217
20220707 032817.957 INFO             PET0 Finalizing ESMF
