build time -- 2022-07-13 01:52:23.510576
20220713 030450.497 INFO             PET0 !!!!!!!!!!!!!!!!!!!!!!!!!!!!!!!!!!!!!!!!!!!!!!!!!!!!!!
20220713 030450.497 INFO             PET0 !!! THE ESMF_LOG IS SET TO OUTPUT ALL LOG MESSAGES !!!
20220713 030450.497 INFO             PET0 !!!     THIS MAY CAUSE SLOWDOWN IN PERFORMANCE     !!!
20220713 030450.497 INFO             PET0 !!! FOR PRODUCTION RUNS, USE:                      !!!
20220713 030450.497 INFO             PET0 !!!                   ESMF_LOGKIND_Multi_On_Error  !!!
20220713 030450.497 INFO             PET0 !!!!!!!!!!!!!!!!!!!!!!!!!!!!!!!!!!!!!!!!!!!!!!!!!!!!!!
20220713 030450.497 INFO             PET0 Running with ESMF Version   : v8.4.0b03-3-g14a79d558f
20220713 030450.497 INFO             PET0 ESMF library build date/time: "Jul 13 2022" "01:48:32"
20220713 030450.497 INFO             PET0 ESMF library build location : /gpfsm/dnb04/projects/p98/mpotts/esmf/pgi_20.4_mpiuni_O_develop
20220713 030450.497 INFO             PET0 ESMF_COMM                   : mpiuni
20220713 030450.497 INFO             PET0 ESMF_MOAB                   : enabled
20220713 030450.497 INFO             PET0 ESMF_LAPACK                 : enabled
20220713 030450.497 INFO             PET0 ESMF_NETCDF                 : disabled
20220713 030450.497 INFO             PET0 ESMF_PNETCDF                : disabled
20220713 030450.497 INFO             PET0 ESMF_PIO                    : disabled
20220713 030450.497 INFO             PET0 ESMF_YAMLCPP                : enabled
20220713 030450.497 INFO             PET0  NUMBER_OF_PROCESSORS            1
20220713 030450.497 INFO             PET0  PASS  Example ESMF_GridCreateRegFromDGEx, ESMF_GridCreateRegFromDGEx.F90, line 112
20220713 030450.498 INFO             PET0 Finalizing ESMF
