build time -- 2022-06-25 01:54:22.632768
20220625 031144.598 INFO             PET0 !!!!!!!!!!!!!!!!!!!!!!!!!!!!!!!!!!!!!!!!!!!!!!!!!!!!!!
20220625 031144.598 INFO             PET0 !!! THE ESMF_LOG IS SET TO OUTPUT ALL LOG MESSAGES !!!
20220625 031144.598 INFO             PET0 !!!     THIS MAY CAUSE SLOWDOWN IN PERFORMANCE     !!!
20220625 031144.598 INFO             PET0 !!! FOR PRODUCTION RUNS, USE:                      !!!
20220625 031144.598 INFO             PET0 !!!                   ESMF_LOGKIND_Multi_On_Error  !!!
20220625 031144.598 INFO             PET0 !!!!!!!!!!!!!!!!!!!!!!!!!!!!!!!!!!!!!!!!!!!!!!!!!!!!!!
20220625 031144.598 INFO             PET0 Running with ESMF Version   : v8.4.0b01-2-gf0d4ab211d
20220625 031144.598 INFO             PET0 ESMF library build date/time: "Jun 25 2022" "01:48:46"
20220625 031144.598 INFO             PET0 ESMF library build location : /gpfsm/dnb04/projects/p98/mpotts/esmf/pgi_20.4_mpiuni_O_develop
20220625 031144.598 INFO             PET0 ESMF_COMM                   : mpiuni
20220625 031144.598 INFO             PET0 ESMF_MOAB                   : enabled
20220625 031144.598 INFO             PET0 ESMF_LAPACK                 : enabled
20220625 031144.598 INFO             PET0 ESMF_NETCDF                 : disabled
20220625 031144.598 INFO             PET0 ESMF_PNETCDF                : disabled
20220625 031144.598 INFO             PET0 ESMF_PIO                    : disabled
20220625 031144.599 INFO             PET0 ESMF_YAMLCPP                : enabled
20220625 031144.630 DEBUG            PET0 about to destroy Grid: 0x6ab610
20220625 031144.633 DEBUG            PET0 about to destroy Grid: 0x6acf00
20220625 031144.643 INFO             PET0  NUMBER_OF_PROCESSORS            1
20220625 031144.643 INFO             PET0  PASS  Example ESMF_NUOPCAtmModelEx, ESMF_NUOPCAtmModelEx.F90, line 806
20220625 031144.643 INFO             PET0 Finalizing ESMF
