build time -- 2022-07-21 02:48:12.985687
20220721 041727.914 INFO             PET0 !!!!!!!!!!!!!!!!!!!!!!!!!!!!!!!!!!!!!!!!!!!!!!!!!!!!!!
20220721 041727.914 INFO             PET0 !!! THE ESMF_LOG IS SET TO OUTPUT ALL LOG MESSAGES !!!
20220721 041727.914 INFO             PET0 !!!     THIS MAY CAUSE SLOWDOWN IN PERFORMANCE     !!!
20220721 041727.914 INFO             PET0 !!! FOR PRODUCTION RUNS, USE:                      !!!
20220721 041727.914 INFO             PET0 !!!                   ESMF_LOGKIND_Multi_On_Error  !!!
20220721 041727.914 INFO             PET0 !!!!!!!!!!!!!!!!!!!!!!!!!!!!!!!!!!!!!!!!!!!!!!!!!!!!!!
20220721 041727.914 INFO             PET0 Running with ESMF Version   : v8.4.0b06-6-g1266599ea8
20220721 041727.914 INFO             PET0 ESMF library build date/time: "Jul 21 2022" "02:44:52"
20220721 041727.914 INFO             PET0 ESMF library build location : /glade/scratch/dunlap/esmf-testing/nvhpc_22.2_mpt_g_develop
20220721 041727.914 INFO             PET0 ESMF_COMM                   : mpt
20220721 041727.914 INFO             PET0 ESMF_MOAB                   : enabled
20220721 041727.915 INFO             PET0 ESMF_LAPACK                 : enabled
20220721 041727.915 INFO             PET0 ESMF_NETCDF                 : enabled
20220721 041727.915 INFO             PET0 ESMF_PNETCDF                : disabled
20220721 041727.915 INFO             PET0 ESMF_PIO                    : enabled
20220721 041727.915 INFO             PET0 ESMF_YAMLCPP                : enabled
20220721 041728.032 DEBUG            PET0 about to destroy Grid: 0x3939000
20220721 041728.045 DEBUG            PET0 about to destroy Grid: 0x393a3e0
20220721 041728.081 INFO             PET0  NUMBER_OF_PROCESSORS            4
20220721 041728.082 INFO             PET0  PASS  Example ESMF_NUOPCAtmModelEx, ESMF_NUOPCAtmModelEx.F90, line 806
20220721 041728.082 INFO             PET0 Finalizing ESMF
20220721 041727.913 INFO             PET1 !!!!!!!!!!!!!!!!!!!!!!!!!!!!!!!!!!!!!!!!!!!!!!!!!!!!!!
20220721 041727.913 INFO             PET1 !!! THE ESMF_LOG IS SET TO OUTPUT ALL LOG MESSAGES !!!
20220721 041727.913 INFO             PET1 !!!     THIS MAY CAUSE SLOWDOWN IN PERFORMANCE     !!!
20220721 041727.913 INFO             PET1 !!! FOR PRODUCTION RUNS, USE:                      !!!
20220721 041727.913 INFO             PET1 !!!                   ESMF_LOGKIND_Multi_On_Error  !!!
20220721 041727.913 INFO             PET1 !!!!!!!!!!!!!!!!!!!!!!!!!!!!!!!!!!!!!!!!!!!!!!!!!!!!!!
20220721 041727.913 INFO             PET1 Running with ESMF Version   : v8.4.0b06-6-g1266599ea8
20220721 041727.913 INFO             PET1 ESMF library build date/time: "Jul 21 2022" "02:44:52"
20220721 041727.913 INFO             PET1 ESMF library build location : /glade/scratch/dunlap/esmf-testing/nvhpc_22.2_mpt_g_develop
20220721 041727.913 INFO             PET1 ESMF_COMM                   : mpt
20220721 041727.914 INFO             PET1 ESMF_MOAB                   : enabled
20220721 041727.914 INFO             PET1 ESMF_LAPACK                 : enabled
20220721 041727.914 INFO             PET1 ESMF_NETCDF                 : enabled
20220721 041727.914 INFO             PET1 ESMF_PNETCDF                : disabled
20220721 041727.914 INFO             PET1 ESMF_PIO                    : enabled
20220721 041727.914 INFO             PET1 ESMF_YAMLCPP                : enabled
20220721 041728.032 DEBUG            PET1 about to destroy Grid: 0x393a550
20220721 041728.045 DEBUG            PET1 about to destroy Grid: 0x393b230
20220721 041728.081 INFO             PET1  NUMBER_OF_PROCESSORS            4
20220721 041728.082 INFO             PET1  PASS  Example ESMF_NUOPCAtmModelEx, ESMF_NUOPCAtmModelEx.F90, line 806
20220721 041728.082 INFO             PET1 Finalizing ESMF
20220721 041727.913 INFO             PET2 !!!!!!!!!!!!!!!!!!!!!!!!!!!!!!!!!!!!!!!!!!!!!!!!!!!!!!
20220721 041727.913 INFO             PET2 !!! THE ESMF_LOG IS SET TO OUTPUT ALL LOG MESSAGES !!!
20220721 041727.913 INFO             PET2 !!!     THIS MAY CAUSE SLOWDOWN IN PERFORMANCE     !!!
20220721 041727.913 INFO             PET2 !!! FOR PRODUCTION RUNS, USE:                      !!!
20220721 041727.913 INFO             PET2 !!!                   ESMF_LOGKIND_Multi_On_Error  !!!
20220721 041727.913 INFO             PET2 !!!!!!!!!!!!!!!!!!!!!!!!!!!!!!!!!!!!!!!!!!!!!!!!!!!!!!
20220721 041727.913 INFO             PET2 Running with ESMF Version   : v8.4.0b06-6-g1266599ea8
20220721 041727.913 INFO             PET2 ESMF library build date/time: "Jul 21 2022" "02:44:52"
20220721 041727.913 INFO             PET2 ESMF library build location : /glade/scratch/dunlap/esmf-testing/nvhpc_22.2_mpt_g_develop
20220721 041727.913 INFO             PET2 ESMF_COMM                   : mpt
20220721 041727.913 INFO             PET2 ESMF_MOAB                   : enabled
20220721 041727.913 INFO             PET2 ESMF_LAPACK                 : enabled
20220721 041727.913 INFO             PET2 ESMF_NETCDF                 : enabled
20220721 041727.913 INFO             PET2 ESMF_PNETCDF                : disabled
20220721 041727.913 INFO             PET2 ESMF_PIO                    : enabled
20220721 041727.913 INFO             PET2 ESMF_YAMLCPP                : enabled
20220721 041728.032 DEBUG            PET2 about to destroy Grid: 0x3939cc0
20220721 041728.045 DEBUG            PET2 about to destroy Grid: 0x393a560
20220721 041728.081 INFO             PET2  NUMBER_OF_PROCESSORS            4
20220721 041728.082 INFO             PET2  PASS  Example ESMF_NUOPCAtmModelEx, ESMF_NUOPCAtmModelEx.F90, line 806
20220721 041728.082 INFO             PET2 Finalizing ESMF
20220721 041727.913 INFO             PET3 !!!!!!!!!!!!!!!!!!!!!!!!!!!!!!!!!!!!!!!!!!!!!!!!!!!!!!
20220721 041727.913 INFO             PET3 !!! THE ESMF_LOG IS SET TO OUTPUT ALL LOG MESSAGES !!!
20220721 041727.913 INFO             PET3 !!!     THIS MAY CAUSE SLOWDOWN IN PERFORMANCE     !!!
20220721 041727.913 INFO             PET3 !!! FOR PRODUCTION RUNS, USE:                      !!!
20220721 041727.913 INFO             PET3 !!!                   ESMF_LOGKIND_Multi_On_Error  !!!
20220721 041727.913 INFO             PET3 !!!!!!!!!!!!!!!!!!!!!!!!!!!!!!!!!!!!!!!!!!!!!!!!!!!!!!
20220721 041727.913 INFO             PET3 Running with ESMF Version   : v8.4.0b06-6-g1266599ea8
20220721 041727.913 INFO             PET3 ESMF library build date/time: "Jul 21 2022" "02:44:52"
20220721 041727.913 INFO             PET3 ESMF library build location : /glade/scratch/dunlap/esmf-testing/nvhpc_22.2_mpt_g_develop
20220721 041727.913 INFO             PET3 ESMF_COMM                   : mpt
20220721 041727.914 INFO             PET3 ESMF_MOAB                   : enabled
20220721 041727.914 INFO             PET3 ESMF_LAPACK                 : enabled
20220721 041727.914 INFO             PET3 ESMF_NETCDF                 : enabled
20220721 041727.914 INFO             PET3 ESMF_PNETCDF                : disabled
20220721 041727.914 INFO             PET3 ESMF_PIO                    : enabled
20220721 041727.914 INFO             PET3 ESMF_YAMLCPP                : enabled
20220721 041728.032 DEBUG            PET3 about to destroy Grid: 0x3939b10
20220721 041728.045 DEBUG            PET3 about to destroy Grid: 0x393a7f0
20220721 041728.081 INFO             PET3  NUMBER_OF_PROCESSORS            4
20220721 041728.082 INFO             PET3  PASS  Example ESMF_NUOPCAtmModelEx, ESMF_NUOPCAtmModelEx.F90, line 806
20220721 041728.082 INFO             PET3 Finalizing ESMF
