build time -- 2022-07-18 02:44:17.462094
20220718 032117.608 INFO             PET0 !!!!!!!!!!!!!!!!!!!!!!!!!!!!!!!!!!!!!!!!!!!!!!!!!!!!!!
20220718 032117.608 INFO             PET0 !!! THE ESMF_LOG IS SET TO OUTPUT ALL LOG MESSAGES !!!
20220718 032117.608 INFO             PET0 !!!     THIS MAY CAUSE SLOWDOWN IN PERFORMANCE     !!!
20220718 032117.608 INFO             PET0 !!! FOR PRODUCTION RUNS, USE:                      !!!
20220718 032117.608 INFO             PET0 !!!                   ESMF_LOGKIND_Multi_On_Error  !!!
20220718 032117.608 INFO             PET0 !!!!!!!!!!!!!!!!!!!!!!!!!!!!!!!!!!!!!!!!!!!!!!!!!!!!!!
20220718 032117.608 INFO             PET0 Running with ESMF Version   : v8.4.0b04-9-g4da4a8320a
20220718 032117.608 INFO             PET0 ESMF library build date/time: "Jul 18 2022" "02:40:56"
20220718 032117.608 INFO             PET0 ESMF library build location : /glade/scratch/dunlap/esmf-testing/gfortran_10.1.0_openmpi_g_feature_named-alias
20220718 032117.608 INFO             PET0 ESMF_COMM                   : openmpi
20220718 032117.609 INFO             PET0 ESMF_MOAB                   : enabled
20220718 032117.609 INFO             PET0 ESMF_LAPACK                 : enabled
20220718 032117.609 INFO             PET0 ESMF_NETCDF                 : enabled
20220718 032117.609 INFO             PET0 ESMF_PNETCDF                : disabled
20220718 032117.609 INFO             PET0 ESMF_PIO                    : enabled
20220718 032117.609 INFO             PET0 ESMF_YAMLCPP                : enabled
20220718 032117.615 INFO             PET0  NUMBER_OF_PROCESSORS           1
20220718 032117.615 INFO             PET0  PASS  Example ESMF_XGridSparseMatEx, ESMF_XGridSparseMatEx.F90, line 642
20220718 032117.615 INFO             PET0 Finalizing ESMF
