build time -- 2022-06-30 02:07:43.597272
20220630 022330.632 INFO             PET0 !!!!!!!!!!!!!!!!!!!!!!!!!!!!!!!!!!!!!!!!!!!!!!!!!!!!!!
20220630 022330.633 INFO             PET0 !!! THE ESMF_LOG IS SET TO OUTPUT ALL LOG MESSAGES !!!
20220630 022330.633 INFO             PET0 !!!     THIS MAY CAUSE SLOWDOWN IN PERFORMANCE     !!!
20220630 022330.633 INFO             PET0 !!! FOR PRODUCTION RUNS, USE:                      !!!
20220630 022330.633 INFO             PET0 !!!                   ESMF_LOGKIND_Multi_On_Error  !!!
20220630 022330.633 INFO             PET0 !!!!!!!!!!!!!!!!!!!!!!!!!!!!!!!!!!!!!!!!!!!!!!!!!!!!!!
20220630 022330.633 INFO             PET0 Running with ESMF Version   : v8.4.0b01-4-g992fafaac4
20220630 022330.633 INFO             PET0 ESMF library build date/time: "Jun 30 2022" "02:06:45"
20220630 022330.633 INFO             PET0 ESMF library build location : /home/mpotts/intel_2021.2_intelmpi_O_develop
20220630 022330.633 INFO             PET0 ESMF_COMM                   : intelmpi
20220630 022330.633 INFO             PET0 ESMF_MOAB                   : enabled
20220630 022330.633 INFO             PET0 ESMF_LAPACK                 : enabled
20220630 022330.633 INFO             PET0 ESMF_NETCDF                 : enabled
20220630 022330.633 INFO             PET0 ESMF_PNETCDF                : disabled
20220630 022330.633 INFO             PET0 ESMF_PIO                    : enabled
20220630 022330.633 INFO             PET0 ESMF_YAMLCPP                : enabled
20220630 022330.635 INFO             PET0 ESMF_FieldRedistStoreNF(): Just entered routine.
20220630 022330.662 INFO             PET0 ESMF_FieldRedistStoreNF(): Leaving routine.
20220630 022330.662 INFO             PET0  NUMBER_OF_PROCESSORS           4
20220630 022330.662 INFO             PET0  PASS  Example ESMF_RHandleFromRHandleEx, ESMF_RHandleFromRHandleEx.F90, line 660
20220630 022330.662 INFO             PET0 Finalizing ESMF
20220630 022330.632 INFO             PET1 !!!!!!!!!!!!!!!!!!!!!!!!!!!!!!!!!!!!!!!!!!!!!!!!!!!!!!
20220630 022330.633 INFO             PET1 !!! THE ESMF_LOG IS SET TO OUTPUT ALL LOG MESSAGES !!!
20220630 022330.633 INFO             PET1 !!!     THIS MAY CAUSE SLOWDOWN IN PERFORMANCE     !!!
20220630 022330.633 INFO             PET1 !!! FOR PRODUCTION RUNS, USE:                      !!!
20220630 022330.633 INFO             PET1 !!!                   ESMF_LOGKIND_Multi_On_Error  !!!
20220630 022330.633 INFO             PET1 !!!!!!!!!!!!!!!!!!!!!!!!!!!!!!!!!!!!!!!!!!!!!!!!!!!!!!
20220630 022330.633 INFO             PET1 Running with ESMF Version   : v8.4.0b01-4-g992fafaac4
20220630 022330.633 INFO             PET1 ESMF library build date/time: "Jun 30 2022" "02:06:45"
20220630 022330.633 INFO             PET1 ESMF library build location : /home/mpotts/intel_2021.2_intelmpi_O_develop
20220630 022330.633 INFO             PET1 ESMF_COMM                   : intelmpi
20220630 022330.633 INFO             PET1 ESMF_MOAB                   : enabled
20220630 022330.633 INFO             PET1 ESMF_LAPACK                 : enabled
20220630 022330.633 INFO             PET1 ESMF_NETCDF                 : enabled
20220630 022330.633 INFO             PET1 ESMF_PNETCDF                : disabled
20220630 022330.633 INFO             PET1 ESMF_PIO                    : enabled
20220630 022330.633 INFO             PET1 ESMF_YAMLCPP                : enabled
20220630 022330.635 INFO             PET1 ESMF_FieldRedistStoreNF(): Just entered routine.
20220630 022330.662 INFO             PET1 ESMF_FieldRedistStoreNF(): Leaving routine.
20220630 022330.662 INFO             PET1  NUMBER_OF_PROCESSORS           4
20220630 022330.662 INFO             PET1  PASS  Example ESMF_RHandleFromRHandleEx, ESMF_RHandleFromRHandleEx.F90, line 660
20220630 022330.662 INFO             PET1 Finalizing ESMF
20220630 022330.632 INFO             PET2 !!!!!!!!!!!!!!!!!!!!!!!!!!!!!!!!!!!!!!!!!!!!!!!!!!!!!!
20220630 022330.633 INFO             PET2 !!! THE ESMF_LOG IS SET TO OUTPUT ALL LOG MESSAGES !!!
20220630 022330.633 INFO             PET2 !!!     THIS MAY CAUSE SLOWDOWN IN PERFORMANCE     !!!
20220630 022330.633 INFO             PET2 !!! FOR PRODUCTION RUNS, USE:                      !!!
20220630 022330.633 INFO             PET2 !!!                   ESMF_LOGKIND_Multi_On_Error  !!!
20220630 022330.633 INFO             PET2 !!!!!!!!!!!!!!!!!!!!!!!!!!!!!!!!!!!!!!!!!!!!!!!!!!!!!!
20220630 022330.633 INFO             PET2 Running with ESMF Version   : v8.4.0b01-4-g992fafaac4
20220630 022330.633 INFO             PET2 ESMF library build date/time: "Jun 30 2022" "02:06:45"
20220630 022330.633 INFO             PET2 ESMF library build location : /home/mpotts/intel_2021.2_intelmpi_O_develop
20220630 022330.633 INFO             PET2 ESMF_COMM                   : intelmpi
20220630 022330.633 INFO             PET2 ESMF_MOAB                   : enabled
20220630 022330.633 INFO             PET2 ESMF_LAPACK                 : enabled
20220630 022330.633 INFO             PET2 ESMF_NETCDF                 : enabled
20220630 022330.633 INFO             PET2 ESMF_PNETCDF                : disabled
20220630 022330.633 INFO             PET2 ESMF_PIO                    : enabled
20220630 022330.633 INFO             PET2 ESMF_YAMLCPP                : enabled
20220630 022330.635 INFO             PET2 ESMF_FieldRedistStoreNF(): Just entered routine.
20220630 022330.662 INFO             PET2 ESMF_FieldRedistStoreNF(): Leaving routine.
20220630 022330.663 INFO             PET2  NUMBER_OF_PROCESSORS           4
20220630 022330.663 INFO             PET2  PASS  Example ESMF_RHandleFromRHandleEx, ESMF_RHandleFromRHandleEx.F90, line 660
20220630 022330.663 INFO             PET2 Finalizing ESMF
20220630 022330.632 INFO             PET3 !!!!!!!!!!!!!!!!!!!!!!!!!!!!!!!!!!!!!!!!!!!!!!!!!!!!!!
20220630 022330.633 INFO             PET3 !!! THE ESMF_LOG IS SET TO OUTPUT ALL LOG MESSAGES !!!
20220630 022330.633 INFO             PET3 !!!     THIS MAY CAUSE SLOWDOWN IN PERFORMANCE     !!!
20220630 022330.633 INFO             PET3 !!! FOR PRODUCTION RUNS, USE:                      !!!
20220630 022330.633 INFO             PET3 !!!                   ESMF_LOGKIND_Multi_On_Error  !!!
20220630 022330.633 INFO             PET3 !!!!!!!!!!!!!!!!!!!!!!!!!!!!!!!!!!!!!!!!!!!!!!!!!!!!!!
20220630 022330.633 INFO             PET3 Running with ESMF Version   : v8.4.0b01-4-g992fafaac4
20220630 022330.633 INFO             PET3 ESMF library build date/time: "Jun 30 2022" "02:06:45"
20220630 022330.633 INFO             PET3 ESMF library build location : /home/mpotts/intel_2021.2_intelmpi_O_develop
20220630 022330.633 INFO             PET3 ESMF_COMM                   : intelmpi
20220630 022330.633 INFO             PET3 ESMF_MOAB                   : enabled
20220630 022330.633 INFO             PET3 ESMF_LAPACK                 : enabled
20220630 022330.633 INFO             PET3 ESMF_NETCDF                 : enabled
20220630 022330.633 INFO             PET3 ESMF_PNETCDF                : disabled
20220630 022330.633 INFO             PET3 ESMF_PIO                    : enabled
20220630 022330.633 INFO             PET3 ESMF_YAMLCPP                : enabled
20220630 022330.635 INFO             PET3 ESMF_FieldRedistStoreNF(): Just entered routine.
20220630 022330.662 INFO             PET3 ESMF_FieldRedistStoreNF(): Leaving routine.
20220630 022330.664 INFO             PET3  NUMBER_OF_PROCESSORS           4
20220630 022330.664 INFO             PET3  PASS  Example ESMF_RHandleFromRHandleEx, ESMF_RHandleFromRHandleEx.F90, line 660
20220630 022330.664 INFO             PET3 Finalizing ESMF
