build time -- 2022-07-21 02:08:53.858840
--- ESMCI::Array::print start ---
 Base name    = Array002
 Status: Base = Ready,  object = Ready
 Proxy        = no
 Root Info (Attributes):
--- ESMCI::Array::print start ---
 Base name    = Array002
 Status: Base = Ready,  object = Ready
 Proxy        = no
 Root Info (Attributes):
--- ESMCI::Array::print start ---
 Base name    = Array002
 Status: Base = Ready,  object = Ready
 Proxy        = no
 Root Info (Attributes):
--- ESMCI::Array::print start ---
 Base name    = Array002
 Status: Base = Ready,  object = Ready
 Proxy        = no
 Root Info (Attributes):
{}{}Array typekind/rank: Real*8 / 2 
~ lower class' values ~
DistGrid dimCount = 2
deCount = 4
localDeCount = 1
{}Array typekind/rank: Real*8 / 2 
~ lower class' values ~
DistGrid dimCount = 2
deCount = 4
localDeCount = 1
~ local data in LocalArray for DE 1 ~
LocalArrayPrint: Array at address 0xe9b510:
{}Array typekind/rank: Real*8 / 2 
~ lower class' values ~
DistGrid dimCount = 2
deCount = 4
localDeCount = 1
~ local data in LocalArray for DE 2 ~
LocalArrayPrint: Array at address 0x26ed510:
Array typekind/rank: Real*8 / 2 
~ lower class' values ~
DistGrid dimCount = 2
deCount = 4
localDeCount = 1
~ local data in LocalArray for DE 3 ~
LocalArrayPrint: Array at address 0x23b6510:
            rank = 2, typekind = 6, base_addr = 0x7f2f3fc2ffe0
            dim[0] = 2  dim[1] = 2  
  Real, *8, Dim 2, Data values:
~ local data in LocalArray for DE 0 ~
LocalArrayPrint: Array at address 0x1afc650:
            rank = 2, typekind = 6, base_addr = 0x7fb4744cbfe0
            dim[0] = 2  dim[1] = 2  
  Real, *8, Dim 2, Data values:
            rank = 2, typekind = 6, base_addr = 0x7f536d7abfe0
            dim[0] = 2  dim[1] = 2  
  Real, *8, Dim 2, Data values:
( 1, 1) =  101
( 2, 1) =  101
( 1, 2) =  101
            rank = 2, typekind = 6, base_addr = 0x7fcf25ebbfe0
            dim[0] = 2  dim[1] = 2  
  Real, *8, Dim 2, Data values:
( 1, 1) =  102
( 2, 1) =  102
( 1, 2) =  102
( 1, 1) =  100
( 2, 1) =  100
( 1, 2) =  100
( 2, 2) =  100
dim 1: [0]: [1 [1 [1, 2] 2] 2]
dim 2: [1]: [1 [1 [1, 2] 2] 2]
--- ESMCI::Array::print end ---
( 2, 2) =  101
dim 1: [0]: [1 [1 [1, 2] 2] 2]
dim 2: [1]: [1 [1 [1, 2] 2] 2]
--- ESMCI::Array::print end ---
--- ESMCI::Array::print start ---
 Base name    = Array003
( 2, 2) =  102
dim 1: [0]: [1 [1 [1, 2] 2] 2]
dim 2: [1]: [1 [1 [1, 2] 2] 2]
--- ESMCI::Array::print end ---
--- ESMCI::Array::print start ---
 Base name    = Array003
 Status: Base = Ready( 1, 1) =  103
( 2, 1) =  103
( 1, 2) =  103
( 2, 2) =  103
dim 1: [0]: [1 [1 [1, 2] 2] 2]
dim 2: [1]: [1 [1 [1, 2] 2] 2]
--- ESMCI::Array::print end ---
--- ESMCI::Array::print start ---
 Base name    = Array003
 Status: Base = Ready,  object = Ready--- ESMCI::Array::print start ---
 Base name    = Array003
 Status: Base = Ready,  object = Ready
 Proxy        = no
 Root Info (Attributes):
{} Status: Base = Ready,  object = Ready
 Proxy        = no
 Root Info (Attributes):
{}Array typekind/rank: Real*8 / 2 
~ lower class' values ~
DistGrid dimCount = 2
deCount = 4
localDeCount = 1
,  object = Ready
 Proxy        = no
 Root Info (Attributes):
{}Array typekind/rank: Real*8 / 2 
~ lower class' values ~
DistGrid dimCount = 2
deCount = 4
localDeCount = 1
~ local data in LocalArray for DE 2 ~
LocalArrayPrint: Array at address 0x26e9130:

 Proxy        = no
 Root Info (Attributes):
{}Array typekind/rank: Real*8 / 2 
~ lower class' values ~
DistGrid dimCount = 2
deCount = 4
localDeCount = 1
~ local data in LocalArray for DE 3 ~
LocalArrayPrint: Array at address 0x23b2130:
            rank = 2, typekind = 6, Array typekind/rank: Real*8 / 2 
~ lower class' values ~
DistGrid dimCount = 2
deCount = 4
localDeCount = 1
~ local data in LocalArray for DE 0 ~
LocalArrayPrint: Array at address 0x1af8270:
            rank = 2, typekind = 6, base_addr = 0x7fb4744cbfc0
            dim[0] = 2  dim[1] = 2  
  Real, *8, Dim 2, Data values:
( 1, 1) =  200
~ local data in LocalArray for DE 1 ~
LocalArrayPrint: Array at address 0xe97130:
            rank = 2, typekind = 6, base_addr = 0x7f536d7abfc0
            dim[0] = 2  dim[1] = 2  
  Real, *8, Dim 2, Data values:
( 1, 1) =  201
( 2, 1) =  201
( 1, 2) =  201
( 2, 2) =  201
dim 1: [0]: [1 [1 [1, 2] 2] 2]
            rank = 2, typekind = 6, base_addr = 0x7fcf25ebbfc0
            dim[0] = 2  dim[1] = 2  
  Real, *8, Dim 2, Data values:
( 1, 1) =  202
( 2, 1) =  202
( 1, 2) =  202
( 2, 2) =  202
dim 1: [0]: [1 [1 [1, 2] 2] 2]
dim 2: [1]: [1 [1 [1, 2] 2] 2]
--- ESMCI::Array::print end ---base_addr = 0x7f2f3fc2ffc0
            dim[0] = 2  dim[1] = 2  
  Real, *8, Dim 2, Data values:
( 1, 1) =  203
( 2, 1) =  203
( 1, 2) =  203
( 2, 2) =  203
dim 1: [0]: [1 [1 [1, 2] 2] 2]
dim 2: [1]: [1 [1 [1, 2] 2] 2]
--- ESMCI::Array::print end ---
( 2, 1) =  200
( 1, 2) =  200
( 2, 2) =  200
dim 1: [0]: [1 [1 [1, 2] 2] 2]
dim 2: [1]: [1 [1 [1, 2] 2] 2]
--- ESMCI::Array::print end ---
--- ESMCI::Array::print start ---
 Base name    = Array004
 Status: Base = Ready,  object = Ready
 Proxy        = no
 Root Info (Attributes):
{}Array typekind/rank: Real*8 / 2 
~ lower class' values ~
DistGrid dimCount = 2
dim 2: [1]: [1 [1 [1, 2] 2] 2]
--- ESMCI::Array::print end ---
--- ESMCI::Array::print start ---
 Base name    = Array004
 Status: Base = Ready,  object = Ready
 Proxy        = no
 Root Info (Attributes):
{}Array typekind/rank: Real*8 / 2 
~ lower class' values ~
DistGrid dimCount = 2
deCount = 4
localDeCount = 1
~ local data in LocalArray for DE 1 ~
LocalArrayPrint: Array at address 0xe97920:
            rank = 2, typekind = 6, base_addr = 0x7f536d7b7f00
            
--- ESMCI::Array::print start ---
 Base name    = Array004
 Status: Base = Ready,  object = Ready
 Proxy        = no
 Root Info (Attributes):
{}Array typekind/rank: Real*8 / 2 
~ lower class' values ~
DistGrid dimCount = 2
deCount = 4
localDeCount = 1
~ local data in LocalArray for DE 2 ~
LocalArrayPrint: Array at address 0x26e9920:
            rank = 2, typekind = 6, base_addr = 0x7fcf25ec7f00
            dim[0] = 4  dim[1] = 4  --- ESMCI::Array::print start ---
 Base name    = Array004
 Status: Base = Ready,  object = Ready
 Proxy        = no
 Root Info (Attributes):
{}Array typekind/rank: Real*8 / 2 
~ lower class' values ~
DistGrid dimCount = 2
deCount = 4
localDeCount = 1
~ local data in LocalArray for DE 3 ~
LocalArrayPrint: Array at address 0x23b2920:
            rank = 2, typekind = 6, base_addr = 0x7f2f3fc3bf00
            dim[0] = 4  dim[1] = 4  
  Real, *8, Dim 2, Data values:
deCount = 4
localDeCount = 1
~ local data in LocalArray for DE 0 ~
LocalArrayPrint: Array at address 0x1af8a60:
            rank = 2, typekind = 6, base_addr = 0x7fb4744d7f00
            dim[0] = 4  dim[1] = 4  
  Real, *8, Dim 2, Data values:
( 0, 0) =  300
( 1, 0) =  300
( 2, 0) =  300
( 3, 0) =  300
( 0, 1) =  300
dim[0] = 4  dim[1] = 4  
  Real, *8, Dim 2, Data values:
( 0, 0) =  301
( 1, 0) =  301
( 2, 0) =  301
( 3, 0) =  301
( 0, 1) =  300
( 1, 1) =  301
( 2, 1) =  301
( 3, 1) =  301
( 0, 2) =  300

  Real, *8, Dim 2, Data values:
( 0, 0) =  302
( 1, 0) =  300
( 2, 0) =  300
( 3, 0) =  301
( 0, 1) =  302
( 1, 1) =  302
( 2, 1) =  302
( 3, 1) =  303
( 0, 2) =  302
( 0, 0) =  300
( 1, 0) =  301
( 2, 0) =  301
( 3, 0) =  303
( 0, 1) =  302
( 1, 1) =  303
( 2, 1) =  303
( 3, 1) =  303
( 0, 2) =  302
( 1, 2) =  303
( 2, 2) =  303
( 1, 1) =  300
( 2, 1) =  300
( 3, 1) =  301
( 0, 2) =  300
( 1, 2) =  300
( 2, 2) =  300
( 3, 2) =  301
( 0, 3) =  300
( 1, 3) =  302
( 2, 3) =  302
( 3, 3) =  303
( 1, 2) =  301
( 2, 2) =  301
( 3, 2) =  301
( 0, 3) =  302
( 1, 3) =  303
( 2, 3) =  303
( 3, 3) =  301
dim 1: [0]: [0 [1 [1, 2] 2] 3]
dim 2: [1]: [0 [1 [1, 2] 2] 3]
--- ESMCI::Array::print end ---
( 1, 2) =  302
( 2, 2) =  302
( 3, 2) =  303
( 0, 3) =  302
( 1, 3) =  302
( 2, 3) =  302
( 3, 3) =  302
dim 1: [0]: [0 [1 [1, 2] 2] 3]
dim 2: [1]: [0 [1 [1, 2] 2] 3]
--- ESMCI::Array::print end ---
--- ESMCI::Array::print start ---
( 3, 2) =  303
( 0, 3) =  303
( 1, 3) =  303
( 2, 3) =  303
( 3, 3) =  303
dim 1: [0]: [0 [1 [1, 2] 2] 3]
dim 2: [1]: [0 [1 [1, 2] 2] 3]
--- ESMCI::Array::print end ---
--- ESMCI::Array::print start ---
 Base name    = Array005
 Status: Base = Readydim 1: [0]: [0 [1 [1, 2] 2] 3]
dim 2: [1]: [0 [1 [1, 2] 2] 3]
--- ESMCI::Array::print end ---
--- ESMCI::Array::print start ---
 Base name    = Array005
 Status: Base = Ready,  object = Ready
 Proxy        = no
 Root Info (Attributes):
--- ESMCI::Array::print start ---
 Base name    = Array005
 Status: Base = Ready,  object = Ready
 Proxy        = no
 Root Info (Attributes):
{}Array typekind/rank: Real*8 / 2 
~ lower class' values ~
DistGrid dimCount = 2
deCount = 4
 Base name    = Array005
 Status: Base = Ready,  object = Ready
 Proxy        = no
 Root Info (Attributes):
{}Array typekind/rank: Real*8 / 2 
~ lower class' values ~
DistGrid dimCount = 2
deCount = 4
localDeCount = 1
~ local data in LocalArray for DE 2 ~
LocalArrayPrint: Array at address 0x26ea110:
,  object = Ready
 Proxy        = no
 Root Info (Attributes):
{}Array typekind/rank: Real*8 / 2 
~ lower class' values ~
DistGrid dimCount = 2
deCount = 4
localDeCount = 1
~ local data in LocalArray for DE 3 ~
LocalArrayPrint: Array at address 0x23b3110:
            rank = 2, typekind = 6, base_addr = 0x7f2f3fc3be80
            {}Array typekind/rank: Real*8 / 2 
~ lower class' values ~
DistGrid dimCount = 2
deCount = 4
localDeCount = 1
~ local data in LocalArray for DE 0 ~
LocalArrayPrint: Array at address 0x1af9250:
            rank = 2, typekind = 6, base_addr = 0x7fb4744d7e80
            dim[0] = 4  dim[1] = 4  
  Real, *8, Dim 2, Data values:
( 0, 0) =  400
( 1, 0) =  400
( 2, 0) =  400
( 3, 0) =  400
localDeCount = 1
~ local data in LocalArray for DE 1 ~
LocalArrayPrint: Array at address 0xe98110:
            rank = 2, typekind = 6, base_addr = 0x7f536d7b7e80
            dim[0] = 4  dim[1] = 4  
  Real, *8, Dim 2, Data values:
( 0, 0) =  401
( 1, 0) =  401
( 2, 0) =  401
( 3, 0) =  401
( 0, 1) =  400
( 1, 1) =  401
( 2, 1) =  401
            rank = 2, typekind = 6, base_addr = 0x7fcf25ec7e80
            dim[0] = 4  dim[1] = 4  
  Real, *8, Dim 2, Data values:
( 0, 0) =  402
( 1, 0) =  400
( 2, 0) =  400
( 3, 0) =  401
( 0, 1) =  402
( 1, 1) =  402
( 2, 1) =  402
( 3, 1) =  403
( 0, 2) =  402
dim[0] = 4  dim[1] = 4  
  Real, *8, Dim 2, Data values:
( 0, 0) =  400
( 1, 0) =  401
( 2, 0) =  401
( 3, 0) =  403
( 0, 1) =  402
( 1, 1) =  403
( 2, 1) =  403
( 3, 1) =  403
( 0, 2) =  402
( 1, 2) =  403
( 2, 2) =  403
( 0, 1) =  400
( 1, 1) =  400
( 2, 1) =  400
( 3, 1) =  401
( 0, 2) =  400
( 1, 2) =  400
( 2, 2) =  400
( 3, 2) =  401
( 0, 3) =  400
( 1, 3) =  402
( 2, 3) =  402
( 3, 1) =  401
( 0, 2) =  400
( 1, 2) =  401
( 2, 2) =  401
( 3, 2) =  401
( 0, 3) =  402
( 1, 3) =  403
( 2, 3) =  403
( 3, 3) =  401
dim 1: [0]: [0 [1 [1, 2] 2] 3]
dim 2: [1]: [0 [1 [1, 2] 2] 3]
--- ESMCI::Array::print end ---( 1, 2) =  402
( 2, 2) =  402
( 3, 2) =  403
( 0, 3) =  402
( 1, 3) =  402
( 2, 3) =  402
( 3, 3) =  402
dim 1: [0]: [0 [1 [1, 2] 2] 3]
dim 2: [1]: [0 [1 [1, 2] 2] 3]
--- ESMCI::Array::print end ---
--- ESMCI::Array::print start ---
 Base name    = ( 3, 2) =  403
( 0, 3) =  403
( 1, 3) =  403
( 2, 3) =  403
( 3, 3) =  403
dim 1: [0]: [0 [1 [1, 2] 2] 3]
dim 2: [1]: [0 [1 [1, 2] 2] 3]
--- ESMCI::Array::print end ---
--- ESMCI::Array::print start ---
 Base name    = Array006
 Status: Base = Ready,  object = ( 3, 3) =  403
dim 1: [0]: [0 [1 [1, 2] 2] 3]
dim 2: [1]: [0 [1 [1, 2] 2] 3]
--- ESMCI::Array::print end ---
--- ESMCI::Array::print start ---
 Base name    = Array006
 Status: Base = Ready,  object = Ready
 Proxy        = no
 Root Info (Attributes):

--- ESMCI::Array::print start ---
 Base name    = Array006
 Status: Base = Ready,  object = Ready
 Proxy        = no
 Root Info (Attributes):
{}Array typekind/rank: Real*8 / 2 
~ lower class' values ~
DistGrid dimCount = 2
Array006
 Status: Base = Ready,  object = Ready
 Proxy        = no
 Root Info (Attributes):
{}Array typekind/rank: Real*8 / 2 
~ lower class' values ~
DistGrid dimCount = 2
deCount = 4
localDeCount = 1
~ local data in LocalArray for DE 2 ~
LocalArrayPrint: Array at address 0x26e76c0:
Ready
 Proxy        = no
 Root Info (Attributes):
{}Array typekind/rank: Real*8 / 2 
~ lower class' values ~
DistGrid dimCount = 2
deCount = 4
localDeCount = 1
~ local data in LocalArray for DE 3 ~
LocalArrayPrint: Array at address 0x23b06c0:
            rank = 2, typekind = 6, base_addr = 0x7f2f3fc2bfa0
            dim[0] = 4  {}Array typekind/rank: Real*8 / 2 
~ lower class' values ~
DistGrid dimCount = 2
deCount = 4
localDeCount = 1
~ local data in LocalArray for DE 0 ~
LocalArrayPrint: Array at address 0x1af6800:
            rank = 2, typekind = 6, base_addr = 0x7fb4744c7fa0
            dim[0] = 4  dim[1] = 3  
  Real, *8, Dim 2, Data values:
( 0, 0) =  500
( 1, 0) =  500
deCount = 4
localDeCount = 1
~ local data in LocalArray for DE 1 ~
LocalArrayPrint: Array at address 0xe956c0:
            rank = 2, typekind = 6, base_addr = 0x7f536d7a7fa0
            dim[0] = 4  dim[1] = 3  
  Real, *8, Dim 2, Data values:
( 0, 0) =  501
( 1, 0) =  501
( 2, 0) =  501
( 3, 0) =  501
            rank = 2, typekind = 6, base_addr = 0x7fcf25eb7fa0
            dim[0] = 4  dim[1] = 3  
  Real, *8, Dim 2, Data values:
( 0, 0) =  502
( 1, 0) =  500
( 2, 0) =  500
( 3, 0) =  501
( 0, 1) =  502
( 1, 1) =  502
dim[1] = 3  
  Real, *8, Dim 2, Data values:
( 0, 0) =  500
( 1, 0) =  501
( 2, 0) =  501
( 3, 0) =  503
( 0, 1) =  502
( 1, 1) =  503
( 2, 1) =  503
( 3, 1) =  503
( 0, 2) =  502
( 1, 2) =  503
( 2, 0) =  500
( 3, 0) =  500
( 0, 1) =  500
( 1, 1) =  500
( 2, 1) =  500
( 3, 1) =  501
( 0, 2) =  500
( 1, 2) =  500
( 2, 2) =  500
( 3, 2) =  501
dim 1: [0]: [0 [1 [1, 2] 2] 3]
dim 2: [1]: [0 [1 [1, 2] 2] 2]
--- ESMCI::Array::print end ---
( 0, 1) =  500
( 1, 1) =  501
( 2, 1) =  501
( 3, 1) =  501
( 0, 2) =  500
( 1, 2) =  501
( 2, 2) =  501
( 3, 2) =  501
dim 1: [0]: [0 [1 [1, 2] 2] 3]
dim 2: [1]: [0 [1 [1, 2] 2] 2]
--- ESMCI::Array::print end ---
( 2, 1) =  502
( 3, 1) =  503
( 0, 2) =  502
( 1, 2) =  502
( 2, 2) =  502
( 3, 2) =  503
dim 1: [0]: [0 [1 [1, 2] 2] 3]
dim 2: [1]: [0 [1 [1, 2] 2] 2]
--- ESMCI::Array::print end ---
( 2, 2) =  503
( 3, 2) =  503
dim 1: [0]: [0 [1 [1, 2] 2] 3]
dim 2: [1]: [0 [1 [1, 2] 2] 2]
--- ESMCI::Array::print end ---
  PASS  Example ESMF_ArrayBundleHaloEx, ESMF_ArrayBundleHaloEx.F90, line 172
  PASS  Example ESMF_ArrayBundleHaloEx, ESMF_ArrayBundleHaloEx.F90, line 172
  PASS  Example ESMF_ArrayBundleHaloEx, ESMF_ArrayBundleHaloEx.F90, line 172
  PASS  Example ESMF_ArrayBundleHaloEx, ESMF_ArrayBundleHaloEx.F90, line 172
 PASS: ESMF_ArrayBundleHaloEx.F90
 PASS: ESMF_ArrayBundleHaloEx.F90
 PASS: ESMF_ArrayBundleHaloEx.F90
 PASS: ESMF_ArrayBundleHaloEx.F90
