build time -- 2022-07-10 02:08:51.314073
20220710 022643.884 INFO             PET0 !!!!!!!!!!!!!!!!!!!!!!!!!!!!!!!!!!!!!!!!!!!!!!!!!!!!!!
20220710 022643.884 INFO             PET0 !!! THE ESMF_LOG IS SET TO OUTPUT ALL LOG MESSAGES !!!
20220710 022643.884 INFO             PET0 !!!     THIS MAY CAUSE SLOWDOWN IN PERFORMANCE     !!!
20220710 022643.884 INFO             PET0 !!! FOR PRODUCTION RUNS, USE:                      !!!
20220710 022643.884 INFO             PET0 !!!                   ESMF_LOGKIND_Multi_On_Error  !!!
20220710 022643.884 INFO             PET0 !!!!!!!!!!!!!!!!!!!!!!!!!!!!!!!!!!!!!!!!!!!!!!!!!!!!!!
20220710 022643.884 INFO             PET0 Running with ESMF Version   : v8.4.0b03-3-g14a79d558f
20220710 022643.884 INFO             PET0 ESMF library build date/time: "Jul 10 2022" "02:08:07"
20220710 022643.884 INFO             PET0 ESMF library build location : /home/mpotts/intel_2021.2_intelmpi_O_develop
20220710 022643.884 INFO             PET0 ESMF_COMM                   : intelmpi
20220710 022643.884 INFO             PET0 ESMF_MOAB                   : enabled
20220710 022643.884 INFO             PET0 ESMF_LAPACK                 : enabled
20220710 022643.884 INFO             PET0 ESMF_NETCDF                 : enabled
20220710 022643.884 INFO             PET0 ESMF_PNETCDF                : disabled
20220710 022643.884 INFO             PET0 ESMF_PIO                    : enabled
20220710 022643.884 INFO             PET0 ESMF_YAMLCPP                : enabled
20220710 022643.905 DEBUG            PET0 about to destroy Grid: 0x16542a0
20220710 022643.906 DEBUG            PET0 about to destroy Grid: 0x1654f80
20220710 022643.912 INFO             PET0  NUMBER_OF_PROCESSORS           4
20220710 022643.912 INFO             PET0  PASS  Example ESMF_NUOPCAtmModelEx, ESMF_NUOPCAtmModelEx.F90, line 806
20220710 022643.912 INFO             PET0 Finalizing ESMF
20220710 022643.884 INFO             PET1 !!!!!!!!!!!!!!!!!!!!!!!!!!!!!!!!!!!!!!!!!!!!!!!!!!!!!!
20220710 022643.884 INFO             PET1 !!! THE ESMF_LOG IS SET TO OUTPUT ALL LOG MESSAGES !!!
20220710 022643.884 INFO             PET1 !!!     THIS MAY CAUSE SLOWDOWN IN PERFORMANCE     !!!
20220710 022643.884 INFO             PET1 !!! FOR PRODUCTION RUNS, USE:                      !!!
20220710 022643.884 INFO             PET1 !!!                   ESMF_LOGKIND_Multi_On_Error  !!!
20220710 022643.884 INFO             PET1 !!!!!!!!!!!!!!!!!!!!!!!!!!!!!!!!!!!!!!!!!!!!!!!!!!!!!!
20220710 022643.884 INFO             PET1 Running with ESMF Version   : v8.4.0b03-3-g14a79d558f
20220710 022643.884 INFO             PET1 ESMF library build date/time: "Jul 10 2022" "02:08:07"
20220710 022643.884 INFO             PET1 ESMF library build location : /home/mpotts/intel_2021.2_intelmpi_O_develop
20220710 022643.884 INFO             PET1 ESMF_COMM                   : intelmpi
20220710 022643.884 INFO             PET1 ESMF_MOAB                   : enabled
20220710 022643.884 INFO             PET1 ESMF_LAPACK                 : enabled
20220710 022643.884 INFO             PET1 ESMF_NETCDF                 : enabled
20220710 022643.884 INFO             PET1 ESMF_PNETCDF                : disabled
20220710 022643.884 INFO             PET1 ESMF_PIO                    : enabled
20220710 022643.884 INFO             PET1 ESMF_YAMLCPP                : enabled
20220710 022643.905 DEBUG            PET1 about to destroy Grid: 0x1d9e140
20220710 022643.906 DEBUG            PET1 about to destroy Grid: 0x1d9ee20
20220710 022643.912 INFO             PET1  NUMBER_OF_PROCESSORS           4
20220710 022643.912 INFO             PET1  PASS  Example ESMF_NUOPCAtmModelEx, ESMF_NUOPCAtmModelEx.F90, line 806
20220710 022643.912 INFO             PET1 Finalizing ESMF
20220710 022643.884 INFO             PET2 !!!!!!!!!!!!!!!!!!!!!!!!!!!!!!!!!!!!!!!!!!!!!!!!!!!!!!
20220710 022643.884 INFO             PET2 !!! THE ESMF_LOG IS SET TO OUTPUT ALL LOG MESSAGES !!!
20220710 022643.884 INFO             PET2 !!!     THIS MAY CAUSE SLOWDOWN IN PERFORMANCE     !!!
20220710 022643.884 INFO             PET2 !!! FOR PRODUCTION RUNS, USE:                      !!!
20220710 022643.884 INFO             PET2 !!!                   ESMF_LOGKIND_Multi_On_Error  !!!
20220710 022643.884 INFO             PET2 !!!!!!!!!!!!!!!!!!!!!!!!!!!!!!!!!!!!!!!!!!!!!!!!!!!!!!
20220710 022643.884 INFO             PET2 Running with ESMF Version   : v8.4.0b03-3-g14a79d558f
20220710 022643.884 INFO             PET2 ESMF library build date/time: "Jul 10 2022" "02:08:07"
20220710 022643.884 INFO             PET2 ESMF library build location : /home/mpotts/intel_2021.2_intelmpi_O_develop
20220710 022643.884 INFO             PET2 ESMF_COMM                   : intelmpi
20220710 022643.884 INFO             PET2 ESMF_MOAB                   : enabled
20220710 022643.884 INFO             PET2 ESMF_LAPACK                 : enabled
20220710 022643.884 INFO             PET2 ESMF_NETCDF                 : enabled
20220710 022643.884 INFO             PET2 ESMF_PNETCDF                : disabled
20220710 022643.884 INFO             PET2 ESMF_PIO                    : enabled
20220710 022643.884 INFO             PET2 ESMF_YAMLCPP                : enabled
20220710 022643.905 DEBUG            PET2 about to destroy Grid: 0x25bc140
20220710 022643.906 DEBUG            PET2 about to destroy Grid: 0x25bce20
20220710 022643.912 INFO             PET2  NUMBER_OF_PROCESSORS           4
20220710 022643.912 INFO             PET2  PASS  Example ESMF_NUOPCAtmModelEx, ESMF_NUOPCAtmModelEx.F90, line 806
20220710 022643.912 INFO             PET2 Finalizing ESMF
20220710 022643.884 INFO             PET3 !!!!!!!!!!!!!!!!!!!!!!!!!!!!!!!!!!!!!!!!!!!!!!!!!!!!!!
20220710 022643.884 INFO             PET3 !!! THE ESMF_LOG IS SET TO OUTPUT ALL LOG MESSAGES !!!
20220710 022643.884 INFO             PET3 !!!     THIS MAY CAUSE SLOWDOWN IN PERFORMANCE     !!!
20220710 022643.884 INFO             PET3 !!! FOR PRODUCTION RUNS, USE:                      !!!
20220710 022643.884 INFO             PET3 !!!                   ESMF_LOGKIND_Multi_On_Error  !!!
20220710 022643.884 INFO             PET3 !!!!!!!!!!!!!!!!!!!!!!!!!!!!!!!!!!!!!!!!!!!!!!!!!!!!!!
20220710 022643.884 INFO             PET3 Running with ESMF Version   : v8.4.0b03-3-g14a79d558f
20220710 022643.884 INFO             PET3 ESMF library build date/time: "Jul 10 2022" "02:08:07"
20220710 022643.884 INFO             PET3 ESMF library build location : /home/mpotts/intel_2021.2_intelmpi_O_develop
20220710 022643.884 INFO             PET3 ESMF_COMM                   : intelmpi
20220710 022643.884 INFO             PET3 ESMF_MOAB                   : enabled
20220710 022643.884 INFO             PET3 ESMF_LAPACK                 : enabled
20220710 022643.884 INFO             PET3 ESMF_NETCDF                 : enabled
20220710 022643.884 INFO             PET3 ESMF_PNETCDF                : disabled
20220710 022643.884 INFO             PET3 ESMF_PIO                    : enabled
20220710 022643.884 INFO             PET3 ESMF_YAMLCPP                : enabled
20220710 022643.905 DEBUG            PET3 about to destroy Grid: 0x2423140
20220710 022643.906 DEBUG            PET3 about to destroy Grid: 0x2423e20
20220710 022643.912 INFO             PET3  NUMBER_OF_PROCESSORS           4
20220710 022643.912 INFO             PET3  PASS  Example ESMF_NUOPCAtmModelEx, ESMF_NUOPCAtmModelEx.F90, line 806
20220710 022643.912 INFO             PET3 Finalizing ESMF
