build time -- 2022-07-18 02:32:08.861829
20220718 024917.556 INFO             PET0 !!!!!!!!!!!!!!!!!!!!!!!!!!!!!!!!!!!!!!!!!!!!!!!!!!!!!!
20220718 024917.556 INFO             PET0 !!! THE ESMF_LOG IS SET TO OUTPUT ALL LOG MESSAGES !!!
20220718 024917.556 INFO             PET0 !!!     THIS MAY CAUSE SLOWDOWN IN PERFORMANCE     !!!
20220718 024917.556 INFO             PET0 !!! FOR PRODUCTION RUNS, USE:                      !!!
20220718 024917.556 INFO             PET0 !!!                   ESMF_LOGKIND_Multi_On_Error  !!!
20220718 024917.556 INFO             PET0 !!!!!!!!!!!!!!!!!!!!!!!!!!!!!!!!!!!!!!!!!!!!!!!!!!!!!!
20220718 024917.556 INFO             PET0 Running with ESMF Version   : v8.4.0b04-2-gc831a7cd4a
20220718 024917.556 INFO             PET0 ESMF library build date/time: "Jul 18 2022" "02:31:12"
20220718 024917.556 INFO             PET0 ESMF library build location : /home/mpotts/intel_2021.2_intelmpi_O_develop
20220718 024917.556 INFO             PET0 ESMF_COMM                   : intelmpi
20220718 024917.556 INFO             PET0 ESMF_MOAB                   : enabled
20220718 024917.556 INFO             PET0 ESMF_LAPACK                 : enabled
20220718 024917.556 INFO             PET0 ESMF_NETCDF                 : enabled
20220718 024917.556 INFO             PET0 ESMF_PNETCDF                : disabled
20220718 024917.556 INFO             PET0 ESMF_PIO                    : enabled
20220718 024917.556 INFO             PET0 ESMF_YAMLCPP                : enabled
20220718 024917.561 INFO             PET0  NUMBER_OF_PROCESSORS           1
20220718 024917.561 INFO             PET0  PASS  Example ESMF_XGridSparseMatEx, ESMF_XGridSparseMatEx.F90, line 642
20220718 024917.561 INFO             PET0 Finalizing ESMF
