build time -- 2022-07-17 02:38:54.118744
20220717 031125.956 INFO             PET0 !!!!!!!!!!!!!!!!!!!!!!!!!!!!!!!!!!!!!!!!!!!!!!!!!!!!!!
20220717 031125.956 INFO             PET0 !!! THE ESMF_LOG IS SET TO OUTPUT ALL LOG MESSAGES !!!
20220717 031125.956 INFO             PET0 !!!     THIS MAY CAUSE SLOWDOWN IN PERFORMANCE     !!!
20220717 031125.956 INFO             PET0 !!! FOR PRODUCTION RUNS, USE:                      !!!
20220717 031125.956 INFO             PET0 !!!                   ESMF_LOGKIND_Multi_On_Error  !!!
20220717 031125.956 INFO             PET0 !!!!!!!!!!!!!!!!!!!!!!!!!!!!!!!!!!!!!!!!!!!!!!!!!!!!!!
20220717 031125.956 INFO             PET0 Running with ESMF Version   : v8.4.0b04-9-g4da4a8320a
20220717 031125.956 INFO             PET0 ESMF library build date/time: "Jul 17 2022" "02:35:45"
20220717 031125.956 INFO             PET0 ESMF library build location : /glade/scratch/dunlap/esmf-testing/gfortran_9.1.0_mpt_g_feature_named-alias
20220717 031125.956 INFO             PET0 ESMF_COMM                   : mpt
20220717 031125.956 INFO             PET0 ESMF_MOAB                   : enabled
20220717 031125.956 INFO             PET0 ESMF_LAPACK                 : enabled
20220717 031125.956 INFO             PET0 ESMF_NETCDF                 : enabled
20220717 031125.956 INFO             PET0 ESMF_PNETCDF                : disabled
20220717 031125.956 INFO             PET0 ESMF_PIO                    : enabled
20220717 031125.956 INFO             PET0 ESMF_YAMLCPP                : enabled
20220717 031126.053 DEBUG            PET0 about to destroy Grid: 0x1ad17c0
20220717 031126.065 DEBUG            PET0 about to destroy Grid: 0x1ad28f0
20220717 031126.098 INFO             PET0  NUMBER_OF_PROCESSORS           4
20220717 031126.098 INFO             PET0  PASS  Example ESMF_NUOPCAtmModelEx, ESMF_NUOPCAtmModelEx.F90, line 806
20220717 031126.098 INFO             PET0 Finalizing ESMF
20220717 031125.955 INFO             PET1 !!!!!!!!!!!!!!!!!!!!!!!!!!!!!!!!!!!!!!!!!!!!!!!!!!!!!!
20220717 031125.955 INFO             PET1 !!! THE ESMF_LOG IS SET TO OUTPUT ALL LOG MESSAGES !!!
20220717 031125.955 INFO             PET1 !!!     THIS MAY CAUSE SLOWDOWN IN PERFORMANCE     !!!
20220717 031125.955 INFO             PET1 !!! FOR PRODUCTION RUNS, USE:                      !!!
20220717 031125.955 INFO             PET1 !!!                   ESMF_LOGKIND_Multi_On_Error  !!!
20220717 031125.955 INFO             PET1 !!!!!!!!!!!!!!!!!!!!!!!!!!!!!!!!!!!!!!!!!!!!!!!!!!!!!!
20220717 031125.955 INFO             PET1 Running with ESMF Version   : v8.4.0b04-9-g4da4a8320a
20220717 031125.955 INFO             PET1 ESMF library build date/time: "Jul 17 2022" "02:35:45"
20220717 031125.955 INFO             PET1 ESMF library build location : /glade/scratch/dunlap/esmf-testing/gfortran_9.1.0_mpt_g_feature_named-alias
20220717 031125.955 INFO             PET1 ESMF_COMM                   : mpt
20220717 031125.955 INFO             PET1 ESMF_MOAB                   : enabled
20220717 031125.955 INFO             PET1 ESMF_LAPACK                 : enabled
20220717 031125.955 INFO             PET1 ESMF_NETCDF                 : enabled
20220717 031125.955 INFO             PET1 ESMF_PNETCDF                : disabled
20220717 031125.955 INFO             PET1 ESMF_PIO                    : enabled
20220717 031125.955 INFO             PET1 ESMF_YAMLCPP                : enabled
20220717 031126.053 DEBUG            PET1 about to destroy Grid: 0x1ad1620
20220717 031126.065 DEBUG            PET1 about to destroy Grid: 0x1ad2370
20220717 031126.098 INFO             PET1  NUMBER_OF_PROCESSORS           4
20220717 031126.098 INFO             PET1  PASS  Example ESMF_NUOPCAtmModelEx, ESMF_NUOPCAtmModelEx.F90, line 806
20220717 031126.098 INFO             PET1 Finalizing ESMF
20220717 031125.955 INFO             PET2 !!!!!!!!!!!!!!!!!!!!!!!!!!!!!!!!!!!!!!!!!!!!!!!!!!!!!!
20220717 031125.955 INFO             PET2 !!! THE ESMF_LOG IS SET TO OUTPUT ALL LOG MESSAGES !!!
20220717 031125.955 INFO             PET2 !!!     THIS MAY CAUSE SLOWDOWN IN PERFORMANCE     !!!
20220717 031125.955 INFO             PET2 !!! FOR PRODUCTION RUNS, USE:                      !!!
20220717 031125.955 INFO             PET2 !!!                   ESMF_LOGKIND_Multi_On_Error  !!!
20220717 031125.955 INFO             PET2 !!!!!!!!!!!!!!!!!!!!!!!!!!!!!!!!!!!!!!!!!!!!!!!!!!!!!!
20220717 031125.955 INFO             PET2 Running with ESMF Version   : v8.4.0b04-9-g4da4a8320a
20220717 031125.955 INFO             PET2 ESMF library build date/time: "Jul 17 2022" "02:35:45"
20220717 031125.955 INFO             PET2 ESMF library build location : /glade/scratch/dunlap/esmf-testing/gfortran_9.1.0_mpt_g_feature_named-alias
20220717 031125.955 INFO             PET2 ESMF_COMM                   : mpt
20220717 031125.955 INFO             PET2 ESMF_MOAB                   : enabled
20220717 031125.955 INFO             PET2 ESMF_LAPACK                 : enabled
20220717 031125.955 INFO             PET2 ESMF_NETCDF                 : enabled
20220717 031125.955 INFO             PET2 ESMF_PNETCDF                : disabled
20220717 031125.955 INFO             PET2 ESMF_PIO                    : enabled
20220717 031125.955 INFO             PET2 ESMF_YAMLCPP                : enabled
20220717 031126.053 DEBUG            PET2 about to destroy Grid: 0x1ad0d80
20220717 031126.065 DEBUG            PET2 about to destroy Grid: 0x1ad1ad0
20220717 031126.098 INFO             PET2  NUMBER_OF_PROCESSORS           4
20220717 031126.098 INFO             PET2  PASS  Example ESMF_NUOPCAtmModelEx, ESMF_NUOPCAtmModelEx.F90, line 806
20220717 031126.098 INFO             PET2 Finalizing ESMF
20220717 031125.955 INFO             PET3 !!!!!!!!!!!!!!!!!!!!!!!!!!!!!!!!!!!!!!!!!!!!!!!!!!!!!!
20220717 031125.955 INFO             PET3 !!! THE ESMF_LOG IS SET TO OUTPUT ALL LOG MESSAGES !!!
20220717 031125.955 INFO             PET3 !!!     THIS MAY CAUSE SLOWDOWN IN PERFORMANCE     !!!
20220717 031125.955 INFO             PET3 !!! FOR PRODUCTION RUNS, USE:                      !!!
20220717 031125.955 INFO             PET3 !!!                   ESMF_LOGKIND_Multi_On_Error  !!!
20220717 031125.955 INFO             PET3 !!!!!!!!!!!!!!!!!!!!!!!!!!!!!!!!!!!!!!!!!!!!!!!!!!!!!!
20220717 031125.955 INFO             PET3 Running with ESMF Version   : v8.4.0b04-9-g4da4a8320a
20220717 031125.955 INFO             PET3 ESMF library build date/time: "Jul 17 2022" "02:35:45"
20220717 031125.955 INFO             PET3 ESMF library build location : /glade/scratch/dunlap/esmf-testing/gfortran_9.1.0_mpt_g_feature_named-alias
20220717 031125.955 INFO             PET3 ESMF_COMM                   : mpt
20220717 031125.956 INFO             PET3 ESMF_MOAB                   : enabled
20220717 031125.956 INFO             PET3 ESMF_LAPACK                 : enabled
20220717 031125.956 INFO             PET3 ESMF_NETCDF                 : enabled
20220717 031125.956 INFO             PET3 ESMF_PNETCDF                : disabled
20220717 031125.956 INFO             PET3 ESMF_PIO                    : enabled
20220717 031125.956 INFO             PET3 ESMF_YAMLCPP                : enabled
20220717 031126.053 DEBUG            PET3 about to destroy Grid: 0x1ad0dc0
20220717 031126.065 DEBUG            PET3 about to destroy Grid: 0x1ad19b0
20220717 031126.098 INFO             PET3  NUMBER_OF_PROCESSORS           4
20220717 031126.098 INFO             PET3  PASS  Example ESMF_NUOPCAtmModelEx, ESMF_NUOPCAtmModelEx.F90, line 806
20220717 031126.098 INFO             PET3 Finalizing ESMF
