build time -- 2022-07-18 02:27:16.224304
20220718 030243.216 INFO             PET0 !!!!!!!!!!!!!!!!!!!!!!!!!!!!!!!!!!!!!!!!!!!!!!!!!!!!!!
20220718 030243.217 INFO             PET0 !!! THE ESMF_LOG IS SET TO OUTPUT ALL LOG MESSAGES !!!
20220718 030243.217 INFO             PET0 !!!     THIS MAY CAUSE SLOWDOWN IN PERFORMANCE     !!!
20220718 030243.217 INFO             PET0 !!! FOR PRODUCTION RUNS, USE:                      !!!
20220718 030243.217 INFO             PET0 !!!                   ESMF_LOGKIND_Multi_On_Error  !!!
20220718 030243.217 INFO             PET0 !!!!!!!!!!!!!!!!!!!!!!!!!!!!!!!!!!!!!!!!!!!!!!!!!!!!!!
20220718 030243.217 INFO             PET0 Running with ESMF Version   : v8.4.0b04-9-g4da4a8320a
20220718 030243.217 INFO             PET0 ESMF library build date/time: "Jul 18 2022" "02:25:03"
20220718 030243.217 INFO             PET0 ESMF library build location : /glade/scratch/dunlap/esmf-testing/gfortran_10.1.0_openmpi_O_feature_named-alias
20220718 030243.217 INFO             PET0 ESMF_COMM                   : openmpi
20220718 030243.217 INFO             PET0 ESMF_MOAB                   : enabled
20220718 030243.217 INFO             PET0 ESMF_LAPACK                 : enabled
20220718 030243.217 INFO             PET0 ESMF_NETCDF                 : enabled
20220718 030243.217 INFO             PET0 ESMF_PNETCDF                : disabled
20220718 030243.217 INFO             PET0 ESMF_PIO                    : enabled
20220718 030243.217 INFO             PET0 ESMF_YAMLCPP                : enabled
20220718 030243.257 DEBUG            PET0 about to destroy Grid: 0x95ee00
20220718 030243.260 DEBUG            PET0 about to destroy Grid: 0x9602b0
20220718 030243.272 INFO             PET0  NUMBER_OF_PROCESSORS           4
20220718 030243.272 INFO             PET0  PASS  Example ESMF_NUOPCAtmModelEx, ESMF_NUOPCAtmModelEx.F90, line 806
20220718 030243.272 INFO             PET0 Finalizing ESMF
20220718 030243.215 INFO             PET1 !!!!!!!!!!!!!!!!!!!!!!!!!!!!!!!!!!!!!!!!!!!!!!!!!!!!!!
20220718 030243.215 INFO             PET1 !!! THE ESMF_LOG IS SET TO OUTPUT ALL LOG MESSAGES !!!
20220718 030243.215 INFO             PET1 !!!     THIS MAY CAUSE SLOWDOWN IN PERFORMANCE     !!!
20220718 030243.215 INFO             PET1 !!! FOR PRODUCTION RUNS, USE:                      !!!
20220718 030243.215 INFO             PET1 !!!                   ESMF_LOGKIND_Multi_On_Error  !!!
20220718 030243.215 INFO             PET1 !!!!!!!!!!!!!!!!!!!!!!!!!!!!!!!!!!!!!!!!!!!!!!!!!!!!!!
20220718 030243.215 INFO             PET1 Running with ESMF Version   : v8.4.0b04-9-g4da4a8320a
20220718 030243.215 INFO             PET1 ESMF library build date/time: "Jul 18 2022" "02:25:03"
20220718 030243.215 INFO             PET1 ESMF library build location : /glade/scratch/dunlap/esmf-testing/gfortran_10.1.0_openmpi_O_feature_named-alias
20220718 030243.215 INFO             PET1 ESMF_COMM                   : openmpi
20220718 030243.215 INFO             PET1 ESMF_MOAB                   : enabled
20220718 030243.215 INFO             PET1 ESMF_LAPACK                 : enabled
20220718 030243.215 INFO             PET1 ESMF_NETCDF                 : enabled
20220718 030243.215 INFO             PET1 ESMF_PNETCDF                : disabled
20220718 030243.215 INFO             PET1 ESMF_PIO                    : enabled
20220718 030243.215 INFO             PET1 ESMF_YAMLCPP                : enabled
20220718 030243.257 DEBUG            PET1 about to destroy Grid: 0x14dd700
20220718 030243.260 DEBUG            PET1 about to destroy Grid: 0x14dead0
20220718 030243.272 INFO             PET1  NUMBER_OF_PROCESSORS           4
20220718 030243.272 INFO             PET1  PASS  Example ESMF_NUOPCAtmModelEx, ESMF_NUOPCAtmModelEx.F90, line 806
20220718 030243.272 INFO             PET1 Finalizing ESMF
20220718 030243.217 INFO             PET2 !!!!!!!!!!!!!!!!!!!!!!!!!!!!!!!!!!!!!!!!!!!!!!!!!!!!!!
20220718 030243.217 INFO             PET2 !!! THE ESMF_LOG IS SET TO OUTPUT ALL LOG MESSAGES !!!
20220718 030243.217 INFO             PET2 !!!     THIS MAY CAUSE SLOWDOWN IN PERFORMANCE     !!!
20220718 030243.217 INFO             PET2 !!! FOR PRODUCTION RUNS, USE:                      !!!
20220718 030243.217 INFO             PET2 !!!                   ESMF_LOGKIND_Multi_On_Error  !!!
20220718 030243.217 INFO             PET2 !!!!!!!!!!!!!!!!!!!!!!!!!!!!!!!!!!!!!!!!!!!!!!!!!!!!!!
20220718 030243.217 INFO             PET2 Running with ESMF Version   : v8.4.0b04-9-g4da4a8320a
20220718 030243.217 INFO             PET2 ESMF library build date/time: "Jul 18 2022" "02:25:03"
20220718 030243.217 INFO             PET2 ESMF library build location : /glade/scratch/dunlap/esmf-testing/gfortran_10.1.0_openmpi_O_feature_named-alias
20220718 030243.217 INFO             PET2 ESMF_COMM                   : openmpi
20220718 030243.217 INFO             PET2 ESMF_MOAB                   : enabled
20220718 030243.217 INFO             PET2 ESMF_LAPACK                 : enabled
20220718 030243.217 INFO             PET2 ESMF_NETCDF                 : enabled
20220718 030243.217 INFO             PET2 ESMF_PNETCDF                : disabled
20220718 030243.217 INFO             PET2 ESMF_PIO                    : enabled
20220718 030243.217 INFO             PET2 ESMF_YAMLCPP                : enabled
20220718 030243.257 DEBUG            PET2 about to destroy Grid: 0xe69f80
20220718 030243.260 DEBUG            PET2 about to destroy Grid: 0xe6a700
20220718 030243.272 INFO             PET2  NUMBER_OF_PROCESSORS           4
20220718 030243.272 INFO             PET2  PASS  Example ESMF_NUOPCAtmModelEx, ESMF_NUOPCAtmModelEx.F90, line 806
20220718 030243.272 INFO             PET2 Finalizing ESMF
20220718 030243.215 INFO             PET3 !!!!!!!!!!!!!!!!!!!!!!!!!!!!!!!!!!!!!!!!!!!!!!!!!!!!!!
20220718 030243.215 INFO             PET3 !!! THE ESMF_LOG IS SET TO OUTPUT ALL LOG MESSAGES !!!
20220718 030243.215 INFO             PET3 !!!     THIS MAY CAUSE SLOWDOWN IN PERFORMANCE     !!!
20220718 030243.215 INFO             PET3 !!! FOR PRODUCTION RUNS, USE:                      !!!
20220718 030243.215 INFO             PET3 !!!                   ESMF_LOGKIND_Multi_On_Error  !!!
20220718 030243.215 INFO             PET3 !!!!!!!!!!!!!!!!!!!!!!!!!!!!!!!!!!!!!!!!!!!!!!!!!!!!!!
20220718 030243.215 INFO             PET3 Running with ESMF Version   : v8.4.0b04-9-g4da4a8320a
20220718 030243.215 INFO             PET3 ESMF library build date/time: "Jul 18 2022" "02:25:03"
20220718 030243.215 INFO             PET3 ESMF library build location : /glade/scratch/dunlap/esmf-testing/gfortran_10.1.0_openmpi_O_feature_named-alias
20220718 030243.215 INFO             PET3 ESMF_COMM                   : openmpi
20220718 030243.215 INFO             PET3 ESMF_MOAB                   : enabled
20220718 030243.215 INFO             PET3 ESMF_LAPACK                 : enabled
20220718 030243.215 INFO             PET3 ESMF_NETCDF                 : enabled
20220718 030243.215 INFO             PET3 ESMF_PNETCDF                : disabled
20220718 030243.215 INFO             PET3 ESMF_PIO                    : enabled
20220718 030243.215 INFO             PET3 ESMF_YAMLCPP                : enabled
20220718 030243.257 DEBUG            PET3 about to destroy Grid: 0x28cd420
20220718 030243.260 DEBUG            PET3 about to destroy Grid: 0x28ce6d0
20220718 030243.272 INFO             PET3  NUMBER_OF_PROCESSORS           4
20220718 030243.272 INFO             PET3  PASS  Example ESMF_NUOPCAtmModelEx, ESMF_NUOPCAtmModelEx.F90, line 806
20220718 030243.272 INFO             PET3 Finalizing ESMF
