build time -- 2022-07-16 02:24:42.515858
 NUOPC DRIVER + ATM Model example run
 NUOPC DRIVER + ATM Model example run
 NUOPC DRIVER + ATM Model example run
 NUOPC DRIVER + ATM Model example run
[r13i1n13:61455:0:61455] Caught signal 11 (Segmentation fault: Sent by the kernel at address (nil))
[r13i1n13:61456:0:61456] Caught signal 11 (Segmentation fault: Sent by the kernel at address (nil))
==== backtrace (tid:  61455) ====
 0  /glade/u/apps/ch/opt/ucx/1.9.0/lib/libucs.so.0(ucs_handle_error+0xe4) [0x2b75bb31a574]
 1  /glade/u/apps/ch/opt/ucx/1.9.0/lib/libucs.so.0(+0x2589c) [0x2b75bb31a89c]
 2  /glade/u/apps/ch/opt/ucx/1.9.0/lib/libucs.so.0(+0x25b0b) [0x2b75bb31ab0b]
 3  /glade/u/apps/ch/os/lib64/libpthread.so.0(+0x11c00) [0x2b75af217c00]
 4  /glade/scratch/dunlap/esmf-testing/gfortran_10.1.0_openmpi_O_feature_named-alias/lib/libO/Linux.gfortran.64.openmpi.default/libesmf.so(+0x10974b0) [0x2b75abfbd4b0]
 5  /glade/scratch/dunlap/esmf-testing/gfortran_10.1.0_openmpi_O_feature_named-alias/lib/libO/Linux.gfortran.64.openmpi.default/libesmf.so(+0x1099b7a) [0x2b75abfbfb7a]
 6  /glade/scratch/dunlap/esmf-testing/gfortran_10.1.0_openmpi_O_feature_named-alias/lib/libO/Linux.gfortran.64.openmpi.default/libesmf.so(_ZN5ESMCI6FTable12callVFuncPtrEPKcPNS_2VMEPi+0x9aa) [0x2b75ab4fa8de]
 7  /glade/scratch/dunlap/esmf-testing/gfortran_10.1.0_openmpi_O_feature_named-alias/lib/libO/Linux.gfortran.64.openmpi.default/libesmf.so(ESMCI_FTableCallEntryPointVMHop+0x24e) [0x2b75ab4fac52]
 8  /glade/scratch/dunlap/esmf-testing/gfortran_10.1.0_openmpi_O_feature_named-alias/lib/libO/Linux.gfortran.64.openmpi.default/libesmf.so(_ZN5ESMCI3VMK5enterEPNS_7VMKPlanEPvS3_+0xac) [0x2b75ab7acbd8]
 9  /glade/scratch/dunlap/esmf-testing/gfortran_10.1.0_openmpi_O_feature_named-alias/lib/libO/Linux.gfortran.64.openmpi.default/libesmf.so(_ZN5ESMCI2VM5enterEPNS_6VMPlanEPvS3_+0x61) [0x2b75ab7be281]
10  /glade/scratch/dunlap/esmf-testing/gfortran_10.1.0_openmpi_O_feature_named-alias/lib/libO/Linux.gfortran.64.openmpi.default/libesmf.so(c_esmc_ftablecallentrypointvm_+0x249) [0x2b75ab4f8c1b]
11  /glade/scratch/dunlap/esmf-testing/gfortran_10.1.0_openmpi_O_feature_named-alias/lib/libO/Linux.gfortran.64.openmpi.default/libesmf.so(__esmf_compmod_MOD_esmf_compexecute+0x40d) [0x2b75ab9c0287]
12  /glade/scratch/dunlap/esmf-testing/gfortran_10.1.0_openmpi_O_feature_named-alias/lib/libO/Linux.gfortran.64.openmpi.default/libesmf.so(__esmf_cplcompmod_MOD_esmf_cplcomprun+0xec) [0x2b75ab9cba1d]
13  /glade/scratch/dunlap/esmf-testing/gfortran_10.1.0_openmpi_O_feature_named-alias/lib/libO/Linux.gfortran.64.openmpi.default/libesmf.so(+0x10f0a89) [0x2b75ac016a89]
14  /glade/scratch/dunlap/esmf-testing/gfortran_10.1.0_openmpi_O_feature_named-alias/lib/libO/Linux.gfortran.64.openmpi.default/libesmf.so(__nuopc_driver_MOD_routine_run+0xba6) [0x2b75ac017d1a]
15  /glade/scratch/dunlap/esmf-testing/gfortran_10.1.0_openmpi_O_feature_named-alias/lib/libO/Linux.gfortran.64.openmpi.default/libesmf.so(_ZN5ESMCI6FTable12callVFuncPtrEPKcPNS_2VMEPi+0x9aa) [0x2b75ab4fa8de]
16  /glade/scratch/dunlap/esmf-testing/gfortran_10.1.0_openmpi_O_feature_named-alias/lib/libO/Linux.gfortran.64.openmpi.default/libesmf.so(ESMCI_FTableCallEntryPointVMHop+0x24e) [0x2b75ab4fac52]
17  /glade/scratch/dunlap/esmf-testing/gfortran_10.1.0_openmpi_O_feature_named-alias/lib/libO/Linux.gfortran.64.openmpi.default/libesmf.so(_ZN5ESMCI3VMK5enterEPNS_7VMKPlanEPvS3_+0xac) [0x2b75ab7acbd8]
18  /glade/scratch/dunlap/esmf-testing/gfortran_10.1.0_openmpi_O_feature_named-alias/lib/libO/Linux.gfortran.64.openmpi.default/libesmf.so(_ZN5ESMCI2VM5enterEPNS_6VMPlanEPvS3_+0x61) [0x2b75ab7be281]
19  /glade/scratch/dunlap/esmf-testing/gfortran_10.1.0_openmpi_O_feature_named-alias/lib/libO/Linux.gfortran.64.openmpi.default/libesmf.so(c_esmc_ftablecallentrypointvm_+0x249) [0x2b75ab4f8c1b]
20  /glade/scratch/dunlap/esmf-testing/gfortran_10.1.0_openmpi_O_feature_named-alias/lib/libO/Linux.gfortran.64.openmpi.default/libesmf.so(__esmf_compmod_MOD_esmf_compexecute+0x40d) [0x2b75ab9c0287]
21  /glade/scratch/dunlap/esmf-testing/gfortran_10.1.0_openmpi_O_feature_named-alias/lib/libO/Linux.gfortran.64.openmpi.default/libesmf.so(__esmf_gridcompmod_MOD_esmf_gridcomprun+0xec) [0x2b75abc047e5]
22  ./ESMF_NUOPCAtmModelEx() [0x406f4a]
23  ./ESMF_NUOPCAtmModelEx() [0x4074f5]
24  /glade/u/apps/ch/os/lib64/libc.so.6(__libc_start_main+0xf5) [0x2b75af446a35]
25  ./ESMF_NUOPCAtmModelEx() [0x4052f9]
=================================
==== backtrace (tid:  61456) ====
 0  /glade/u/apps/ch/opt/ucx/1.9.0/lib/libucs.so.0(ucs_handle_error+0xe4) [0x2b94558f7574]
 1  /glade/u/apps/ch/opt/ucx/1.9.0/lib/libucs.so.0(+0x2589c) [0x2b94558f789c]
 2  /glade/u/apps/ch/opt/ucx/1.9.0/lib/libucs.so.0(+0x25b0b) [0x2b94558f7b0b]
 3  /glade/u/apps/ch/os/lib64/libpthread.so.0(+0x11c00) [0x2b9445889c00]
 4  /glade/scratch/dunlap/esmf-testing/gfortran_10.1.0_openmpi_O_feature_named-alias/lib/libO/Linux.gfortran.64.openmpi.default/libesmf.so(__esmf_rhandlemod_MOD_esmf_routehandlegetinit+0x5) [0x2b9442459350]
 5  /glade/scratch/dunlap/esmf-testing/gfortran_10.1.0_openmpi_O_feature_named-alias/lib/libO/Linux.gfortran.64.openmpi.default/libesmf.so(__esmf_rhandlemod_MOD_esmf_routehandleiscreated+0x14) [0x2b9442459a7d]
 6  /glade/scratch/dunlap/esmf-testing/gfortran_10.1.0_openmpi_O_feature_named-alias/lib/libO/Linux.gfortran.64.openmpi.default/libesmf.so(+0x1099922) [0x2b9442631922]
 7  /glade/scratch/dunlap/esmf-testing/gfortran_10.1.0_openmpi_O_feature_named-alias/lib/libO/Linux.gfortran.64.openmpi.default/libesmf.so(_ZN5ESMCI6FTable12callVFuncPtrEPKcPNS_2VMEPi+0x9aa) [0x2b9441b6c8de]
 8  /glade/scratch/dunlap/esmf-testing/gfortran_10.1.0_openmpi_O_feature_named-alias/lib/libO/Linux.gfortran.64.openmpi.default/libesmf.so(ESMCI_FTableCallEntryPointVMHop+0x24e) [0x2b9441b6cc52]
 9  /glade/scratch/dunlap/esmf-testing/gfortran_10.1.0_openmpi_O_feature_named-alias/lib/libO/Linux.gfortran.64.openmpi.default/libesmf.so(_ZN5ESMCI3VMK5enterEPNS_7VMKPlanEPvS3_+0xac) [0x2b9441e1ebd8]
10  /glade/scratch/dunlap/esmf-testing/gfortran_10.1.0_openmpi_O_feature_named-alias/lib/libO/Linux.gfortran.64.openmpi.default/libesmf.so(_ZN5ESMCI2VM5enterEPNS_6VMPlanEPvS3_+0x61) [0x2b9441e30281]
11  /glade/scratch/dunlap/esmf-testing/gfortran_10.1.0_openmpi_O_feature_named-alias/lib/libO/Linux.gfortran.64.openmpi.default/libesmf.so(c_esmc_ftablecallentrypointvm_+0x249) [0x2b9441b6ac1b]
12  /glade/scratch/dunlap/esmf-testing/gfortran_10.1.0_openmpi_O_feature_named-alias/lib/libO/Linux.gfortran.64.openmpi.default/libesmf.so(__esmf_compmod_MOD_esmf_compexecute+0x40d) [0x2b9442032287]
13  /glade/scratch/dunlap/esmf-testing/gfortran_10.1.0_openmpi_O_feature_named-alias/lib/libO/Linux.gfortran.64.openmpi.default/libesmf.so(__esmf_cplcompmod_MOD_esmf_cplcomprun+0xec) [0x2b944203da1d]
14  /glade/scratch/dunlap/esmf-testing/gfortran_10.1.0_openmpi_O_feature_named-alias/lib/libO/Linux.gfortran.64.openmpi.default/libesmf.so(+0x10f0a89) [0x2b9442688a89]
15  /glade/scratch/dunlap/esmf-testing/gfortran_10.1.0_openmpi_O_feature_named-alias/lib/libO/Linux.gfortran.64.openmpi.default/libesmf.so(__nuopc_driver_MOD_routine_run+0xba6) [0x2b9442689d1a]
16  /glade/scratch/dunlap/esmf-testing/gfortran_10.1.0_openmpi_O_feature_named-alias/lib/libO/Linux.gfortran.64.openmpi.default/libesmf.so(_ZN5ESMCI6FTable12callVFuncPtrEPKcPNS_2VMEPi+0x9aa) [0x2b9441b6c8de]
17  /glade/scratch/dunlap/esmf-testing/gfortran_10.1.0_openmpi_O_feature_named-alias/lib/libO/Linux.gfortran.64.openmpi.default/libesmf.so(ESMCI_FTableCallEntryPointVMHop+0x24e) [0x2b9441b6cc52]
18  /glade/scratch/dunlap/esmf-testing/gfortran_10.1.0_openmpi_O_feature_named-alias/lib/libO/Linux.gfortran.64.openmpi.default/libesmf.so(_ZN5ESMCI3VMK5enterEPNS_7VMKPlanEPvS3_+0xac) [0x2b9441e1ebd8]
19  /glade/scratch/dunlap/esmf-testing/gfortran_10.1.0_openmpi_O_feature_named-alias/lib/libO/Linux.gfortran.64.openmpi.default/libesmf.so(_ZN5ESMCI2VM5enterEPNS_6VMPlanEPvS3_+0x61) [0x2b9441e30281]
20  /glade/scratch/dunlap/esmf-testing/gfortran_10.1.0_openmpi_O_feature_named-alias/lib/libO/Linux.gfortran.64.openmpi.default/libesmf.so(c_esmc_ftablecallentrypointvm_+0x249) [0x2b9441b6ac1b]
21  /glade/scratch/dunlap/esmf-testing/gfortran_10.1.0_openmpi_O_feature_named-alias/lib/libO/Linux.gfortran.64.openmpi.default/libesmf.so(__esmf_compmod_MOD_esmf_compexecute+0x40d) [0x2b9442032287]
22  /glade/scratch/dunlap/esmf-testing/gfortran_10.1.0_openmpi_O_feature_named-alias/lib/libO/Linux.gfortran.64.openmpi.default/libesmf.so(__esmf_gridcompmod_MOD_esmf_gridcomprun+0xec) [0x2b94422767e5]
2
Program received signal SIGSEGV: Segmentation fault - invalid memory reference.

Backtrace for this error:
3  ./ESMF_NUOPCAtmModelEx() [0x406f4a]
24  ./ESMF_NUOPCAtmModelEx() [0x4074f5]
25  /glade/u/apps/ch/os/lib64/libc.so.6(__libc_start_main+0xf5) [0x2b9445ab8a35]
26  ./ESMF_NUOPCAtmModelEx() [0x4052f9]
=================================

Program received signal SIGSEGV: Segmentation fault - invalid memory reference.

Backtrace for this error:
#0  0x2b75af217bff in ???
#1  0x2b75abfbd4b0 in ???
#2  0x2b75abfbfb79 in ???
#0  0x2b9445889bff in ???
#1  0x2b9442459350 in ???
#2  0x2b9442459a7c in ???
#3  0x2b9442631921 in ???
#4  0x2b9441b6c8dd in ???
#5  0x2b9441b6cc51 in ???
#3  0x2b75ab4fa8dd in ???
#4  0x2b75ab4fac51 in ???
#5  0x2b75ab7acbd7 in ???
#6  0x2b9441e1ebd7 in ???
#7  0x2b9441e30280 in ???
#8  0x2b9441b6ac1a in ???
#6  0x2b75ab7be280 in ???
#7  0x2b75ab4f8c1a in ???
#8  0x2b75ab9c0286 in ???
#9  0x2b75ab9cba1c in ???
#10  0x2b75ac016a88 in ???
#11  0x2b75ac017d19 in ???
#12  0x2b75ab4fa8dd in ???
#13  0x2b75ab4fac51 in ???
#14  0x2b75ab7acbd7 in ???
#9  0x2b9442032286 in ???
#10  0x2b944203da1c in ???
#11  0x2b9442688a88 in ???
#12  0x2b9442689d19 in ???
#13  0x2b9441b6c8dd in ???
#14  0x2b9441b6cc51 in ???
#15  0x2b9441e1ebd7 in ???
#16  0x2b9441e30280 in ???
#17  0x2b9441b6ac1a in ???
#18  0x2b9442032286 in ???
#19  0x2b94422767e4 in ???
#20  0x406f49 in ???
#21  0x4074f4 in ???
#15  0x2b75ab7be280 in ???
#22  0x2b9445ab8a34 in ???
#23  0x4052f8 in ???
#16  0x2b75ab4f8c1a in ???
#17  0x2b75ab9c0286 in ???
#18  0x2b75abc047e4 in ???
#19  0x406f49 in ???
#20  0x4074f4 in ???
	at ../sysdeps/x86_64/start.S:118
#24  0xffffffffffffffff in ???
#21  0x2b75af446a34 in ???
#22  0x4052f8 in ???
	at ../sysdeps/x86_64/start.S:118
#23  0xffffffffffffffff in ???
--------------------------------------------------------------------------
Primary job  terminated normally, but 1 process returned
a non-zero exit code. Per user-direction, the job has been aborted.
--------------------------------------------------------------------------
--------------------------------------------------------------------------
mpirun noticed that process rank 2 with PID 0 on node r13i1n13 exited on signal 11 (Segmentation fault).
--------------------------------------------------------------------------
