build time -- 2022-07-16 00:35:29
20220716 022030.714 INFO             PET0 !!!!!!!!!!!!!!!!!!!!!!!!!!!!!!!!!!!!!!!!!!!!!!!!!!!!!!
20220716 022030.714 INFO             PET0 !!! THE ESMF_LOG IS SET TO OUTPUT ALL LOG MESSAGES !!!
20220716 022030.714 INFO             PET0 !!!     THIS MAY CAUSE SLOWDOWN IN PERFORMANCE     !!!
20220716 022030.714 INFO             PET0 !!! FOR PRODUCTION RUNS, USE:                      !!!
20220716 022030.714 INFO             PET0 !!!                   ESMF_LOGKIND_Multi_On_Error  !!!
20220716 022030.714 INFO             PET0 !!!!!!!!!!!!!!!!!!!!!!!!!!!!!!!!!!!!!!!!!!!!!!!!!!!!!!
20220716 022030.714 INFO             PET0 Running with ESMF Version   : v8.4.0b04-8-g9865973e1f
20220716 022030.714 INFO             PET0 ESMF library build date/time: "Jul 16 2022" "00:33:59"
20220716 022030.714 INFO             PET0 ESMF library build location : /lustre/f2/dev/ncep/Mark.Potts/gfortran_8.3.0_mpi_O_feature_named-alias
20220716 022030.714 INFO             PET0 ESMF_COMM                   : mpi
20220716 022030.715 INFO             PET0 ESMF_MOAB                   : enabled
20220716 022030.715 INFO             PET0 ESMF_LAPACK                 : enabled
20220716 022030.715 INFO             PET0 ESMF_NETCDF                 : enabled
20220716 022030.715 INFO             PET0 ESMF_PNETCDF                : disabled
20220716 022030.715 INFO             PET0 ESMF_PIO                    : enabled
20220716 022030.715 INFO             PET0 ESMF_YAMLCPP                : enabled
20220716 022030.760 INFO             PET0  NUMBER_OF_PROCESSORS           1
20220716 022030.760 INFO             PET0  PASS  Example ESMF_XGridSparseMatEx, ESMF_XGridSparseMatEx.F90, line 642
20220716 022030.760 INFO             PET0 Finalizing ESMF
