build time -- 2022-07-18 00:38:05
20220718 014810.247 INFO             PET0 !!!!!!!!!!!!!!!!!!!!!!!!!!!!!!!!!!!!!!!!!!!!!!!!!!!!!!
20220718 014810.248 INFO             PET0 !!! THE ESMF_LOG IS SET TO OUTPUT ALL LOG MESSAGES !!!
20220718 014810.248 INFO             PET0 !!!     THIS MAY CAUSE SLOWDOWN IN PERFORMANCE     !!!
20220718 014810.248 INFO             PET0 !!! FOR PRODUCTION RUNS, USE:                      !!!
20220718 014810.248 INFO             PET0 !!!                   ESMF_LOGKIND_Multi_On_Error  !!!
20220718 014810.248 INFO             PET0 !!!!!!!!!!!!!!!!!!!!!!!!!!!!!!!!!!!!!!!!!!!!!!!!!!!!!!
20220718 014810.248 INFO             PET0 Running with ESMF Version   : v8.4.0b04-9-g4da4a8320a
20220718 014810.249 INFO             PET0 ESMF library build date/time: "Jul 18 2022" "00:36:29"
20220718 014810.249 INFO             PET0 ESMF library build location : /lustre/f2/dev/ncep/Mark.Potts/gfortran_8.3.0_mpi_O_feature_named-alias
20220718 014810.249 INFO             PET0 ESMF_COMM                   : mpi
20220718 014810.250 INFO             PET0 ESMF_MOAB                   : enabled
20220718 014810.250 INFO             PET0 ESMF_LAPACK                 : enabled
20220718 014810.250 INFO             PET0 ESMF_NETCDF                 : enabled
20220718 014810.250 INFO             PET0 ESMF_PNETCDF                : disabled
20220718 014810.250 INFO             PET0 ESMF_PIO                    : enabled
20220718 014810.250 INFO             PET0 ESMF_YAMLCPP                : enabled
20220718 014810.546 DEBUG            PET0 about to destroy Grid: 0x26bea90
20220718 014810.549 DEBUG            PET0 about to destroy Grid: 0x26c0820
20220718 014810.578 INFO             PET0  NUMBER_OF_PROCESSORS           4
20220718 014810.578 INFO             PET0  PASS  Example ESMF_NUOPCAtmModelEx, ESMF_NUOPCAtmModelEx.F90, line 806
20220718 014810.578 INFO             PET0 Finalizing ESMF
20220718 014810.259 INFO             PET1 !!!!!!!!!!!!!!!!!!!!!!!!!!!!!!!!!!!!!!!!!!!!!!!!!!!!!!
20220718 014810.259 INFO             PET1 !!! THE ESMF_LOG IS SET TO OUTPUT ALL LOG MESSAGES !!!
20220718 014810.259 INFO             PET1 !!!     THIS MAY CAUSE SLOWDOWN IN PERFORMANCE     !!!
20220718 014810.259 INFO             PET1 !!! FOR PRODUCTION RUNS, USE:                      !!!
20220718 014810.259 INFO             PET1 !!!                   ESMF_LOGKIND_Multi_On_Error  !!!
20220718 014810.259 INFO             PET1 !!!!!!!!!!!!!!!!!!!!!!!!!!!!!!!!!!!!!!!!!!!!!!!!!!!!!!
20220718 014810.259 INFO             PET1 Running with ESMF Version   : v8.4.0b04-9-g4da4a8320a
20220718 014810.259 INFO             PET1 ESMF library build date/time: "Jul 18 2022" "00:36:29"
20220718 014810.259 INFO             PET1 ESMF library build location : /lustre/f2/dev/ncep/Mark.Potts/gfortran_8.3.0_mpi_O_feature_named-alias
20220718 014810.259 INFO             PET1 ESMF_COMM                   : mpi
20220718 014810.260 INFO             PET1 ESMF_MOAB                   : enabled
20220718 014810.260 INFO             PET1 ESMF_LAPACK                 : enabled
20220718 014810.260 INFO             PET1 ESMF_NETCDF                 : enabled
20220718 014810.260 INFO             PET1 ESMF_PNETCDF                : disabled
20220718 014810.260 INFO             PET1 ESMF_PIO                    : enabled
20220718 014810.260 INFO             PET1 ESMF_YAMLCPP                : enabled
20220718 014810.546 DEBUG            PET1 about to destroy Grid: 0x26bc490
20220718 014810.549 DEBUG            PET1 about to destroy Grid: 0x26bdd40
20220718 014810.578 INFO             PET1  NUMBER_OF_PROCESSORS           4
20220718 014810.578 INFO             PET1  PASS  Example ESMF_NUOPCAtmModelEx, ESMF_NUOPCAtmModelEx.F90, line 806
20220718 014810.578 INFO             PET1 Finalizing ESMF
20220718 014810.303 INFO             PET2 !!!!!!!!!!!!!!!!!!!!!!!!!!!!!!!!!!!!!!!!!!!!!!!!!!!!!!
20220718 014810.303 INFO             PET2 !!! THE ESMF_LOG IS SET TO OUTPUT ALL LOG MESSAGES !!!
20220718 014810.303 INFO             PET2 !!!     THIS MAY CAUSE SLOWDOWN IN PERFORMANCE     !!!
20220718 014810.303 INFO             PET2 !!! FOR PRODUCTION RUNS, USE:                      !!!
20220718 014810.303 INFO             PET2 !!!                   ESMF_LOGKIND_Multi_On_Error  !!!
20220718 014810.303 INFO             PET2 !!!!!!!!!!!!!!!!!!!!!!!!!!!!!!!!!!!!!!!!!!!!!!!!!!!!!!
20220718 014810.303 INFO             PET2 Running with ESMF Version   : v8.4.0b04-9-g4da4a8320a
20220718 014810.303 INFO             PET2 ESMF library build date/time: "Jul 18 2022" "00:36:29"
20220718 014810.303 INFO             PET2 ESMF library build location : /lustre/f2/dev/ncep/Mark.Potts/gfortran_8.3.0_mpi_O_feature_named-alias
20220718 014810.303 INFO             PET2 ESMF_COMM                   : mpi
20220718 014810.304 INFO             PET2 ESMF_MOAB                   : enabled
20220718 014810.304 INFO             PET2 ESMF_LAPACK                 : enabled
20220718 014810.304 INFO             PET2 ESMF_NETCDF                 : enabled
20220718 014810.304 INFO             PET2 ESMF_PNETCDF                : disabled
20220718 014810.304 INFO             PET2 ESMF_PIO                    : enabled
20220718 014810.304 INFO             PET2 ESMF_YAMLCPP                : enabled
20220718 014810.546 DEBUG            PET2 about to destroy Grid: 0x26bbac0
20220718 014810.549 DEBUG            PET2 about to destroy Grid: 0x26bd4a0
20220718 014810.578 INFO             PET2  NUMBER_OF_PROCESSORS           4
20220718 014810.578 INFO             PET2  PASS  Example ESMF_NUOPCAtmModelEx, ESMF_NUOPCAtmModelEx.F90, line 806
20220718 014810.578 INFO             PET2 Finalizing ESMF
20220718 014810.247 INFO             PET3 !!!!!!!!!!!!!!!!!!!!!!!!!!!!!!!!!!!!!!!!!!!!!!!!!!!!!!
20220718 014810.248 INFO             PET3 !!! THE ESMF_LOG IS SET TO OUTPUT ALL LOG MESSAGES !!!
20220718 014810.248 INFO             PET3 !!!     THIS MAY CAUSE SLOWDOWN IN PERFORMANCE     !!!
20220718 014810.248 INFO             PET3 !!! FOR PRODUCTION RUNS, USE:                      !!!
20220718 014810.248 INFO             PET3 !!!                   ESMF_LOGKIND_Multi_On_Error  !!!
20220718 014810.248 INFO             PET3 !!!!!!!!!!!!!!!!!!!!!!!!!!!!!!!!!!!!!!!!!!!!!!!!!!!!!!
20220718 014810.248 INFO             PET3 Running with ESMF Version   : v8.4.0b04-9-g4da4a8320a
20220718 014810.249 INFO             PET3 ESMF library build date/time: "Jul 18 2022" "00:36:29"
20220718 014810.249 INFO             PET3 ESMF library build location : /lustre/f2/dev/ncep/Mark.Potts/gfortran_8.3.0_mpi_O_feature_named-alias
20220718 014810.249 INFO             PET3 ESMF_COMM                   : mpi
20220718 014810.250 INFO             PET3 ESMF_MOAB                   : enabled
20220718 014810.250 INFO             PET3 ESMF_LAPACK                 : enabled
20220718 014810.250 INFO             PET3 ESMF_NETCDF                 : enabled
20220718 014810.250 INFO             PET3 ESMF_PNETCDF                : disabled
20220718 014810.250 INFO             PET3 ESMF_PIO                    : enabled
20220718 014810.250 INFO             PET3 ESMF_YAMLCPP                : enabled
20220718 014810.546 DEBUG            PET3 about to destroy Grid: 0x26bbc10
20220718 014810.549 DEBUG            PET3 about to destroy Grid: 0x26bd5f0
20220718 014810.578 INFO             PET3  NUMBER_OF_PROCESSORS           4
20220718 014810.578 INFO             PET3  PASS  Example ESMF_NUOPCAtmModelEx, ESMF_NUOPCAtmModelEx.F90, line 806
20220718 014810.578 INFO             PET3 Finalizing ESMF
