build time -- 2022-07-07 02:18:12.286402
20220707 024729.238 INFO             PET0 !!!!!!!!!!!!!!!!!!!!!!!!!!!!!!!!!!!!!!!!!!!!!!!!!!!!!!
20220707 024729.238 INFO             PET0 !!! THE ESMF_LOG IS SET TO OUTPUT ALL LOG MESSAGES !!!
20220707 024729.238 INFO             PET0 !!!     THIS MAY CAUSE SLOWDOWN IN PERFORMANCE     !!!
20220707 024729.238 INFO             PET0 !!! FOR PRODUCTION RUNS, USE:                      !!!
20220707 024729.238 INFO             PET0 !!!                   ESMF_LOGKIND_Multi_On_Error  !!!
20220707 024729.238 INFO             PET0 !!!!!!!!!!!!!!!!!!!!!!!!!!!!!!!!!!!!!!!!!!!!!!!!!!!!!!
20220707 024729.238 INFO             PET0 Running with ESMF Version   : v8.4.0b03-3-g14a79d558f
20220707 024729.238 INFO             PET0 ESMF library build date/time: "Jul  7 2022" "02:16:07"
20220707 024729.238 INFO             PET0 ESMF library build location : /glade/scratch/dunlap/esmf-testing/gfortran_7.4.0_openmpi_O_develop
20220707 024729.238 INFO             PET0 ESMF_COMM                   : openmpi
20220707 024729.238 INFO             PET0 ESMF_MOAB                   : enabled
20220707 024729.238 INFO             PET0 ESMF_LAPACK                 : enabled
20220707 024729.238 INFO             PET0 ESMF_NETCDF                 : enabled
20220707 024729.238 INFO             PET0 ESMF_PNETCDF                : disabled
20220707 024729.238 INFO             PET0 ESMF_PIO                    : enabled
20220707 024729.238 INFO             PET0 ESMF_YAMLCPP                : enabled
20220707 024729.239 INFO             PET0  NUMBER_OF_PROCESSORS           1
20220707 024729.239 INFO             PET0  PASS  Example ESMF_AlarmEx, ESMF_AlarmEx.F90, line 244
20220707 024729.239 INFO             PET0 Finalizing ESMF
