build time -- 2022-07-08 02:19:10.241433
20220708 025111.611 INFO             PET0 !!!!!!!!!!!!!!!!!!!!!!!!!!!!!!!!!!!!!!!!!!!!!!!!!!!!!!
20220708 025111.611 INFO             PET0 !!! THE ESMF_LOG IS SET TO OUTPUT ALL LOG MESSAGES !!!
20220708 025111.611 INFO             PET0 !!!     THIS MAY CAUSE SLOWDOWN IN PERFORMANCE     !!!
20220708 025111.611 INFO             PET0 !!! FOR PRODUCTION RUNS, USE:                      !!!
20220708 025111.611 INFO             PET0 !!!                   ESMF_LOGKIND_Multi_On_Error  !!!
20220708 025111.611 INFO             PET0 !!!!!!!!!!!!!!!!!!!!!!!!!!!!!!!!!!!!!!!!!!!!!!!!!!!!!!
20220708 025111.611 INFO             PET0 Running with ESMF Version   : v8.4.0b03-3-g14a79d558f
20220708 025111.611 INFO             PET0 ESMF library build date/time: "Jul  8 2022" "02:17:04"
20220708 025111.611 INFO             PET0 ESMF library build location : /glade/scratch/dunlap/esmf-testing/gfortran_7.4.0_openmpi_O_develop
20220708 025111.611 INFO             PET0 ESMF_COMM                   : openmpi
20220708 025111.611 INFO             PET0 ESMF_MOAB                   : enabled
20220708 025111.611 INFO             PET0 ESMF_LAPACK                 : enabled
20220708 025111.611 INFO             PET0 ESMF_NETCDF                 : enabled
20220708 025111.611 INFO             PET0 ESMF_PNETCDF                : disabled
20220708 025111.611 INFO             PET0 ESMF_PIO                    : enabled
20220708 025111.611 INFO             PET0 ESMF_YAMLCPP                : enabled
20220708 025111.651 DEBUG            PET0 about to destroy Grid: 0xe9e3f0
20220708 025111.654 DEBUG            PET0 about to destroy Grid: 0xea02a0
20220708 025111.666 INFO             PET0  NUMBER_OF_PROCESSORS           4
20220708 025111.666 INFO             PET0  PASS  Example ESMF_NUOPCAtmModelEx, ESMF_NUOPCAtmModelEx.F90, line 806
20220708 025111.666 INFO             PET0 Finalizing ESMF
20220708 025111.611 INFO             PET1 !!!!!!!!!!!!!!!!!!!!!!!!!!!!!!!!!!!!!!!!!!!!!!!!!!!!!!
20220708 025111.611 INFO             PET1 !!! THE ESMF_LOG IS SET TO OUTPUT ALL LOG MESSAGES !!!
20220708 025111.611 INFO             PET1 !!!     THIS MAY CAUSE SLOWDOWN IN PERFORMANCE     !!!
20220708 025111.611 INFO             PET1 !!! FOR PRODUCTION RUNS, USE:                      !!!
20220708 025111.611 INFO             PET1 !!!                   ESMF_LOGKIND_Multi_On_Error  !!!
20220708 025111.611 INFO             PET1 !!!!!!!!!!!!!!!!!!!!!!!!!!!!!!!!!!!!!!!!!!!!!!!!!!!!!!
20220708 025111.611 INFO             PET1 Running with ESMF Version   : v8.4.0b03-3-g14a79d558f
20220708 025111.611 INFO             PET1 ESMF library build date/time: "Jul  8 2022" "02:17:04"
20220708 025111.611 INFO             PET1 ESMF library build location : /glade/scratch/dunlap/esmf-testing/gfortran_7.4.0_openmpi_O_develop
20220708 025111.611 INFO             PET1 ESMF_COMM                   : openmpi
20220708 025111.611 INFO             PET1 ESMF_MOAB                   : enabled
20220708 025111.611 INFO             PET1 ESMF_LAPACK                 : enabled
20220708 025111.611 INFO             PET1 ESMF_NETCDF                 : enabled
20220708 025111.611 INFO             PET1 ESMF_PNETCDF                : disabled
20220708 025111.611 INFO             PET1 ESMF_PIO                    : enabled
20220708 025111.611 INFO             PET1 ESMF_YAMLCPP                : enabled
20220708 025111.651 DEBUG            PET1 about to destroy Grid: 0xac1310
20220708 025111.654 DEBUG            PET1 about to destroy Grid: 0xac2490
20220708 025111.666 INFO             PET1  NUMBER_OF_PROCESSORS           4
20220708 025111.666 INFO             PET1  PASS  Example ESMF_NUOPCAtmModelEx, ESMF_NUOPCAtmModelEx.F90, line 806
20220708 025111.666 INFO             PET1 Finalizing ESMF
20220708 025111.612 INFO             PET2 !!!!!!!!!!!!!!!!!!!!!!!!!!!!!!!!!!!!!!!!!!!!!!!!!!!!!!
20220708 025111.612 INFO             PET2 !!! THE ESMF_LOG IS SET TO OUTPUT ALL LOG MESSAGES !!!
20220708 025111.612 INFO             PET2 !!!     THIS MAY CAUSE SLOWDOWN IN PERFORMANCE     !!!
20220708 025111.612 INFO             PET2 !!! FOR PRODUCTION RUNS, USE:                      !!!
20220708 025111.612 INFO             PET2 !!!                   ESMF_LOGKIND_Multi_On_Error  !!!
20220708 025111.612 INFO             PET2 !!!!!!!!!!!!!!!!!!!!!!!!!!!!!!!!!!!!!!!!!!!!!!!!!!!!!!
20220708 025111.612 INFO             PET2 Running with ESMF Version   : v8.4.0b03-3-g14a79d558f
20220708 025111.612 INFO             PET2 ESMF library build date/time: "Jul  8 2022" "02:17:04"
20220708 025111.612 INFO             PET2 ESMF library build location : /glade/scratch/dunlap/esmf-testing/gfortran_7.4.0_openmpi_O_develop
20220708 025111.612 INFO             PET2 ESMF_COMM                   : openmpi
20220708 025111.612 INFO             PET2 ESMF_MOAB                   : enabled
20220708 025111.612 INFO             PET2 ESMF_LAPACK                 : enabled
20220708 025111.612 INFO             PET2 ESMF_NETCDF                 : enabled
20220708 025111.612 INFO             PET2 ESMF_PNETCDF                : disabled
20220708 025111.612 INFO             PET2 ESMF_PIO                    : enabled
20220708 025111.612 INFO             PET2 ESMF_YAMLCPP                : enabled
20220708 025111.651 DEBUG            PET2 about to destroy Grid: 0x293b580
20220708 025111.654 DEBUG            PET2 about to destroy Grid: 0x293c910
20220708 025111.666 INFO             PET2  NUMBER_OF_PROCESSORS           4
20220708 025111.666 INFO             PET2  PASS  Example ESMF_NUOPCAtmModelEx, ESMF_NUOPCAtmModelEx.F90, line 806
20220708 025111.666 INFO             PET2 Finalizing ESMF
20220708 025111.611 INFO             PET3 !!!!!!!!!!!!!!!!!!!!!!!!!!!!!!!!!!!!!!!!!!!!!!!!!!!!!!
20220708 025111.611 INFO             PET3 !!! THE ESMF_LOG IS SET TO OUTPUT ALL LOG MESSAGES !!!
20220708 025111.611 INFO             PET3 !!!     THIS MAY CAUSE SLOWDOWN IN PERFORMANCE     !!!
20220708 025111.611 INFO             PET3 !!! FOR PRODUCTION RUNS, USE:                      !!!
20220708 025111.611 INFO             PET3 !!!                   ESMF_LOGKIND_Multi_On_Error  !!!
20220708 025111.611 INFO             PET3 !!!!!!!!!!!!!!!!!!!!!!!!!!!!!!!!!!!!!!!!!!!!!!!!!!!!!!
20220708 025111.611 INFO             PET3 Running with ESMF Version   : v8.4.0b03-3-g14a79d558f
20220708 025111.611 INFO             PET3 ESMF library build date/time: "Jul  8 2022" "02:17:04"
20220708 025111.611 INFO             PET3 ESMF library build location : /glade/scratch/dunlap/esmf-testing/gfortran_7.4.0_openmpi_O_develop
20220708 025111.611 INFO             PET3 ESMF_COMM                   : openmpi
20220708 025111.611 INFO             PET3 ESMF_MOAB                   : enabled
20220708 025111.611 INFO             PET3 ESMF_LAPACK                 : enabled
20220708 025111.611 INFO             PET3 ESMF_NETCDF                 : enabled
20220708 025111.611 INFO             PET3 ESMF_PNETCDF                : disabled
20220708 025111.611 INFO             PET3 ESMF_PIO                    : enabled
20220708 025111.611 INFO             PET3 ESMF_YAMLCPP                : enabled
20220708 025111.651 DEBUG            PET3 about to destroy Grid: 0x25123c0
20220708 025111.654 DEBUG            PET3 about to destroy Grid: 0x25135b0
20220708 025111.666 INFO             PET3  NUMBER_OF_PROCESSORS           4
20220708 025111.666 INFO             PET3  PASS  Example ESMF_NUOPCAtmModelEx, ESMF_NUOPCAtmModelEx.F90, line 806
20220708 025111.666 INFO             PET3 Finalizing ESMF
