build time -- 2022-06-19 01:07:06.755832
20220619 012614.231 INFO             PET0 !!!!!!!!!!!!!!!!!!!!!!!!!!!!!!!!!!!!!!!!!!!!!!!!!!!!!!
20220619 012614.231 INFO             PET0 !!! THE ESMF_LOG IS SET TO OUTPUT ALL LOG MESSAGES !!!
20220619 012614.231 INFO             PET0 !!!     THIS MAY CAUSE SLOWDOWN IN PERFORMANCE     !!!
20220619 012614.231 INFO             PET0 !!! FOR PRODUCTION RUNS, USE:                      !!!
20220619 012614.231 INFO             PET0 !!!                   ESMF_LOGKIND_Multi_On_Error  !!!
20220619 012614.231 INFO             PET0 !!!!!!!!!!!!!!!!!!!!!!!!!!!!!!!!!!!!!!!!!!!!!!!!!!!!!!
20220619 012614.231 INFO             PET0 Running with ESMF Version   : v8.4.0b01-2-gf0d4ab211d
20220619 012614.231 INFO             PET0 ESMF library build date/time: "Jun 19 2022" "01:06:05"
20220619 012614.231 INFO             PET0 ESMF library build location : /gpfsm/dnb04/projects/p98/mpotts/esmf/gfortran_8.3.0_mpiuni_O_develop
20220619 012614.231 INFO             PET0 ESMF_COMM                   : mpiuni
20220619 012614.231 INFO             PET0 ESMF_MOAB                   : enabled
20220619 012614.231 INFO             PET0 ESMF_LAPACK                 : enabled
20220619 012614.231 INFO             PET0 ESMF_NETCDF                 : disabled
20220619 012614.231 INFO             PET0 ESMF_PNETCDF                : disabled
20220619 012614.231 INFO             PET0 ESMF_PIO                    : disabled
20220619 012614.231 INFO             PET0 ESMF_YAMLCPP                : enabled
20220619 012614.233 INFO             PET0  NUMBER_OF_PROCESSORS           1
20220619 012614.233 INFO             PET0  PASS  Example ESMF_AlarmEx, ESMF_AlarmEx.F90, line 244
20220619 012614.233 INFO             PET0 Finalizing ESMF
