build time -- 2022-06-18 02:37:23
20220618 031620.139 INFO             PET0 !!!!!!!!!!!!!!!!!!!!!!!!!!!!!!!!!!!!!!!!!!!!!!!!!!!!!!
20220618 031620.139 INFO             PET0 !!! THE ESMF_LOG IS SET TO OUTPUT ALL LOG MESSAGES !!!
20220618 031620.139 INFO             PET0 !!!     THIS MAY CAUSE SLOWDOWN IN PERFORMANCE     !!!
20220618 031620.139 INFO             PET0 !!! FOR PRODUCTION RUNS, USE:                      !!!
20220618 031620.139 INFO             PET0 !!!                   ESMF_LOGKIND_Multi_On_Error  !!!
20220618 031620.140 INFO             PET0 !!!!!!!!!!!!!!!!!!!!!!!!!!!!!!!!!!!!!!!!!!!!!!!!!!!!!!
20220618 031620.140 INFO             PET0 Running with ESMF Version   : v8.4.0b01-2-gf0d4ab2
20220618 031620.140 INFO             PET0 ESMF library build date/time: "Jun 18 2022" "02:34:58"
20220618 031620.140 INFO             PET0 ESMF library build location : /work/noaa/da/mpotts/sandbox/intel_2020.2_intelmpi_g_develop
20220618 031620.140 INFO             PET0 ESMF_COMM                   : intelmpi
20220618 031620.140 INFO             PET0 ESMF_MOAB                   : enabled
20220618 031620.140 INFO             PET0 ESMF_LAPACK                 : enabled
20220618 031620.140 INFO             PET0 ESMF_NETCDF                 : enabled
20220618 031620.140 INFO             PET0 ESMF_PNETCDF                : disabled
20220618 031620.140 INFO             PET0 ESMF_PIO                    : enabled
20220618 031620.141 INFO             PET0 ESMF_YAMLCPP                : enabled
20220618 031620.266 DEBUG            PET0 about to destroy Grid: 0xe48990
20220618 031620.282 DEBUG            PET0 about to destroy Grid: 0xe4b1d0
20220618 031620.325 INFO             PET0  NUMBER_OF_PROCESSORS           4
20220618 031620.325 INFO             PET0  PASS  Example ESMF_NUOPCAtmModelEx, ESMF_NUOPCAtmModelEx.F90, line 806
20220618 031620.325 INFO             PET0 Finalizing ESMF
20220618 031620.139 INFO             PET1 !!!!!!!!!!!!!!!!!!!!!!!!!!!!!!!!!!!!!!!!!!!!!!!!!!!!!!
20220618 031620.139 INFO             PET1 !!! THE ESMF_LOG IS SET TO OUTPUT ALL LOG MESSAGES !!!
20220618 031620.139 INFO             PET1 !!!     THIS MAY CAUSE SLOWDOWN IN PERFORMANCE     !!!
20220618 031620.139 INFO             PET1 !!! FOR PRODUCTION RUNS, USE:                      !!!
20220618 031620.139 INFO             PET1 !!!                   ESMF_LOGKIND_Multi_On_Error  !!!
20220618 031620.139 INFO             PET1 !!!!!!!!!!!!!!!!!!!!!!!!!!!!!!!!!!!!!!!!!!!!!!!!!!!!!!
20220618 031620.139 INFO             PET1 Running with ESMF Version   : v8.4.0b01-2-gf0d4ab2
20220618 031620.139 INFO             PET1 ESMF library build date/time: "Jun 18 2022" "02:34:58"
20220618 031620.139 INFO             PET1 ESMF library build location : /work/noaa/da/mpotts/sandbox/intel_2020.2_intelmpi_g_develop
20220618 031620.139 INFO             PET1 ESMF_COMM                   : intelmpi
20220618 031620.140 INFO             PET1 ESMF_MOAB                   : enabled
20220618 031620.140 INFO             PET1 ESMF_LAPACK                 : enabled
20220618 031620.140 INFO             PET1 ESMF_NETCDF                 : enabled
20220618 031620.140 INFO             PET1 ESMF_PNETCDF                : disabled
20220618 031620.140 INFO             PET1 ESMF_PIO                    : enabled
20220618 031620.140 INFO             PET1 ESMF_YAMLCPP                : enabled
20220618 031620.266 DEBUG            PET1 about to destroy Grid: 0xed3a80
20220618 031620.282 DEBUG            PET1 about to destroy Grid: 0xed4bc0
20220618 031620.326 INFO             PET1  NUMBER_OF_PROCESSORS           4
20220618 031620.326 INFO             PET1  PASS  Example ESMF_NUOPCAtmModelEx, ESMF_NUOPCAtmModelEx.F90, line 806
20220618 031620.326 INFO             PET1 Finalizing ESMF
20220618 031620.140 INFO             PET2 !!!!!!!!!!!!!!!!!!!!!!!!!!!!!!!!!!!!!!!!!!!!!!!!!!!!!!
20220618 031620.140 INFO             PET2 !!! THE ESMF_LOG IS SET TO OUTPUT ALL LOG MESSAGES !!!
20220618 031620.140 INFO             PET2 !!!     THIS MAY CAUSE SLOWDOWN IN PERFORMANCE     !!!
20220618 031620.140 INFO             PET2 !!! FOR PRODUCTION RUNS, USE:                      !!!
20220618 031620.140 INFO             PET2 !!!                   ESMF_LOGKIND_Multi_On_Error  !!!
20220618 031620.140 INFO             PET2 !!!!!!!!!!!!!!!!!!!!!!!!!!!!!!!!!!!!!!!!!!!!!!!!!!!!!!
20220618 031620.140 INFO             PET2 Running with ESMF Version   : v8.4.0b01-2-gf0d4ab2
20220618 031620.140 INFO             PET2 ESMF library build date/time: "Jun 18 2022" "02:34:58"
20220618 031620.140 INFO             PET2 ESMF library build location : /work/noaa/da/mpotts/sandbox/intel_2020.2_intelmpi_g_develop
20220618 031620.140 INFO             PET2 ESMF_COMM                   : intelmpi
20220618 031620.141 INFO             PET2 ESMF_MOAB                   : enabled
20220618 031620.141 INFO             PET2 ESMF_LAPACK                 : enabled
20220618 031620.141 INFO             PET2 ESMF_NETCDF                 : enabled
20220618 031620.141 INFO             PET2 ESMF_PNETCDF                : disabled
20220618 031620.141 INFO             PET2 ESMF_PIO                    : enabled
20220618 031620.141 INFO             PET2 ESMF_YAMLCPP                : enabled
20220618 031620.266 DEBUG            PET2 about to destroy Grid: 0xfada40
20220618 031620.282 DEBUG            PET2 about to destroy Grid: 0xfaeb80
20220618 031620.325 INFO             PET2  NUMBER_OF_PROCESSORS           4
20220618 031620.325 INFO             PET2  PASS  Example ESMF_NUOPCAtmModelEx, ESMF_NUOPCAtmModelEx.F90, line 806
20220618 031620.325 INFO             PET2 Finalizing ESMF
20220618 031620.139 INFO             PET3 !!!!!!!!!!!!!!!!!!!!!!!!!!!!!!!!!!!!!!!!!!!!!!!!!!!!!!
20220618 031620.139 INFO             PET3 !!! THE ESMF_LOG IS SET TO OUTPUT ALL LOG MESSAGES !!!
20220618 031620.139 INFO             PET3 !!!     THIS MAY CAUSE SLOWDOWN IN PERFORMANCE     !!!
20220618 031620.139 INFO             PET3 !!! FOR PRODUCTION RUNS, USE:                      !!!
20220618 031620.139 INFO             PET3 !!!                   ESMF_LOGKIND_Multi_On_Error  !!!
20220618 031620.139 INFO             PET3 !!!!!!!!!!!!!!!!!!!!!!!!!!!!!!!!!!!!!!!!!!!!!!!!!!!!!!
20220618 031620.139 INFO             PET3 Running with ESMF Version   : v8.4.0b01-2-gf0d4ab2
20220618 031620.139 INFO             PET3 ESMF library build date/time: "Jun 18 2022" "02:34:58"
20220618 031620.139 INFO             PET3 ESMF library build location : /work/noaa/da/mpotts/sandbox/intel_2020.2_intelmpi_g_develop
20220618 031620.139 INFO             PET3 ESMF_COMM                   : intelmpi
20220618 031620.140 INFO             PET3 ESMF_MOAB                   : enabled
20220618 031620.140 INFO             PET3 ESMF_LAPACK                 : enabled
20220618 031620.140 INFO             PET3 ESMF_NETCDF                 : enabled
20220618 031620.140 INFO             PET3 ESMF_PNETCDF                : disabled
20220618 031620.140 INFO             PET3 ESMF_PIO                    : enabled
20220618 031620.140 INFO             PET3 ESMF_YAMLCPP                : enabled
20220618 031620.266 DEBUG            PET3 about to destroy Grid: 0x2315760
20220618 031620.282 DEBUG            PET3 about to destroy Grid: 0x23168a0
20220618 031620.325 INFO             PET3  NUMBER_OF_PROCESSORS           4
20220618 031620.325 INFO             PET3  PASS  Example ESMF_NUOPCAtmModelEx, ESMF_NUOPCAtmModelEx.F90, line 806
20220618 031620.325 INFO             PET3 Finalizing ESMF
