build time -- 2022-07-10 02:39:30
20220710 031038.576 INFO             PET0 !!!!!!!!!!!!!!!!!!!!!!!!!!!!!!!!!!!!!!!!!!!!!!!!!!!!!!
20220710 031038.576 INFO             PET0 !!! THE ESMF_LOG IS SET TO OUTPUT ALL LOG MESSAGES !!!
20220710 031038.576 INFO             PET0 !!!     THIS MAY CAUSE SLOWDOWN IN PERFORMANCE     !!!
20220710 031038.576 INFO             PET0 !!! FOR PRODUCTION RUNS, USE:                      !!!
20220710 031038.576 INFO             PET0 !!!                   ESMF_LOGKIND_Multi_On_Error  !!!
20220710 031038.576 INFO             PET0 !!!!!!!!!!!!!!!!!!!!!!!!!!!!!!!!!!!!!!!!!!!!!!!!!!!!!!
20220710 031038.576 INFO             PET0 Running with ESMF Version   : v8.4.0b03-3-g14a79d5
20220710 031038.576 INFO             PET0 ESMF library build date/time: "Jul 10 2022" "02:37:10"
20220710 031038.576 INFO             PET0 ESMF library build location : /work/noaa/da/mpotts/sandbox/intel_2020.2_intelmpi_g_develop
20220710 031038.576 INFO             PET0 ESMF_COMM                   : intelmpi
20220710 031038.577 INFO             PET0 ESMF_MOAB                   : enabled
20220710 031038.578 INFO             PET0 ESMF_LAPACK                 : enabled
20220710 031038.578 INFO             PET0 ESMF_NETCDF                 : enabled
20220710 031038.578 INFO             PET0 ESMF_PNETCDF                : disabled
20220710 031038.578 INFO             PET0 ESMF_PIO                    : enabled
20220710 031038.578 INFO             PET0 ESMF_YAMLCPP                : enabled
20220710 031038.578 INFO             PET0  NUMBER_OF_PROCESSORS           1
20220710 031038.578 INFO             PET0  PASS  Example ESMF_TimeIntervalEx, ESMF_TimeIntervalEx.F90, line 176
20220710 031038.578 INFO             PET0 Finalizing ESMF
