build time -- 2022-07-12 02:36:14
20220712 030430.204 INFO             PET0 !!!!!!!!!!!!!!!!!!!!!!!!!!!!!!!!!!!!!!!!!!!!!!!!!!!!!!
20220712 030430.204 INFO             PET0 !!! THE ESMF_LOG IS SET TO OUTPUT ALL LOG MESSAGES !!!
20220712 030430.204 INFO             PET0 !!!     THIS MAY CAUSE SLOWDOWN IN PERFORMANCE     !!!
20220712 030430.205 INFO             PET0 !!! FOR PRODUCTION RUNS, USE:                      !!!
20220712 030430.205 INFO             PET0 !!!                   ESMF_LOGKIND_Multi_On_Error  !!!
20220712 030430.205 INFO             PET0 !!!!!!!!!!!!!!!!!!!!!!!!!!!!!!!!!!!!!!!!!!!!!!!!!!!!!!
20220712 030430.205 INFO             PET0 Running with ESMF Version   : v8.4.0b03-3-g14a79d5
20220712 030430.205 INFO             PET0 ESMF library build date/time: "Jul 12 2022" "02:34:40"
20220712 030430.205 INFO             PET0 ESMF library build location : /work/noaa/da/mpotts/sandbox/intel_2020.2_intelmpi_g_develop
20220712 030430.205 INFO             PET0 ESMF_COMM                   : intelmpi
20220712 030430.206 INFO             PET0 ESMF_MOAB                   : enabled
20220712 030430.206 INFO             PET0 ESMF_LAPACK                 : enabled
20220712 030430.206 INFO             PET0 ESMF_NETCDF                 : enabled
20220712 030430.206 INFO             PET0 ESMF_PNETCDF                : disabled
20220712 030430.206 INFO             PET0 ESMF_PIO                    : enabled
20220712 030430.206 INFO             PET0 ESMF_YAMLCPP                : enabled
20220712 030430.206 INFO             PET0  NUMBER_OF_PROCESSORS           2
20220712 030430.206 INFO             PET0  PASS  Example ESMF_VMUserMpiCommEx, ESMF_VMUserMpiCommEx.F90, line 113
20220712 030430.206 INFO             PET0 Finalizing ESMF
20220712 030430.205 INFO             PET1 !!!!!!!!!!!!!!!!!!!!!!!!!!!!!!!!!!!!!!!!!!!!!!!!!!!!!!
20220712 030430.205 INFO             PET1 !!! THE ESMF_LOG IS SET TO OUTPUT ALL LOG MESSAGES !!!
20220712 030430.205 INFO             PET1 !!!     THIS MAY CAUSE SLOWDOWN IN PERFORMANCE     !!!
20220712 030430.205 INFO             PET1 !!! FOR PRODUCTION RUNS, USE:                      !!!
20220712 030430.205 INFO             PET1 !!!                   ESMF_LOGKIND_Multi_On_Error  !!!
20220712 030430.205 INFO             PET1 !!!!!!!!!!!!!!!!!!!!!!!!!!!!!!!!!!!!!!!!!!!!!!!!!!!!!!
20220712 030430.205 INFO             PET1 Running with ESMF Version   : v8.4.0b03-3-g14a79d5
20220712 030430.205 INFO             PET1 ESMF library build date/time: "Jul 12 2022" "02:34:40"
20220712 030430.205 INFO             PET1 ESMF library build location : /work/noaa/da/mpotts/sandbox/intel_2020.2_intelmpi_g_develop
20220712 030430.205 INFO             PET1 ESMF_COMM                   : intelmpi
20220712 030430.206 INFO             PET1 ESMF_MOAB                   : enabled
20220712 030430.206 INFO             PET1 ESMF_LAPACK                 : enabled
20220712 030430.206 INFO             PET1 ESMF_NETCDF                 : enabled
20220712 030430.206 INFO             PET1 ESMF_PNETCDF                : disabled
20220712 030430.206 INFO             PET1 ESMF_PIO                    : enabled
20220712 030430.206 INFO             PET1 ESMF_YAMLCPP                : enabled
20220712 030430.206 INFO             PET1  NUMBER_OF_PROCESSORS           2
20220712 030430.206 INFO             PET1  PASS  Example ESMF_VMUserMpiCommEx, ESMF_VMUserMpiCommEx.F90, line 113
20220712 030430.206 INFO             PET1 Finalizing ESMF
