build time -- 2022-07-03 02:34:09
20220703 030437.718 INFO             PET0 !!!!!!!!!!!!!!!!!!!!!!!!!!!!!!!!!!!!!!!!!!!!!!!!!!!!!!
20220703 030437.718 INFO             PET0 !!! THE ESMF_LOG IS SET TO OUTPUT ALL LOG MESSAGES !!!
20220703 030437.718 INFO             PET0 !!!     THIS MAY CAUSE SLOWDOWN IN PERFORMANCE     !!!
20220703 030437.718 INFO             PET0 !!! FOR PRODUCTION RUNS, USE:                      !!!
20220703 030437.718 INFO             PET0 !!!                   ESMF_LOGKIND_Multi_On_Error  !!!
20220703 030437.718 INFO             PET0 !!!!!!!!!!!!!!!!!!!!!!!!!!!!!!!!!!!!!!!!!!!!!!!!!!!!!!
20220703 030437.718 INFO             PET0 Running with ESMF Version   : v8.4.0b02-7-g9328c9b
20220703 030437.718 INFO             PET0 ESMF library build date/time: "Jul  3 2022" "02:32:37"
20220703 030437.718 INFO             PET0 ESMF library build location : /work/noaa/da/mpotts/sandbox/intel_2020.2_intelmpi_g_develop
20220703 030437.718 INFO             PET0 ESMF_COMM                   : intelmpi
20220703 030437.719 INFO             PET0 ESMF_MOAB                   : enabled
20220703 030437.719 INFO             PET0 ESMF_LAPACK                 : enabled
20220703 030437.719 INFO             PET0 ESMF_NETCDF                 : enabled
20220703 030437.719 INFO             PET0 ESMF_PNETCDF                : disabled
20220703 030437.719 INFO             PET0 ESMF_PIO                    : enabled
20220703 030437.719 INFO             PET0 ESMF_YAMLCPP                : enabled
20220703 030437.720 INFO             PET0  NUMBER_OF_PROCESSORS           1
20220703 030437.720 INFO             PET0  PASS  Example ESMF_TimeEx, ESMF_TimeEx.F90, line 141
20220703 030437.720 INFO             PET0 Finalizing ESMF
