build time -- 2022-06-09 02:34:16
20220609 030401.959 INFO             PET0 !!!!!!!!!!!!!!!!!!!!!!!!!!!!!!!!!!!!!!!!!!!!!!!!!!!!!!
20220609 030401.959 INFO             PET0 !!! THE ESMF_LOG IS SET TO OUTPUT ALL LOG MESSAGES !!!
20220609 030401.959 INFO             PET0 !!!     THIS MAY CAUSE SLOWDOWN IN PERFORMANCE     !!!
20220609 030401.959 INFO             PET0 !!! FOR PRODUCTION RUNS, USE:                      !!!
20220609 030401.959 INFO             PET0 !!!                   ESMF_LOGKIND_Multi_On_Error  !!!
20220609 030401.959 INFO             PET0 !!!!!!!!!!!!!!!!!!!!!!!!!!!!!!!!!!!!!!!!!!!!!!!!!!!!!!
20220609 030401.959 INFO             PET0 Running with ESMF Version   : v8.4.0b01-2-gf0d4ab2
20220609 030401.959 INFO             PET0 ESMF library build date/time: "Jun  9 2022" "02:32:43"
20220609 030401.959 INFO             PET0 ESMF library build location : /work/noaa/da/mpotts/sandbox/intel_2020.2_intelmpi_g_develop
20220609 030401.959 INFO             PET0 ESMF_COMM                   : intelmpi
20220609 030401.960 INFO             PET0 ESMF_MOAB                   : enabled
20220609 030401.960 INFO             PET0 ESMF_LAPACK                 : enabled
20220609 030401.960 INFO             PET0 ESMF_NETCDF                 : enabled
20220609 030401.960 INFO             PET0 ESMF_PNETCDF                : disabled
20220609 030401.960 INFO             PET0 ESMF_PIO                    : enabled
20220609 030401.960 INFO             PET0 ESMF_YAMLCPP                : enabled
20220609 030401.961 INFO             PET0  NUMBER_OF_PROCESSORS           1
20220609 030401.961 INFO             PET0  PASS  Example ESMF_ClockEx, ESMF_ClockEx.F90, line 220
20220609 030401.961 INFO             PET0 Finalizing ESMF
