build time -- 2022-06-18 02:37:23
20220618 031349.406 INFO             PET0 !!!!!!!!!!!!!!!!!!!!!!!!!!!!!!!!!!!!!!!!!!!!!!!!!!!!!!
20220618 031349.406 INFO             PET0 !!! THE ESMF_LOG IS SET TO OUTPUT ALL LOG MESSAGES !!!
20220618 031349.406 INFO             PET0 !!!     THIS MAY CAUSE SLOWDOWN IN PERFORMANCE     !!!
20220618 031349.406 INFO             PET0 !!! FOR PRODUCTION RUNS, USE:                      !!!
20220618 031349.406 INFO             PET0 !!!                   ESMF_LOGKIND_Multi_On_Error  !!!
20220618 031349.406 INFO             PET0 !!!!!!!!!!!!!!!!!!!!!!!!!!!!!!!!!!!!!!!!!!!!!!!!!!!!!!
20220618 031349.406 INFO             PET0 Running with ESMF Version   : v8.4.0b01-2-gf0d4ab2
20220618 031349.406 INFO             PET0 ESMF library build date/time: "Jun 18 2022" "02:34:58"
20220618 031349.406 INFO             PET0 ESMF library build location : /work/noaa/da/mpotts/sandbox/intel_2020.2_intelmpi_g_develop
20220618 031349.406 INFO             PET0 ESMF_COMM                   : intelmpi
20220618 031349.407 INFO             PET0 ESMF_MOAB                   : enabled
20220618 031349.407 INFO             PET0 ESMF_LAPACK                 : enabled
20220618 031349.407 INFO             PET0 ESMF_NETCDF                 : enabled
20220618 031349.407 INFO             PET0 ESMF_PNETCDF                : disabled
20220618 031349.407 INFO             PET0 ESMF_PIO                    : enabled
20220618 031349.407 INFO             PET0 ESMF_YAMLCPP                : enabled
20220618 031349.408 INFO             PET0  NUMBER_OF_PROCESSORS           1
20220618 031349.408 INFO             PET0  PASS  Example ESMF_AlarmEx, ESMF_AlarmEx.F90, line 244
20220618 031349.408 INFO             PET0 Finalizing ESMF
