build time -- 2022-06-23 02:32:15
20220623 030141.213 INFO             PET0 !!!!!!!!!!!!!!!!!!!!!!!!!!!!!!!!!!!!!!!!!!!!!!!!!!!!!!
20220623 030141.214 INFO             PET0 !!! THE ESMF_LOG IS SET TO OUTPUT ALL LOG MESSAGES !!!
20220623 030141.214 INFO             PET0 !!!     THIS MAY CAUSE SLOWDOWN IN PERFORMANCE     !!!
20220623 030141.214 INFO             PET0 !!! FOR PRODUCTION RUNS, USE:                      !!!
20220623 030141.214 INFO             PET0 !!!                   ESMF_LOGKIND_Multi_On_Error  !!!
20220623 030141.214 INFO             PET0 !!!!!!!!!!!!!!!!!!!!!!!!!!!!!!!!!!!!!!!!!!!!!!!!!!!!!!
20220623 030141.214 INFO             PET0 Running with ESMF Version   : v8.4.0b01-2-gf0d4ab2
20220623 030141.214 INFO             PET0 ESMF library build date/time: "Jun 23 2022" "02:30:40"
20220623 030141.214 INFO             PET0 ESMF library build location : /work/noaa/da/mpotts/sandbox/intel_2020.2_intelmpi_g_develop
20220623 030141.214 INFO             PET0 ESMF_COMM                   : intelmpi
20220623 030141.215 INFO             PET0 ESMF_MOAB                   : enabled
20220623 030141.215 INFO             PET0 ESMF_LAPACK                 : enabled
20220623 030141.215 INFO             PET0 ESMF_NETCDF                 : enabled
20220623 030141.215 INFO             PET0 ESMF_PNETCDF                : disabled
20220623 030141.215 INFO             PET0 ESMF_PIO                    : enabled
20220623 030141.215 INFO             PET0 ESMF_YAMLCPP                : enabled
20220623 030144.440 INFO             PET0  NUMBER_OF_PROCESSORS           4
20220623 030144.441 INFO             PET0  PASS  Example ESMF_ArrayRedistEx, ESMF_ArrayRedistEx.F90, line 595
20220623 030144.441 INFO             PET0 Finalizing ESMF
20220623 030141.213 INFO             PET1 !!!!!!!!!!!!!!!!!!!!!!!!!!!!!!!!!!!!!!!!!!!!!!!!!!!!!!
20220623 030141.213 INFO             PET1 !!! THE ESMF_LOG IS SET TO OUTPUT ALL LOG MESSAGES !!!
20220623 030141.213 INFO             PET1 !!!     THIS MAY CAUSE SLOWDOWN IN PERFORMANCE     !!!
20220623 030141.213 INFO             PET1 !!! FOR PRODUCTION RUNS, USE:                      !!!
20220623 030141.213 INFO             PET1 !!!                   ESMF_LOGKIND_Multi_On_Error  !!!
20220623 030141.213 INFO             PET1 !!!!!!!!!!!!!!!!!!!!!!!!!!!!!!!!!!!!!!!!!!!!!!!!!!!!!!
20220623 030141.213 INFO             PET1 Running with ESMF Version   : v8.4.0b01-2-gf0d4ab2
20220623 030141.214 INFO             PET1 ESMF library build date/time: "Jun 23 2022" "02:30:40"
20220623 030141.214 INFO             PET1 ESMF library build location : /work/noaa/da/mpotts/sandbox/intel_2020.2_intelmpi_g_develop
20220623 030141.214 INFO             PET1 ESMF_COMM                   : intelmpi
20220623 030141.235 INFO             PET1 ESMF_MOAB                   : enabled
20220623 030141.235 INFO             PET1 ESMF_LAPACK                 : enabled
20220623 030141.235 INFO             PET1 ESMF_NETCDF                 : enabled
20220623 030141.235 INFO             PET1 ESMF_PNETCDF                : disabled
20220623 030141.235 INFO             PET1 ESMF_PIO                    : enabled
20220623 030141.235 INFO             PET1 ESMF_YAMLCPP                : enabled
20220623 030144.440 INFO             PET1  NUMBER_OF_PROCESSORS           4
20220623 030144.441 INFO             PET1  PASS  Example ESMF_ArrayRedistEx, ESMF_ArrayRedistEx.F90, line 595
20220623 030144.441 INFO             PET1 Finalizing ESMF
20220623 030141.214 INFO             PET2 !!!!!!!!!!!!!!!!!!!!!!!!!!!!!!!!!!!!!!!!!!!!!!!!!!!!!!
20220623 030141.214 INFO             PET2 !!! THE ESMF_LOG IS SET TO OUTPUT ALL LOG MESSAGES !!!
20220623 030141.214 INFO             PET2 !!!     THIS MAY CAUSE SLOWDOWN IN PERFORMANCE     !!!
20220623 030141.214 INFO             PET2 !!! FOR PRODUCTION RUNS, USE:                      !!!
20220623 030141.214 INFO             PET2 !!!                   ESMF_LOGKIND_Multi_On_Error  !!!
20220623 030141.214 INFO             PET2 !!!!!!!!!!!!!!!!!!!!!!!!!!!!!!!!!!!!!!!!!!!!!!!!!!!!!!
20220623 030141.214 INFO             PET2 Running with ESMF Version   : v8.4.0b01-2-gf0d4ab2
20220623 030141.214 INFO             PET2 ESMF library build date/time: "Jun 23 2022" "02:30:40"
20220623 030141.214 INFO             PET2 ESMF library build location : /work/noaa/da/mpotts/sandbox/intel_2020.2_intelmpi_g_develop
20220623 030141.214 INFO             PET2 ESMF_COMM                   : intelmpi
20220623 030141.488 INFO             PET2 ESMF_MOAB                   : enabled
20220623 030141.488 INFO             PET2 ESMF_LAPACK                 : enabled
20220623 030141.488 INFO             PET2 ESMF_NETCDF                 : enabled
20220623 030141.488 INFO             PET2 ESMF_PNETCDF                : disabled
20220623 030141.488 INFO             PET2 ESMF_PIO                    : enabled
20220623 030141.488 INFO             PET2 ESMF_YAMLCPP                : enabled
20220623 030144.440 INFO             PET2  NUMBER_OF_PROCESSORS           4
20220623 030144.441 INFO             PET2  PASS  Example ESMF_ArrayRedistEx, ESMF_ArrayRedistEx.F90, line 595
20220623 030144.441 INFO             PET2 Finalizing ESMF
20220623 030141.214 INFO             PET3 !!!!!!!!!!!!!!!!!!!!!!!!!!!!!!!!!!!!!!!!!!!!!!!!!!!!!!
20220623 030141.214 INFO             PET3 !!! THE ESMF_LOG IS SET TO OUTPUT ALL LOG MESSAGES !!!
20220623 030141.214 INFO             PET3 !!!     THIS MAY CAUSE SLOWDOWN IN PERFORMANCE     !!!
20220623 030141.214 INFO             PET3 !!! FOR PRODUCTION RUNS, USE:                      !!!
20220623 030141.214 INFO             PET3 !!!                   ESMF_LOGKIND_Multi_On_Error  !!!
20220623 030141.214 INFO             PET3 !!!!!!!!!!!!!!!!!!!!!!!!!!!!!!!!!!!!!!!!!!!!!!!!!!!!!!
20220623 030141.214 INFO             PET3 Running with ESMF Version   : v8.4.0b01-2-gf0d4ab2
20220623 030141.214 INFO             PET3 ESMF library build date/time: "Jun 23 2022" "02:30:40"
20220623 030141.214 INFO             PET3 ESMF library build location : /work/noaa/da/mpotts/sandbox/intel_2020.2_intelmpi_g_develop
20220623 030141.214 INFO             PET3 ESMF_COMM                   : intelmpi
20220623 030141.216 INFO             PET3 ESMF_MOAB                   : enabled
20220623 030141.216 INFO             PET3 ESMF_LAPACK                 : enabled
20220623 030141.216 INFO             PET3 ESMF_NETCDF                 : enabled
20220623 030141.216 INFO             PET3 ESMF_PNETCDF                : disabled
20220623 030141.216 INFO             PET3 ESMF_PIO                    : enabled
20220623 030141.216 INFO             PET3 ESMF_YAMLCPP                : enabled
20220623 030144.440 INFO             PET3  NUMBER_OF_PROCESSORS           4
20220623 030144.441 INFO             PET3  PASS  Example ESMF_ArrayRedistEx, ESMF_ArrayRedistEx.F90, line 595
20220623 030144.441 INFO             PET3 Finalizing ESMF
