build time -- 2022-06-17 02:31:53
20220617 030146.614 INFO             PET0 !!!!!!!!!!!!!!!!!!!!!!!!!!!!!!!!!!!!!!!!!!!!!!!!!!!!!!
20220617 030146.614 INFO             PET0 !!! THE ESMF_LOG IS SET TO OUTPUT ALL LOG MESSAGES !!!
20220617 030146.614 INFO             PET0 !!!     THIS MAY CAUSE SLOWDOWN IN PERFORMANCE     !!!
20220617 030146.614 INFO             PET0 !!! FOR PRODUCTION RUNS, USE:                      !!!
20220617 030146.614 INFO             PET0 !!!                   ESMF_LOGKIND_Multi_On_Error  !!!
20220617 030146.614 INFO             PET0 !!!!!!!!!!!!!!!!!!!!!!!!!!!!!!!!!!!!!!!!!!!!!!!!!!!!!!
20220617 030146.614 INFO             PET0 Running with ESMF Version   : v8.4.0b01-2-gf0d4ab2
20220617 030146.614 INFO             PET0 ESMF library build date/time: "Jun 17 2022" "02:30:16"
20220617 030146.614 INFO             PET0 ESMF library build location : /work/noaa/da/mpotts/sandbox/intel_2020.2_intelmpi_g_develop
20220617 030146.614 INFO             PET0 ESMF_COMM                   : intelmpi
20220617 030146.615 INFO             PET0 ESMF_MOAB                   : enabled
20220617 030146.615 INFO             PET0 ESMF_LAPACK                 : enabled
20220617 030146.615 INFO             PET0 ESMF_NETCDF                 : enabled
20220617 030146.615 INFO             PET0 ESMF_PNETCDF                : disabled
20220617 030146.615 INFO             PET0 ESMF_PIO                    : enabled
20220617 030146.615 INFO             PET0 ESMF_YAMLCPP                : enabled
20220617 030146.847 INFO             PET0  NUMBER_OF_PROCESSORS           4
20220617 030146.847 INFO             PET0  PASS  Example ESMF_XGridEx, ESMF_XGridEx.F90, line 525
20220617 030146.847 INFO             PET0 Finalizing ESMF
20220617 030146.613 INFO             PET1 !!!!!!!!!!!!!!!!!!!!!!!!!!!!!!!!!!!!!!!!!!!!!!!!!!!!!!
20220617 030146.613 INFO             PET1 !!! THE ESMF_LOG IS SET TO OUTPUT ALL LOG MESSAGES !!!
20220617 030146.613 INFO             PET1 !!!     THIS MAY CAUSE SLOWDOWN IN PERFORMANCE     !!!
20220617 030146.613 INFO             PET1 !!! FOR PRODUCTION RUNS, USE:                      !!!
20220617 030146.613 INFO             PET1 !!!                   ESMF_LOGKIND_Multi_On_Error  !!!
20220617 030146.613 INFO             PET1 !!!!!!!!!!!!!!!!!!!!!!!!!!!!!!!!!!!!!!!!!!!!!!!!!!!!!!
20220617 030146.613 INFO             PET1 Running with ESMF Version   : v8.4.0b01-2-gf0d4ab2
20220617 030146.613 INFO             PET1 ESMF library build date/time: "Jun 17 2022" "02:30:16"
20220617 030146.613 INFO             PET1 ESMF library build location : /work/noaa/da/mpotts/sandbox/intel_2020.2_intelmpi_g_develop
20220617 030146.613 INFO             PET1 ESMF_COMM                   : intelmpi
20220617 030146.615 INFO             PET1 ESMF_MOAB                   : enabled
20220617 030146.615 INFO             PET1 ESMF_LAPACK                 : enabled
20220617 030146.615 INFO             PET1 ESMF_NETCDF                 : enabled
20220617 030146.615 INFO             PET1 ESMF_PNETCDF                : disabled
20220617 030146.615 INFO             PET1 ESMF_PIO                    : enabled
20220617 030146.615 INFO             PET1 ESMF_YAMLCPP                : enabled
20220617 030146.848 INFO             PET1  NUMBER_OF_PROCESSORS           4
20220617 030146.848 INFO             PET1  PASS  Example ESMF_XGridEx, ESMF_XGridEx.F90, line 525
20220617 030146.848 INFO             PET1 Finalizing ESMF
20220617 030146.614 INFO             PET2 !!!!!!!!!!!!!!!!!!!!!!!!!!!!!!!!!!!!!!!!!!!!!!!!!!!!!!
20220617 030146.614 INFO             PET2 !!! THE ESMF_LOG IS SET TO OUTPUT ALL LOG MESSAGES !!!
20220617 030146.614 INFO             PET2 !!!     THIS MAY CAUSE SLOWDOWN IN PERFORMANCE     !!!
20220617 030146.614 INFO             PET2 !!! FOR PRODUCTION RUNS, USE:                      !!!
20220617 030146.614 INFO             PET2 !!!                   ESMF_LOGKIND_Multi_On_Error  !!!
20220617 030146.614 INFO             PET2 !!!!!!!!!!!!!!!!!!!!!!!!!!!!!!!!!!!!!!!!!!!!!!!!!!!!!!
20220617 030146.614 INFO             PET2 Running with ESMF Version   : v8.4.0b01-2-gf0d4ab2
20220617 030146.614 INFO             PET2 ESMF library build date/time: "Jun 17 2022" "02:30:16"
20220617 030146.614 INFO             PET2 ESMF library build location : /work/noaa/da/mpotts/sandbox/intel_2020.2_intelmpi_g_develop
20220617 030146.614 INFO             PET2 ESMF_COMM                   : intelmpi
20220617 030146.615 INFO             PET2 ESMF_MOAB                   : enabled
20220617 030146.615 INFO             PET2 ESMF_LAPACK                 : enabled
20220617 030146.615 INFO             PET2 ESMF_NETCDF                 : enabled
20220617 030146.615 INFO             PET2 ESMF_PNETCDF                : disabled
20220617 030146.615 INFO             PET2 ESMF_PIO                    : enabled
20220617 030146.615 INFO             PET2 ESMF_YAMLCPP                : enabled
20220617 030146.847 INFO             PET2  NUMBER_OF_PROCESSORS           4
20220617 030146.847 INFO             PET2  PASS  Example ESMF_XGridEx, ESMF_XGridEx.F90, line 525
20220617 030146.847 INFO             PET2 Finalizing ESMF
20220617 030146.613 INFO             PET3 !!!!!!!!!!!!!!!!!!!!!!!!!!!!!!!!!!!!!!!!!!!!!!!!!!!!!!
20220617 030146.614 INFO             PET3 !!! THE ESMF_LOG IS SET TO OUTPUT ALL LOG MESSAGES !!!
20220617 030146.614 INFO             PET3 !!!     THIS MAY CAUSE SLOWDOWN IN PERFORMANCE     !!!
20220617 030146.614 INFO             PET3 !!! FOR PRODUCTION RUNS, USE:                      !!!
20220617 030146.614 INFO             PET3 !!!                   ESMF_LOGKIND_Multi_On_Error  !!!
20220617 030146.614 INFO             PET3 !!!!!!!!!!!!!!!!!!!!!!!!!!!!!!!!!!!!!!!!!!!!!!!!!!!!!!
20220617 030146.614 INFO             PET3 Running with ESMF Version   : v8.4.0b01-2-gf0d4ab2
20220617 030146.614 INFO             PET3 ESMF library build date/time: "Jun 17 2022" "02:30:16"
20220617 030146.614 INFO             PET3 ESMF library build location : /work/noaa/da/mpotts/sandbox/intel_2020.2_intelmpi_g_develop
20220617 030146.614 INFO             PET3 ESMF_COMM                   : intelmpi
20220617 030146.614 INFO             PET3 ESMF_MOAB                   : enabled
20220617 030146.614 INFO             PET3 ESMF_LAPACK                 : enabled
20220617 030146.614 INFO             PET3 ESMF_NETCDF                 : enabled
20220617 030146.614 INFO             PET3 ESMF_PNETCDF                : disabled
20220617 030146.614 INFO             PET3 ESMF_PIO                    : enabled
20220617 030146.614 INFO             PET3 ESMF_YAMLCPP                : enabled
20220617 030146.846 INFO             PET3  NUMBER_OF_PROCESSORS           4
20220617 030146.846 INFO             PET3  PASS  Example ESMF_XGridEx, ESMF_XGridEx.F90, line 525
20220617 030146.846 INFO             PET3 Finalizing ESMF
