build time -- 2022-07-08 01:09:02.264260
20220708 012947.562 INFO             PET0 !!!!!!!!!!!!!!!!!!!!!!!!!!!!!!!!!!!!!!!!!!!!!!!!!!!!!!
20220708 012947.562 INFO             PET0 !!! THE ESMF_LOG IS SET TO OUTPUT ALL LOG MESSAGES !!!
20220708 012947.562 INFO             PET0 !!!     THIS MAY CAUSE SLOWDOWN IN PERFORMANCE     !!!
20220708 012947.562 INFO             PET0 !!! FOR PRODUCTION RUNS, USE:                      !!!
20220708 012947.562 INFO             PET0 !!!                   ESMF_LOGKIND_Multi_On_Error  !!!
20220708 012947.562 INFO             PET0 !!!!!!!!!!!!!!!!!!!!!!!!!!!!!!!!!!!!!!!!!!!!!!!!!!!!!!
20220708 012947.562 INFO             PET0 Running with ESMF Version   : v8.4.0b03-3-g14a79d558f
20220708 012947.562 INFO             PET0 ESMF library build date/time: "Jul  8 2022" "01:07:47"
20220708 012947.562 INFO             PET0 ESMF library build location : /gpfsm/dnb04/projects/p98/mpotts/esmf/gfortran_8.3.0_mpt_O_develop
20220708 012947.562 INFO             PET0 ESMF_COMM                   : mpt
20220708 012947.563 INFO             PET0 ESMF_MOAB                   : enabled
20220708 012947.563 INFO             PET0 ESMF_LAPACK                 : enabled
20220708 012947.563 INFO             PET0 ESMF_NETCDF                 : disabled
20220708 012947.563 INFO             PET0 ESMF_PNETCDF                : disabled
20220708 012947.563 INFO             PET0 ESMF_PIO                    : disabled
20220708 012947.563 INFO             PET0 ESMF_YAMLCPP                : enabled
20220708 012947.563 ERROR            PET0 ESMF_StateAPI.cppF90:1189 ESMF_StateAddList Object being used before creation  - Bad Object
20220708 012947.565 INFO             PET0  NUMBER_OF_PROCESSORS           4
20220708 012947.565 INFO             PET0  PASS  Example ESMF_StateReconcileEx, ESMF_StateReconcileEx.F90, line 294
20220708 012947.565 INFO             PET0 Finalizing ESMF
20220708 012947.562 INFO             PET1 !!!!!!!!!!!!!!!!!!!!!!!!!!!!!!!!!!!!!!!!!!!!!!!!!!!!!!
20220708 012947.562 INFO             PET1 !!! THE ESMF_LOG IS SET TO OUTPUT ALL LOG MESSAGES !!!
20220708 012947.562 INFO             PET1 !!!     THIS MAY CAUSE SLOWDOWN IN PERFORMANCE     !!!
20220708 012947.562 INFO             PET1 !!! FOR PRODUCTION RUNS, USE:                      !!!
20220708 012947.562 INFO             PET1 !!!                   ESMF_LOGKIND_Multi_On_Error  !!!
20220708 012947.562 INFO             PET1 !!!!!!!!!!!!!!!!!!!!!!!!!!!!!!!!!!!!!!!!!!!!!!!!!!!!!!
20220708 012947.562 INFO             PET1 Running with ESMF Version   : v8.4.0b03-3-g14a79d558f
20220708 012947.562 INFO             PET1 ESMF library build date/time: "Jul  8 2022" "01:07:47"
20220708 012947.562 INFO             PET1 ESMF library build location : /gpfsm/dnb04/projects/p98/mpotts/esmf/gfortran_8.3.0_mpt_O_develop
20220708 012947.562 INFO             PET1 ESMF_COMM                   : mpt
20220708 012947.562 INFO             PET1 ESMF_MOAB                   : enabled
20220708 012947.562 INFO             PET1 ESMF_LAPACK                 : enabled
20220708 012947.562 INFO             PET1 ESMF_NETCDF                 : disabled
20220708 012947.562 INFO             PET1 ESMF_PNETCDF                : disabled
20220708 012947.562 INFO             PET1 ESMF_PIO                    : disabled
20220708 012947.562 INFO             PET1 ESMF_YAMLCPP                : enabled
20220708 012947.563 ERROR            PET1 ESMF_StateAPI.cppF90:1189 ESMF_StateAddList Object being used before creation  - Bad Object
20220708 012947.565 INFO             PET1  NUMBER_OF_PROCESSORS           4
20220708 012947.565 INFO             PET1  PASS  Example ESMF_StateReconcileEx, ESMF_StateReconcileEx.F90, line 294
20220708 012947.565 INFO             PET1 Finalizing ESMF
20220708 012947.563 INFO             PET2 !!!!!!!!!!!!!!!!!!!!!!!!!!!!!!!!!!!!!!!!!!!!!!!!!!!!!!
20220708 012947.563 INFO             PET2 !!! THE ESMF_LOG IS SET TO OUTPUT ALL LOG MESSAGES !!!
20220708 012947.563 INFO             PET2 !!!     THIS MAY CAUSE SLOWDOWN IN PERFORMANCE     !!!
20220708 012947.563 INFO             PET2 !!! FOR PRODUCTION RUNS, USE:                      !!!
20220708 012947.563 INFO             PET2 !!!                   ESMF_LOGKIND_Multi_On_Error  !!!
20220708 012947.563 INFO             PET2 !!!!!!!!!!!!!!!!!!!!!!!!!!!!!!!!!!!!!!!!!!!!!!!!!!!!!!
20220708 012947.563 INFO             PET2 Running with ESMF Version   : v8.4.0b03-3-g14a79d558f
20220708 012947.563 INFO             PET2 ESMF library build date/time: "Jul  8 2022" "01:07:47"
20220708 012947.563 INFO             PET2 ESMF library build location : /gpfsm/dnb04/projects/p98/mpotts/esmf/gfortran_8.3.0_mpt_O_develop
20220708 012947.563 INFO             PET2 ESMF_COMM                   : mpt
20220708 012947.563 INFO             PET2 ESMF_MOAB                   : enabled
20220708 012947.563 INFO             PET2 ESMF_LAPACK                 : enabled
20220708 012947.563 INFO             PET2 ESMF_NETCDF                 : disabled
20220708 012947.563 INFO             PET2 ESMF_PNETCDF                : disabled
20220708 012947.563 INFO             PET2 ESMF_PIO                    : disabled
20220708 012947.563 INFO             PET2 ESMF_YAMLCPP                : enabled
20220708 012947.563 ERROR            PET2 ESMF_StateAPI.cppF90:1189 ESMF_StateAddList Object being used before creation  - Bad Object
20220708 012947.565 INFO             PET2  NUMBER_OF_PROCESSORS           4
20220708 012947.565 INFO             PET2  PASS  Example ESMF_StateReconcileEx, ESMF_StateReconcileEx.F90, line 294
20220708 012947.565 INFO             PET2 Finalizing ESMF
20220708 012947.562 INFO             PET3 !!!!!!!!!!!!!!!!!!!!!!!!!!!!!!!!!!!!!!!!!!!!!!!!!!!!!!
20220708 012947.562 INFO             PET3 !!! THE ESMF_LOG IS SET TO OUTPUT ALL LOG MESSAGES !!!
20220708 012947.562 INFO             PET3 !!!     THIS MAY CAUSE SLOWDOWN IN PERFORMANCE     !!!
20220708 012947.562 INFO             PET3 !!! FOR PRODUCTION RUNS, USE:                      !!!
20220708 012947.562 INFO             PET3 !!!                   ESMF_LOGKIND_Multi_On_Error  !!!
20220708 012947.562 INFO             PET3 !!!!!!!!!!!!!!!!!!!!!!!!!!!!!!!!!!!!!!!!!!!!!!!!!!!!!!
20220708 012947.562 INFO             PET3 Running with ESMF Version   : v8.4.0b03-3-g14a79d558f
20220708 012947.562 INFO             PET3 ESMF library build date/time: "Jul  8 2022" "01:07:47"
20220708 012947.562 INFO             PET3 ESMF library build location : /gpfsm/dnb04/projects/p98/mpotts/esmf/gfortran_8.3.0_mpt_O_develop
20220708 012947.562 INFO             PET3 ESMF_COMM                   : mpt
20220708 012947.562 INFO             PET3 ESMF_MOAB                   : enabled
20220708 012947.562 INFO             PET3 ESMF_LAPACK                 : enabled
20220708 012947.562 INFO             PET3 ESMF_NETCDF                 : disabled
20220708 012947.562 INFO             PET3 ESMF_PNETCDF                : disabled
20220708 012947.562 INFO             PET3 ESMF_PIO                    : disabled
20220708 012947.562 INFO             PET3 ESMF_YAMLCPP                : enabled
20220708 012947.563 ERROR            PET3 ESMF_StateAPI.cppF90:1189 ESMF_StateAddList Object being used before creation  - Bad Object
20220708 012947.565 INFO             PET3  NUMBER_OF_PROCESSORS           4
20220708 012947.565 INFO             PET3  PASS  Example ESMF_StateReconcileEx, ESMF_StateReconcileEx.F90, line 294
20220708 012947.565 INFO             PET3 Finalizing ESMF
