build time -- 2022-07-04 01:08:54.306944
20220704 012950.061 INFO             PET0 !!!!!!!!!!!!!!!!!!!!!!!!!!!!!!!!!!!!!!!!!!!!!!!!!!!!!!
20220704 012950.061 INFO             PET0 !!! THE ESMF_LOG IS SET TO OUTPUT ALL LOG MESSAGES !!!
20220704 012950.061 INFO             PET0 !!!     THIS MAY CAUSE SLOWDOWN IN PERFORMANCE     !!!
20220704 012950.061 INFO             PET0 !!! FOR PRODUCTION RUNS, USE:                      !!!
20220704 012950.061 INFO             PET0 !!!                   ESMF_LOGKIND_Multi_On_Error  !!!
20220704 012950.061 INFO             PET0 !!!!!!!!!!!!!!!!!!!!!!!!!!!!!!!!!!!!!!!!!!!!!!!!!!!!!!
20220704 012950.061 INFO             PET0 Running with ESMF Version   : v8.4.0b02-7-g9328c9b05f
20220704 012950.061 INFO             PET0 ESMF library build date/time: "Jul  4 2022" "01:07:37"
20220704 012950.061 INFO             PET0 ESMF library build location : /gpfsm/dnb04/projects/p98/mpotts/esmf/gfortran_8.3.0_mpt_O_develop
20220704 012950.061 INFO             PET0 ESMF_COMM                   : mpt
20220704 012950.061 INFO             PET0 ESMF_MOAB                   : enabled
20220704 012950.061 INFO             PET0 ESMF_LAPACK                 : enabled
20220704 012950.061 INFO             PET0 ESMF_NETCDF                 : disabled
20220704 012950.061 INFO             PET0 ESMF_PNETCDF                : disabled
20220704 012950.061 INFO             PET0 ESMF_PIO                    : disabled
20220704 012950.061 INFO             PET0 ESMF_YAMLCPP                : enabled
20220704 012950.062 INFO             PET0  NUMBER_OF_PROCESSORS           4
20220704 012950.062 INFO             PET0  PASS  Example ESMF_VMUserMpiCommMultiEx, ESMF_VMUserMpiCommMultiEx.F90, line 126
20220704 012950.062 INFO             PET0 Finalizing ESMF
20220704 012950.061 INFO             PET0 !!!!!!!!!!!!!!!!!!!!!!!!!!!!!!!!!!!!!!!!!!!!!!!!!!!!!!
20220704 012950.061 INFO             PET0 !!! THE ESMF_LOG IS SET TO OUTPUT ALL LOG MESSAGES !!!
20220704 012950.061 INFO             PET0 !!!     THIS MAY CAUSE SLOWDOWN IN PERFORMANCE     !!!
20220704 012950.061 INFO             PET0 !!! FOR PRODUCTION RUNS, USE:                      !!!
20220704 012950.061 INFO             PET0 !!!                   ESMF_LOGKIND_Multi_On_Error  !!!
20220704 012950.061 INFO             PET0 !!!!!!!!!!!!!!!!!!!!!!!!!!!!!!!!!!!!!!!!!!!!!!!!!!!!!!
20220704 012950.061 INFO             PET0 Running with ESMF Version   : v8.4.0b02-7-g9328c9b05f
20220704 012950.061 INFO             PET0 ESMF library build date/time: "Jul  4 2022" "01:07:37"
20220704 012950.061 INFO             PET0 ESMF library build location : /gpfsm/dnb04/projects/p98/mpotts/esmf/gfortran_8.3.0_mpt_O_develop
20220704 012950.061 INFO             PET0 ESMF_COMM                   : mpt
20220704 012950.061 INFO             PET0 ESMF_MOAB                   : enabled
20220704 012950.061 INFO             PET0 ESMF_LAPACK                 : enabled
20220704 012950.061 INFO             PET0 ESMF_NETCDF                 : disabled
20220704 012950.061 INFO             PET0 ESMF_PNETCDF                : disabled
20220704 012950.061 INFO             PET0 ESMF_PIO                    : disabled
20220704 012950.061 INFO             PET0 ESMF_YAMLCPP                : enabled
20220704 012950.062 INFO             PET0  NUMBER_OF_PROCESSORS           4
20220704 012950.062 INFO             PET0  PASS  Example ESMF_VMUserMpiCommMultiEx, ESMF_VMUserMpiCommMultiEx.F90, line 154
20220704 012950.062 INFO             PET0 Finalizing ESMF
20220704 012950.061 INFO             PET1 !!!!!!!!!!!!!!!!!!!!!!!!!!!!!!!!!!!!!!!!!!!!!!!!!!!!!!
20220704 012950.061 INFO             PET1 !!! THE ESMF_LOG IS SET TO OUTPUT ALL LOG MESSAGES !!!
20220704 012950.061 INFO             PET1 !!!     THIS MAY CAUSE SLOWDOWN IN PERFORMANCE     !!!
20220704 012950.061 INFO             PET1 !!! FOR PRODUCTION RUNS, USE:                      !!!
20220704 012950.061 INFO             PET1 !!!                   ESMF_LOGKIND_Multi_On_Error  !!!
20220704 012950.061 INFO             PET1 !!!!!!!!!!!!!!!!!!!!!!!!!!!!!!!!!!!!!!!!!!!!!!!!!!!!!!
20220704 012950.061 INFO             PET1 Running with ESMF Version   : v8.4.0b02-7-g9328c9b05f
20220704 012950.061 INFO             PET1 ESMF library build date/time: "Jul  4 2022" "01:07:37"
20220704 012950.061 INFO             PET1 ESMF library build location : /gpfsm/dnb04/projects/p98/mpotts/esmf/gfortran_8.3.0_mpt_O_develop
20220704 012950.062 INFO             PET1 ESMF_COMM                   : mpt
20220704 012950.062 INFO             PET1 ESMF_MOAB                   : enabled
20220704 012950.062 INFO             PET1 ESMF_LAPACK                 : enabled
20220704 012950.062 INFO             PET1 ESMF_NETCDF                 : disabled
20220704 012950.062 INFO             PET1 ESMF_PNETCDF                : disabled
20220704 012950.062 INFO             PET1 ESMF_PIO                    : disabled
20220704 012950.062 INFO             PET1 ESMF_YAMLCPP                : enabled
20220704 012950.062 INFO             PET1  NUMBER_OF_PROCESSORS           4
20220704 012950.062 INFO             PET1  PASS  Example ESMF_VMUserMpiCommMultiEx, ESMF_VMUserMpiCommMultiEx.F90, line 126
20220704 012950.062 INFO             PET1 Finalizing ESMF
20220704 012950.061 INFO             PET1 !!!!!!!!!!!!!!!!!!!!!!!!!!!!!!!!!!!!!!!!!!!!!!!!!!!!!!
20220704 012950.061 INFO             PET1 !!! THE ESMF_LOG IS SET TO OUTPUT ALL LOG MESSAGES !!!
20220704 012950.061 INFO             PET1 !!!     THIS MAY CAUSE SLOWDOWN IN PERFORMANCE     !!!
20220704 012950.061 INFO             PET1 !!! FOR PRODUCTION RUNS, USE:                      !!!
20220704 012950.061 INFO             PET1 !!!                   ESMF_LOGKIND_Multi_On_Error  !!!
20220704 012950.061 INFO             PET1 !!!!!!!!!!!!!!!!!!!!!!!!!!!!!!!!!!!!!!!!!!!!!!!!!!!!!!
20220704 012950.061 INFO             PET1 Running with ESMF Version   : v8.4.0b02-7-g9328c9b05f
20220704 012950.061 INFO             PET1 ESMF library build date/time: "Jul  4 2022" "01:07:37"
20220704 012950.061 INFO             PET1 ESMF library build location : /gpfsm/dnb04/projects/p98/mpotts/esmf/gfortran_8.3.0_mpt_O_develop
20220704 012950.061 INFO             PET1 ESMF_COMM                   : mpt
20220704 012950.061 INFO             PET1 ESMF_MOAB                   : enabled
20220704 012950.061 INFO             PET1 ESMF_LAPACK                 : enabled
20220704 012950.061 INFO             PET1 ESMF_NETCDF                 : disabled
20220704 012950.061 INFO             PET1 ESMF_PNETCDF                : disabled
20220704 012950.061 INFO             PET1 ESMF_PIO                    : disabled
20220704 012950.061 INFO             PET1 ESMF_YAMLCPP                : enabled
20220704 012950.062 INFO             PET1  NUMBER_OF_PROCESSORS           4
20220704 012950.062 INFO             PET1  PASS  Example ESMF_VMUserMpiCommMultiEx, ESMF_VMUserMpiCommMultiEx.F90, line 154
20220704 012950.062 INFO             PET1 Finalizing ESMF
