build time -- 2022-07-04 01:08:54.306944
20220704 013046.426 INFO             PET0 !!!!!!!!!!!!!!!!!!!!!!!!!!!!!!!!!!!!!!!!!!!!!!!!!!!!!!
20220704 013046.426 INFO             PET0 !!! THE ESMF_LOG IS SET TO OUTPUT ALL LOG MESSAGES !!!
20220704 013046.426 INFO             PET0 !!!     THIS MAY CAUSE SLOWDOWN IN PERFORMANCE     !!!
20220704 013046.426 INFO             PET0 !!! FOR PRODUCTION RUNS, USE:                      !!!
20220704 013046.426 INFO             PET0 !!!                   ESMF_LOGKIND_Multi_On_Error  !!!
20220704 013046.426 INFO             PET0 !!!!!!!!!!!!!!!!!!!!!!!!!!!!!!!!!!!!!!!!!!!!!!!!!!!!!!
20220704 013046.426 INFO             PET0 Running with ESMF Version   : v8.4.0b02-7-g9328c9b05f
20220704 013046.426 INFO             PET0 ESMF library build date/time: "Jul  4 2022" "01:07:37"
20220704 013046.426 INFO             PET0 ESMF library build location : /gpfsm/dnb04/projects/p98/mpotts/esmf/gfortran_8.3.0_mpt_O_develop
20220704 013046.426 INFO             PET0 ESMF_COMM                   : mpt
20220704 013046.426 INFO             PET0 ESMF_MOAB                   : enabled
20220704 013046.426 INFO             PET0 ESMF_LAPACK                 : enabled
20220704 013046.426 INFO             PET0 ESMF_NETCDF                 : disabled
20220704 013046.426 INFO             PET0 ESMF_PNETCDF                : disabled
20220704 013046.426 INFO             PET0 ESMF_PIO                    : disabled
20220704 013046.426 INFO             PET0 ESMF_YAMLCPP                : enabled
20220704 013046.458 DEBUG            PET0 about to destroy Grid: 0x17abbb0
20220704 013046.461 DEBUG            PET0 about to destroy Grid: 0x17ad440
20220704 013046.471 INFO             PET0  NUMBER_OF_PROCESSORS           4
20220704 013046.471 INFO             PET0  PASS  Example ESMF_NUOPCAtmModelEx, ESMF_NUOPCAtmModelEx.F90, line 806
20220704 013046.471 INFO             PET0 Finalizing ESMF
20220704 013046.426 INFO             PET1 !!!!!!!!!!!!!!!!!!!!!!!!!!!!!!!!!!!!!!!!!!!!!!!!!!!!!!
20220704 013046.426 INFO             PET1 !!! THE ESMF_LOG IS SET TO OUTPUT ALL LOG MESSAGES !!!
20220704 013046.426 INFO             PET1 !!!     THIS MAY CAUSE SLOWDOWN IN PERFORMANCE     !!!
20220704 013046.426 INFO             PET1 !!! FOR PRODUCTION RUNS, USE:                      !!!
20220704 013046.426 INFO             PET1 !!!                   ESMF_LOGKIND_Multi_On_Error  !!!
20220704 013046.426 INFO             PET1 !!!!!!!!!!!!!!!!!!!!!!!!!!!!!!!!!!!!!!!!!!!!!!!!!!!!!!
20220704 013046.426 INFO             PET1 Running with ESMF Version   : v8.4.0b02-7-g9328c9b05f
20220704 013046.426 INFO             PET1 ESMF library build date/time: "Jul  4 2022" "01:07:37"
20220704 013046.426 INFO             PET1 ESMF library build location : /gpfsm/dnb04/projects/p98/mpotts/esmf/gfortran_8.3.0_mpt_O_develop
20220704 013046.426 INFO             PET1 ESMF_COMM                   : mpt
20220704 013046.426 INFO             PET1 ESMF_MOAB                   : enabled
20220704 013046.426 INFO             PET1 ESMF_LAPACK                 : enabled
20220704 013046.426 INFO             PET1 ESMF_NETCDF                 : disabled
20220704 013046.426 INFO             PET1 ESMF_PNETCDF                : disabled
20220704 013046.426 INFO             PET1 ESMF_PIO                    : disabled
20220704 013046.426 INFO             PET1 ESMF_YAMLCPP                : enabled
20220704 013046.458 DEBUG            PET1 about to destroy Grid: 0x17ac8f0
20220704 013046.461 DEBUG            PET1 about to destroy Grid: 0x17ad9c0
20220704 013046.471 INFO             PET1  NUMBER_OF_PROCESSORS           4
20220704 013046.471 INFO             PET1  PASS  Example ESMF_NUOPCAtmModelEx, ESMF_NUOPCAtmModelEx.F90, line 806
20220704 013046.471 INFO             PET1 Finalizing ESMF
20220704 013046.426 INFO             PET2 !!!!!!!!!!!!!!!!!!!!!!!!!!!!!!!!!!!!!!!!!!!!!!!!!!!!!!
20220704 013046.426 INFO             PET2 !!! THE ESMF_LOG IS SET TO OUTPUT ALL LOG MESSAGES !!!
20220704 013046.426 INFO             PET2 !!!     THIS MAY CAUSE SLOWDOWN IN PERFORMANCE     !!!
20220704 013046.426 INFO             PET2 !!! FOR PRODUCTION RUNS, USE:                      !!!
20220704 013046.426 INFO             PET2 !!!                   ESMF_LOGKIND_Multi_On_Error  !!!
20220704 013046.426 INFO             PET2 !!!!!!!!!!!!!!!!!!!!!!!!!!!!!!!!!!!!!!!!!!!!!!!!!!!!!!
20220704 013046.426 INFO             PET2 Running with ESMF Version   : v8.4.0b02-7-g9328c9b05f
20220704 013046.426 INFO             PET2 ESMF library build date/time: "Jul  4 2022" "01:07:37"
20220704 013046.426 INFO             PET2 ESMF library build location : /gpfsm/dnb04/projects/p98/mpotts/esmf/gfortran_8.3.0_mpt_O_develop
20220704 013046.426 INFO             PET2 ESMF_COMM                   : mpt
20220704 013046.426 INFO             PET2 ESMF_MOAB                   : enabled
20220704 013046.426 INFO             PET2 ESMF_LAPACK                 : enabled
20220704 013046.426 INFO             PET2 ESMF_NETCDF                 : disabled
20220704 013046.426 INFO             PET2 ESMF_PNETCDF                : disabled
20220704 013046.426 INFO             PET2 ESMF_PIO                    : disabled
20220704 013046.426 INFO             PET2 ESMF_YAMLCPP                : enabled
20220704 013046.458 DEBUG            PET2 about to destroy Grid: 0x17abe30
20220704 013046.461 DEBUG            PET2 about to destroy Grid: 0x17ad100
20220704 013046.471 INFO             PET2  NUMBER_OF_PROCESSORS           4
20220704 013046.471 INFO             PET2  PASS  Example ESMF_NUOPCAtmModelEx, ESMF_NUOPCAtmModelEx.F90, line 806
20220704 013046.471 INFO             PET2 Finalizing ESMF
20220704 013046.426 INFO             PET3 !!!!!!!!!!!!!!!!!!!!!!!!!!!!!!!!!!!!!!!!!!!!!!!!!!!!!!
20220704 013046.426 INFO             PET3 !!! THE ESMF_LOG IS SET TO OUTPUT ALL LOG MESSAGES !!!
20220704 013046.426 INFO             PET3 !!!     THIS MAY CAUSE SLOWDOWN IN PERFORMANCE     !!!
20220704 013046.426 INFO             PET3 !!! FOR PRODUCTION RUNS, USE:                      !!!
20220704 013046.426 INFO             PET3 !!!                   ESMF_LOGKIND_Multi_On_Error  !!!
20220704 013046.426 INFO             PET3 !!!!!!!!!!!!!!!!!!!!!!!!!!!!!!!!!!!!!!!!!!!!!!!!!!!!!!
20220704 013046.426 INFO             PET3 Running with ESMF Version   : v8.4.0b02-7-g9328c9b05f
20220704 013046.426 INFO             PET3 ESMF library build date/time: "Jul  4 2022" "01:07:37"
20220704 013046.426 INFO             PET3 ESMF library build location : /gpfsm/dnb04/projects/p98/mpotts/esmf/gfortran_8.3.0_mpt_O_develop
20220704 013046.426 INFO             PET3 ESMF_COMM                   : mpt
20220704 013046.426 INFO             PET3 ESMF_MOAB                   : enabled
20220704 013046.426 INFO             PET3 ESMF_LAPACK                 : enabled
20220704 013046.426 INFO             PET3 ESMF_NETCDF                 : disabled
20220704 013046.426 INFO             PET3 ESMF_PNETCDF                : disabled
20220704 013046.426 INFO             PET3 ESMF_PIO                    : disabled
20220704 013046.426 INFO             PET3 ESMF_YAMLCPP                : enabled
20220704 013046.458 DEBUG            PET3 about to destroy Grid: 0x17abf30
20220704 013046.461 DEBUG            PET3 about to destroy Grid: 0x17ad460
20220704 013046.471 INFO             PET3  NUMBER_OF_PROCESSORS           4
20220704 013046.471 INFO             PET3  PASS  Example ESMF_NUOPCAtmModelEx, ESMF_NUOPCAtmModelEx.F90, line 806
20220704 013046.471 INFO             PET3 Finalizing ESMF
