build time -- 2022-07-18 01:25:54.446960
20220718 015036.706 INFO             PET0 !!!!!!!!!!!!!!!!!!!!!!!!!!!!!!!!!!!!!!!!!!!!!!!!!!!!!!
20220718 015036.706 INFO             PET0 !!! THE ESMF_LOG IS SET TO OUTPUT ALL LOG MESSAGES !!!
20220718 015036.706 INFO             PET0 !!!     THIS MAY CAUSE SLOWDOWN IN PERFORMANCE     !!!
20220718 015036.706 INFO             PET0 !!! FOR PRODUCTION RUNS, USE:                      !!!
20220718 015036.706 INFO             PET0 !!!                   ESMF_LOGKIND_Multi_On_Error  !!!
20220718 015036.706 INFO             PET0 !!!!!!!!!!!!!!!!!!!!!!!!!!!!!!!!!!!!!!!!!!!!!!!!!!!!!!
20220718 015036.706 INFO             PET0 Running with ESMF Version   : v8.4.0b04-9-g4da4a8320a
20220718 015036.706 INFO             PET0 ESMF library build date/time: "Jul 18 2022" "01:24:24"
20220718 015036.706 INFO             PET0 ESMF library build location : /gpfsm/dnb04/projects/p98/mpotts/esmf/gfortran_10.1.0_intelmpi_g_feature_named-alias
20220718 015036.706 INFO             PET0 ESMF_COMM                   : intelmpi
20220718 015036.706 INFO             PET0 ESMF_MOAB                   : enabled
20220718 015036.706 INFO             PET0 ESMF_LAPACK                 : enabled
20220718 015036.706 INFO             PET0 ESMF_NETCDF                 : disabled
20220718 015036.706 INFO             PET0 ESMF_PNETCDF                : disabled
20220718 015036.706 INFO             PET0 ESMF_PIO                    : disabled
20220718 015036.706 INFO             PET0 ESMF_YAMLCPP                : enabled
20220718 015036.707 INFO             PET0  NUMBER_OF_PROCESSORS           4
20220718 015036.707 INFO             PET0  PASS  Example ESMF_VMUserMpiCommMultiEx, ESMF_VMUserMpiCommMultiEx.F90, line 126
20220718 015036.707 INFO             PET0 Finalizing ESMF
20220718 015036.708 INFO             PET0 !!!!!!!!!!!!!!!!!!!!!!!!!!!!!!!!!!!!!!!!!!!!!!!!!!!!!!
20220718 015036.708 INFO             PET0 !!! THE ESMF_LOG IS SET TO OUTPUT ALL LOG MESSAGES !!!
20220718 015036.708 INFO             PET0 !!!     THIS MAY CAUSE SLOWDOWN IN PERFORMANCE     !!!
20220718 015036.708 INFO             PET0 !!! FOR PRODUCTION RUNS, USE:                      !!!
20220718 015036.708 INFO             PET0 !!!                   ESMF_LOGKIND_Multi_On_Error  !!!
20220718 015036.708 INFO             PET0 !!!!!!!!!!!!!!!!!!!!!!!!!!!!!!!!!!!!!!!!!!!!!!!!!!!!!!
20220718 015036.708 INFO             PET0 Running with ESMF Version   : v8.4.0b04-9-g4da4a8320a
20220718 015036.708 INFO             PET0 ESMF library build date/time: "Jul 18 2022" "01:24:24"
20220718 015036.708 INFO             PET0 ESMF library build location : /gpfsm/dnb04/projects/p98/mpotts/esmf/gfortran_10.1.0_intelmpi_g_feature_named-alias
20220718 015036.708 INFO             PET0 ESMF_COMM                   : intelmpi
20220718 015036.708 INFO             PET0 ESMF_MOAB                   : enabled
20220718 015036.708 INFO             PET0 ESMF_LAPACK                 : enabled
20220718 015036.708 INFO             PET0 ESMF_NETCDF                 : disabled
20220718 015036.708 INFO             PET0 ESMF_PNETCDF                : disabled
20220718 015036.708 INFO             PET0 ESMF_PIO                    : disabled
20220718 015036.708 INFO             PET0 ESMF_YAMLCPP                : enabled
20220718 015036.709 INFO             PET0  NUMBER_OF_PROCESSORS           4
20220718 015036.709 INFO             PET0  PASS  Example ESMF_VMUserMpiCommMultiEx, ESMF_VMUserMpiCommMultiEx.F90, line 154
20220718 015036.709 INFO             PET0 Finalizing ESMF
20220718 015036.707 INFO             PET1 !!!!!!!!!!!!!!!!!!!!!!!!!!!!!!!!!!!!!!!!!!!!!!!!!!!!!!
20220718 015036.707 INFO             PET1 !!! THE ESMF_LOG IS SET TO OUTPUT ALL LOG MESSAGES !!!
20220718 015036.707 INFO             PET1 !!!     THIS MAY CAUSE SLOWDOWN IN PERFORMANCE     !!!
20220718 015036.707 INFO             PET1 !!! FOR PRODUCTION RUNS, USE:                      !!!
20220718 015036.707 INFO             PET1 !!!                   ESMF_LOGKIND_Multi_On_Error  !!!
20220718 015036.707 INFO             PET1 !!!!!!!!!!!!!!!!!!!!!!!!!!!!!!!!!!!!!!!!!!!!!!!!!!!!!!
20220718 015036.707 INFO             PET1 Running with ESMF Version   : v8.4.0b04-9-g4da4a8320a
20220718 015036.707 INFO             PET1 ESMF library build date/time: "Jul 18 2022" "01:24:24"
20220718 015036.707 INFO             PET1 ESMF library build location : /gpfsm/dnb04/projects/p98/mpotts/esmf/gfortran_10.1.0_intelmpi_g_feature_named-alias
20220718 015036.707 INFO             PET1 ESMF_COMM                   : intelmpi
20220718 015036.707 INFO             PET1 ESMF_MOAB                   : enabled
20220718 015036.707 INFO             PET1 ESMF_LAPACK                 : enabled
20220718 015036.707 INFO             PET1 ESMF_NETCDF                 : disabled
20220718 015036.707 INFO             PET1 ESMF_PNETCDF                : disabled
20220718 015036.707 INFO             PET1 ESMF_PIO                    : disabled
20220718 015036.707 INFO             PET1 ESMF_YAMLCPP                : enabled
20220718 015036.707 INFO             PET1  NUMBER_OF_PROCESSORS           4
20220718 015036.707 INFO             PET1  PASS  Example ESMF_VMUserMpiCommMultiEx, ESMF_VMUserMpiCommMultiEx.F90, line 126
20220718 015036.707 INFO             PET1 Finalizing ESMF
20220718 015036.707 INFO             PET1 !!!!!!!!!!!!!!!!!!!!!!!!!!!!!!!!!!!!!!!!!!!!!!!!!!!!!!
20220718 015036.707 INFO             PET1 !!! THE ESMF_LOG IS SET TO OUTPUT ALL LOG MESSAGES !!!
20220718 015036.707 INFO             PET1 !!!     THIS MAY CAUSE SLOWDOWN IN PERFORMANCE     !!!
20220718 015036.707 INFO             PET1 !!! FOR PRODUCTION RUNS, USE:                      !!!
20220718 015036.707 INFO             PET1 !!!                   ESMF_LOGKIND_Multi_On_Error  !!!
20220718 015036.707 INFO             PET1 !!!!!!!!!!!!!!!!!!!!!!!!!!!!!!!!!!!!!!!!!!!!!!!!!!!!!!
20220718 015036.707 INFO             PET1 Running with ESMF Version   : v8.4.0b04-9-g4da4a8320a
20220718 015036.708 INFO             PET1 ESMF library build date/time: "Jul 18 2022" "01:24:24"
20220718 015036.708 INFO             PET1 ESMF library build location : /gpfsm/dnb04/projects/p98/mpotts/esmf/gfortran_10.1.0_intelmpi_g_feature_named-alias
20220718 015036.708 INFO             PET1 ESMF_COMM                   : intelmpi
20220718 015036.708 INFO             PET1 ESMF_MOAB                   : enabled
20220718 015036.708 INFO             PET1 ESMF_LAPACK                 : enabled
20220718 015036.708 INFO             PET1 ESMF_NETCDF                 : disabled
20220718 015036.708 INFO             PET1 ESMF_PNETCDF                : disabled
20220718 015036.708 INFO             PET1 ESMF_PIO                    : disabled
20220718 015036.708 INFO             PET1 ESMF_YAMLCPP                : enabled
20220718 015036.709 INFO             PET1  NUMBER_OF_PROCESSORS           4
20220718 015036.709 INFO             PET1  PASS  Example ESMF_VMUserMpiCommMultiEx, ESMF_VMUserMpiCommMultiEx.F90, line 154
20220718 015036.709 INFO             PET1 Finalizing ESMF
