build time -- 2022-07-17 01:26:46.456819
20220717 015441.874 INFO             PET0 !!!!!!!!!!!!!!!!!!!!!!!!!!!!!!!!!!!!!!!!!!!!!!!!!!!!!!
20220717 015441.874 INFO             PET0 !!! THE ESMF_LOG IS SET TO OUTPUT ALL LOG MESSAGES !!!
20220717 015441.874 INFO             PET0 !!!     THIS MAY CAUSE SLOWDOWN IN PERFORMANCE     !!!
20220717 015441.874 INFO             PET0 !!! FOR PRODUCTION RUNS, USE:                      !!!
20220717 015441.874 INFO             PET0 !!!                   ESMF_LOGKIND_Multi_On_Error  !!!
20220717 015441.874 INFO             PET0 !!!!!!!!!!!!!!!!!!!!!!!!!!!!!!!!!!!!!!!!!!!!!!!!!!!!!!
20220717 015441.874 INFO             PET0 Running with ESMF Version   : v8.4.0b04-9-g4da4a8320a
20220717 015441.874 INFO             PET0 ESMF library build date/time: "Jul 17 2022" "01:23:44"
20220717 015441.874 INFO             PET0 ESMF library build location : /gpfsm/dnb04/projects/p98/mpotts/esmf/gfortran_10.1.0_intelmpi_g_feature_named-alias
20220717 015441.874 INFO             PET0 ESMF_COMM                   : intelmpi
20220717 015441.874 INFO             PET0 ESMF_MOAB                   : enabled
20220717 015441.875 INFO             PET0 ESMF_LAPACK                 : enabled
20220717 015441.875 INFO             PET0 ESMF_NETCDF                 : disabled
20220717 015441.875 INFO             PET0 ESMF_PNETCDF                : disabled
20220717 015441.875 INFO             PET0 ESMF_PIO                    : disabled
20220717 015441.875 INFO             PET0 ESMF_YAMLCPP                : enabled
20220717 015441.985 DEBUG            PET0 about to destroy Grid: 0x8588d0
20220717 015441.997 DEBUG            PET0 about to destroy Grid: 0x859b70
20220717 015442.031 INFO             PET0  NUMBER_OF_PROCESSORS           4
20220717 015442.031 INFO             PET0  PASS  Example ESMF_NUOPCAtmModelEx, ESMF_NUOPCAtmModelEx.F90, line 806
20220717 015442.031 INFO             PET0 Finalizing ESMF
20220717 015441.874 INFO             PET1 !!!!!!!!!!!!!!!!!!!!!!!!!!!!!!!!!!!!!!!!!!!!!!!!!!!!!!
20220717 015441.874 INFO             PET1 !!! THE ESMF_LOG IS SET TO OUTPUT ALL LOG MESSAGES !!!
20220717 015441.874 INFO             PET1 !!!     THIS MAY CAUSE SLOWDOWN IN PERFORMANCE     !!!
20220717 015441.874 INFO             PET1 !!! FOR PRODUCTION RUNS, USE:                      !!!
20220717 015441.874 INFO             PET1 !!!                   ESMF_LOGKIND_Multi_On_Error  !!!
20220717 015441.874 INFO             PET1 !!!!!!!!!!!!!!!!!!!!!!!!!!!!!!!!!!!!!!!!!!!!!!!!!!!!!!
20220717 015441.874 INFO             PET1 Running with ESMF Version   : v8.4.0b04-9-g4da4a8320a
20220717 015441.874 INFO             PET1 ESMF library build date/time: "Jul 17 2022" "01:23:44"
20220717 015441.874 INFO             PET1 ESMF library build location : /gpfsm/dnb04/projects/p98/mpotts/esmf/gfortran_10.1.0_intelmpi_g_feature_named-alias
20220717 015441.874 INFO             PET1 ESMF_COMM                   : intelmpi
20220717 015441.875 INFO             PET1 ESMF_MOAB                   : enabled
20220717 015441.875 INFO             PET1 ESMF_LAPACK                 : enabled
20220717 015441.875 INFO             PET1 ESMF_NETCDF                 : disabled
20220717 015441.875 INFO             PET1 ESMF_PNETCDF                : disabled
20220717 015441.875 INFO             PET1 ESMF_PIO                    : disabled
20220717 015441.875 INFO             PET1 ESMF_YAMLCPP                : enabled
20220717 015441.985 DEBUG            PET1 about to destroy Grid: 0x858e30
20220717 015441.997 DEBUG            PET1 about to destroy Grid: 0x859dd0
20220717 015442.031 INFO             PET1  NUMBER_OF_PROCESSORS           4
20220717 015442.031 INFO             PET1  PASS  Example ESMF_NUOPCAtmModelEx, ESMF_NUOPCAtmModelEx.F90, line 806
20220717 015442.031 INFO             PET1 Finalizing ESMF
20220717 015441.875 INFO             PET2 !!!!!!!!!!!!!!!!!!!!!!!!!!!!!!!!!!!!!!!!!!!!!!!!!!!!!!
20220717 015441.875 INFO             PET2 !!! THE ESMF_LOG IS SET TO OUTPUT ALL LOG MESSAGES !!!
20220717 015441.875 INFO             PET2 !!!     THIS MAY CAUSE SLOWDOWN IN PERFORMANCE     !!!
20220717 015441.875 INFO             PET2 !!! FOR PRODUCTION RUNS, USE:                      !!!
20220717 015441.875 INFO             PET2 !!!                   ESMF_LOGKIND_Multi_On_Error  !!!
20220717 015441.875 INFO             PET2 !!!!!!!!!!!!!!!!!!!!!!!!!!!!!!!!!!!!!!!!!!!!!!!!!!!!!!
20220717 015441.875 INFO             PET2 Running with ESMF Version   : v8.4.0b04-9-g4da4a8320a
20220717 015441.875 INFO             PET2 ESMF library build date/time: "Jul 17 2022" "01:23:44"
20220717 015441.875 INFO             PET2 ESMF library build location : /gpfsm/dnb04/projects/p98/mpotts/esmf/gfortran_10.1.0_intelmpi_g_feature_named-alias
20220717 015441.875 INFO             PET2 ESMF_COMM                   : intelmpi
20220717 015441.875 INFO             PET2 ESMF_MOAB                   : enabled
20220717 015441.875 INFO             PET2 ESMF_LAPACK                 : enabled
20220717 015441.875 INFO             PET2 ESMF_NETCDF                 : disabled
20220717 015441.875 INFO             PET2 ESMF_PNETCDF                : disabled
20220717 015441.875 INFO             PET2 ESMF_PIO                    : disabled
20220717 015441.875 INFO             PET2 ESMF_YAMLCPP                : enabled
20220717 015441.985 DEBUG            PET2 about to destroy Grid: 0x858760
20220717 015441.997 DEBUG            PET2 about to destroy Grid: 0x859700
20220717 015442.031 INFO             PET2  NUMBER_OF_PROCESSORS           4
20220717 015442.032 INFO             PET2  PASS  Example ESMF_NUOPCAtmModelEx, ESMF_NUOPCAtmModelEx.F90, line 806
20220717 015442.032 INFO             PET2 Finalizing ESMF
20220717 015441.875 INFO             PET3 !!!!!!!!!!!!!!!!!!!!!!!!!!!!!!!!!!!!!!!!!!!!!!!!!!!!!!
20220717 015441.875 INFO             PET3 !!! THE ESMF_LOG IS SET TO OUTPUT ALL LOG MESSAGES !!!
20220717 015441.875 INFO             PET3 !!!     THIS MAY CAUSE SLOWDOWN IN PERFORMANCE     !!!
20220717 015441.875 INFO             PET3 !!! FOR PRODUCTION RUNS, USE:                      !!!
20220717 015441.875 INFO             PET3 !!!                   ESMF_LOGKIND_Multi_On_Error  !!!
20220717 015441.875 INFO             PET3 !!!!!!!!!!!!!!!!!!!!!!!!!!!!!!!!!!!!!!!!!!!!!!!!!!!!!!
20220717 015441.875 INFO             PET3 Running with ESMF Version   : v8.4.0b04-9-g4da4a8320a
20220717 015441.875 INFO             PET3 ESMF library build date/time: "Jul 17 2022" "01:23:44"
20220717 015441.875 INFO             PET3 ESMF library build location : /gpfsm/dnb04/projects/p98/mpotts/esmf/gfortran_10.1.0_intelmpi_g_feature_named-alias
20220717 015441.875 INFO             PET3 ESMF_COMM                   : intelmpi
20220717 015441.875 INFO             PET3 ESMF_MOAB                   : enabled
20220717 015441.875 INFO             PET3 ESMF_LAPACK                 : enabled
20220717 015441.875 INFO             PET3 ESMF_NETCDF                 : disabled
20220717 015441.875 INFO             PET3 ESMF_PNETCDF                : disabled
20220717 015441.875 INFO             PET3 ESMF_PIO                    : disabled
20220717 015441.875 INFO             PET3 ESMF_YAMLCPP                : enabled
20220717 015441.985 DEBUG            PET3 about to destroy Grid: 0x8586d0
20220717 015441.997 DEBUG            PET3 about to destroy Grid: 0x8599f0
20220717 015442.031 INFO             PET3  NUMBER_OF_PROCESSORS           4
20220717 015442.031 INFO             PET3  PASS  Example ESMF_NUOPCAtmModelEx, ESMF_NUOPCAtmModelEx.F90, line 806
20220717 015442.031 INFO             PET3 Finalizing ESMF
