build time -- 2022-07-13 02:29:07.993350
20220713 030221.404 INFO             PET0 !!!!!!!!!!!!!!!!!!!!!!!!!!!!!!!!!!!!!!!!!!!!!!!!!!!!!!
20220713 030221.404 INFO             PET0 !!! THE ESMF_LOG IS SET TO OUTPUT ALL LOG MESSAGES !!!
20220713 030221.404 INFO             PET0 !!!     THIS MAY CAUSE SLOWDOWN IN PERFORMANCE     !!!
20220713 030221.404 INFO             PET0 !!! FOR PRODUCTION RUNS, USE:                      !!!
20220713 030221.404 INFO             PET0 !!!                   ESMF_LOGKIND_Multi_On_Error  !!!
20220713 030221.404 INFO             PET0 !!!!!!!!!!!!!!!!!!!!!!!!!!!!!!!!!!!!!!!!!!!!!!!!!!!!!!
20220713 030221.404 INFO             PET0 Running with ESMF Version   : v8.4.0b03-3-g14a79d558f
20220713 030221.404 INFO             PET0 ESMF library build date/time: "Jul 13 2022" "02:26:01"
20220713 030221.404 INFO             PET0 ESMF library build location : /glade/scratch/dunlap/esmf-testing/gfortran_7.4.0_openmpi_g_develop
20220713 030221.404 INFO             PET0 ESMF_COMM                   : openmpi
20220713 030221.404 INFO             PET0 ESMF_MOAB                   : enabled
20220713 030221.404 INFO             PET0 ESMF_LAPACK                 : enabled
20220713 030221.404 INFO             PET0 ESMF_NETCDF                 : enabled
20220713 030221.404 INFO             PET0 ESMF_PNETCDF                : disabled
20220713 030221.404 INFO             PET0 ESMF_PIO                    : enabled
20220713 030221.404 INFO             PET0 ESMF_YAMLCPP                : enabled
20220713 030221.405 INFO             PET0  NUMBER_OF_PROCESSORS           4
20220713 030221.405 INFO             PET0  PASS  Example ESMF_VMUserMpiCommMultiEx, ESMF_VMUserMpiCommMultiEx.F90, line 126
20220713 030221.405 INFO             PET0 Finalizing ESMF
20220713 030221.403 INFO             PET0 !!!!!!!!!!!!!!!!!!!!!!!!!!!!!!!!!!!!!!!!!!!!!!!!!!!!!!
20220713 030221.403 INFO             PET0 !!! THE ESMF_LOG IS SET TO OUTPUT ALL LOG MESSAGES !!!
20220713 030221.403 INFO             PET0 !!!     THIS MAY CAUSE SLOWDOWN IN PERFORMANCE     !!!
20220713 030221.403 INFO             PET0 !!! FOR PRODUCTION RUNS, USE:                      !!!
20220713 030221.403 INFO             PET0 !!!                   ESMF_LOGKIND_Multi_On_Error  !!!
20220713 030221.403 INFO             PET0 !!!!!!!!!!!!!!!!!!!!!!!!!!!!!!!!!!!!!!!!!!!!!!!!!!!!!!
20220713 030221.403 INFO             PET0 Running with ESMF Version   : v8.4.0b03-3-g14a79d558f
20220713 030221.403 INFO             PET0 ESMF library build date/time: "Jul 13 2022" "02:26:01"
20220713 030221.403 INFO             PET0 ESMF library build location : /glade/scratch/dunlap/esmf-testing/gfortran_7.4.0_openmpi_g_develop
20220713 030221.403 INFO             PET0 ESMF_COMM                   : openmpi
20220713 030221.403 INFO             PET0 ESMF_MOAB                   : enabled
20220713 030221.403 INFO             PET0 ESMF_LAPACK                 : enabled
20220713 030221.403 INFO             PET0 ESMF_NETCDF                 : enabled
20220713 030221.403 INFO             PET0 ESMF_PNETCDF                : disabled
20220713 030221.403 INFO             PET0 ESMF_PIO                    : enabled
20220713 030221.403 INFO             PET0 ESMF_YAMLCPP                : enabled
20220713 030221.404 INFO             PET0  NUMBER_OF_PROCESSORS           4
20220713 030221.404 INFO             PET0  PASS  Example ESMF_VMUserMpiCommMultiEx, ESMF_VMUserMpiCommMultiEx.F90, line 154
20220713 030221.404 INFO             PET0 Finalizing ESMF
20220713 030221.405 INFO             PET1 !!!!!!!!!!!!!!!!!!!!!!!!!!!!!!!!!!!!!!!!!!!!!!!!!!!!!!
20220713 030221.405 INFO             PET1 !!! THE ESMF_LOG IS SET TO OUTPUT ALL LOG MESSAGES !!!
20220713 030221.405 INFO             PET1 !!!     THIS MAY CAUSE SLOWDOWN IN PERFORMANCE     !!!
20220713 030221.405 INFO             PET1 !!! FOR PRODUCTION RUNS, USE:                      !!!
20220713 030221.405 INFO             PET1 !!!                   ESMF_LOGKIND_Multi_On_Error  !!!
20220713 030221.405 INFO             PET1 !!!!!!!!!!!!!!!!!!!!!!!!!!!!!!!!!!!!!!!!!!!!!!!!!!!!!!
20220713 030221.405 INFO             PET1 Running with ESMF Version   : v8.4.0b03-3-g14a79d558f
20220713 030221.405 INFO             PET1 ESMF library build date/time: "Jul 13 2022" "02:26:01"
20220713 030221.405 INFO             PET1 ESMF library build location : /glade/scratch/dunlap/esmf-testing/gfortran_7.4.0_openmpi_g_develop
20220713 030221.405 INFO             PET1 ESMF_COMM                   : openmpi
20220713 030221.405 INFO             PET1 ESMF_MOAB                   : enabled
20220713 030221.405 INFO             PET1 ESMF_LAPACK                 : enabled
20220713 030221.405 INFO             PET1 ESMF_NETCDF                 : enabled
20220713 030221.405 INFO             PET1 ESMF_PNETCDF                : disabled
20220713 030221.405 INFO             PET1 ESMF_PIO                    : enabled
20220713 030221.405 INFO             PET1 ESMF_YAMLCPP                : enabled
20220713 030221.405 INFO             PET1  NUMBER_OF_PROCESSORS           4
20220713 030221.405 INFO             PET1  PASS  Example ESMF_VMUserMpiCommMultiEx, ESMF_VMUserMpiCommMultiEx.F90, line 126
20220713 030221.405 INFO             PET1 Finalizing ESMF
20220713 030221.403 INFO             PET1 !!!!!!!!!!!!!!!!!!!!!!!!!!!!!!!!!!!!!!!!!!!!!!!!!!!!!!
20220713 030221.403 INFO             PET1 !!! THE ESMF_LOG IS SET TO OUTPUT ALL LOG MESSAGES !!!
20220713 030221.403 INFO             PET1 !!!     THIS MAY CAUSE SLOWDOWN IN PERFORMANCE     !!!
20220713 030221.403 INFO             PET1 !!! FOR PRODUCTION RUNS, USE:                      !!!
20220713 030221.403 INFO             PET1 !!!                   ESMF_LOGKIND_Multi_On_Error  !!!
20220713 030221.403 INFO             PET1 !!!!!!!!!!!!!!!!!!!!!!!!!!!!!!!!!!!!!!!!!!!!!!!!!!!!!!
20220713 030221.403 INFO             PET1 Running with ESMF Version   : v8.4.0b03-3-g14a79d558f
20220713 030221.403 INFO             PET1 ESMF library build date/time: "Jul 13 2022" "02:26:01"
20220713 030221.403 INFO             PET1 ESMF library build location : /glade/scratch/dunlap/esmf-testing/gfortran_7.4.0_openmpi_g_develop
20220713 030221.403 INFO             PET1 ESMF_COMM                   : openmpi
20220713 030221.404 INFO             PET1 ESMF_MOAB                   : enabled
20220713 030221.404 INFO             PET1 ESMF_LAPACK                 : enabled
20220713 030221.404 INFO             PET1 ESMF_NETCDF                 : enabled
20220713 030221.404 INFO             PET1 ESMF_PNETCDF                : disabled
20220713 030221.404 INFO             PET1 ESMF_PIO                    : enabled
20220713 030221.404 INFO             PET1 ESMF_YAMLCPP                : enabled
20220713 030221.404 INFO             PET1  NUMBER_OF_PROCESSORS           4
20220713 030221.404 INFO             PET1  PASS  Example ESMF_VMUserMpiCommMultiEx, ESMF_VMUserMpiCommMultiEx.F90, line 154
20220713 030221.404 INFO             PET1 Finalizing ESMF
