build time -- 2022-07-04 02:27:52.275066
20220704 030159.144 INFO             PET0 !!!!!!!!!!!!!!!!!!!!!!!!!!!!!!!!!!!!!!!!!!!!!!!!!!!!!!
20220704 030159.144 INFO             PET0 !!! THE ESMF_LOG IS SET TO OUTPUT ALL LOG MESSAGES !!!
20220704 030159.144 INFO             PET0 !!!     THIS MAY CAUSE SLOWDOWN IN PERFORMANCE     !!!
20220704 030159.144 INFO             PET0 !!! FOR PRODUCTION RUNS, USE:                      !!!
20220704 030159.144 INFO             PET0 !!!                   ESMF_LOGKIND_Multi_On_Error  !!!
20220704 030159.144 INFO             PET0 !!!!!!!!!!!!!!!!!!!!!!!!!!!!!!!!!!!!!!!!!!!!!!!!!!!!!!
20220704 030159.144 INFO             PET0 Running with ESMF Version   : v8.4.0b02-7-g9328c9b05f
20220704 030159.144 INFO             PET0 ESMF library build date/time: "Jul  4 2022" "02:24:45"
20220704 030159.144 INFO             PET0 ESMF library build location : /glade/scratch/dunlap/esmf-testing/gfortran_7.4.0_openmpi_g_develop
20220704 030159.144 INFO             PET0 ESMF_COMM                   : openmpi
20220704 030159.144 INFO             PET0 ESMF_MOAB                   : enabled
20220704 030159.144 INFO             PET0 ESMF_LAPACK                 : enabled
20220704 030159.144 INFO             PET0 ESMF_NETCDF                 : enabled
20220704 030159.144 INFO             PET0 ESMF_PNETCDF                : disabled
20220704 030159.144 INFO             PET0 ESMF_PIO                    : enabled
20220704 030159.144 INFO             PET0 ESMF_YAMLCPP                : enabled
20220704 030159.156 INFO             PET0 ESMF_FieldRedistStoreNF(): Just entered routine.
20220704 030159.505 INFO             PET0 ESMF_FieldRedistStoreNF(): Leaving routine.
20220704 030159.509 INFO             PET0  NUMBER_OF_PROCESSORS           4
20220704 030159.509 INFO             PET0  PASS  Example ESMF_RHandleFromRHandleEx, ESMF_RHandleFromRHandleEx.F90, line 660
20220704 030159.509 INFO             PET0 Finalizing ESMF
20220704 030159.146 INFO             PET1 !!!!!!!!!!!!!!!!!!!!!!!!!!!!!!!!!!!!!!!!!!!!!!!!!!!!!!
20220704 030159.146 INFO             PET1 !!! THE ESMF_LOG IS SET TO OUTPUT ALL LOG MESSAGES !!!
20220704 030159.146 INFO             PET1 !!!     THIS MAY CAUSE SLOWDOWN IN PERFORMANCE     !!!
20220704 030159.146 INFO             PET1 !!! FOR PRODUCTION RUNS, USE:                      !!!
20220704 030159.146 INFO             PET1 !!!                   ESMF_LOGKIND_Multi_On_Error  !!!
20220704 030159.146 INFO             PET1 !!!!!!!!!!!!!!!!!!!!!!!!!!!!!!!!!!!!!!!!!!!!!!!!!!!!!!
20220704 030159.146 INFO             PET1 Running with ESMF Version   : v8.4.0b02-7-g9328c9b05f
20220704 030159.146 INFO             PET1 ESMF library build date/time: "Jul  4 2022" "02:24:45"
20220704 030159.146 INFO             PET1 ESMF library build location : /glade/scratch/dunlap/esmf-testing/gfortran_7.4.0_openmpi_g_develop
20220704 030159.146 INFO             PET1 ESMF_COMM                   : openmpi
20220704 030159.146 INFO             PET1 ESMF_MOAB                   : enabled
20220704 030159.146 INFO             PET1 ESMF_LAPACK                 : enabled
20220704 030159.146 INFO             PET1 ESMF_NETCDF                 : enabled
20220704 030159.146 INFO             PET1 ESMF_PNETCDF                : disabled
20220704 030159.146 INFO             PET1 ESMF_PIO                    : enabled
20220704 030159.146 INFO             PET1 ESMF_YAMLCPP                : enabled
20220704 030159.156 INFO             PET1 ESMF_FieldRedistStoreNF(): Just entered routine.
20220704 030159.505 INFO             PET1 ESMF_FieldRedistStoreNF(): Leaving routine.
20220704 030159.509 INFO             PET1  NUMBER_OF_PROCESSORS           4
20220704 030159.509 INFO             PET1  PASS  Example ESMF_RHandleFromRHandleEx, ESMF_RHandleFromRHandleEx.F90, line 660
20220704 030159.509 INFO             PET1 Finalizing ESMF
20220704 030159.144 INFO             PET2 !!!!!!!!!!!!!!!!!!!!!!!!!!!!!!!!!!!!!!!!!!!!!!!!!!!!!!
20220704 030159.144 INFO             PET2 !!! THE ESMF_LOG IS SET TO OUTPUT ALL LOG MESSAGES !!!
20220704 030159.144 INFO             PET2 !!!     THIS MAY CAUSE SLOWDOWN IN PERFORMANCE     !!!
20220704 030159.144 INFO             PET2 !!! FOR PRODUCTION RUNS, USE:                      !!!
20220704 030159.144 INFO             PET2 !!!                   ESMF_LOGKIND_Multi_On_Error  !!!
20220704 030159.144 INFO             PET2 !!!!!!!!!!!!!!!!!!!!!!!!!!!!!!!!!!!!!!!!!!!!!!!!!!!!!!
20220704 030159.144 INFO             PET2 Running with ESMF Version   : v8.4.0b02-7-g9328c9b05f
20220704 030159.144 INFO             PET2 ESMF library build date/time: "Jul  4 2022" "02:24:45"
20220704 030159.144 INFO             PET2 ESMF library build location : /glade/scratch/dunlap/esmf-testing/gfortran_7.4.0_openmpi_g_develop
20220704 030159.144 INFO             PET2 ESMF_COMM                   : openmpi
20220704 030159.144 INFO             PET2 ESMF_MOAB                   : enabled
20220704 030159.144 INFO             PET2 ESMF_LAPACK                 : enabled
20220704 030159.144 INFO             PET2 ESMF_NETCDF                 : enabled
20220704 030159.144 INFO             PET2 ESMF_PNETCDF                : disabled
20220704 030159.144 INFO             PET2 ESMF_PIO                    : enabled
20220704 030159.144 INFO             PET2 ESMF_YAMLCPP                : enabled
20220704 030159.156 INFO             PET2 ESMF_FieldRedistStoreNF(): Just entered routine.
20220704 030159.505 INFO             PET2 ESMF_FieldRedistStoreNF(): Leaving routine.
20220704 030159.507 INFO             PET2  NUMBER_OF_PROCESSORS           4
20220704 030159.507 INFO             PET2  PASS  Example ESMF_RHandleFromRHandleEx, ESMF_RHandleFromRHandleEx.F90, line 660
20220704 030159.507 INFO             PET2 Finalizing ESMF
20220704 030159.145 INFO             PET3 !!!!!!!!!!!!!!!!!!!!!!!!!!!!!!!!!!!!!!!!!!!!!!!!!!!!!!
20220704 030159.145 INFO             PET3 !!! THE ESMF_LOG IS SET TO OUTPUT ALL LOG MESSAGES !!!
20220704 030159.145 INFO             PET3 !!!     THIS MAY CAUSE SLOWDOWN IN PERFORMANCE     !!!
20220704 030159.145 INFO             PET3 !!! FOR PRODUCTION RUNS, USE:                      !!!
20220704 030159.145 INFO             PET3 !!!                   ESMF_LOGKIND_Multi_On_Error  !!!
20220704 030159.145 INFO             PET3 !!!!!!!!!!!!!!!!!!!!!!!!!!!!!!!!!!!!!!!!!!!!!!!!!!!!!!
20220704 030159.145 INFO             PET3 Running with ESMF Version   : v8.4.0b02-7-g9328c9b05f
20220704 030159.145 INFO             PET3 ESMF library build date/time: "Jul  4 2022" "02:24:45"
20220704 030159.145 INFO             PET3 ESMF library build location : /glade/scratch/dunlap/esmf-testing/gfortran_7.4.0_openmpi_g_develop
20220704 030159.145 INFO             PET3 ESMF_COMM                   : openmpi
20220704 030159.145 INFO             PET3 ESMF_MOAB                   : enabled
20220704 030159.145 INFO             PET3 ESMF_LAPACK                 : enabled
20220704 030159.145 INFO             PET3 ESMF_NETCDF                 : enabled
20220704 030159.145 INFO             PET3 ESMF_PNETCDF                : disabled
20220704 030159.145 INFO             PET3 ESMF_PIO                    : enabled
20220704 030159.145 INFO             PET3 ESMF_YAMLCPP                : enabled
20220704 030159.156 INFO             PET3 ESMF_FieldRedistStoreNF(): Just entered routine.
20220704 030159.504 INFO             PET3 ESMF_FieldRedistStoreNF(): Leaving routine.
20220704 030159.509 INFO             PET3  NUMBER_OF_PROCESSORS           4
20220704 030159.509 INFO             PET3  PASS  Example ESMF_RHandleFromRHandleEx, ESMF_RHandleFromRHandleEx.F90, line 660
20220704 030159.509 INFO             PET3 Finalizing ESMF
