build time -- 2022-06-19 02:25:02.106482
20220619 030056.347 INFO             PET0 !!!!!!!!!!!!!!!!!!!!!!!!!!!!!!!!!!!!!!!!!!!!!!!!!!!!!!
20220619 030056.347 INFO             PET0 !!! THE ESMF_LOG IS SET TO OUTPUT ALL LOG MESSAGES !!!
20220619 030056.347 INFO             PET0 !!!     THIS MAY CAUSE SLOWDOWN IN PERFORMANCE     !!!
20220619 030056.347 INFO             PET0 !!! FOR PRODUCTION RUNS, USE:                      !!!
20220619 030056.347 INFO             PET0 !!!                   ESMF_LOGKIND_Multi_On_Error  !!!
20220619 030056.347 INFO             PET0 !!!!!!!!!!!!!!!!!!!!!!!!!!!!!!!!!!!!!!!!!!!!!!!!!!!!!!
20220619 030056.347 INFO             PET0 Running with ESMF Version   : v8.4.0b01-2-gf0d4ab211d
20220619 030056.347 INFO             PET0 ESMF library build date/time: "Jun 19 2022" "02:21:52"
20220619 030056.347 INFO             PET0 ESMF library build location : /glade/scratch/dunlap/esmf-testing/gfortran_7.4.0_openmpi_g_develop
20220619 030056.347 INFO             PET0 ESMF_COMM                   : openmpi
20220619 030056.347 INFO             PET0 ESMF_MOAB                   : enabled
20220619 030056.347 INFO             PET0 ESMF_LAPACK                 : enabled
20220619 030056.347 INFO             PET0 ESMF_NETCDF                 : enabled
20220619 030056.347 INFO             PET0 ESMF_PNETCDF                : disabled
20220619 030056.347 INFO             PET0 ESMF_PIO                    : enabled
20220619 030056.347 INFO             PET0 ESMF_YAMLCPP                : enabled
20220619 030056.347 INFO             PET0  NUMBER_OF_PROCESSORS           2
20220619 030056.347 INFO             PET0  PASS  Example ESMF_VMUserMpiCommEx, ESMF_VMUserMpiCommEx.F90, line 113
20220619 030056.347 INFO             PET0 Finalizing ESMF
20220619 030056.346 INFO             PET1 !!!!!!!!!!!!!!!!!!!!!!!!!!!!!!!!!!!!!!!!!!!!!!!!!!!!!!
20220619 030056.346 INFO             PET1 !!! THE ESMF_LOG IS SET TO OUTPUT ALL LOG MESSAGES !!!
20220619 030056.346 INFO             PET1 !!!     THIS MAY CAUSE SLOWDOWN IN PERFORMANCE     !!!
20220619 030056.346 INFO             PET1 !!! FOR PRODUCTION RUNS, USE:                      !!!
20220619 030056.346 INFO             PET1 !!!                   ESMF_LOGKIND_Multi_On_Error  !!!
20220619 030056.346 INFO             PET1 !!!!!!!!!!!!!!!!!!!!!!!!!!!!!!!!!!!!!!!!!!!!!!!!!!!!!!
20220619 030056.346 INFO             PET1 Running with ESMF Version   : v8.4.0b01-2-gf0d4ab211d
20220619 030056.346 INFO             PET1 ESMF library build date/time: "Jun 19 2022" "02:21:52"
20220619 030056.346 INFO             PET1 ESMF library build location : /glade/scratch/dunlap/esmf-testing/gfortran_7.4.0_openmpi_g_develop
20220619 030056.346 INFO             PET1 ESMF_COMM                   : openmpi
20220619 030056.346 INFO             PET1 ESMF_MOAB                   : enabled
20220619 030056.346 INFO             PET1 ESMF_LAPACK                 : enabled
20220619 030056.346 INFO             PET1 ESMF_NETCDF                 : enabled
20220619 030056.346 INFO             PET1 ESMF_PNETCDF                : disabled
20220619 030056.346 INFO             PET1 ESMF_PIO                    : enabled
20220619 030056.346 INFO             PET1 ESMF_YAMLCPP                : enabled
20220619 030056.347 INFO             PET1  NUMBER_OF_PROCESSORS           2
20220619 030056.347 INFO             PET1  PASS  Example ESMF_VMUserMpiCommEx, ESMF_VMUserMpiCommEx.F90, line 113
20220619 030056.347 INFO             PET1 Finalizing ESMF
