build time -- 2022-07-06 02:27:37.637070
20220706 030417.662 INFO             PET0 !!!!!!!!!!!!!!!!!!!!!!!!!!!!!!!!!!!!!!!!!!!!!!!!!!!!!!
20220706 030417.662 INFO             PET0 !!! THE ESMF_LOG IS SET TO OUTPUT ALL LOG MESSAGES !!!
20220706 030417.662 INFO             PET0 !!!     THIS MAY CAUSE SLOWDOWN IN PERFORMANCE     !!!
20220706 030417.662 INFO             PET0 !!! FOR PRODUCTION RUNS, USE:                      !!!
20220706 030417.662 INFO             PET0 !!!                   ESMF_LOGKIND_Multi_On_Error  !!!
20220706 030417.662 INFO             PET0 !!!!!!!!!!!!!!!!!!!!!!!!!!!!!!!!!!!!!!!!!!!!!!!!!!!!!!
20220706 030417.662 INFO             PET0 Running with ESMF Version   : v8.4.0b03
20220706 030417.662 INFO             PET0 ESMF library build date/time: "Jul  6 2022" "02:24:34"
20220706 030417.662 INFO             PET0 ESMF library build location : /glade/scratch/dunlap/esmf-testing/gfortran_7.4.0_openmpi_g_develop
20220706 030417.662 INFO             PET0 ESMF_COMM                   : openmpi
20220706 030417.662 INFO             PET0 ESMF_MOAB                   : enabled
20220706 030417.662 INFO             PET0 ESMF_LAPACK                 : enabled
20220706 030417.662 INFO             PET0 ESMF_NETCDF                 : enabled
20220706 030417.662 INFO             PET0 ESMF_PNETCDF                : disabled
20220706 030417.662 INFO             PET0 ESMF_PIO                    : enabled
20220706 030417.662 INFO             PET0 ESMF_YAMLCPP                : enabled
20220706 030417.762 DEBUG            PET0 about to destroy Grid: 0x23fb660
20220706 030417.775 DEBUG            PET0 about to destroy Grid: 0x23fcd40
20220706 030417.809 INFO             PET0  NUMBER_OF_PROCESSORS           4
20220706 030417.809 INFO             PET0  PASS  Example ESMF_NUOPCAtmModelEx, ESMF_NUOPCAtmModelEx.F90, line 806
20220706 030417.809 INFO             PET0 Finalizing ESMF
20220706 030417.663 INFO             PET1 !!!!!!!!!!!!!!!!!!!!!!!!!!!!!!!!!!!!!!!!!!!!!!!!!!!!!!
20220706 030417.663 INFO             PET1 !!! THE ESMF_LOG IS SET TO OUTPUT ALL LOG MESSAGES !!!
20220706 030417.663 INFO             PET1 !!!     THIS MAY CAUSE SLOWDOWN IN PERFORMANCE     !!!
20220706 030417.663 INFO             PET1 !!! FOR PRODUCTION RUNS, USE:                      !!!
20220706 030417.663 INFO             PET1 !!!                   ESMF_LOGKIND_Multi_On_Error  !!!
20220706 030417.663 INFO             PET1 !!!!!!!!!!!!!!!!!!!!!!!!!!!!!!!!!!!!!!!!!!!!!!!!!!!!!!
20220706 030417.663 INFO             PET1 Running with ESMF Version   : v8.4.0b03
20220706 030417.663 INFO             PET1 ESMF library build date/time: "Jul  6 2022" "02:24:34"
20220706 030417.663 INFO             PET1 ESMF library build location : /glade/scratch/dunlap/esmf-testing/gfortran_7.4.0_openmpi_g_develop
20220706 030417.663 INFO             PET1 ESMF_COMM                   : openmpi
20220706 030417.663 INFO             PET1 ESMF_MOAB                   : enabled
20220706 030417.663 INFO             PET1 ESMF_LAPACK                 : enabled
20220706 030417.663 INFO             PET1 ESMF_NETCDF                 : enabled
20220706 030417.663 INFO             PET1 ESMF_PNETCDF                : disabled
20220706 030417.663 INFO             PET1 ESMF_PIO                    : enabled
20220706 030417.663 INFO             PET1 ESMF_YAMLCPP                : enabled
20220706 030417.762 DEBUG            PET1 about to destroy Grid: 0xfbd230
20220706 030417.775 DEBUG            PET1 about to destroy Grid: 0xfbdea0
20220706 030417.809 INFO             PET1  NUMBER_OF_PROCESSORS           4
20220706 030417.809 INFO             PET1  PASS  Example ESMF_NUOPCAtmModelEx, ESMF_NUOPCAtmModelEx.F90, line 806
20220706 030417.809 INFO             PET1 Finalizing ESMF
20220706 030417.662 INFO             PET2 !!!!!!!!!!!!!!!!!!!!!!!!!!!!!!!!!!!!!!!!!!!!!!!!!!!!!!
20220706 030417.662 INFO             PET2 !!! THE ESMF_LOG IS SET TO OUTPUT ALL LOG MESSAGES !!!
20220706 030417.662 INFO             PET2 !!!     THIS MAY CAUSE SLOWDOWN IN PERFORMANCE     !!!
20220706 030417.662 INFO             PET2 !!! FOR PRODUCTION RUNS, USE:                      !!!
20220706 030417.662 INFO             PET2 !!!                   ESMF_LOGKIND_Multi_On_Error  !!!
20220706 030417.662 INFO             PET2 !!!!!!!!!!!!!!!!!!!!!!!!!!!!!!!!!!!!!!!!!!!!!!!!!!!!!!
20220706 030417.662 INFO             PET2 Running with ESMF Version   : v8.4.0b03
20220706 030417.662 INFO             PET2 ESMF library build date/time: "Jul  6 2022" "02:24:34"
20220706 030417.662 INFO             PET2 ESMF library build location : /glade/scratch/dunlap/esmf-testing/gfortran_7.4.0_openmpi_g_develop
20220706 030417.662 INFO             PET2 ESMF_COMM                   : openmpi
20220706 030417.662 INFO             PET2 ESMF_MOAB                   : enabled
20220706 030417.662 INFO             PET2 ESMF_LAPACK                 : enabled
20220706 030417.662 INFO             PET2 ESMF_NETCDF                 : enabled
20220706 030417.662 INFO             PET2 ESMF_PNETCDF                : disabled
20220706 030417.662 INFO             PET2 ESMF_PIO                    : enabled
20220706 030417.662 INFO             PET2 ESMF_YAMLCPP                : enabled
20220706 030417.762 DEBUG            PET2 about to destroy Grid: 0x2267580
20220706 030417.775 DEBUG            PET2 about to destroy Grid: 0x2268630
20220706 030417.809 INFO             PET2  NUMBER_OF_PROCESSORS           4
20220706 030417.809 INFO             PET2  PASS  Example ESMF_NUOPCAtmModelEx, ESMF_NUOPCAtmModelEx.F90, line 806
20220706 030417.809 INFO             PET2 Finalizing ESMF
20220706 030417.662 INFO             PET3 !!!!!!!!!!!!!!!!!!!!!!!!!!!!!!!!!!!!!!!!!!!!!!!!!!!!!!
20220706 030417.662 INFO             PET3 !!! THE ESMF_LOG IS SET TO OUTPUT ALL LOG MESSAGES !!!
20220706 030417.662 INFO             PET3 !!!     THIS MAY CAUSE SLOWDOWN IN PERFORMANCE     !!!
20220706 030417.662 INFO             PET3 !!! FOR PRODUCTION RUNS, USE:                      !!!
20220706 030417.662 INFO             PET3 !!!                   ESMF_LOGKIND_Multi_On_Error  !!!
20220706 030417.662 INFO             PET3 !!!!!!!!!!!!!!!!!!!!!!!!!!!!!!!!!!!!!!!!!!!!!!!!!!!!!!
20220706 030417.662 INFO             PET3 Running with ESMF Version   : v8.4.0b03
20220706 030417.662 INFO             PET3 ESMF library build date/time: "Jul  6 2022" "02:24:34"
20220706 030417.662 INFO             PET3 ESMF library build location : /glade/scratch/dunlap/esmf-testing/gfortran_7.4.0_openmpi_g_develop
20220706 030417.662 INFO             PET3 ESMF_COMM                   : openmpi
20220706 030417.663 INFO             PET3 ESMF_MOAB                   : enabled
20220706 030417.663 INFO             PET3 ESMF_LAPACK                 : enabled
20220706 030417.663 INFO             PET3 ESMF_NETCDF                 : enabled
20220706 030417.663 INFO             PET3 ESMF_PNETCDF                : disabled
20220706 030417.663 INFO             PET3 ESMF_PIO                    : enabled
20220706 030417.663 INFO             PET3 ESMF_YAMLCPP                : enabled
20220706 030417.762 DEBUG            PET3 about to destroy Grid: 0x18437f0
20220706 030417.775 DEBUG            PET3 about to destroy Grid: 0x1841020
20220706 030417.809 INFO             PET3  NUMBER_OF_PROCESSORS           4
20220706 030417.809 INFO             PET3  PASS  Example ESMF_NUOPCAtmModelEx, ESMF_NUOPCAtmModelEx.F90, line 806
20220706 030417.809 INFO             PET3 Finalizing ESMF
