build time -- 2022-06-29 01:29:27
20220629 014805.987 INFO             PET0 !!!!!!!!!!!!!!!!!!!!!!!!!!!!!!!!!!!!!!!!!!!!!!!!!!!!!!
20220629 014805.987 INFO             PET0 !!! THE ESMF_LOG IS SET TO OUTPUT ALL LOG MESSAGES !!!
20220629 014805.987 INFO             PET0 !!!     THIS MAY CAUSE SLOWDOWN IN PERFORMANCE     !!!
20220629 014805.987 INFO             PET0 !!! FOR PRODUCTION RUNS, USE:                      !!!
20220629 014805.987 INFO             PET0 !!!                   ESMF_LOGKIND_Multi_On_Error  !!!
20220629 014805.987 INFO             PET0 !!!!!!!!!!!!!!!!!!!!!!!!!!!!!!!!!!!!!!!!!!!!!!!!!!!!!!
20220629 014805.987 INFO             PET0 Running with ESMF Version   : v8.4.0b01-2-gf0d4ab211d
20220629 014805.987 INFO             PET0 ESMF library build date/time: "Jun 29 2022" "01:28:19"
20220629 014805.987 INFO             PET0 ESMF library build location : /lfs/h1/emc/ptmp/Mark.Potts/intel_19.1.3_mpi_O_develop
20220629 014805.987 INFO             PET0 ESMF_COMM                   : mpi
20220629 014805.988 INFO             PET0 ESMF_MOAB                   : enabled
20220629 014805.988 INFO             PET0 ESMF_LAPACK                 : enabled
20220629 014805.988 INFO             PET0 ESMF_NETCDF                 : enabled
20220629 014805.988 INFO             PET0 ESMF_PNETCDF                : disabled
20220629 014805.988 INFO             PET0 ESMF_PIO                    : enabled
20220629 014805.988 INFO             PET0 ESMF_YAMLCPP                : enabled
20220629 014805.989 INFO             PET0  NUMBER_OF_PROCESSORS           1
20220629 014805.989 INFO             PET0  PASS  Example ESMF_AlarmEx, ESMF_AlarmEx.F90, line 244
20220629 014805.989 INFO             PET0 Finalizing ESMF
