build time -- 2022-04-19 01:26:55
20220419 014521.913 INFO             PET0 !!!!!!!!!!!!!!!!!!!!!!!!!!!!!!!!!!!!!!!!!!!!!!!!!!!!!!
20220419 014521.914 INFO             PET0 !!! THE ESMF_LOG IS SET TO OUTPUT ALL LOG MESSAGES !!!
20220419 014521.914 INFO             PET0 !!!     THIS MAY CAUSE SLOWDOWN IN PERFORMANCE     !!!
20220419 014521.914 INFO             PET0 !!! FOR PRODUCTION RUNS, USE:                      !!!
20220419 014521.914 INFO             PET0 !!!                   ESMF_LOGKIND_Multi_On_Error  !!!
20220419 014521.914 INFO             PET0 !!!!!!!!!!!!!!!!!!!!!!!!!!!!!!!!!!!!!!!!!!!!!!!!!!!!!!
20220419 014521.914 INFO             PET0 Running with ESMF Version   : v8.3.0b12-66-g968479064d
20220419 014521.914 INFO             PET0 ESMF library build date/time: "Apr 19 2022" "01:25:48"
20220419 014521.914 INFO             PET0 ESMF library build location : /lfs/h1/emc/ptmp/Mark.Potts/intel_19.1.3_mpi_O_develop
20220419 014521.914 INFO             PET0 ESMF_COMM                   : mpi
20220419 014521.915 INFO             PET0 ESMF_MOAB                   : enabled
20220419 014521.915 INFO             PET0 ESMF_LAPACK                 : enabled
20220419 014521.915 INFO             PET0 ESMF_NETCDF                 : enabled
20220419 014521.915 INFO             PET0 ESMF_PNETCDF                : disabled
20220419 014521.915 INFO             PET0 ESMF_PIO                    : enabled
20220419 014521.915 INFO             PET0 ESMF_YAMLCPP                : enabled
20220419 014521.947 DEBUG            PET0 about to destroy Grid: 0x242a820
20220419 014521.950 DEBUG            PET0 about to destroy Grid: 0x242c830
20220419 014521.959 INFO             PET0  NUMBER_OF_PROCESSORS           4
20220419 014521.959 INFO             PET0  PASS  Example ESMF_NUOPCAtmModelEx, ESMF_NUOPCAtmModelEx.F90, line 806
20220419 014521.959 INFO             PET0 Finalizing ESMF
20220419 014521.914 INFO             PET1 !!!!!!!!!!!!!!!!!!!!!!!!!!!!!!!!!!!!!!!!!!!!!!!!!!!!!!
20220419 014521.914 INFO             PET1 !!! THE ESMF_LOG IS SET TO OUTPUT ALL LOG MESSAGES !!!
20220419 014521.914 INFO             PET1 !!!     THIS MAY CAUSE SLOWDOWN IN PERFORMANCE     !!!
20220419 014521.914 INFO             PET1 !!! FOR PRODUCTION RUNS, USE:                      !!!
20220419 014521.914 INFO             PET1 !!!                   ESMF_LOGKIND_Multi_On_Error  !!!
20220419 014521.914 INFO             PET1 !!!!!!!!!!!!!!!!!!!!!!!!!!!!!!!!!!!!!!!!!!!!!!!!!!!!!!
20220419 014521.914 INFO             PET1 Running with ESMF Version   : v8.3.0b12-66-g968479064d
20220419 014521.914 INFO             PET1 ESMF library build date/time: "Apr 19 2022" "01:25:48"
20220419 014521.914 INFO             PET1 ESMF library build location : /lfs/h1/emc/ptmp/Mark.Potts/intel_19.1.3_mpi_O_develop
20220419 014521.914 INFO             PET1 ESMF_COMM                   : mpi
20220419 014521.915 INFO             PET1 ESMF_MOAB                   : enabled
20220419 014521.915 INFO             PET1 ESMF_LAPACK                 : enabled
20220419 014521.915 INFO             PET1 ESMF_NETCDF                 : enabled
20220419 014521.915 INFO             PET1 ESMF_PNETCDF                : disabled
20220419 014521.915 INFO             PET1 ESMF_PIO                    : enabled
20220419 014521.915 INFO             PET1 ESMF_YAMLCPP                : enabled
20220419 014521.947 DEBUG            PET1 about to destroy Grid: 0x28e1900
20220419 014521.950 DEBUG            PET1 about to destroy Grid: 0x28e2910
20220419 014521.959 INFO             PET1  NUMBER_OF_PROCESSORS           4
20220419 014521.959 INFO             PET1  PASS  Example ESMF_NUOPCAtmModelEx, ESMF_NUOPCAtmModelEx.F90, line 806
20220419 014521.959 INFO             PET1 Finalizing ESMF
20220419 014521.913 INFO             PET2 !!!!!!!!!!!!!!!!!!!!!!!!!!!!!!!!!!!!!!!!!!!!!!!!!!!!!!
20220419 014521.913 INFO             PET2 !!! THE ESMF_LOG IS SET TO OUTPUT ALL LOG MESSAGES !!!
20220419 014521.913 INFO             PET2 !!!     THIS MAY CAUSE SLOWDOWN IN PERFORMANCE     !!!
20220419 014521.913 INFO             PET2 !!! FOR PRODUCTION RUNS, USE:                      !!!
20220419 014521.913 INFO             PET2 !!!                   ESMF_LOGKIND_Multi_On_Error  !!!
20220419 014521.913 INFO             PET2 !!!!!!!!!!!!!!!!!!!!!!!!!!!!!!!!!!!!!!!!!!!!!!!!!!!!!!
20220419 014521.913 INFO             PET2 Running with ESMF Version   : v8.3.0b12-66-g968479064d
20220419 014521.913 INFO             PET2 ESMF library build date/time: "Apr 19 2022" "01:25:48"
20220419 014521.913 INFO             PET2 ESMF library build location : /lfs/h1/emc/ptmp/Mark.Potts/intel_19.1.3_mpi_O_develop
20220419 014521.913 INFO             PET2 ESMF_COMM                   : mpi
20220419 014521.915 INFO             PET2 ESMF_MOAB                   : enabled
20220419 014521.915 INFO             PET2 ESMF_LAPACK                 : enabled
20220419 014521.915 INFO             PET2 ESMF_NETCDF                 : enabled
20220419 014521.915 INFO             PET2 ESMF_PNETCDF                : disabled
20220419 014521.915 INFO             PET2 ESMF_PIO                    : enabled
20220419 014521.915 INFO             PET2 ESMF_YAMLCPP                : enabled
20220419 014521.947 DEBUG            PET2 about to destroy Grid: 0x133b630
20220419 014521.950 DEBUG            PET2 about to destroy Grid: 0x133c640
20220419 014521.959 INFO             PET2  NUMBER_OF_PROCESSORS           4
20220419 014521.959 INFO             PET2  PASS  Example ESMF_NUOPCAtmModelEx, ESMF_NUOPCAtmModelEx.F90, line 806
20220419 014521.959 INFO             PET2 Finalizing ESMF
20220419 014521.913 INFO             PET3 !!!!!!!!!!!!!!!!!!!!!!!!!!!!!!!!!!!!!!!!!!!!!!!!!!!!!!
20220419 014521.913 INFO             PET3 !!! THE ESMF_LOG IS SET TO OUTPUT ALL LOG MESSAGES !!!
20220419 014521.913 INFO             PET3 !!!     THIS MAY CAUSE SLOWDOWN IN PERFORMANCE     !!!
20220419 014521.913 INFO             PET3 !!! FOR PRODUCTION RUNS, USE:                      !!!
20220419 014521.913 INFO             PET3 !!!                   ESMF_LOGKIND_Multi_On_Error  !!!
20220419 014521.913 INFO             PET3 !!!!!!!!!!!!!!!!!!!!!!!!!!!!!!!!!!!!!!!!!!!!!!!!!!!!!!
20220419 014521.913 INFO             PET3 Running with ESMF Version   : v8.3.0b12-66-g968479064d
20220419 014521.913 INFO             PET3 ESMF library build date/time: "Apr 19 2022" "01:25:48"
20220419 014521.913 INFO             PET3 ESMF library build location : /lfs/h1/emc/ptmp/Mark.Potts/intel_19.1.3_mpi_O_develop
20220419 014521.913 INFO             PET3 ESMF_COMM                   : mpi
20220419 014521.915 INFO             PET3 ESMF_MOAB                   : enabled
20220419 014521.915 INFO             PET3 ESMF_LAPACK                 : enabled
20220419 014521.915 INFO             PET3 ESMF_NETCDF                 : enabled
20220419 014521.915 INFO             PET3 ESMF_PNETCDF                : disabled
20220419 014521.915 INFO             PET3 ESMF_PIO                    : enabled
20220419 014521.915 INFO             PET3 ESMF_YAMLCPP                : enabled
20220419 014521.947 DEBUG            PET3 about to destroy Grid: 0x102b610
20220419 014521.950 DEBUG            PET3 about to destroy Grid: 0x102c620
20220419 014521.959 INFO             PET3  NUMBER_OF_PROCESSORS           4
20220419 014521.959 INFO             PET3  PASS  Example ESMF_NUOPCAtmModelEx, ESMF_NUOPCAtmModelEx.F90, line 806
20220419 014521.959 INFO             PET3 Finalizing ESMF
