build time -- 2022-06-28 01:29:26
20220628 014848.929 INFO             PET0 !!!!!!!!!!!!!!!!!!!!!!!!!!!!!!!!!!!!!!!!!!!!!!!!!!!!!!
20220628 014848.929 INFO             PET0 !!! THE ESMF_LOG IS SET TO OUTPUT ALL LOG MESSAGES !!!
20220628 014848.929 INFO             PET0 !!!     THIS MAY CAUSE SLOWDOWN IN PERFORMANCE     !!!
20220628 014848.929 INFO             PET0 !!! FOR PRODUCTION RUNS, USE:                      !!!
20220628 014848.929 INFO             PET0 !!!                   ESMF_LOGKIND_Multi_On_Error  !!!
20220628 014848.929 INFO             PET0 !!!!!!!!!!!!!!!!!!!!!!!!!!!!!!!!!!!!!!!!!!!!!!!!!!!!!!
20220628 014848.929 INFO             PET0 Running with ESMF Version   : v8.4.0b01-2-gf0d4ab211d
20220628 014848.929 INFO             PET0 ESMF library build date/time: "Jun 28 2022" "01:28:19"
20220628 014848.929 INFO             PET0 ESMF library build location : /lfs/h1/emc/ptmp/Mark.Potts/intel_19.1.3_mpi_O_develop
20220628 014848.929 INFO             PET0 ESMF_COMM                   : mpi
20220628 014848.930 INFO             PET0 ESMF_MOAB                   : enabled
20220628 014848.930 INFO             PET0 ESMF_LAPACK                 : enabled
20220628 014848.930 INFO             PET0 ESMF_NETCDF                 : enabled
20220628 014848.930 INFO             PET0 ESMF_PNETCDF                : disabled
20220628 014848.930 INFO             PET0 ESMF_PIO                    : enabled
20220628 014848.930 INFO             PET0 ESMF_YAMLCPP                : enabled
20220628 014848.959 INFO             PET0  NUMBER_OF_PROCESSORS           4
20220628 014848.959 INFO             PET0  PASS  Example ESMF_FieldBundleHaloEx, ESMF_FieldBundleHaloEx.F90, line 319
20220628 014848.959 INFO             PET0 Finalizing ESMF
20220628 014848.929 INFO             PET1 !!!!!!!!!!!!!!!!!!!!!!!!!!!!!!!!!!!!!!!!!!!!!!!!!!!!!!
20220628 014848.929 INFO             PET1 !!! THE ESMF_LOG IS SET TO OUTPUT ALL LOG MESSAGES !!!
20220628 014848.929 INFO             PET1 !!!     THIS MAY CAUSE SLOWDOWN IN PERFORMANCE     !!!
20220628 014848.929 INFO             PET1 !!! FOR PRODUCTION RUNS, USE:                      !!!
20220628 014848.929 INFO             PET1 !!!                   ESMF_LOGKIND_Multi_On_Error  !!!
20220628 014848.929 INFO             PET1 !!!!!!!!!!!!!!!!!!!!!!!!!!!!!!!!!!!!!!!!!!!!!!!!!!!!!!
20220628 014848.929 INFO             PET1 Running with ESMF Version   : v8.4.0b01-2-gf0d4ab211d
20220628 014848.929 INFO             PET1 ESMF library build date/time: "Jun 28 2022" "01:28:19"
20220628 014848.929 INFO             PET1 ESMF library build location : /lfs/h1/emc/ptmp/Mark.Potts/intel_19.1.3_mpi_O_develop
20220628 014848.929 INFO             PET1 ESMF_COMM                   : mpi
20220628 014848.930 INFO             PET1 ESMF_MOAB                   : enabled
20220628 014848.930 INFO             PET1 ESMF_LAPACK                 : enabled
20220628 014848.930 INFO             PET1 ESMF_NETCDF                 : enabled
20220628 014848.930 INFO             PET1 ESMF_PNETCDF                : disabled
20220628 014848.930 INFO             PET1 ESMF_PIO                    : enabled
20220628 014848.930 INFO             PET1 ESMF_YAMLCPP                : enabled
20220628 014848.959 INFO             PET1  NUMBER_OF_PROCESSORS           4
20220628 014848.959 INFO             PET1  PASS  Example ESMF_FieldBundleHaloEx, ESMF_FieldBundleHaloEx.F90, line 319
20220628 014848.959 INFO             PET1 Finalizing ESMF
20220628 014848.930 INFO             PET2 !!!!!!!!!!!!!!!!!!!!!!!!!!!!!!!!!!!!!!!!!!!!!!!!!!!!!!
20220628 014848.930 INFO             PET2 !!! THE ESMF_LOG IS SET TO OUTPUT ALL LOG MESSAGES !!!
20220628 014848.930 INFO             PET2 !!!     THIS MAY CAUSE SLOWDOWN IN PERFORMANCE     !!!
20220628 014848.930 INFO             PET2 !!! FOR PRODUCTION RUNS, USE:                      !!!
20220628 014848.930 INFO             PET2 !!!                   ESMF_LOGKIND_Multi_On_Error  !!!
20220628 014848.930 INFO             PET2 !!!!!!!!!!!!!!!!!!!!!!!!!!!!!!!!!!!!!!!!!!!!!!!!!!!!!!
20220628 014848.930 INFO             PET2 Running with ESMF Version   : v8.4.0b01-2-gf0d4ab211d
20220628 014848.930 INFO             PET2 ESMF library build date/time: "Jun 28 2022" "01:28:19"
20220628 014848.930 INFO             PET2 ESMF library build location : /lfs/h1/emc/ptmp/Mark.Potts/intel_19.1.3_mpi_O_develop
20220628 014848.930 INFO             PET2 ESMF_COMM                   : mpi
20220628 014848.930 INFO             PET2 ESMF_MOAB                   : enabled
20220628 014848.930 INFO             PET2 ESMF_LAPACK                 : enabled
20220628 014848.930 INFO             PET2 ESMF_NETCDF                 : enabled
20220628 014848.930 INFO             PET2 ESMF_PNETCDF                : disabled
20220628 014848.930 INFO             PET2 ESMF_PIO                    : enabled
20220628 014848.930 INFO             PET2 ESMF_YAMLCPP                : enabled
20220628 014848.959 INFO             PET2  NUMBER_OF_PROCESSORS           4
20220628 014848.959 INFO             PET2  PASS  Example ESMF_FieldBundleHaloEx, ESMF_FieldBundleHaloEx.F90, line 319
20220628 014848.959 INFO             PET2 Finalizing ESMF
20220628 014848.930 INFO             PET3 !!!!!!!!!!!!!!!!!!!!!!!!!!!!!!!!!!!!!!!!!!!!!!!!!!!!!!
20220628 014848.930 INFO             PET3 !!! THE ESMF_LOG IS SET TO OUTPUT ALL LOG MESSAGES !!!
20220628 014848.930 INFO             PET3 !!!     THIS MAY CAUSE SLOWDOWN IN PERFORMANCE     !!!
20220628 014848.930 INFO             PET3 !!! FOR PRODUCTION RUNS, USE:                      !!!
20220628 014848.930 INFO             PET3 !!!                   ESMF_LOGKIND_Multi_On_Error  !!!
20220628 014848.930 INFO             PET3 !!!!!!!!!!!!!!!!!!!!!!!!!!!!!!!!!!!!!!!!!!!!!!!!!!!!!!
20220628 014848.930 INFO             PET3 Running with ESMF Version   : v8.4.0b01-2-gf0d4ab211d
20220628 014848.930 INFO             PET3 ESMF library build date/time: "Jun 28 2022" "01:28:19"
20220628 014848.930 INFO             PET3 ESMF library build location : /lfs/h1/emc/ptmp/Mark.Potts/intel_19.1.3_mpi_O_develop
20220628 014848.930 INFO             PET3 ESMF_COMM                   : mpi
20220628 014848.931 INFO             PET3 ESMF_MOAB                   : enabled
20220628 014848.931 INFO             PET3 ESMF_LAPACK                 : enabled
20220628 014848.931 INFO             PET3 ESMF_NETCDF                 : enabled
20220628 014848.931 INFO             PET3 ESMF_PNETCDF                : disabled
20220628 014848.931 INFO             PET3 ESMF_PIO                    : enabled
20220628 014848.931 INFO             PET3 ESMF_YAMLCPP                : enabled
20220628 014848.959 INFO             PET3  NUMBER_OF_PROCESSORS           4
20220628 014848.959 INFO             PET3  PASS  Example ESMF_FieldBundleHaloEx, ESMF_FieldBundleHaloEx.F90, line 319
20220628 014848.959 INFO             PET3 Finalizing ESMF
