build time -- 2022-06-19 01:28:06
20220619 014639.035 INFO             PET0 !!!!!!!!!!!!!!!!!!!!!!!!!!!!!!!!!!!!!!!!!!!!!!!!!!!!!!
20220619 014639.035 INFO             PET0 !!! THE ESMF_LOG IS SET TO OUTPUT ALL LOG MESSAGES !!!
20220619 014639.035 INFO             PET0 !!!     THIS MAY CAUSE SLOWDOWN IN PERFORMANCE     !!!
20220619 014639.035 INFO             PET0 !!! FOR PRODUCTION RUNS, USE:                      !!!
20220619 014639.035 INFO             PET0 !!!                   ESMF_LOGKIND_Multi_On_Error  !!!
20220619 014639.035 INFO             PET0 !!!!!!!!!!!!!!!!!!!!!!!!!!!!!!!!!!!!!!!!!!!!!!!!!!!!!!
20220619 014639.035 INFO             PET0 Running with ESMF Version   : v8.4.0b01-2-gf0d4ab211d
20220619 014639.035 INFO             PET0 ESMF library build date/time: "Jun 19 2022" "01:26:59"
20220619 014639.035 INFO             PET0 ESMF library build location : /lfs/h1/emc/ptmp/Mark.Potts/intel_19.1.3_mpi_O_develop
20220619 014639.035 INFO             PET0 ESMF_COMM                   : mpi
20220619 014639.036 INFO             PET0 ESMF_MOAB                   : enabled
20220619 014639.036 INFO             PET0 ESMF_LAPACK                 : enabled
20220619 014639.036 INFO             PET0 ESMF_NETCDF                 : enabled
20220619 014639.036 INFO             PET0 ESMF_PNETCDF                : disabled
20220619 014639.036 INFO             PET0 ESMF_PIO                    : enabled
20220619 014639.036 INFO             PET0 ESMF_YAMLCPP                : enabled
20220619 014639.036 INFO             PET0  NUMBER_OF_PROCESSORS           1
20220619 014639.036 INFO             PET0  PASS  Example ESMF_TimeEx, ESMF_TimeEx.F90, line 141
20220619 014639.036 INFO             PET0 Finalizing ESMF
