build time -- 2022-04-12 01:26:55
20220412 014423.529 INFO             PET0 !!!!!!!!!!!!!!!!!!!!!!!!!!!!!!!!!!!!!!!!!!!!!!!!!!!!!!
20220412 014423.529 INFO             PET0 !!! THE ESMF_LOG IS SET TO OUTPUT ALL LOG MESSAGES !!!
20220412 014423.529 INFO             PET0 !!!     THIS MAY CAUSE SLOWDOWN IN PERFORMANCE     !!!
20220412 014423.529 INFO             PET0 !!! FOR PRODUCTION RUNS, USE:                      !!!
20220412 014423.529 INFO             PET0 !!!                   ESMF_LOGKIND_Multi_On_Error  !!!
20220412 014423.529 INFO             PET0 !!!!!!!!!!!!!!!!!!!!!!!!!!!!!!!!!!!!!!!!!!!!!!!!!!!!!!
20220412 014423.529 INFO             PET0 Running with ESMF Version   : v8.3.0b12-59-ge6bf2211df
20220412 014423.529 INFO             PET0 ESMF library build date/time: "Apr 12 2022" "01:25:48"
20220412 014423.529 INFO             PET0 ESMF library build location : /lfs/h1/emc/ptmp/Mark.Potts/intel_19.1.3_mpi_O_develop
20220412 014423.529 INFO             PET0 ESMF_COMM                   : mpi
20220412 014423.530 INFO             PET0 ESMF_MOAB                   : enabled
20220412 014423.530 INFO             PET0 ESMF_LAPACK                 : enabled
20220412 014423.530 INFO             PET0 ESMF_NETCDF                 : enabled
20220412 014423.530 INFO             PET0 ESMF_PNETCDF                : disabled
20220412 014423.530 INFO             PET0 ESMF_PIO                    : enabled
20220412 014423.530 INFO             PET0 ESMF_YAMLCPP                : enabled
20220412 014423.531 INFO             PET0  NUMBER_OF_PROCESSORS           1
20220412 014423.531 INFO             PET0  PASS  Example ESMF_ClockEx, ESMF_ClockEx.F90, line 220
20220412 014423.531 INFO             PET0 Finalizing ESMF
