build time -- 2022-07-16 00:47:47
20220716 014722.114 INFO             PET0 !!!!!!!!!!!!!!!!!!!!!!!!!!!!!!!!!!!!!!!!!!!!!!!!!!!!!!
20220716 014722.114 INFO             PET0 !!! THE ESMF_LOG IS SET TO OUTPUT ALL LOG MESSAGES !!!
20220716 014722.114 INFO             PET0 !!!     THIS MAY CAUSE SLOWDOWN IN PERFORMANCE     !!!
20220716 014722.114 INFO             PET0 !!! FOR PRODUCTION RUNS, USE:                      !!!
20220716 014722.114 INFO             PET0 !!!                   ESMF_LOGKIND_Multi_On_Error  !!!
20220716 014722.114 INFO             PET0 !!!!!!!!!!!!!!!!!!!!!!!!!!!!!!!!!!!!!!!!!!!!!!!!!!!!!!
20220716 014722.114 INFO             PET0 Running with ESMF Version   : v8.4.0b04-8-g9865973e1f
20220716 014722.114 INFO             PET0 ESMF library build date/time: "Jul 16 2022" "00:46:00"
20220716 014722.114 INFO             PET0 ESMF library build location : /lustre/f2/dev/ncep/Mark.Potts/intel_2019.5_mpi_O_feature_named-alias
20220716 014722.114 INFO             PET0 ESMF_COMM                   : mpi
20220716 014722.115 INFO             PET0 ESMF_MOAB                   : enabled
20220716 014722.115 INFO             PET0 ESMF_LAPACK                 : enabled
20220716 014722.115 INFO             PET0 ESMF_NETCDF                 : enabled
20220716 014722.115 INFO             PET0 ESMF_PNETCDF                : disabled
20220716 014722.115 INFO             PET0 ESMF_PIO                    : enabled
20220716 014722.115 INFO             PET0 ESMF_YAMLCPP                : enabled
20220716 014722.157 DEBUG            PET0 about to destroy Grid: 0x93a7d0
20220716 014722.160 DEBUG            PET0 about to destroy Grid: 0x93dcc0
20220716 014722.169 INFO             PET0  NUMBER_OF_PROCESSORS           4
20220716 014722.169 INFO             PET0  PASS  Example ESMF_NUOPCAtmModelEx, ESMF_NUOPCAtmModelEx.F90, line 806
20220716 014722.169 INFO             PET0 Finalizing ESMF
20220716 014722.114 INFO             PET1 !!!!!!!!!!!!!!!!!!!!!!!!!!!!!!!!!!!!!!!!!!!!!!!!!!!!!!
20220716 014722.114 INFO             PET1 !!! THE ESMF_LOG IS SET TO OUTPUT ALL LOG MESSAGES !!!
20220716 014722.114 INFO             PET1 !!!     THIS MAY CAUSE SLOWDOWN IN PERFORMANCE     !!!
20220716 014722.114 INFO             PET1 !!! FOR PRODUCTION RUNS, USE:                      !!!
20220716 014722.114 INFO             PET1 !!!                   ESMF_LOGKIND_Multi_On_Error  !!!
20220716 014722.114 INFO             PET1 !!!!!!!!!!!!!!!!!!!!!!!!!!!!!!!!!!!!!!!!!!!!!!!!!!!!!!
20220716 014722.114 INFO             PET1 Running with ESMF Version   : v8.4.0b04-8-g9865973e1f
20220716 014722.114 INFO             PET1 ESMF library build date/time: "Jul 16 2022" "00:46:00"
20220716 014722.114 INFO             PET1 ESMF library build location : /lustre/f2/dev/ncep/Mark.Potts/intel_2019.5_mpi_O_feature_named-alias
20220716 014722.114 INFO             PET1 ESMF_COMM                   : mpi
20220716 014722.115 INFO             PET1 ESMF_MOAB                   : enabled
20220716 014722.115 INFO             PET1 ESMF_LAPACK                 : enabled
20220716 014722.115 INFO             PET1 ESMF_NETCDF                 : enabled
20220716 014722.115 INFO             PET1 ESMF_PNETCDF                : disabled
20220716 014722.115 INFO             PET1 ESMF_PIO                    : enabled
20220716 014722.115 INFO             PET1 ESMF_YAMLCPP                : enabled
20220716 014722.157 DEBUG            PET1 about to destroy Grid: 0x937a30
20220716 014722.160 DEBUG            PET1 about to destroy Grid: 0x93b980
20220716 014722.169 INFO             PET1  NUMBER_OF_PROCESSORS           4
20220716 014722.169 INFO             PET1  PASS  Example ESMF_NUOPCAtmModelEx, ESMF_NUOPCAtmModelEx.F90, line 806
20220716 014722.169 INFO             PET1 Finalizing ESMF
20220716 014722.114 INFO             PET2 !!!!!!!!!!!!!!!!!!!!!!!!!!!!!!!!!!!!!!!!!!!!!!!!!!!!!!
20220716 014722.114 INFO             PET2 !!! THE ESMF_LOG IS SET TO OUTPUT ALL LOG MESSAGES !!!
20220716 014722.114 INFO             PET2 !!!     THIS MAY CAUSE SLOWDOWN IN PERFORMANCE     !!!
20220716 014722.114 INFO             PET2 !!! FOR PRODUCTION RUNS, USE:                      !!!
20220716 014722.114 INFO             PET2 !!!                   ESMF_LOGKIND_Multi_On_Error  !!!
20220716 014722.114 INFO             PET2 !!!!!!!!!!!!!!!!!!!!!!!!!!!!!!!!!!!!!!!!!!!!!!!!!!!!!!
20220716 014722.114 INFO             PET2 Running with ESMF Version   : v8.4.0b04-8-g9865973e1f
20220716 014722.114 INFO             PET2 ESMF library build date/time: "Jul 16 2022" "00:46:00"
20220716 014722.114 INFO             PET2 ESMF library build location : /lustre/f2/dev/ncep/Mark.Potts/intel_2019.5_mpi_O_feature_named-alias
20220716 014722.114 INFO             PET2 ESMF_COMM                   : mpi
20220716 014722.115 INFO             PET2 ESMF_MOAB                   : enabled
20220716 014722.115 INFO             PET2 ESMF_LAPACK                 : enabled
20220716 014722.115 INFO             PET2 ESMF_NETCDF                 : enabled
20220716 014722.115 INFO             PET2 ESMF_PNETCDF                : disabled
20220716 014722.115 INFO             PET2 ESMF_PIO                    : enabled
20220716 014722.115 INFO             PET2 ESMF_YAMLCPP                : enabled
20220716 014722.157 DEBUG            PET2 about to destroy Grid: 0x937ee0
20220716 014722.160 DEBUG            PET2 about to destroy Grid: 0x93ba10
20220716 014722.169 INFO             PET2  NUMBER_OF_PROCESSORS           4
20220716 014722.169 INFO             PET2  PASS  Example ESMF_NUOPCAtmModelEx, ESMF_NUOPCAtmModelEx.F90, line 806
20220716 014722.169 INFO             PET2 Finalizing ESMF
20220716 014722.116 INFO             PET3 !!!!!!!!!!!!!!!!!!!!!!!!!!!!!!!!!!!!!!!!!!!!!!!!!!!!!!
20220716 014722.116 INFO             PET3 !!! THE ESMF_LOG IS SET TO OUTPUT ALL LOG MESSAGES !!!
20220716 014722.116 INFO             PET3 !!!     THIS MAY CAUSE SLOWDOWN IN PERFORMANCE     !!!
20220716 014722.116 INFO             PET3 !!! FOR PRODUCTION RUNS, USE:                      !!!
20220716 014722.116 INFO             PET3 !!!                   ESMF_LOGKIND_Multi_On_Error  !!!
20220716 014722.116 INFO             PET3 !!!!!!!!!!!!!!!!!!!!!!!!!!!!!!!!!!!!!!!!!!!!!!!!!!!!!!
20220716 014722.116 INFO             PET3 Running with ESMF Version   : v8.4.0b04-8-g9865973e1f
20220716 014722.116 INFO             PET3 ESMF library build date/time: "Jul 16 2022" "00:46:00"
20220716 014722.116 INFO             PET3 ESMF library build location : /lustre/f2/dev/ncep/Mark.Potts/intel_2019.5_mpi_O_feature_named-alias
20220716 014722.116 INFO             PET3 ESMF_COMM                   : mpi
20220716 014722.117 INFO             PET3 ESMF_MOAB                   : enabled
20220716 014722.117 INFO             PET3 ESMF_LAPACK                 : enabled
20220716 014722.117 INFO             PET3 ESMF_NETCDF                 : enabled
20220716 014722.117 INFO             PET3 ESMF_PNETCDF                : disabled
20220716 014722.117 INFO             PET3 ESMF_PIO                    : enabled
20220716 014722.117 INFO             PET3 ESMF_YAMLCPP                : enabled
20220716 014722.157 DEBUG            PET3 about to destroy Grid: 0x937a30
20220716 014722.160 DEBUG            PET3 about to destroy Grid: 0x93b980
20220716 014722.169 INFO             PET3  NUMBER_OF_PROCESSORS           4
20220716 014722.169 INFO             PET3  PASS  Example ESMF_NUOPCAtmModelEx, ESMF_NUOPCAtmModelEx.F90, line 806
20220716 014722.169 INFO             PET3 Finalizing ESMF
