build time -- 2022-07-18 00:51:18
20220718 012738.493 INFO             PET0 !!!!!!!!!!!!!!!!!!!!!!!!!!!!!!!!!!!!!!!!!!!!!!!!!!!!!!
20220718 012738.493 INFO             PET0 !!! THE ESMF_LOG IS SET TO OUTPUT ALL LOG MESSAGES !!!
20220718 012738.493 INFO             PET0 !!!     THIS MAY CAUSE SLOWDOWN IN PERFORMANCE     !!!
20220718 012738.493 INFO             PET0 !!! FOR PRODUCTION RUNS, USE:                      !!!
20220718 012738.493 INFO             PET0 !!!                   ESMF_LOGKIND_Multi_On_Error  !!!
20220718 012738.493 INFO             PET0 !!!!!!!!!!!!!!!!!!!!!!!!!!!!!!!!!!!!!!!!!!!!!!!!!!!!!!
20220718 012738.493 INFO             PET0 Running with ESMF Version   : v8.4.0b04-9-g4da4a8320a
20220718 012738.493 INFO             PET0 ESMF library build date/time: "Jul 18 2022" "00:49:34"
20220718 012738.493 INFO             PET0 ESMF library build location : /lustre/f2/dev/ncep/Mark.Potts/intel_2019.5_mpi_O_feature_named-alias
20220718 012738.493 INFO             PET0 ESMF_COMM                   : mpi
20220718 012738.494 INFO             PET0 ESMF_MOAB                   : enabled
20220718 012738.494 INFO             PET0 ESMF_LAPACK                 : enabled
20220718 012738.494 INFO             PET0 ESMF_NETCDF                 : enabled
20220718 012738.494 INFO             PET0 ESMF_PNETCDF                : disabled
20220718 012738.494 INFO             PET0 ESMF_PIO                    : enabled
20220718 012738.494 INFO             PET0 ESMF_YAMLCPP                : enabled
20220718 012738.495 INFO             PET0 ESMF_FieldRedistStoreNF(): Just entered routine.
20220718 012738.496 INFO             PET0 ESMF_FieldRedistStoreNF(): Leaving routine.
20220718 012738.497 INFO             PET0 ESMF_FieldRedistStoreNF(): Just entered routine.
20220718 012738.498 INFO             PET0 ESMF_FieldRedistStoreNF(): Leaving routine.
20220718 012738.498 INFO             PET0 ESMF_FieldRedistStoreNF(): Just entered routine.
20220718 012738.498 INFO             PET0 ESMF_FieldRedistStoreNF(): Leaving routine.
20220718 012738.498 INFO             PET0  NUMBER_OF_PROCESSORS           4
20220718 012738.498 INFO             PET0  PASS  Example ESMF_FieldRedistEx, ESMF_FieldRedistEx.F90, line 521
20220718 012738.498 INFO             PET0 Finalizing ESMF
20220718 012738.482 INFO             PET1 !!!!!!!!!!!!!!!!!!!!!!!!!!!!!!!!!!!!!!!!!!!!!!!!!!!!!!
20220718 012738.482 INFO             PET1 !!! THE ESMF_LOG IS SET TO OUTPUT ALL LOG MESSAGES !!!
20220718 012738.482 INFO             PET1 !!!     THIS MAY CAUSE SLOWDOWN IN PERFORMANCE     !!!
20220718 012738.482 INFO             PET1 !!! FOR PRODUCTION RUNS, USE:                      !!!
20220718 012738.482 INFO             PET1 !!!                   ESMF_LOGKIND_Multi_On_Error  !!!
20220718 012738.482 INFO             PET1 !!!!!!!!!!!!!!!!!!!!!!!!!!!!!!!!!!!!!!!!!!!!!!!!!!!!!!
20220718 012738.482 INFO             PET1 Running with ESMF Version   : v8.4.0b04-9-g4da4a8320a
20220718 012738.482 INFO             PET1 ESMF library build date/time: "Jul 18 2022" "00:49:34"
20220718 012738.482 INFO             PET1 ESMF library build location : /lustre/f2/dev/ncep/Mark.Potts/intel_2019.5_mpi_O_feature_named-alias
20220718 012738.483 INFO             PET1 ESMF_COMM                   : mpi
20220718 012738.483 INFO             PET1 ESMF_MOAB                   : enabled
20220718 012738.483 INFO             PET1 ESMF_LAPACK                 : enabled
20220718 012738.483 INFO             PET1 ESMF_NETCDF                 : enabled
20220718 012738.483 INFO             PET1 ESMF_PNETCDF                : disabled
20220718 012738.483 INFO             PET1 ESMF_PIO                    : enabled
20220718 012738.483 INFO             PET1 ESMF_YAMLCPP                : enabled
20220718 012738.495 INFO             PET1 ESMF_FieldRedistStoreNF(): Just entered routine.
20220718 012738.496 INFO             PET1 ESMF_FieldRedistStoreNF(): Leaving routine.
20220718 012738.497 INFO             PET1 ESMF_FieldRedistStoreNF(): Just entered routine.
20220718 012738.498 INFO             PET1 ESMF_FieldRedistStoreNF(): Leaving routine.
20220718 012738.498 INFO             PET1 ESMF_FieldRedistStoreNF(): Just entered routine.
20220718 012738.498 INFO             PET1 ESMF_FieldRedistStoreNF(): Leaving routine.
20220718 012738.498 INFO             PET1  NUMBER_OF_PROCESSORS           4
20220718 012738.498 INFO             PET1  PASS  Example ESMF_FieldRedistEx, ESMF_FieldRedistEx.F90, line 521
20220718 012738.498 INFO             PET1 Finalizing ESMF
20220718 012738.491 INFO             PET2 !!!!!!!!!!!!!!!!!!!!!!!!!!!!!!!!!!!!!!!!!!!!!!!!!!!!!!
20220718 012738.491 INFO             PET2 !!! THE ESMF_LOG IS SET TO OUTPUT ALL LOG MESSAGES !!!
20220718 012738.491 INFO             PET2 !!!     THIS MAY CAUSE SLOWDOWN IN PERFORMANCE     !!!
20220718 012738.491 INFO             PET2 !!! FOR PRODUCTION RUNS, USE:                      !!!
20220718 012738.491 INFO             PET2 !!!                   ESMF_LOGKIND_Multi_On_Error  !!!
20220718 012738.491 INFO             PET2 !!!!!!!!!!!!!!!!!!!!!!!!!!!!!!!!!!!!!!!!!!!!!!!!!!!!!!
20220718 012738.491 INFO             PET2 Running with ESMF Version   : v8.4.0b04-9-g4da4a8320a
20220718 012738.491 INFO             PET2 ESMF library build date/time: "Jul 18 2022" "00:49:34"
20220718 012738.491 INFO             PET2 ESMF library build location : /lustre/f2/dev/ncep/Mark.Potts/intel_2019.5_mpi_O_feature_named-alias
20220718 012738.491 INFO             PET2 ESMF_COMM                   : mpi
20220718 012738.492 INFO             PET2 ESMF_MOAB                   : enabled
20220718 012738.492 INFO             PET2 ESMF_LAPACK                 : enabled
20220718 012738.492 INFO             PET2 ESMF_NETCDF                 : enabled
20220718 012738.492 INFO             PET2 ESMF_PNETCDF                : disabled
20220718 012738.492 INFO             PET2 ESMF_PIO                    : enabled
20220718 012738.492 INFO             PET2 ESMF_YAMLCPP                : enabled
20220718 012738.495 INFO             PET2 ESMF_FieldRedistStoreNF(): Just entered routine.
20220718 012738.496 INFO             PET2 ESMF_FieldRedistStoreNF(): Leaving routine.
20220718 012738.497 INFO             PET2 ESMF_FieldRedistStoreNF(): Just entered routine.
20220718 012738.498 INFO             PET2 ESMF_FieldRedistStoreNF(): Leaving routine.
20220718 012738.498 INFO             PET2 ESMF_FieldRedistStoreNF(): Just entered routine.
20220718 012738.498 INFO             PET2 ESMF_FieldRedistStoreNF(): Leaving routine.
20220718 012738.498 INFO             PET2  NUMBER_OF_PROCESSORS           4
20220718 012738.498 INFO             PET2  PASS  Example ESMF_FieldRedistEx, ESMF_FieldRedistEx.F90, line 521
20220718 012738.498 INFO             PET2 Finalizing ESMF
20220718 012738.482 INFO             PET3 !!!!!!!!!!!!!!!!!!!!!!!!!!!!!!!!!!!!!!!!!!!!!!!!!!!!!!
20220718 012738.482 INFO             PET3 !!! THE ESMF_LOG IS SET TO OUTPUT ALL LOG MESSAGES !!!
20220718 012738.482 INFO             PET3 !!!     THIS MAY CAUSE SLOWDOWN IN PERFORMANCE     !!!
20220718 012738.482 INFO             PET3 !!! FOR PRODUCTION RUNS, USE:                      !!!
20220718 012738.482 INFO             PET3 !!!                   ESMF_LOGKIND_Multi_On_Error  !!!
20220718 012738.482 INFO             PET3 !!!!!!!!!!!!!!!!!!!!!!!!!!!!!!!!!!!!!!!!!!!!!!!!!!!!!!
20220718 012738.482 INFO             PET3 Running with ESMF Version   : v8.4.0b04-9-g4da4a8320a
20220718 012738.482 INFO             PET3 ESMF library build date/time: "Jul 18 2022" "00:49:34"
20220718 012738.482 INFO             PET3 ESMF library build location : /lustre/f2/dev/ncep/Mark.Potts/intel_2019.5_mpi_O_feature_named-alias
20220718 012738.483 INFO             PET3 ESMF_COMM                   : mpi
20220718 012738.483 INFO             PET3 ESMF_MOAB                   : enabled
20220718 012738.483 INFO             PET3 ESMF_LAPACK                 : enabled
20220718 012738.483 INFO             PET3 ESMF_NETCDF                 : enabled
20220718 012738.483 INFO             PET3 ESMF_PNETCDF                : disabled
20220718 012738.483 INFO             PET3 ESMF_PIO                    : enabled
20220718 012738.483 INFO             PET3 ESMF_YAMLCPP                : enabled
20220718 012738.495 INFO             PET3 ESMF_FieldRedistStoreNF(): Just entered routine.
20220718 012738.496 INFO             PET3 ESMF_FieldRedistStoreNF(): Leaving routine.
20220718 012738.497 INFO             PET3 ESMF_FieldRedistStoreNF(): Just entered routine.
20220718 012738.498 INFO             PET3 ESMF_FieldRedistStoreNF(): Leaving routine.
20220718 012738.498 INFO             PET3 ESMF_FieldRedistStoreNF(): Just entered routine.
20220718 012738.498 INFO             PET3 ESMF_FieldRedistStoreNF(): Leaving routine.
20220718 012738.498 INFO             PET3  NUMBER_OF_PROCESSORS           4
20220718 012738.498 INFO             PET3  PASS  Example ESMF_FieldRedistEx, ESMF_FieldRedistEx.F90, line 521
20220718 012738.498 INFO             PET3 Finalizing ESMF
