build time -- 2022-07-16 00:47:47
20220716 014434.246 INFO             PET0 !!!!!!!!!!!!!!!!!!!!!!!!!!!!!!!!!!!!!!!!!!!!!!!!!!!!!!
20220716 014434.246 INFO             PET0 !!! THE ESMF_LOG IS SET TO OUTPUT ALL LOG MESSAGES !!!
20220716 014434.246 INFO             PET0 !!!     THIS MAY CAUSE SLOWDOWN IN PERFORMANCE     !!!
20220716 014434.246 INFO             PET0 !!! FOR PRODUCTION RUNS, USE:                      !!!
20220716 014434.246 INFO             PET0 !!!                   ESMF_LOGKIND_Multi_On_Error  !!!
20220716 014434.246 INFO             PET0 !!!!!!!!!!!!!!!!!!!!!!!!!!!!!!!!!!!!!!!!!!!!!!!!!!!!!!
20220716 014434.246 INFO             PET0 Running with ESMF Version   : v8.4.0b04-8-g9865973e1f
20220716 014434.246 INFO             PET0 ESMF library build date/time: "Jul 16 2022" "00:46:00"
20220716 014434.246 INFO             PET0 ESMF library build location : /lustre/f2/dev/ncep/Mark.Potts/intel_2019.5_mpi_O_feature_named-alias
20220716 014434.246 INFO             PET0 ESMF_COMM                   : mpi
20220716 014434.247 INFO             PET0 ESMF_MOAB                   : enabled
20220716 014434.247 INFO             PET0 ESMF_LAPACK                 : enabled
20220716 014434.247 INFO             PET0 ESMF_NETCDF                 : enabled
20220716 014434.247 INFO             PET0 ESMF_PNETCDF                : disabled
20220716 014434.247 INFO             PET0 ESMF_PIO                    : enabled
20220716 014434.247 INFO             PET0 ESMF_YAMLCPP                : enabled
20220716 014434.248 INFO             PET0  NUMBER_OF_PROCESSORS           1
20220716 014434.248 INFO             PET0  PASS  Example CalendarEx, ESMF_CalendarEx.F90, line 217
20220716 014434.248 INFO             PET0 Finalizing ESMF
