build time -- 2022-07-16 03:04:12.527789
20220716 040728.316 INFO             PET0 !!!!!!!!!!!!!!!!!!!!!!!!!!!!!!!!!!!!!!!!!!!!!!!!!!!!!!
20220716 040728.317 INFO             PET0 !!! THE ESMF_LOG IS SET TO OUTPUT ALL LOG MESSAGES !!!
20220716 040728.317 INFO             PET0 !!!     THIS MAY CAUSE SLOWDOWN IN PERFORMANCE     !!!
20220716 040728.317 INFO             PET0 !!! FOR PRODUCTION RUNS, USE:                      !!!
20220716 040728.317 INFO             PET0 !!!                   ESMF_LOGKIND_Multi_On_Error  !!!
20220716 040728.317 INFO             PET0 !!!!!!!!!!!!!!!!!!!!!!!!!!!!!!!!!!!!!!!!!!!!!!!!!!!!!!
20220716 040728.317 INFO             PET0 Running with ESMF Version   : v8.4.0b04-2-gc831a7cd4a
20220716 040728.317 INFO             PET0 ESMF library build date/time: "Jul 16 2022" "02:56:26"
20220716 040728.317 INFO             PET0 ESMF library build location : /glade/scratch/dunlap/esmf-testing/intel_18.0.5_intelmpi_g_develop
20220716 040728.317 INFO             PET0 ESMF_COMM                   : intelmpi
20220716 040728.317 INFO             PET0 ESMF_MOAB                   : enabled
20220716 040728.317 INFO             PET0 ESMF_LAPACK                 : enabled
20220716 040728.317 INFO             PET0 ESMF_NETCDF                 : enabled
20220716 040728.317 INFO             PET0 ESMF_PNETCDF                : disabled
20220716 040728.317 INFO             PET0 ESMF_PIO                    : enabled
20220716 040728.317 INFO             PET0 ESMF_YAMLCPP                : enabled
20220716 040728.318 INFO             PET0  NUMBER_OF_PROCESSORS           1
20220716 040728.318 INFO             PET0  PASS  Example ESMF_ClockEx, ESMF_ClockEx.F90, line 220
20220716 040728.318 INFO             PET0 Finalizing ESMF
