build time -- 2022-07-14 03:03:59.593754
20220714 041037.234 INFO             PET0 !!!!!!!!!!!!!!!!!!!!!!!!!!!!!!!!!!!!!!!!!!!!!!!!!!!!!!
20220714 041037.234 INFO             PET0 !!! THE ESMF_LOG IS SET TO OUTPUT ALL LOG MESSAGES !!!
20220714 041037.234 INFO             PET0 !!!     THIS MAY CAUSE SLOWDOWN IN PERFORMANCE     !!!
20220714 041037.234 INFO             PET0 !!! FOR PRODUCTION RUNS, USE:                      !!!
20220714 041037.234 INFO             PET0 !!!                   ESMF_LOGKIND_Multi_On_Error  !!!
20220714 041037.234 INFO             PET0 !!!!!!!!!!!!!!!!!!!!!!!!!!!!!!!!!!!!!!!!!!!!!!!!!!!!!!
20220714 041037.234 INFO             PET0 Running with ESMF Version   : v8.4.0b04
20220714 041037.234 INFO             PET0 ESMF library build date/time: "Jul 14 2022" "02:55:57"
20220714 041037.234 INFO             PET0 ESMF library build location : /glade/scratch/dunlap/esmf-testing/intel_18.0.5_intelmpi_g_develop
20220714 041037.234 INFO             PET0 ESMF_COMM                   : intelmpi
20220714 041037.234 INFO             PET0 ESMF_MOAB                   : enabled
20220714 041037.234 INFO             PET0 ESMF_LAPACK                 : enabled
20220714 041037.234 INFO             PET0 ESMF_NETCDF                 : enabled
20220714 041037.234 INFO             PET0 ESMF_PNETCDF                : disabled
20220714 041037.234 INFO             PET0 ESMF_PIO                    : enabled
20220714 041037.234 INFO             PET0 ESMF_YAMLCPP                : enabled
20220714 041037.235 INFO             PET0  NUMBER_OF_PROCESSORS           1
20220714 041037.235 INFO             PET0  PASS  Example ESMF_TimeIntervalEx, ESMF_TimeIntervalEx.F90, line 176
20220714 041037.235 INFO             PET0 Finalizing ESMF
