build time -- 2022-07-18 07:11:49
[1658130715.707664] [h9c47:106464:0]         mxm.c:196  MXM  WARN  The 'ulimit -s' on the system is set to 'unlimited'. This may have negative performance implications. Please set the stack size to the default value (10240) 
[1658130715.712629] [h9c47:106464:0]         mxm.c:196  MXM  WARN  The 'ulimit -s' on the system is set to 'unlimited'. This may have negative performance implications. Please set the stack size to the default value (10240) 
[1658130715.707705] [h9c47:106462:0]         mxm.c:196  MXM  WARN  The 'ulimit -s' on the system is set to 'unlimited'. This may have negative performance implications. Please set the stack size to the default value (10240) 
[1658130715.712712] [h9c47:106462:0]         mxm.c:196  MXM  WARN  The 'ulimit -s' on the system is set to 'unlimited'. This may have negative performance implications. Please set the stack size to the default value (10240) 
[1658130715.701639] [h9c47:106463:0]         mxm.c:196  MXM  WARN  The 'ulimit -s' on the system is set to 'unlimited'. This may have negative performance implications. Please set the stack size to the default value (10240) 
[1658130715.706714] [h9c47:106463:0]         mxm.c:196  MXM  WARN  The 'ulimit -s' on the system is set to 'unlimited'. This may have negative performance implications. Please set the stack size to the default value (10240) 
[1658130715.701640] [h9c47:106461:0]         mxm.c:196  MXM  WARN  The 'ulimit -s' on the system is set to 'unlimited'. This may have negative performance implications. Please set the stack size to the default value (10240) 
[1658130715.706898] [h9c47:106461:0]         mxm.c:196  MXM  WARN  The 'ulimit -s' on the system is set to 'unlimited'. This may have negative performance implications. Please set the stack size to the default value (10240) 
 NUOPC DRIVER + ATM Model example run
 NUOPC DRIVER + ATM Model example run
 NUOPC DRIVER + ATM Model example run
 NUOPC DRIVER + ATM Model example run
------>Advancing ATM from:    0  1  1  0  0  0   0
--------------------------------> to:    0  1  1  0  0 30   0
------>Advancing ATM from:    0  1  1  0  0  0   0
--------------------------------> to:    0  1  1  0  0 30   0
------>Advancing ATM from:    0  1  1  0  0  0   0
--------------------------------> to:    0  1  1  0  0 30   0
------>Advancing ATM from:    0  1  1  0  0  0   0
--------------------------------> to:    0  1  1  0  0 30   0
------>Advancing ATM from:    0  1  1  0  0 30   0
--------------------------------> to:    0  1  1  0  1  0   0
------>Advancing ATM from:    0  1  1  0  0 30   0
--------------------------------> to:    0  1  1  0  1  0   0
------>Advancing ATM from:    0  1  1  0  0 30   0
--------------------------------> to:    0  1  1  0  1  0   0
------>Advancing ATM from:    0  1  1  0  0 30   0
--------------------------------> to:    0  1  1  0  1  0   0
------>Advancing ATM from:    0  1  1  0  1  0   0
--------------------------------> to:    0  1  1  0  1 30   0
------>Advancing ATM from:    0  1  1  0  1  0   0
--------------------------------> to:    0  1  1  0  1 30   0
------>Advancing ATM from:    0  1  1  0  1  0   0
--------------------------------> to:    0  1  1  0  1 30   0
------>Advancing ATM from:    0  1  1  0  1  0   0
--------------------------------> to:    0  1  1  0  1 30   0
------>Advancing ATM from:    0  1  1  0  1 30   0
--------------------------------> to:    0  1  1  0  2  0   0
------>Advancing ATM from:    0  1  1  0  1 30   0
--------------------------------> to:    0  1  1  0  2  0   0
------>Advancing ATM from:    0  1  1  0  1 30   0
--------------------------------> to:    0  1  1  0  2  0   0
------>Advancing ATM from:    0  1  1  0  2  0   0
--------------------------------> to:    0  1  1  0  2 30   0
------>Advancing ATM from:    0  1  1  0  1 30   0
--------------------------------> to:    0  1  1  0  2  0   0
------>Advancing ATM from:    0  1  1  0  2  0   0
--------------------------------> to:    0  1  1  0  2 30   0
------>Advancing ATM from:    0  1  1  0  2  0   0
--------------------------------> to:    0  1  1  0  2 30   0
------>Advancing ATM from:    0  1  1  0  2  0   0
--------------------------------> to:    0  1  1  0  2 30   0
  PASS  Example ESMF_NUOPCAtmModelEx, ESMF_NUOPCAtmModelEx.F90, line 806
  PASS  Example ESMF_NUOPCAtmModelEx, ESMF_NUOPCAtmModelEx.F90, line 806
  PASS  Example ESMF_NUOPCAtmModelEx, ESMF_NUOPCAtmModelEx.F90, line 806
  PASS  Example ESMF_NUOPCAtmModelEx, ESMF_NUOPCAtmModelEx.F90, line 806
 PASS: ESMF_NUOPCAtmModelEx.F90
 PASS: ESMF_NUOPCAtmModelEx.F90
 PASS: ESMF_NUOPCAtmModelEx.F90
 PASS: ESMF_NUOPCAtmModelEx.F90
