build time -- 2022-07-18 07:11:49
20220718 075155.793 INFO             PET0 !!!!!!!!!!!!!!!!!!!!!!!!!!!!!!!!!!!!!!!!!!!!!!!!!!!!!!
20220718 075155.793 INFO             PET0 !!! THE ESMF_LOG IS SET TO OUTPUT ALL LOG MESSAGES !!!
20220718 075155.793 INFO             PET0 !!!     THIS MAY CAUSE SLOWDOWN IN PERFORMANCE     !!!
20220718 075155.793 INFO             PET0 !!! FOR PRODUCTION RUNS, USE:                      !!!
20220718 075155.793 INFO             PET0 !!!                   ESMF_LOGKIND_Multi_On_Error  !!!
20220718 075155.793 INFO             PET0 !!!!!!!!!!!!!!!!!!!!!!!!!!!!!!!!!!!!!!!!!!!!!!!!!!!!!!
20220718 075155.793 INFO             PET0 Running with ESMF Version   : v8.4.0b04-9-g4da4a8320a
20220718 075155.793 INFO             PET0 ESMF library build date/time: "Jul 18 2022" "07:10:30"
20220718 075155.793 INFO             PET0 ESMF library build location : /scratch1/NCEPDEV/stmp2/role.esmfmaint/gfortran_9.2.0b_openmpi_g_feature_named-alias
20220718 075155.793 INFO             PET0 ESMF_COMM                   : openmpi
20220718 075155.794 INFO             PET0 ESMF_MOAB                   : enabled
20220718 075155.794 INFO             PET0 ESMF_LAPACK                 : enabled
20220718 075155.794 INFO             PET0 ESMF_NETCDF                 : disabled
20220718 075155.794 INFO             PET0 ESMF_PNETCDF                : disabled
20220718 075155.794 INFO             PET0 ESMF_PIO                    : disabled
20220718 075155.794 INFO             PET0 ESMF_YAMLCPP                : enabled
20220718 075156.001 DEBUG            PET0 about to destroy Grid: 0x18695f0
20220718 075156.012 DEBUG            PET0 about to destroy Grid: 0x186a970
20220718 075156.042 INFO             PET0  NUMBER_OF_PROCESSORS           4
20220718 075156.042 INFO             PET0  PASS  Example ESMF_NUOPCAtmModelEx, ESMF_NUOPCAtmModelEx.F90, line 806
20220718 075156.042 INFO             PET0 Finalizing ESMF
20220718 075155.794 INFO             PET1 !!!!!!!!!!!!!!!!!!!!!!!!!!!!!!!!!!!!!!!!!!!!!!!!!!!!!!
20220718 075155.794 INFO             PET1 !!! THE ESMF_LOG IS SET TO OUTPUT ALL LOG MESSAGES !!!
20220718 075155.794 INFO             PET1 !!!     THIS MAY CAUSE SLOWDOWN IN PERFORMANCE     !!!
20220718 075155.794 INFO             PET1 !!! FOR PRODUCTION RUNS, USE:                      !!!
20220718 075155.794 INFO             PET1 !!!                   ESMF_LOGKIND_Multi_On_Error  !!!
20220718 075155.794 INFO             PET1 !!!!!!!!!!!!!!!!!!!!!!!!!!!!!!!!!!!!!!!!!!!!!!!!!!!!!!
20220718 075155.794 INFO             PET1 Running with ESMF Version   : v8.4.0b04-9-g4da4a8320a
20220718 075155.794 INFO             PET1 ESMF library build date/time: "Jul 18 2022" "07:10:30"
20220718 075155.794 INFO             PET1 ESMF library build location : /scratch1/NCEPDEV/stmp2/role.esmfmaint/gfortran_9.2.0b_openmpi_g_feature_named-alias
20220718 075155.794 INFO             PET1 ESMF_COMM                   : openmpi
20220718 075155.794 INFO             PET1 ESMF_MOAB                   : enabled
20220718 075155.794 INFO             PET1 ESMF_LAPACK                 : enabled
20220718 075155.794 INFO             PET1 ESMF_NETCDF                 : disabled
20220718 075155.794 INFO             PET1 ESMF_PNETCDF                : disabled
20220718 075155.794 INFO             PET1 ESMF_PIO                    : disabled
20220718 075155.794 INFO             PET1 ESMF_YAMLCPP                : enabled
20220718 075156.001 DEBUG            PET1 about to destroy Grid: 0x191e1e0
20220718 075156.012 DEBUG            PET1 about to destroy Grid: 0x191ef30
20220718 075156.043 INFO             PET1  NUMBER_OF_PROCESSORS           4
20220718 075156.043 INFO             PET1  PASS  Example ESMF_NUOPCAtmModelEx, ESMF_NUOPCAtmModelEx.F90, line 806
20220718 075156.043 INFO             PET1 Finalizing ESMF
20220718 075155.793 INFO             PET2 !!!!!!!!!!!!!!!!!!!!!!!!!!!!!!!!!!!!!!!!!!!!!!!!!!!!!!
20220718 075155.793 INFO             PET2 !!! THE ESMF_LOG IS SET TO OUTPUT ALL LOG MESSAGES !!!
20220718 075155.793 INFO             PET2 !!!     THIS MAY CAUSE SLOWDOWN IN PERFORMANCE     !!!
20220718 075155.793 INFO             PET2 !!! FOR PRODUCTION RUNS, USE:                      !!!
20220718 075155.793 INFO             PET2 !!!                   ESMF_LOGKIND_Multi_On_Error  !!!
20220718 075155.793 INFO             PET2 !!!!!!!!!!!!!!!!!!!!!!!!!!!!!!!!!!!!!!!!!!!!!!!!!!!!!!
20220718 075155.793 INFO             PET2 Running with ESMF Version   : v8.4.0b04-9-g4da4a8320a
20220718 075155.793 INFO             PET2 ESMF library build date/time: "Jul 18 2022" "07:10:30"
20220718 075155.793 INFO             PET2 ESMF library build location : /scratch1/NCEPDEV/stmp2/role.esmfmaint/gfortran_9.2.0b_openmpi_g_feature_named-alias
20220718 075155.793 INFO             PET2 ESMF_COMM                   : openmpi
20220718 075155.794 INFO             PET2 ESMF_MOAB                   : enabled
20220718 075155.794 INFO             PET2 ESMF_LAPACK                 : enabled
20220718 075155.794 INFO             PET2 ESMF_NETCDF                 : disabled
20220718 075155.794 INFO             PET2 ESMF_PNETCDF                : disabled
20220718 075155.794 INFO             PET2 ESMF_PIO                    : disabled
20220718 075155.794 INFO             PET2 ESMF_YAMLCPP                : enabled
20220718 075156.001 DEBUG            PET2 about to destroy Grid: 0x1f2f8d0
20220718 075156.012 DEBUG            PET2 about to destroy Grid: 0x1f306f0
20220718 075156.042 INFO             PET2  NUMBER_OF_PROCESSORS           4
20220718 075156.042 INFO             PET2  PASS  Example ESMF_NUOPCAtmModelEx, ESMF_NUOPCAtmModelEx.F90, line 806
20220718 075156.042 INFO             PET2 Finalizing ESMF
20220718 075155.794 INFO             PET3 !!!!!!!!!!!!!!!!!!!!!!!!!!!!!!!!!!!!!!!!!!!!!!!!!!!!!!
20220718 075155.794 INFO             PET3 !!! THE ESMF_LOG IS SET TO OUTPUT ALL LOG MESSAGES !!!
20220718 075155.794 INFO             PET3 !!!     THIS MAY CAUSE SLOWDOWN IN PERFORMANCE     !!!
20220718 075155.794 INFO             PET3 !!! FOR PRODUCTION RUNS, USE:                      !!!
20220718 075155.794 INFO             PET3 !!!                   ESMF_LOGKIND_Multi_On_Error  !!!
20220718 075155.794 INFO             PET3 !!!!!!!!!!!!!!!!!!!!!!!!!!!!!!!!!!!!!!!!!!!!!!!!!!!!!!
20220718 075155.794 INFO             PET3 Running with ESMF Version   : v8.4.0b04-9-g4da4a8320a
20220718 075155.794 INFO             PET3 ESMF library build date/time: "Jul 18 2022" "07:10:30"
20220718 075155.794 INFO             PET3 ESMF library build location : /scratch1/NCEPDEV/stmp2/role.esmfmaint/gfortran_9.2.0b_openmpi_g_feature_named-alias
20220718 075155.794 INFO             PET3 ESMF_COMM                   : openmpi
20220718 075155.794 INFO             PET3 ESMF_MOAB                   : enabled
20220718 075155.794 INFO             PET3 ESMF_LAPACK                 : enabled
20220718 075155.794 INFO             PET3 ESMF_NETCDF                 : disabled
20220718 075155.794 INFO             PET3 ESMF_PNETCDF                : disabled
20220718 075155.794 INFO             PET3 ESMF_PIO                    : disabled
20220718 075155.794 INFO             PET3 ESMF_YAMLCPP                : enabled
20220718 075156.001 DEBUG            PET3 about to destroy Grid: 0x109eb50
20220718 075156.012 DEBUG            PET3 about to destroy Grid: 0x109f8a0
20220718 075156.042 INFO             PET3  NUMBER_OF_PROCESSORS           4
20220718 075156.042 INFO             PET3  PASS  Example ESMF_NUOPCAtmModelEx, ESMF_NUOPCAtmModelEx.F90, line 806
20220718 075156.042 INFO             PET3 Finalizing ESMF
