build time -- 2022-06-29 01:30:03
--- ESMCI::Array::print start ---
 Base name    = Array002
 Status: Base = Ready,  object = Ready
 Proxy        = no
 Root Info (Attributes):
{}Array typekind/rank: Real*8 / 2 
~ lower class' values ~
DistGrid dimCount = 2
deCount = 4
localDeCount = 1
~ local data in LocalArray for DE 0 ~
LocalArrayPrint: Array at address 0x166db00:
            rank = 2, typekind = 6, base_addr = 0x14edc2d7bfe0
            dim[0] = 2  dim[1] = 2  
  Real, *8, Dim 2, Data values:
( 1, 1) =  100
( 2, 1) =  100
( 1, 2) =  100
( 2, 2) =  100
dim 1: [0]: [1 [1 [1, 2] 2] 2]
dim 2: [1]: [1 [1 [1, 2] 2] 2]
--- ESMCI::Array::print end ---
--- ESMCI::Array::print start ---
 Base name    = Array003
 Status: Base = Ready,  object = Ready
 Proxy        = no
 Root Info (Attributes):
{}Array typekind/rank: Real*8 / 2 
~ lower class' values ~
DistGrid dimCount = 2
deCount = 4
localDeCount = 1
~ local data in LocalArray for DE 0 ~
LocalArrayPrint: Array at address 0x166e6f0:
            rank = 2, typekind = 6, base_addr = 0x14edc2d7bfc0
            dim[0] = 2  dim[1] = 2  
  Real, *8, Dim 2, Data values:
( 1, 1) =  200
( 2, 1) =  200
( 1, 2) =  200
( 2, 2) =  200
dim 1: [0]: [1 [1 [1, 2] 2] 2]
dim 2: [1]: [1 [1 [1, 2] 2] 2]
--- ESMCI::Array::print end ---
--- ESMCI::Array::print start ---
 Base name    = Array004
 Status: Base = Ready,  object = Ready
 Proxy        = no
 Root Info (Attributes):
{}Array typekind/rank: Real*8 / 2 
~ lower class' values ~
DistGrid dimCount = 2
deCount = 4
localDeCount = 1
~ local data in LocalArray for DE 0 ~
LocalArrayPrint: Array at address 0x166f260:
            rank = 2, typekind = 6, base_addr = 0x14edc2d6ff80
            dim[0] = 4  dim[1] = 4  
  Real, *8, Dim 2, Data values:
( 0, 0) =  300
( 1, 0) =  300
( 2, 0) =  300
( 3, 0) =  300
( 0, 1) =  300
( 1, 1) =  300
( 2, 1) =  300
( 3, 1) =  301
( 0, 2) =  300
( 1, 2) =  300
( 2, 2) =  300
( 3, 2) =  301
( 0, 3) =  300
( 1, 3) =  302
( 2, 3) =  302
( 3, 3) =  303
dim 1: [0]: [0 [1 [1, 2] 2] 3]
dim 2: [1]: [0 [1 [1, 2] 2] 3]
--- ESMCI::Array::print end ---
--- --- ESMCI::Array::print start ---
 Base name    = Array002
 Status: Base = Ready,  object = Ready
 Proxy        = no
 Root Info (Attributes):
{}Array typekind/rank: Real*8 / 2 
~ lower class' values ~
DistGrid dimCount = 2
deCount = 4
localDeCount = 1
~ local data in LocalArray for DE 1 ~
LocalArrayPrint: Array at address 0xac04c0:
            rank = 2, typekind = 6, base_addr = 0x14dd2ce5ffe0
            dim[0] = 2  dim[1] = 2  
  Real, *8, Dim 2, Data values:
( 1, 1) =  101
( 2, 1) =  101
( 1, 2) =  101
( 2, 2) =  101
dim 1: [0]: [1 [1 [1, 2] 2] 2]
dim 2: [1]: [1 [1 [1, 2] 2] 2]
--- ESMCI::Array::print end ---
--- ESMCI::Array::print start ---
 Base name    = Array003
 Status: Base = Ready,  object = Ready
 Proxy        = no
 Root Info (Attributes):
{}Array typekind/rank: Real*8 / 2 
~ lower class' values ~
DistGrid dimCount = 2
deCount = 4
localDeCount = 1
~ local data in LocalArray for DE 1 ~
LocalArrayPrint: Array at address 0xac10b0:
            rank = 2, typekind = 6, base_addr = 0x14dd2ce5ffc0
            dim[0] = 2  dim[1] = 2  
  Real, *8, Dim 2, Data values:
( 1, 1) =  201
( 2, 1) =  201
( 1, 2) =  201
( 2, 2) =  201
dim 1: [0]: [1 [1 [1, 2] 2] 2]
dim 2: [1]: [1 [1 [1, 2] 2] 2]
--- ESMCI::Array::print end ---
--- ESMCI::Array::print start ---
 Base name    = Array004
 Status: Base = Ready,  object = Ready
 Proxy        = no
 Root Info (Attributes):
{}Array typekind/rank: Real*8 / 2 
~ lower class' values ~
DistGrid dimCount = 2
deCount = 4
localDeCount = 1
~ local data in LocalArray for DE 1 ~
LocalArrayPrint: Array at address 0xac1c20:
            rank = 2, typekind = 6, base_addr = 0x14dd2ce53f80
            dim[0] = 4  dim[1] = 4  
  Real, *8, Dim 2, Data values:
( 0, 0) =  301
( 1, 0) =  301
( 2, 0) =  301
( 3, 0) =  301
( 0, 1) =  300
( 1, 1) =  301
( 2, 1) =  301
( 3, 1) =  301
( 0, 2) =  300
( 1, 2) =  301
( 2, 2) =  301
( 3, 2) =  301
( 0, 3) =  302
( 1, 3) =  303
( 2, 3) =  303
( 3, 3) =  301
dim 1: [0]: [0 [1 [1, 2] 2] 3]
dim 2: [1]: [0 [1 [1, 2] 2] 3]
--- ESMCI::Array::print end ---
--- ESM--- ESMCI::Array::print start ---
 Base name    = Array002
 Status: Base = Ready,  object = Ready
 Proxy        = no
 Root Info (Attributes):
{}Array typekind/rank: Real*8 / 2 
~ lower class' values ~
DistGrid dimCount = 2
deCount = 4
localDeCount = 1
~ local data in LocalArray for DE 2 ~
LocalArrayPrint: Array at address 0x181e5d0:
            rank = 2, typekind = 6, base_addr = 0x145b7ea6bfe0
            dim[0] = 2  dim[1] = 2  
  Real, *8, Dim 2, Data values:
( 1, 1) =  102
( 2, 1) =  102
( 1, 2) =  102
( 2, 2) =  102
dim 1: [0]: [1 [1 [1, 2] 2] 2]
dim 2: [1]: [1 [1 [1, 2] 2] 2]
--- ESMCI::Array::print end ---
--- ESMCI::Array::print start ---
 Base name    = Array003
 Status: Base = Ready,  object = Ready
 Proxy        = no
 Root Info (Attributes):
{}Array typekind/rank: Real*8 / 2 
~ lower class' values ~
DistGrid dimCount = 2
deCount = 4
localDeCount = 1
~ local data in LocalArray for DE 2 ~
LocalArrayPrint: Array at address 0x181f1c0:
            rank = 2, typekind = 6, base_addr = 0x145b7ea6bfc0
            dim[0] = 2  dim[1] = 2  
  Real, *8, Dim 2, Data values:
( 1, 1) =  202
( 2, 1) =  202
( 1, 2) =  202
( 2, 2) =  202
dim 1: [0]: [1 [1 [1, 2] 2] 2]
dim 2: [1]: [1 [1 [1, 2] 2] 2]
--- ESMCI::Array::print end ---
--- ESMCI::Array::print start ---
 Base name    = Array004
 Status: Base = Ready,  object = Ready
 Proxy        = no
 Root Info (Attributes):
{}Array typekind/rank: Real*8 / 2 
~ lower class' values ~
DistGrid dimCount = 2
deCount = 4
localDeCount = 1
~ local data in LocalArray for DE 2 ~
LocalArrayPrint: Array at address 0x181fd30:
            rank = 2, typekind = 6, base_addr = 0x145b7ea5ff80
            dim[0] = 4  dim[1] = 4  
  Real, *8, Dim 2, Data values:
( 0, 0) =  302
( 1, 0) =  300
( 2, 0) =  300
( 3, 0) =  301
( 0, 1) =  302
( 1, 1) =  302
( 2, 1) =  302
( 3, 1) =  303
( 0, 2) =  302
( 1, 2) =  302
( 2, 2) =  302
( 3, 2) =  303
( 0, 3) =  302
( 1, 3) =  302
( 2, 3) =  302
( 3, 3) =  302
dim 1: [0]: [0 [1 [1, 2] 2] 3]
dim 2: [1]: [0 [1 [1, 2] 2] 3]
--- ESMCI::Array::print end ---
--- --- ESMCI::Array::print start ---
 Base name    = Array002
 Status: Base = Ready,  object = Ready
 Proxy        = no
 Root Info (Attributes):
{}Array typekind/rank: Real*8 / 2 
~ lower class' values ~
DistGrid dimCount = 2
deCount = 4
localDeCount = 1
~ local data in LocalArray for DE 3 ~
LocalArrayPrint: Array at address 0x1b6e4c0:
            rank = 2, typekind = 6, base_addr = 0x14cc40fbbfe0
            dim[0] = 2  dim[1] = 2  
  Real, *8, Dim 2, Data values:
( 1, 1) =  103
( 2, 1) =  103
( 1, 2) =  103
( 2, 2) =  103
dim 1: [0]: [1 [1 [1, 2] 2] 2]
dim 2: [1]: [1 [1 [1, 2] 2] 2]
--- ESMCI::Array::print end ---
--- ESMCI::Array::print start ---
 Base name    = Array003
 Status: Base = Ready,  object = Ready
 Proxy        = no
 Root Info (Attributes):
{}Array typekind/rank: Real*8 / 2 
~ lower class' values ~
DistGrid dimCount = 2
deCount = 4
localDeCount = 1
~ local data in LocalArray for DE 3 ~
LocalArrayPrint: Array at address 0x1b6f0b0:
            rank = 2, typekind = 6, base_addr = 0x14cc40fbbfc0
            dim[0] = 2  dim[1] = 2  
  Real, *8, Dim 2, Data values:
( 1, 1) =  203
( 2, 1) =  203
( 1, 2) =  203
( 2, 2) =  203
dim 1: [0]: [1 [1 [1, 2] 2] 2]
dim 2: [1]: [1 [1 [1, 2] 2] 2]
--- ESMCI::Array::print end ---
--- ESMCI::Array::print start ---
 Base name    = Array004
 Status: Base = Ready,  object = Ready
 Proxy        = no
 Root Info (Attributes):
{}Array typekind/rank: Real*8 / 2 
~ lower class' values ~
DistGrid dimCount = 2
deCount = 4
localDeCount = 1
~ local data in LocalArray for DE 3 ~
LocalArrayPrint: Array at address 0x1b6fc20:
            rank = 2, typekind = 6, base_addr = 0x14cc40faff80
            dim[0] = 4  dim[1] = 4  
  Real, *8, Dim 2, Data values:
( 0, 0) =  300
( 1, 0) =  301
( 2, 0) =  301
( 3, 0) =  303
( 0, 1) =  302
( 1, 1) =  303
( 2, 1) =  303
( 3, 1) =  303
( 0, 2) =  302
( 1, 2) =  303
( 2, 2) =  303
( 3, 2) =  303
( 0, 3) =  303
( 1, 3) =  303
( 2, 3) =  303
( 3, 3) =  303
dim 1: [0]: [0 [1 [1, 2] 2] 3]
dim 2: [1]: [0 [1 [1, 2] 2] 3]
--- ESMCI::Array::print end ---
--- ESMCI::Array::print start ---
 Base name    = Array005
 Status: Base = Ready,  object = Ready
 Proxy        = no
 Root Info (Attributes):
{}Array typekind/rank: Real*8 / 2 
~ lower class' values ~
DistGrid dimCount = 2
deCount = 4
localDeCount = 1
~ local data in LocalArray for DE 0 ~
LocalArrayPrint: Array at address 0x166fe50:
            rank = 2, typekind = 6, base_addr = 0x14edc2d6ff00
            dim[0] = 4  dim[1] = 4  
  Real, *8, Dim 2, Data values:
( 0, 0) =  400
( 1, 0) =  400
( 2, 0) =  400
( 3, 0) =  400
( 0, 1) =  400
( 1, 1) =  400
( 2, 1) =  400
( 3, 1) =  401
( 0, 2) =  400
( 1, 2) =  400
( 2, 2) =  400
( 3, 2) =  401
( 0, 3) =  400
( 1, 3) =  402
( 2, 3) =  402
( 3, 3) =  403
dim 1: [0]: [0 [1 [1, 2] 2] 3]
dim 2: [1]: [0 [1 [1, 2] 2] 3]
--- ESMCI::Array::print end ---
--- ESMCI::Array::print start ---
 Base name    = Array006
 Status: Base = Ready,  object = Ready
 Proxy        = no
 Root Info (Attributes):
{}Array typekind/rank: Real*8 / 2 
~ lower class' values ~
DistGrid dimCount = 2
deCount = 4
localDeCount = 1
~ local data in LocalArray for DE 0 ~
LocalArrayPrint: Array at address 0x1670a50:
            rank = 2, typekind = 6, base_addr = 0x14edc2d77fa0
            dim[0] = 4  dim[1] = 3  
  Real, *8, Dim 2, Data values:
( 0, 0) =  500
( 1, 0) =  500
( 2, 0) =  500
( 3, 0) =  500
( 0, 1) =  500
( 1, 1) =  500
( 2, 1) =  500
( 3, 1) =  501
( 0, 2) =  500
( 1, 2) =  500
( 2, 2) =  500
( 3, 2) =  501
dim 1: [0]: [0 [1 [1, 2] 2] 3]
dim 2: [1]: [0 [1 [1, 2] 2] 2]
--- ESMCI::Array::print end ---
  PASS  Example ESMF_ArrayBundleHaloEx, ESMF_ArrayBundleHaloEx.F90, line 172
 PASS: ESMF_ArrayBundleHaloEx.F90
CI::Array::print start ---
 Base name    = Array005
 Status: Base = Ready,  object = Ready
 Proxy        = no
 Root Info (Attributes):
{}Array typekind/rank: Real*8 / 2 
~ lower class' values ~
DistGrid dimCount = 2
deCount = 4
localDeCount = 1
~ local data in LocalArray for DE 1 ~
LocalArrayPrint: Array at address 0xac2830:
            rank = 2, typekind = 6, base_addr = 0x14dd2ce53f00
            dim[0] = 4  dim[1] = 4  
  Real, *8, Dim 2, Data values:
( 0, 0) =  401
( 1, 0) =  401
( 2, 0) =  401
( 3, 0) =  401
( 0, 1) =  400
( 1, 1) =  401
( 2, 1) =  401
( 3, 1) =  401
( 0, 2) =  400
( 1, 2) =  401
( 2, 2) =  401
( 3, 2) =  401
( 0, 3) =  402
( 1, 3) =  403
( 2, 3) =  403
( 3, 3) =  401
dim 1: [0]: [0 [1 [1, 2] 2] 3]
dim 2: [1]: [0 [1 [1, 2] 2] 3]
--- ESMCI::Array::print end ---
--- ESMCI::Array::print start ---
 Base name    = Array006
 Status: Base = Ready,  object = Ready
 Proxy        = no
 Root Info (Attributes):
{}Array typekind/rank: Real*8 / 2 
~ lower class' values ~
DistGrid dimCount = 2
deCount = 4
localDeCount = 1
~ local data in LocalArray for DE 1 ~
LocalArrayPrint: Array at address 0xac3480:
            rank = 2, typekind = 6, base_addr = 0x14dd2ce5bfa0
            dim[0] = 4  dim[1] = 3  
  Real, *8, Dim 2, Data values:
( 0, 0) =  501
( 1, 0) =  501
( 2, 0) =  501
( 3, 0) =  501
( 0, 1) =  500
( 1, 1) =  501
( 2, 1) =  501
( 3, 1) =  501
( 0, 2) =  500
( 1, 2) =  501
( 2, 2) =  501
( 3, 2) =  501
dim 1: [0]: [0 [1 [1, 2] 2] 3]
dim 2: [1]: [0 [1 [1, 2] 2] 2]
--- ESMCI::Array::print end ---
  PASS  Example ESMF_ArrayBundleHaloEx, ESMF_ArrayBundleHaloEx.F90, line 172
 PASS: ESMF_ArrayBundleHaloEx.F90
ESMCI::Array::print start ---
 Base name    = Array005
 Status: Base = Ready,  object = Ready
 Proxy        = no
 Root Info (Attributes):
{}Array typekind/rank: Real*8 / 2 
~ lower class' values ~
DistGrid dimCount = 2
deCount = 4
localDeCount = 1
~ local data in LocalArray for DE 2 ~
LocalArrayPrint: Array at address 0x1820960:
            rank = 2, typekind = 6, base_addr = 0x145b7ea5ff00
            dim[0] = 4  dim[1] = 4  
  Real, *8, Dim 2, Data values:
( 0, 0) =  402
( 1, 0) =  400
( 2, 0) =  400
( 3, 0) =  401
( 0, 1) =  402
( 1, 1) =  402
( 2, 1) =  402
( 3, 1) =  403
( 0, 2) =  402
( 1, 2) =  402
( 2, 2) =  402
( 3, 2) =  403
( 0, 3) =  402
( 1, 3) =  402
( 2, 3) =  402
( 3, 3) =  402
dim 1: [0]: [0 [1 [1, 2] 2] 3]
dim 2: [1]: [0 [1 [1, 2] 2] 3]
--- ESMCI::Array::print end ---
--- ESMCI::Array::print start ---
 Base name    = Array006
 Status: Base = Ready,  object = Ready
 Proxy        = no
 Root Info (Attributes):
{}Array typekind/rank: Real*8 / 2 
~ lower class' values ~
DistGrid dimCount = 2
deCount = 4
localDeCount = 1
~ local data in LocalArray for DE 2 ~
LocalArrayPrint: Array at address 0x18215b0:
            rank = 2, typekind = 6, base_addr = 0x145b7ea67fa0
            dim[0] = 4  dim[1] = 3  
  Real, *8, Dim 2, Data values:
( 0, 0) =  502
( 1, 0) =  500
( 2, 0) =  500
( 3, 0) =  501
( 0, 1) =  502
( 1, 1) =  502
( 2, 1) =  502
( 3, 1) =  503
( 0, 2) =  502
( 1, 2) =  502
( 2, 2) =  502
( 3, 2) =  503
dim 1: [0]: [0 [1 [1, 2] 2] 3]
dim 2: [1]: [0 [1 [1, 2] 2] 2]
--- ESMCI::Array::print end ---
  PASS  Example ESMF_ArrayBundleHaloEx, ESMF_ArrayBundleHaloEx.F90, line 172
 PASS: ESMF_ArrayBundleHaloEx.F90
ESMCI::Array::print start ---
 Base name    = Array005
 Status: Base = Ready,  object = Ready
 Proxy        = no
 Root Info (Attributes):
{}Array typekind/rank: Real*8 / 2 
~ lower class' values ~
DistGrid dimCount = 2
deCount = 4
localDeCount = 1
~ local data in LocalArray for DE 3 ~
LocalArrayPrint: Array at address 0x1b70850:
            rank = 2, typekind = 6, base_addr = 0x14cc40faff00
            dim[0] = 4  dim[1] = 4  
  Real, *8, Dim 2, Data values:
( 0, 0) =  400
( 1, 0) =  401
( 2, 0) =  401
( 3, 0) =  403
( 0, 1) =  402
( 1, 1) =  403
( 2, 1) =  403
( 3, 1) =  403
( 0, 2) =  402
( 1, 2) =  403
( 2, 2) =  403
( 3, 2) =  403
( 0, 3) =  403
( 1, 3) =  403
( 2, 3) =  403
( 3, 3) =  403
dim 1: [0]: [0 [1 [1, 2] 2] 3]
dim 2: [1]: [0 [1 [1, 2] 2] 3]
--- ESMCI::Array::print end ---
--- ESMCI::Array::print start ---
 Base name    = Array006
 Status: Base = Ready,  object = Ready
 Proxy        = no
 Root Info (Attributes):
{}Array typekind/rank: Real*8 / 2 
~ lower class' values ~
DistGrid dimCount = 2
deCount = 4
localDeCount = 1
~ local data in LocalArray for DE 3 ~
LocalArrayPrint: Array at address 0x1b714a0:
            rank = 2, typekind = 6, base_addr = 0x14cc40fb7fa0
            dim[0] = 4  dim[1] = 3  
  Real, *8, Dim 2, Data values:
( 0, 0) =  500
( 1, 0) =  501
( 2, 0) =  501
( 3, 0) =  503
( 0, 1) =  502
( 1, 1) =  503
( 2, 1) =  503
( 3, 1) =  503
( 0, 2) =  502
( 1, 2) =  503
( 2, 2) =  503
( 3, 2) =  503
dim 1: [0]: [0 [1 [1, 2] 2] 3]
dim 2: [1]: [0 [1 [1, 2] 2] 2]
--- ESMCI::Array::print end ---
  PASS  Example ESMF_ArrayBundleHaloEx, ESMF_ArrayBundleHaloEx.F90, line 172
 PASS: ESMF_ArrayBundleHaloEx.F90
