build time -- 2022-04-13 01:27:40
20220413 014408.904 INFO             PET0 !!!!!!!!!!!!!!!!!!!!!!!!!!!!!!!!!!!!!!!!!!!!!!!!!!!!!!
20220413 014408.904 INFO             PET0 !!! THE ESMF_LOG IS SET TO OUTPUT ALL LOG MESSAGES !!!
20220413 014408.904 INFO             PET0 !!!     THIS MAY CAUSE SLOWDOWN IN PERFORMANCE     !!!
20220413 014408.904 INFO             PET0 !!! FOR PRODUCTION RUNS, USE:                      !!!
20220413 014408.904 INFO             PET0 !!!                   ESMF_LOGKIND_Multi_On_Error  !!!
20220413 014408.905 INFO             PET0 !!!!!!!!!!!!!!!!!!!!!!!!!!!!!!!!!!!!!!!!!!!!!!!!!!!!!!
20220413 014408.905 INFO             PET0 Running with ESMF Version   : v8.3.0b12-59-ge6bf2211df
20220413 014408.905 INFO             PET0 ESMF library build date/time: "Apr 13 2022" "01:26:30"
20220413 014408.905 INFO             PET0 ESMF library build location : /lfs/h1/emc/ptmp/Mark.Potts/intel_19.1.3_mpi_g_develop
20220413 014408.905 INFO             PET0 ESMF_COMM                   : mpi
20220413 014408.905 INFO             PET0 ESMF_MOAB                   : enabled
20220413 014408.905 INFO             PET0 ESMF_LAPACK                 : enabled
20220413 014408.905 INFO             PET0 ESMF_NETCDF                 : enabled
20220413 014408.905 INFO             PET0 ESMF_PNETCDF                : disabled
20220413 014408.905 INFO             PET0 ESMF_PIO                    : enabled
20220413 014408.905 INFO             PET0 ESMF_YAMLCPP                : enabled
20220413 014408.906 INFO             PET0  NUMBER_OF_PROCESSORS           1
20220413 014408.906 INFO             PET0  PASS  Example ESMF_AlarmEx, ESMF_AlarmEx.F90, line 244
20220413 014408.906 INFO             PET0 Finalizing ESMF
