build time -- 2022-04-01 01:27:29
20220401 014359.519 INFO             PET0 !!!!!!!!!!!!!!!!!!!!!!!!!!!!!!!!!!!!!!!!!!!!!!!!!!!!!!
20220401 014359.519 INFO             PET0 !!! THE ESMF_LOG IS SET TO OUTPUT ALL LOG MESSAGES !!!
20220401 014359.519 INFO             PET0 !!!     THIS MAY CAUSE SLOWDOWN IN PERFORMANCE     !!!
20220401 014359.519 INFO             PET0 !!! FOR PRODUCTION RUNS, USE:                      !!!
20220401 014359.519 INFO             PET0 !!!                   ESMF_LOGKIND_Multi_On_Error  !!!
20220401 014359.519 INFO             PET0 !!!!!!!!!!!!!!!!!!!!!!!!!!!!!!!!!!!!!!!!!!!!!!!!!!!!!!
20220401 014359.519 INFO             PET0 Running with ESMF Version   : v8.3.0b12
20220401 014359.519 INFO             PET0 ESMF library build date/time: "Apr  1 2022" "01:26:23"
20220401 014359.519 INFO             PET0 ESMF library build location : /lfs/h1/emc/ptmp/Mark.Potts/intel_19.1.3_mpi_g_develop
20220401 014359.519 INFO             PET0 ESMF_COMM                   : mpi
20220401 014359.520 INFO             PET0 ESMF_MOAB                   : enabled
20220401 014359.520 INFO             PET0 ESMF_LAPACK                 : enabled
20220401 014359.520 INFO             PET0 ESMF_NETCDF                 : enabled
20220401 014359.520 INFO             PET0 ESMF_PNETCDF                : disabled
20220401 014359.520 INFO             PET0 ESMF_PIO                    : enabled
20220401 014359.520 INFO             PET0 ESMF_YAMLCPP                : enabled
20220401 014359.521 INFO             PET0  NUMBER_OF_PROCESSORS           4
20220401 014359.521 INFO             PET0  PASS  Example ESMF_ArrayFarrayEx, ESMF_ArrayFarrayEx.F90, line 288
20220401 014359.521 INFO             PET0 Finalizing ESMF
20220401 014359.519 INFO             PET1 !!!!!!!!!!!!!!!!!!!!!!!!!!!!!!!!!!!!!!!!!!!!!!!!!!!!!!
20220401 014359.519 INFO             PET1 !!! THE ESMF_LOG IS SET TO OUTPUT ALL LOG MESSAGES !!!
20220401 014359.519 INFO             PET1 !!!     THIS MAY CAUSE SLOWDOWN IN PERFORMANCE     !!!
20220401 014359.519 INFO             PET1 !!! FOR PRODUCTION RUNS, USE:                      !!!
20220401 014359.519 INFO             PET1 !!!                   ESMF_LOGKIND_Multi_On_Error  !!!
20220401 014359.519 INFO             PET1 !!!!!!!!!!!!!!!!!!!!!!!!!!!!!!!!!!!!!!!!!!!!!!!!!!!!!!
20220401 014359.519 INFO             PET1 Running with ESMF Version   : v8.3.0b12
20220401 014359.519 INFO             PET1 ESMF library build date/time: "Apr  1 2022" "01:26:23"
20220401 014359.519 INFO             PET1 ESMF library build location : /lfs/h1/emc/ptmp/Mark.Potts/intel_19.1.3_mpi_g_develop
20220401 014359.519 INFO             PET1 ESMF_COMM                   : mpi
20220401 014359.520 INFO             PET1 ESMF_MOAB                   : enabled
20220401 014359.520 INFO             PET1 ESMF_LAPACK                 : enabled
20220401 014359.520 INFO             PET1 ESMF_NETCDF                 : enabled
20220401 014359.520 INFO             PET1 ESMF_PNETCDF                : disabled
20220401 014359.520 INFO             PET1 ESMF_PIO                    : enabled
20220401 014359.520 INFO             PET1 ESMF_YAMLCPP                : enabled
20220401 014359.521 INFO             PET1  NUMBER_OF_PROCESSORS           4
20220401 014359.521 INFO             PET1  PASS  Example ESMF_ArrayFarrayEx, ESMF_ArrayFarrayEx.F90, line 288
20220401 014359.521 INFO             PET1 Finalizing ESMF
20220401 014359.519 INFO             PET2 !!!!!!!!!!!!!!!!!!!!!!!!!!!!!!!!!!!!!!!!!!!!!!!!!!!!!!
20220401 014359.519 INFO             PET2 !!! THE ESMF_LOG IS SET TO OUTPUT ALL LOG MESSAGES !!!
20220401 014359.519 INFO             PET2 !!!     THIS MAY CAUSE SLOWDOWN IN PERFORMANCE     !!!
20220401 014359.519 INFO             PET2 !!! FOR PRODUCTION RUNS, USE:                      !!!
20220401 014359.519 INFO             PET2 !!!                   ESMF_LOGKIND_Multi_On_Error  !!!
20220401 014359.519 INFO             PET2 !!!!!!!!!!!!!!!!!!!!!!!!!!!!!!!!!!!!!!!!!!!!!!!!!!!!!!
20220401 014359.519 INFO             PET2 Running with ESMF Version   : v8.3.0b12
20220401 014359.519 INFO             PET2 ESMF library build date/time: "Apr  1 2022" "01:26:23"
20220401 014359.519 INFO             PET2 ESMF library build location : /lfs/h1/emc/ptmp/Mark.Potts/intel_19.1.3_mpi_g_develop
20220401 014359.519 INFO             PET2 ESMF_COMM                   : mpi
20220401 014359.520 INFO             PET2 ESMF_MOAB                   : enabled
20220401 014359.520 INFO             PET2 ESMF_LAPACK                 : enabled
20220401 014359.520 INFO             PET2 ESMF_NETCDF                 : enabled
20220401 014359.520 INFO             PET2 ESMF_PNETCDF                : disabled
20220401 014359.520 INFO             PET2 ESMF_PIO                    : enabled
20220401 014359.520 INFO             PET2 ESMF_YAMLCPP                : enabled
20220401 014359.521 INFO             PET2  NUMBER_OF_PROCESSORS           4
20220401 014359.521 INFO             PET2  PASS  Example ESMF_ArrayFarrayEx, ESMF_ArrayFarrayEx.F90, line 288
20220401 014359.521 INFO             PET2 Finalizing ESMF
20220401 014359.519 INFO             PET3 !!!!!!!!!!!!!!!!!!!!!!!!!!!!!!!!!!!!!!!!!!!!!!!!!!!!!!
20220401 014359.519 INFO             PET3 !!! THE ESMF_LOG IS SET TO OUTPUT ALL LOG MESSAGES !!!
20220401 014359.519 INFO             PET3 !!!     THIS MAY CAUSE SLOWDOWN IN PERFORMANCE     !!!
20220401 014359.519 INFO             PET3 !!! FOR PRODUCTION RUNS, USE:                      !!!
20220401 014359.519 INFO             PET3 !!!                   ESMF_LOGKIND_Multi_On_Error  !!!
20220401 014359.519 INFO             PET3 !!!!!!!!!!!!!!!!!!!!!!!!!!!!!!!!!!!!!!!!!!!!!!!!!!!!!!
20220401 014359.519 INFO             PET3 Running with ESMF Version   : v8.3.0b12
20220401 014359.519 INFO             PET3 ESMF library build date/time: "Apr  1 2022" "01:26:23"
20220401 014359.519 INFO             PET3 ESMF library build location : /lfs/h1/emc/ptmp/Mark.Potts/intel_19.1.3_mpi_g_develop
20220401 014359.519 INFO             PET3 ESMF_COMM                   : mpi
20220401 014359.520 INFO             PET3 ESMF_MOAB                   : enabled
20220401 014359.520 INFO             PET3 ESMF_LAPACK                 : enabled
20220401 014359.520 INFO             PET3 ESMF_NETCDF                 : enabled
20220401 014359.520 INFO             PET3 ESMF_PNETCDF                : disabled
20220401 014359.520 INFO             PET3 ESMF_PIO                    : enabled
20220401 014359.520 INFO             PET3 ESMF_YAMLCPP                : enabled
20220401 014359.521 INFO             PET3  NUMBER_OF_PROCESSORS           4
20220401 014359.521 INFO             PET3  PASS  Example ESMF_ArrayFarrayEx, ESMF_ArrayFarrayEx.F90, line 288
20220401 014359.521 INFO             PET3 Finalizing ESMF
