build time -- 2022-06-01 01:28:20
20220601 014643.598 INFO             PET0 !!!!!!!!!!!!!!!!!!!!!!!!!!!!!!!!!!!!!!!!!!!!!!!!!!!!!!
20220601 014643.598 INFO             PET0 !!! THE ESMF_LOG IS SET TO OUTPUT ALL LOG MESSAGES !!!
20220601 014643.598 INFO             PET0 !!!     THIS MAY CAUSE SLOWDOWN IN PERFORMANCE     !!!
20220601 014643.598 INFO             PET0 !!! FOR PRODUCTION RUNS, USE:                      !!!
20220601 014643.598 INFO             PET0 !!!                   ESMF_LOGKIND_Multi_On_Error  !!!
20220601 014643.598 INFO             PET0 !!!!!!!!!!!!!!!!!!!!!!!!!!!!!!!!!!!!!!!!!!!!!!!!!!!!!!
20220601 014643.598 INFO             PET0 Running with ESMF Version   : v8.3.0b16
20220601 014643.598 INFO             PET0 ESMF library build date/time: "Jun  1 2022" "01:27:11"
20220601 014643.598 INFO             PET0 ESMF library build location : /lfs/h1/emc/ptmp/Mark.Potts/intel_19.1.3_mpi_g_develop
20220601 014643.598 INFO             PET0 ESMF_COMM                   : mpi
20220601 014643.599 INFO             PET0 ESMF_MOAB                   : enabled
20220601 014643.599 INFO             PET0 ESMF_LAPACK                 : enabled
20220601 014643.599 INFO             PET0 ESMF_NETCDF                 : enabled
20220601 014643.599 INFO             PET0 ESMF_PNETCDF                : disabled
20220601 014643.599 INFO             PET0 ESMF_PIO                    : enabled
20220601 014643.599 INFO             PET0 ESMF_YAMLCPP                : enabled
20220601 014643.642 DEBUG            PET0 about to destroy Grid: 0x1f4b960
20220601 014643.647 DEBUG            PET0 about to destroy Grid: 0x1f4d970
20220601 014643.660 INFO             PET0  NUMBER_OF_PROCESSORS           4
20220601 014643.660 INFO             PET0  PASS  Example ESMF_NUOPCAtmModelEx, ESMF_NUOPCAtmModelEx.F90, line 806
20220601 014643.660 INFO             PET0 Finalizing ESMF
20220601 014643.598 INFO             PET1 !!!!!!!!!!!!!!!!!!!!!!!!!!!!!!!!!!!!!!!!!!!!!!!!!!!!!!
20220601 014643.598 INFO             PET1 !!! THE ESMF_LOG IS SET TO OUTPUT ALL LOG MESSAGES !!!
20220601 014643.598 INFO             PET1 !!!     THIS MAY CAUSE SLOWDOWN IN PERFORMANCE     !!!
20220601 014643.598 INFO             PET1 !!! FOR PRODUCTION RUNS, USE:                      !!!
20220601 014643.598 INFO             PET1 !!!                   ESMF_LOGKIND_Multi_On_Error  !!!
20220601 014643.598 INFO             PET1 !!!!!!!!!!!!!!!!!!!!!!!!!!!!!!!!!!!!!!!!!!!!!!!!!!!!!!
20220601 014643.598 INFO             PET1 Running with ESMF Version   : v8.3.0b16
20220601 014643.598 INFO             PET1 ESMF library build date/time: "Jun  1 2022" "01:27:11"
20220601 014643.598 INFO             PET1 ESMF library build location : /lfs/h1/emc/ptmp/Mark.Potts/intel_19.1.3_mpi_g_develop
20220601 014643.598 INFO             PET1 ESMF_COMM                   : mpi
20220601 014643.599 INFO             PET1 ESMF_MOAB                   : enabled
20220601 014643.599 INFO             PET1 ESMF_LAPACK                 : enabled
20220601 014643.599 INFO             PET1 ESMF_NETCDF                 : enabled
20220601 014643.599 INFO             PET1 ESMF_PNETCDF                : disabled
20220601 014643.599 INFO             PET1 ESMF_PIO                    : enabled
20220601 014643.599 INFO             PET1 ESMF_YAMLCPP                : enabled
20220601 014643.642 DEBUG            PET1 about to destroy Grid: 0x2237530
20220601 014643.647 DEBUG            PET1 about to destroy Grid: 0x2238540
20220601 014643.660 INFO             PET1  NUMBER_OF_PROCESSORS           4
20220601 014643.660 INFO             PET1  PASS  Example ESMF_NUOPCAtmModelEx, ESMF_NUOPCAtmModelEx.F90, line 806
20220601 014643.660 INFO             PET1 Finalizing ESMF
20220601 014643.598 INFO             PET2 !!!!!!!!!!!!!!!!!!!!!!!!!!!!!!!!!!!!!!!!!!!!!!!!!!!!!!
20220601 014643.598 INFO             PET2 !!! THE ESMF_LOG IS SET TO OUTPUT ALL LOG MESSAGES !!!
20220601 014643.598 INFO             PET2 !!!     THIS MAY CAUSE SLOWDOWN IN PERFORMANCE     !!!
20220601 014643.598 INFO             PET2 !!! FOR PRODUCTION RUNS, USE:                      !!!
20220601 014643.598 INFO             PET2 !!!                   ESMF_LOGKIND_Multi_On_Error  !!!
20220601 014643.598 INFO             PET2 !!!!!!!!!!!!!!!!!!!!!!!!!!!!!!!!!!!!!!!!!!!!!!!!!!!!!!
20220601 014643.598 INFO             PET2 Running with ESMF Version   : v8.3.0b16
20220601 014643.598 INFO             PET2 ESMF library build date/time: "Jun  1 2022" "01:27:11"
20220601 014643.598 INFO             PET2 ESMF library build location : /lfs/h1/emc/ptmp/Mark.Potts/intel_19.1.3_mpi_g_develop
20220601 014643.598 INFO             PET2 ESMF_COMM                   : mpi
20220601 014643.599 INFO             PET2 ESMF_MOAB                   : enabled
20220601 014643.599 INFO             PET2 ESMF_LAPACK                 : enabled
20220601 014643.599 INFO             PET2 ESMF_NETCDF                 : enabled
20220601 014643.599 INFO             PET2 ESMF_PNETCDF                : disabled
20220601 014643.599 INFO             PET2 ESMF_PIO                    : enabled
20220601 014643.599 INFO             PET2 ESMF_YAMLCPP                : enabled
20220601 014643.642 DEBUG            PET2 about to destroy Grid: 0x16a46d0
20220601 014643.647 DEBUG            PET2 about to destroy Grid: 0x16a56e0
20220601 014643.660 INFO             PET2  NUMBER_OF_PROCESSORS           4
20220601 014643.660 INFO             PET2  PASS  Example ESMF_NUOPCAtmModelEx, ESMF_NUOPCAtmModelEx.F90, line 806
20220601 014643.660 INFO             PET2 Finalizing ESMF
20220601 014643.598 INFO             PET3 !!!!!!!!!!!!!!!!!!!!!!!!!!!!!!!!!!!!!!!!!!!!!!!!!!!!!!
20220601 014643.598 INFO             PET3 !!! THE ESMF_LOG IS SET TO OUTPUT ALL LOG MESSAGES !!!
20220601 014643.598 INFO             PET3 !!!     THIS MAY CAUSE SLOWDOWN IN PERFORMANCE     !!!
20220601 014643.598 INFO             PET3 !!! FOR PRODUCTION RUNS, USE:                      !!!
20220601 014643.598 INFO             PET3 !!!                   ESMF_LOGKIND_Multi_On_Error  !!!
20220601 014643.598 INFO             PET3 !!!!!!!!!!!!!!!!!!!!!!!!!!!!!!!!!!!!!!!!!!!!!!!!!!!!!!
20220601 014643.598 INFO             PET3 Running with ESMF Version   : v8.3.0b16
20220601 014643.598 INFO             PET3 ESMF library build date/time: "Jun  1 2022" "01:27:11"
20220601 014643.598 INFO             PET3 ESMF library build location : /lfs/h1/emc/ptmp/Mark.Potts/intel_19.1.3_mpi_g_develop
20220601 014643.598 INFO             PET3 ESMF_COMM                   : mpi
20220601 014643.599 INFO             PET3 ESMF_MOAB                   : enabled
20220601 014643.599 INFO             PET3 ESMF_LAPACK                 : enabled
20220601 014643.599 INFO             PET3 ESMF_NETCDF                 : enabled
20220601 014643.599 INFO             PET3 ESMF_PNETCDF                : disabled
20220601 014643.599 INFO             PET3 ESMF_PIO                    : enabled
20220601 014643.599 INFO             PET3 ESMF_YAMLCPP                : enabled
20220601 014643.642 DEBUG            PET3 about to destroy Grid: 0x234b690
20220601 014643.647 DEBUG            PET3 about to destroy Grid: 0x234c6a0
20220601 014643.660 INFO             PET3  NUMBER_OF_PROCESSORS           4
20220601 014643.660 INFO             PET3  PASS  Example ESMF_NUOPCAtmModelEx, ESMF_NUOPCAtmModelEx.F90, line 806
20220601 014643.660 INFO             PET3 Finalizing ESMF
