build time -- 2022-07-10 01:32:27
20220710 015012.815 INFO             PET0 !!!!!!!!!!!!!!!!!!!!!!!!!!!!!!!!!!!!!!!!!!!!!!!!!!!!!!
20220710 015012.815 INFO             PET0 !!! THE ESMF_LOG IS SET TO OUTPUT ALL LOG MESSAGES !!!
20220710 015012.815 INFO             PET0 !!!     THIS MAY CAUSE SLOWDOWN IN PERFORMANCE     !!!
20220710 015012.815 INFO             PET0 !!! FOR PRODUCTION RUNS, USE:                      !!!
20220710 015012.815 INFO             PET0 !!!                   ESMF_LOGKIND_Multi_On_Error  !!!
20220710 015012.815 INFO             PET0 !!!!!!!!!!!!!!!!!!!!!!!!!!!!!!!!!!!!!!!!!!!!!!!!!!!!!!
20220710 015012.815 INFO             PET0 Running with ESMF Version   : v8.4.0b03-3-g14a79d558f
20220710 015012.815 INFO             PET0 ESMF library build date/time: "Jul 10 2022" "01:31:10"
20220710 015012.815 INFO             PET0 ESMF library build location : /lfs/h1/emc/ptmp/Mark.Potts/intel_19.1.3_mpi_g_develop
20220710 015012.815 INFO             PET0 ESMF_COMM                   : mpi
20220710 015012.816 INFO             PET0 ESMF_MOAB                   : enabled
20220710 015012.816 INFO             PET0 ESMF_LAPACK                 : enabled
20220710 015012.816 INFO             PET0 ESMF_NETCDF                 : enabled
20220710 015012.816 INFO             PET0 ESMF_PNETCDF                : disabled
20220710 015012.816 INFO             PET0 ESMF_PIO                    : enabled
20220710 015012.816 INFO             PET0 ESMF_YAMLCPP                : enabled
20220710 015012.828 INFO             PET0 ESMF_FieldRedistStoreNF(): Just entered routine.
20220710 015012.867 INFO             PET0 ESMF_FieldRedistStoreNF(): Leaving routine.
20220710 015012.870 INFO             PET0  NUMBER_OF_PROCESSORS           4
20220710 015012.870 INFO             PET0  PASS  Example ESMF_RHandleFromRHandleEx, ESMF_RHandleFromRHandleEx.F90, line 660
20220710 015012.870 INFO             PET0 Finalizing ESMF
20220710 015012.816 INFO             PET1 !!!!!!!!!!!!!!!!!!!!!!!!!!!!!!!!!!!!!!!!!!!!!!!!!!!!!!
20220710 015012.816 INFO             PET1 !!! THE ESMF_LOG IS SET TO OUTPUT ALL LOG MESSAGES !!!
20220710 015012.816 INFO             PET1 !!!     THIS MAY CAUSE SLOWDOWN IN PERFORMANCE     !!!
20220710 015012.816 INFO             PET1 !!! FOR PRODUCTION RUNS, USE:                      !!!
20220710 015012.816 INFO             PET1 !!!                   ESMF_LOGKIND_Multi_On_Error  !!!
20220710 015012.816 INFO             PET1 !!!!!!!!!!!!!!!!!!!!!!!!!!!!!!!!!!!!!!!!!!!!!!!!!!!!!!
20220710 015012.816 INFO             PET1 Running with ESMF Version   : v8.4.0b03-3-g14a79d558f
20220710 015012.816 INFO             PET1 ESMF library build date/time: "Jul 10 2022" "01:31:10"
20220710 015012.816 INFO             PET1 ESMF library build location : /lfs/h1/emc/ptmp/Mark.Potts/intel_19.1.3_mpi_g_develop
20220710 015012.816 INFO             PET1 ESMF_COMM                   : mpi
20220710 015012.817 INFO             PET1 ESMF_MOAB                   : enabled
20220710 015012.817 INFO             PET1 ESMF_LAPACK                 : enabled
20220710 015012.817 INFO             PET1 ESMF_NETCDF                 : enabled
20220710 015012.817 INFO             PET1 ESMF_PNETCDF                : disabled
20220710 015012.817 INFO             PET1 ESMF_PIO                    : enabled
20220710 015012.817 INFO             PET1 ESMF_YAMLCPP                : enabled
20220710 015012.828 INFO             PET1 ESMF_FieldRedistStoreNF(): Just entered routine.
20220710 015012.867 INFO             PET1 ESMF_FieldRedistStoreNF(): Leaving routine.
20220710 015012.870 INFO             PET1  NUMBER_OF_PROCESSORS           4
20220710 015012.870 INFO             PET1  PASS  Example ESMF_RHandleFromRHandleEx, ESMF_RHandleFromRHandleEx.F90, line 660
20220710 015012.870 INFO             PET1 Finalizing ESMF
20220710 015012.816 INFO             PET2 !!!!!!!!!!!!!!!!!!!!!!!!!!!!!!!!!!!!!!!!!!!!!!!!!!!!!!
20220710 015012.816 INFO             PET2 !!! THE ESMF_LOG IS SET TO OUTPUT ALL LOG MESSAGES !!!
20220710 015012.816 INFO             PET2 !!!     THIS MAY CAUSE SLOWDOWN IN PERFORMANCE     !!!
20220710 015012.816 INFO             PET2 !!! FOR PRODUCTION RUNS, USE:                      !!!
20220710 015012.816 INFO             PET2 !!!                   ESMF_LOGKIND_Multi_On_Error  !!!
20220710 015012.816 INFO             PET2 !!!!!!!!!!!!!!!!!!!!!!!!!!!!!!!!!!!!!!!!!!!!!!!!!!!!!!
20220710 015012.816 INFO             PET2 Running with ESMF Version   : v8.4.0b03-3-g14a79d558f
20220710 015012.816 INFO             PET2 ESMF library build date/time: "Jul 10 2022" "01:31:10"
20220710 015012.816 INFO             PET2 ESMF library build location : /lfs/h1/emc/ptmp/Mark.Potts/intel_19.1.3_mpi_g_develop
20220710 015012.816 INFO             PET2 ESMF_COMM                   : mpi
20220710 015012.817 INFO             PET2 ESMF_MOAB                   : enabled
20220710 015012.817 INFO             PET2 ESMF_LAPACK                 : enabled
20220710 015012.817 INFO             PET2 ESMF_NETCDF                 : enabled
20220710 015012.817 INFO             PET2 ESMF_PNETCDF                : disabled
20220710 015012.817 INFO             PET2 ESMF_PIO                    : enabled
20220710 015012.817 INFO             PET2 ESMF_YAMLCPP                : enabled
20220710 015012.828 INFO             PET2 ESMF_FieldRedistStoreNF(): Just entered routine.
20220710 015012.867 INFO             PET2 ESMF_FieldRedistStoreNF(): Leaving routine.
20220710 015012.869 INFO             PET2  NUMBER_OF_PROCESSORS           4
20220710 015012.869 INFO             PET2  PASS  Example ESMF_RHandleFromRHandleEx, ESMF_RHandleFromRHandleEx.F90, line 660
20220710 015012.869 INFO             PET2 Finalizing ESMF
20220710 015012.815 INFO             PET3 !!!!!!!!!!!!!!!!!!!!!!!!!!!!!!!!!!!!!!!!!!!!!!!!!!!!!!
20220710 015012.815 INFO             PET3 !!! THE ESMF_LOG IS SET TO OUTPUT ALL LOG MESSAGES !!!
20220710 015012.815 INFO             PET3 !!!     THIS MAY CAUSE SLOWDOWN IN PERFORMANCE     !!!
20220710 015012.815 INFO             PET3 !!! FOR PRODUCTION RUNS, USE:                      !!!
20220710 015012.815 INFO             PET3 !!!                   ESMF_LOGKIND_Multi_On_Error  !!!
20220710 015012.815 INFO             PET3 !!!!!!!!!!!!!!!!!!!!!!!!!!!!!!!!!!!!!!!!!!!!!!!!!!!!!!
20220710 015012.815 INFO             PET3 Running with ESMF Version   : v8.4.0b03-3-g14a79d558f
20220710 015012.815 INFO             PET3 ESMF library build date/time: "Jul 10 2022" "01:31:10"
20220710 015012.815 INFO             PET3 ESMF library build location : /lfs/h1/emc/ptmp/Mark.Potts/intel_19.1.3_mpi_g_develop
20220710 015012.815 INFO             PET3 ESMF_COMM                   : mpi
20220710 015012.817 INFO             PET3 ESMF_MOAB                   : enabled
20220710 015012.817 INFO             PET3 ESMF_LAPACK                 : enabled
20220710 015012.817 INFO             PET3 ESMF_NETCDF                 : enabled
20220710 015012.817 INFO             PET3 ESMF_PNETCDF                : disabled
20220710 015012.817 INFO             PET3 ESMF_PIO                    : enabled
20220710 015012.817 INFO             PET3 ESMF_YAMLCPP                : enabled
20220710 015012.828 INFO             PET3 ESMF_FieldRedistStoreNF(): Just entered routine.
20220710 015012.867 INFO             PET3 ESMF_FieldRedistStoreNF(): Leaving routine.
20220710 015012.870 INFO             PET3  NUMBER_OF_PROCESSORS           4
20220710 015012.870 INFO             PET3  PASS  Example ESMF_RHandleFromRHandleEx, ESMF_RHandleFromRHandleEx.F90, line 660
20220710 015012.870 INFO             PET3 Finalizing ESMF
