build time -- 2022-06-02 01:28:15
20220602 014557.901 INFO             PET0 !!!!!!!!!!!!!!!!!!!!!!!!!!!!!!!!!!!!!!!!!!!!!!!!!!!!!!
20220602 014557.901 INFO             PET0 !!! THE ESMF_LOG IS SET TO OUTPUT ALL LOG MESSAGES !!!
20220602 014557.901 INFO             PET0 !!!     THIS MAY CAUSE SLOWDOWN IN PERFORMANCE     !!!
20220602 014557.901 INFO             PET0 !!! FOR PRODUCTION RUNS, USE:                      !!!
20220602 014557.901 INFO             PET0 !!!                   ESMF_LOGKIND_Multi_On_Error  !!!
20220602 014557.901 INFO             PET0 !!!!!!!!!!!!!!!!!!!!!!!!!!!!!!!!!!!!!!!!!!!!!!!!!!!!!!
20220602 014557.901 INFO             PET0 Running with ESMF Version   : v8.4.0b00
20220602 014557.901 INFO             PET0 ESMF library build date/time: "Jun  2 2022" "01:27:06"
20220602 014557.901 INFO             PET0 ESMF library build location : /lfs/h1/emc/ptmp/Mark.Potts/intel_19.1.3_mpi_g_develop
20220602 014557.901 INFO             PET0 ESMF_COMM                   : mpi
20220602 014557.902 INFO             PET0 ESMF_MOAB                   : enabled
20220602 014557.902 INFO             PET0 ESMF_LAPACK                 : enabled
20220602 014557.902 INFO             PET0 ESMF_NETCDF                 : enabled
20220602 014557.902 INFO             PET0 ESMF_PNETCDF                : disabled
20220602 014557.902 INFO             PET0 ESMF_PIO                    : enabled
20220602 014557.902 INFO             PET0 ESMF_YAMLCPP                : enabled
20220602 014557.908 INFO             PET0  NUMBER_OF_PROCESSORS           1
20220602 014557.908 INFO             PET0  PASS  Example ESMF_XGridSparseMatEx, ESMF_XGridSparseMatEx.F90, line 642
20220602 014557.908 INFO             PET0 Finalizing ESMF
