Thu Jun 16 15:06:38 MDT 2022
 
Installing ESMF:
 
mkdir -p /scratch/cluster/dunlap/esmf-testing/intel_20.0.1_mvapich2_O_develop/DEFAULTINSTALLDIR/include
cp -f /scratch/cluster/dunlap/esmf-testing/intel_20.0.1_mvapich2_O_develop/src/include/ESMC.h /scratch/cluster/dunlap/esmf-testing/intel_20.0.1_mvapich2_O_develop/DEFAULTINSTALLDIR/include
cp -f /scratch/cluster/dunlap/esmf-testing/intel_20.0.1_mvapich2_O_develop/src/include/ESMC_*.h /scratch/cluster/dunlap/esmf-testing/intel_20.0.1_mvapich2_O_develop/DEFAULTINSTALLDIR/include
cp -f /scratch/cluster/dunlap/esmf-testing/intel_20.0.1_mvapich2_O_develop/build_config/Linux.intel.default/ESMC_Conf.h /scratch/cluster/dunlap/esmf-testing/intel_20.0.1_mvapich2_O_develop/DEFAULTINSTALLDIR/include
mkdir -p /scratch/cluster/dunlap/esmf-testing/intel_20.0.1_mvapich2_O_develop/DEFAULTINSTALLDIR/mod/modO/Linux.intel.64.mvapich2.default
cp -f /scratch/cluster/dunlap/esmf-testing/intel_20.0.1_mvapich2_O_develop/mod/modO/Linux.intel.64.mvapich2.default/*.mod /scratch/cluster/dunlap/esmf-testing/intel_20.0.1_mvapich2_O_develop/DEFAULTINSTALLDIR/mod/modO/Linux.intel.64.mvapich2.default
mkdir -p /scratch/cluster/dunlap/esmf-testing/intel_20.0.1_mvapich2_O_develop/DEFAULTINSTALLDIR/lib/libO/Linux.intel.64.mvapich2.default
cp -f /scratch/cluster/dunlap/esmf-testing/intel_20.0.1_mvapich2_O_develop/lib/libO/Linux.intel.64.mvapich2.default/libesmf*.* /scratch/cluster/dunlap/esmf-testing/intel_20.0.1_mvapich2_O_develop/DEFAULTINSTALLDIR/lib/libO/Linux.intel.64.mvapich2.default
cp -f /scratch/cluster/dunlap/esmf-testing/intel_20.0.1_mvapich2_O_develop/lib/libO/Linux.intel.64.mvapich2.default/libpioc.* /scratch/cluster/dunlap/esmf-testing/intel_20.0.1_mvapich2_O_develop/DEFAULTINSTALLDIR/lib/libO/Linux.intel.64.mvapich2.default
make ESMF_PRELOADDIR=/scratch/cluster/dunlap/esmf-testing/intel_20.0.1_mvapich2_O_develop/DEFAULTINSTALLDIR/lib/libO/Linux.intel.64.mvapich2.default build_preload_script
make[1]: Entering directory '/scratch/cluster/dunlap/esmf-testing/intel_20.0.1_mvapich2_O_develop'
chmod 755 /scratch/cluster/dunlap/esmf-testing/intel_20.0.1_mvapich2_O_develop/DEFAULTINSTALLDIR/lib/libO/Linux.intel.64.mvapich2.default/preload.sh
make[1]: Leaving directory '/scratch/cluster/dunlap/esmf-testing/intel_20.0.1_mvapich2_O_develop'
ranlib /scratch/cluster/dunlap/esmf-testing/intel_20.0.1_mvapich2_O_develop/DEFAULTINSTALLDIR/lib/libO/Linux.intel.64.mvapich2.default/libesmf*.a
make install_apps
make[1]: Entering directory '/scratch/cluster/dunlap/esmf-testing/intel_20.0.1_mvapich2_O_develop'
mkdir -p /scratch/cluster/dunlap/esmf-testing/intel_20.0.1_mvapich2_O_develop/DEFAULTINSTALLDIR/bin/binO/Linux.intel.64.mvapich2.default
make build_apps ESMF_APPSDIR=/scratch/cluster/dunlap/esmf-testing/intel_20.0.1_mvapich2_O_develop/DEFAULTINSTALLDIR/bin/binO/Linux.intel.64.mvapich2.default ESMF_LDIR=/scratch/cluster/dunlap/esmf-testing/intel_20.0.1_mvapich2_O_develop/DEFAULTINSTALLDIR/lib/libO/Linux.intel.64.mvapich2.default ESMF_LIBDIR=/scratch/cluster/dunlap/esmf-testing/intel_20.0.1_mvapich2_O_develop/DEFAULTINSTALLDIR/lib/libO/Linux.intel.64.mvapich2.default ESMF_MODDIR=/scratch/cluster/dunlap/esmf-testing/intel_20.0.1_mvapich2_O_develop/DEFAULTINSTALLDIR/mod/modO/Linux.intel.64.mvapich2.default
make[2]: Entering directory '/scratch/cluster/dunlap/esmf-testing/intel_20.0.1_mvapich2_O_develop'
cd /scratch/cluster/dunlap/esmf-testing/intel_20.0.1_mvapich2_O_develop/src/apps; make ACTION=tree_build_apps tree
make[3]: Entering directory '/scratch/cluster/dunlap/esmf-testing/intel_20.0.1_mvapich2_O_develop/src/apps'
tree_build_apps in: /scratch/cluster/dunlap/esmf-testing/intel_20.0.1_mvapich2_O_develop/src/apps/ESMF_PrintInfo
make[4]: Entering directory '/scratch/cluster/dunlap/esmf-testing/intel_20.0.1_mvapich2_O_develop/src/apps/ESMF_PrintInfo'
make chkdir_locobj
make[5]: Entering directory '/scratch/cluster/dunlap/esmf-testing/intel_20.0.1_mvapich2_O_develop/src/apps/ESMF_PrintInfo'
Making directory /scratch/cluster/dunlap/esmf-testing/intel_20.0.1_mvapich2_O_develop/obj/objO/Linux.intel.64.mvapich2.default/src/apps/ESMF_PrintInfo for apps output
make[5]: Leaving directory '/scratch/cluster/dunlap/esmf-testing/intel_20.0.1_mvapich2_O_develop/src/apps/ESMF_PrintInfo'
mpif90 -c -O -fPIC -debug minimal -assume realloc_lhs -m64 -mcmodel=small -pthread -threads  -qopenmp -I/scratch/cluster/dunlap/esmf-testing/intel_20.0.1_mvapich2_O_develop/src/apps/ESMF_PrintInfo -I/scratch/cluster/dunlap/esmf-testing/intel_20.0.1_mvapich2_O_develop/build_config/Linux.intel.default -I/scratch/cluster/dunlap/esmf-testing/intel_20.0.1_mvapich2_O_develop/src/Infrastructure -I/scratch/cluster/dunlap/esmf-testing/intel_20.0.1_mvapich2_O_develop/src/Superstructure -I/scratch/cluster/dunlap/esmf-testing/intel_20.0.1_mvapich2_O_develop/DEFAULTINSTALLDIR/mod/modO/Linux.intel.64.mvapich2.default -I/scratch/cluster/dunlap/esmf-testing/intel_20.0.1_mvapich2_O_develop/src/include -I/usr/local/netcdf-c-4.7.4-f-4.5.2-intel-cluster-20.0.1/include -I/usr/local/netcdf-c-4.7.4-f-4.5.2-intel-cluster-20.0.1/include  -DESMF_NO_INTEGER_1_BYTE -DESMF_NO_INTEGER_2_BYTE -DESMF_VERSION_STRING_GIT='"v8.4.0b01-2-gf0d4ab211d"' -DESMF_MOAB=1 -DESMF_LAPACK=1 -DESMF_LAPACK_INTERNAL=1 -DESMF_NO_ACC_SOFTWARE_STACK=1 -DESMF_NETCDF=1 -DESMF_YAMLCPP=1 -DESMF_YAML=1 -DESMF_PIO=1 -DESMF_NO_OPENACC -DESMF_TESTEXHAUSTIVE -DESMF_BOPT_O -DESMF_TESTCOMPTUNNEL -DESMF_TESTWITHTHREADS -DSx86_64_small=1 -DESMF_OS_Linux=1 -DESMF_COMM=mvapich2 -DESMF_DIR=/scratch/cluster/dunlap/esmf-testing/intel_20.0.1_mvapich2_O_develop ESMF_PrintInfo.F90 -o /scratch/cluster/dunlap/esmf-testing/intel_20.0.1_mvapich2_O_develop/obj/objO/Linux.intel.64.mvapich2.default/src/apps/ESMF_PrintInfo/ESMF_PrintInfo.o
make chkdir_apps
make[5]: Entering directory '/scratch/cluster/dunlap/esmf-testing/intel_20.0.1_mvapich2_O_develop/src/apps/ESMF_PrintInfo'
make[5]: Leaving directory '/scratch/cluster/dunlap/esmf-testing/intel_20.0.1_mvapich2_O_develop/src/apps/ESMF_PrintInfo'
mpif90    -m64 -mcmodel=small -pthread -threads -Wl,--no-as-needed  -qopenmp -L/scratch/cluster/dunlap/esmf-testing/intel_20.0.1_mvapich2_O_develop/DEFAULTINSTALLDIR/lib/libO/Linux.intel.64.mvapich2.default -L/usr/local/netcdf-c-4.7.4-f-4.5.2-intel-cluster-20.0.1/lib -L/usr/local/netcdf-c-4.7.4-f-4.5.2-intel-cluster-20.0.1/lib -L/usr/local/hdf5-1.12.0-intel-cluster-20.0.1/lib -L/usr/local/netcdf-c-4.7.4-f-4.5.2-intel-cluster-20.0.1/lib  -Wl,-rpath,/scratch/cluster/dunlap/esmf-testing/intel_20.0.1_mvapich2_O_develop/DEFAULTINSTALLDIR/lib/libO/Linux.intel.64.mvapich2.default -Wl,-rpath,/usr/local/netcdf-c-4.7.4-f-4.5.2-intel-cluster-20.0.1/lib -Wl,-rpath,/usr/local/netcdf-c-4.7.4-f-4.5.2-intel-cluster-20.0.1/lib -Wl,-rpath,/usr/local/hdf5-1.12.0-intel-cluster-20.0.1/lib -Wl,-rpath,/usr/local/netcdf-c-4.7.4-f-4.5.2-intel-cluster-20.0.1/lib  -o /scratch/cluster/dunlap/esmf-testing/intel_20.0.1_mvapich2_O_develop/DEFAULTINSTALLDIR/bin/binO/Linux.intel.64.mvapich2.default/ESMF_PrintInfo /scratch/cluster/dunlap/esmf-testing/intel_20.0.1_mvapich2_O_develop/obj/objO/Linux.intel.64.mvapich2.default/src/apps/ESMF_PrintInfo/ESMF_PrintInfo.o -lesmf  -cxxlib -lrt -ldl -lnetcdf -lnetcdff -lnetcdf -lnetcdf -lpioc
make[4]: Leaving directory '/scratch/cluster/dunlap/esmf-testing/intel_20.0.1_mvapich2_O_develop/src/apps/ESMF_PrintInfo'
tree_build_apps in: /scratch/cluster/dunlap/esmf-testing/intel_20.0.1_mvapich2_O_develop/src/apps/ESMF_PrintInfoC
make[4]: Entering directory '/scratch/cluster/dunlap/esmf-testing/intel_20.0.1_mvapich2_O_develop/src/apps/ESMF_PrintInfoC'
make chkdir_locobj
make[5]: Entering directory '/scratch/cluster/dunlap/esmf-testing/intel_20.0.1_mvapich2_O_develop/src/apps/ESMF_PrintInfoC'
Making directory /scratch/cluster/dunlap/esmf-testing/intel_20.0.1_mvapich2_O_develop/obj/objO/Linux.intel.64.mvapich2.default/src/apps/ESMF_PrintInfoC for apps output
make[5]: Leaving directory '/scratch/cluster/dunlap/esmf-testing/intel_20.0.1_mvapich2_O_develop/src/apps/ESMF_PrintInfoC'
mpicxx -c -std=c++11 -O -DNDEBUG -fPIC -debug minimal -m64 -mcmodel=small -pthread  -qopenmp -I/scratch/cluster/dunlap/esmf-testing/intel_20.0.1_mvapich2_O_develop/src/apps/ESMF_PrintInfoC -I/scratch/cluster/dunlap/esmf-testing/intel_20.0.1_mvapich2_O_develop/src/apps/ESMF_PrintInfoC/../include -I/scratch/cluster/dunlap/esmf-testing/intel_20.0.1_mvapich2_O_develop/build_config/Linux.intel.default -I/scratch/cluster/dunlap/esmf-testing/intel_20.0.1_mvapich2_O_develop/src/Infrastructure -I/scratch/cluster/dunlap/esmf-testing/intel_20.0.1_mvapich2_O_develop/src/Superstructure -I/scratch/cluster/dunlap/esmf-testing/intel_20.0.1_mvapich2_O_develop/src/Infrastructure/stubs/pthread  -I/scratch/cluster/dunlap/esmf-testing/intel_20.0.1_mvapich2_O_develop/src/include  -I/usr/local/netcdf-c-4.7.4-f-4.5.2-intel-cluster-20.0.1/include -I/scratch/cluster/dunlap/esmf-testing/intel_20.0.1_mvapich2_O_develop/src/prologue/yaml-cpp/include -DESMF_NO_INTEGER_1_BYTE -DESMF_NO_INTEGER_2_BYTE -DESMF_VERSION_STRING_GIT='"v8.4.0b01-2-gf0d4ab211d"' -DESMF_MOAB=1 -DESMF_LAPACK=1 -DESMF_LAPACK_INTERNAL=1 -DESMF_NO_ACC_SOFTWARE_STACK=1 -DESMF_NETCDF=1 -DESMF_YAMLCPP=1 -DESMF_YAML=1 -DESMF_PIO=1 -DESMF_NO_OPENACC -DESMF_TESTEXHAUSTIVE -DESMF_BOPT_O -DESMF_TESTCOMPTUNNEL -DESMF_TESTWITHTHREADS -DSx86_64_small=1 -DESMF_OS_Linux=1 -DESMF_COMM=mvapich2 -DESMF_DIR=/scratch/cluster/dunlap/esmf-testing/intel_20.0.1_mvapich2_O_develop -D__SDIR__='"src/apps/ESMF_PrintInfoC"' -DESMF_CXXSTD=11 ESMF_PrintInfoC.c -o /scratch/cluster/dunlap/esmf-testing/intel_20.0.1_mvapich2_O_develop/obj/objO/Linux.intel.64.mvapich2.default/src/apps/ESMF_PrintInfoC/ESMF_PrintInfoC.o
icc: command line warning #10370: option '-std=c++11' is not valid for C compilations
In file included from /scratch/cluster/dunlap/esmf-testing/intel_20.0.1_mvapich2_O_develop/src/include/ESMC.h(46),
                 from ESMF_PrintInfoC.c(14):
/scratch/cluster/dunlap/esmf-testing/intel_20.0.1_mvapich2_O_develop/src/include/ESMC_Mesh.h(66): error: identifier "bool" is undefined
    bool *moabOn,
    ^

In file included from /scratch/cluster/dunlap/esmf-testing/intel_20.0.1_mvapich2_O_develop/src/include/ESMC.h(46),
                 from ESMF_PrintInfoC.c(14):
/scratch/cluster/dunlap/esmf-testing/intel_20.0.1_mvapich2_O_develop/src/include/ESMC_Mesh.h(93): error: identifier "bool" is undefined
    bool moabOn,
    ^

compilation aborted for ESMF_PrintInfoC.c (code 2)
/scratch/cluster/dunlap/esmf-testing/intel_20.0.1_mvapich2_O_develop/build/common.mk:3864: recipe for target '/scratch/cluster/dunlap/esmf-testing/intel_20.0.1_mvapich2_O_develop/obj/objO/Linux.intel.64.mvapich2.default/src/apps/ESMF_PrintInfoC/ESMF_PrintInfoC.o' failed
make[4]: *** [/scratch/cluster/dunlap/esmf-testing/intel_20.0.1_mvapich2_O_develop/obj/objO/Linux.intel.64.mvapich2.default/src/apps/ESMF_PrintInfoC/ESMF_PrintInfoC.o] Error 2
make[4]: Leaving directory '/scratch/cluster/dunlap/esmf-testing/intel_20.0.1_mvapich2_O_develop/src/apps/ESMF_PrintInfoC'
/scratch/cluster/dunlap/esmf-testing/intel_20.0.1_mvapich2_O_develop/build/common.mk:3770: recipe for target 'tree' failed
make[3]: *** [tree] Error 1
make[3]: Leaving directory '/scratch/cluster/dunlap/esmf-testing/intel_20.0.1_mvapich2_O_develop/src/apps'
/scratch/cluster/dunlap/esmf-testing/intel_20.0.1_mvapich2_O_develop/build/common.mk:2534: recipe for target 'build_apps' failed
make[2]: *** [build_apps] Error 2
make[2]: Leaving directory '/scratch/cluster/dunlap/esmf-testing/intel_20.0.1_mvapich2_O_develop'
makefile:665: recipe for target 'install_apps' failed
make[1]: *** [install_apps] Error 2
make[1]: Leaving directory '/scratch/cluster/dunlap/esmf-testing/intel_20.0.1_mvapich2_O_develop'
makefile:691: recipe for target 'install' failed
make: *** [install] Error 2
