build time -- 2022-06-28 02:21:16.307910
20220628 025351.064 INFO             PET0 !!!!!!!!!!!!!!!!!!!!!!!!!!!!!!!!!!!!!!!!!!!!!!!!!!!!!!
20220628 025351.064 INFO             PET0 !!! THE ESMF_LOG IS SET TO OUTPUT ALL LOG MESSAGES !!!
20220628 025351.064 INFO             PET0 !!!     THIS MAY CAUSE SLOWDOWN IN PERFORMANCE     !!!
20220628 025351.064 INFO             PET0 !!! FOR PRODUCTION RUNS, USE:                      !!!
20220628 025351.064 INFO             PET0 !!!                   ESMF_LOGKIND_Multi_On_Error  !!!
20220628 025351.064 INFO             PET0 !!!!!!!!!!!!!!!!!!!!!!!!!!!!!!!!!!!!!!!!!!!!!!!!!!!!!!
20220628 025351.064 INFO             PET0 Running with ESMF Version   : v8.4.0b01-2-gf0d4ab211d
20220628 025351.064 INFO             PET0 ESMF library build date/time: "Jun 28 2022" "02:19:06"
20220628 025351.064 INFO             PET0 ESMF library build location : /glade/scratch/dunlap/esmf-testing/gfortran_10.1.0_openmpi_O_develop
20220628 025351.064 INFO             PET0 ESMF_COMM                   : openmpi
20220628 025351.064 INFO             PET0 ESMF_MOAB                   : enabled
20220628 025351.064 INFO             PET0 ESMF_LAPACK                 : enabled
20220628 025351.064 INFO             PET0 ESMF_NETCDF                 : enabled
20220628 025351.064 INFO             PET0 ESMF_PNETCDF                : disabled
20220628 025351.064 INFO             PET0 ESMF_PIO                    : enabled
20220628 025351.064 INFO             PET0 ESMF_YAMLCPP                : enabled
20220628 025351.105 DEBUG            PET0 about to destroy Grid: 0xd1c690
20220628 025351.108 DEBUG            PET0 about to destroy Grid: 0xd1d270
20220628 025351.120 INFO             PET0  NUMBER_OF_PROCESSORS           4
20220628 025351.120 INFO             PET0  PASS  Example ESMF_NUOPCAtmModelEx, ESMF_NUOPCAtmModelEx.F90, line 806
20220628 025351.120 INFO             PET0 Finalizing ESMF
20220628 025351.066 INFO             PET1 !!!!!!!!!!!!!!!!!!!!!!!!!!!!!!!!!!!!!!!!!!!!!!!!!!!!!!
20220628 025351.066 INFO             PET1 !!! THE ESMF_LOG IS SET TO OUTPUT ALL LOG MESSAGES !!!
20220628 025351.066 INFO             PET1 !!!     THIS MAY CAUSE SLOWDOWN IN PERFORMANCE     !!!
20220628 025351.066 INFO             PET1 !!! FOR PRODUCTION RUNS, USE:                      !!!
20220628 025351.066 INFO             PET1 !!!                   ESMF_LOGKIND_Multi_On_Error  !!!
20220628 025351.066 INFO             PET1 !!!!!!!!!!!!!!!!!!!!!!!!!!!!!!!!!!!!!!!!!!!!!!!!!!!!!!
20220628 025351.066 INFO             PET1 Running with ESMF Version   : v8.4.0b01-2-gf0d4ab211d
20220628 025351.066 INFO             PET1 ESMF library build date/time: "Jun 28 2022" "02:19:06"
20220628 025351.066 INFO             PET1 ESMF library build location : /glade/scratch/dunlap/esmf-testing/gfortran_10.1.0_openmpi_O_develop
20220628 025351.066 INFO             PET1 ESMF_COMM                   : openmpi
20220628 025351.066 INFO             PET1 ESMF_MOAB                   : enabled
20220628 025351.066 INFO             PET1 ESMF_LAPACK                 : enabled
20220628 025351.066 INFO             PET1 ESMF_NETCDF                 : enabled
20220628 025351.066 INFO             PET1 ESMF_PNETCDF                : disabled
20220628 025351.066 INFO             PET1 ESMF_PIO                    : enabled
20220628 025351.066 INFO             PET1 ESMF_YAMLCPP                : enabled
20220628 025351.105 DEBUG            PET1 about to destroy Grid: 0x140c2a0
20220628 025351.108 DEBUG            PET1 about to destroy Grid: 0x140d0e0
20220628 025351.120 INFO             PET1  NUMBER_OF_PROCESSORS           4
20220628 025351.120 INFO             PET1  PASS  Example ESMF_NUOPCAtmModelEx, ESMF_NUOPCAtmModelEx.F90, line 806
20220628 025351.120 INFO             PET1 Finalizing ESMF
20220628 025351.064 INFO             PET2 !!!!!!!!!!!!!!!!!!!!!!!!!!!!!!!!!!!!!!!!!!!!!!!!!!!!!!
20220628 025351.064 INFO             PET2 !!! THE ESMF_LOG IS SET TO OUTPUT ALL LOG MESSAGES !!!
20220628 025351.064 INFO             PET2 !!!     THIS MAY CAUSE SLOWDOWN IN PERFORMANCE     !!!
20220628 025351.064 INFO             PET2 !!! FOR PRODUCTION RUNS, USE:                      !!!
20220628 025351.064 INFO             PET2 !!!                   ESMF_LOGKIND_Multi_On_Error  !!!
20220628 025351.064 INFO             PET2 !!!!!!!!!!!!!!!!!!!!!!!!!!!!!!!!!!!!!!!!!!!!!!!!!!!!!!
20220628 025351.064 INFO             PET2 Running with ESMF Version   : v8.4.0b01-2-gf0d4ab211d
20220628 025351.064 INFO             PET2 ESMF library build date/time: "Jun 28 2022" "02:19:06"
20220628 025351.064 INFO             PET2 ESMF library build location : /glade/scratch/dunlap/esmf-testing/gfortran_10.1.0_openmpi_O_develop
20220628 025351.064 INFO             PET2 ESMF_COMM                   : openmpi
20220628 025351.064 INFO             PET2 ESMF_MOAB                   : enabled
20220628 025351.064 INFO             PET2 ESMF_LAPACK                 : enabled
20220628 025351.064 INFO             PET2 ESMF_NETCDF                 : enabled
20220628 025351.064 INFO             PET2 ESMF_PNETCDF                : disabled
20220628 025351.064 INFO             PET2 ESMF_PIO                    : enabled
20220628 025351.064 INFO             PET2 ESMF_YAMLCPP                : enabled
20220628 025351.105 DEBUG            PET2 about to destroy Grid: 0x23ea7b0
20220628 025351.108 DEBUG            PET2 about to destroy Grid: 0x23eb9f0
20220628 025351.120 INFO             PET2  NUMBER_OF_PROCESSORS           4
20220628 025351.120 INFO             PET2  PASS  Example ESMF_NUOPCAtmModelEx, ESMF_NUOPCAtmModelEx.F90, line 806
20220628 025351.120 INFO             PET2 Finalizing ESMF
20220628 025351.065 INFO             PET3 !!!!!!!!!!!!!!!!!!!!!!!!!!!!!!!!!!!!!!!!!!!!!!!!!!!!!!
20220628 025351.065 INFO             PET3 !!! THE ESMF_LOG IS SET TO OUTPUT ALL LOG MESSAGES !!!
20220628 025351.065 INFO             PET3 !!!     THIS MAY CAUSE SLOWDOWN IN PERFORMANCE     !!!
20220628 025351.065 INFO             PET3 !!! FOR PRODUCTION RUNS, USE:                      !!!
20220628 025351.065 INFO             PET3 !!!                   ESMF_LOGKIND_Multi_On_Error  !!!
20220628 025351.065 INFO             PET3 !!!!!!!!!!!!!!!!!!!!!!!!!!!!!!!!!!!!!!!!!!!!!!!!!!!!!!
20220628 025351.065 INFO             PET3 Running with ESMF Version   : v8.4.0b01-2-gf0d4ab211d
20220628 025351.065 INFO             PET3 ESMF library build date/time: "Jun 28 2022" "02:19:06"
20220628 025351.065 INFO             PET3 ESMF library build location : /glade/scratch/dunlap/esmf-testing/gfortran_10.1.0_openmpi_O_develop
20220628 025351.065 INFO             PET3 ESMF_COMM                   : openmpi
20220628 025351.065 INFO             PET3 ESMF_MOAB                   : enabled
20220628 025351.065 INFO             PET3 ESMF_LAPACK                 : enabled
20220628 025351.065 INFO             PET3 ESMF_NETCDF                 : enabled
20220628 025351.065 INFO             PET3 ESMF_PNETCDF                : disabled
20220628 025351.065 INFO             PET3 ESMF_PIO                    : enabled
20220628 025351.065 INFO             PET3 ESMF_YAMLCPP                : enabled
20220628 025351.105 DEBUG            PET3 about to destroy Grid: 0x1454020
20220628 025351.108 DEBUG            PET3 about to destroy Grid: 0x14556b0
20220628 025351.120 INFO             PET3  NUMBER_OF_PROCESSORS           4
20220628 025351.120 INFO             PET3  PASS  Example ESMF_NUOPCAtmModelEx, ESMF_NUOPCAtmModelEx.F90, line 806
20220628 025351.120 INFO             PET3 Finalizing ESMF
