build time -- 2022-07-02 02:20:08.751037
20220702 025108.908 INFO             PET0 !!!!!!!!!!!!!!!!!!!!!!!!!!!!!!!!!!!!!!!!!!!!!!!!!!!!!!
20220702 025108.908 INFO             PET0 !!! THE ESMF_LOG IS SET TO OUTPUT ALL LOG MESSAGES !!!
20220702 025108.908 INFO             PET0 !!!     THIS MAY CAUSE SLOWDOWN IN PERFORMANCE     !!!
20220702 025108.908 INFO             PET0 !!! FOR PRODUCTION RUNS, USE:                      !!!
20220702 025108.908 INFO             PET0 !!!                   ESMF_LOGKIND_Multi_On_Error  !!!
20220702 025108.908 INFO             PET0 !!!!!!!!!!!!!!!!!!!!!!!!!!!!!!!!!!!!!!!!!!!!!!!!!!!!!!
20220702 025108.908 INFO             PET0 Running with ESMF Version   : v8.4.0b02-7-g9328c9b05f
20220702 025108.908 INFO             PET0 ESMF library build date/time: "Jul  2 2022" "02:18:04"
20220702 025108.908 INFO             PET0 ESMF library build location : /glade/scratch/dunlap/esmf-testing/gfortran_10.1.0_openmpi_O_develop
20220702 025108.908 INFO             PET0 ESMF_COMM                   : openmpi
20220702 025108.908 INFO             PET0 ESMF_MOAB                   : enabled
20220702 025108.908 INFO             PET0 ESMF_LAPACK                 : enabled
20220702 025108.908 INFO             PET0 ESMF_NETCDF                 : enabled
20220702 025108.908 INFO             PET0 ESMF_PNETCDF                : disabled
20220702 025108.908 INFO             PET0 ESMF_PIO                    : enabled
20220702 025108.908 INFO             PET0 ESMF_YAMLCPP                : enabled
20220702 025108.911 INFO             PET0  NUMBER_OF_PROCESSORS           1
20220702 025108.911 INFO             PET0  PASS  Example ESMF_XGridSparseMatEx, ESMF_XGridSparseMatEx.F90, line 642
20220702 025108.911 INFO             PET0 Finalizing ESMF
