build time -- 2022-07-18 07:35:25
20220718 083003.866 INFO             PET0 !!!!!!!!!!!!!!!!!!!!!!!!!!!!!!!!!!!!!!!!!!!!!!!!!!!!!!
20220718 083003.867 INFO             PET0 !!! THE ESMF_LOG IS SET TO OUTPUT ALL LOG MESSAGES !!!
20220718 083003.867 INFO             PET0 !!!     THIS MAY CAUSE SLOWDOWN IN PERFORMANCE     !!!
20220718 083003.867 INFO             PET0 !!! FOR PRODUCTION RUNS, USE:                      !!!
20220718 083003.867 INFO             PET0 !!!                   ESMF_LOGKIND_Multi_On_Error  !!!
20220718 083003.867 INFO             PET0 !!!!!!!!!!!!!!!!!!!!!!!!!!!!!!!!!!!!!!!!!!!!!!!!!!!!!!
20220718 083003.867 INFO             PET0 Running with ESMF Version   : v8.4.0b04-9-g4da4a8320a
20220718 083003.867 INFO             PET0 ESMF library build date/time: "Jul 18 2022" "07:32:01"
20220718 083003.867 INFO             PET0 ESMF library build location : /scratch1/NCEPDEV/stmp2/role.esmfmaint/pgi_19.1_mpiuni_g_feature_named-alias
20220718 083003.867 INFO             PET0 ESMF_COMM                   : mpiuni
20220718 083003.868 INFO             PET0 ESMF_MOAB                   : enabled
20220718 083003.868 INFO             PET0 ESMF_LAPACK                 : enabled
20220718 083003.868 INFO             PET0 ESMF_NETCDF                 : disabled
20220718 083003.868 INFO             PET0 ESMF_PNETCDF                : disabled
20220718 083003.868 INFO             PET0 ESMF_PIO                    : disabled
20220718 083003.868 INFO             PET0 ESMF_YAMLCPP                : enabled
20220718 083003.870 INFO             PET0  NUMBER_OF_PROCESSORS            1
20220718 083003.870 INFO             PET0  PASS  Example ESMF_ConfigOverviewEx, ESMF_ConfigOverviewEx.F90, line 415
20220718 083003.870 INFO             PET0 Finalizing ESMF
