build time -- 2022-07-11 02:59:03
20220711 095409.960 INFO             PET0 !!!!!!!!!!!!!!!!!!!!!!!!!!!!!!!!!!!!!!!!!!!!!!!!!!!!!!
20220711 095409.960 INFO             PET0 !!! THE ESMF_LOG IS SET TO OUTPUT ALL LOG MESSAGES !!!
20220711 095409.960 INFO             PET0 !!!     THIS MAY CAUSE SLOWDOWN IN PERFORMANCE     !!!
20220711 095409.960 INFO             PET0 !!! FOR PRODUCTION RUNS, USE:                      !!!
20220711 095409.960 INFO             PET0 !!!                   ESMF_LOGKIND_Multi_On_Error  !!!
20220711 095409.960 INFO             PET0 !!!!!!!!!!!!!!!!!!!!!!!!!!!!!!!!!!!!!!!!!!!!!!!!!!!!!!
20220711 095409.960 INFO             PET0 Running with ESMF Version   : v8.4.0b03-3-g14a79d558f
20220711 095409.960 INFO             PET0 ESMF library build date/time: "Jul 11 2022" "02:57:27"
20220711 095409.960 INFO             PET0 ESMF library build location : /global/cscratch1/sd/rsdunlap/esmf-testing/intel_19.1.2_mpiuni_O_develop
20220711 095409.960 INFO             PET0 ESMF_COMM                   : mpiuni
20220711 095409.961 INFO             PET0 ESMF_MOAB                   : enabled
20220711 095409.961 INFO             PET0 ESMF_LAPACK                 : enabled
20220711 095409.961 INFO             PET0 ESMF_NETCDF                 : enabled
20220711 095409.961 INFO             PET0 ESMF_PNETCDF                : disabled
20220711 095409.961 INFO             PET0 ESMF_PIO                    : disabled
20220711 095409.961 INFO             PET0 ESMF_YAMLCPP                : enabled
20220711 095409.964 INFO             PET0 ESMF_FieldRedistStoreNF(): Just entered routine.
20220711 095410.043 INFO             PET0 ESMF_FieldRedistStoreNF(): Leaving routine.
20220711 095410.051 INFO             PET0  NUMBER_OF_PROCESSORS           1
20220711 095410.053 INFO             PET0  PASS  Example ESMF_RHandleFromFileEx, ESMF_RHandleFromFileEx.F90, line 192
20220711 095410.053 INFO             PET0 Finalizing ESMF
