build time -- 2022-07-06 03:08:51
20220706 063335.284 INFO             PET0 !!!!!!!!!!!!!!!!!!!!!!!!!!!!!!!!!!!!!!!!!!!!!!!!!!!!!!
20220706 063335.284 INFO             PET0 !!! THE ESMF_LOG IS SET TO OUTPUT ALL LOG MESSAGES !!!
20220706 063335.284 INFO             PET0 !!!     THIS MAY CAUSE SLOWDOWN IN PERFORMANCE     !!!
20220706 063335.284 INFO             PET0 !!! FOR PRODUCTION RUNS, USE:                      !!!
20220706 063335.284 INFO             PET0 !!!                   ESMF_LOGKIND_Multi_On_Error  !!!
20220706 063335.284 INFO             PET0 !!!!!!!!!!!!!!!!!!!!!!!!!!!!!!!!!!!!!!!!!!!!!!!!!!!!!!
20220706 063335.284 INFO             PET0 Running with ESMF Version   : v8.4.0b03
20220706 063335.284 INFO             PET0 ESMF library build date/time: "Jul  6 2022" "03:07:09"
20220706 063335.284 INFO             PET0 ESMF library build location : /global/cscratch1/sd/rsdunlap/esmf-testing/intel_19.1.2_mpiuni_O_develop
20220706 063335.284 INFO             PET0 ESMF_COMM                   : mpiuni
20220706 063335.286 INFO             PET0 ESMF_MOAB                   : enabled
20220706 063335.286 INFO             PET0 ESMF_LAPACK                 : enabled
20220706 063335.286 INFO             PET0 ESMF_NETCDF                 : enabled
20220706 063335.286 INFO             PET0 ESMF_PNETCDF                : disabled
20220706 063335.286 INFO             PET0 ESMF_PIO                    : disabled
20220706 063335.286 INFO             PET0 ESMF_YAMLCPP                : enabled
20220706 063335.314 DEBUG            PET0 about to destroy Grid: 0x1000011bec0
20220706 063335.317 DEBUG            PET0 about to destroy Grid: 0x1000011d530
20220706 063335.326 INFO             PET0  NUMBER_OF_PROCESSORS           1
20220706 063335.326 INFO             PET0  PASS  Example ESMF_NUOPCAtmModelEx, ESMF_NUOPCAtmModelEx.F90, line 806
20220706 063335.326 INFO             PET0 Finalizing ESMF
