build time -- 2022-06-29 03:14:25
20220629 062318.471 INFO             PET0 !!!!!!!!!!!!!!!!!!!!!!!!!!!!!!!!!!!!!!!!!!!!!!!!!!!!!!
20220629 062318.471 INFO             PET0 !!! THE ESMF_LOG IS SET TO OUTPUT ALL LOG MESSAGES !!!
20220629 062318.471 INFO             PET0 !!!     THIS MAY CAUSE SLOWDOWN IN PERFORMANCE     !!!
20220629 062318.471 INFO             PET0 !!! FOR PRODUCTION RUNS, USE:                      !!!
20220629 062318.471 INFO             PET0 !!!                   ESMF_LOGKIND_Multi_On_Error  !!!
20220629 062318.471 INFO             PET0 !!!!!!!!!!!!!!!!!!!!!!!!!!!!!!!!!!!!!!!!!!!!!!!!!!!!!!
20220629 062318.471 INFO             PET0 Running with ESMF Version   : v8.4.0b01-2-gf0d4ab211d
20220629 062318.471 INFO             PET0 ESMF library build date/time: "Jun 29 2022" "03:10:54"
20220629 062318.471 INFO             PET0 ESMF library build location : /global/cscratch1/sd/rsdunlap/esmf-testing/intel_19.1.2_mpiuni_O_develop
20220629 062318.471 INFO             PET0 ESMF_COMM                   : mpiuni
20220629 062318.472 INFO             PET0 ESMF_MOAB                   : enabled
20220629 062318.472 INFO             PET0 ESMF_LAPACK                 : enabled
20220629 062318.472 INFO             PET0 ESMF_NETCDF                 : enabled
20220629 062318.472 INFO             PET0 ESMF_PNETCDF                : disabled
20220629 062318.472 INFO             PET0 ESMF_PIO                    : disabled
20220629 062318.472 INFO             PET0 ESMF_YAMLCPP                : enabled
20220629 062318.474 INFO             PET0  NUMBER_OF_PROCESSORS           1
20220629 062318.474 INFO             PET0  PASS  Example ESMF_VMSendVMRecvEx, ESMF_VMSendVMRecvEx.F90, line 120
20220629 062318.474 INFO             PET0 Finalizing ESMF
