build time -- 2022-07-09 02:46:22
20220709 045156.801 INFO             PET0 !!!!!!!!!!!!!!!!!!!!!!!!!!!!!!!!!!!!!!!!!!!!!!!!!!!!!!
20220709 045156.801 INFO             PET0 !!! THE ESMF_LOG IS SET TO OUTPUT ALL LOG MESSAGES !!!
20220709 045156.801 INFO             PET0 !!!     THIS MAY CAUSE SLOWDOWN IN PERFORMANCE     !!!
20220709 045156.801 INFO             PET0 !!! FOR PRODUCTION RUNS, USE:                      !!!
20220709 045156.801 INFO             PET0 !!!                   ESMF_LOGKIND_Multi_On_Error  !!!
20220709 045156.801 INFO             PET0 !!!!!!!!!!!!!!!!!!!!!!!!!!!!!!!!!!!!!!!!!!!!!!!!!!!!!!
20220709 045156.801 INFO             PET0 Running with ESMF Version   : v8.4.0b03-3-g14a79d558f
20220709 045156.801 INFO             PET0 ESMF library build date/time: "Jul  9 2022" "02:43:46"
20220709 045156.801 INFO             PET0 ESMF library build location : /global/cscratch1/sd/rsdunlap/esmf-testing/intel_19.1.2_mpiuni_O_develop
20220709 045156.801 INFO             PET0 ESMF_COMM                   : mpiuni
20220709 045156.803 INFO             PET0 ESMF_MOAB                   : enabled
20220709 045156.803 INFO             PET0 ESMF_LAPACK                 : enabled
20220709 045156.803 INFO             PET0 ESMF_NETCDF                 : enabled
20220709 045156.803 INFO             PET0 ESMF_PNETCDF                : disabled
20220709 045156.803 INFO             PET0 ESMF_PIO                    : disabled
20220709 045156.803 INFO             PET0 ESMF_YAMLCPP                : enabled
20220709 045156.805 INFO             PET0  NUMBER_OF_PROCESSORS           1
20220709 045156.805 INFO             PET0  PASS  Example CalendarEx, ESMF_CalendarEx.F90, line 217
20220709 045156.805 INFO             PET0 Finalizing ESMF
