build time -- 2022-07-18 03:35:34
20220718 102845.637 INFO             PET0 !!!!!!!!!!!!!!!!!!!!!!!!!!!!!!!!!!!!!!!!!!!!!!!!!!!!!!
20220718 102845.637 INFO             PET0 !!! THE ESMF_LOG IS SET TO OUTPUT ALL LOG MESSAGES !!!
20220718 102845.637 INFO             PET0 !!!     THIS MAY CAUSE SLOWDOWN IN PERFORMANCE     !!!
20220718 102845.637 INFO             PET0 !!! FOR PRODUCTION RUNS, USE:                      !!!
20220718 102845.637 INFO             PET0 !!!                   ESMF_LOGKIND_Multi_On_Error  !!!
20220718 102845.637 INFO             PET0 !!!!!!!!!!!!!!!!!!!!!!!!!!!!!!!!!!!!!!!!!!!!!!!!!!!!!!
20220718 102845.637 INFO             PET0 Running with ESMF Version   : v8.4.0b04-2-gc831a7cd4a
20220718 102845.637 INFO             PET0 ESMF library build date/time: "Jul 18 2022" "03:34:03"
20220718 102845.637 INFO             PET0 ESMF library build location : /global/cscratch1/sd/rsdunlap/esmf-testing/intel_19.1.2_mpiuni_O_develop
20220718 102845.637 INFO             PET0 ESMF_COMM                   : mpiuni
20220718 102845.639 INFO             PET0 ESMF_MOAB                   : enabled
20220718 102845.639 INFO             PET0 ESMF_LAPACK                 : enabled
20220718 102845.639 INFO             PET0 ESMF_NETCDF                 : enabled
20220718 102845.639 INFO             PET0 ESMF_PNETCDF                : disabled
20220718 102845.639 INFO             PET0 ESMF_PIO                    : disabled
20220718 102845.639 INFO             PET0 ESMF_YAMLCPP                : enabled
20220718 102845.651 INFO             PET0  NUMBER_OF_PROCESSORS           1
20220718 102845.652 INFO             PET0  PASS  Example ESMF_StateReadWriteEx, ESMF_StateReadWriteEx.F90, line 185
20220718 102845.652 INFO             PET0 Finalizing ESMF
