build time -- 2022-07-13 06:05:34
[1657693676.811881] [h23c06:237679:0]         mxm.c:196  MXM  WARN  The 'ulimit -s' on the system is set to 'unlimited'. This may have negative performance implications. Please set the stack size to the default value (10240) 
[1657693676.816968] [h23c06:237679:0]         mxm.c:196  MXM  WARN  The 'ulimit -s' on the system is set to 'unlimited'. This may have negative performance implications. Please set the stack size to the default value (10240) 
[1657693676.811855] [h23c06:237677:0]         mxm.c:196  MXM  WARN  The 'ulimit -s' on the system is set to 'unlimited'. This may have negative performance implications. Please set the stack size to the default value (10240) 
[1657693676.816927] [h23c06:237677:0]         mxm.c:196  MXM  WARN  The 'ulimit -s' on the system is set to 'unlimited'. This may have negative performance implications. Please set the stack size to the default value (10240) 
[1657693676.805338] [h23c06:237678:0]         mxm.c:196  MXM  WARN  The 'ulimit -s' on the system is set to 'unlimited'. This may have negative performance implications. Please set the stack size to the default value (10240) 
[1657693676.810107] [h23c06:237678:0]         mxm.c:196  MXM  WARN  The 'ulimit -s' on the system is set to 'unlimited'. This may have negative performance implications. Please set the stack size to the default value (10240) 
[1657693676.805948] [h23c06:237676:0]         mxm.c:196  MXM  WARN  The 'ulimit -s' on the system is set to 'unlimited'. This may have negative performance implications. Please set the stack size to the default value (10240) 
[1657693676.810898] [h23c06:237676:0]         mxm.c:196  MXM  WARN  The 'ulimit -s' on the system is set to 'unlimited'. This may have negative performance implications. Please set the stack size to the default value (10240) 
 --------------------------------------- 
 Start of ESMF_TraceUser Example
 --------------------------------------- 
  PASS  Example ESMF_TraceUserEx, ESMF_TraceUserEx.F90, line 125
  PASS  Example ESMF_TraceUserEx, ESMF_TraceUserEx.F90, line 125
  PASS  Example ESMF_TraceUserEx, ESMF_TraceUserEx.F90, line 125
  PASS  Example ESMF_TraceUserEx, ESMF_TraceUserEx.F90, line 125
 PASS: ESMF_TraceUserEx.F90
 PASS: ESMF_TraceUserEx.F90
 PASS: ESMF_TraceUserEx.F90
 --------------------------------------- 
 End of ESMF_TraceUser Example
 --------------------------------------- 
 PASS: ESMF_TraceUserEx.F90
