build time -- 2022-06-26 06:03:00
[1656224780.205255] [h25c26:144317:0]         mxm.c:196  MXM  WARN  The 'ulimit -s' on the system is set to 'unlimited'. This may have negative performance implications. Please set the stack size to the default value (10240) 
[1656224780.210125] [h25c26:144317:0]         mxm.c:196  MXM  WARN  The 'ulimit -s' on the system is set to 'unlimited'. This may have negative performance implications. Please set the stack size to the default value (10240) 
[1656224780.205168] [h25c26:144319:0]         mxm.c:196  MXM  WARN  The 'ulimit -s' on the system is set to 'unlimited'. This may have negative performance implications. Please set the stack size to the default value (10240) 
[1656224780.210035] [h25c26:144319:0]         mxm.c:196  MXM  WARN  The 'ulimit -s' on the system is set to 'unlimited'. This may have negative performance implications. Please set the stack size to the default value (10240) 
[1656224780.197293] [h25c26:144318:0]         mxm.c:196  MXM  WARN  The 'ulimit -s' on the system is set to 'unlimited'. This may have negative performance implications. Please set the stack size to the default value (10240) 
[1656224780.202530] [h25c26:144318:0]         mxm.c:196  MXM  WARN  The 'ulimit -s' on the system is set to 'unlimited'. This may have negative performance implications. Please set the stack size to the default value (10240) 
[1656224780.197314] [h25c26:144320:0]         mxm.c:196  MXM  WARN  The 'ulimit -s' on the system is set to 'unlimited'. This may have negative performance implications. Please set the stack size to the default value (10240) 
[1656224780.202450] [h25c26:144320:0]         mxm.c:196  MXM  WARN  The 'ulimit -s' on the system is set to 'unlimited'. This may have negative performance implications. Please set the stack size to the default value (10240) 
 FieldBundle example 1 returned
 FieldBundle example 1 returned
 FieldBundle example 1 returned
 FieldBundle example 1 returned
 FieldBundle example 2 returned, fieldcount =           1
 FieldBundle example 2 returned, fieldcount =           1
 FieldBundle example 2 returned, fieldcount =           1
 FieldBundle example 2 returned, fieldcount =           1
 FieldBundle example 3 returned, fieldcount =           3
 FieldBundle example 3 returned, fieldcount =           3
 FieldBundle example 3 returned, fieldcount =           3
 FieldBundle example 3 returned, fieldcount =           3
 FieldBundle example 4 returned, field names = pressure, pressure
 FieldBundle name = atmosphere data
 heat flux                                                                                                                                                                                                                                                       
 FieldBundle example 4 returned, field names = pressure, pressure
 FieldBundle name = atmosphere data
 heat flux                                                                                                                                                                                                                                                       
 pressure                                                                                                                                                                                                                                                        
 temperature                                                                                                                                                                                                                                                     
 temperature                                                                                                                                                                                                                                                     
 FieldBundle example 4 returned, field names = pressure, pressure
 FieldBundle name = atmosphere data
 heat flux                                                                                                                                                                                                                                                       
 pressure                                                                                                                                                                                                                                                        
 temperature                                                                                                                                                                                                                                                     
 temperature                                                                                                                                                                                                                                                     
 pressure                                                                                                                                                                                                                                                        
 heat flux                                                                                                                                                                                                                                                       
 pressure                                                                                                                                                                                                                                                        
 temperature                                                                                                                                                                                                                                                     
 temperature                                                                                                                                                                                                                                                     
 pressure                                                                                                                                                                                                                                                        
 heat flux                                                                                                                                                                                                                                                       
 FieldBundle example 4 returned, field names = pressure, pressure
 FieldBundle name = atmosphere data
 heat flux                                                                                                                                                                                                                                                       
 pressure                                                                                                                                                                                                                                                        
 temperature                                                                                                                                                                                                                                                     
 temperature                                                                                                                                                                                                                                                     
 pressure                                                                                                                                                                                                                                                        
 heat flux                                                                                                                                                                                                                                                       
 pressure                                                                                                                                                                                                                                                        
 heat flux                                                                                                                                                                                                                                                       
  PASS  Example ESMF_FieldBundleCreateEx, ESMF_FieldBundleCreateEx.F90, line 561
  PASS  Example ESMF_FieldBundleCreateEx, ESMF_FieldBundleCreateEx.F90, line 561
 PASS: ESMF_FieldBundleCreateEx.F90
  PASS  Example ESMF_FieldBundleCreateEx, ESMF_FieldBundleCreateEx.F90, line 561
 PASS: ESMF_FieldBundleCreateEx.F90
  PASS  Example ESMF_FieldBundleCreateEx, ESMF_FieldBundleCreateEx.F90, line 561
 PASS: ESMF_FieldBundleCreateEx.F90
 PASS: ESMF_FieldBundleCreateEx.F90
