build time -- 2022-07-20 06:20:11
[1658300235.180213] [h33m06:181512:0]         mxm.c:196  MXM  WARN  The 'ulimit -s' on the system is set to 'unlimited'. This may have negative performance implications. Please set the stack size to the default value (10240) 
[1658300235.185375] [h33m06:181512:0]         mxm.c:196  MXM  WARN  The 'ulimit -s' on the system is set to 'unlimited'. This may have negative performance implications. Please set the stack size to the default value (10240) 
[1658300235.180207] [h33m06:181510:0]         mxm.c:196  MXM  WARN  The 'ulimit -s' on the system is set to 'unlimited'. This may have negative performance implications. Please set the stack size to the default value (10240) 
[1658300235.185418] [h33m06:181510:0]         mxm.c:196  MXM  WARN  The 'ulimit -s' on the system is set to 'unlimited'. This may have negative performance implications. Please set the stack size to the default value (10240) 
[1658300235.175735] [h33m06:181509:0]         mxm.c:196  MXM  WARN  The 'ulimit -s' on the system is set to 'unlimited'. This may have negative performance implications. Please set the stack size to the default value (10240) 
[1658300235.180617] [h33m06:181509:0]         mxm.c:196  MXM  WARN  The 'ulimit -s' on the system is set to 'unlimited'. This may have negative performance implications. Please set the stack size to the default value (10240) 
[1658300235.175528] [h33m06:181511:0]         mxm.c:196  MXM  WARN  The 'ulimit -s' on the system is set to 'unlimited'. This may have negative performance implications. Please set the stack size to the default value (10240) 
[1658300235.180477] [h33m06:181511:0]         mxm.c:196  MXM  WARN  The 'ulimit -s' on the system is set to 'unlimited'. This may have negative performance implications. Please set the stack size to the default value (10240) 
 Application Example 1:
 Application Example 1:
 Application Example 1:
 Application Example 1:
 Comp Create returned, name = Atmosphere Model Gridded Component
 Comp Create returned, name = Atmosphere Model Gridded Component
 Comp Create returned, name = Atmosphere Model Gridded Component
 Comp Create returned, name = Atmosphere Model Gridded Component
 Gridded Comp Init starting
 Gridded Comp Init returning
 Comp Initialize complete
 Gridded Comp Run starting
 Gridded Comp Run returning
 Gridded Comp Init starting
 Gridded Comp Init returning
 Gridded Comp Run starting
 Gridded Comp Run returning
 Gridded Comp Init starting
 Gridded Comp Init returning
 Gridded Comp Run starting
 Gridded Comp Run returning
 Gridded Comp Init starting
 Gridded Comp Init returning
 Gridded Comp Run starting
 Gridded Comp Run returning
 Comp Run complete
 Comp Initialize complete
 Gridded Comp Final starting
 Gridded Comp Final returning
 Comp Finalize complete
 Comp Initialize complete
 Comp Initialize complete
 Gridded Comp Run starting
 Gridded Comp Run returning
 Gridded Comp Run starting
 Gridded Comp Run returning
 Gridded Comp Run starting
 Gridded Comp Run returning
 Gridded Comp Run starting
 Gridded Comp Run returning
 Gridded Comp Run starting
 Gridded Comp Run returning
 Gridded Comp Run starting
 Gridded Comp Run returning
 Gridded Comp Run starting
 Gridded Comp Run returning
 Gridded Comp Run starting
 Gridded Comp Run returning
 Gridded Comp Run starting
 Gridded Comp Run returning
 Gridded Comp Run starting
 Gridded Comp Run returning
 Destroy calls returned
 Application Example 1 finished
  PASS  Example ESMF_GCompEx, ESMF_GCompEx.F90, line 465
 Gridded Comp Run starting
 Gridded Comp Run returning
 Comp Run complete
 Gridded Comp Final starting
 Gridded Comp Final returning
 Gridded Comp Run starting
 Gridded Comp Run returning
 Comp Run complete
 Gridded Comp Final starting
 Gridded Comp Final returning
 Comp Finalize complete
 Comp Run complete
 Gridded Comp Final starting
 Gridded Comp Final returning
 Comp Finalize complete
 Comp Finalize complete
 Destroy calls returned
 Application Example 1 finished
 Destroy calls returned
 Application Example 1 finished
  PASS  Example ESMF_GCompEx, ESMF_GCompEx.F90, line 465
 Destroy calls returned
 Application Example 1 finished
  PASS  Example ESMF_GCompEx, ESMF_GCompEx.F90, line 465
  PASS  Example ESMF_GCompEx, ESMF_GCompEx.F90, line 465
 PASS: ESMF_GCompEx.F90
 PASS: ESMF_GCompEx.F90
 PASS: ESMF_GCompEx.F90
 PASS: ESMF_GCompEx.F90
