build time -- 2022-06-22 06:01:35
20220622 062529.313 INFO             PET0 !!!!!!!!!!!!!!!!!!!!!!!!!!!!!!!!!!!!!!!!!!!!!!!!!!!!!!
20220622 062529.313 INFO             PET0 !!! THE ESMF_LOG IS SET TO OUTPUT ALL LOG MESSAGES !!!
20220622 062529.313 INFO             PET0 !!!     THIS MAY CAUSE SLOWDOWN IN PERFORMANCE     !!!
20220622 062529.313 INFO             PET0 !!! FOR PRODUCTION RUNS, USE:                      !!!
20220622 062529.313 INFO             PET0 !!!                   ESMF_LOGKIND_Multi_On_Error  !!!
20220622 062529.313 INFO             PET0 !!!!!!!!!!!!!!!!!!!!!!!!!!!!!!!!!!!!!!!!!!!!!!!!!!!!!!
20220622 062529.313 INFO             PET0 Running with ESMF Version   : v8.4.0b01-2-gf0d4ab211d
20220622 062529.313 INFO             PET0 ESMF library build date/time: "Jun 22 2022" "06:00:09"
20220622 062529.313 INFO             PET0 ESMF library build location : /scratch1/NCEPDEV/stmp2/role.esmfmaint/gfortran_9.2.0b_openmpi_g_develop
20220622 062529.313 INFO             PET0 ESMF_COMM                   : openmpi
20220622 062529.314 INFO             PET0 ESMF_MOAB                   : enabled
20220622 062529.314 INFO             PET0 ESMF_LAPACK                 : enabled
20220622 062529.314 INFO             PET0 ESMF_NETCDF                 : disabled
20220622 062529.314 INFO             PET0 ESMF_PNETCDF                : disabled
20220622 062529.314 INFO             PET0 ESMF_PIO                    : disabled
20220622 062529.314 INFO             PET0 ESMF_YAMLCPP                : enabled
20220622 062529.408 DEBUG            PET0 about to destroy Grid: 0x22c1210
20220622 062529.419 DEBUG            PET0 about to destroy Grid: 0x22c28c0
20220622 062529.450 INFO             PET0  NUMBER_OF_PROCESSORS           4
20220622 062529.450 INFO             PET0  PASS  Example ESMF_NUOPCAtmModelEx, ESMF_NUOPCAtmModelEx.F90, line 806
20220622 062529.450 INFO             PET0 Finalizing ESMF
20220622 062529.314 INFO             PET1 !!!!!!!!!!!!!!!!!!!!!!!!!!!!!!!!!!!!!!!!!!!!!!!!!!!!!!
20220622 062529.314 INFO             PET1 !!! THE ESMF_LOG IS SET TO OUTPUT ALL LOG MESSAGES !!!
20220622 062529.314 INFO             PET1 !!!     THIS MAY CAUSE SLOWDOWN IN PERFORMANCE     !!!
20220622 062529.314 INFO             PET1 !!! FOR PRODUCTION RUNS, USE:                      !!!
20220622 062529.314 INFO             PET1 !!!                   ESMF_LOGKIND_Multi_On_Error  !!!
20220622 062529.314 INFO             PET1 !!!!!!!!!!!!!!!!!!!!!!!!!!!!!!!!!!!!!!!!!!!!!!!!!!!!!!
20220622 062529.314 INFO             PET1 Running with ESMF Version   : v8.4.0b01-2-gf0d4ab211d
20220622 062529.314 INFO             PET1 ESMF library build date/time: "Jun 22 2022" "06:00:09"
20220622 062529.314 INFO             PET1 ESMF library build location : /scratch1/NCEPDEV/stmp2/role.esmfmaint/gfortran_9.2.0b_openmpi_g_develop
20220622 062529.314 INFO             PET1 ESMF_COMM                   : openmpi
20220622 062529.314 INFO             PET1 ESMF_MOAB                   : enabled
20220622 062529.314 INFO             PET1 ESMF_LAPACK                 : enabled
20220622 062529.314 INFO             PET1 ESMF_NETCDF                 : disabled
20220622 062529.314 INFO             PET1 ESMF_PNETCDF                : disabled
20220622 062529.314 INFO             PET1 ESMF_PIO                    : disabled
20220622 062529.314 INFO             PET1 ESMF_YAMLCPP                : enabled
20220622 062529.408 DEBUG            PET1 about to destroy Grid: 0x1984870
20220622 062529.419 DEBUG            PET1 about to destroy Grid: 0x1985ce0
20220622 062529.451 INFO             PET1  NUMBER_OF_PROCESSORS           4
20220622 062529.451 INFO             PET1  PASS  Example ESMF_NUOPCAtmModelEx, ESMF_NUOPCAtmModelEx.F90, line 806
20220622 062529.451 INFO             PET1 Finalizing ESMF
20220622 062529.313 INFO             PET2 !!!!!!!!!!!!!!!!!!!!!!!!!!!!!!!!!!!!!!!!!!!!!!!!!!!!!!
20220622 062529.313 INFO             PET2 !!! THE ESMF_LOG IS SET TO OUTPUT ALL LOG MESSAGES !!!
20220622 062529.313 INFO             PET2 !!!     THIS MAY CAUSE SLOWDOWN IN PERFORMANCE     !!!
20220622 062529.313 INFO             PET2 !!! FOR PRODUCTION RUNS, USE:                      !!!
20220622 062529.313 INFO             PET2 !!!                   ESMF_LOGKIND_Multi_On_Error  !!!
20220622 062529.313 INFO             PET2 !!!!!!!!!!!!!!!!!!!!!!!!!!!!!!!!!!!!!!!!!!!!!!!!!!!!!!
20220622 062529.313 INFO             PET2 Running with ESMF Version   : v8.4.0b01-2-gf0d4ab211d
20220622 062529.313 INFO             PET2 ESMF library build date/time: "Jun 22 2022" "06:00:09"
20220622 062529.313 INFO             PET2 ESMF library build location : /scratch1/NCEPDEV/stmp2/role.esmfmaint/gfortran_9.2.0b_openmpi_g_develop
20220622 062529.313 INFO             PET2 ESMF_COMM                   : openmpi
20220622 062529.313 INFO             PET2 ESMF_MOAB                   : enabled
20220622 062529.313 INFO             PET2 ESMF_LAPACK                 : enabled
20220622 062529.313 INFO             PET2 ESMF_NETCDF                 : disabled
20220622 062529.313 INFO             PET2 ESMF_PNETCDF                : disabled
20220622 062529.313 INFO             PET2 ESMF_PIO                    : disabled
20220622 062529.313 INFO             PET2 ESMF_YAMLCPP                : enabled
20220622 062529.408 DEBUG            PET2 about to destroy Grid: 0x1c48550
20220622 062529.419 DEBUG            PET2 about to destroy Grid: 0x1c499c0
20220622 062529.450 INFO             PET2  NUMBER_OF_PROCESSORS           4
20220622 062529.450 INFO             PET2  PASS  Example ESMF_NUOPCAtmModelEx, ESMF_NUOPCAtmModelEx.F90, line 806
20220622 062529.450 INFO             PET2 Finalizing ESMF
20220622 062529.313 INFO             PET3 !!!!!!!!!!!!!!!!!!!!!!!!!!!!!!!!!!!!!!!!!!!!!!!!!!!!!!
20220622 062529.314 INFO             PET3 !!! THE ESMF_LOG IS SET TO OUTPUT ALL LOG MESSAGES !!!
20220622 062529.314 INFO             PET3 !!!     THIS MAY CAUSE SLOWDOWN IN PERFORMANCE     !!!
20220622 062529.314 INFO             PET3 !!! FOR PRODUCTION RUNS, USE:                      !!!
20220622 062529.314 INFO             PET3 !!!                   ESMF_LOGKIND_Multi_On_Error  !!!
20220622 062529.314 INFO             PET3 !!!!!!!!!!!!!!!!!!!!!!!!!!!!!!!!!!!!!!!!!!!!!!!!!!!!!!
20220622 062529.314 INFO             PET3 Running with ESMF Version   : v8.4.0b01-2-gf0d4ab211d
20220622 062529.314 INFO             PET3 ESMF library build date/time: "Jun 22 2022" "06:00:09"
20220622 062529.314 INFO             PET3 ESMF library build location : /scratch1/NCEPDEV/stmp2/role.esmfmaint/gfortran_9.2.0b_openmpi_g_develop
20220622 062529.314 INFO             PET3 ESMF_COMM                   : openmpi
20220622 062529.314 INFO             PET3 ESMF_MOAB                   : enabled
20220622 062529.314 INFO             PET3 ESMF_LAPACK                 : enabled
20220622 062529.314 INFO             PET3 ESMF_NETCDF                 : disabled
20220622 062529.314 INFO             PET3 ESMF_PNETCDF                : disabled
20220622 062529.314 INFO             PET3 ESMF_PIO                    : disabled
20220622 062529.314 INFO             PET3 ESMF_YAMLCPP                : enabled
20220622 062529.408 DEBUG            PET3 about to destroy Grid: 0x15d1eb0
20220622 062529.419 DEBUG            PET3 about to destroy Grid: 0x15d3690
20220622 062529.450 INFO             PET3  NUMBER_OF_PROCESSORS           4
20220622 062529.450 INFO             PET3  PASS  Example ESMF_NUOPCAtmModelEx, ESMF_NUOPCAtmModelEx.F90, line 806
20220622 062529.450 INFO             PET3 Finalizing ESMF
