build time -- 2022-06-24 06:15:52
20220624 063756.422 INFO             PET0 !!!!!!!!!!!!!!!!!!!!!!!!!!!!!!!!!!!!!!!!!!!!!!!!!!!!!!
20220624 063756.422 INFO             PET0 !!! THE ESMF_LOG IS SET TO OUTPUT ALL LOG MESSAGES !!!
20220624 063756.422 INFO             PET0 !!!     THIS MAY CAUSE SLOWDOWN IN PERFORMANCE     !!!
20220624 063756.422 INFO             PET0 !!! FOR PRODUCTION RUNS, USE:                      !!!
20220624 063756.422 INFO             PET0 !!!                   ESMF_LOGKIND_Multi_On_Error  !!!
20220624 063756.422 INFO             PET0 !!!!!!!!!!!!!!!!!!!!!!!!!!!!!!!!!!!!!!!!!!!!!!!!!!!!!!
20220624 063756.422 INFO             PET0 Running with ESMF Version   : v8.4.0b01-2-gf0d4ab211d
20220624 063756.422 INFO             PET0 ESMF library build date/time: "Jun 24 2022" "06:14:35"
20220624 063756.422 INFO             PET0 ESMF library build location : /scratch1/NCEPDEV/stmp2/role.esmfmaint/gfortran_9.2.0b_openmpi_g_develop
20220624 063756.422 INFO             PET0 ESMF_COMM                   : openmpi
20220624 063756.423 INFO             PET0 ESMF_MOAB                   : enabled
20220624 063756.423 INFO             PET0 ESMF_LAPACK                 : enabled
20220624 063756.423 INFO             PET0 ESMF_NETCDF                 : disabled
20220624 063756.423 INFO             PET0 ESMF_PNETCDF                : disabled
20220624 063756.423 INFO             PET0 ESMF_PIO                    : disabled
20220624 063756.423 INFO             PET0 ESMF_YAMLCPP                : enabled
20220624 063756.423 INFO             PET0  NUMBER_OF_PROCESSORS           4
20220624 063756.423 INFO             PET0  PASS  Example ESMF_VMUserMpiCommMultiEx, ESMF_VMUserMpiCommMultiEx.F90, line 126
20220624 063756.423 INFO             PET0 Finalizing ESMF
20220624 063756.422 INFO             PET0 !!!!!!!!!!!!!!!!!!!!!!!!!!!!!!!!!!!!!!!!!!!!!!!!!!!!!!
20220624 063756.422 INFO             PET0 !!! THE ESMF_LOG IS SET TO OUTPUT ALL LOG MESSAGES !!!
20220624 063756.422 INFO             PET0 !!!     THIS MAY CAUSE SLOWDOWN IN PERFORMANCE     !!!
20220624 063756.422 INFO             PET0 !!! FOR PRODUCTION RUNS, USE:                      !!!
20220624 063756.422 INFO             PET0 !!!                   ESMF_LOGKIND_Multi_On_Error  !!!
20220624 063756.422 INFO             PET0 !!!!!!!!!!!!!!!!!!!!!!!!!!!!!!!!!!!!!!!!!!!!!!!!!!!!!!
20220624 063756.422 INFO             PET0 Running with ESMF Version   : v8.4.0b01-2-gf0d4ab211d
20220624 063756.422 INFO             PET0 ESMF library build date/time: "Jun 24 2022" "06:14:35"
20220624 063756.422 INFO             PET0 ESMF library build location : /scratch1/NCEPDEV/stmp2/role.esmfmaint/gfortran_9.2.0b_openmpi_g_develop
20220624 063756.422 INFO             PET0 ESMF_COMM                   : openmpi
20220624 063756.423 INFO             PET0 ESMF_MOAB                   : enabled
20220624 063756.423 INFO             PET0 ESMF_LAPACK                 : enabled
20220624 063756.423 INFO             PET0 ESMF_NETCDF                 : disabled
20220624 063756.423 INFO             PET0 ESMF_PNETCDF                : disabled
20220624 063756.423 INFO             PET0 ESMF_PIO                    : disabled
20220624 063756.423 INFO             PET0 ESMF_YAMLCPP                : enabled
20220624 063756.423 INFO             PET0  NUMBER_OF_PROCESSORS           4
20220624 063756.423 INFO             PET0  PASS  Example ESMF_VMUserMpiCommMultiEx, ESMF_VMUserMpiCommMultiEx.F90, line 154
20220624 063756.423 INFO             PET0 Finalizing ESMF
20220624 063756.423 INFO             PET1 !!!!!!!!!!!!!!!!!!!!!!!!!!!!!!!!!!!!!!!!!!!!!!!!!!!!!!
20220624 063756.423 INFO             PET1 !!! THE ESMF_LOG IS SET TO OUTPUT ALL LOG MESSAGES !!!
20220624 063756.423 INFO             PET1 !!!     THIS MAY CAUSE SLOWDOWN IN PERFORMANCE     !!!
20220624 063756.423 INFO             PET1 !!! FOR PRODUCTION RUNS, USE:                      !!!
20220624 063756.423 INFO             PET1 !!!                   ESMF_LOGKIND_Multi_On_Error  !!!
20220624 063756.423 INFO             PET1 !!!!!!!!!!!!!!!!!!!!!!!!!!!!!!!!!!!!!!!!!!!!!!!!!!!!!!
20220624 063756.423 INFO             PET1 Running with ESMF Version   : v8.4.0b01-2-gf0d4ab211d
20220624 063756.423 INFO             PET1 ESMF library build date/time: "Jun 24 2022" "06:14:35"
20220624 063756.423 INFO             PET1 ESMF library build location : /scratch1/NCEPDEV/stmp2/role.esmfmaint/gfortran_9.2.0b_openmpi_g_develop
20220624 063756.423 INFO             PET1 ESMF_COMM                   : openmpi
20220624 063756.423 INFO             PET1 ESMF_MOAB                   : enabled
20220624 063756.423 INFO             PET1 ESMF_LAPACK                 : enabled
20220624 063756.423 INFO             PET1 ESMF_NETCDF                 : disabled
20220624 063756.423 INFO             PET1 ESMF_PNETCDF                : disabled
20220624 063756.423 INFO             PET1 ESMF_PIO                    : disabled
20220624 063756.423 INFO             PET1 ESMF_YAMLCPP                : enabled
20220624 063756.423 INFO             PET1  NUMBER_OF_PROCESSORS           4
20220624 063756.423 INFO             PET1  PASS  Example ESMF_VMUserMpiCommMultiEx, ESMF_VMUserMpiCommMultiEx.F90, line 126
20220624 063756.423 INFO             PET1 Finalizing ESMF
20220624 063756.422 INFO             PET1 !!!!!!!!!!!!!!!!!!!!!!!!!!!!!!!!!!!!!!!!!!!!!!!!!!!!!!
20220624 063756.422 INFO             PET1 !!! THE ESMF_LOG IS SET TO OUTPUT ALL LOG MESSAGES !!!
20220624 063756.422 INFO             PET1 !!!     THIS MAY CAUSE SLOWDOWN IN PERFORMANCE     !!!
20220624 063756.422 INFO             PET1 !!! FOR PRODUCTION RUNS, USE:                      !!!
20220624 063756.422 INFO             PET1 !!!                   ESMF_LOGKIND_Multi_On_Error  !!!
20220624 063756.422 INFO             PET1 !!!!!!!!!!!!!!!!!!!!!!!!!!!!!!!!!!!!!!!!!!!!!!!!!!!!!!
20220624 063756.422 INFO             PET1 Running with ESMF Version   : v8.4.0b01-2-gf0d4ab211d
20220624 063756.422 INFO             PET1 ESMF library build date/time: "Jun 24 2022" "06:14:35"
20220624 063756.422 INFO             PET1 ESMF library build location : /scratch1/NCEPDEV/stmp2/role.esmfmaint/gfortran_9.2.0b_openmpi_g_develop
20220624 063756.422 INFO             PET1 ESMF_COMM                   : openmpi
20220624 063756.423 INFO             PET1 ESMF_MOAB                   : enabled
20220624 063756.423 INFO             PET1 ESMF_LAPACK                 : enabled
20220624 063756.423 INFO             PET1 ESMF_NETCDF                 : disabled
20220624 063756.423 INFO             PET1 ESMF_PNETCDF                : disabled
20220624 063756.423 INFO             PET1 ESMF_PIO                    : disabled
20220624 063756.423 INFO             PET1 ESMF_YAMLCPP                : enabled
20220624 063756.423 INFO             PET1  NUMBER_OF_PROCESSORS           4
20220624 063756.423 INFO             PET1  PASS  Example ESMF_VMUserMpiCommMultiEx, ESMF_VMUserMpiCommMultiEx.F90, line 154
20220624 063756.423 INFO             PET1 Finalizing ESMF
