build time -- 2022-06-23 06:06:18
20220623 062848.020 INFO             PET0 !!!!!!!!!!!!!!!!!!!!!!!!!!!!!!!!!!!!!!!!!!!!!!!!!!!!!!
20220623 062848.020 INFO             PET0 !!! THE ESMF_LOG IS SET TO OUTPUT ALL LOG MESSAGES !!!
20220623 062848.020 INFO             PET0 !!!     THIS MAY CAUSE SLOWDOWN IN PERFORMANCE     !!!
20220623 062848.020 INFO             PET0 !!! FOR PRODUCTION RUNS, USE:                      !!!
20220623 062848.020 INFO             PET0 !!!                   ESMF_LOGKIND_Multi_On_Error  !!!
20220623 062848.020 INFO             PET0 !!!!!!!!!!!!!!!!!!!!!!!!!!!!!!!!!!!!!!!!!!!!!!!!!!!!!!
20220623 062848.020 INFO             PET0 Running with ESMF Version   : v8.4.0b01-2-gf0d4ab211d
20220623 062848.020 INFO             PET0 ESMF library build date/time: "Jun 23 2022" "06:04:59"
20220623 062848.020 INFO             PET0 ESMF library build location : /scratch1/NCEPDEV/stmp2/role.esmfmaint/gfortran_9.2.0b_openmpi_g_develop
20220623 062848.020 INFO             PET0 ESMF_COMM                   : openmpi
20220623 062848.021 INFO             PET0 ESMF_MOAB                   : enabled
20220623 062848.021 INFO             PET0 ESMF_LAPACK                 : enabled
20220623 062848.021 INFO             PET0 ESMF_NETCDF                 : disabled
20220623 062848.021 INFO             PET0 ESMF_PNETCDF                : disabled
20220623 062848.021 INFO             PET0 ESMF_PIO                    : disabled
20220623 062848.021 INFO             PET0 ESMF_YAMLCPP                : enabled
20220623 062848.038 INFO             PET0 ESMF_FieldRedistStoreNF(): Just entered routine.
20220623 062848.327 INFO             PET0 ESMF_FieldRedistStoreNF(): Leaving routine.
20220623 062848.331 INFO             PET0  NUMBER_OF_PROCESSORS           4
20220623 062848.331 INFO             PET0  PASS  Example ESMF_RHandleFromRHandleEx, ESMF_RHandleFromRHandleEx.F90, line 660
20220623 062848.331 INFO             PET0 Finalizing ESMF
20220623 062848.019 INFO             PET1 !!!!!!!!!!!!!!!!!!!!!!!!!!!!!!!!!!!!!!!!!!!!!!!!!!!!!!
20220623 062848.019 INFO             PET1 !!! THE ESMF_LOG IS SET TO OUTPUT ALL LOG MESSAGES !!!
20220623 062848.019 INFO             PET1 !!!     THIS MAY CAUSE SLOWDOWN IN PERFORMANCE     !!!
20220623 062848.019 INFO             PET1 !!! FOR PRODUCTION RUNS, USE:                      !!!
20220623 062848.019 INFO             PET1 !!!                   ESMF_LOGKIND_Multi_On_Error  !!!
20220623 062848.019 INFO             PET1 !!!!!!!!!!!!!!!!!!!!!!!!!!!!!!!!!!!!!!!!!!!!!!!!!!!!!!
20220623 062848.019 INFO             PET1 Running with ESMF Version   : v8.4.0b01-2-gf0d4ab211d
20220623 062848.019 INFO             PET1 ESMF library build date/time: "Jun 23 2022" "06:04:59"
20220623 062848.019 INFO             PET1 ESMF library build location : /scratch1/NCEPDEV/stmp2/role.esmfmaint/gfortran_9.2.0b_openmpi_g_develop
20220623 062848.019 INFO             PET1 ESMF_COMM                   : openmpi
20220623 062848.020 INFO             PET1 ESMF_MOAB                   : enabled
20220623 062848.020 INFO             PET1 ESMF_LAPACK                 : enabled
20220623 062848.020 INFO             PET1 ESMF_NETCDF                 : disabled
20220623 062848.020 INFO             PET1 ESMF_PNETCDF                : disabled
20220623 062848.020 INFO             PET1 ESMF_PIO                    : disabled
20220623 062848.020 INFO             PET1 ESMF_YAMLCPP                : enabled
20220623 062848.038 INFO             PET1 ESMF_FieldRedistStoreNF(): Just entered routine.
20220623 062848.326 INFO             PET1 ESMF_FieldRedistStoreNF(): Leaving routine.
20220623 062848.331 INFO             PET1  NUMBER_OF_PROCESSORS           4
20220623 062848.331 INFO             PET1  PASS  Example ESMF_RHandleFromRHandleEx, ESMF_RHandleFromRHandleEx.F90, line 660
20220623 062848.331 INFO             PET1 Finalizing ESMF
20220623 062848.020 INFO             PET2 !!!!!!!!!!!!!!!!!!!!!!!!!!!!!!!!!!!!!!!!!!!!!!!!!!!!!!
20220623 062848.020 INFO             PET2 !!! THE ESMF_LOG IS SET TO OUTPUT ALL LOG MESSAGES !!!
20220623 062848.020 INFO             PET2 !!!     THIS MAY CAUSE SLOWDOWN IN PERFORMANCE     !!!
20220623 062848.020 INFO             PET2 !!! FOR PRODUCTION RUNS, USE:                      !!!
20220623 062848.020 INFO             PET2 !!!                   ESMF_LOGKIND_Multi_On_Error  !!!
20220623 062848.020 INFO             PET2 !!!!!!!!!!!!!!!!!!!!!!!!!!!!!!!!!!!!!!!!!!!!!!!!!!!!!!
20220623 062848.020 INFO             PET2 Running with ESMF Version   : v8.4.0b01-2-gf0d4ab211d
20220623 062848.020 INFO             PET2 ESMF library build date/time: "Jun 23 2022" "06:04:59"
20220623 062848.020 INFO             PET2 ESMF library build location : /scratch1/NCEPDEV/stmp2/role.esmfmaint/gfortran_9.2.0b_openmpi_g_develop
20220623 062848.020 INFO             PET2 ESMF_COMM                   : openmpi
20220623 062848.021 INFO             PET2 ESMF_MOAB                   : enabled
20220623 062848.021 INFO             PET2 ESMF_LAPACK                 : enabled
20220623 062848.021 INFO             PET2 ESMF_NETCDF                 : disabled
20220623 062848.021 INFO             PET2 ESMF_PNETCDF                : disabled
20220623 062848.021 INFO             PET2 ESMF_PIO                    : disabled
20220623 062848.021 INFO             PET2 ESMF_YAMLCPP                : enabled
20220623 062848.038 INFO             PET2 ESMF_FieldRedistStoreNF(): Just entered routine.
20220623 062848.327 INFO             PET2 ESMF_FieldRedistStoreNF(): Leaving routine.
20220623 062848.329 INFO             PET2  NUMBER_OF_PROCESSORS           4
20220623 062848.329 INFO             PET2  PASS  Example ESMF_RHandleFromRHandleEx, ESMF_RHandleFromRHandleEx.F90, line 660
20220623 062848.329 INFO             PET2 Finalizing ESMF
20220623 062848.020 INFO             PET3 !!!!!!!!!!!!!!!!!!!!!!!!!!!!!!!!!!!!!!!!!!!!!!!!!!!!!!
20220623 062848.020 INFO             PET3 !!! THE ESMF_LOG IS SET TO OUTPUT ALL LOG MESSAGES !!!
20220623 062848.020 INFO             PET3 !!!     THIS MAY CAUSE SLOWDOWN IN PERFORMANCE     !!!
20220623 062848.020 INFO             PET3 !!! FOR PRODUCTION RUNS, USE:                      !!!
20220623 062848.020 INFO             PET3 !!!                   ESMF_LOGKIND_Multi_On_Error  !!!
20220623 062848.020 INFO             PET3 !!!!!!!!!!!!!!!!!!!!!!!!!!!!!!!!!!!!!!!!!!!!!!!!!!!!!!
20220623 062848.020 INFO             PET3 Running with ESMF Version   : v8.4.0b01-2-gf0d4ab211d
20220623 062848.020 INFO             PET3 ESMF library build date/time: "Jun 23 2022" "06:04:59"
20220623 062848.020 INFO             PET3 ESMF library build location : /scratch1/NCEPDEV/stmp2/role.esmfmaint/gfortran_9.2.0b_openmpi_g_develop
20220623 062848.020 INFO             PET3 ESMF_COMM                   : openmpi
20220623 062848.028 INFO             PET3 ESMF_MOAB                   : enabled
20220623 062848.028 INFO             PET3 ESMF_LAPACK                 : enabled
20220623 062848.028 INFO             PET3 ESMF_NETCDF                 : disabled
20220623 062848.028 INFO             PET3 ESMF_PNETCDF                : disabled
20220623 062848.028 INFO             PET3 ESMF_PIO                    : disabled
20220623 062848.028 INFO             PET3 ESMF_YAMLCPP                : enabled
20220623 062848.038 INFO             PET3 ESMF_FieldRedistStoreNF(): Just entered routine.
20220623 062848.326 INFO             PET3 ESMF_FieldRedistStoreNF(): Leaving routine.
20220623 062848.331 INFO             PET3  NUMBER_OF_PROCESSORS           4
20220623 062848.331 INFO             PET3  PASS  Example ESMF_RHandleFromRHandleEx, ESMF_RHandleFromRHandleEx.F90, line 660
20220623 062848.331 INFO             PET3 Finalizing ESMF
