build time -- 2022-07-17 00:34:31
20220717 014535.715 INFO             PET0 !!!!!!!!!!!!!!!!!!!!!!!!!!!!!!!!!!!!!!!!!!!!!!!!!!!!!!
20220717 014535.716 INFO             PET0 !!! THE ESMF_LOG IS SET TO OUTPUT ALL LOG MESSAGES !!!
20220717 014535.716 INFO             PET0 !!!     THIS MAY CAUSE SLOWDOWN IN PERFORMANCE     !!!
20220717 014535.716 INFO             PET0 !!! FOR PRODUCTION RUNS, USE:                      !!!
20220717 014535.716 INFO             PET0 !!!                   ESMF_LOGKIND_Multi_On_Error  !!!
20220717 014535.717 INFO             PET0 !!!!!!!!!!!!!!!!!!!!!!!!!!!!!!!!!!!!!!!!!!!!!!!!!!!!!!
20220717 014535.717 INFO             PET0 Running with ESMF Version   : v8.4.0b04-2-gc831a7cd4a
20220717 014535.717 INFO             PET0 ESMF library build date/time: "Jul 17 2022" "00:32:51"
20220717 014535.717 INFO             PET0 ESMF library build location : /lustre/f2/dev/ncep/Mark.Potts/gfortran_8.3.0_mpi_O_develop
20220717 014535.717 INFO             PET0 ESMF_COMM                   : mpi
20220717 014535.718 INFO             PET0 ESMF_MOAB                   : enabled
20220717 014535.718 INFO             PET0 ESMF_LAPACK                 : enabled
20220717 014535.718 INFO             PET0 ESMF_NETCDF                 : enabled
20220717 014535.718 INFO             PET0 ESMF_PNETCDF                : disabled
20220717 014535.718 INFO             PET0 ESMF_PIO                    : enabled
20220717 014535.718 INFO             PET0 ESMF_YAMLCPP                : enabled
20220717 014535.829 INFO             PET0  NUMBER_OF_PROCESSORS           4
20220717 014535.830 INFO             PET0  PASS  Example ESMF_GCompEx, ESMF_GCompEx.F90, line 465
20220717 014535.830 INFO             PET0 Finalizing ESMF
20220717 014535.780 INFO             PET1 !!!!!!!!!!!!!!!!!!!!!!!!!!!!!!!!!!!!!!!!!!!!!!!!!!!!!!
20220717 014535.780 INFO             PET1 !!! THE ESMF_LOG IS SET TO OUTPUT ALL LOG MESSAGES !!!
20220717 014535.780 INFO             PET1 !!!     THIS MAY CAUSE SLOWDOWN IN PERFORMANCE     !!!
20220717 014535.780 INFO             PET1 !!! FOR PRODUCTION RUNS, USE:                      !!!
20220717 014535.780 INFO             PET1 !!!                   ESMF_LOGKIND_Multi_On_Error  !!!
20220717 014535.780 INFO             PET1 !!!!!!!!!!!!!!!!!!!!!!!!!!!!!!!!!!!!!!!!!!!!!!!!!!!!!!
20220717 014535.780 INFO             PET1 Running with ESMF Version   : v8.4.0b04-2-gc831a7cd4a
20220717 014535.780 INFO             PET1 ESMF library build date/time: "Jul 17 2022" "00:32:51"
20220717 014535.780 INFO             PET1 ESMF library build location : /lustre/f2/dev/ncep/Mark.Potts/gfortran_8.3.0_mpi_O_develop
20220717 014535.780 INFO             PET1 ESMF_COMM                   : mpi
20220717 014535.781 INFO             PET1 ESMF_MOAB                   : enabled
20220717 014535.781 INFO             PET1 ESMF_LAPACK                 : enabled
20220717 014535.781 INFO             PET1 ESMF_NETCDF                 : enabled
20220717 014535.781 INFO             PET1 ESMF_PNETCDF                : disabled
20220717 014535.781 INFO             PET1 ESMF_PIO                    : enabled
20220717 014535.781 INFO             PET1 ESMF_YAMLCPP                : enabled
20220717 014535.829 INFO             PET1  NUMBER_OF_PROCESSORS           4
20220717 014535.831 INFO             PET1  PASS  Example ESMF_GCompEx, ESMF_GCompEx.F90, line 465
20220717 014535.831 INFO             PET1 Finalizing ESMF
20220717 014535.719 INFO             PET2 !!!!!!!!!!!!!!!!!!!!!!!!!!!!!!!!!!!!!!!!!!!!!!!!!!!!!!
20220717 014535.719 INFO             PET2 !!! THE ESMF_LOG IS SET TO OUTPUT ALL LOG MESSAGES !!!
20220717 014535.719 INFO             PET2 !!!     THIS MAY CAUSE SLOWDOWN IN PERFORMANCE     !!!
20220717 014535.719 INFO             PET2 !!! FOR PRODUCTION RUNS, USE:                      !!!
20220717 014535.719 INFO             PET2 !!!                   ESMF_LOGKIND_Multi_On_Error  !!!
20220717 014535.719 INFO             PET2 !!!!!!!!!!!!!!!!!!!!!!!!!!!!!!!!!!!!!!!!!!!!!!!!!!!!!!
20220717 014535.719 INFO             PET2 Running with ESMF Version   : v8.4.0b04-2-gc831a7cd4a
20220717 014535.719 INFO             PET2 ESMF library build date/time: "Jul 17 2022" "00:32:51"
20220717 014535.719 INFO             PET2 ESMF library build location : /lustre/f2/dev/ncep/Mark.Potts/gfortran_8.3.0_mpi_O_develop
20220717 014535.719 INFO             PET2 ESMF_COMM                   : mpi
20220717 014535.720 INFO             PET2 ESMF_MOAB                   : enabled
20220717 014535.720 INFO             PET2 ESMF_LAPACK                 : enabled
20220717 014535.720 INFO             PET2 ESMF_NETCDF                 : enabled
20220717 014535.720 INFO             PET2 ESMF_PNETCDF                : disabled
20220717 014535.720 INFO             PET2 ESMF_PIO                    : enabled
20220717 014535.720 INFO             PET2 ESMF_YAMLCPP                : enabled
20220717 014535.829 INFO             PET2  NUMBER_OF_PROCESSORS           4
20220717 014535.831 INFO             PET2  PASS  Example ESMF_GCompEx, ESMF_GCompEx.F90, line 465
20220717 014535.831 INFO             PET2 Finalizing ESMF
20220717 014535.736 INFO             PET3 !!!!!!!!!!!!!!!!!!!!!!!!!!!!!!!!!!!!!!!!!!!!!!!!!!!!!!
20220717 014535.736 INFO             PET3 !!! THE ESMF_LOG IS SET TO OUTPUT ALL LOG MESSAGES !!!
20220717 014535.736 INFO             PET3 !!!     THIS MAY CAUSE SLOWDOWN IN PERFORMANCE     !!!
20220717 014535.736 INFO             PET3 !!! FOR PRODUCTION RUNS, USE:                      !!!
20220717 014535.736 INFO             PET3 !!!                   ESMF_LOGKIND_Multi_On_Error  !!!
20220717 014535.736 INFO             PET3 !!!!!!!!!!!!!!!!!!!!!!!!!!!!!!!!!!!!!!!!!!!!!!!!!!!!!!
20220717 014535.736 INFO             PET3 Running with ESMF Version   : v8.4.0b04-2-gc831a7cd4a
20220717 014535.736 INFO             PET3 ESMF library build date/time: "Jul 17 2022" "00:32:51"
20220717 014535.736 INFO             PET3 ESMF library build location : /lustre/f2/dev/ncep/Mark.Potts/gfortran_8.3.0_mpi_O_develop
20220717 014535.736 INFO             PET3 ESMF_COMM                   : mpi
20220717 014535.739 INFO             PET3 ESMF_MOAB                   : enabled
20220717 014535.739 INFO             PET3 ESMF_LAPACK                 : enabled
20220717 014535.739 INFO             PET3 ESMF_NETCDF                 : enabled
20220717 014535.739 INFO             PET3 ESMF_PNETCDF                : disabled
20220717 014535.739 INFO             PET3 ESMF_PIO                    : enabled
20220717 014535.739 INFO             PET3 ESMF_YAMLCPP                : enabled
20220717 014535.829 INFO             PET3  NUMBER_OF_PROCESSORS           4
20220717 014535.830 INFO             PET3  PASS  Example ESMF_GCompEx, ESMF_GCompEx.F90, line 465
20220717 014535.831 INFO             PET3 Finalizing ESMF
