build time -- 2022-06-27 00:30:00
20220627 032215.806 INFO             PET0 !!!!!!!!!!!!!!!!!!!!!!!!!!!!!!!!!!!!!!!!!!!!!!!!!!!!!!
20220627 032215.808 INFO             PET0 !!! THE ESMF_LOG IS SET TO OUTPUT ALL LOG MESSAGES !!!
20220627 032215.808 INFO             PET0 !!!     THIS MAY CAUSE SLOWDOWN IN PERFORMANCE     !!!
20220627 032215.808 INFO             PET0 !!! FOR PRODUCTION RUNS, USE:                      !!!
20220627 032215.808 INFO             PET0 !!!                   ESMF_LOGKIND_Multi_On_Error  !!!
20220627 032215.808 INFO             PET0 !!!!!!!!!!!!!!!!!!!!!!!!!!!!!!!!!!!!!!!!!!!!!!!!!!!!!!
20220627 032215.808 INFO             PET0 Running with ESMF Version   : v8.4.0b01-2-gf0d4ab211d
20220627 032215.808 INFO             PET0 ESMF library build date/time: "Jun 27 2022" "00:28:07"
20220627 032215.808 INFO             PET0 ESMF library build location : /lustre/f2/dev/ncep/Mark.Potts/gfortran_8.3.0_mpi_O_develop
20220627 032215.808 INFO             PET0 ESMF_COMM                   : mpi
20220627 032215.809 INFO             PET0 ESMF_MOAB                   : enabled
20220627 032215.809 INFO             PET0 ESMF_LAPACK                 : enabled
20220627 032215.809 INFO             PET0 ESMF_NETCDF                 : enabled
20220627 032215.809 INFO             PET0 ESMF_PNETCDF                : disabled
20220627 032215.809 INFO             PET0 ESMF_PIO                    : enabled
20220627 032215.809 INFO             PET0 ESMF_YAMLCPP                : enabled
20220627 032215.812 INFO             PET0  NUMBER_OF_PROCESSORS           1
20220627 032215.812 INFO             PET0  PASS  Example ESMF_ClockEx, ESMF_ClockEx.F90, line 220
20220627 032215.812 INFO             PET0 Finalizing ESMF
