build time -- 2022-07-17 00:34:31
20220717 014554.108 INFO             PET0 !!!!!!!!!!!!!!!!!!!!!!!!!!!!!!!!!!!!!!!!!!!!!!!!!!!!!!
20220717 014554.108 INFO             PET0 !!! THE ESMF_LOG IS SET TO OUTPUT ALL LOG MESSAGES !!!
20220717 014554.108 INFO             PET0 !!!     THIS MAY CAUSE SLOWDOWN IN PERFORMANCE     !!!
20220717 014554.108 INFO             PET0 !!! FOR PRODUCTION RUNS, USE:                      !!!
20220717 014554.108 INFO             PET0 !!!                   ESMF_LOGKIND_Multi_On_Error  !!!
20220717 014554.108 INFO             PET0 !!!!!!!!!!!!!!!!!!!!!!!!!!!!!!!!!!!!!!!!!!!!!!!!!!!!!!
20220717 014554.108 INFO             PET0 Running with ESMF Version   : v8.4.0b04-2-gc831a7cd4a
20220717 014554.108 INFO             PET0 ESMF library build date/time: "Jul 17 2022" "00:32:51"
20220717 014554.108 INFO             PET0 ESMF library build location : /lustre/f2/dev/ncep/Mark.Potts/gfortran_8.3.0_mpi_O_develop
20220717 014554.108 INFO             PET0 ESMF_COMM                   : mpi
20220717 014554.109 INFO             PET0 ESMF_MOAB                   : enabled
20220717 014554.109 INFO             PET0 ESMF_LAPACK                 : enabled
20220717 014554.109 INFO             PET0 ESMF_NETCDF                 : enabled
20220717 014554.109 INFO             PET0 ESMF_PNETCDF                : disabled
20220717 014554.109 INFO             PET0 ESMF_PIO                    : enabled
20220717 014554.109 INFO             PET0 ESMF_YAMLCPP                : enabled
20220717 014554.122 ERROR            PET0 ESMF_StateAPI.cppF90:1189 ESMF_StateAddList Object being used before creation  - Bad Object
20220717 014554.183 INFO             PET0  NUMBER_OF_PROCESSORS           4
20220717 014554.183 INFO             PET0  PASS  Example ESMF_StateReconcileEx, ESMF_StateReconcileEx.F90, line 294
20220717 014554.183 INFO             PET0 Finalizing ESMF
20220717 014554.100 INFO             PET1 !!!!!!!!!!!!!!!!!!!!!!!!!!!!!!!!!!!!!!!!!!!!!!!!!!!!!!
20220717 014554.101 INFO             PET1 !!! THE ESMF_LOG IS SET TO OUTPUT ALL LOG MESSAGES !!!
20220717 014554.101 INFO             PET1 !!!     THIS MAY CAUSE SLOWDOWN IN PERFORMANCE     !!!
20220717 014554.101 INFO             PET1 !!! FOR PRODUCTION RUNS, USE:                      !!!
20220717 014554.101 INFO             PET1 !!!                   ESMF_LOGKIND_Multi_On_Error  !!!
20220717 014554.101 INFO             PET1 !!!!!!!!!!!!!!!!!!!!!!!!!!!!!!!!!!!!!!!!!!!!!!!!!!!!!!
20220717 014554.101 INFO             PET1 Running with ESMF Version   : v8.4.0b04-2-gc831a7cd4a
20220717 014554.101 INFO             PET1 ESMF library build date/time: "Jul 17 2022" "00:32:51"
20220717 014554.101 INFO             PET1 ESMF library build location : /lustre/f2/dev/ncep/Mark.Potts/gfortran_8.3.0_mpi_O_develop
20220717 014554.101 INFO             PET1 ESMF_COMM                   : mpi
20220717 014554.102 INFO             PET1 ESMF_MOAB                   : enabled
20220717 014554.102 INFO             PET1 ESMF_LAPACK                 : enabled
20220717 014554.102 INFO             PET1 ESMF_NETCDF                 : enabled
20220717 014554.102 INFO             PET1 ESMF_PNETCDF                : disabled
20220717 014554.102 INFO             PET1 ESMF_PIO                    : enabled
20220717 014554.102 INFO             PET1 ESMF_YAMLCPP                : enabled
20220717 014554.122 ERROR            PET1 ESMF_StateAPI.cppF90:1189 ESMF_StateAddList Object being used before creation  - Bad Object
20220717 014554.183 INFO             PET1  NUMBER_OF_PROCESSORS           4
20220717 014554.183 INFO             PET1  PASS  Example ESMF_StateReconcileEx, ESMF_StateReconcileEx.F90, line 294
20220717 014554.183 INFO             PET1 Finalizing ESMF
20220717 014554.100 INFO             PET2 !!!!!!!!!!!!!!!!!!!!!!!!!!!!!!!!!!!!!!!!!!!!!!!!!!!!!!
20220717 014554.101 INFO             PET2 !!! THE ESMF_LOG IS SET TO OUTPUT ALL LOG MESSAGES !!!
20220717 014554.101 INFO             PET2 !!!     THIS MAY CAUSE SLOWDOWN IN PERFORMANCE     !!!
20220717 014554.101 INFO             PET2 !!! FOR PRODUCTION RUNS, USE:                      !!!
20220717 014554.101 INFO             PET2 !!!                   ESMF_LOGKIND_Multi_On_Error  !!!
20220717 014554.101 INFO             PET2 !!!!!!!!!!!!!!!!!!!!!!!!!!!!!!!!!!!!!!!!!!!!!!!!!!!!!!
20220717 014554.101 INFO             PET2 Running with ESMF Version   : v8.4.0b04-2-gc831a7cd4a
20220717 014554.101 INFO             PET2 ESMF library build date/time: "Jul 17 2022" "00:32:51"
20220717 014554.101 INFO             PET2 ESMF library build location : /lustre/f2/dev/ncep/Mark.Potts/gfortran_8.3.0_mpi_O_develop
20220717 014554.101 INFO             PET2 ESMF_COMM                   : mpi
20220717 014554.102 INFO             PET2 ESMF_MOAB                   : enabled
20220717 014554.102 INFO             PET2 ESMF_LAPACK                 : enabled
20220717 014554.102 INFO             PET2 ESMF_NETCDF                 : enabled
20220717 014554.102 INFO             PET2 ESMF_PNETCDF                : disabled
20220717 014554.102 INFO             PET2 ESMF_PIO                    : enabled
20220717 014554.102 INFO             PET2 ESMF_YAMLCPP                : enabled
20220717 014554.122 ERROR            PET2 ESMF_StateAPI.cppF90:1189 ESMF_StateAddList Object being used before creation  - Bad Object
20220717 014554.183 INFO             PET2  NUMBER_OF_PROCESSORS           4
20220717 014554.183 INFO             PET2  PASS  Example ESMF_StateReconcileEx, ESMF_StateReconcileEx.F90, line 294
20220717 014554.183 INFO             PET2 Finalizing ESMF
20220717 014554.100 INFO             PET3 !!!!!!!!!!!!!!!!!!!!!!!!!!!!!!!!!!!!!!!!!!!!!!!!!!!!!!
20220717 014554.101 INFO             PET3 !!! THE ESMF_LOG IS SET TO OUTPUT ALL LOG MESSAGES !!!
20220717 014554.101 INFO             PET3 !!!     THIS MAY CAUSE SLOWDOWN IN PERFORMANCE     !!!
20220717 014554.101 INFO             PET3 !!! FOR PRODUCTION RUNS, USE:                      !!!
20220717 014554.101 INFO             PET3 !!!                   ESMF_LOGKIND_Multi_On_Error  !!!
20220717 014554.101 INFO             PET3 !!!!!!!!!!!!!!!!!!!!!!!!!!!!!!!!!!!!!!!!!!!!!!!!!!!!!!
20220717 014554.101 INFO             PET3 Running with ESMF Version   : v8.4.0b04-2-gc831a7cd4a
20220717 014554.101 INFO             PET3 ESMF library build date/time: "Jul 17 2022" "00:32:51"
20220717 014554.101 INFO             PET3 ESMF library build location : /lustre/f2/dev/ncep/Mark.Potts/gfortran_8.3.0_mpi_O_develop
20220717 014554.101 INFO             PET3 ESMF_COMM                   : mpi
20220717 014554.102 INFO             PET3 ESMF_MOAB                   : enabled
20220717 014554.102 INFO             PET3 ESMF_LAPACK                 : enabled
20220717 014554.102 INFO             PET3 ESMF_NETCDF                 : enabled
20220717 014554.102 INFO             PET3 ESMF_PNETCDF                : disabled
20220717 014554.102 INFO             PET3 ESMF_PIO                    : enabled
20220717 014554.102 INFO             PET3 ESMF_YAMLCPP                : enabled
20220717 014554.122 ERROR            PET3 ESMF_StateAPI.cppF90:1189 ESMF_StateAddList Object being used before creation  - Bad Object
20220717 014554.183 INFO             PET3  NUMBER_OF_PROCESSORS           4
20220717 014554.183 INFO             PET3  PASS  Example ESMF_StateReconcileEx, ESMF_StateReconcileEx.F90, line 294
20220717 014554.183 INFO             PET3 Finalizing ESMF
