build time -- 2022-07-05 00:31:59
20220705 024134.177 INFO             PET0 !!!!!!!!!!!!!!!!!!!!!!!!!!!!!!!!!!!!!!!!!!!!!!!!!!!!!!
20220705 024134.178 INFO             PET0 !!! THE ESMF_LOG IS SET TO OUTPUT ALL LOG MESSAGES !!!
20220705 024134.178 INFO             PET0 !!!     THIS MAY CAUSE SLOWDOWN IN PERFORMANCE     !!!
20220705 024134.178 INFO             PET0 !!! FOR PRODUCTION RUNS, USE:                      !!!
20220705 024134.178 INFO             PET0 !!!                   ESMF_LOGKIND_Multi_On_Error  !!!
20220705 024134.178 INFO             PET0 !!!!!!!!!!!!!!!!!!!!!!!!!!!!!!!!!!!!!!!!!!!!!!!!!!!!!!
20220705 024134.178 INFO             PET0 Running with ESMF Version   : v8.4.0b02-7-g9328c9b05f
20220705 024134.178 INFO             PET0 ESMF library build date/time: "Jul  5 2022" "00:30:09"
20220705 024134.178 INFO             PET0 ESMF library build location : /lustre/f2/dev/ncep/Mark.Potts/gfortran_8.3.0_mpi_O_develop
20220705 024134.178 INFO             PET0 ESMF_COMM                   : mpi
20220705 024134.179 INFO             PET0 ESMF_MOAB                   : enabled
20220705 024134.179 INFO             PET0 ESMF_LAPACK                 : enabled
20220705 024134.179 INFO             PET0 ESMF_NETCDF                 : enabled
20220705 024134.179 INFO             PET0 ESMF_PNETCDF                : disabled
20220705 024134.179 INFO             PET0 ESMF_PIO                    : enabled
20220705 024134.179 INFO             PET0 ESMF_YAMLCPP                : enabled
20220705 024134.184 INFO             PET0  NUMBER_OF_PROCESSORS           1
20220705 024134.184 INFO             PET0  PASS  Example ESMF_AlarmEx, ESMF_AlarmEx.F90, line 244
20220705 024134.184 INFO             PET0 Finalizing ESMF
