build time -- 2022-07-22 00:34:35
20220722 014212.582 INFO             PET0 !!!!!!!!!!!!!!!!!!!!!!!!!!!!!!!!!!!!!!!!!!!!!!!!!!!!!!
20220722 014212.583 INFO             PET0 !!! THE ESMF_LOG IS SET TO OUTPUT ALL LOG MESSAGES !!!
20220722 014212.583 INFO             PET0 !!!     THIS MAY CAUSE SLOWDOWN IN PERFORMANCE     !!!
20220722 014212.583 INFO             PET0 !!! FOR PRODUCTION RUNS, USE:                      !!!
20220722 014212.583 INFO             PET0 !!!                   ESMF_LOGKIND_Multi_On_Error  !!!
20220722 014212.583 INFO             PET0 !!!!!!!!!!!!!!!!!!!!!!!!!!!!!!!!!!!!!!!!!!!!!!!!!!!!!!
20220722 014212.583 INFO             PET0 Running with ESMF Version   : v8.4.0b07
20220722 014212.583 INFO             PET0 ESMF library build date/time: "Jul 22 2022" "00:32:59"
20220722 014212.583 INFO             PET0 ESMF library build location : /lustre/f2/dev/ncep/Mark.Potts/gfortran_8.3.0_mpi_O_develop
20220722 014212.583 INFO             PET0 ESMF_COMM                   : mpi
20220722 014212.584 INFO             PET0 ESMF_MOAB                   : enabled
20220722 014212.584 INFO             PET0 ESMF_LAPACK                 : enabled
20220722 014212.584 INFO             PET0 ESMF_NETCDF                 : enabled
20220722 014212.584 INFO             PET0 ESMF_PNETCDF                : disabled
20220722 014212.584 INFO             PET0 ESMF_PIO                    : enabled
20220722 014212.584 INFO             PET0 ESMF_YAMLCPP                : enabled
20220722 014212.586 INFO             PET0  NUMBER_OF_PROCESSORS           2
20220722 014212.586 INFO             PET0  PASS  Example ESMF_VMUserMpiCommEx, ESMF_VMUserMpiCommEx.F90, line 113
20220722 014212.586 INFO             PET0 Finalizing ESMF
20220722 014212.582 INFO             PET1 !!!!!!!!!!!!!!!!!!!!!!!!!!!!!!!!!!!!!!!!!!!!!!!!!!!!!!
20220722 014212.583 INFO             PET1 !!! THE ESMF_LOG IS SET TO OUTPUT ALL LOG MESSAGES !!!
20220722 014212.583 INFO             PET1 !!!     THIS MAY CAUSE SLOWDOWN IN PERFORMANCE     !!!
20220722 014212.583 INFO             PET1 !!! FOR PRODUCTION RUNS, USE:                      !!!
20220722 014212.583 INFO             PET1 !!!                   ESMF_LOGKIND_Multi_On_Error  !!!
20220722 014212.583 INFO             PET1 !!!!!!!!!!!!!!!!!!!!!!!!!!!!!!!!!!!!!!!!!!!!!!!!!!!!!!
20220722 014212.583 INFO             PET1 Running with ESMF Version   : v8.4.0b07
20220722 014212.583 INFO             PET1 ESMF library build date/time: "Jul 22 2022" "00:32:59"
20220722 014212.583 INFO             PET1 ESMF library build location : /lustre/f2/dev/ncep/Mark.Potts/gfortran_8.3.0_mpi_O_develop
20220722 014212.583 INFO             PET1 ESMF_COMM                   : mpi
20220722 014212.584 INFO             PET1 ESMF_MOAB                   : enabled
20220722 014212.584 INFO             PET1 ESMF_LAPACK                 : enabled
20220722 014212.584 INFO             PET1 ESMF_NETCDF                 : enabled
20220722 014212.584 INFO             PET1 ESMF_PNETCDF                : disabled
20220722 014212.584 INFO             PET1 ESMF_PIO                    : enabled
20220722 014212.584 INFO             PET1 ESMF_YAMLCPP                : enabled
20220722 014212.586 INFO             PET1  NUMBER_OF_PROCESSORS           2
20220722 014212.586 INFO             PET1  PASS  Example ESMF_VMUserMpiCommEx, ESMF_VMUserMpiCommEx.F90, line 113
20220722 014212.586 INFO             PET1 Finalizing ESMF
