build time -- 2022-07-02 00:33:37
20220702 014516.666 INFO             PET0 !!!!!!!!!!!!!!!!!!!!!!!!!!!!!!!!!!!!!!!!!!!!!!!!!!!!!!
20220702 014516.666 INFO             PET0 !!! THE ESMF_LOG IS SET TO OUTPUT ALL LOG MESSAGES !!!
20220702 014516.666 INFO             PET0 !!!     THIS MAY CAUSE SLOWDOWN IN PERFORMANCE     !!!
20220702 014516.666 INFO             PET0 !!! FOR PRODUCTION RUNS, USE:                      !!!
20220702 014516.666 INFO             PET0 !!!                   ESMF_LOGKIND_Multi_On_Error  !!!
20220702 014516.666 INFO             PET0 !!!!!!!!!!!!!!!!!!!!!!!!!!!!!!!!!!!!!!!!!!!!!!!!!!!!!!
20220702 014516.666 INFO             PET0 Running with ESMF Version   : v8.4.0b02-7-g9328c9b05f
20220702 014516.666 INFO             PET0 ESMF library build date/time: "Jul  2 2022" "00:31:46"
20220702 014516.666 INFO             PET0 ESMF library build location : /lustre/f2/dev/ncep/Mark.Potts/gfortran_8.3.0_mpi_O_develop
20220702 014516.666 INFO             PET0 ESMF_COMM                   : mpi
20220702 014516.667 INFO             PET0 ESMF_MOAB                   : enabled
20220702 014516.667 INFO             PET0 ESMF_LAPACK                 : enabled
20220702 014516.667 INFO             PET0 ESMF_NETCDF                 : enabled
20220702 014516.667 INFO             PET0 ESMF_PNETCDF                : disabled
20220702 014516.667 INFO             PET0 ESMF_PIO                    : enabled
20220702 014516.667 INFO             PET0 ESMF_YAMLCPP                : enabled
20220702 014516.741 INFO             PET0  NUMBER_OF_PROCESSORS           4
20220702 014516.741 INFO             PET0  PASS  Example ESMF_VMAllFullReduceEx, ESMF_VMAllFullReduceEx.F90, line 113
20220702 014516.741 INFO             PET0 Finalizing ESMF
20220702 014516.738 INFO             PET1 !!!!!!!!!!!!!!!!!!!!!!!!!!!!!!!!!!!!!!!!!!!!!!!!!!!!!!
20220702 014516.738 INFO             PET1 !!! THE ESMF_LOG IS SET TO OUTPUT ALL LOG MESSAGES !!!
20220702 014516.738 INFO             PET1 !!!     THIS MAY CAUSE SLOWDOWN IN PERFORMANCE     !!!
20220702 014516.738 INFO             PET1 !!! FOR PRODUCTION RUNS, USE:                      !!!
20220702 014516.738 INFO             PET1 !!!                   ESMF_LOGKIND_Multi_On_Error  !!!
20220702 014516.738 INFO             PET1 !!!!!!!!!!!!!!!!!!!!!!!!!!!!!!!!!!!!!!!!!!!!!!!!!!!!!!
20220702 014516.738 INFO             PET1 Running with ESMF Version   : v8.4.0b02-7-g9328c9b05f
20220702 014516.738 INFO             PET1 ESMF library build date/time: "Jul  2 2022" "00:31:46"
20220702 014516.738 INFO             PET1 ESMF library build location : /lustre/f2/dev/ncep/Mark.Potts/gfortran_8.3.0_mpi_O_develop
20220702 014516.738 INFO             PET1 ESMF_COMM                   : mpi
20220702 014516.739 INFO             PET1 ESMF_MOAB                   : enabled
20220702 014516.739 INFO             PET1 ESMF_LAPACK                 : enabled
20220702 014516.739 INFO             PET1 ESMF_NETCDF                 : enabled
20220702 014516.739 INFO             PET1 ESMF_PNETCDF                : disabled
20220702 014516.739 INFO             PET1 ESMF_PIO                    : enabled
20220702 014516.739 INFO             PET1 ESMF_YAMLCPP                : enabled
20220702 014516.741 INFO             PET1  NUMBER_OF_PROCESSORS           4
20220702 014516.741 INFO             PET1  PASS  Example ESMF_VMAllFullReduceEx, ESMF_VMAllFullReduceEx.F90, line 113
20220702 014516.741 INFO             PET1 Finalizing ESMF
20220702 014516.669 INFO             PET2 !!!!!!!!!!!!!!!!!!!!!!!!!!!!!!!!!!!!!!!!!!!!!!!!!!!!!!
20220702 014516.670 INFO             PET2 !!! THE ESMF_LOG IS SET TO OUTPUT ALL LOG MESSAGES !!!
20220702 014516.670 INFO             PET2 !!!     THIS MAY CAUSE SLOWDOWN IN PERFORMANCE     !!!
20220702 014516.670 INFO             PET2 !!! FOR PRODUCTION RUNS, USE:                      !!!
20220702 014516.670 INFO             PET2 !!!                   ESMF_LOGKIND_Multi_On_Error  !!!
20220702 014516.670 INFO             PET2 !!!!!!!!!!!!!!!!!!!!!!!!!!!!!!!!!!!!!!!!!!!!!!!!!!!!!!
20220702 014516.670 INFO             PET2 Running with ESMF Version   : v8.4.0b02-7-g9328c9b05f
20220702 014516.670 INFO             PET2 ESMF library build date/time: "Jul  2 2022" "00:31:46"
20220702 014516.670 INFO             PET2 ESMF library build location : /lustre/f2/dev/ncep/Mark.Potts/gfortran_8.3.0_mpi_O_develop
20220702 014516.670 INFO             PET2 ESMF_COMM                   : mpi
20220702 014516.670 INFO             PET2 ESMF_MOAB                   : enabled
20220702 014516.670 INFO             PET2 ESMF_LAPACK                 : enabled
20220702 014516.670 INFO             PET2 ESMF_NETCDF                 : enabled
20220702 014516.670 INFO             PET2 ESMF_PNETCDF                : disabled
20220702 014516.670 INFO             PET2 ESMF_PIO                    : enabled
20220702 014516.670 INFO             PET2 ESMF_YAMLCPP                : enabled
20220702 014516.741 INFO             PET2  NUMBER_OF_PROCESSORS           4
20220702 014516.741 INFO             PET2  PASS  Example ESMF_VMAllFullReduceEx, ESMF_VMAllFullReduceEx.F90, line 113
20220702 014516.741 INFO             PET2 Finalizing ESMF
20220702 014516.681 INFO             PET3 !!!!!!!!!!!!!!!!!!!!!!!!!!!!!!!!!!!!!!!!!!!!!!!!!!!!!!
20220702 014516.681 INFO             PET3 !!! THE ESMF_LOG IS SET TO OUTPUT ALL LOG MESSAGES !!!
20220702 014516.681 INFO             PET3 !!!     THIS MAY CAUSE SLOWDOWN IN PERFORMANCE     !!!
20220702 014516.681 INFO             PET3 !!! FOR PRODUCTION RUNS, USE:                      !!!
20220702 014516.681 INFO             PET3 !!!                   ESMF_LOGKIND_Multi_On_Error  !!!
20220702 014516.681 INFO             PET3 !!!!!!!!!!!!!!!!!!!!!!!!!!!!!!!!!!!!!!!!!!!!!!!!!!!!!!
20220702 014516.681 INFO             PET3 Running with ESMF Version   : v8.4.0b02-7-g9328c9b05f
20220702 014516.681 INFO             PET3 ESMF library build date/time: "Jul  2 2022" "00:31:46"
20220702 014516.681 INFO             PET3 ESMF library build location : /lustre/f2/dev/ncep/Mark.Potts/gfortran_8.3.0_mpi_O_develop
20220702 014516.681 INFO             PET3 ESMF_COMM                   : mpi
20220702 014516.682 INFO             PET3 ESMF_MOAB                   : enabled
20220702 014516.682 INFO             PET3 ESMF_LAPACK                 : enabled
20220702 014516.682 INFO             PET3 ESMF_NETCDF                 : enabled
20220702 014516.682 INFO             PET3 ESMF_PNETCDF                : disabled
20220702 014516.682 INFO             PET3 ESMF_PIO                    : enabled
20220702 014516.682 INFO             PET3 ESMF_YAMLCPP                : enabled
20220702 014516.741 INFO             PET3  NUMBER_OF_PROCESSORS           4
20220702 014516.741 INFO             PET3  PASS  Example ESMF_VMAllFullReduceEx, ESMF_VMAllFullReduceEx.F90, line 113
20220702 014516.741 INFO             PET3 Finalizing ESMF
