build time -- 2022-06-26 01:25:54
20220626 023814.757 INFO             PET0 !!!!!!!!!!!!!!!!!!!!!!!!!!!!!!!!!!!!!!!!!!!!!!!!!!!!!!
20220626 023814.757 INFO             PET0 !!! THE ESMF_LOG IS SET TO OUTPUT ALL LOG MESSAGES !!!
20220626 023814.757 INFO             PET0 !!!     THIS MAY CAUSE SLOWDOWN IN PERFORMANCE     !!!
20220626 023814.757 INFO             PET0 !!! FOR PRODUCTION RUNS, USE:                      !!!
20220626 023814.757 INFO             PET0 !!!                   ESMF_LOGKIND_Multi_On_Error  !!!
20220626 023814.757 INFO             PET0 !!!!!!!!!!!!!!!!!!!!!!!!!!!!!!!!!!!!!!!!!!!!!!!!!!!!!!
20220626 023814.757 INFO             PET0 Running with ESMF Version   : v8.4.0b01-2-gf0d4ab211d
20220626 023814.757 INFO             PET0 ESMF library build date/time: "Jun 26 2022" "01:24:07"
20220626 023814.757 INFO             PET0 ESMF library build location : /lustre/f2/dev/ncep/Mark.Potts/gfortran_8.3.0_mpi_O_develop
20220626 023814.757 INFO             PET0 ESMF_COMM                   : mpi
20220626 023814.758 INFO             PET0 ESMF_MOAB                   : enabled
20220626 023814.758 INFO             PET0 ESMF_LAPACK                 : enabled
20220626 023814.758 INFO             PET0 ESMF_NETCDF                 : enabled
20220626 023814.758 INFO             PET0 ESMF_PNETCDF                : disabled
20220626 023814.758 INFO             PET0 ESMF_PIO                    : enabled
20220626 023814.758 INFO             PET0 ESMF_YAMLCPP                : enabled
20220626 023814.802 INFO             PET0  NUMBER_OF_PROCESSORS           4
20220626 023814.803 INFO             PET0  PASS  Example ESMF_ArrayBundleHaloEx, ESMF_ArrayBundleHaloEx.F90, line 172
20220626 023814.803 INFO             PET0 Finalizing ESMF
20220626 023814.721 INFO             PET1 !!!!!!!!!!!!!!!!!!!!!!!!!!!!!!!!!!!!!!!!!!!!!!!!!!!!!!
20220626 023814.721 INFO             PET1 !!! THE ESMF_LOG IS SET TO OUTPUT ALL LOG MESSAGES !!!
20220626 023814.721 INFO             PET1 !!!     THIS MAY CAUSE SLOWDOWN IN PERFORMANCE     !!!
20220626 023814.721 INFO             PET1 !!! FOR PRODUCTION RUNS, USE:                      !!!
20220626 023814.721 INFO             PET1 !!!                   ESMF_LOGKIND_Multi_On_Error  !!!
20220626 023814.721 INFO             PET1 !!!!!!!!!!!!!!!!!!!!!!!!!!!!!!!!!!!!!!!!!!!!!!!!!!!!!!
20220626 023814.721 INFO             PET1 Running with ESMF Version   : v8.4.0b01-2-gf0d4ab211d
20220626 023814.721 INFO             PET1 ESMF library build date/time: "Jun 26 2022" "01:24:07"
20220626 023814.721 INFO             PET1 ESMF library build location : /lustre/f2/dev/ncep/Mark.Potts/gfortran_8.3.0_mpi_O_develop
20220626 023814.721 INFO             PET1 ESMF_COMM                   : mpi
20220626 023814.722 INFO             PET1 ESMF_MOAB                   : enabled
20220626 023814.722 INFO             PET1 ESMF_LAPACK                 : enabled
20220626 023814.722 INFO             PET1 ESMF_NETCDF                 : enabled
20220626 023814.722 INFO             PET1 ESMF_PNETCDF                : disabled
20220626 023814.722 INFO             PET1 ESMF_PIO                    : enabled
20220626 023814.722 INFO             PET1 ESMF_YAMLCPP                : enabled
20220626 023814.803 INFO             PET1  NUMBER_OF_PROCESSORS           4
20220626 023814.803 INFO             PET1  PASS  Example ESMF_ArrayBundleHaloEx, ESMF_ArrayBundleHaloEx.F90, line 172
20220626 023814.803 INFO             PET1 Finalizing ESMF
20220626 023814.706 INFO             PET2 !!!!!!!!!!!!!!!!!!!!!!!!!!!!!!!!!!!!!!!!!!!!!!!!!!!!!!
20220626 023814.707 INFO             PET2 !!! THE ESMF_LOG IS SET TO OUTPUT ALL LOG MESSAGES !!!
20220626 023814.707 INFO             PET2 !!!     THIS MAY CAUSE SLOWDOWN IN PERFORMANCE     !!!
20220626 023814.707 INFO             PET2 !!! FOR PRODUCTION RUNS, USE:                      !!!
20220626 023814.707 INFO             PET2 !!!                   ESMF_LOGKIND_Multi_On_Error  !!!
20220626 023814.707 INFO             PET2 !!!!!!!!!!!!!!!!!!!!!!!!!!!!!!!!!!!!!!!!!!!!!!!!!!!!!!
20220626 023814.707 INFO             PET2 Running with ESMF Version   : v8.4.0b01-2-gf0d4ab211d
20220626 023814.707 INFO             PET2 ESMF library build date/time: "Jun 26 2022" "01:24:07"
20220626 023814.707 INFO             PET2 ESMF library build location : /lustre/f2/dev/ncep/Mark.Potts/gfortran_8.3.0_mpi_O_develop
20220626 023814.707 INFO             PET2 ESMF_COMM                   : mpi
20220626 023814.708 INFO             PET2 ESMF_MOAB                   : enabled
20220626 023814.708 INFO             PET2 ESMF_LAPACK                 : enabled
20220626 023814.708 INFO             PET2 ESMF_NETCDF                 : enabled
20220626 023814.708 INFO             PET2 ESMF_PNETCDF                : disabled
20220626 023814.708 INFO             PET2 ESMF_PIO                    : enabled
20220626 023814.708 INFO             PET2 ESMF_YAMLCPP                : enabled
20220626 023814.802 INFO             PET2  NUMBER_OF_PROCESSORS           4
20220626 023814.803 INFO             PET2  PASS  Example ESMF_ArrayBundleHaloEx, ESMF_ArrayBundleHaloEx.F90, line 172
20220626 023814.803 INFO             PET2 Finalizing ESMF
20220626 023814.712 INFO             PET3 !!!!!!!!!!!!!!!!!!!!!!!!!!!!!!!!!!!!!!!!!!!!!!!!!!!!!!
20220626 023814.712 INFO             PET3 !!! THE ESMF_LOG IS SET TO OUTPUT ALL LOG MESSAGES !!!
20220626 023814.712 INFO             PET3 !!!     THIS MAY CAUSE SLOWDOWN IN PERFORMANCE     !!!
20220626 023814.712 INFO             PET3 !!! FOR PRODUCTION RUNS, USE:                      !!!
20220626 023814.712 INFO             PET3 !!!                   ESMF_LOGKIND_Multi_On_Error  !!!
20220626 023814.712 INFO             PET3 !!!!!!!!!!!!!!!!!!!!!!!!!!!!!!!!!!!!!!!!!!!!!!!!!!!!!!
20220626 023814.712 INFO             PET3 Running with ESMF Version   : v8.4.0b01-2-gf0d4ab211d
20220626 023814.712 INFO             PET3 ESMF library build date/time: "Jun 26 2022" "01:24:07"
20220626 023814.712 INFO             PET3 ESMF library build location : /lustre/f2/dev/ncep/Mark.Potts/gfortran_8.3.0_mpi_O_develop
20220626 023814.712 INFO             PET3 ESMF_COMM                   : mpi
20220626 023814.713 INFO             PET3 ESMF_MOAB                   : enabled
20220626 023814.713 INFO             PET3 ESMF_LAPACK                 : enabled
20220626 023814.713 INFO             PET3 ESMF_NETCDF                 : enabled
20220626 023814.713 INFO             PET3 ESMF_PNETCDF                : disabled
20220626 023814.713 INFO             PET3 ESMF_PIO                    : enabled
20220626 023814.713 INFO             PET3 ESMF_YAMLCPP                : enabled
20220626 023814.802 INFO             PET3  NUMBER_OF_PROCESSORS           4
20220626 023814.803 INFO             PET3  PASS  Example ESMF_ArrayBundleHaloEx, ESMF_ArrayBundleHaloEx.F90, line 172
20220626 023814.803 INFO             PET3 Finalizing ESMF
