build time -- 2022-07-04 00:32:12
20220704 015052.555 INFO             PET0 !!!!!!!!!!!!!!!!!!!!!!!!!!!!!!!!!!!!!!!!!!!!!!!!!!!!!!
20220704 015052.555 INFO             PET0 !!! THE ESMF_LOG IS SET TO OUTPUT ALL LOG MESSAGES !!!
20220704 015052.555 INFO             PET0 !!!     THIS MAY CAUSE SLOWDOWN IN PERFORMANCE     !!!
20220704 015052.555 INFO             PET0 !!! FOR PRODUCTION RUNS, USE:                      !!!
20220704 015052.555 INFO             PET0 !!!                   ESMF_LOGKIND_Multi_On_Error  !!!
20220704 015052.555 INFO             PET0 !!!!!!!!!!!!!!!!!!!!!!!!!!!!!!!!!!!!!!!!!!!!!!!!!!!!!!
20220704 015052.555 INFO             PET0 Running with ESMF Version   : v8.4.0b02-7-g9328c9b05f
20220704 015052.555 INFO             PET0 ESMF library build date/time: "Jul  4 2022" "00:30:18"
20220704 015052.555 INFO             PET0 ESMF library build location : /lustre/f2/dev/ncep/Mark.Potts/gfortran_8.3.0_mpi_O_develop
20220704 015052.555 INFO             PET0 ESMF_COMM                   : mpi
20220704 015052.556 INFO             PET0 ESMF_MOAB                   : enabled
20220704 015052.556 INFO             PET0 ESMF_LAPACK                 : enabled
20220704 015052.556 INFO             PET0 ESMF_NETCDF                 : enabled
20220704 015052.556 INFO             PET0 ESMF_PNETCDF                : disabled
20220704 015052.556 INFO             PET0 ESMF_PIO                    : enabled
20220704 015052.556 INFO             PET0 ESMF_YAMLCPP                : enabled
20220704 015052.701 DEBUG            PET0 about to destroy Grid: 0x2722e30
20220704 015052.705 DEBUG            PET0 about to destroy Grid: 0x2724f60
20220704 015052.721 INFO             PET0  NUMBER_OF_PROCESSORS           4
20220704 015052.721 INFO             PET0  PASS  Example ESMF_NUOPCAtmModelEx, ESMF_NUOPCAtmModelEx.F90, line 806
20220704 015052.721 INFO             PET0 Finalizing ESMF
20220704 015052.547 INFO             PET1 !!!!!!!!!!!!!!!!!!!!!!!!!!!!!!!!!!!!!!!!!!!!!!!!!!!!!!
20220704 015052.547 INFO             PET1 !!! THE ESMF_LOG IS SET TO OUTPUT ALL LOG MESSAGES !!!
20220704 015052.547 INFO             PET1 !!!     THIS MAY CAUSE SLOWDOWN IN PERFORMANCE     !!!
20220704 015052.547 INFO             PET1 !!! FOR PRODUCTION RUNS, USE:                      !!!
20220704 015052.547 INFO             PET1 !!!                   ESMF_LOGKIND_Multi_On_Error  !!!
20220704 015052.547 INFO             PET1 !!!!!!!!!!!!!!!!!!!!!!!!!!!!!!!!!!!!!!!!!!!!!!!!!!!!!!
20220704 015052.547 INFO             PET1 Running with ESMF Version   : v8.4.0b02-7-g9328c9b05f
20220704 015052.548 INFO             PET1 ESMF library build date/time: "Jul  4 2022" "00:30:18"
20220704 015052.548 INFO             PET1 ESMF library build location : /lustre/f2/dev/ncep/Mark.Potts/gfortran_8.3.0_mpi_O_develop
20220704 015052.548 INFO             PET1 ESMF_COMM                   : mpi
20220704 015052.549 INFO             PET1 ESMF_MOAB                   : enabled
20220704 015052.549 INFO             PET1 ESMF_LAPACK                 : enabled
20220704 015052.549 INFO             PET1 ESMF_NETCDF                 : enabled
20220704 015052.549 INFO             PET1 ESMF_PNETCDF                : disabled
20220704 015052.549 INFO             PET1 ESMF_PIO                    : enabled
20220704 015052.549 INFO             PET1 ESMF_YAMLCPP                : enabled
20220704 015052.701 DEBUG            PET1 about to destroy Grid: 0x2720430
20220704 015052.705 DEBUG            PET1 about to destroy Grid: 0x27229a0
20220704 015052.721 INFO             PET1  NUMBER_OF_PROCESSORS           4
20220704 015052.721 INFO             PET1  PASS  Example ESMF_NUOPCAtmModelEx, ESMF_NUOPCAtmModelEx.F90, line 806
20220704 015052.721 INFO             PET1 Finalizing ESMF
20220704 015052.553 INFO             PET2 !!!!!!!!!!!!!!!!!!!!!!!!!!!!!!!!!!!!!!!!!!!!!!!!!!!!!!
20220704 015052.553 INFO             PET2 !!! THE ESMF_LOG IS SET TO OUTPUT ALL LOG MESSAGES !!!
20220704 015052.553 INFO             PET2 !!!     THIS MAY CAUSE SLOWDOWN IN PERFORMANCE     !!!
20220704 015052.553 INFO             PET2 !!! FOR PRODUCTION RUNS, USE:                      !!!
20220704 015052.553 INFO             PET2 !!!                   ESMF_LOGKIND_Multi_On_Error  !!!
20220704 015052.553 INFO             PET2 !!!!!!!!!!!!!!!!!!!!!!!!!!!!!!!!!!!!!!!!!!!!!!!!!!!!!!
20220704 015052.553 INFO             PET2 Running with ESMF Version   : v8.4.0b02-7-g9328c9b05f
20220704 015052.553 INFO             PET2 ESMF library build date/time: "Jul  4 2022" "00:30:18"
20220704 015052.553 INFO             PET2 ESMF library build location : /lustre/f2/dev/ncep/Mark.Potts/gfortran_8.3.0_mpi_O_develop
20220704 015052.553 INFO             PET2 ESMF_COMM                   : mpi
20220704 015052.554 INFO             PET2 ESMF_MOAB                   : enabled
20220704 015052.554 INFO             PET2 ESMF_LAPACK                 : enabled
20220704 015052.554 INFO             PET2 ESMF_NETCDF                 : enabled
20220704 015052.554 INFO             PET2 ESMF_PNETCDF                : disabled
20220704 015052.554 INFO             PET2 ESMF_PIO                    : enabled
20220704 015052.554 INFO             PET2 ESMF_YAMLCPP                : enabled
20220704 015052.701 DEBUG            PET2 about to destroy Grid: 0x271fdf0
20220704 015052.705 DEBUG            PET2 about to destroy Grid: 0x27221e0
20220704 015052.721 INFO             PET2  NUMBER_OF_PROCESSORS           4
20220704 015052.721 INFO             PET2  PASS  Example ESMF_NUOPCAtmModelEx, ESMF_NUOPCAtmModelEx.F90, line 806
20220704 015052.721 INFO             PET2 Finalizing ESMF
20220704 015052.547 INFO             PET3 !!!!!!!!!!!!!!!!!!!!!!!!!!!!!!!!!!!!!!!!!!!!!!!!!!!!!!
20220704 015052.547 INFO             PET3 !!! THE ESMF_LOG IS SET TO OUTPUT ALL LOG MESSAGES !!!
20220704 015052.547 INFO             PET3 !!!     THIS MAY CAUSE SLOWDOWN IN PERFORMANCE     !!!
20220704 015052.547 INFO             PET3 !!! FOR PRODUCTION RUNS, USE:                      !!!
20220704 015052.547 INFO             PET3 !!!                   ESMF_LOGKIND_Multi_On_Error  !!!
20220704 015052.547 INFO             PET3 !!!!!!!!!!!!!!!!!!!!!!!!!!!!!!!!!!!!!!!!!!!!!!!!!!!!!!
20220704 015052.547 INFO             PET3 Running with ESMF Version   : v8.4.0b02-7-g9328c9b05f
20220704 015052.548 INFO             PET3 ESMF library build date/time: "Jul  4 2022" "00:30:18"
20220704 015052.548 INFO             PET3 ESMF library build location : /lustre/f2/dev/ncep/Mark.Potts/gfortran_8.3.0_mpi_O_develop
20220704 015052.548 INFO             PET3 ESMF_COMM                   : mpi
20220704 015052.549 INFO             PET3 ESMF_MOAB                   : enabled
20220704 015052.549 INFO             PET3 ESMF_LAPACK                 : enabled
20220704 015052.549 INFO             PET3 ESMF_NETCDF                 : enabled
20220704 015052.549 INFO             PET3 ESMF_PNETCDF                : disabled
20220704 015052.549 INFO             PET3 ESMF_PIO                    : enabled
20220704 015052.549 INFO             PET3 ESMF_YAMLCPP                : enabled
20220704 015052.701 DEBUG            PET3 about to destroy Grid: 0x271fad0
20220704 015052.705 DEBUG            PET3 about to destroy Grid: 0x2722040
20220704 015052.721 INFO             PET3  NUMBER_OF_PROCESSORS           4
20220704 015052.721 INFO             PET3  PASS  Example ESMF_NUOPCAtmModelEx, ESMF_NUOPCAtmModelEx.F90, line 806
20220704 015052.721 INFO             PET3 Finalizing ESMF
