build time -- 2022-06-23 00:25:53
20220623 013513.745 INFO             PET0 !!!!!!!!!!!!!!!!!!!!!!!!!!!!!!!!!!!!!!!!!!!!!!!!!!!!!!
20220623 013513.745 INFO             PET0 !!! THE ESMF_LOG IS SET TO OUTPUT ALL LOG MESSAGES !!!
20220623 013513.745 INFO             PET0 !!!     THIS MAY CAUSE SLOWDOWN IN PERFORMANCE     !!!
20220623 013513.745 INFO             PET0 !!! FOR PRODUCTION RUNS, USE:                      !!!
20220623 013513.745 INFO             PET0 !!!                   ESMF_LOGKIND_Multi_On_Error  !!!
20220623 013513.745 INFO             PET0 !!!!!!!!!!!!!!!!!!!!!!!!!!!!!!!!!!!!!!!!!!!!!!!!!!!!!!
20220623 013513.745 INFO             PET0 Running with ESMF Version   : v8.4.0b01-2-gf0d4ab211d
20220623 013513.746 INFO             PET0 ESMF library build date/time: "Jun 23 2022" "00:24:08"
20220623 013513.746 INFO             PET0 ESMF library build location : /lustre/f2/dev/ncep/Mark.Potts/gfortran_8.3.0_mpi_O_develop
20220623 013513.746 INFO             PET0 ESMF_COMM                   : mpi
20220623 013513.746 INFO             PET0 ESMF_MOAB                   : enabled
20220623 013513.746 INFO             PET0 ESMF_LAPACK                 : enabled
20220623 013513.746 INFO             PET0 ESMF_NETCDF                 : enabled
20220623 013513.746 INFO             PET0 ESMF_PNETCDF                : disabled
20220623 013513.746 INFO             PET0 ESMF_PIO                    : enabled
20220623 013513.746 INFO             PET0 ESMF_YAMLCPP                : enabled
20220623 013513.747 INFO             PET0 ESMF Tracing Enabled
20220623 013513.747 INFO             PET0 ESMF Profiling Enabled
20220623 013513.748 INFO             PET0 ESMF Trace/Profile clock: REALTIME
20220623 013513.752 WARNING          PET0 ESMF Tracing/Profiling could not load dynamic instrumentation functions.
20220623 013513.753 INFO             PET0  NUMBER_OF_PROCESSORS           4
20220623 013513.753 INFO             PET0  PASS  Example ESMF_TraceUserEx, ESMF_TraceUserEx.F90, line 125
20220623 013513.753 INFO             PET0 Finalizing ESMF
20220623 013513.754 INFO             PET0 **************** Region Timings *******************
20220623 013513.754 INFO             PET0 Region              Count  Total (s)   Self (s)    Mean (s)    Min (s)     Max (s)
20220623 013513.755 INFO             PET0   outer_region      1      0.0003      0.0000      0.0003      0.0003      0.0003
20220623 013513.755 INFO             PET0     inner_region_1  10     0.0003      0.0003      0.0000      0.0000      0.0003
20220623 013513.755 INFO             PET0     inner_region_2  10     0.0000      0.0000      0.0000      0.0000      0.0000
20220623 013513.745 INFO             PET1 !!!!!!!!!!!!!!!!!!!!!!!!!!!!!!!!!!!!!!!!!!!!!!!!!!!!!!
20220623 013513.745 INFO             PET1 !!! THE ESMF_LOG IS SET TO OUTPUT ALL LOG MESSAGES !!!
20220623 013513.745 INFO             PET1 !!!     THIS MAY CAUSE SLOWDOWN IN PERFORMANCE     !!!
20220623 013513.745 INFO             PET1 !!! FOR PRODUCTION RUNS, USE:                      !!!
20220623 013513.745 INFO             PET1 !!!                   ESMF_LOGKIND_Multi_On_Error  !!!
20220623 013513.745 INFO             PET1 !!!!!!!!!!!!!!!!!!!!!!!!!!!!!!!!!!!!!!!!!!!!!!!!!!!!!!
20220623 013513.745 INFO             PET1 Running with ESMF Version   : v8.4.0b01-2-gf0d4ab211d
20220623 013513.746 INFO             PET1 ESMF library build date/time: "Jun 23 2022" "00:24:08"
20220623 013513.746 INFO             PET1 ESMF library build location : /lustre/f2/dev/ncep/Mark.Potts/gfortran_8.3.0_mpi_O_develop
20220623 013513.746 INFO             PET1 ESMF_COMM                   : mpi
20220623 013513.746 INFO             PET1 ESMF_MOAB                   : enabled
20220623 013513.746 INFO             PET1 ESMF_LAPACK                 : enabled
20220623 013513.746 INFO             PET1 ESMF_NETCDF                 : enabled
20220623 013513.746 INFO             PET1 ESMF_PNETCDF                : disabled
20220623 013513.746 INFO             PET1 ESMF_PIO                    : enabled
20220623 013513.746 INFO             PET1 ESMF_YAMLCPP                : enabled
20220623 013513.747 INFO             PET1 ESMF Tracing Enabled
20220623 013513.747 INFO             PET1 ESMF Profiling Enabled
20220623 013513.748 INFO             PET1 ESMF Trace/Profile clock: REALTIME
20220623 013513.751 WARNING          PET1 ESMF Tracing/Profiling could not load dynamic instrumentation functions.
20220623 013513.753 INFO             PET1  NUMBER_OF_PROCESSORS           4
20220623 013513.753 INFO             PET1  PASS  Example ESMF_TraceUserEx, ESMF_TraceUserEx.F90, line 125
20220623 013513.753 INFO             PET1 Finalizing ESMF
20220623 013513.754 INFO             PET1 **************** Region Timings *******************
20220623 013513.754 INFO             PET1 Region              Count  Total (s)   Self (s)    Mean (s)    Min (s)     Max (s)
20220623 013513.755 INFO             PET1   outer_region      1      0.0004      0.0000      0.0004      0.0004      0.0004
20220623 013513.755 INFO             PET1     inner_region_1  10     0.0003      0.0003      0.0000      0.0000      0.0003
20220623 013513.755 INFO             PET1     inner_region_2  10     0.0000      0.0000      0.0000      0.0000      0.0000
20220623 013513.745 INFO             PET2 !!!!!!!!!!!!!!!!!!!!!!!!!!!!!!!!!!!!!!!!!!!!!!!!!!!!!!
20220623 013513.745 INFO             PET2 !!! THE ESMF_LOG IS SET TO OUTPUT ALL LOG MESSAGES !!!
20220623 013513.745 INFO             PET2 !!!     THIS MAY CAUSE SLOWDOWN IN PERFORMANCE     !!!
20220623 013513.745 INFO             PET2 !!! FOR PRODUCTION RUNS, USE:                      !!!
20220623 013513.745 INFO             PET2 !!!                   ESMF_LOGKIND_Multi_On_Error  !!!
20220623 013513.745 INFO             PET2 !!!!!!!!!!!!!!!!!!!!!!!!!!!!!!!!!!!!!!!!!!!!!!!!!!!!!!
20220623 013513.745 INFO             PET2 Running with ESMF Version   : v8.4.0b01-2-gf0d4ab211d
20220623 013513.746 INFO             PET2 ESMF library build date/time: "Jun 23 2022" "00:24:08"
20220623 013513.746 INFO             PET2 ESMF library build location : /lustre/f2/dev/ncep/Mark.Potts/gfortran_8.3.0_mpi_O_develop
20220623 013513.746 INFO             PET2 ESMF_COMM                   : mpi
20220623 013513.746 INFO             PET2 ESMF_MOAB                   : enabled
20220623 013513.746 INFO             PET2 ESMF_LAPACK                 : enabled
20220623 013513.746 INFO             PET2 ESMF_NETCDF                 : enabled
20220623 013513.746 INFO             PET2 ESMF_PNETCDF                : disabled
20220623 013513.746 INFO             PET2 ESMF_PIO                    : enabled
20220623 013513.746 INFO             PET2 ESMF_YAMLCPP                : enabled
20220623 013513.747 INFO             PET2 ESMF Tracing Enabled
20220623 013513.747 INFO             PET2 ESMF Profiling Enabled
20220623 013513.748 INFO             PET2 ESMF Trace/Profile clock: REALTIME
20220623 013513.751 WARNING          PET2 ESMF Tracing/Profiling could not load dynamic instrumentation functions.
20220623 013513.753 INFO             PET2  NUMBER_OF_PROCESSORS           4
20220623 013513.753 INFO             PET2  PASS  Example ESMF_TraceUserEx, ESMF_TraceUserEx.F90, line 125
20220623 013513.753 INFO             PET2 Finalizing ESMF
20220623 013513.754 INFO             PET2 **************** Region Timings *******************
20220623 013513.754 INFO             PET2 Region              Count  Total (s)   Self (s)    Mean (s)    Min (s)     Max (s)
20220623 013513.755 INFO             PET2   outer_region      1      0.0003      0.0000      0.0003      0.0003      0.0003
20220623 013513.755 INFO             PET2     inner_region_1  10     0.0003      0.0003      0.0000      0.0000      0.0003
20220623 013513.755 INFO             PET2     inner_region_2  10     0.0000      0.0000      0.0000      0.0000      0.0000
20220623 013513.745 INFO             PET3 !!!!!!!!!!!!!!!!!!!!!!!!!!!!!!!!!!!!!!!!!!!!!!!!!!!!!!
20220623 013513.745 INFO             PET3 !!! THE ESMF_LOG IS SET TO OUTPUT ALL LOG MESSAGES !!!
20220623 013513.745 INFO             PET3 !!!     THIS MAY CAUSE SLOWDOWN IN PERFORMANCE     !!!
20220623 013513.745 INFO             PET3 !!! FOR PRODUCTION RUNS, USE:                      !!!
20220623 013513.745 INFO             PET3 !!!                   ESMF_LOGKIND_Multi_On_Error  !!!
20220623 013513.745 INFO             PET3 !!!!!!!!!!!!!!!!!!!!!!!!!!!!!!!!!!!!!!!!!!!!!!!!!!!!!!
20220623 013513.745 INFO             PET3 Running with ESMF Version   : v8.4.0b01-2-gf0d4ab211d
20220623 013513.746 INFO             PET3 ESMF library build date/time: "Jun 23 2022" "00:24:08"
20220623 013513.746 INFO             PET3 ESMF library build location : /lustre/f2/dev/ncep/Mark.Potts/gfortran_8.3.0_mpi_O_develop
20220623 013513.746 INFO             PET3 ESMF_COMM                   : mpi
20220623 013513.746 INFO             PET3 ESMF_MOAB                   : enabled
20220623 013513.746 INFO             PET3 ESMF_LAPACK                 : enabled
20220623 013513.746 INFO             PET3 ESMF_NETCDF                 : enabled
20220623 013513.746 INFO             PET3 ESMF_PNETCDF                : disabled
20220623 013513.746 INFO             PET3 ESMF_PIO                    : enabled
20220623 013513.746 INFO             PET3 ESMF_YAMLCPP                : enabled
20220623 013513.747 INFO             PET3 ESMF Tracing Enabled
20220623 013513.747 INFO             PET3 ESMF Profiling Enabled
20220623 013513.748 INFO             PET3 ESMF Trace/Profile clock: REALTIME
20220623 013513.751 WARNING          PET3 ESMF Tracing/Profiling could not load dynamic instrumentation functions.
20220623 013513.753 INFO             PET3  NUMBER_OF_PROCESSORS           4
20220623 013513.753 INFO             PET3  PASS  Example ESMF_TraceUserEx, ESMF_TraceUserEx.F90, line 125
20220623 013513.753 INFO             PET3 Finalizing ESMF
20220623 013513.754 INFO             PET3 **************** Region Timings *******************
20220623 013513.754 INFO             PET3 Region              Count  Total (s)   Self (s)    Mean (s)    Min (s)     Max (s)
20220623 013513.755 INFO             PET3   outer_region      1      0.0004      0.0000      0.0004      0.0004      0.0004
20220623 013513.755 INFO             PET3     inner_region_1  10     0.0003      0.0003      0.0000      0.0000      0.0003
20220623 013513.755 INFO             PET3     inner_region_2  10     0.0000      0.0000      0.0000      0.0000      0.0000
