build time -- 2022-06-30 02:39:51.441956
20220630 033006.898 INFO             PET0 !!!!!!!!!!!!!!!!!!!!!!!!!!!!!!!!!!!!!!!!!!!!!!!!!!!!!!
20220630 033006.898 INFO             PET0 !!! THE ESMF_LOG IS SET TO OUTPUT ALL LOG MESSAGES !!!
20220630 033006.898 INFO             PET0 !!!     THIS MAY CAUSE SLOWDOWN IN PERFORMANCE     !!!
20220630 033006.898 INFO             PET0 !!! FOR PRODUCTION RUNS, USE:                      !!!
20220630 033006.898 INFO             PET0 !!!                   ESMF_LOGKIND_Multi_On_Error  !!!
20220630 033006.898 INFO             PET0 !!!!!!!!!!!!!!!!!!!!!!!!!!!!!!!!!!!!!!!!!!!!!!!!!!!!!!
20220630 033006.898 INFO             PET0 Running with ESMF Version   : v8.4.0b01-4-g992fafaac4
20220630 033006.898 INFO             PET0 ESMF library build date/time: "Jun 30 2022" "02:34:59"
20220630 033006.898 INFO             PET0 ESMF library build location : /glade/scratch/dunlap/esmf-testing/intel_18.0.5_mpiuni_O_develop
20220630 033006.898 INFO             PET0 ESMF_COMM                   : mpiuni
20220630 033006.898 INFO             PET0 ESMF_MOAB                   : enabled
20220630 033006.898 INFO             PET0 ESMF_LAPACK                 : enabled
20220630 033006.898 INFO             PET0 ESMF_NETCDF                 : enabled
20220630 033006.898 INFO             PET0 ESMF_PNETCDF                : disabled
20220630 033006.898 INFO             PET0 ESMF_PIO                    : disabled
20220630 033006.898 INFO             PET0 ESMF_YAMLCPP                : enabled
20220630 033006.908 INFO             PET0  NUMBER_OF_PROCESSORS           1
20220630 033006.908 INFO             PET0  PASS  Example ESMF_LocStreamEx, ESMF_LocStreamEx.F90, line 784
20220630 033006.908 INFO             PET0 Finalizing ESMF
