build time -- 2022-06-26 02:38:10.914639
20220626 032854.620 INFO             PET0 !!!!!!!!!!!!!!!!!!!!!!!!!!!!!!!!!!!!!!!!!!!!!!!!!!!!!!
20220626 032854.620 INFO             PET0 !!! THE ESMF_LOG IS SET TO OUTPUT ALL LOG MESSAGES !!!
20220626 032854.620 INFO             PET0 !!!     THIS MAY CAUSE SLOWDOWN IN PERFORMANCE     !!!
20220626 032854.620 INFO             PET0 !!! FOR PRODUCTION RUNS, USE:                      !!!
20220626 032854.620 INFO             PET0 !!!                   ESMF_LOGKIND_Multi_On_Error  !!!
20220626 032854.620 INFO             PET0 !!!!!!!!!!!!!!!!!!!!!!!!!!!!!!!!!!!!!!!!!!!!!!!!!!!!!!
20220626 032854.620 INFO             PET0 Running with ESMF Version   : v8.4.0b01-2-gf0d4ab211d
20220626 032854.621 INFO             PET0 ESMF library build date/time: "Jun 26 2022" "02:33:37"
20220626 032854.621 INFO             PET0 ESMF library build location : /glade/scratch/dunlap/esmf-testing/intel_18.0.5_mpiuni_O_develop
20220626 032854.621 INFO             PET0 ESMF_COMM                   : mpiuni
20220626 032854.621 INFO             PET0 ESMF_MOAB                   : enabled
20220626 032854.621 INFO             PET0 ESMF_LAPACK                 : enabled
20220626 032854.621 INFO             PET0 ESMF_NETCDF                 : enabled
20220626 032854.621 INFO             PET0 ESMF_PNETCDF                : disabled
20220626 032854.621 INFO             PET0 ESMF_PIO                    : disabled
20220626 032854.621 INFO             PET0 ESMF_YAMLCPP                : enabled
20220626 032854.655 DEBUG            PET0 about to destroy Grid: 0x2254780
20220626 032854.659 DEBUG            PET0 about to destroy Grid: 0x2256db0
20220626 032854.669 INFO             PET0  NUMBER_OF_PROCESSORS           1
20220626 032854.669 INFO             PET0  PASS  Example ESMF_NUOPCAtmModelEx, ESMF_NUOPCAtmModelEx.F90, line 806
20220626 032854.669 INFO             PET0 Finalizing ESMF
