build time -- 2022-07-14 02:55:56.495426
20220714 035150.828 INFO             PET0 !!!!!!!!!!!!!!!!!!!!!!!!!!!!!!!!!!!!!!!!!!!!!!!!!!!!!!
20220714 035150.829 INFO             PET0 !!! THE ESMF_LOG IS SET TO OUTPUT ALL LOG MESSAGES !!!
20220714 035150.829 INFO             PET0 !!!     THIS MAY CAUSE SLOWDOWN IN PERFORMANCE     !!!
20220714 035150.829 INFO             PET0 !!! FOR PRODUCTION RUNS, USE:                      !!!
20220714 035150.829 INFO             PET0 !!!                   ESMF_LOGKIND_Multi_On_Error  !!!
20220714 035150.829 INFO             PET0 !!!!!!!!!!!!!!!!!!!!!!!!!!!!!!!!!!!!!!!!!!!!!!!!!!!!!!
20220714 035150.829 INFO             PET0 Running with ESMF Version   : v8.4.0b04
20220714 035150.829 INFO             PET0 ESMF library build date/time: "Jul 14 2022" "02:50:14"
20220714 035150.829 INFO             PET0 ESMF library build location : /glade/scratch/dunlap/esmf-testing/intel_18.0.5_mpiuni_O_develop
20220714 035150.829 INFO             PET0 ESMF_COMM                   : mpiuni
20220714 035150.829 INFO             PET0 ESMF_MOAB                   : enabled
20220714 035150.829 INFO             PET0 ESMF_LAPACK                 : enabled
20220714 035150.829 INFO             PET0 ESMF_NETCDF                 : enabled
20220714 035150.829 INFO             PET0 ESMF_PNETCDF                : disabled
20220714 035150.829 INFO             PET0 ESMF_PIO                    : disabled
20220714 035150.829 INFO             PET0 ESMF_YAMLCPP                : enabled
20220714 035151.135 INFO             PET0  NUMBER_OF_PROCESSORS           1
20220714 035151.135 INFO             PET0  PASS  Example ESMF_GridUsageEx, ESMF_GridUsageEx.F90, line 3470
20220714 035151.135 INFO             PET0 Finalizing ESMF
