build time -- 2022-07-08 02:41:18.658684
20220708 032750.265 INFO             PET0 !!!!!!!!!!!!!!!!!!!!!!!!!!!!!!!!!!!!!!!!!!!!!!!!!!!!!!
20220708 032750.265 INFO             PET0 !!! THE ESMF_LOG IS SET TO OUTPUT ALL LOG MESSAGES !!!
20220708 032750.265 INFO             PET0 !!!     THIS MAY CAUSE SLOWDOWN IN PERFORMANCE     !!!
20220708 032750.265 INFO             PET0 !!! FOR PRODUCTION RUNS, USE:                      !!!
20220708 032750.265 INFO             PET0 !!!                   ESMF_LOGKIND_Multi_On_Error  !!!
20220708 032750.265 INFO             PET0 !!!!!!!!!!!!!!!!!!!!!!!!!!!!!!!!!!!!!!!!!!!!!!!!!!!!!!
20220708 032750.265 INFO             PET0 Running with ESMF Version   : v8.4.0b03-3-g14a79d558f
20220708 032750.265 INFO             PET0 ESMF library build date/time: "Jul  8 2022" "02:36:35"
20220708 032750.265 INFO             PET0 ESMF library build location : /glade/scratch/dunlap/esmf-testing/intel_18.0.5_mpiuni_O_develop
20220708 032750.265 INFO             PET0 ESMF_COMM                   : mpiuni
20220708 032750.265 INFO             PET0 ESMF_MOAB                   : enabled
20220708 032750.265 INFO             PET0 ESMF_LAPACK                 : enabled
20220708 032750.265 INFO             PET0 ESMF_NETCDF                 : enabled
20220708 032750.265 INFO             PET0 ESMF_PNETCDF                : disabled
20220708 032750.265 INFO             PET0 ESMF_PIO                    : disabled
20220708 032750.265 INFO             PET0 ESMF_YAMLCPP                : enabled
20220708 032750.265 INFO             PET0 ESMF Tracing Enabled
20220708 032750.265 INFO             PET0 ESMF Profiling Enabled
20220708 032750.265 INFO             PET0 ESMF Trace/Profile clock: REALTIME
20220708 032750.267 INFO             PET0  NUMBER_OF_PROCESSORS           1
20220708 032750.267 INFO             PET0  PASS  Example ESMF_TraceEx, ESMF_TraceEx.F90, line 178
20220708 032750.267 INFO             PET0 Finalizing ESMF
20220708 032750.267 INFO             PET0 **************** Region Timings *******************
20220708 032750.267 INFO             PET0 Region              Count  Total (s)   Self (s)    Mean (s)    Min (s)     Max (s)
20220708 032750.267 INFO             PET0   [test] Run 1      5      0.0000      0.0000      0.0000      0.0000      0.0000
20220708 032750.267 INFO             PET0   [test] Init 1     1      0.0000      0.0000      0.0000      0.0000      0.0000
20220708 032750.267 INFO             PET0   [test] Final 1    1      0.0000      0.0000      0.0000      0.0000      0.0000
