build time -- 2022-06-25 02:38:23.391132
20220625 032401.515 INFO             PET0 !!!!!!!!!!!!!!!!!!!!!!!!!!!!!!!!!!!!!!!!!!!!!!!!!!!!!!
20220625 032401.515 INFO             PET0 !!! THE ESMF_LOG IS SET TO OUTPUT ALL LOG MESSAGES !!!
20220625 032401.515 INFO             PET0 !!!     THIS MAY CAUSE SLOWDOWN IN PERFORMANCE     !!!
20220625 032401.515 INFO             PET0 !!! FOR PRODUCTION RUNS, USE:                      !!!
20220625 032401.515 INFO             PET0 !!!                   ESMF_LOGKIND_Multi_On_Error  !!!
20220625 032401.515 INFO             PET0 !!!!!!!!!!!!!!!!!!!!!!!!!!!!!!!!!!!!!!!!!!!!!!!!!!!!!!
20220625 032401.515 INFO             PET0 Running with ESMF Version   : v8.4.0b01-2-gf0d4ab211d
20220625 032401.515 INFO             PET0 ESMF library build date/time: "Jun 25 2022" "02:33:42"
20220625 032401.515 INFO             PET0 ESMF library build location : /glade/scratch/dunlap/esmf-testing/intel_18.0.5_mpiuni_O_develop
20220625 032401.515 INFO             PET0 ESMF_COMM                   : mpiuni
20220625 032401.516 INFO             PET0 ESMF_MOAB                   : enabled
20220625 032401.516 INFO             PET0 ESMF_LAPACK                 : enabled
20220625 032401.516 INFO             PET0 ESMF_NETCDF                 : enabled
20220625 032401.516 INFO             PET0 ESMF_PNETCDF                : disabled
20220625 032401.516 INFO             PET0 ESMF_PIO                    : disabled
20220625 032401.516 INFO             PET0 ESMF_YAMLCPP                : enabled
20220625 032401.516 INFO             PET0  NUMBER_OF_PROCESSORS           1
20220625 032401.516 INFO             PET0  PASS  Example ESMF_VMUserMpiCommEx, ESMF_VMUserMpiCommEx.F90, line 113
20220625 032401.516 INFO             PET0 Finalizing ESMF
