build time -- 2022-07-09 02:39:54.686189
20220709 032612.892 INFO             PET0 !!!!!!!!!!!!!!!!!!!!!!!!!!!!!!!!!!!!!!!!!!!!!!!!!!!!!!
20220709 032612.892 INFO             PET0 !!! THE ESMF_LOG IS SET TO OUTPUT ALL LOG MESSAGES !!!
20220709 032612.892 INFO             PET0 !!!     THIS MAY CAUSE SLOWDOWN IN PERFORMANCE     !!!
20220709 032612.892 INFO             PET0 !!! FOR PRODUCTION RUNS, USE:                      !!!
20220709 032612.892 INFO             PET0 !!!                   ESMF_LOGKIND_Multi_On_Error  !!!
20220709 032612.892 INFO             PET0 !!!!!!!!!!!!!!!!!!!!!!!!!!!!!!!!!!!!!!!!!!!!!!!!!!!!!!
20220709 032612.892 INFO             PET0 Running with ESMF Version   : v8.4.0b03-3-g14a79d558f
20220709 032612.892 INFO             PET0 ESMF library build date/time: "Jul  9 2022" "02:35:15"
20220709 032612.892 INFO             PET0 ESMF library build location : /glade/scratch/dunlap/esmf-testing/intel_18.0.5_mpiuni_O_develop
20220709 032612.892 INFO             PET0 ESMF_COMM                   : mpiuni
20220709 032612.892 INFO             PET0 ESMF_MOAB                   : enabled
20220709 032612.892 INFO             PET0 ESMF_LAPACK                 : enabled
20220709 032612.892 INFO             PET0 ESMF_NETCDF                 : enabled
20220709 032612.892 INFO             PET0 ESMF_PNETCDF                : disabled
20220709 032612.892 INFO             PET0 ESMF_PIO                    : disabled
20220709 032612.892 INFO             PET0 ESMF_YAMLCPP                : enabled
20220709 032612.893 INFO             PET0  NUMBER_OF_PROCESSORS           1
20220709 032612.893 INFO             PET0  PASS  Example ESMF_TimeIntervalEx, ESMF_TimeIntervalEx.F90, line 176
20220709 032612.893 INFO             PET0 Finalizing ESMF
