build time -- 2022-07-22 03:05:56.721472
20220722 041021.516 INFO             PET0 !!!!!!!!!!!!!!!!!!!!!!!!!!!!!!!!!!!!!!!!!!!!!!!!!!!!!!
20220722 041021.516 INFO             PET0 !!! THE ESMF_LOG IS SET TO OUTPUT ALL LOG MESSAGES !!!
20220722 041021.516 INFO             PET0 !!!     THIS MAY CAUSE SLOWDOWN IN PERFORMANCE     !!!
20220722 041021.516 INFO             PET0 !!! FOR PRODUCTION RUNS, USE:                      !!!
20220722 041021.516 INFO             PET0 !!!                   ESMF_LOGKIND_Multi_On_Error  !!!
20220722 041021.516 INFO             PET0 !!!!!!!!!!!!!!!!!!!!!!!!!!!!!!!!!!!!!!!!!!!!!!!!!!!!!!
20220722 041021.516 INFO             PET0 Running with ESMF Version   : v8.4.0b07
20220722 041021.516 INFO             PET0 ESMF library build date/time: "Jul 22 2022" "02:56:24"
20220722 041021.516 INFO             PET0 ESMF library build location : /glade/scratch/dunlap/esmf-testing/intel_18.0.5_mpiuni_O_develop
20220722 041021.516 INFO             PET0 ESMF_COMM                   : mpiuni
20220722 041021.517 INFO             PET0 ESMF_MOAB                   : enabled
20220722 041021.517 INFO             PET0 ESMF_LAPACK                 : enabled
20220722 041021.517 INFO             PET0 ESMF_NETCDF                 : enabled
20220722 041021.517 INFO             PET0 ESMF_PNETCDF                : disabled
20220722 041021.517 INFO             PET0 ESMF_PIO                    : disabled
20220722 041021.517 INFO             PET0 ESMF_YAMLCPP                : enabled
20220722 041021.517 INFO             PET0  NUMBER_OF_PROCESSORS           1
20220722 041021.517 INFO             PET0  PASS  Example ESMF_ClockEx, ESMF_ClockEx.F90, line 220
20220722 041021.517 INFO             PET0 Finalizing ESMF
