build time -- 2022-07-16 10:50:45
[1657982639.679456] [h2c51:253032:0]         mxm.c:196  MXM  WARN  The 'ulimit -s' on the system is set to 'unlimited'. This may have negative performance implications. Please set the stack size to the default value (10240) 
[1657982639.684556] [h2c51:253032:0]         mxm.c:196  MXM  WARN  The 'ulimit -s' on the system is set to 'unlimited'. This may have negative performance implications. Please set the stack size to the default value (10240) 
[1657982639.679445] [h2c51:253030:0]         mxm.c:196  MXM  WARN  The 'ulimit -s' on the system is set to 'unlimited'. This may have negative performance implications. Please set the stack size to the default value (10240) 
[1657982639.684508] [h2c51:253030:0]         mxm.c:196  MXM  WARN  The 'ulimit -s' on the system is set to 'unlimited'. This may have negative performance implications. Please set the stack size to the default value (10240) 
[1657982639.686748] [h2c51:253029:0]         mxm.c:196  MXM  WARN  The 'ulimit -s' on the system is set to 'unlimited'. This may have negative performance implications. Please set the stack size to the default value (10240) 
[1657982639.691695] [h2c51:253029:0]         mxm.c:196  MXM  WARN  The 'ulimit -s' on the system is set to 'unlimited'. This may have negative performance implications. Please set the stack size to the default value (10240) 
[1657982639.686806] [h2c51:253031:0]         mxm.c:196  MXM  WARN  The 'ulimit -s' on the system is set to 'unlimited'. This may have negative performance implications. Please set the stack size to the default value (10240) 
[1657982639.691716] [h2c51:253031:0]         mxm.c:196  MXM  WARN  The 'ulimit -s' on the system is set to 'unlimited'. This may have negative performance implications. Please set the stack size to the default value (10240) 
           0 -           1           1 -           3           1 -   0.00000000       0.00000000       1.30000007    
           1 -           1           2 -           3           2 -   0.00000000       0.00000000       0.00000000    
           2 -           1           3 -           3           3 -   0.00000000       2.25000000       0.00000000    
           3 -           1           4 -           3           4 -   0.00000000       0.00000000       3.09999990    
  PASS  Example ESMF_FieldSMMEx, ESMF_FieldSMMEx.F90, line 419
  PASS  Example ESMF_FieldSMMEx, ESMF_FieldSMMEx.F90, line 419
  PASS  Example ESMF_FieldSMMEx, ESMF_FieldSMMEx.F90, line 419
  PASS  Example ESMF_FieldSMMEx, ESMF_FieldSMMEx.F90, line 419
 PASS: ESMF_FieldSMMEx.F90
 PASS: ESMF_FieldSMMEx.F90
 PASS: ESMF_FieldSMMEx.F90
 PASS: ESMF_FieldSMMEx.F90
