build time -- 2022-07-17 07:48:16
[1658099997.635989] [h6c47:288240:0]         mxm.c:196  MXM  WARN  The 'ulimit -s' on the system is set to 'unlimited'. This may have negative performance implications. Please set the stack size to the default value (10240) 
[1658099997.640916] [h6c47:288240:0]         mxm.c:196  MXM  WARN  The 'ulimit -s' on the system is set to 'unlimited'. This may have negative performance implications. Please set the stack size to the default value (10240) 
[1658099997.637863] [h6c47:288238:0]         mxm.c:196  MXM  WARN  The 'ulimit -s' on the system is set to 'unlimited'. This may have negative performance implications. Please set the stack size to the default value (10240) 
[1658099997.642813] [h6c47:288238:0]         mxm.c:196  MXM  WARN  The 'ulimit -s' on the system is set to 'unlimited'. This may have negative performance implications. Please set the stack size to the default value (10240) 
[1658099997.643554] [h6c47:288239:0]         mxm.c:196  MXM  WARN  The 'ulimit -s' on the system is set to 'unlimited'. This may have negative performance implications. Please set the stack size to the default value (10240) 
[1658099997.648595] [h6c47:288239:0]         mxm.c:196  MXM  WARN  The 'ulimit -s' on the system is set to 'unlimited'. This may have negative performance implications. Please set the stack size to the default value (10240) 
[1658099997.643492] [h6c47:288241:0]         mxm.c:196  MXM  WARN  The 'ulimit -s' on the system is set to 'unlimited'. This may have negative performance implications. Please set the stack size to the default value (10240) 
[1658099997.648531] [h6c47:288241:0]         mxm.c:196  MXM  WARN  The 'ulimit -s' on the system is set to 'unlimited'. This may have negative performance implications. Please set the stack size to the default value (10240) 
 Field rank, dimCount           2           3
 Field with replicated dimension returned
 Field with replicated dimension returned
  PASS  Example ESMF_FieldArbGridEx, ESMF_FieldArbGridEx.F90, line 243
  PASS  Example ESMF_FieldArbGridEx, ESMF_FieldArbGridEx.F90, line 243
 Field rank, dimCount           2           2
 Field with replicated dimension returned
 Field with replicated dimension returned
  PASS  Example ESMF_FieldArbGridEx, ESMF_FieldArbGridEx.F90, line 243
  PASS  Example ESMF_FieldArbGridEx, ESMF_FieldArbGridEx.F90, line 243
 PASS: ESMF_FieldArgGridEx.F90
 PASS: ESMF_FieldArgGridEx.F90
 PASS: ESMF_FieldArgGridEx.F90
 PASS: ESMF_FieldArgGridEx.F90
