build time -- 2022-07-16 10:50:45
[1657982585.450031] [h2c51:237193:0]         mxm.c:196  MXM  WARN  The 'ulimit -s' on the system is set to 'unlimited'. This may have negative performance implications. Please set the stack size to the default value (10240) 
[1657982585.455007] [h2c51:237193:0]         mxm.c:196  MXM  WARN  The 'ulimit -s' on the system is set to 'unlimited'. This may have negative performance implications. Please set the stack size to the default value (10240) 
[1657982585.450081] [h2c51:237195:0]         mxm.c:196  MXM  WARN  The 'ulimit -s' on the system is set to 'unlimited'. This may have negative performance implications. Please set the stack size to the default value (10240) 
[1657982585.455062] [h2c51:237195:0]         mxm.c:196  MXM  WARN  The 'ulimit -s' on the system is set to 'unlimited'. This may have negative performance implications. Please set the stack size to the default value (10240) 
[1657982585.442714] [h2c51:237196:0]         mxm.c:196  MXM  WARN  The 'ulimit -s' on the system is set to 'unlimited'. This may have negative performance implications. Please set the stack size to the default value (10240) 
[1657982585.447587] [h2c51:237196:0]         mxm.c:196  MXM  WARN  The 'ulimit -s' on the system is set to 'unlimited'. This may have negative performance implications. Please set the stack size to the default value (10240) 
[1657982585.443519] [h2c51:237194:0]         mxm.c:196  MXM  WARN  The 'ulimit -s' on the system is set to 'unlimited'. This may have negative performance implications. Please set the stack size to the default value (10240) 
[1657982585.448300] [h2c51:237194:0]         mxm.c:196  MXM  WARN  The 'ulimit -s' on the system is set to 'unlimited'. This may have negative performance implications. Please set the stack size to the default value (10240) 
 Returned values from ArraySpec:
 rank =           2
 Returned values from ArraySpec:
 rank =           2
 Returned values from ArraySpec:
 rank =           2
  PASS  Example ESMF_ArraySpecEx, ESMF_ArraySpecEx.F90, line 96
 Returned values from ArraySpec:
 rank =           2
  PASS  Example ESMF_ArraySpecEx, ESMF_ArraySpecEx.F90, line 96
  PASS  Example ESMF_ArraySpecEx, ESMF_ArraySpecEx.F90, line 96
  PASS  Example ESMF_ArraySpecEx, ESMF_ArraySpecEx.F90, line 96
 PASS: ESMF_ArraySpecEx.F90
 PASS: ESMF_ArraySpecEx.F90
 PASS: ESMF_ArraySpecEx.F90
 PASS: ESMF_ArraySpecEx.F90
