build time -- 2022-07-09 02:46:25.019226
20220709 034900.929 INFO             PET0 !!!!!!!!!!!!!!!!!!!!!!!!!!!!!!!!!!!!!!!!!!!!!!!!!!!!!!
20220709 034900.929 INFO             PET0 !!! THE ESMF_LOG IS SET TO OUTPUT ALL LOG MESSAGES !!!
20220709 034900.929 INFO             PET0 !!!     THIS MAY CAUSE SLOWDOWN IN PERFORMANCE     !!!
20220709 034900.929 INFO             PET0 !!! FOR PRODUCTION RUNS, USE:                      !!!
20220709 034900.929 INFO             PET0 !!!                   ESMF_LOGKIND_Multi_On_Error  !!!
20220709 034900.929 INFO             PET0 !!!!!!!!!!!!!!!!!!!!!!!!!!!!!!!!!!!!!!!!!!!!!!!!!!!!!!
20220709 034900.929 INFO             PET0 Running with ESMF Version   : v8.4.0b03-3-g14a79d558f
20220709 034900.929 INFO             PET0 ESMF library build date/time: "Jul  9 2022" "02:41:11"
20220709 034900.929 INFO             PET0 ESMF library build location : /glade/scratch/dunlap/esmf-testing/intel_18.0.5_intelmpi_O_develop
20220709 034900.929 INFO             PET0 ESMF_COMM                   : intelmpi
20220709 034900.929 INFO             PET0 ESMF_MOAB                   : enabled
20220709 034900.929 INFO             PET0 ESMF_LAPACK                 : enabled
20220709 034900.929 INFO             PET0 ESMF_NETCDF                 : enabled
20220709 034900.929 INFO             PET0 ESMF_PNETCDF                : disabled
20220709 034900.929 INFO             PET0 ESMF_PIO                    : enabled
20220709 034900.929 INFO             PET0 ESMF_YAMLCPP                : enabled
20220709 034900.973 DEBUG            PET0 about to destroy Grid: 0x1d92890
20220709 034900.976 DEBUG            PET0 about to destroy Grid: 0x1d94710
20220709 034900.988 INFO             PET0  NUMBER_OF_PROCESSORS           4
20220709 034900.988 INFO             PET0  PASS  Example ESMF_NUOPCAtmModelEx, ESMF_NUOPCAtmModelEx.F90, line 806
20220709 034900.988 INFO             PET0 Finalizing ESMF
20220709 034900.929 INFO             PET1 !!!!!!!!!!!!!!!!!!!!!!!!!!!!!!!!!!!!!!!!!!!!!!!!!!!!!!
20220709 034900.929 INFO             PET1 !!! THE ESMF_LOG IS SET TO OUTPUT ALL LOG MESSAGES !!!
20220709 034900.929 INFO             PET1 !!!     THIS MAY CAUSE SLOWDOWN IN PERFORMANCE     !!!
20220709 034900.929 INFO             PET1 !!! FOR PRODUCTION RUNS, USE:                      !!!
20220709 034900.929 INFO             PET1 !!!                   ESMF_LOGKIND_Multi_On_Error  !!!
20220709 034900.929 INFO             PET1 !!!!!!!!!!!!!!!!!!!!!!!!!!!!!!!!!!!!!!!!!!!!!!!!!!!!!!
20220709 034900.929 INFO             PET1 Running with ESMF Version   : v8.4.0b03-3-g14a79d558f
20220709 034900.929 INFO             PET1 ESMF library build date/time: "Jul  9 2022" "02:41:11"
20220709 034900.929 INFO             PET1 ESMF library build location : /glade/scratch/dunlap/esmf-testing/intel_18.0.5_intelmpi_O_develop
20220709 034900.929 INFO             PET1 ESMF_COMM                   : intelmpi
20220709 034900.929 INFO             PET1 ESMF_MOAB                   : enabled
20220709 034900.929 INFO             PET1 ESMF_LAPACK                 : enabled
20220709 034900.929 INFO             PET1 ESMF_NETCDF                 : enabled
20220709 034900.929 INFO             PET1 ESMF_PNETCDF                : disabled
20220709 034900.929 INFO             PET1 ESMF_PIO                    : enabled
20220709 034900.929 INFO             PET1 ESMF_YAMLCPP                : enabled
20220709 034900.973 DEBUG            PET1 about to destroy Grid: 0x1c51120
20220709 034900.976 DEBUG            PET1 about to destroy Grid: 0x1c51e00
20220709 034900.988 INFO             PET1  NUMBER_OF_PROCESSORS           4
20220709 034900.988 INFO             PET1  PASS  Example ESMF_NUOPCAtmModelEx, ESMF_NUOPCAtmModelEx.F90, line 806
20220709 034900.988 INFO             PET1 Finalizing ESMF
20220709 034900.929 INFO             PET2 !!!!!!!!!!!!!!!!!!!!!!!!!!!!!!!!!!!!!!!!!!!!!!!!!!!!!!
20220709 034900.929 INFO             PET2 !!! THE ESMF_LOG IS SET TO OUTPUT ALL LOG MESSAGES !!!
20220709 034900.929 INFO             PET2 !!!     THIS MAY CAUSE SLOWDOWN IN PERFORMANCE     !!!
20220709 034900.929 INFO             PET2 !!! FOR PRODUCTION RUNS, USE:                      !!!
20220709 034900.929 INFO             PET2 !!!                   ESMF_LOGKIND_Multi_On_Error  !!!
20220709 034900.929 INFO             PET2 !!!!!!!!!!!!!!!!!!!!!!!!!!!!!!!!!!!!!!!!!!!!!!!!!!!!!!
20220709 034900.929 INFO             PET2 Running with ESMF Version   : v8.4.0b03-3-g14a79d558f
20220709 034900.929 INFO             PET2 ESMF library build date/time: "Jul  9 2022" "02:41:11"
20220709 034900.929 INFO             PET2 ESMF library build location : /glade/scratch/dunlap/esmf-testing/intel_18.0.5_intelmpi_O_develop
20220709 034900.929 INFO             PET2 ESMF_COMM                   : intelmpi
20220709 034900.929 INFO             PET2 ESMF_MOAB                   : enabled
20220709 034900.929 INFO             PET2 ESMF_LAPACK                 : enabled
20220709 034900.929 INFO             PET2 ESMF_NETCDF                 : enabled
20220709 034900.929 INFO             PET2 ESMF_PNETCDF                : disabled
20220709 034900.929 INFO             PET2 ESMF_PIO                    : enabled
20220709 034900.929 INFO             PET2 ESMF_YAMLCPP                : enabled
20220709 034900.973 DEBUG            PET2 about to destroy Grid: 0x234b1a0
20220709 034900.976 DEBUG            PET2 about to destroy Grid: 0x234be80
20220709 034900.988 INFO             PET2  NUMBER_OF_PROCESSORS           4
20220709 034900.988 INFO             PET2  PASS  Example ESMF_NUOPCAtmModelEx, ESMF_NUOPCAtmModelEx.F90, line 806
20220709 034900.988 INFO             PET2 Finalizing ESMF
20220709 034900.929 INFO             PET3 !!!!!!!!!!!!!!!!!!!!!!!!!!!!!!!!!!!!!!!!!!!!!!!!!!!!!!
20220709 034900.929 INFO             PET3 !!! THE ESMF_LOG IS SET TO OUTPUT ALL LOG MESSAGES !!!
20220709 034900.929 INFO             PET3 !!!     THIS MAY CAUSE SLOWDOWN IN PERFORMANCE     !!!
20220709 034900.929 INFO             PET3 !!! FOR PRODUCTION RUNS, USE:                      !!!
20220709 034900.929 INFO             PET3 !!!                   ESMF_LOGKIND_Multi_On_Error  !!!
20220709 034900.929 INFO             PET3 !!!!!!!!!!!!!!!!!!!!!!!!!!!!!!!!!!!!!!!!!!!!!!!!!!!!!!
20220709 034900.929 INFO             PET3 Running with ESMF Version   : v8.4.0b03-3-g14a79d558f
20220709 034900.929 INFO             PET3 ESMF library build date/time: "Jul  9 2022" "02:41:11"
20220709 034900.929 INFO             PET3 ESMF library build location : /glade/scratch/dunlap/esmf-testing/intel_18.0.5_intelmpi_O_develop
20220709 034900.929 INFO             PET3 ESMF_COMM                   : intelmpi
20220709 034900.929 INFO             PET3 ESMF_MOAB                   : enabled
20220709 034900.929 INFO             PET3 ESMF_LAPACK                 : enabled
20220709 034900.929 INFO             PET3 ESMF_NETCDF                 : enabled
20220709 034900.929 INFO             PET3 ESMF_PNETCDF                : disabled
20220709 034900.929 INFO             PET3 ESMF_PIO                    : enabled
20220709 034900.929 INFO             PET3 ESMF_YAMLCPP                : enabled
20220709 034900.973 DEBUG            PET3 about to destroy Grid: 0x1296170
20220709 034900.976 DEBUG            PET3 about to destroy Grid: 0x1296ff0
20220709 034900.988 INFO             PET3  NUMBER_OF_PROCESSORS           4
20220709 034900.988 INFO             PET3  PASS  Example ESMF_NUOPCAtmModelEx, ESMF_NUOPCAtmModelEx.F90, line 806
20220709 034900.988 INFO             PET3 Finalizing ESMF
