build time -- 2022-07-14 03:04:49.477022
20220714 041159.071 INFO             PET0 !!!!!!!!!!!!!!!!!!!!!!!!!!!!!!!!!!!!!!!!!!!!!!!!!!!!!!
20220714 041159.071 INFO             PET0 !!! THE ESMF_LOG IS SET TO OUTPUT ALL LOG MESSAGES !!!
20220714 041159.071 INFO             PET0 !!!     THIS MAY CAUSE SLOWDOWN IN PERFORMANCE     !!!
20220714 041159.071 INFO             PET0 !!! FOR PRODUCTION RUNS, USE:                      !!!
20220714 041159.071 INFO             PET0 !!!                   ESMF_LOGKIND_Multi_On_Error  !!!
20220714 041159.071 INFO             PET0 !!!!!!!!!!!!!!!!!!!!!!!!!!!!!!!!!!!!!!!!!!!!!!!!!!!!!!
20220714 041159.071 INFO             PET0 Running with ESMF Version   : v8.4.0b04
20220714 041159.071 INFO             PET0 ESMF library build date/time: "Jul 14 2022" "02:57:41"
20220714 041159.071 INFO             PET0 ESMF library build location : /glade/scratch/dunlap/esmf-testing/intel_18.0.5_intelmpi_O_develop
20220714 041159.071 INFO             PET0 ESMF_COMM                   : intelmpi
20220714 041159.072 INFO             PET0 ESMF_MOAB                   : enabled
20220714 041159.072 INFO             PET0 ESMF_LAPACK                 : enabled
20220714 041159.072 INFO             PET0 ESMF_NETCDF                 : enabled
20220714 041159.072 INFO             PET0 ESMF_PNETCDF                : disabled
20220714 041159.072 INFO             PET0 ESMF_PIO                    : enabled
20220714 041159.072 INFO             PET0 ESMF_YAMLCPP                : enabled
20220714 041159.074 INFO             PET0 ESMF_FieldRedistStoreNF(): Just entered routine.
20220714 041159.075 INFO             PET0 ESMF_FieldRedistStoreNF(): Leaving routine.
20220714 041159.076 INFO             PET0 ESMF_FieldRedistStoreNF(): Just entered routine.
20220714 041159.077 INFO             PET0 ESMF_FieldRedistStoreNF(): Leaving routine.
20220714 041159.077 INFO             PET0 ESMF_FieldRedistStoreNF(): Just entered routine.
20220714 041159.077 INFO             PET0 ESMF_FieldRedistStoreNF(): Leaving routine.
20220714 041159.077 INFO             PET0  NUMBER_OF_PROCESSORS           4
20220714 041159.077 INFO             PET0  PASS  Example ESMF_FieldRedistEx, ESMF_FieldRedistEx.F90, line 521
20220714 041159.077 INFO             PET0 Finalizing ESMF
20220714 041159.072 INFO             PET1 !!!!!!!!!!!!!!!!!!!!!!!!!!!!!!!!!!!!!!!!!!!!!!!!!!!!!!
20220714 041159.072 INFO             PET1 !!! THE ESMF_LOG IS SET TO OUTPUT ALL LOG MESSAGES !!!
20220714 041159.072 INFO             PET1 !!!     THIS MAY CAUSE SLOWDOWN IN PERFORMANCE     !!!
20220714 041159.072 INFO             PET1 !!! FOR PRODUCTION RUNS, USE:                      !!!
20220714 041159.072 INFO             PET1 !!!                   ESMF_LOGKIND_Multi_On_Error  !!!
20220714 041159.072 INFO             PET1 !!!!!!!!!!!!!!!!!!!!!!!!!!!!!!!!!!!!!!!!!!!!!!!!!!!!!!
20220714 041159.072 INFO             PET1 Running with ESMF Version   : v8.4.0b04
20220714 041159.072 INFO             PET1 ESMF library build date/time: "Jul 14 2022" "02:57:41"
20220714 041159.072 INFO             PET1 ESMF library build location : /glade/scratch/dunlap/esmf-testing/intel_18.0.5_intelmpi_O_develop
20220714 041159.072 INFO             PET1 ESMF_COMM                   : intelmpi
20220714 041159.073 INFO             PET1 ESMF_MOAB                   : enabled
20220714 041159.073 INFO             PET1 ESMF_LAPACK                 : enabled
20220714 041159.073 INFO             PET1 ESMF_NETCDF                 : enabled
20220714 041159.073 INFO             PET1 ESMF_PNETCDF                : disabled
20220714 041159.073 INFO             PET1 ESMF_PIO                    : enabled
20220714 041159.073 INFO             PET1 ESMF_YAMLCPP                : enabled
20220714 041159.074 INFO             PET1 ESMF_FieldRedistStoreNF(): Just entered routine.
20220714 041159.075 INFO             PET1 ESMF_FieldRedistStoreNF(): Leaving routine.
20220714 041159.076 INFO             PET1 ESMF_FieldRedistStoreNF(): Just entered routine.
20220714 041159.077 INFO             PET1 ESMF_FieldRedistStoreNF(): Leaving routine.
20220714 041159.077 INFO             PET1 ESMF_FieldRedistStoreNF(): Just entered routine.
20220714 041159.077 INFO             PET1 ESMF_FieldRedistStoreNF(): Leaving routine.
20220714 041159.077 INFO             PET1  NUMBER_OF_PROCESSORS           4
20220714 041159.077 INFO             PET1  PASS  Example ESMF_FieldRedistEx, ESMF_FieldRedistEx.F90, line 521
20220714 041159.077 INFO             PET1 Finalizing ESMF
20220714 041159.073 INFO             PET2 !!!!!!!!!!!!!!!!!!!!!!!!!!!!!!!!!!!!!!!!!!!!!!!!!!!!!!
20220714 041159.073 INFO             PET2 !!! THE ESMF_LOG IS SET TO OUTPUT ALL LOG MESSAGES !!!
20220714 041159.073 INFO             PET2 !!!     THIS MAY CAUSE SLOWDOWN IN PERFORMANCE     !!!
20220714 041159.073 INFO             PET2 !!! FOR PRODUCTION RUNS, USE:                      !!!
20220714 041159.073 INFO             PET2 !!!                   ESMF_LOGKIND_Multi_On_Error  !!!
20220714 041159.073 INFO             PET2 !!!!!!!!!!!!!!!!!!!!!!!!!!!!!!!!!!!!!!!!!!!!!!!!!!!!!!
20220714 041159.073 INFO             PET2 Running with ESMF Version   : v8.4.0b04
20220714 041159.073 INFO             PET2 ESMF library build date/time: "Jul 14 2022" "02:57:41"
20220714 041159.073 INFO             PET2 ESMF library build location : /glade/scratch/dunlap/esmf-testing/intel_18.0.5_intelmpi_O_develop
20220714 041159.073 INFO             PET2 ESMF_COMM                   : intelmpi
20220714 041159.073 INFO             PET2 ESMF_MOAB                   : enabled
20220714 041159.073 INFO             PET2 ESMF_LAPACK                 : enabled
20220714 041159.073 INFO             PET2 ESMF_NETCDF                 : enabled
20220714 041159.073 INFO             PET2 ESMF_PNETCDF                : disabled
20220714 041159.073 INFO             PET2 ESMF_PIO                    : enabled
20220714 041159.073 INFO             PET2 ESMF_YAMLCPP                : enabled
20220714 041159.074 INFO             PET2 ESMF_FieldRedistStoreNF(): Just entered routine.
20220714 041159.075 INFO             PET2 ESMF_FieldRedistStoreNF(): Leaving routine.
20220714 041159.076 INFO             PET2 ESMF_FieldRedistStoreNF(): Just entered routine.
20220714 041159.077 INFO             PET2 ESMF_FieldRedistStoreNF(): Leaving routine.
20220714 041159.077 INFO             PET2 ESMF_FieldRedistStoreNF(): Just entered routine.
20220714 041159.077 INFO             PET2 ESMF_FieldRedistStoreNF(): Leaving routine.
20220714 041159.077 INFO             PET2  NUMBER_OF_PROCESSORS           4
20220714 041159.077 INFO             PET2  PASS  Example ESMF_FieldRedistEx, ESMF_FieldRedistEx.F90, line 521
20220714 041159.077 INFO             PET2 Finalizing ESMF
20220714 041159.072 INFO             PET3 !!!!!!!!!!!!!!!!!!!!!!!!!!!!!!!!!!!!!!!!!!!!!!!!!!!!!!
20220714 041159.073 INFO             PET3 !!! THE ESMF_LOG IS SET TO OUTPUT ALL LOG MESSAGES !!!
20220714 041159.073 INFO             PET3 !!!     THIS MAY CAUSE SLOWDOWN IN PERFORMANCE     !!!
20220714 041159.073 INFO             PET3 !!! FOR PRODUCTION RUNS, USE:                      !!!
20220714 041159.073 INFO             PET3 !!!                   ESMF_LOGKIND_Multi_On_Error  !!!
20220714 041159.073 INFO             PET3 !!!!!!!!!!!!!!!!!!!!!!!!!!!!!!!!!!!!!!!!!!!!!!!!!!!!!!
20220714 041159.073 INFO             PET3 Running with ESMF Version   : v8.4.0b04
20220714 041159.073 INFO             PET3 ESMF library build date/time: "Jul 14 2022" "02:57:41"
20220714 041159.073 INFO             PET3 ESMF library build location : /glade/scratch/dunlap/esmf-testing/intel_18.0.5_intelmpi_O_develop
20220714 041159.073 INFO             PET3 ESMF_COMM                   : intelmpi
20220714 041159.073 INFO             PET3 ESMF_MOAB                   : enabled
20220714 041159.073 INFO             PET3 ESMF_LAPACK                 : enabled
20220714 041159.073 INFO             PET3 ESMF_NETCDF                 : enabled
20220714 041159.073 INFO             PET3 ESMF_PNETCDF                : disabled
20220714 041159.073 INFO             PET3 ESMF_PIO                    : enabled
20220714 041159.073 INFO             PET3 ESMF_YAMLCPP                : enabled
20220714 041159.074 INFO             PET3 ESMF_FieldRedistStoreNF(): Just entered routine.
20220714 041159.075 INFO             PET3 ESMF_FieldRedistStoreNF(): Leaving routine.
20220714 041159.076 INFO             PET3 ESMF_FieldRedistStoreNF(): Just entered routine.
20220714 041159.077 INFO             PET3 ESMF_FieldRedistStoreNF(): Leaving routine.
20220714 041159.077 INFO             PET3 ESMF_FieldRedistStoreNF(): Just entered routine.
20220714 041159.077 INFO             PET3 ESMF_FieldRedistStoreNF(): Leaving routine.
20220714 041159.077 INFO             PET3  NUMBER_OF_PROCESSORS           4
20220714 041159.077 INFO             PET3  PASS  Example ESMF_FieldRedistEx, ESMF_FieldRedistEx.F90, line 521
20220714 041159.077 INFO             PET3 Finalizing ESMF
