build time -- 2022-07-18 04:47:56
20220718 174335.114 INFO             PET0 !!!!!!!!!!!!!!!!!!!!!!!!!!!!!!!!!!!!!!!!!!!!!!!!!!!!!!
20220718 174335.114 INFO             PET0 !!! THE ESMF_LOG IS SET TO OUTPUT ALL LOG MESSAGES !!!
20220718 174335.114 INFO             PET0 !!!     THIS MAY CAUSE SLOWDOWN IN PERFORMANCE     !!!
20220718 174335.114 INFO             PET0 !!! FOR PRODUCTION RUNS, USE:                      !!!
20220718 174335.114 INFO             PET0 !!!                   ESMF_LOGKIND_Multi_On_Error  !!!
20220718 174335.114 INFO             PET0 !!!!!!!!!!!!!!!!!!!!!!!!!!!!!!!!!!!!!!!!!!!!!!!!!!!!!!
20220718 174335.114 INFO             PET0 Running with ESMF Version   : v8.4.0b04-9-g4da4a8320a
20220718 174335.114 INFO             PET0 ESMF library build date/time: "Jul 18 2022" "02:54:15"
20220718 174335.114 INFO             PET0 ESMF library build location : /global/cscratch1/sd/rsdunlap/esmf-testing/intel_19.1.2_mpi_g_feature_named-alias
20220718 174335.114 INFO             PET0 ESMF_COMM                   : mpi
20220718 174335.116 INFO             PET0 ESMF_MOAB                   : enabled
20220718 174335.116 INFO             PET0 ESMF_LAPACK                 : enabled
20220718 174335.116 INFO             PET0 ESMF_NETCDF                 : enabled
20220718 174335.116 INFO             PET0 ESMF_PNETCDF                : disabled
20220718 174335.116 INFO             PET0 ESMF_PIO                    : enabled
20220718 174335.116 INFO             PET0 ESMF_YAMLCPP                : enabled
20220718 174335.117 INFO             PET0  NUMBER_OF_PROCESSORS           1
20220718 174335.117 INFO             PET0  PASS  Example ESMF_ClockEx, ESMF_ClockEx.F90, line 220
20220718 174335.117 INFO             PET0 Finalizing ESMF
