build time -- 2022-07-07 06:17:53
20220707 064909.136 INFO             PET0 !!!!!!!!!!!!!!!!!!!!!!!!!!!!!!!!!!!!!!!!!!!!!!!!!!!!!!
20220707 064909.136 INFO             PET0 !!! THE ESMF_LOG IS SET TO OUTPUT ALL LOG MESSAGES !!!
20220707 064909.136 INFO             PET0 !!!     THIS MAY CAUSE SLOWDOWN IN PERFORMANCE     !!!
20220707 064909.136 INFO             PET0 !!! FOR PRODUCTION RUNS, USE:                      !!!
20220707 064909.136 INFO             PET0 !!!                   ESMF_LOGKIND_Multi_On_Error  !!!
20220707 064909.136 INFO             PET0 !!!!!!!!!!!!!!!!!!!!!!!!!!!!!!!!!!!!!!!!!!!!!!!!!!!!!!
20220707 064909.136 INFO             PET0 Running with ESMF Version   : v8.4.0b03-3-g14a79d558f
20220707 064909.136 INFO             PET0 ESMF library build date/time: "Jul  7 2022" "06:16:05"
20220707 064909.136 INFO             PET0 ESMF library build location : /scratch1/NCEPDEV/stmp2/role.esmfmaint/intel_18.0.5b_intelmpi_g_develop
20220707 064909.136 INFO             PET0 ESMF_COMM                   : intelmpi
20220707 064909.137 INFO             PET0 ESMF_MOAB                   : enabled
20220707 064909.137 INFO             PET0 ESMF_LAPACK                 : enabled
20220707 064909.137 INFO             PET0 ESMF_NETCDF                 : enabled
20220707 064909.137 INFO             PET0 ESMF_PNETCDF                : disabled
20220707 064909.137 INFO             PET0 ESMF_PIO                    : enabled
20220707 064909.137 INFO             PET0 ESMF_YAMLCPP                : enabled
20220707 064909.138 INFO             PET0  NUMBER_OF_PROCESSORS           1
20220707 064909.138 INFO             PET0  PASS  Example CalendarEx, ESMF_CalendarEx.F90, line 217
20220707 064909.138 INFO             PET0 Finalizing ESMF
