build time -- 2022-07-17 17:44:58
20220718 014236.670 INFO             PET0 !!!!!!!!!!!!!!!!!!!!!!!!!!!!!!!!!!!!!!!!!!!!!!!!!!!!!!
20220718 014236.670 INFO             PET0 !!! THE ESMF_LOG IS SET TO OUTPUT ALL LOG MESSAGES !!!
20220718 014236.670 INFO             PET0 !!!     THIS MAY CAUSE SLOWDOWN IN PERFORMANCE     !!!
20220718 014236.670 INFO             PET0 !!! FOR PRODUCTION RUNS, USE:                      !!!
20220718 014236.670 INFO             PET0 !!!                   ESMF_LOGKIND_Multi_On_Error  !!!
20220718 014236.670 INFO             PET0 !!!!!!!!!!!!!!!!!!!!!!!!!!!!!!!!!!!!!!!!!!!!!!!!!!!!!!
20220718 014236.670 INFO             PET0 Running with ESMF Version   : v8.4.0b04-2-gc831a7cd4a
20220718 014236.670 INFO             PET0 ESMF library build date/time: "Jul 17 2022" "17:43:04"
20220718 014236.670 INFO             PET0 ESMF library build location : /scratch1/NCEPDEV/stmp2/role.esmfmaint/intel_18.0.5b_intelmpi_g_develop
20220718 014236.670 INFO             PET0 ESMF_COMM                   : intelmpi
20220718 014236.670 INFO             PET0 ESMF_MOAB                   : enabled
20220718 014236.670 INFO             PET0 ESMF_LAPACK                 : enabled
20220718 014236.670 INFO             PET0 ESMF_NETCDF                 : enabled
20220718 014236.670 INFO             PET0 ESMF_PNETCDF                : disabled
20220718 014236.670 INFO             PET0 ESMF_PIO                    : enabled
20220718 014236.670 INFO             PET0 ESMF_YAMLCPP                : enabled
20220718 014236.811 DEBUG            PET0 about to destroy Grid: 0x2658f90
20220718 014236.826 DEBUG            PET0 about to destroy Grid: 0x265aa10
20220718 014236.867 INFO             PET0  NUMBER_OF_PROCESSORS           4
20220718 014236.867 INFO             PET0  PASS  Example ESMF_NUOPCAtmModelEx, ESMF_NUOPCAtmModelEx.F90, line 806
20220718 014236.867 INFO             PET0 Finalizing ESMF
20220718 014236.670 INFO             PET1 !!!!!!!!!!!!!!!!!!!!!!!!!!!!!!!!!!!!!!!!!!!!!!!!!!!!!!
20220718 014236.670 INFO             PET1 !!! THE ESMF_LOG IS SET TO OUTPUT ALL LOG MESSAGES !!!
20220718 014236.670 INFO             PET1 !!!     THIS MAY CAUSE SLOWDOWN IN PERFORMANCE     !!!
20220718 014236.670 INFO             PET1 !!! FOR PRODUCTION RUNS, USE:                      !!!
20220718 014236.670 INFO             PET1 !!!                   ESMF_LOGKIND_Multi_On_Error  !!!
20220718 014236.670 INFO             PET1 !!!!!!!!!!!!!!!!!!!!!!!!!!!!!!!!!!!!!!!!!!!!!!!!!!!!!!
20220718 014236.670 INFO             PET1 Running with ESMF Version   : v8.4.0b04-2-gc831a7cd4a
20220718 014236.670 INFO             PET1 ESMF library build date/time: "Jul 17 2022" "17:43:04"
20220718 014236.670 INFO             PET1 ESMF library build location : /scratch1/NCEPDEV/stmp2/role.esmfmaint/intel_18.0.5b_intelmpi_g_develop
20220718 014236.670 INFO             PET1 ESMF_COMM                   : intelmpi
20220718 014236.672 INFO             PET1 ESMF_MOAB                   : enabled
20220718 014236.672 INFO             PET1 ESMF_LAPACK                 : enabled
20220718 014236.672 INFO             PET1 ESMF_NETCDF                 : enabled
20220718 014236.672 INFO             PET1 ESMF_PNETCDF                : disabled
20220718 014236.672 INFO             PET1 ESMF_PIO                    : enabled
20220718 014236.672 INFO             PET1 ESMF_YAMLCPP                : enabled
20220718 014236.811 DEBUG            PET1 about to destroy Grid: 0x14df950
20220718 014236.826 DEBUG            PET1 about to destroy Grid: 0x14e0630
20220718 014236.868 INFO             PET1  NUMBER_OF_PROCESSORS           4
20220718 014236.868 INFO             PET1  PASS  Example ESMF_NUOPCAtmModelEx, ESMF_NUOPCAtmModelEx.F90, line 806
20220718 014236.868 INFO             PET1 Finalizing ESMF
20220718 014236.670 INFO             PET2 !!!!!!!!!!!!!!!!!!!!!!!!!!!!!!!!!!!!!!!!!!!!!!!!!!!!!!
20220718 014236.670 INFO             PET2 !!! THE ESMF_LOG IS SET TO OUTPUT ALL LOG MESSAGES !!!
20220718 014236.670 INFO             PET2 !!!     THIS MAY CAUSE SLOWDOWN IN PERFORMANCE     !!!
20220718 014236.670 INFO             PET2 !!! FOR PRODUCTION RUNS, USE:                      !!!
20220718 014236.670 INFO             PET2 !!!                   ESMF_LOGKIND_Multi_On_Error  !!!
20220718 014236.670 INFO             PET2 !!!!!!!!!!!!!!!!!!!!!!!!!!!!!!!!!!!!!!!!!!!!!!!!!!!!!!
20220718 014236.670 INFO             PET2 Running with ESMF Version   : v8.4.0b04-2-gc831a7cd4a
20220718 014236.670 INFO             PET2 ESMF library build date/time: "Jul 17 2022" "17:43:04"
20220718 014236.670 INFO             PET2 ESMF library build location : /scratch1/NCEPDEV/stmp2/role.esmfmaint/intel_18.0.5b_intelmpi_g_develop
20220718 014236.670 INFO             PET2 ESMF_COMM                   : intelmpi
20220718 014236.671 INFO             PET2 ESMF_MOAB                   : enabled
20220718 014236.671 INFO             PET2 ESMF_LAPACK                 : enabled
20220718 014236.671 INFO             PET2 ESMF_NETCDF                 : enabled
20220718 014236.671 INFO             PET2 ESMF_PNETCDF                : disabled
20220718 014236.671 INFO             PET2 ESMF_PIO                    : enabled
20220718 014236.671 INFO             PET2 ESMF_YAMLCPP                : enabled
20220718 014236.811 DEBUG            PET2 about to destroy Grid: 0x25d9950
20220718 014236.826 DEBUG            PET2 about to destroy Grid: 0x25da630
20220718 014236.868 INFO             PET2  NUMBER_OF_PROCESSORS           4
20220718 014236.868 INFO             PET2  PASS  Example ESMF_NUOPCAtmModelEx, ESMF_NUOPCAtmModelEx.F90, line 806
20220718 014236.868 INFO             PET2 Finalizing ESMF
20220718 014236.670 INFO             PET3 !!!!!!!!!!!!!!!!!!!!!!!!!!!!!!!!!!!!!!!!!!!!!!!!!!!!!!
20220718 014236.670 INFO             PET3 !!! THE ESMF_LOG IS SET TO OUTPUT ALL LOG MESSAGES !!!
20220718 014236.670 INFO             PET3 !!!     THIS MAY CAUSE SLOWDOWN IN PERFORMANCE     !!!
20220718 014236.670 INFO             PET3 !!! FOR PRODUCTION RUNS, USE:                      !!!
20220718 014236.670 INFO             PET3 !!!                   ESMF_LOGKIND_Multi_On_Error  !!!
20220718 014236.670 INFO             PET3 !!!!!!!!!!!!!!!!!!!!!!!!!!!!!!!!!!!!!!!!!!!!!!!!!!!!!!
20220718 014236.670 INFO             PET3 Running with ESMF Version   : v8.4.0b04-2-gc831a7cd4a
20220718 014236.670 INFO             PET3 ESMF library build date/time: "Jul 17 2022" "17:43:04"
20220718 014236.670 INFO             PET3 ESMF library build location : /scratch1/NCEPDEV/stmp2/role.esmfmaint/intel_18.0.5b_intelmpi_g_develop
20220718 014236.670 INFO             PET3 ESMF_COMM                   : intelmpi
20220718 014236.671 INFO             PET3 ESMF_MOAB                   : enabled
20220718 014236.671 INFO             PET3 ESMF_LAPACK                 : enabled
20220718 014236.671 INFO             PET3 ESMF_NETCDF                 : enabled
20220718 014236.671 INFO             PET3 ESMF_PNETCDF                : disabled
20220718 014236.671 INFO             PET3 ESMF_PIO                    : enabled
20220718 014236.671 INFO             PET3 ESMF_YAMLCPP                : enabled
20220718 014236.811 DEBUG            PET3 about to destroy Grid: 0x2147950
20220718 014236.826 DEBUG            PET3 about to destroy Grid: 0x2148630
20220718 014236.867 INFO             PET3  NUMBER_OF_PROCESSORS           4
20220718 014236.867 INFO             PET3  PASS  Example ESMF_NUOPCAtmModelEx, ESMF_NUOPCAtmModelEx.F90, line 806
20220718 014236.867 INFO             PET3 Finalizing ESMF
