build time -- 2022-07-03 06:14:30
20220703 064342.194 INFO             PET0 !!!!!!!!!!!!!!!!!!!!!!!!!!!!!!!!!!!!!!!!!!!!!!!!!!!!!!
20220703 064342.194 INFO             PET0 !!! THE ESMF_LOG IS SET TO OUTPUT ALL LOG MESSAGES !!!
20220703 064342.194 INFO             PET0 !!!     THIS MAY CAUSE SLOWDOWN IN PERFORMANCE     !!!
20220703 064342.194 INFO             PET0 !!! FOR PRODUCTION RUNS, USE:                      !!!
20220703 064342.194 INFO             PET0 !!!                   ESMF_LOGKIND_Multi_On_Error  !!!
20220703 064342.194 INFO             PET0 !!!!!!!!!!!!!!!!!!!!!!!!!!!!!!!!!!!!!!!!!!!!!!!!!!!!!!
20220703 064342.194 INFO             PET0 Running with ESMF Version   : v8.4.0b02-7-g9328c9b05f
20220703 064342.194 INFO             PET0 ESMF library build date/time: "Jul  3 2022" "06:12:41"
20220703 064342.194 INFO             PET0 ESMF library build location : /scratch1/NCEPDEV/stmp2/role.esmfmaint/intel_18.0.5b_intelmpi_g_develop
20220703 064342.194 INFO             PET0 ESMF_COMM                   : intelmpi
20220703 064342.195 INFO             PET0 ESMF_MOAB                   : enabled
20220703 064342.195 INFO             PET0 ESMF_LAPACK                 : enabled
20220703 064342.195 INFO             PET0 ESMF_NETCDF                 : enabled
20220703 064342.195 INFO             PET0 ESMF_PNETCDF                : disabled
20220703 064342.195 INFO             PET0 ESMF_PIO                    : enabled
20220703 064342.195 INFO             PET0 ESMF_YAMLCPP                : enabled
20220703 064342.195 INFO             PET0 Log Write 2
20220703 064342.195 ERROR            PET0 Invalid object  - Convergence failure
20220703 064342.196 ERROR            PET0 ESMCI_Fraction.C:1444 ESMCI::Fraction::validate() must have non-zero denominator.
20220703 064342.196 ERROR            PET0 ESMCI_Time.C:838 ESMCI::Time::syncToRealTime() Wrong argument specified  - ; calkindflag is JULIANDAY, MODJULIANDAY or NOCALENDAR.
20220703 064342.196 ERROR            PET0 ESMF_Time.F90:1485 ESMF_TimeSyncToRealTime() Wrong argument specified  - Internal subroutine call returned Error
20220703 064342.196 ERROR            PET0 Wrong argument specified  - getting wall clock time
20220703 064342.197 INFO             PET0  NUMBER_OF_PROCESSORS           4
20220703 064342.197 INFO             PET0  PASS  Example ESMF_LogErrEx, ESMF_LogErrEx.F90, line 186
20220703 064342.197 INFO             PET0 Finalizing ESMF
20220703 064342.194 INFO             PET1 !!!!!!!!!!!!!!!!!!!!!!!!!!!!!!!!!!!!!!!!!!!!!!!!!!!!!!
20220703 064342.194 INFO             PET1 !!! THE ESMF_LOG IS SET TO OUTPUT ALL LOG MESSAGES !!!
20220703 064342.194 INFO             PET1 !!!     THIS MAY CAUSE SLOWDOWN IN PERFORMANCE     !!!
20220703 064342.194 INFO             PET1 !!! FOR PRODUCTION RUNS, USE:                      !!!
20220703 064342.194 INFO             PET1 !!!                   ESMF_LOGKIND_Multi_On_Error  !!!
20220703 064342.194 INFO             PET1 !!!!!!!!!!!!!!!!!!!!!!!!!!!!!!!!!!!!!!!!!!!!!!!!!!!!!!
20220703 064342.194 INFO             PET1 Running with ESMF Version   : v8.4.0b02-7-g9328c9b05f
20220703 064342.194 INFO             PET1 ESMF library build date/time: "Jul  3 2022" "06:12:41"
20220703 064342.194 INFO             PET1 ESMF library build location : /scratch1/NCEPDEV/stmp2/role.esmfmaint/intel_18.0.5b_intelmpi_g_develop
20220703 064342.194 INFO             PET1 ESMF_COMM                   : intelmpi
20220703 064342.195 INFO             PET1 ESMF_MOAB                   : enabled
20220703 064342.195 INFO             PET1 ESMF_LAPACK                 : enabled
20220703 064342.195 INFO             PET1 ESMF_NETCDF                 : enabled
20220703 064342.195 INFO             PET1 ESMF_PNETCDF                : disabled
20220703 064342.195 INFO             PET1 ESMF_PIO                    : enabled
20220703 064342.195 INFO             PET1 ESMF_YAMLCPP                : enabled
20220703 064342.195 INFO             PET1 Log Write 2
20220703 064342.195 ERROR            PET1 Invalid object  - Convergence failure
20220703 064342.195 ERROR            PET1 ESMCI_Fraction.C:1444 ESMCI::Fraction::validate() must have non-zero denominator.
20220703 064342.196 ERROR            PET1 ESMCI_Time.C:838 ESMCI::Time::syncToRealTime() Wrong argument specified  - ; calkindflag is JULIANDAY, MODJULIANDAY or NOCALENDAR.
20220703 064342.196 ERROR            PET1 ESMF_Time.F90:1485 ESMF_TimeSyncToRealTime() Wrong argument specified  - Internal subroutine call returned Error
20220703 064342.196 ERROR            PET1 Wrong argument specified  - getting wall clock time
20220703 064342.198 INFO             PET1  NUMBER_OF_PROCESSORS           4
20220703 064342.198 INFO             PET1  PASS  Example ESMF_LogErrEx, ESMF_LogErrEx.F90, line 186
20220703 064342.198 INFO             PET1 Finalizing ESMF
20220703 064342.193 INFO             PET2 !!!!!!!!!!!!!!!!!!!!!!!!!!!!!!!!!!!!!!!!!!!!!!!!!!!!!!
20220703 064342.194 INFO             PET2 !!! THE ESMF_LOG IS SET TO OUTPUT ALL LOG MESSAGES !!!
20220703 064342.194 INFO             PET2 !!!     THIS MAY CAUSE SLOWDOWN IN PERFORMANCE     !!!
20220703 064342.194 INFO             PET2 !!! FOR PRODUCTION RUNS, USE:                      !!!
20220703 064342.194 INFO             PET2 !!!                   ESMF_LOGKIND_Multi_On_Error  !!!
20220703 064342.194 INFO             PET2 !!!!!!!!!!!!!!!!!!!!!!!!!!!!!!!!!!!!!!!!!!!!!!!!!!!!!!
20220703 064342.194 INFO             PET2 Running with ESMF Version   : v8.4.0b02-7-g9328c9b05f
20220703 064342.194 INFO             PET2 ESMF library build date/time: "Jul  3 2022" "06:12:41"
20220703 064342.194 INFO             PET2 ESMF library build location : /scratch1/NCEPDEV/stmp2/role.esmfmaint/intel_18.0.5b_intelmpi_g_develop
20220703 064342.194 INFO             PET2 ESMF_COMM                   : intelmpi
20220703 064342.195 INFO             PET2 ESMF_MOAB                   : enabled
20220703 064342.195 INFO             PET2 ESMF_LAPACK                 : enabled
20220703 064342.195 INFO             PET2 ESMF_NETCDF                 : enabled
20220703 064342.195 INFO             PET2 ESMF_PNETCDF                : disabled
20220703 064342.195 INFO             PET2 ESMF_PIO                    : enabled
20220703 064342.195 INFO             PET2 ESMF_YAMLCPP                : enabled
20220703 064342.195 INFO             PET2 Log Write 2
20220703 064342.195 ERROR            PET2 Invalid object  - Convergence failure
20220703 064342.195 ERROR            PET2 ESMCI_Fraction.C:1444 ESMCI::Fraction::validate() must have non-zero denominator.
20220703 064342.196 ERROR            PET2 ESMCI_Time.C:838 ESMCI::Time::syncToRealTime() Wrong argument specified  - ; calkindflag is JULIANDAY, MODJULIANDAY or NOCALENDAR.
20220703 064342.196 ERROR            PET2 ESMF_Time.F90:1485 ESMF_TimeSyncToRealTime() Wrong argument specified  - Internal subroutine call returned Error
20220703 064342.196 ERROR            PET2 Wrong argument specified  - getting wall clock time
20220703 064342.198 INFO             PET2  NUMBER_OF_PROCESSORS           4
20220703 064342.198 INFO             PET2  PASS  Example ESMF_LogErrEx, ESMF_LogErrEx.F90, line 186
20220703 064342.198 INFO             PET2 Finalizing ESMF
20220703 064342.194 INFO             PET3 !!!!!!!!!!!!!!!!!!!!!!!!!!!!!!!!!!!!!!!!!!!!!!!!!!!!!!
20220703 064342.194 INFO             PET3 !!! THE ESMF_LOG IS SET TO OUTPUT ALL LOG MESSAGES !!!
20220703 064342.194 INFO             PET3 !!!     THIS MAY CAUSE SLOWDOWN IN PERFORMANCE     !!!
20220703 064342.194 INFO             PET3 !!! FOR PRODUCTION RUNS, USE:                      !!!
20220703 064342.194 INFO             PET3 !!!                   ESMF_LOGKIND_Multi_On_Error  !!!
20220703 064342.194 INFO             PET3 !!!!!!!!!!!!!!!!!!!!!!!!!!!!!!!!!!!!!!!!!!!!!!!!!!!!!!
20220703 064342.194 INFO             PET3 Running with ESMF Version   : v8.4.0b02-7-g9328c9b05f
20220703 064342.194 INFO             PET3 ESMF library build date/time: "Jul  3 2022" "06:12:41"
20220703 064342.194 INFO             PET3 ESMF library build location : /scratch1/NCEPDEV/stmp2/role.esmfmaint/intel_18.0.5b_intelmpi_g_develop
20220703 064342.194 INFO             PET3 ESMF_COMM                   : intelmpi
20220703 064342.195 INFO             PET3 ESMF_MOAB                   : enabled
20220703 064342.195 INFO             PET3 ESMF_LAPACK                 : enabled
20220703 064342.195 INFO             PET3 ESMF_NETCDF                 : enabled
20220703 064342.195 INFO             PET3 ESMF_PNETCDF                : disabled
20220703 064342.195 INFO             PET3 ESMF_PIO                    : enabled
20220703 064342.195 INFO             PET3 ESMF_YAMLCPP                : enabled
20220703 064342.195 INFO             PET3 Log Write 2
20220703 064342.195 ERROR            PET3 Invalid object  - Convergence failure
20220703 064342.195 ERROR            PET3 ESMCI_Fraction.C:1444 ESMCI::Fraction::validate() must have non-zero denominator.
20220703 064342.196 ERROR            PET3 ESMCI_Time.C:838 ESMCI::Time::syncToRealTime() Wrong argument specified  - ; calkindflag is JULIANDAY, MODJULIANDAY or NOCALENDAR.
20220703 064342.196 ERROR            PET3 ESMF_Time.F90:1485 ESMF_TimeSyncToRealTime() Wrong argument specified  - Internal subroutine call returned Error
20220703 064342.196 ERROR            PET3 Wrong argument specified  - getting wall clock time
20220703 064342.197 INFO             PET3  NUMBER_OF_PROCESSORS           4
20220703 064342.197 INFO             PET3  PASS  Example ESMF_LogErrEx, ESMF_LogErrEx.F90, line 186
20220703 064342.197 INFO             PET3 Finalizing ESMF
