build time -- 2022-06-24 06:19:20
20220624 064947.684 INFO             PET0 !!!!!!!!!!!!!!!!!!!!!!!!!!!!!!!!!!!!!!!!!!!!!!!!!!!!!!
20220624 064947.684 INFO             PET0 !!! THE ESMF_LOG IS SET TO OUTPUT ALL LOG MESSAGES !!!
20220624 064947.684 INFO             PET0 !!!     THIS MAY CAUSE SLOWDOWN IN PERFORMANCE     !!!
20220624 064947.684 INFO             PET0 !!! FOR PRODUCTION RUNS, USE:                      !!!
20220624 064947.684 INFO             PET0 !!!                   ESMF_LOGKIND_Multi_On_Error  !!!
20220624 064947.684 INFO             PET0 !!!!!!!!!!!!!!!!!!!!!!!!!!!!!!!!!!!!!!!!!!!!!!!!!!!!!!
20220624 064947.684 INFO             PET0 Running with ESMF Version   : v8.4.0b01-2-gf0d4ab211d
20220624 064947.684 INFO             PET0 ESMF library build date/time: "Jun 24 2022" "06:17:31"
20220624 064947.684 INFO             PET0 ESMF library build location : /scratch1/NCEPDEV/stmp2/role.esmfmaint/intel_18.0.5b_intelmpi_g_develop
20220624 064947.684 INFO             PET0 ESMF_COMM                   : intelmpi
20220624 064947.685 INFO             PET0 ESMF_MOAB                   : enabled
20220624 064947.685 INFO             PET0 ESMF_LAPACK                 : enabled
20220624 064947.685 INFO             PET0 ESMF_NETCDF                 : enabled
20220624 064947.685 INFO             PET0 ESMF_PNETCDF                : disabled
20220624 064947.685 INFO             PET0 ESMF_PIO                    : enabled
20220624 064947.685 INFO             PET0 ESMF_YAMLCPP                : enabled
20220624 064947.688 INFO             PET0 ESMF_FieldRedistStoreNF(): Just entered routine.
20220624 064947.690 INFO             PET0 ESMF_FieldRedistStoreNF(): Leaving routine.
20220624 064947.695 INFO             PET0 ESMF_FieldRedistStoreNF(): Just entered routine.
20220624 064947.696 INFO             PET0 ESMF_FieldRedistStoreNF(): Leaving routine.
20220624 064947.696 INFO             PET0 ESMF_FieldRedistStoreNF(): Just entered routine.
20220624 064947.697 INFO             PET0 ESMF_FieldRedistStoreNF(): Leaving routine.
20220624 064947.697 INFO             PET0  NUMBER_OF_PROCESSORS           4
20220624 064947.697 INFO             PET0  PASS  Example ESMF_FieldRedistEx, ESMF_FieldRedistEx.F90, line 521
20220624 064947.698 INFO             PET0 Finalizing ESMF
20220624 064947.682 INFO             PET1 !!!!!!!!!!!!!!!!!!!!!!!!!!!!!!!!!!!!!!!!!!!!!!!!!!!!!!
20220624 064947.683 INFO             PET1 !!! THE ESMF_LOG IS SET TO OUTPUT ALL LOG MESSAGES !!!
20220624 064947.683 INFO             PET1 !!!     THIS MAY CAUSE SLOWDOWN IN PERFORMANCE     !!!
20220624 064947.683 INFO             PET1 !!! FOR PRODUCTION RUNS, USE:                      !!!
20220624 064947.683 INFO             PET1 !!!                   ESMF_LOGKIND_Multi_On_Error  !!!
20220624 064947.683 INFO             PET1 !!!!!!!!!!!!!!!!!!!!!!!!!!!!!!!!!!!!!!!!!!!!!!!!!!!!!!
20220624 064947.683 INFO             PET1 Running with ESMF Version   : v8.4.0b01-2-gf0d4ab211d
20220624 064947.683 INFO             PET1 ESMF library build date/time: "Jun 24 2022" "06:17:31"
20220624 064947.683 INFO             PET1 ESMF library build location : /scratch1/NCEPDEV/stmp2/role.esmfmaint/intel_18.0.5b_intelmpi_g_develop
20220624 064947.683 INFO             PET1 ESMF_COMM                   : intelmpi
20220624 064947.684 INFO             PET1 ESMF_MOAB                   : enabled
20220624 064947.684 INFO             PET1 ESMF_LAPACK                 : enabled
20220624 064947.684 INFO             PET1 ESMF_NETCDF                 : enabled
20220624 064947.684 INFO             PET1 ESMF_PNETCDF                : disabled
20220624 064947.684 INFO             PET1 ESMF_PIO                    : enabled
20220624 064947.684 INFO             PET1 ESMF_YAMLCPP                : enabled
20220624 064947.688 INFO             PET1 ESMF_FieldRedistStoreNF(): Just entered routine.
20220624 064947.690 INFO             PET1 ESMF_FieldRedistStoreNF(): Leaving routine.
20220624 064947.695 INFO             PET1 ESMF_FieldRedistStoreNF(): Just entered routine.
20220624 064947.696 INFO             PET1 ESMF_FieldRedistStoreNF(): Leaving routine.
20220624 064947.696 INFO             PET1 ESMF_FieldRedistStoreNF(): Just entered routine.
20220624 064947.697 INFO             PET1 ESMF_FieldRedistStoreNF(): Leaving routine.
20220624 064947.697 INFO             PET1  NUMBER_OF_PROCESSORS           4
20220624 064947.698 INFO             PET1  PASS  Example ESMF_FieldRedistEx, ESMF_FieldRedistEx.F90, line 521
20220624 064947.698 INFO             PET1 Finalizing ESMF
20220624 064947.684 INFO             PET2 !!!!!!!!!!!!!!!!!!!!!!!!!!!!!!!!!!!!!!!!!!!!!!!!!!!!!!
20220624 064947.684 INFO             PET2 !!! THE ESMF_LOG IS SET TO OUTPUT ALL LOG MESSAGES !!!
20220624 064947.684 INFO             PET2 !!!     THIS MAY CAUSE SLOWDOWN IN PERFORMANCE     !!!
20220624 064947.684 INFO             PET2 !!! FOR PRODUCTION RUNS, USE:                      !!!
20220624 064947.684 INFO             PET2 !!!                   ESMF_LOGKIND_Multi_On_Error  !!!
20220624 064947.684 INFO             PET2 !!!!!!!!!!!!!!!!!!!!!!!!!!!!!!!!!!!!!!!!!!!!!!!!!!!!!!
20220624 064947.684 INFO             PET2 Running with ESMF Version   : v8.4.0b01-2-gf0d4ab211d
20220624 064947.684 INFO             PET2 ESMF library build date/time: "Jun 24 2022" "06:17:31"
20220624 064947.684 INFO             PET2 ESMF library build location : /scratch1/NCEPDEV/stmp2/role.esmfmaint/intel_18.0.5b_intelmpi_g_develop
20220624 064947.684 INFO             PET2 ESMF_COMM                   : intelmpi
20220624 064947.685 INFO             PET2 ESMF_MOAB                   : enabled
20220624 064947.685 INFO             PET2 ESMF_LAPACK                 : enabled
20220624 064947.685 INFO             PET2 ESMF_NETCDF                 : enabled
20220624 064947.685 INFO             PET2 ESMF_PNETCDF                : disabled
20220624 064947.685 INFO             PET2 ESMF_PIO                    : enabled
20220624 064947.685 INFO             PET2 ESMF_YAMLCPP                : enabled
20220624 064947.688 INFO             PET2 ESMF_FieldRedistStoreNF(): Just entered routine.
20220624 064947.690 INFO             PET2 ESMF_FieldRedistStoreNF(): Leaving routine.
20220624 064947.695 INFO             PET2 ESMF_FieldRedistStoreNF(): Just entered routine.
20220624 064947.696 INFO             PET2 ESMF_FieldRedistStoreNF(): Leaving routine.
20220624 064947.696 INFO             PET2 ESMF_FieldRedistStoreNF(): Just entered routine.
20220624 064947.697 INFO             PET2 ESMF_FieldRedistStoreNF(): Leaving routine.
20220624 064947.697 INFO             PET2  NUMBER_OF_PROCESSORS           4
20220624 064947.697 INFO             PET2  PASS  Example ESMF_FieldRedistEx, ESMF_FieldRedistEx.F90, line 521
20220624 064947.697 INFO             PET2 Finalizing ESMF
20220624 064947.683 INFO             PET3 !!!!!!!!!!!!!!!!!!!!!!!!!!!!!!!!!!!!!!!!!!!!!!!!!!!!!!
20220624 064947.683 INFO             PET3 !!! THE ESMF_LOG IS SET TO OUTPUT ALL LOG MESSAGES !!!
20220624 064947.683 INFO             PET3 !!!     THIS MAY CAUSE SLOWDOWN IN PERFORMANCE     !!!
20220624 064947.683 INFO             PET3 !!! FOR PRODUCTION RUNS, USE:                      !!!
20220624 064947.683 INFO             PET3 !!!                   ESMF_LOGKIND_Multi_On_Error  !!!
20220624 064947.683 INFO             PET3 !!!!!!!!!!!!!!!!!!!!!!!!!!!!!!!!!!!!!!!!!!!!!!!!!!!!!!
20220624 064947.683 INFO             PET3 Running with ESMF Version   : v8.4.0b01-2-gf0d4ab211d
20220624 064947.683 INFO             PET3 ESMF library build date/time: "Jun 24 2022" "06:17:31"
20220624 064947.683 INFO             PET3 ESMF library build location : /scratch1/NCEPDEV/stmp2/role.esmfmaint/intel_18.0.5b_intelmpi_g_develop
20220624 064947.683 INFO             PET3 ESMF_COMM                   : intelmpi
20220624 064947.684 INFO             PET3 ESMF_MOAB                   : enabled
20220624 064947.684 INFO             PET3 ESMF_LAPACK                 : enabled
20220624 064947.684 INFO             PET3 ESMF_NETCDF                 : enabled
20220624 064947.684 INFO             PET3 ESMF_PNETCDF                : disabled
20220624 064947.684 INFO             PET3 ESMF_PIO                    : enabled
20220624 064947.684 INFO             PET3 ESMF_YAMLCPP                : enabled
20220624 064947.688 INFO             PET3 ESMF_FieldRedistStoreNF(): Just entered routine.
20220624 064947.690 INFO             PET3 ESMF_FieldRedistStoreNF(): Leaving routine.
20220624 064947.695 INFO             PET3 ESMF_FieldRedistStoreNF(): Just entered routine.
20220624 064947.696 INFO             PET3 ESMF_FieldRedistStoreNF(): Leaving routine.
20220624 064947.696 INFO             PET3 ESMF_FieldRedistStoreNF(): Just entered routine.
20220624 064947.697 INFO             PET3 ESMF_FieldRedistStoreNF(): Leaving routine.
20220624 064947.697 INFO             PET3  NUMBER_OF_PROCESSORS           4
20220624 064947.697 INFO             PET3  PASS  Example ESMF_FieldRedistEx, ESMF_FieldRedistEx.F90, line 521
20220624 064947.697 INFO             PET3 Finalizing ESMF
