build time -- 2022-06-09 06:20:40
20220609 065106.975 INFO             PET0 !!!!!!!!!!!!!!!!!!!!!!!!!!!!!!!!!!!!!!!!!!!!!!!!!!!!!!
20220609 065106.975 INFO             PET0 !!! THE ESMF_LOG IS SET TO OUTPUT ALL LOG MESSAGES !!!
20220609 065106.975 INFO             PET0 !!!     THIS MAY CAUSE SLOWDOWN IN PERFORMANCE     !!!
20220609 065106.975 INFO             PET0 !!! FOR PRODUCTION RUNS, USE:                      !!!
20220609 065106.975 INFO             PET0 !!!                   ESMF_LOGKIND_Multi_On_Error  !!!
20220609 065106.975 INFO             PET0 !!!!!!!!!!!!!!!!!!!!!!!!!!!!!!!!!!!!!!!!!!!!!!!!!!!!!!
20220609 065106.975 INFO             PET0 Running with ESMF Version   : v8.4.0b01-2-gf0d4ab211d
20220609 065106.975 INFO             PET0 ESMF library build date/time: "Jun  9 2022" "06:18:51"
20220609 065106.975 INFO             PET0 ESMF library build location : /scratch1/NCEPDEV/stmp2/role.esmfmaint/intel_18.0.5b_intelmpi_g_develop
20220609 065106.975 INFO             PET0 ESMF_COMM                   : intelmpi
20220609 065106.976 INFO             PET0 ESMF_MOAB                   : enabled
20220609 065106.976 INFO             PET0 ESMF_LAPACK                 : enabled
20220609 065106.976 INFO             PET0 ESMF_NETCDF                 : enabled
20220609 065106.976 INFO             PET0 ESMF_PNETCDF                : disabled
20220609 065106.976 INFO             PET0 ESMF_PIO                    : enabled
20220609 065106.976 INFO             PET0 ESMF_YAMLCPP                : enabled
20220609 065106.976 INFO             PET0  NUMBER_OF_PROCESSORS           2
20220609 065106.976 INFO             PET0  PASS  Example ESMF_VMUserMpiCommEx, ESMF_VMUserMpiCommEx.F90, line 113
20220609 065106.976 INFO             PET0 Finalizing ESMF
20220609 065106.974 INFO             PET1 !!!!!!!!!!!!!!!!!!!!!!!!!!!!!!!!!!!!!!!!!!!!!!!!!!!!!!
20220609 065106.974 INFO             PET1 !!! THE ESMF_LOG IS SET TO OUTPUT ALL LOG MESSAGES !!!
20220609 065106.974 INFO             PET1 !!!     THIS MAY CAUSE SLOWDOWN IN PERFORMANCE     !!!
20220609 065106.974 INFO             PET1 !!! FOR PRODUCTION RUNS, USE:                      !!!
20220609 065106.974 INFO             PET1 !!!                   ESMF_LOGKIND_Multi_On_Error  !!!
20220609 065106.974 INFO             PET1 !!!!!!!!!!!!!!!!!!!!!!!!!!!!!!!!!!!!!!!!!!!!!!!!!!!!!!
20220609 065106.974 INFO             PET1 Running with ESMF Version   : v8.4.0b01-2-gf0d4ab211d
20220609 065106.974 INFO             PET1 ESMF library build date/time: "Jun  9 2022" "06:18:51"
20220609 065106.974 INFO             PET1 ESMF library build location : /scratch1/NCEPDEV/stmp2/role.esmfmaint/intel_18.0.5b_intelmpi_g_develop
20220609 065106.974 INFO             PET1 ESMF_COMM                   : intelmpi
20220609 065106.975 INFO             PET1 ESMF_MOAB                   : enabled
20220609 065106.975 INFO             PET1 ESMF_LAPACK                 : enabled
20220609 065106.975 INFO             PET1 ESMF_NETCDF                 : enabled
20220609 065106.975 INFO             PET1 ESMF_PNETCDF                : disabled
20220609 065106.975 INFO             PET1 ESMF_PIO                    : enabled
20220609 065106.975 INFO             PET1 ESMF_YAMLCPP                : enabled
20220609 065106.976 INFO             PET1  NUMBER_OF_PROCESSORS           2
20220609 065106.976 INFO             PET1  PASS  Example ESMF_VMUserMpiCommEx, ESMF_VMUserMpiCommEx.F90, line 113
20220609 065106.976 INFO             PET1 Finalizing ESMF
