build time -- 2022-07-08 01:10:22.035680
20220708 013230.280 INFO             PET0 !!!!!!!!!!!!!!!!!!!!!!!!!!!!!!!!!!!!!!!!!!!!!!!!!!!!!!
20220708 013230.280 INFO             PET0 !!! THE ESMF_LOG IS SET TO OUTPUT ALL LOG MESSAGES !!!
20220708 013230.280 INFO             PET0 !!!     THIS MAY CAUSE SLOWDOWN IN PERFORMANCE     !!!
20220708 013230.280 INFO             PET0 !!! FOR PRODUCTION RUNS, USE:                      !!!
20220708 013230.280 INFO             PET0 !!!                   ESMF_LOGKIND_Multi_On_Error  !!!
20220708 013230.280 INFO             PET0 !!!!!!!!!!!!!!!!!!!!!!!!!!!!!!!!!!!!!!!!!!!!!!!!!!!!!!
20220708 013230.280 INFO             PET0 Running with ESMF Version   : v8.4.0b03-3-g14a79d558f
20220708 013230.280 INFO             PET0 ESMF library build date/time: "Jul  8 2022" "01:09:05"
20220708 013230.280 INFO             PET0 ESMF library build location : /gpfsm/dnb04/projects/p98/mpotts/esmf/gfortran_10.1.0_intelmpi_O_develop
20220708 013230.280 INFO             PET0 ESMF_COMM                   : intelmpi
20220708 013230.280 INFO             PET0 ESMF_MOAB                   : enabled
20220708 013230.280 INFO             PET0 ESMF_LAPACK                 : enabled
20220708 013230.280 INFO             PET0 ESMF_NETCDF                 : disabled
20220708 013230.280 INFO             PET0 ESMF_PNETCDF                : disabled
20220708 013230.280 INFO             PET0 ESMF_PIO                    : disabled
20220708 013230.280 INFO             PET0 ESMF_YAMLCPP                : enabled
20220708 013230.282 INFO             PET0 ESMF_FieldRedistStoreNF(): Just entered routine.
20220708 013230.318 INFO             PET0 ESMF_FieldRedistStoreNF(): Leaving routine.
20220708 013230.327 INFO             PET0  NUMBER_OF_PROCESSORS           4
20220708 013230.327 INFO             PET0  PASS  Example ESMF_RHandleFromFileEx, ESMF_RHandleFromFileEx.F90, line 192
20220708 013230.327 INFO             PET0 Finalizing ESMF
20220708 013230.280 INFO             PET1 !!!!!!!!!!!!!!!!!!!!!!!!!!!!!!!!!!!!!!!!!!!!!!!!!!!!!!
20220708 013230.280 INFO             PET1 !!! THE ESMF_LOG IS SET TO OUTPUT ALL LOG MESSAGES !!!
20220708 013230.280 INFO             PET1 !!!     THIS MAY CAUSE SLOWDOWN IN PERFORMANCE     !!!
20220708 013230.280 INFO             PET1 !!! FOR PRODUCTION RUNS, USE:                      !!!
20220708 013230.280 INFO             PET1 !!!                   ESMF_LOGKIND_Multi_On_Error  !!!
20220708 013230.280 INFO             PET1 !!!!!!!!!!!!!!!!!!!!!!!!!!!!!!!!!!!!!!!!!!!!!!!!!!!!!!
20220708 013230.280 INFO             PET1 Running with ESMF Version   : v8.4.0b03-3-g14a79d558f
20220708 013230.280 INFO             PET1 ESMF library build date/time: "Jul  8 2022" "01:09:05"
20220708 013230.280 INFO             PET1 ESMF library build location : /gpfsm/dnb04/projects/p98/mpotts/esmf/gfortran_10.1.0_intelmpi_O_develop
20220708 013230.280 INFO             PET1 ESMF_COMM                   : intelmpi
20220708 013230.280 INFO             PET1 ESMF_MOAB                   : enabled
20220708 013230.280 INFO             PET1 ESMF_LAPACK                 : enabled
20220708 013230.280 INFO             PET1 ESMF_NETCDF                 : disabled
20220708 013230.280 INFO             PET1 ESMF_PNETCDF                : disabled
20220708 013230.280 INFO             PET1 ESMF_PIO                    : disabled
20220708 013230.280 INFO             PET1 ESMF_YAMLCPP                : enabled
20220708 013230.282 INFO             PET1 ESMF_FieldRedistStoreNF(): Just entered routine.
20220708 013230.318 INFO             PET1 ESMF_FieldRedistStoreNF(): Leaving routine.
20220708 013230.327 INFO             PET1  NUMBER_OF_PROCESSORS           4
20220708 013230.327 INFO             PET1  PASS  Example ESMF_RHandleFromFileEx, ESMF_RHandleFromFileEx.F90, line 192
20220708 013230.327 INFO             PET1 Finalizing ESMF
20220708 013230.280 INFO             PET2 !!!!!!!!!!!!!!!!!!!!!!!!!!!!!!!!!!!!!!!!!!!!!!!!!!!!!!
20220708 013230.280 INFO             PET2 !!! THE ESMF_LOG IS SET TO OUTPUT ALL LOG MESSAGES !!!
20220708 013230.280 INFO             PET2 !!!     THIS MAY CAUSE SLOWDOWN IN PERFORMANCE     !!!
20220708 013230.280 INFO             PET2 !!! FOR PRODUCTION RUNS, USE:                      !!!
20220708 013230.280 INFO             PET2 !!!                   ESMF_LOGKIND_Multi_On_Error  !!!
20220708 013230.280 INFO             PET2 !!!!!!!!!!!!!!!!!!!!!!!!!!!!!!!!!!!!!!!!!!!!!!!!!!!!!!
20220708 013230.280 INFO             PET2 Running with ESMF Version   : v8.4.0b03-3-g14a79d558f
20220708 013230.280 INFO             PET2 ESMF library build date/time: "Jul  8 2022" "01:09:05"
20220708 013230.280 INFO             PET2 ESMF library build location : /gpfsm/dnb04/projects/p98/mpotts/esmf/gfortran_10.1.0_intelmpi_O_develop
20220708 013230.280 INFO             PET2 ESMF_COMM                   : intelmpi
20220708 013230.281 INFO             PET2 ESMF_MOAB                   : enabled
20220708 013230.281 INFO             PET2 ESMF_LAPACK                 : enabled
20220708 013230.281 INFO             PET2 ESMF_NETCDF                 : disabled
20220708 013230.281 INFO             PET2 ESMF_PNETCDF                : disabled
20220708 013230.281 INFO             PET2 ESMF_PIO                    : disabled
20220708 013230.281 INFO             PET2 ESMF_YAMLCPP                : enabled
20220708 013230.282 INFO             PET2 ESMF_FieldRedistStoreNF(): Just entered routine.
20220708 013230.318 INFO             PET2 ESMF_FieldRedistStoreNF(): Leaving routine.
20220708 013230.327 INFO             PET2  NUMBER_OF_PROCESSORS           4
20220708 013230.327 INFO             PET2  PASS  Example ESMF_RHandleFromFileEx, ESMF_RHandleFromFileEx.F90, line 192
20220708 013230.327 INFO             PET2 Finalizing ESMF
20220708 013230.280 INFO             PET3 !!!!!!!!!!!!!!!!!!!!!!!!!!!!!!!!!!!!!!!!!!!!!!!!!!!!!!
20220708 013230.280 INFO             PET3 !!! THE ESMF_LOG IS SET TO OUTPUT ALL LOG MESSAGES !!!
20220708 013230.280 INFO             PET3 !!!     THIS MAY CAUSE SLOWDOWN IN PERFORMANCE     !!!
20220708 013230.280 INFO             PET3 !!! FOR PRODUCTION RUNS, USE:                      !!!
20220708 013230.280 INFO             PET3 !!!                   ESMF_LOGKIND_Multi_On_Error  !!!
20220708 013230.280 INFO             PET3 !!!!!!!!!!!!!!!!!!!!!!!!!!!!!!!!!!!!!!!!!!!!!!!!!!!!!!
20220708 013230.280 INFO             PET3 Running with ESMF Version   : v8.4.0b03-3-g14a79d558f
20220708 013230.280 INFO             PET3 ESMF library build date/time: "Jul  8 2022" "01:09:05"
20220708 013230.280 INFO             PET3 ESMF library build location : /gpfsm/dnb04/projects/p98/mpotts/esmf/gfortran_10.1.0_intelmpi_O_develop
20220708 013230.280 INFO             PET3 ESMF_COMM                   : intelmpi
20220708 013230.281 INFO             PET3 ESMF_MOAB                   : enabled
20220708 013230.281 INFO             PET3 ESMF_LAPACK                 : enabled
20220708 013230.281 INFO             PET3 ESMF_NETCDF                 : disabled
20220708 013230.281 INFO             PET3 ESMF_PNETCDF                : disabled
20220708 013230.281 INFO             PET3 ESMF_PIO                    : disabled
20220708 013230.281 INFO             PET3 ESMF_YAMLCPP                : enabled
20220708 013230.282 INFO             PET3 ESMF_FieldRedistStoreNF(): Just entered routine.
20220708 013230.318 INFO             PET3 ESMF_FieldRedistStoreNF(): Leaving routine.
20220708 013230.327 INFO             PET3  NUMBER_OF_PROCESSORS           4
20220708 013230.327 INFO             PET3  PASS  Example ESMF_RHandleFromFileEx, ESMF_RHandleFromFileEx.F90, line 192
20220708 013230.327 INFO             PET3 Finalizing ESMF
