build time -- 2022-06-21 01:08:33.721964
20220621 013226.397 INFO             PET0 !!!!!!!!!!!!!!!!!!!!!!!!!!!!!!!!!!!!!!!!!!!!!!!!!!!!!!
20220621 013226.397 INFO             PET0 !!! THE ESMF_LOG IS SET TO OUTPUT ALL LOG MESSAGES !!!
20220621 013226.397 INFO             PET0 !!!     THIS MAY CAUSE SLOWDOWN IN PERFORMANCE     !!!
20220621 013226.397 INFO             PET0 !!! FOR PRODUCTION RUNS, USE:                      !!!
20220621 013226.397 INFO             PET0 !!!                   ESMF_LOGKIND_Multi_On_Error  !!!
20220621 013226.397 INFO             PET0 !!!!!!!!!!!!!!!!!!!!!!!!!!!!!!!!!!!!!!!!!!!!!!!!!!!!!!
20220621 013226.397 INFO             PET0 Running with ESMF Version   : v8.4.0b01-2-gf0d4ab211d
20220621 013226.397 INFO             PET0 ESMF library build date/time: "Jun 21 2022" "01:07:18"
20220621 013226.397 INFO             PET0 ESMF library build location : /gpfsm/dnb04/projects/p98/mpotts/esmf/gfortran_10.1.0_intelmpi_O_develop
20220621 013226.397 INFO             PET0 ESMF_COMM                   : intelmpi
20220621 013226.398 INFO             PET0 ESMF_MOAB                   : enabled
20220621 013226.398 INFO             PET0 ESMF_LAPACK                 : enabled
20220621 013226.398 INFO             PET0 ESMF_NETCDF                 : disabled
20220621 013226.398 INFO             PET0 ESMF_PNETCDF                : disabled
20220621 013226.398 INFO             PET0 ESMF_PIO                    : disabled
20220621 013226.398 INFO             PET0 ESMF_YAMLCPP                : enabled
20220621 013226.433 DEBUG            PET0 about to destroy Grid: 0x8f8120
20220621 013226.436 DEBUG            PET0 about to destroy Grid: 0x8f93c0
20220621 013226.446 INFO             PET0  NUMBER_OF_PROCESSORS           4
20220621 013226.446 INFO             PET0  PASS  Example ESMF_NUOPCAtmModelEx, ESMF_NUOPCAtmModelEx.F90, line 806
20220621 013226.446 INFO             PET0 Finalizing ESMF
20220621 013226.397 INFO             PET1 !!!!!!!!!!!!!!!!!!!!!!!!!!!!!!!!!!!!!!!!!!!!!!!!!!!!!!
20220621 013226.397 INFO             PET1 !!! THE ESMF_LOG IS SET TO OUTPUT ALL LOG MESSAGES !!!
20220621 013226.397 INFO             PET1 !!!     THIS MAY CAUSE SLOWDOWN IN PERFORMANCE     !!!
20220621 013226.397 INFO             PET1 !!! FOR PRODUCTION RUNS, USE:                      !!!
20220621 013226.397 INFO             PET1 !!!                   ESMF_LOGKIND_Multi_On_Error  !!!
20220621 013226.397 INFO             PET1 !!!!!!!!!!!!!!!!!!!!!!!!!!!!!!!!!!!!!!!!!!!!!!!!!!!!!!
20220621 013226.397 INFO             PET1 Running with ESMF Version   : v8.4.0b01-2-gf0d4ab211d
20220621 013226.397 INFO             PET1 ESMF library build date/time: "Jun 21 2022" "01:07:18"
20220621 013226.397 INFO             PET1 ESMF library build location : /gpfsm/dnb04/projects/p98/mpotts/esmf/gfortran_10.1.0_intelmpi_O_develop
20220621 013226.397 INFO             PET1 ESMF_COMM                   : intelmpi
20220621 013226.397 INFO             PET1 ESMF_MOAB                   : enabled
20220621 013226.397 INFO             PET1 ESMF_LAPACK                 : enabled
20220621 013226.397 INFO             PET1 ESMF_NETCDF                 : disabled
20220621 013226.397 INFO             PET1 ESMF_PNETCDF                : disabled
20220621 013226.397 INFO             PET1 ESMF_PIO                    : disabled
20220621 013226.397 INFO             PET1 ESMF_YAMLCPP                : enabled
20220621 013226.433 DEBUG            PET1 about to destroy Grid: 0x8f8800
20220621 013226.436 DEBUG            PET1 about to destroy Grid: 0x8f9a40
20220621 013226.446 INFO             PET1  NUMBER_OF_PROCESSORS           4
20220621 013226.446 INFO             PET1  PASS  Example ESMF_NUOPCAtmModelEx, ESMF_NUOPCAtmModelEx.F90, line 806
20220621 013226.446 INFO             PET1 Finalizing ESMF
20220621 013226.397 INFO             PET2 !!!!!!!!!!!!!!!!!!!!!!!!!!!!!!!!!!!!!!!!!!!!!!!!!!!!!!
20220621 013226.397 INFO             PET2 !!! THE ESMF_LOG IS SET TO OUTPUT ALL LOG MESSAGES !!!
20220621 013226.397 INFO             PET2 !!!     THIS MAY CAUSE SLOWDOWN IN PERFORMANCE     !!!
20220621 013226.397 INFO             PET2 !!! FOR PRODUCTION RUNS, USE:                      !!!
20220621 013226.397 INFO             PET2 !!!                   ESMF_LOGKIND_Multi_On_Error  !!!
20220621 013226.397 INFO             PET2 !!!!!!!!!!!!!!!!!!!!!!!!!!!!!!!!!!!!!!!!!!!!!!!!!!!!!!
20220621 013226.398 INFO             PET2 Running with ESMF Version   : v8.4.0b01-2-gf0d4ab211d
20220621 013226.398 INFO             PET2 ESMF library build date/time: "Jun 21 2022" "01:07:18"
20220621 013226.398 INFO             PET2 ESMF library build location : /gpfsm/dnb04/projects/p98/mpotts/esmf/gfortran_10.1.0_intelmpi_O_develop
20220621 013226.398 INFO             PET2 ESMF_COMM                   : intelmpi
20220621 013226.398 INFO             PET2 ESMF_MOAB                   : enabled
20220621 013226.398 INFO             PET2 ESMF_LAPACK                 : enabled
20220621 013226.398 INFO             PET2 ESMF_NETCDF                 : disabled
20220621 013226.398 INFO             PET2 ESMF_PNETCDF                : disabled
20220621 013226.398 INFO             PET2 ESMF_PIO                    : disabled
20220621 013226.398 INFO             PET2 ESMF_YAMLCPP                : enabled
20220621 013226.433 DEBUG            PET2 about to destroy Grid: 0x8f8090
20220621 013226.436 DEBUG            PET2 about to destroy Grid: 0x8f95a0
20220621 013226.447 INFO             PET2  NUMBER_OF_PROCESSORS           4
20220621 013226.447 INFO             PET2  PASS  Example ESMF_NUOPCAtmModelEx, ESMF_NUOPCAtmModelEx.F90, line 806
20220621 013226.447 INFO             PET2 Finalizing ESMF
20220621 013226.398 INFO             PET3 !!!!!!!!!!!!!!!!!!!!!!!!!!!!!!!!!!!!!!!!!!!!!!!!!!!!!!
20220621 013226.398 INFO             PET3 !!! THE ESMF_LOG IS SET TO OUTPUT ALL LOG MESSAGES !!!
20220621 013226.398 INFO             PET3 !!!     THIS MAY CAUSE SLOWDOWN IN PERFORMANCE     !!!
20220621 013226.398 INFO             PET3 !!! FOR PRODUCTION RUNS, USE:                      !!!
20220621 013226.398 INFO             PET3 !!!                   ESMF_LOGKIND_Multi_On_Error  !!!
20220621 013226.398 INFO             PET3 !!!!!!!!!!!!!!!!!!!!!!!!!!!!!!!!!!!!!!!!!!!!!!!!!!!!!!
20220621 013226.398 INFO             PET3 Running with ESMF Version   : v8.4.0b01-2-gf0d4ab211d
20220621 013226.398 INFO             PET3 ESMF library build date/time: "Jun 21 2022" "01:07:18"
20220621 013226.398 INFO             PET3 ESMF library build location : /gpfsm/dnb04/projects/p98/mpotts/esmf/gfortran_10.1.0_intelmpi_O_develop
20220621 013226.398 INFO             PET3 ESMF_COMM                   : intelmpi
20220621 013226.398 INFO             PET3 ESMF_MOAB                   : enabled
20220621 013226.398 INFO             PET3 ESMF_LAPACK                 : enabled
20220621 013226.398 INFO             PET3 ESMF_NETCDF                 : disabled
20220621 013226.398 INFO             PET3 ESMF_PNETCDF                : disabled
20220621 013226.398 INFO             PET3 ESMF_PIO                    : disabled
20220621 013226.398 INFO             PET3 ESMF_YAMLCPP                : enabled
20220621 013226.433 DEBUG            PET3 about to destroy Grid: 0x8f8020
20220621 013226.436 DEBUG            PET3 about to destroy Grid: 0x8f9530
20220621 013226.446 INFO             PET3  NUMBER_OF_PROCESSORS           4
20220621 013226.446 INFO             PET3  PASS  Example ESMF_NUOPCAtmModelEx, ESMF_NUOPCAtmModelEx.F90, line 806
20220621 013226.446 INFO             PET3 Finalizing ESMF
