build time -- 2022-07-13 01:12:37.886397
20220713 013455.045 INFO             PET0 !!!!!!!!!!!!!!!!!!!!!!!!!!!!!!!!!!!!!!!!!!!!!!!!!!!!!!
20220713 013455.045 INFO             PET0 !!! THE ESMF_LOG IS SET TO OUTPUT ALL LOG MESSAGES !!!
20220713 013455.045 INFO             PET0 !!!     THIS MAY CAUSE SLOWDOWN IN PERFORMANCE     !!!
20220713 013455.045 INFO             PET0 !!! FOR PRODUCTION RUNS, USE:                      !!!
20220713 013455.045 INFO             PET0 !!!                   ESMF_LOGKIND_Multi_On_Error  !!!
20220713 013455.045 INFO             PET0 !!!!!!!!!!!!!!!!!!!!!!!!!!!!!!!!!!!!!!!!!!!!!!!!!!!!!!
20220713 013455.045 INFO             PET0 Running with ESMF Version   : v8.4.0b03-3-g14a79d558f
20220713 013455.045 INFO             PET0 ESMF library build date/time: "Jul 13 2022" "01:11:25"
20220713 013455.045 INFO             PET0 ESMF library build location : /gpfsm/dnb04/projects/p98/mpotts/esmf/gfortran_10.1.0_intelmpi_O_develop
20220713 013455.045 INFO             PET0 ESMF_COMM                   : intelmpi
20220713 013455.046 INFO             PET0 ESMF_MOAB                   : enabled
20220713 013455.046 INFO             PET0 ESMF_LAPACK                 : enabled
20220713 013455.046 INFO             PET0 ESMF_NETCDF                 : disabled
20220713 013455.046 INFO             PET0 ESMF_PNETCDF                : disabled
20220713 013455.046 INFO             PET0 ESMF_PIO                    : disabled
20220713 013455.046 INFO             PET0 ESMF_YAMLCPP                : enabled
20220713 013455.046 INFO             PET0  NUMBER_OF_PROCESSORS           2
20220713 013455.046 INFO             PET0  PASS  Example ESMF_VMUserMpiCommEx, ESMF_VMUserMpiCommEx.F90, line 113
20220713 013455.046 INFO             PET0 Finalizing ESMF
20220713 013455.045 INFO             PET1 !!!!!!!!!!!!!!!!!!!!!!!!!!!!!!!!!!!!!!!!!!!!!!!!!!!!!!
20220713 013455.045 INFO             PET1 !!! THE ESMF_LOG IS SET TO OUTPUT ALL LOG MESSAGES !!!
20220713 013455.045 INFO             PET1 !!!     THIS MAY CAUSE SLOWDOWN IN PERFORMANCE     !!!
20220713 013455.045 INFO             PET1 !!! FOR PRODUCTION RUNS, USE:                      !!!
20220713 013455.045 INFO             PET1 !!!                   ESMF_LOGKIND_Multi_On_Error  !!!
20220713 013455.046 INFO             PET1 !!!!!!!!!!!!!!!!!!!!!!!!!!!!!!!!!!!!!!!!!!!!!!!!!!!!!!
20220713 013455.046 INFO             PET1 Running with ESMF Version   : v8.4.0b03-3-g14a79d558f
20220713 013455.046 INFO             PET1 ESMF library build date/time: "Jul 13 2022" "01:11:25"
20220713 013455.046 INFO             PET1 ESMF library build location : /gpfsm/dnb04/projects/p98/mpotts/esmf/gfortran_10.1.0_intelmpi_O_develop
20220713 013455.046 INFO             PET1 ESMF_COMM                   : intelmpi
20220713 013455.046 INFO             PET1 ESMF_MOAB                   : enabled
20220713 013455.046 INFO             PET1 ESMF_LAPACK                 : enabled
20220713 013455.046 INFO             PET1 ESMF_NETCDF                 : disabled
20220713 013455.046 INFO             PET1 ESMF_PNETCDF                : disabled
20220713 013455.046 INFO             PET1 ESMF_PIO                    : disabled
20220713 013455.046 INFO             PET1 ESMF_YAMLCPP                : enabled
20220713 013455.046 INFO             PET1  NUMBER_OF_PROCESSORS           2
20220713 013455.046 INFO             PET1  PASS  Example ESMF_VMUserMpiCommEx, ESMF_VMUserMpiCommEx.F90, line 113
20220713 013455.046 INFO             PET1 Finalizing ESMF
