build time -- 2022-06-20 01:09:39.998719
20220620 013246.187 INFO             PET0 !!!!!!!!!!!!!!!!!!!!!!!!!!!!!!!!!!!!!!!!!!!!!!!!!!!!!!
20220620 013246.187 INFO             PET0 !!! THE ESMF_LOG IS SET TO OUTPUT ALL LOG MESSAGES !!!
20220620 013246.187 INFO             PET0 !!!     THIS MAY CAUSE SLOWDOWN IN PERFORMANCE     !!!
20220620 013246.187 INFO             PET0 !!! FOR PRODUCTION RUNS, USE:                      !!!
20220620 013246.187 INFO             PET0 !!!                   ESMF_LOGKIND_Multi_On_Error  !!!
20220620 013246.187 INFO             PET0 !!!!!!!!!!!!!!!!!!!!!!!!!!!!!!!!!!!!!!!!!!!!!!!!!!!!!!
20220620 013246.187 INFO             PET0 Running with ESMF Version   : v8.4.0b01-2-gf0d4ab211d
20220620 013246.187 INFO             PET0 ESMF library build date/time: "Jun 20 2022" "01:08:27"
20220620 013246.187 INFO             PET0 ESMF library build location : /gpfsm/dnb04/projects/p98/mpotts/esmf/gfortran_10.1.0_intelmpi_O_develop
20220620 013246.187 INFO             PET0 ESMF_COMM                   : intelmpi
20220620 013246.187 INFO             PET0 ESMF_MOAB                   : enabled
20220620 013246.187 INFO             PET0 ESMF_LAPACK                 : enabled
20220620 013246.187 INFO             PET0 ESMF_NETCDF                 : disabled
20220620 013246.187 INFO             PET0 ESMF_PNETCDF                : disabled
20220620 013246.187 INFO             PET0 ESMF_PIO                    : disabled
20220620 013246.187 INFO             PET0 ESMF_YAMLCPP                : enabled
20220620 013246.190 INFO             PET0  NUMBER_OF_PROCESSORS           1
20220620 013246.190 INFO             PET0  PASS  Example ESMF_XGridSparseMatEx, ESMF_XGridSparseMatEx.F90, line 642
20220620 013246.190 INFO             PET0 Finalizing ESMF
