build time -- 2022-07-05 00:27:38
20220705 015648.292 INFO             PET0 !!!!!!!!!!!!!!!!!!!!!!!!!!!!!!!!!!!!!!!!!!!!!!!!!!!!!!
20220705 015648.292 INFO             PET0 !!! THE ESMF_LOG IS SET TO OUTPUT ALL LOG MESSAGES !!!
20220705 015648.292 INFO             PET0 !!!     THIS MAY CAUSE SLOWDOWN IN PERFORMANCE     !!!
20220705 015648.292 INFO             PET0 !!! FOR PRODUCTION RUNS, USE:                      !!!
20220705 015648.292 INFO             PET0 !!!                   ESMF_LOGKIND_Multi_On_Error  !!!
20220705 015648.292 INFO             PET0 !!!!!!!!!!!!!!!!!!!!!!!!!!!!!!!!!!!!!!!!!!!!!!!!!!!!!!
20220705 015648.292 INFO             PET0 Running with ESMF Version   : v8.4.0b02-7-g9328c9b05f
20220705 015648.292 INFO             PET0 ESMF library build date/time: "Jul  5 2022" "00:25:49"
20220705 015648.292 INFO             PET0 ESMF library build location : /lustre/f2/dev/ncep/Mark.Potts/gfortran_8.3.0_mpiuni_O_develop
20220705 015648.292 INFO             PET0 ESMF_COMM                   : mpiuni
20220705 015648.293 INFO             PET0 ESMF_MOAB                   : enabled
20220705 015648.293 INFO             PET0 ESMF_LAPACK                 : enabled
20220705 015648.293 INFO             PET0 ESMF_NETCDF                 : enabled
20220705 015648.293 INFO             PET0 ESMF_PNETCDF                : disabled
20220705 015648.293 INFO             PET0 ESMF_PIO                    : disabled
20220705 015648.293 INFO             PET0 ESMF_YAMLCPP                : enabled
20220705 015648.348 DEBUG            PET0 about to destroy Grid: 0x2635e30
20220705 015648.351 DEBUG            PET0 about to destroy Grid: 0x2637ad0
20220705 015648.359 INFO             PET0  NUMBER_OF_PROCESSORS           1
20220705 015648.359 INFO             PET0  PASS  Example ESMF_NUOPCAtmModelEx, ESMF_NUOPCAtmModelEx.F90, line 806
20220705 015648.359 INFO             PET0 Finalizing ESMF
