build time -- 2022-07-22 00:31:10
20220722 013129.196 INFO             PET0 !!!!!!!!!!!!!!!!!!!!!!!!!!!!!!!!!!!!!!!!!!!!!!!!!!!!!!
20220722 013129.196 INFO             PET0 !!! THE ESMF_LOG IS SET TO OUTPUT ALL LOG MESSAGES !!!
20220722 013129.196 INFO             PET0 !!!     THIS MAY CAUSE SLOWDOWN IN PERFORMANCE     !!!
20220722 013129.196 INFO             PET0 !!! FOR PRODUCTION RUNS, USE:                      !!!
20220722 013129.196 INFO             PET0 !!!                   ESMF_LOGKIND_Multi_On_Error  !!!
20220722 013129.196 INFO             PET0 !!!!!!!!!!!!!!!!!!!!!!!!!!!!!!!!!!!!!!!!!!!!!!!!!!!!!!
20220722 013129.196 INFO             PET0 Running with ESMF Version   : v8.4.0b07
20220722 013129.196 INFO             PET0 ESMF library build date/time: "Jul 22 2022" "00:29:29"
20220722 013129.196 INFO             PET0 ESMF library build location : /lustre/f2/dev/ncep/Mark.Potts/gfortran_8.3.0_mpiuni_O_develop
20220722 013129.196 INFO             PET0 ESMF_COMM                   : mpiuni
20220722 013129.197 INFO             PET0 ESMF_MOAB                   : enabled
20220722 013129.197 INFO             PET0 ESMF_LAPACK                 : enabled
20220722 013129.197 INFO             PET0 ESMF_NETCDF                 : enabled
20220722 013129.197 INFO             PET0 ESMF_PNETCDF                : disabled
20220722 013129.197 INFO             PET0 ESMF_PIO                    : disabled
20220722 013129.197 INFO             PET0 ESMF_YAMLCPP                : enabled
20220722 013129.197 INFO             PET0 ESMF Tracing Enabled
20220722 013129.197 INFO             PET0 ESMF Profiling Enabled
20220722 013129.197 INFO             PET0 ESMF Trace/Profile clock: REALTIME
20220722 013129.199 WARNING          PET0 ESMF Tracing/Profiling could not load dynamic instrumentation functions.
20220722 013129.199 INFO             PET0  NUMBER_OF_PROCESSORS           1
20220722 013129.199 INFO             PET0  PASS  Example ESMF_TraceUserEx, ESMF_TraceUserEx.F90, line 125
20220722 013129.199 INFO             PET0 Finalizing ESMF
20220722 013129.199 INFO             PET0 **************** Region Timings *******************
20220722 013129.199 INFO             PET0 Region              Count  Total (s)   Self (s)    Mean (s)    Min (s)     Max (s)
20220722 013129.199 INFO             PET0   outer_region      1      0.0001      0.0000      0.0001      0.0001      0.0001
20220722 013129.199 INFO             PET0     inner_region_1  10     0.0000      0.0000      0.0000      0.0000      0.0000
20220722 013129.199 INFO             PET0     inner_region_2  10     0.0000      0.0000      0.0000      0.0000      0.0000
