build time -- 2022-06-27 00:25:53
20220627 031105.367 INFO             PET0 !!!!!!!!!!!!!!!!!!!!!!!!!!!!!!!!!!!!!!!!!!!!!!!!!!!!!!
20220627 031105.367 INFO             PET0 !!! THE ESMF_LOG IS SET TO OUTPUT ALL LOG MESSAGES !!!
20220627 031105.367 INFO             PET0 !!!     THIS MAY CAUSE SLOWDOWN IN PERFORMANCE     !!!
20220627 031105.367 INFO             PET0 !!! FOR PRODUCTION RUNS, USE:                      !!!
20220627 031105.367 INFO             PET0 !!!                   ESMF_LOGKIND_Multi_On_Error  !!!
20220627 031105.367 INFO             PET0 !!!!!!!!!!!!!!!!!!!!!!!!!!!!!!!!!!!!!!!!!!!!!!!!!!!!!!
20220627 031105.367 INFO             PET0 Running with ESMF Version   : v8.4.0b01-2-gf0d4ab211d
20220627 031105.367 INFO             PET0 ESMF library build date/time: "Jun 27 2022" "00:24:01"
20220627 031105.367 INFO             PET0 ESMF library build location : /lustre/f2/dev/ncep/Mark.Potts/gfortran_8.3.0_mpiuni_O_develop
20220627 031105.367 INFO             PET0 ESMF_COMM                   : mpiuni
20220627 031105.368 INFO             PET0 ESMF_MOAB                   : enabled
20220627 031105.368 INFO             PET0 ESMF_LAPACK                 : enabled
20220627 031105.368 INFO             PET0 ESMF_NETCDF                 : enabled
20220627 031105.368 INFO             PET0 ESMF_PNETCDF                : disabled
20220627 031105.368 INFO             PET0 ESMF_PIO                    : disabled
20220627 031105.368 INFO             PET0 ESMF_YAMLCPP                : enabled
20220627 031105.368 INFO             PET0  NUMBER_OF_PROCESSORS           1
20220627 031105.368 INFO             PET0  PASS  Example ESMF_VMHigherRankDataEx, ESMF_VMHigherRankDataEx.F90, line 140
20220627 031105.368 INFO             PET0 Finalizing ESMF
