build time -- 2022-07-16 10:51:13
+ export ESMF_NETCDF=nc-config
+ ESMF_NETCDF=nc-config
+ tar xvfz /home/role.esmfmaint/pytest-input.tar.gz
tar (child): /home/role.esmfmaint/pytest-input.tar.gz: Cannot open: No such file or directory
tar (child): Error is not recoverable: exiting now
tar: Child returned status 2
tar: Error is not recoverable: exiting now
+ export ESMF_DIR=/scratch1/NCEPDEV/stmp2/role.esmfmaint/intel_18.0.5b_intelmpi_g_develop
+ ESMF_DIR=/scratch1/NCEPDEV/stmp2/role.esmfmaint/intel_18.0.5b_intelmpi_g_develop
+ export ESMF_COMPILER=intel
+ ESMF_COMPILER=intel
+ export ESMF_COMM=intelmpi
+ ESMF_COMM=intelmpi
+ export ESMF_BOPT=g
+ ESMF_BOPT=g
+ export ESMF_TESTEXHAUSTIVE=ON
+ ESMF_TESTEXHAUSTIVE=ON
+ export ESMF_TESTWITHTHREADS=ON
+ ESMF_TESTWITHTHREADS=ON
+ python3 setup.py test_examples_dryrun
running test_examples_dryrun
