build time -- 2022-06-30 01:16:56.196883
20220630 014505.947 INFO             PET0 !!!!!!!!!!!!!!!!!!!!!!!!!!!!!!!!!!!!!!!!!!!!!!!!!!!!!!
20220630 014505.947 INFO             PET0 !!! THE ESMF_LOG IS SET TO OUTPUT ALL LOG MESSAGES !!!
20220630 014505.947 INFO             PET0 !!!     THIS MAY CAUSE SLOWDOWN IN PERFORMANCE     !!!
20220630 014505.947 INFO             PET0 !!! FOR PRODUCTION RUNS, USE:                      !!!
20220630 014505.947 INFO             PET0 !!!                   ESMF_LOGKIND_Multi_On_Error  !!!
20220630 014505.947 INFO             PET0 !!!!!!!!!!!!!!!!!!!!!!!!!!!!!!!!!!!!!!!!!!!!!!!!!!!!!!
20220630 014505.947 INFO             PET0 Running with ESMF Version   : v8.4.0b01-4-g992fafaac4
20220630 014505.947 INFO             PET0 ESMF library build date/time: "Jun 30 2022" "01:14:30"
20220630 014505.947 INFO             PET0 ESMF library build location : /gpfsm/dnb04/projects/p98/mpotts/esmf/intel_19.1.3_mpt_O_develop
20220630 014505.947 INFO             PET0 ESMF_COMM                   : mpt
20220630 014505.948 INFO             PET0 ESMF_MOAB                   : enabled
20220630 014505.948 INFO             PET0 ESMF_LAPACK                 : enabled
20220630 014505.948 INFO             PET0 ESMF_NETCDF                 : enabled
20220630 014505.948 INFO             PET0 ESMF_PNETCDF                : disabled
20220630 014505.948 INFO             PET0 ESMF_PIO                    : enabled
20220630 014505.948 INFO             PET0 ESMF_YAMLCPP                : enabled
20220630 014505.949 INFO             PET0  NUMBER_OF_PROCESSORS           1
20220630 014505.949 INFO             PET0  PASS  Example ESMF_TimeIntervalEx, ESMF_TimeIntervalEx.F90, line 176
20220630 014505.949 INFO             PET0 Finalizing ESMF
