build time -- 2022-06-26 01:16:17.417259
20220626 014252.409 INFO             PET0 !!!!!!!!!!!!!!!!!!!!!!!!!!!!!!!!!!!!!!!!!!!!!!!!!!!!!!
20220626 014252.409 INFO             PET0 !!! THE ESMF_LOG IS SET TO OUTPUT ALL LOG MESSAGES !!!
20220626 014252.409 INFO             PET0 !!!     THIS MAY CAUSE SLOWDOWN IN PERFORMANCE     !!!
20220626 014252.409 INFO             PET0 !!! FOR PRODUCTION RUNS, USE:                      !!!
20220626 014252.409 INFO             PET0 !!!                   ESMF_LOGKIND_Multi_On_Error  !!!
20220626 014252.409 INFO             PET0 !!!!!!!!!!!!!!!!!!!!!!!!!!!!!!!!!!!!!!!!!!!!!!!!!!!!!!
20220626 014252.409 INFO             PET0 Running with ESMF Version   : v8.4.0b01-2-gf0d4ab211d
20220626 014252.409 INFO             PET0 ESMF library build date/time: "Jun 26 2022" "01:14:10"
20220626 014252.409 INFO             PET0 ESMF library build location : /gpfsm/dnb04/projects/p98/mpotts/esmf/intel_19.1.3_mpt_O_develop
20220626 014252.409 INFO             PET0 ESMF_COMM                   : mpt
20220626 014252.410 INFO             PET0 ESMF_MOAB                   : enabled
20220626 014252.410 INFO             PET0 ESMF_LAPACK                 : enabled
20220626 014252.410 INFO             PET0 ESMF_NETCDF                 : enabled
20220626 014252.410 INFO             PET0 ESMF_PNETCDF                : disabled
20220626 014252.410 INFO             PET0 ESMF_PIO                    : enabled
20220626 014252.410 INFO             PET0 ESMF_YAMLCPP                : enabled
20220626 014252.415 INFO             PET0  NUMBER_OF_PROCESSORS           1
20220626 014252.415 INFO             PET0  PASS  Example ESMF_AlarmEx, ESMF_AlarmEx.F90, line 244
20220626 014252.415 INFO             PET0 Finalizing ESMF
