build time -- 2022-07-05 01:24:09.658044
20220705 015929.750 INFO             PET0 !!!!!!!!!!!!!!!!!!!!!!!!!!!!!!!!!!!!!!!!!!!!!!!!!!!!!!
20220705 015929.750 INFO             PET0 !!! THE ESMF_LOG IS SET TO OUTPUT ALL LOG MESSAGES !!!
20220705 015929.750 INFO             PET0 !!!     THIS MAY CAUSE SLOWDOWN IN PERFORMANCE     !!!
20220705 015929.750 INFO             PET0 !!! FOR PRODUCTION RUNS, USE:                      !!!
20220705 015929.750 INFO             PET0 !!!                   ESMF_LOGKIND_Multi_On_Error  !!!
20220705 015929.750 INFO             PET0 !!!!!!!!!!!!!!!!!!!!!!!!!!!!!!!!!!!!!!!!!!!!!!!!!!!!!!
20220705 015929.750 INFO             PET0 Running with ESMF Version   : v8.4.0b02-7-g9328c9b05f
20220705 015929.750 INFO             PET0 ESMF library build date/time: "Jul  5 2022" "01:21:57"
20220705 015929.750 INFO             PET0 ESMF library build location : /gpfsm/dnb04/projects/p98/mpotts/esmf/intel_19.1.3_mpt_O_develop
20220705 015929.750 INFO             PET0 ESMF_COMM                   : mpt
20220705 015929.752 INFO             PET0 ESMF_MOAB                   : enabled
20220705 015929.752 INFO             PET0 ESMF_LAPACK                 : enabled
20220705 015929.752 INFO             PET0 ESMF_NETCDF                 : enabled
20220705 015929.752 INFO             PET0 ESMF_PNETCDF                : disabled
20220705 015929.752 INFO             PET0 ESMF_PIO                    : enabled
20220705 015929.752 INFO             PET0 ESMF_YAMLCPP                : enabled
20220705 015929.790 DEBUG            PET0 about to destroy Grid: 0x19e11d0
20220705 015929.793 DEBUG            PET0 about to destroy Grid: 0x19e3eb0
20220705 015929.804 INFO             PET0  NUMBER_OF_PROCESSORS           4
20220705 015929.804 INFO             PET0  PASS  Example ESMF_NUOPCAtmModelEx, ESMF_NUOPCAtmModelEx.F90, line 806
20220705 015929.804 INFO             PET0 Finalizing ESMF
20220705 015929.751 INFO             PET1 !!!!!!!!!!!!!!!!!!!!!!!!!!!!!!!!!!!!!!!!!!!!!!!!!!!!!!
20220705 015929.751 INFO             PET1 !!! THE ESMF_LOG IS SET TO OUTPUT ALL LOG MESSAGES !!!
20220705 015929.751 INFO             PET1 !!!     THIS MAY CAUSE SLOWDOWN IN PERFORMANCE     !!!
20220705 015929.751 INFO             PET1 !!! FOR PRODUCTION RUNS, USE:                      !!!
20220705 015929.751 INFO             PET1 !!!                   ESMF_LOGKIND_Multi_On_Error  !!!
20220705 015929.751 INFO             PET1 !!!!!!!!!!!!!!!!!!!!!!!!!!!!!!!!!!!!!!!!!!!!!!!!!!!!!!
20220705 015929.751 INFO             PET1 Running with ESMF Version   : v8.4.0b02-7-g9328c9b05f
20220705 015929.751 INFO             PET1 ESMF library build date/time: "Jul  5 2022" "01:21:57"
20220705 015929.751 INFO             PET1 ESMF library build location : /gpfsm/dnb04/projects/p98/mpotts/esmf/intel_19.1.3_mpt_O_develop
20220705 015929.751 INFO             PET1 ESMF_COMM                   : mpt
20220705 015929.752 INFO             PET1 ESMF_MOAB                   : enabled
20220705 015929.752 INFO             PET1 ESMF_LAPACK                 : enabled
20220705 015929.752 INFO             PET1 ESMF_NETCDF                 : enabled
20220705 015929.752 INFO             PET1 ESMF_PNETCDF                : disabled
20220705 015929.752 INFO             PET1 ESMF_PIO                    : enabled
20220705 015929.752 INFO             PET1 ESMF_YAMLCPP                : enabled
20220705 015929.790 DEBUG            PET1 about to destroy Grid: 0x19e40e0
20220705 015929.793 DEBUG            PET1 about to destroy Grid: 0x19e5050
20220705 015929.804 INFO             PET1  NUMBER_OF_PROCESSORS           4
20220705 015929.804 INFO             PET1  PASS  Example ESMF_NUOPCAtmModelEx, ESMF_NUOPCAtmModelEx.F90, line 806
20220705 015929.804 INFO             PET1 Finalizing ESMF
20220705 015929.750 INFO             PET2 !!!!!!!!!!!!!!!!!!!!!!!!!!!!!!!!!!!!!!!!!!!!!!!!!!!!!!
20220705 015929.750 INFO             PET2 !!! THE ESMF_LOG IS SET TO OUTPUT ALL LOG MESSAGES !!!
20220705 015929.750 INFO             PET2 !!!     THIS MAY CAUSE SLOWDOWN IN PERFORMANCE     !!!
20220705 015929.750 INFO             PET2 !!! FOR PRODUCTION RUNS, USE:                      !!!
20220705 015929.750 INFO             PET2 !!!                   ESMF_LOGKIND_Multi_On_Error  !!!
20220705 015929.750 INFO             PET2 !!!!!!!!!!!!!!!!!!!!!!!!!!!!!!!!!!!!!!!!!!!!!!!!!!!!!!
20220705 015929.750 INFO             PET2 Running with ESMF Version   : v8.4.0b02-7-g9328c9b05f
20220705 015929.750 INFO             PET2 ESMF library build date/time: "Jul  5 2022" "01:21:57"
20220705 015929.750 INFO             PET2 ESMF library build location : /gpfsm/dnb04/projects/p98/mpotts/esmf/intel_19.1.3_mpt_O_develop
20220705 015929.750 INFO             PET2 ESMF_COMM                   : mpt
20220705 015929.751 INFO             PET2 ESMF_MOAB                   : enabled
20220705 015929.751 INFO             PET2 ESMF_LAPACK                 : enabled
20220705 015929.751 INFO             PET2 ESMF_NETCDF                 : enabled
20220705 015929.751 INFO             PET2 ESMF_PNETCDF                : disabled
20220705 015929.751 INFO             PET2 ESMF_PIO                    : enabled
20220705 015929.751 INFO             PET2 ESMF_YAMLCPP                : enabled
20220705 015929.790 DEBUG            PET2 about to destroy Grid: 0x19e4160
20220705 015929.793 DEBUG            PET2 about to destroy Grid: 0x19e50d0
20220705 015929.804 INFO             PET2  NUMBER_OF_PROCESSORS           4
20220705 015929.804 INFO             PET2  PASS  Example ESMF_NUOPCAtmModelEx, ESMF_NUOPCAtmModelEx.F90, line 806
20220705 015929.804 INFO             PET2 Finalizing ESMF
20220705 015929.751 INFO             PET3 !!!!!!!!!!!!!!!!!!!!!!!!!!!!!!!!!!!!!!!!!!!!!!!!!!!!!!
20220705 015929.751 INFO             PET3 !!! THE ESMF_LOG IS SET TO OUTPUT ALL LOG MESSAGES !!!
20220705 015929.751 INFO             PET3 !!!     THIS MAY CAUSE SLOWDOWN IN PERFORMANCE     !!!
20220705 015929.751 INFO             PET3 !!! FOR PRODUCTION RUNS, USE:                      !!!
20220705 015929.751 INFO             PET3 !!!                   ESMF_LOGKIND_Multi_On_Error  !!!
20220705 015929.751 INFO             PET3 !!!!!!!!!!!!!!!!!!!!!!!!!!!!!!!!!!!!!!!!!!!!!!!!!!!!!!
20220705 015929.751 INFO             PET3 Running with ESMF Version   : v8.4.0b02-7-g9328c9b05f
20220705 015929.751 INFO             PET3 ESMF library build date/time: "Jul  5 2022" "01:21:57"
20220705 015929.751 INFO             PET3 ESMF library build location : /gpfsm/dnb04/projects/p98/mpotts/esmf/intel_19.1.3_mpt_O_develop
20220705 015929.751 INFO             PET3 ESMF_COMM                   : mpt
20220705 015929.752 INFO             PET3 ESMF_MOAB                   : enabled
20220705 015929.752 INFO             PET3 ESMF_LAPACK                 : enabled
20220705 015929.752 INFO             PET3 ESMF_NETCDF                 : enabled
20220705 015929.752 INFO             PET3 ESMF_PNETCDF                : disabled
20220705 015929.752 INFO             PET3 ESMF_PIO                    : enabled
20220705 015929.752 INFO             PET3 ESMF_YAMLCPP                : enabled
20220705 015929.790 DEBUG            PET3 about to destroy Grid: 0x19e4220
20220705 015929.793 DEBUG            PET3 about to destroy Grid: 0x19e5190
20220705 015929.804 INFO             PET3  NUMBER_OF_PROCESSORS           4
20220705 015929.804 INFO             PET3  PASS  Example ESMF_NUOPCAtmModelEx, ESMF_NUOPCAtmModelEx.F90, line 806
20220705 015929.804 INFO             PET3 Finalizing ESMF
