build time -- 2022-07-02 01:17:35.477474
20220702 014731.355 INFO             PET0 !!!!!!!!!!!!!!!!!!!!!!!!!!!!!!!!!!!!!!!!!!!!!!!!!!!!!!
20220702 014731.355 INFO             PET0 !!! THE ESMF_LOG IS SET TO OUTPUT ALL LOG MESSAGES !!!
20220702 014731.355 INFO             PET0 !!!     THIS MAY CAUSE SLOWDOWN IN PERFORMANCE     !!!
20220702 014731.355 INFO             PET0 !!! FOR PRODUCTION RUNS, USE:                      !!!
20220702 014731.355 INFO             PET0 !!!                   ESMF_LOGKIND_Multi_On_Error  !!!
20220702 014731.355 INFO             PET0 !!!!!!!!!!!!!!!!!!!!!!!!!!!!!!!!!!!!!!!!!!!!!!!!!!!!!!
20220702 014731.355 INFO             PET0 Running with ESMF Version   : v8.4.0b02-7-g9328c9b05f
20220702 014731.355 INFO             PET0 ESMF library build date/time: "Jul  2 2022" "01:15:27"
20220702 014731.355 INFO             PET0 ESMF library build location : /gpfsm/dnb04/projects/p98/mpotts/esmf/intel_19.1.3_mpt_O_develop
20220702 014731.355 INFO             PET0 ESMF_COMM                   : mpt
20220702 014731.356 INFO             PET0 ESMF_MOAB                   : enabled
20220702 014731.356 INFO             PET0 ESMF_LAPACK                 : enabled
20220702 014731.356 INFO             PET0 ESMF_NETCDF                 : enabled
20220702 014731.356 INFO             PET0 ESMF_PNETCDF                : disabled
20220702 014731.356 INFO             PET0 ESMF_PIO                    : enabled
20220702 014731.356 INFO             PET0 ESMF_YAMLCPP                : enabled
20220702 014731.360 INFO             PET0  NUMBER_OF_PROCESSORS           1
20220702 014731.361 INFO             PET0  PASS  Example ESMF_ClockEx, ESMF_ClockEx.F90, line 220
20220702 014731.361 INFO             PET0 Finalizing ESMF
