build time -- 2022-07-04 01:15:52.294719
20220704 014355.674 INFO             PET0 !!!!!!!!!!!!!!!!!!!!!!!!!!!!!!!!!!!!!!!!!!!!!!!!!!!!!!
20220704 014355.674 INFO             PET0 !!! THE ESMF_LOG IS SET TO OUTPUT ALL LOG MESSAGES !!!
20220704 014355.674 INFO             PET0 !!!     THIS MAY CAUSE SLOWDOWN IN PERFORMANCE     !!!
20220704 014355.674 INFO             PET0 !!! FOR PRODUCTION RUNS, USE:                      !!!
20220704 014355.674 INFO             PET0 !!!                   ESMF_LOGKIND_Multi_On_Error  !!!
20220704 014355.674 INFO             PET0 !!!!!!!!!!!!!!!!!!!!!!!!!!!!!!!!!!!!!!!!!!!!!!!!!!!!!!
20220704 014355.674 INFO             PET0 Running with ESMF Version   : v8.4.0b02-7-g9328c9b05f
20220704 014355.674 INFO             PET0 ESMF library build date/time: "Jul  4 2022" "01:13:45"
20220704 014355.674 INFO             PET0 ESMF library build location : /gpfsm/dnb04/projects/p98/mpotts/esmf/intel_19.1.3_mpt_O_develop
20220704 014355.674 INFO             PET0 ESMF_COMM                   : mpt
20220704 014355.675 INFO             PET0 ESMF_MOAB                   : enabled
20220704 014355.675 INFO             PET0 ESMF_LAPACK                 : enabled
20220704 014355.675 INFO             PET0 ESMF_NETCDF                 : enabled
20220704 014355.675 INFO             PET0 ESMF_PNETCDF                : disabled
20220704 014355.675 INFO             PET0 ESMF_PIO                    : enabled
20220704 014355.675 INFO             PET0 ESMF_YAMLCPP                : enabled
20220704 014355.678 INFO             PET0  NUMBER_OF_PROCESSORS           1
20220704 014355.678 INFO             PET0  PASS  Example ESMF_XGridSparseMatEx, ESMF_XGridSparseMatEx.F90, line 642
20220704 014355.678 INFO             PET0 Finalizing ESMF
