Thu Jun 16 19:30:58 MDT 2022
 
Installing ESMF:
 
mkdir -p /scratch/cluster/dunlap/esmf-testing/nag_6.2_mvapich2_O_develop/DEFAULTINSTALLDIR/include
cp -f /scratch/cluster/dunlap/esmf-testing/nag_6.2_mvapich2_O_develop/src/include/ESMC.h /scratch/cluster/dunlap/esmf-testing/nag_6.2_mvapich2_O_develop/DEFAULTINSTALLDIR/include
cp -f /scratch/cluster/dunlap/esmf-testing/nag_6.2_mvapich2_O_develop/src/include/ESMC_*.h /scratch/cluster/dunlap/esmf-testing/nag_6.2_mvapich2_O_develop/DEFAULTINSTALLDIR/include
cp -f /scratch/cluster/dunlap/esmf-testing/nag_6.2_mvapich2_O_develop/build_config/Linux.nag.default/ESMC_Conf.h /scratch/cluster/dunlap/esmf-testing/nag_6.2_mvapich2_O_develop/DEFAULTINSTALLDIR/include
mkdir -p /scratch/cluster/dunlap/esmf-testing/nag_6.2_mvapich2_O_develop/DEFAULTINSTALLDIR/mod/modO/Linux.nag.64.mvapich2.default
cp -f /scratch/cluster/dunlap/esmf-testing/nag_6.2_mvapich2_O_develop/mod/modO/Linux.nag.64.mvapich2.default/*.mod /scratch/cluster/dunlap/esmf-testing/nag_6.2_mvapich2_O_develop/DEFAULTINSTALLDIR/mod/modO/Linux.nag.64.mvapich2.default
mkdir -p /scratch/cluster/dunlap/esmf-testing/nag_6.2_mvapich2_O_develop/DEFAULTINSTALLDIR/lib/libO/Linux.nag.64.mvapich2.default
cp -f /scratch/cluster/dunlap/esmf-testing/nag_6.2_mvapich2_O_develop/lib/libO/Linux.nag.64.mvapich2.default/libesmf*.* /scratch/cluster/dunlap/esmf-testing/nag_6.2_mvapich2_O_develop/DEFAULTINSTALLDIR/lib/libO/Linux.nag.64.mvapich2.default
cp -f /scratch/cluster/dunlap/esmf-testing/nag_6.2_mvapich2_O_develop/lib/libO/Linux.nag.64.mvapich2.default/libpioc.* /scratch/cluster/dunlap/esmf-testing/nag_6.2_mvapich2_O_develop/DEFAULTINSTALLDIR/lib/libO/Linux.nag.64.mvapich2.default
make ESMF_PRELOADDIR=/scratch/cluster/dunlap/esmf-testing/nag_6.2_mvapich2_O_develop/DEFAULTINSTALLDIR/lib/libO/Linux.nag.64.mvapich2.default build_preload_script
make[1]: Entering directory '/scratch/cluster/dunlap/esmf-testing/nag_6.2_mvapich2_O_develop'
chmod 755 /scratch/cluster/dunlap/esmf-testing/nag_6.2_mvapich2_O_develop/DEFAULTINSTALLDIR/lib/libO/Linux.nag.64.mvapich2.default/preload.sh
make[1]: Leaving directory '/scratch/cluster/dunlap/esmf-testing/nag_6.2_mvapich2_O_develop'
ranlib /scratch/cluster/dunlap/esmf-testing/nag_6.2_mvapich2_O_develop/DEFAULTINSTALLDIR/lib/libO/Linux.nag.64.mvapich2.default/libesmf*.a
make install_apps
make[1]: Entering directory '/scratch/cluster/dunlap/esmf-testing/nag_6.2_mvapich2_O_develop'
mkdir -p /scratch/cluster/dunlap/esmf-testing/nag_6.2_mvapich2_O_develop/DEFAULTINSTALLDIR/bin/binO/Linux.nag.64.mvapich2.default
make build_apps ESMF_APPSDIR=/scratch/cluster/dunlap/esmf-testing/nag_6.2_mvapich2_O_develop/DEFAULTINSTALLDIR/bin/binO/Linux.nag.64.mvapich2.default ESMF_LDIR=/scratch/cluster/dunlap/esmf-testing/nag_6.2_mvapich2_O_develop/DEFAULTINSTALLDIR/lib/libO/Linux.nag.64.mvapich2.default ESMF_LIBDIR=/scratch/cluster/dunlap/esmf-testing/nag_6.2_mvapich2_O_develop/DEFAULTINSTALLDIR/lib/libO/Linux.nag.64.mvapich2.default ESMF_MODDIR=/scratch/cluster/dunlap/esmf-testing/nag_6.2_mvapich2_O_develop/DEFAULTINSTALLDIR/mod/modO/Linux.nag.64.mvapich2.default
make[2]: Entering directory '/scratch/cluster/dunlap/esmf-testing/nag_6.2_mvapich2_O_develop'
cd /scratch/cluster/dunlap/esmf-testing/nag_6.2_mvapich2_O_develop/src/apps; make ACTION=tree_build_apps tree
make[3]: Entering directory '/scratch/cluster/dunlap/esmf-testing/nag_6.2_mvapich2_O_develop/src/apps'
tree_build_apps in: /scratch/cluster/dunlap/esmf-testing/nag_6.2_mvapich2_O_develop/src/apps/ESMF_PrintInfo
make[4]: Entering directory '/scratch/cluster/dunlap/esmf-testing/nag_6.2_mvapich2_O_develop/src/apps/ESMF_PrintInfo'
make chkdir_locobj
make[5]: Entering directory '/scratch/cluster/dunlap/esmf-testing/nag_6.2_mvapich2_O_develop/src/apps/ESMF_PrintInfo'
Making directory /scratch/cluster/dunlap/esmf-testing/nag_6.2_mvapich2_O_develop/obj/objO/Linux.nag.64.mvapich2.default/src/apps/ESMF_PrintInfo for apps output
make[5]: Leaving directory '/scratch/cluster/dunlap/esmf-testing/nag_6.2_mvapich2_O_develop/src/apps/ESMF_PrintInfo'
mpif90 -c -O0 -pic -DESMF_NAG_UNIX_MODULE -dusty -thread_safe  -openmp -I/scratch/cluster/dunlap/esmf-testing/nag_6.2_mvapich2_O_develop/src/apps/ESMF_PrintInfo -I/scratch/cluster/dunlap/esmf-testing/nag_6.2_mvapich2_O_develop/build_config/Linux.nag.default -I/scratch/cluster/dunlap/esmf-testing/nag_6.2_mvapich2_O_develop/src/Infrastructure -I/scratch/cluster/dunlap/esmf-testing/nag_6.2_mvapich2_O_develop/src/Superstructure -I/scratch/cluster/dunlap/esmf-testing/nag_6.2_mvapich2_O_develop/DEFAULTINSTALLDIR/mod/modO/Linux.nag.64.mvapich2.default -I/scratch/cluster/dunlap/esmf-testing/nag_6.2_mvapich2_O_develop/src/include -I/usr/local/netcdf-c-4.6.1-f-4.4.4-gcc-g++-8.1.0-nag-6.2/include -I/usr/local/netcdf-c-4.6.1-f-4.4.4-gcc-g++-8.1.0-nag-6.2/include  -DESMF_NO_INTEGER_1_BYTE -DESMF_NO_INTEGER_2_BYTE -DESMF_VERSION_STRING_GIT='"v8.4.0b01-2-gf0d4ab211d"' -DESMF_MOAB=1 -DESMF_LAPACK=1 -DESMF_LAPACK_INTERNAL=1 -DESMF_NO_ACC_SOFTWARE_STACK=1 -DESMF_NETCDF=1 -DESMF_YAMLCPP=1 -DESMF_YAML=1 -DESMF_PIO=1 -DESMF_NO_OPENACC -DESMF_TESTEXHAUSTIVE -DESMF_BOPT_O -DESMF_TESTCOMPTUNNEL -DESMF_TESTWITHTHREADS -DS64=1 -DESMF_OS_Linux=1 -DESMF_COMM=mvapich2 -DESMF_DIR=/scratch/cluster/dunlap/esmf-testing/nag_6.2_mvapich2_O_develop -DESMF_NO_F2018ASSUMEDTYPE ESMF_PrintInfo.F90 -o /scratch/cluster/dunlap/esmf-testing/nag_6.2_mvapich2_O_develop/obj/objO/Linux.nag.64.mvapich2.default/src/apps/ESMF_PrintInfo/ESMF_PrintInfo.o
NAG Fortran Compiler Release 6.2(Chiyoda) Build 6207
Warning: ESMF_PrintInfo.F90, line 95: Unused local variable ARGFLAG
Warning: ESMF_PrintInfo.F90, line 95: Unused local variable ARGINDEX
[NAG Fortran Compiler normal termination, 2 warnings]
make chkdir_apps
make[5]: Entering directory '/scratch/cluster/dunlap/esmf-testing/nag_6.2_mvapich2_O_develop/src/apps/ESMF_PrintInfo'
make[5]: Leaving directory '/scratch/cluster/dunlap/esmf-testing/nag_6.2_mvapich2_O_develop/src/apps/ESMF_PrintInfo'
mpif90    -thread_safe -Wl,-Wl,,--no-as-needed  -openmp -L/scratch/cluster/dunlap/esmf-testing/nag_6.2_mvapich2_O_develop/DEFAULTINSTALLDIR/lib/libO/Linux.nag.64.mvapich2.default -L/usr/local/netcdf-c-4.6.1-f-4.4.4-gcc-g++-8.1.0-nag-6.2/lib -L/usr/local/netcdf-c-4.6.1-f-4.4.4-gcc-g++-8.1.0-nag-6.2/lib -L/usr/local/gcc-g++-gfortran-8.1.0/lib -L/usr/local/nag-6.2/lib -L/usr/local/netcdf-c-4.6.1-f-4.4.4-gcc-g++-gfortran-8.1.0/lib -L/usr/local/hdf5-1.8.7-gcc-g++-gfortran-8.1.0/lib -L/usr/local/gcc-g++-gfortran-8.1.0/lib/gcc/x86_64-pc-linux-gnu/8.1.0/../../../../lib64/ -Wl,-Wl,,-rpath,,/scratch/cluster/dunlap/esmf-testing/nag_6.2_mvapich2_O_develop/DEFAULTINSTALLDIR/lib/libO/Linux.nag.64.mvapich2.default -Wl,-Wl,,-rpath,,/usr/local/netcdf-c-4.6.1-f-4.4.4-gcc-g++-8.1.0-nag-6.2/lib -Wl,-Wl,,-rpath,,/usr/local/netcdf-c-4.6.1-f-4.4.4-gcc-g++-8.1.0-nag-6.2/lib -Wl,-Wl,,-rpath,,/usr/local/gcc-g++-gfortran-8.1.0/lib -Wl,-Wl,,-rpath,,/usr/local/nag-6.2/lib -Wl,-Wl,,-rpath,,/usr/local/netcdf-c-4.6.1-f-4.4.4-gcc-g++-gfortran-8.1.0/lib -Wl,-Wl,,-rpath,,/usr/local/hdf5-1.8.7-gcc-g++-gfortran-8.1.0/lib  -Wl,-Wl,,-rpath,,/usr/local/gcc-g++-gfortran-8.1.0/lib/gcc/x86_64-pc-linux-gnu/8.1.0/../../../../lib64/ -o /scratch/cluster/dunlap/esmf-testing/nag_6.2_mvapich2_O_develop/DEFAULTINSTALLDIR/bin/binO/Linux.nag.64.mvapich2.default/ESMF_PrintInfo /scratch/cluster/dunlap/esmf-testing/nag_6.2_mvapich2_O_develop/obj/objO/Linux.nag.64.mvapich2.default/src/apps/ESMF_PrintInfo/ESMF_PrintInfo.o -lesmf  -lrt -lstdc++ -ldl -lnetcdf -lnetcdff -lnetcdf -lnetcdf -lpioc
NAG Fortran Compiler Release 6.2(Chiyoda) Build 6207
make[4]: Leaving directory '/scratch/cluster/dunlap/esmf-testing/nag_6.2_mvapich2_O_develop/src/apps/ESMF_PrintInfo'
tree_build_apps in: /scratch/cluster/dunlap/esmf-testing/nag_6.2_mvapich2_O_develop/src/apps/ESMF_PrintInfoC
make[4]: Entering directory '/scratch/cluster/dunlap/esmf-testing/nag_6.2_mvapich2_O_develop/src/apps/ESMF_PrintInfoC'
make chkdir_locobj
make[5]: Entering directory '/scratch/cluster/dunlap/esmf-testing/nag_6.2_mvapich2_O_develop/src/apps/ESMF_PrintInfoC'
Making directory /scratch/cluster/dunlap/esmf-testing/nag_6.2_mvapich2_O_develop/obj/objO/Linux.nag.64.mvapich2.default/src/apps/ESMF_PrintInfoC for apps output
make[5]: Leaving directory '/scratch/cluster/dunlap/esmf-testing/nag_6.2_mvapich2_O_develop/src/apps/ESMF_PrintInfoC'
mpicxx -c -std=c++11 -O0 -DNDEBUG -fPIC -pthread  -fopenmp -I/scratch/cluster/dunlap/esmf-testing/nag_6.2_mvapich2_O_develop/src/apps/ESMF_PrintInfoC -I/scratch/cluster/dunlap/esmf-testing/nag_6.2_mvapich2_O_develop/src/apps/ESMF_PrintInfoC/../include -I/scratch/cluster/dunlap/esmf-testing/nag_6.2_mvapich2_O_develop/build_config/Linux.nag.default -I/scratch/cluster/dunlap/esmf-testing/nag_6.2_mvapich2_O_develop/src/Infrastructure -I/scratch/cluster/dunlap/esmf-testing/nag_6.2_mvapich2_O_develop/src/Superstructure -I/scratch/cluster/dunlap/esmf-testing/nag_6.2_mvapich2_O_develop/src/Infrastructure/stubs/pthread  -I/scratch/cluster/dunlap/esmf-testing/nag_6.2_mvapich2_O_develop/src/include  -I/usr/local/netcdf-c-4.6.1-f-4.4.4-gcc-g++-8.1.0-nag-6.2/include -I/scratch/cluster/dunlap/esmf-testing/nag_6.2_mvapich2_O_develop/src/prologue/yaml-cpp/include -DESMF_NO_INTEGER_1_BYTE -DESMF_NO_INTEGER_2_BYTE -DESMF_VERSION_STRING_GIT='"v8.4.0b01-2-gf0d4ab211d"' -DESMF_MOAB=1 -DESMF_LAPACK=1 -DESMF_LAPACK_INTERNAL=1 -DESMF_NO_ACC_SOFTWARE_STACK=1 -DESMF_NETCDF=1 -DESMF_YAMLCPP=1 -DESMF_YAML=1 -DESMF_PIO=1 -DESMF_NO_OPENACC -DESMF_TESTEXHAUSTIVE -DESMF_BOPT_O -DESMF_TESTCOMPTUNNEL -DESMF_TESTWITHTHREADS -DS64=1 -DESMF_OS_Linux=1 -DESMF_COMM=mvapich2 -DESMF_DIR=/scratch/cluster/dunlap/esmf-testing/nag_6.2_mvapich2_O_develop -D__SDIR__='"src/apps/ESMF_PrintInfoC"' -DESMF_CXXSTD=11 -DESMF_NO_F2018ASSUMEDTYPE ESMF_PrintInfoC.c -o /scratch/cluster/dunlap/esmf-testing/nag_6.2_mvapich2_O_develop/obj/objO/Linux.nag.64.mvapich2.default/src/apps/ESMF_PrintInfoC/ESMF_PrintInfoC.o
make chkdir_apps
make[5]: Entering directory '/scratch/cluster/dunlap/esmf-testing/nag_6.2_mvapich2_O_develop/src/apps/ESMF_PrintInfoC'
make[5]: Leaving directory '/scratch/cluster/dunlap/esmf-testing/nag_6.2_mvapich2_O_develop/src/apps/ESMF_PrintInfoC'
mpicxx    -pthread -Wl,--no-as-needed  -fopenmp -L/scratch/cluster/dunlap/esmf-testing/nag_6.2_mvapich2_O_develop/DEFAULTINSTALLDIR/lib/libO/Linux.nag.64.mvapich2.default -L/usr/local/netcdf-c-4.6.1-f-4.4.4-gcc-g++-8.1.0-nag-6.2/lib -L/usr/local/netcdf-c-4.6.1-f-4.4.4-gcc-g++-8.1.0-nag-6.2/lib -L/usr/local/gcc-g++-gfortran-8.1.0/lib -L/usr/local/nag-6.2/lib -L/usr/local/netcdf-c-4.6.1-f-4.4.4-gcc-g++-gfortran-8.1.0/lib -L/usr/local/hdf5-1.8.7-gcc-g++-gfortran-8.1.0/lib -Wl,-rpath,/scratch/cluster/dunlap/esmf-testing/nag_6.2_mvapich2_O_develop/DEFAULTINSTALLDIR/lib/libO/Linux.nag.64.mvapich2.default -Wl,-rpath,/usr/local/netcdf-c-4.6.1-f-4.4.4-gcc-g++-8.1.0-nag-6.2/lib -Wl,-rpath,/usr/local/netcdf-c-4.6.1-f-4.4.4-gcc-g++-8.1.0-nag-6.2/lib -Wl,-rpath,/usr/local/gcc-g++-gfortran-8.1.0/lib -Wl,-rpath,/usr/local/nag-6.2/lib -Wl,-rpath,/usr/local/netcdf-c-4.6.1-f-4.4.4-gcc-g++-gfortran-8.1.0/lib -Wl,-rpath,/usr/local/hdf5-1.8.7-gcc-g++-gfortran-8.1.0/lib  -o /scratch/cluster/dunlap/esmf-testing/nag_6.2_mvapich2_O_develop/DEFAULTINSTALLDIR/bin/binO/Linux.nag.64.mvapich2.default/ESMF_PrintInfoC /scratch/cluster/dunlap/esmf-testing/nag_6.2_mvapich2_O_develop/obj/objO/Linux.nag.64.mvapich2.default/src/apps/ESMF_PrintInfoC/ESMF_PrintInfoC.o -lesmf  -lrt -ldl -g -m64 /usr/local/nag-6.2/lib/NAG_Fortran/f62init.o /usr/local/nag-6.2/lib/NAG_Fortran/quickfit.o -L/cluster/mvapich2-2.3.3-gcc-8.1.0-nag-6.2/lib -lmpifort -lmpi -Wl,-rpath,/usr/local/nag-6.2/lib/NAG_Fortran /usr/local/nag-6.2/lib/NAG_Fortran/libf62rts.so /usr/local/nag-6.2/lib/NAG_Fortran/libf62rts.a -lm -Wl,-rpath -Wl,/cluster/mvapich2-2.3.3-gcc-8.1.0-nag-6.2/lib -lnetcdf -lnetcdff -lnetcdf -lnetcdf -lpioc
make[4]: Leaving directory '/scratch/cluster/dunlap/esmf-testing/nag_6.2_mvapich2_O_develop/src/apps/ESMF_PrintInfoC'
tree_build_apps in: /scratch/cluster/dunlap/esmf-testing/nag_6.2_mvapich2_O_develop/src/apps/ESMF_RegridWeightGen
make[4]: Entering directory '/scratch/cluster/dunlap/esmf-testing/nag_6.2_mvapich2_O_develop/src/apps/ESMF_RegridWeightGen'
make chkdir_locobj
make[5]: Entering directory '/scratch/cluster/dunlap/esmf-testing/nag_6.2_mvapich2_O_develop/src/apps/ESMF_RegridWeightGen'
Making directory /scratch/cluster/dunlap/esmf-testing/nag_6.2_mvapich2_O_develop/obj/objO/Linux.nag.64.mvapich2.default/src/apps/ESMF_RegridWeightGen for apps output
make[5]: Leaving directory '/scratch/cluster/dunlap/esmf-testing/nag_6.2_mvapich2_O_develop/src/apps/ESMF_RegridWeightGen'
mpif90 -c -O0 -pic -DESMF_NAG_UNIX_MODULE -dusty -thread_safe  -openmp -I/scratch/cluster/dunlap/esmf-testing/nag_6.2_mvapich2_O_develop/src/apps/ESMF_RegridWeightGen -I/scratch/cluster/dunlap/esmf-testing/nag_6.2_mvapich2_O_develop/build_config/Linux.nag.default -I/scratch/cluster/dunlap/esmf-testing/nag_6.2_mvapich2_O_develop/src/Infrastructure -I/scratch/cluster/dunlap/esmf-testing/nag_6.2_mvapich2_O_develop/src/Superstructure -I/scratch/cluster/dunlap/esmf-testing/nag_6.2_mvapich2_O_develop/DEFAULTINSTALLDIR/mod/modO/Linux.nag.64.mvapich2.default -I/scratch/cluster/dunlap/esmf-testing/nag_6.2_mvapich2_O_develop/src/include -I/usr/local/netcdf-c-4.6.1-f-4.4.4-gcc-g++-8.1.0-nag-6.2/include -I/usr/local/netcdf-c-4.6.1-f-4.4.4-gcc-g++-8.1.0-nag-6.2/include  -DESMF_NO_INTEGER_1_BYTE -DESMF_NO_INTEGER_2_BYTE -DESMF_VERSION_STRING_GIT='"v8.4.0b01-2-gf0d4ab211d"' -DESMF_MOAB=1 -DESMF_LAPACK=1 -DESMF_LAPACK_INTERNAL=1 -DESMF_NO_ACC_SOFTWARE_STACK=1 -DESMF_NETCDF=1 -DESMF_YAMLCPP=1 -DESMF_YAML=1 -DESMF_PIO=1 -DESMF_NO_OPENACC -DESMF_TESTEXHAUSTIVE -DESMF_BOPT_O -DESMF_TESTCOMPTUNNEL -DESMF_TESTWITHTHREADS -DS64=1 -DESMF_OS_Linux=1 -DESMF_COMM=mvapich2 -DESMF_DIR=/scratch/cluster/dunlap/esmf-testing/nag_6.2_mvapich2_O_develop -DESMF_NO_F2018ASSUMEDTYPE ESMF_RegridWeightGen.F90 -o /scratch/cluster/dunlap/esmf-testing/nag_6.2_mvapich2_O_develop/obj/objO/Linux.nag.64.mvapich2.default/src/apps/ESMF_RegridWeightGen/ESMF_RegridWeightGen.o
NAG Fortran Compiler Release 6.2(Chiyoda) Build 6207
Extension: /cluster/mvapich2-2.3.3-gcc-8.1.0-nag-6.2/include/mpif.h, line 528: Byte count on numeric data type
           detected at *@8
Extension: /cluster/mvapich2-2.3.3-gcc-8.1.0-nag-6.2/include/mpif.h, line 546: Byte count on numeric data type
           detected at *@8
Extension: /cluster/mvapich2-2.3.3-gcc-8.1.0-nag-6.2/include/mpif.h, line 547: Byte count on numeric data type
           detected at *@8
Warning: ESMF_RegridWeightGen.F90, line 1427: Unused local variable ARGVALUE
Warning: ESMF_RegridWeightGen.F90, line 1427: Unused local variable COUNT
Warning: ESMF_RegridWeightGen.F90, line 1427: Unused local variable CWD
Warning: ESMF_RegridWeightGen.F90, line 1427: Unused local variable I
Warning: ESMF_RegridWeightGen.F90, line 1427: Unused external reference MPI_WTICK
Warning: ESMF_RegridWeightGen.F90, line 1427: Unused external reference MPI_WTIME
Warning: ESMF_RegridWeightGen.F90, line 1427: Unused external reference PMPI_WTICK
Warning: ESMF_RegridWeightGen.F90, line 1427: Unused external reference PMPI_WTIME
Questionable: ESMF_RegridWeightGen.F90, line 1427: Variable TYPESETFLAG set but never referenced
[NAG Fortran Compiler normal termination, 12 warnings]
make chkdir_apps
make[5]: Entering directory '/scratch/cluster/dunlap/esmf-testing/nag_6.2_mvapich2_O_develop/src/apps/ESMF_RegridWeightGen'
make[5]: Leaving directory '/scratch/cluster/dunlap/esmf-testing/nag_6.2_mvapich2_O_develop/src/apps/ESMF_RegridWeightGen'
mpif90    -thread_safe -Wl,-Wl,,--no-as-needed  -openmp -L/scratch/cluster/dunlap/esmf-testing/nag_6.2_mvapich2_O_develop/DEFAULTINSTALLDIR/lib/libO/Linux.nag.64.mvapich2.default -L/usr/local/netcdf-c-4.6.1-f-4.4.4-gcc-g++-8.1.0-nag-6.2/lib -L/usr/local/netcdf-c-4.6.1-f-4.4.4-gcc-g++-8.1.0-nag-6.2/lib -L/usr/local/gcc-g++-gfortran-8.1.0/lib -L/usr/local/nag-6.2/lib -L/usr/local/netcdf-c-4.6.1-f-4.4.4-gcc-g++-gfortran-8.1.0/lib -L/usr/local/hdf5-1.8.7-gcc-g++-gfortran-8.1.0/lib -L/usr/local/gcc-g++-gfortran-8.1.0/lib/gcc/x86_64-pc-linux-gnu/8.1.0/../../../../lib64/ -Wl,-Wl,,-rpath,,/scratch/cluster/dunlap/esmf-testing/nag_6.2_mvapich2_O_develop/DEFAULTINSTALLDIR/lib/libO/Linux.nag.64.mvapich2.default -Wl,-Wl,,-rpath,,/usr/local/netcdf-c-4.6.1-f-4.4.4-gcc-g++-8.1.0-nag-6.2/lib -Wl,-Wl,,-rpath,,/usr/local/netcdf-c-4.6.1-f-4.4.4-gcc-g++-8.1.0-nag-6.2/lib -Wl,-Wl,,-rpath,,/usr/local/gcc-g++-gfortran-8.1.0/lib -Wl,-Wl,,-rpath,,/usr/local/nag-6.2/lib -Wl,-Wl,,-rpath,,/usr/local/netcdf-c-4.6.1-f-4.4.4-gcc-g++-gfortran-8.1.0/lib -Wl,-Wl,,-rpath,,/usr/local/hdf5-1.8.7-gcc-g++-gfortran-8.1.0/lib  -Wl,-Wl,,-rpath,,/usr/local/gcc-g++-gfortran-8.1.0/lib/gcc/x86_64-pc-linux-gnu/8.1.0/../../../../lib64/ -o /scratch/cluster/dunlap/esmf-testing/nag_6.2_mvapich2_O_develop/DEFAULTINSTALLDIR/bin/binO/Linux.nag.64.mvapich2.default/ESMF_RegridWeightGen /scratch/cluster/dunlap/esmf-testing/nag_6.2_mvapich2_O_develop/obj/objO/Linux.nag.64.mvapich2.default/src/apps/ESMF_RegridWeightGen/ESMF_RegridWeightGen.o -lesmf  -lrt -lstdc++ -ldl -lnetcdf -lnetcdff -lnetcdf -lnetcdf -lpioc
NAG Fortran Compiler Release 6.2(Chiyoda) Build 6207
make[4]: Leaving directory '/scratch/cluster/dunlap/esmf-testing/nag_6.2_mvapich2_O_develop/src/apps/ESMF_RegridWeightGen'
tree_build_apps in: /scratch/cluster/dunlap/esmf-testing/nag_6.2_mvapich2_O_develop/src/apps/ESMF_WebServController
make[4]: Entering directory '/scratch/cluster/dunlap/esmf-testing/nag_6.2_mvapich2_O_develop/src/apps/ESMF_WebServController'
make chkdir_locobj
make[5]: Entering directory '/scratch/cluster/dunlap/esmf-testing/nag_6.2_mvapich2_O_develop/src/apps/ESMF_WebServController'
Making directory /scratch/cluster/dunlap/esmf-testing/nag_6.2_mvapich2_O_develop/obj/objO/Linux.nag.64.mvapich2.default/src/apps/ESMF_WebServController for apps output
make[5]: Leaving directory '/scratch/cluster/dunlap/esmf-testing/nag_6.2_mvapich2_O_develop/src/apps/ESMF_WebServController'
mpicxx -c -std=c++11 -O0 -DNDEBUG -fPIC -pthread  -fopenmp -I/scratch/cluster/dunlap/esmf-testing/nag_6.2_mvapich2_O_develop/src/apps/ESMF_WebServController -I/scratch/cluster/dunlap/esmf-testing/nag_6.2_mvapich2_O_develop/src/apps/ESMF_WebServController/../include -I/scratch/cluster/dunlap/esmf-testing/nag_6.2_mvapich2_O_develop/build_config/Linux.nag.default -I/scratch/cluster/dunlap/esmf-testing/nag_6.2_mvapich2_O_develop/src/Infrastructure -I/scratch/cluster/dunlap/esmf-testing/nag_6.2_mvapich2_O_develop/src/Superstructure -I/scratch/cluster/dunlap/esmf-testing/nag_6.2_mvapich2_O_develop/src/Infrastructure/stubs/pthread  -I/scratch/cluster/dunlap/esmf-testing/nag_6.2_mvapich2_O_develop/src/include  -I/usr/local/netcdf-c-4.6.1-f-4.4.4-gcc-g++-8.1.0-nag-6.2/include -I/scratch/cluster/dunlap/esmf-testing/nag_6.2_mvapich2_O_develop/src/prologue/yaml-cpp/include -DESMF_NO_INTEGER_1_BYTE -DESMF_NO_INTEGER_2_BYTE -DESMF_VERSION_STRING_GIT='"v8.4.0b01-2-gf0d4ab211d"' -DESMF_MOAB=1 -DESMF_LAPACK=1 -DESMF_LAPACK_INTERNAL=1 -DESMF_NO_ACC_SOFTWARE_STACK=1 -DESMF_NETCDF=1 -DESMF_YAMLCPP=1 -DESMF_YAML=1 -DESMF_PIO=1 -DESMF_NO_OPENACC -DESMF_TESTEXHAUSTIVE -DESMF_BOPT_O -DESMF_TESTCOMPTUNNEL -DESMF_TESTWITHTHREADS -DS64=1 -DESMF_OS_Linux=1 -DESMF_COMM=mvapich2 -DESMF_DIR=/scratch/cluster/dunlap/esmf-testing/nag_6.2_mvapich2_O_develop -D__SDIR__='"src/apps/ESMF_WebServController"' -DESMF_CXXSTD=11 -DESMF_NO_F2018ASSUMEDTYPE ESMF_WebServController.C -o /scratch/cluster/dunlap/esmf-testing/nag_6.2_mvapich2_O_develop/obj/objO/Linux.nag.64.mvapich2.default/src/apps/ESMF_WebServController/ESMF_WebServController.o
make chkdir_apps
make[5]: Entering directory '/scratch/cluster/dunlap/esmf-testing/nag_6.2_mvapich2_O_develop/src/apps/ESMF_WebServController'
make[5]: Leaving directory '/scratch/cluster/dunlap/esmf-testing/nag_6.2_mvapich2_O_develop/src/apps/ESMF_WebServController'
mpicxx    -pthread -Wl,--no-as-needed  -fopenmp -L/scratch/cluster/dunlap/esmf-testing/nag_6.2_mvapich2_O_develop/DEFAULTINSTALLDIR/lib/libO/Linux.nag.64.mvapich2.default -L/usr/local/netcdf-c-4.6.1-f-4.4.4-gcc-g++-8.1.0-nag-6.2/lib -L/usr/local/netcdf-c-4.6.1-f-4.4.4-gcc-g++-8.1.0-nag-6.2/lib -L/usr/local/gcc-g++-gfortran-8.1.0/lib -L/usr/local/nag-6.2/lib -L/usr/local/netcdf-c-4.6.1-f-4.4.4-gcc-g++-gfortran-8.1.0/lib -L/usr/local/hdf5-1.8.7-gcc-g++-gfortran-8.1.0/lib -Wl,-rpath,/scratch/cluster/dunlap/esmf-testing/nag_6.2_mvapich2_O_develop/DEFAULTINSTALLDIR/lib/libO/Linux.nag.64.mvapich2.default -Wl,-rpath,/usr/local/netcdf-c-4.6.1-f-4.4.4-gcc-g++-8.1.0-nag-6.2/lib -Wl,-rpath,/usr/local/netcdf-c-4.6.1-f-4.4.4-gcc-g++-8.1.0-nag-6.2/lib -Wl,-rpath,/usr/local/gcc-g++-gfortran-8.1.0/lib -Wl,-rpath,/usr/local/nag-6.2/lib -Wl,-rpath,/usr/local/netcdf-c-4.6.1-f-4.4.4-gcc-g++-gfortran-8.1.0/lib -Wl,-rpath,/usr/local/hdf5-1.8.7-gcc-g++-gfortran-8.1.0/lib  -o /scratch/cluster/dunlap/esmf-testing/nag_6.2_mvapich2_O_develop/DEFAULTINSTALLDIR/bin/binO/Linux.nag.64.mvapich2.default/ESMF_WebServController /scratch/cluster/dunlap/esmf-testing/nag_6.2_mvapich2_O_develop/obj/objO/Linux.nag.64.mvapich2.default/src/apps/ESMF_WebServController/ESMF_WebServController.o -lesmf  -lrt -ldl -g -m64 /usr/local/nag-6.2/lib/NAG_Fortran/f62init.o /usr/local/nag-6.2/lib/NAG_Fortran/quickfit.o -L/cluster/mvapich2-2.3.3-gcc-8.1.0-nag-6.2/lib -lmpifort -lmpi -Wl,-rpath,/usr/local/nag-6.2/lib/NAG_Fortran /usr/local/nag-6.2/lib/NAG_Fortran/libf62rts.so /usr/local/nag-6.2/lib/NAG_Fortran/libf62rts.a -lm -Wl,-rpath -Wl,/cluster/mvapich2-2.3.3-gcc-8.1.0-nag-6.2/lib -lnetcdf -lnetcdff -lnetcdf -lnetcdf -lpioc
make[4]: Leaving directory '/scratch/cluster/dunlap/esmf-testing/nag_6.2_mvapich2_O_develop/src/apps/ESMF_WebServController'
tree_build_apps in: /scratch/cluster/dunlap/esmf-testing/nag_6.2_mvapich2_O_develop/src/apps/ESMF_Scrip2Unstruct
make[4]: Entering directory '/scratch/cluster/dunlap/esmf-testing/nag_6.2_mvapich2_O_develop/src/apps/ESMF_Scrip2Unstruct'
make chkdir_locobj
make[5]: Entering directory '/scratch/cluster/dunlap/esmf-testing/nag_6.2_mvapich2_O_develop/src/apps/ESMF_Scrip2Unstruct'
Making directory /scratch/cluster/dunlap/esmf-testing/nag_6.2_mvapich2_O_develop/obj/objO/Linux.nag.64.mvapich2.default/src/apps/ESMF_Scrip2Unstruct for apps output
make[5]: Leaving directory '/scratch/cluster/dunlap/esmf-testing/nag_6.2_mvapich2_O_develop/src/apps/ESMF_Scrip2Unstruct'
mpicxx -c -std=c++11 -O0 -DNDEBUG -fPIC -pthread  -fopenmp -I/scratch/cluster/dunlap/esmf-testing/nag_6.2_mvapich2_O_develop/src/apps/ESMF_Scrip2Unstruct -I/scratch/cluster/dunlap/esmf-testing/nag_6.2_mvapich2_O_develop/src/apps/ESMF_Scrip2Unstruct/../include -I/scratch/cluster/dunlap/esmf-testing/nag_6.2_mvapich2_O_develop/build_config/Linux.nag.default -I/scratch/cluster/dunlap/esmf-testing/nag_6.2_mvapich2_O_develop/src/Infrastructure -I/scratch/cluster/dunlap/esmf-testing/nag_6.2_mvapich2_O_develop/src/Superstructure -I/scratch/cluster/dunlap/esmf-testing/nag_6.2_mvapich2_O_develop/src/Infrastructure/stubs/pthread  -I/scratch/cluster/dunlap/esmf-testing/nag_6.2_mvapich2_O_develop/src/include  -I/usr/local/netcdf-c-4.6.1-f-4.4.4-gcc-g++-8.1.0-nag-6.2/include -I/scratch/cluster/dunlap/esmf-testing/nag_6.2_mvapich2_O_develop/src/prologue/yaml-cpp/include -DESMF_NO_INTEGER_1_BYTE -DESMF_NO_INTEGER_2_BYTE -DESMF_VERSION_STRING_GIT='"v8.4.0b01-2-gf0d4ab211d"' -DESMF_MOAB=1 -DESMF_LAPACK=1 -DESMF_LAPACK_INTERNAL=1 -DESMF_NO_ACC_SOFTWARE_STACK=1 -DESMF_NETCDF=1 -DESMF_YAMLCPP=1 -DESMF_YAML=1 -DESMF_PIO=1 -DESMF_NO_OPENACC -DESMF_TESTEXHAUSTIVE -DESMF_BOPT_O -DESMF_TESTCOMPTUNNEL -DESMF_TESTWITHTHREADS -DS64=1 -DESMF_OS_Linux=1 -DESMF_COMM=mvapich2 -DESMF_DIR=/scratch/cluster/dunlap/esmf-testing/nag_6.2_mvapich2_O_develop -D__SDIR__='"src/apps/ESMF_Scrip2Unstruct"' -DESMF_CXXSTD=11 -DESMF_NO_F2018ASSUMEDTYPE ESMF_Scrip2Unstruct.C -o /scratch/cluster/dunlap/esmf-testing/nag_6.2_mvapich2_O_develop/obj/objO/Linux.nag.64.mvapich2.default/src/apps/ESMF_Scrip2Unstruct/ESMF_Scrip2Unstruct.o
make chkdir_apps
make[5]: Entering directory '/scratch/cluster/dunlap/esmf-testing/nag_6.2_mvapich2_O_develop/src/apps/ESMF_Scrip2Unstruct'
make[5]: Leaving directory '/scratch/cluster/dunlap/esmf-testing/nag_6.2_mvapich2_O_develop/src/apps/ESMF_Scrip2Unstruct'
mpicxx    -pthread -Wl,--no-as-needed  -fopenmp -L/scratch/cluster/dunlap/esmf-testing/nag_6.2_mvapich2_O_develop/DEFAULTINSTALLDIR/lib/libO/Linux.nag.64.mvapich2.default -L/usr/local/netcdf-c-4.6.1-f-4.4.4-gcc-g++-8.1.0-nag-6.2/lib -L/usr/local/netcdf-c-4.6.1-f-4.4.4-gcc-g++-8.1.0-nag-6.2/lib -L/usr/local/gcc-g++-gfortran-8.1.0/lib -L/usr/local/nag-6.2/lib -L/usr/local/netcdf-c-4.6.1-f-4.4.4-gcc-g++-gfortran-8.1.0/lib -L/usr/local/hdf5-1.8.7-gcc-g++-gfortran-8.1.0/lib -Wl,-rpath,/scratch/cluster/dunlap/esmf-testing/nag_6.2_mvapich2_O_develop/DEFAULTINSTALLDIR/lib/libO/Linux.nag.64.mvapich2.default -Wl,-rpath,/usr/local/netcdf-c-4.6.1-f-4.4.4-gcc-g++-8.1.0-nag-6.2/lib -Wl,-rpath,/usr/local/netcdf-c-4.6.1-f-4.4.4-gcc-g++-8.1.0-nag-6.2/lib -Wl,-rpath,/usr/local/gcc-g++-gfortran-8.1.0/lib -Wl,-rpath,/usr/local/nag-6.2/lib -Wl,-rpath,/usr/local/netcdf-c-4.6.1-f-4.4.4-gcc-g++-gfortran-8.1.0/lib -Wl,-rpath,/usr/local/hdf5-1.8.7-gcc-g++-gfortran-8.1.0/lib  -o /scratch/cluster/dunlap/esmf-testing/nag_6.2_mvapich2_O_develop/DEFAULTINSTALLDIR/bin/binO/Linux.nag.64.mvapich2.default/ESMF_Scrip2Unstruct /scratch/cluster/dunlap/esmf-testing/nag_6.2_mvapich2_O_develop/obj/objO/Linux.nag.64.mvapich2.default/src/apps/ESMF_Scrip2Unstruct/ESMF_Scrip2Unstruct.o -lesmf  -lrt -ldl -g -m64 /usr/local/nag-6.2/lib/NAG_Fortran/f62init.o /usr/local/nag-6.2/lib/NAG_Fortran/quickfit.o -L/cluster/mvapich2-2.3.3-gcc-8.1.0-nag-6.2/lib -lmpifort -lmpi -Wl,-rpath,/usr/local/nag-6.2/lib/NAG_Fortran /usr/local/nag-6.2/lib/NAG_Fortran/libf62rts.so /usr/local/nag-6.2/lib/NAG_Fortran/libf62rts.a -lm -Wl,-rpath -Wl,/cluster/mvapich2-2.3.3-gcc-8.1.0-nag-6.2/lib -lnetcdf -lnetcdff -lnetcdf -lnetcdf -lpioc
make[4]: Leaving directory '/scratch/cluster/dunlap/esmf-testing/nag_6.2_mvapich2_O_develop/src/apps/ESMF_Scrip2Unstruct'
tree_build_apps in: /scratch/cluster/dunlap/esmf-testing/nag_6.2_mvapich2_O_develop/src/apps/ESMF_Regrid
make[4]: Entering directory '/scratch/cluster/dunlap/esmf-testing/nag_6.2_mvapich2_O_develop/src/apps/ESMF_Regrid'
make chkdir_locobj
make[5]: Entering directory '/scratch/cluster/dunlap/esmf-testing/nag_6.2_mvapich2_O_develop/src/apps/ESMF_Regrid'
Making directory /scratch/cluster/dunlap/esmf-testing/nag_6.2_mvapich2_O_develop/obj/objO/Linux.nag.64.mvapich2.default/src/apps/ESMF_Regrid for apps output
make[5]: Leaving directory '/scratch/cluster/dunlap/esmf-testing/nag_6.2_mvapich2_O_develop/src/apps/ESMF_Regrid'
mpif90 -c -O0 -pic -DESMF_NAG_UNIX_MODULE -dusty -thread_safe  -openmp -I/scratch/cluster/dunlap/esmf-testing/nag_6.2_mvapich2_O_develop/src/apps/ESMF_Regrid -I/scratch/cluster/dunlap/esmf-testing/nag_6.2_mvapich2_O_develop/build_config/Linux.nag.default -I/scratch/cluster/dunlap/esmf-testing/nag_6.2_mvapich2_O_develop/src/Infrastructure -I/scratch/cluster/dunlap/esmf-testing/nag_6.2_mvapich2_O_develop/src/Superstructure -I/scratch/cluster/dunlap/esmf-testing/nag_6.2_mvapich2_O_develop/DEFAULTINSTALLDIR/mod/modO/Linux.nag.64.mvapich2.default -I/scratch/cluster/dunlap/esmf-testing/nag_6.2_mvapich2_O_develop/src/include -I/usr/local/netcdf-c-4.6.1-f-4.4.4-gcc-g++-8.1.0-nag-6.2/include -I/usr/local/netcdf-c-4.6.1-f-4.4.4-gcc-g++-8.1.0-nag-6.2/include  -DESMF_NO_INTEGER_1_BYTE -DESMF_NO_INTEGER_2_BYTE -DESMF_VERSION_STRING_GIT='"v8.4.0b01-2-gf0d4ab211d"' -DESMF_MOAB=1 -DESMF_LAPACK=1 -DESMF_LAPACK_INTERNAL=1 -DESMF_NO_ACC_SOFTWARE_STACK=1 -DESMF_NETCDF=1 -DESMF_YAMLCPP=1 -DESMF_YAML=1 -DESMF_PIO=1 -DESMF_NO_OPENACC -DESMF_TESTEXHAUSTIVE -DESMF_BOPT_O -DESMF_TESTCOMPTUNNEL -DESMF_TESTWITHTHREADS -DS64=1 -DESMF_OS_Linux=1 -DESMF_COMM=mvapich2 -DESMF_DIR=/scratch/cluster/dunlap/esmf-testing/nag_6.2_mvapich2_O_develop -DESMF_NO_F2018ASSUMEDTYPE ESMF_Regrid.F90 -o /scratch/cluster/dunlap/esmf-testing/nag_6.2_mvapich2_O_develop/obj/objO/Linux.nag.64.mvapich2.default/src/apps/ESMF_Regrid/ESMF_Regrid.o
NAG Fortran Compiler Release 6.2(Chiyoda) Build 6207
Extension: /cluster/mvapich2-2.3.3-gcc-8.1.0-nag-6.2/include/mpif.h, line 528: Byte count on numeric data type
           detected at *@8
Extension: /cluster/mvapich2-2.3.3-gcc-8.1.0-nag-6.2/include/mpif.h, line 546: Byte count on numeric data type
           detected at *@8
Extension: /cluster/mvapich2-2.3.3-gcc-8.1.0-nag-6.2/include/mpif.h, line 547: Byte count on numeric data type
           detected at *@8
Warning: ESMF_Regrid.F90, line 593: Unused local variable ARGVALUE
Warning: ESMF_Regrid.F90, line 593: Unused local variable COUNT
Warning: ESMF_Regrid.F90, line 593: Unused local variable CWD
Warning: ESMF_Regrid.F90, line 593: Unused local variable I
Warning: ESMF_Regrid.F90, line 593: Unused external reference MPI_WTICK
Warning: ESMF_Regrid.F90, line 593: Unused external reference MPI_WTIME
Warning: ESMF_Regrid.F90, line 593: Unused external reference PMPI_WTICK
Warning: ESMF_Regrid.F90, line 593: Unused external reference PMPI_WTIME
Warning: ESMF_Regrid.F90, line 593: Unused local variable POS
Warning: ESMF_Regrid.F90, line 593: Unused local variable TYPESETFLAG
[NAG Fortran Compiler normal termination, 13 warnings]
make chkdir_apps
make[5]: Entering directory '/scratch/cluster/dunlap/esmf-testing/nag_6.2_mvapich2_O_develop/src/apps/ESMF_Regrid'
make[5]: Leaving directory '/scratch/cluster/dunlap/esmf-testing/nag_6.2_mvapich2_O_develop/src/apps/ESMF_Regrid'
mpif90    -thread_safe -Wl,-Wl,,--no-as-needed  -openmp -L/scratch/cluster/dunlap/esmf-testing/nag_6.2_mvapich2_O_develop/DEFAULTINSTALLDIR/lib/libO/Linux.nag.64.mvapich2.default -L/usr/local/netcdf-c-4.6.1-f-4.4.4-gcc-g++-8.1.0-nag-6.2/lib -L/usr/local/netcdf-c-4.6.1-f-4.4.4-gcc-g++-8.1.0-nag-6.2/lib -L/usr/local/gcc-g++-gfortran-8.1.0/lib -L/usr/local/nag-6.2/lib -L/usr/local/netcdf-c-4.6.1-f-4.4.4-gcc-g++-gfortran-8.1.0/lib -L/usr/local/hdf5-1.8.7-gcc-g++-gfortran-8.1.0/lib -L/usr/local/gcc-g++-gfortran-8.1.0/lib/gcc/x86_64-pc-linux-gnu/8.1.0/../../../../lib64/ -Wl,-Wl,,-rpath,,/scratch/cluster/dunlap/esmf-testing/nag_6.2_mvapich2_O_develop/DEFAULTINSTALLDIR/lib/libO/Linux.nag.64.mvapich2.default -Wl,-Wl,,-rpath,,/usr/local/netcdf-c-4.6.1-f-4.4.4-gcc-g++-8.1.0-nag-6.2/lib -Wl,-Wl,,-rpath,,/usr/local/netcdf-c-4.6.1-f-4.4.4-gcc-g++-8.1.0-nag-6.2/lib -Wl,-Wl,,-rpath,,/usr/local/gcc-g++-gfortran-8.1.0/lib -Wl,-Wl,,-rpath,,/usr/local/nag-6.2/lib -Wl,-Wl,,-rpath,,/usr/local/netcdf-c-4.6.1-f-4.4.4-gcc-g++-gfortran-8.1.0/lib -Wl,-Wl,,-rpath,,/usr/local/hdf5-1.8.7-gcc-g++-gfortran-8.1.0/lib  -Wl,-Wl,,-rpath,,/usr/local/gcc-g++-gfortran-8.1.0/lib/gcc/x86_64-pc-linux-gnu/8.1.0/../../../../lib64/ -o /scratch/cluster/dunlap/esmf-testing/nag_6.2_mvapich2_O_develop/DEFAULTINSTALLDIR/bin/binO/Linux.nag.64.mvapich2.default/ESMF_Regrid /scratch/cluster/dunlap/esmf-testing/nag_6.2_mvapich2_O_develop/obj/objO/Linux.nag.64.mvapich2.default/src/apps/ESMF_Regrid/ESMF_Regrid.o -lesmf  -lrt -lstdc++ -ldl -lnetcdf -lnetcdff -lnetcdf -lnetcdf -lpioc
NAG Fortran Compiler Release 6.2(Chiyoda) Build 6207
make[4]: Leaving directory '/scratch/cluster/dunlap/esmf-testing/nag_6.2_mvapich2_O_develop/src/apps/ESMF_Regrid'
make[3]: Leaving directory '/scratch/cluster/dunlap/esmf-testing/nag_6.2_mvapich2_O_develop/src/apps'
ESMF apps built successfully.
make[2]: Leaving directory '/scratch/cluster/dunlap/esmf-testing/nag_6.2_mvapich2_O_develop'
make[1]: Leaving directory '/scratch/cluster/dunlap/esmf-testing/nag_6.2_mvapich2_O_develop'
mkdir -p /scratch/cluster/dunlap/esmf-testing/nag_6.2_mvapich2_O_develop/DEFAULTINSTALLDIR/doc
make install_info_mk
make[1]: Entering directory '/scratch/cluster/dunlap/esmf-testing/nag_6.2_mvapich2_O_develop'
make info_mk ESMF_APPSDIR=/scratch/cluster/dunlap/esmf-testing/nag_6.2_mvapich2_O_develop/DEFAULTINSTALLDIR/bin/binO/Linux.nag.64.mvapich2.default ESMF_LDIR=/scratch/cluster/dunlap/esmf-testing/nag_6.2_mvapich2_O_develop/DEFAULTINSTALLDIR/lib/libO/Linux.nag.64.mvapich2.default ESMF_LIBDIR=/scratch/cluster/dunlap/esmf-testing/nag_6.2_mvapich2_O_develop/DEFAULTINSTALLDIR/lib/libO/Linux.nag.64.mvapich2.default ESMF_MODDIR=/scratch/cluster/dunlap/esmf-testing/nag_6.2_mvapich2_O_develop/DEFAULTINSTALLDIR/mod/modO/Linux.nag.64.mvapich2.default ESMF_INCDIR=/scratch/cluster/dunlap/esmf-testing/nag_6.2_mvapich2_O_develop/DEFAULTINSTALLDIR/include
make[2]: Entering directory '/scratch/cluster/dunlap/esmf-testing/nag_6.2_mvapich2_O_develop'
make[2]: Leaving directory '/scratch/cluster/dunlap/esmf-testing/nag_6.2_mvapich2_O_develop'
make[1]: Leaving directory '/scratch/cluster/dunlap/esmf-testing/nag_6.2_mvapich2_O_develop'
 
ESMF installation complete.
 
