build time -- 2022-07-17 01:22:50.431603
20220717 014750.947 INFO             PET0 !!!!!!!!!!!!!!!!!!!!!!!!!!!!!!!!!!!!!!!!!!!!!!!!!!!!!!
20220717 014750.947 INFO             PET0 !!! THE ESMF_LOG IS SET TO OUTPUT ALL LOG MESSAGES !!!
20220717 014750.947 INFO             PET0 !!!     THIS MAY CAUSE SLOWDOWN IN PERFORMANCE     !!!
20220717 014750.947 INFO             PET0 !!! FOR PRODUCTION RUNS, USE:                      !!!
20220717 014750.947 INFO             PET0 !!!                   ESMF_LOGKIND_Multi_On_Error  !!!
20220717 014750.947 INFO             PET0 !!!!!!!!!!!!!!!!!!!!!!!!!!!!!!!!!!!!!!!!!!!!!!!!!!!!!!
20220717 014750.947 INFO             PET0 Running with ESMF Version   : v8.4.0b04-9-g4da4a8320a
20220717 014750.947 INFO             PET0 ESMF library build date/time: "Jul 17 2022" "01:19:49"
20220717 014750.947 INFO             PET0 ESMF library build location : /gpfsm/dnb04/projects/p98/mpotts/esmf/gfortran_8.3.0_intelmpi_O_feature_named-alias
20220717 014750.947 INFO             PET0 ESMF_COMM                   : intelmpi
20220717 014750.947 INFO             PET0 ESMF_MOAB                   : enabled
20220717 014750.947 INFO             PET0 ESMF_LAPACK                 : enabled
20220717 014750.947 INFO             PET0 ESMF_NETCDF                 : disabled
20220717 014750.947 INFO             PET0 ESMF_PNETCDF                : disabled
20220717 014750.947 INFO             PET0 ESMF_PIO                    : disabled
20220717 014750.947 INFO             PET0 ESMF_YAMLCPP                : enabled
20220717 014750.948 INFO             PET0  NUMBER_OF_PROCESSORS           1
20220717 014750.948 INFO             PET0  PASS  Example ESMF_AlarmEx, ESMF_AlarmEx.F90, line 244
20220717 014750.948 INFO             PET0 Finalizing ESMF
