build time -- 2022-07-20 02:24:08.007239
20220720 025144.390 INFO             PET0 !!!!!!!!!!!!!!!!!!!!!!!!!!!!!!!!!!!!!!!!!!!!!!!!!!!!!!
20220720 025144.391 INFO             PET0 !!! THE ESMF_LOG IS SET TO OUTPUT ALL LOG MESSAGES !!!
20220720 025144.391 INFO             PET0 !!!     THIS MAY CAUSE SLOWDOWN IN PERFORMANCE     !!!
20220720 025144.391 INFO             PET0 !!! FOR PRODUCTION RUNS, USE:                      !!!
20220720 025144.391 INFO             PET0 !!!                   ESMF_LOGKIND_Multi_On_Error  !!!
20220720 025144.391 INFO             PET0 !!!!!!!!!!!!!!!!!!!!!!!!!!!!!!!!!!!!!!!!!!!!!!!!!!!!!!
20220720 025144.391 INFO             PET0 Running with ESMF Version   : v8.4.0b06-4-gd14c4971e8
20220720 025144.391 INFO             PET0 ESMF library build date/time: "Jul 20 2022" "02:22:08"
20220720 025144.391 INFO             PET0 ESMF library build location : /glade/scratch/dunlap/esmf-testing/gfortran_10.1.0_mpt_O_develop
20220720 025144.391 INFO             PET0 ESMF_COMM                   : mpt
20220720 025144.391 INFO             PET0 ESMF_MOAB                   : enabled
20220720 025144.391 INFO             PET0 ESMF_LAPACK                 : enabled
20220720 025144.391 INFO             PET0 ESMF_NETCDF                 : enabled
20220720 025144.391 INFO             PET0 ESMF_PNETCDF                : disabled
20220720 025144.391 INFO             PET0 ESMF_PIO                    : enabled
20220720 025144.391 INFO             PET0 ESMF_YAMLCPP                : enabled
20220720 025144.427 DEBUG            PET0 about to destroy Grid: 0x2e9e250
20220720 025144.430 DEBUG            PET0 about to destroy Grid: 0x2e9fa30
20220720 025144.441 INFO             PET0  NUMBER_OF_PROCESSORS           4
20220720 025144.441 INFO             PET0  PASS  Example ESMF_NUOPCAtmModelEx, ESMF_NUOPCAtmModelEx.F90, line 806
20220720 025144.441 INFO             PET0 Finalizing ESMF
20220720 025144.391 INFO             PET1 !!!!!!!!!!!!!!!!!!!!!!!!!!!!!!!!!!!!!!!!!!!!!!!!!!!!!!
20220720 025144.391 INFO             PET1 !!! THE ESMF_LOG IS SET TO OUTPUT ALL LOG MESSAGES !!!
20220720 025144.391 INFO             PET1 !!!     THIS MAY CAUSE SLOWDOWN IN PERFORMANCE     !!!
20220720 025144.391 INFO             PET1 !!! FOR PRODUCTION RUNS, USE:                      !!!
20220720 025144.391 INFO             PET1 !!!                   ESMF_LOGKIND_Multi_On_Error  !!!
20220720 025144.391 INFO             PET1 !!!!!!!!!!!!!!!!!!!!!!!!!!!!!!!!!!!!!!!!!!!!!!!!!!!!!!
20220720 025144.391 INFO             PET1 Running with ESMF Version   : v8.4.0b06-4-gd14c4971e8
20220720 025144.391 INFO             PET1 ESMF library build date/time: "Jul 20 2022" "02:22:08"
20220720 025144.391 INFO             PET1 ESMF library build location : /glade/scratch/dunlap/esmf-testing/gfortran_10.1.0_mpt_O_develop
20220720 025144.391 INFO             PET1 ESMF_COMM                   : mpt
20220720 025144.391 INFO             PET1 ESMF_MOAB                   : enabled
20220720 025144.391 INFO             PET1 ESMF_LAPACK                 : enabled
20220720 025144.391 INFO             PET1 ESMF_NETCDF                 : enabled
20220720 025144.391 INFO             PET1 ESMF_PNETCDF                : disabled
20220720 025144.391 INFO             PET1 ESMF_PIO                    : enabled
20220720 025144.391 INFO             PET1 ESMF_YAMLCPP                : enabled
20220720 025144.427 DEBUG            PET1 about to destroy Grid: 0x2e9e8e0
20220720 025144.430 DEBUG            PET1 about to destroy Grid: 0x2e9f590
20220720 025144.441 INFO             PET1  NUMBER_OF_PROCESSORS           4
20220720 025144.441 INFO             PET1  PASS  Example ESMF_NUOPCAtmModelEx, ESMF_NUOPCAtmModelEx.F90, line 806
20220720 025144.441 INFO             PET1 Finalizing ESMF
20220720 025144.391 INFO             PET2 !!!!!!!!!!!!!!!!!!!!!!!!!!!!!!!!!!!!!!!!!!!!!!!!!!!!!!
20220720 025144.391 INFO             PET2 !!! THE ESMF_LOG IS SET TO OUTPUT ALL LOG MESSAGES !!!
20220720 025144.391 INFO             PET2 !!!     THIS MAY CAUSE SLOWDOWN IN PERFORMANCE     !!!
20220720 025144.391 INFO             PET2 !!! FOR PRODUCTION RUNS, USE:                      !!!
20220720 025144.391 INFO             PET2 !!!                   ESMF_LOGKIND_Multi_On_Error  !!!
20220720 025144.391 INFO             PET2 !!!!!!!!!!!!!!!!!!!!!!!!!!!!!!!!!!!!!!!!!!!!!!!!!!!!!!
20220720 025144.391 INFO             PET2 Running with ESMF Version   : v8.4.0b06-4-gd14c4971e8
20220720 025144.391 INFO             PET2 ESMF library build date/time: "Jul 20 2022" "02:22:08"
20220720 025144.391 INFO             PET2 ESMF library build location : /glade/scratch/dunlap/esmf-testing/gfortran_10.1.0_mpt_O_develop
20220720 025144.391 INFO             PET2 ESMF_COMM                   : mpt
20220720 025144.391 INFO             PET2 ESMF_MOAB                   : enabled
20220720 025144.391 INFO             PET2 ESMF_LAPACK                 : enabled
20220720 025144.391 INFO             PET2 ESMF_NETCDF                 : enabled
20220720 025144.391 INFO             PET2 ESMF_PNETCDF                : disabled
20220720 025144.391 INFO             PET2 ESMF_PIO                    : enabled
20220720 025144.391 INFO             PET2 ESMF_YAMLCPP                : enabled
20220720 025144.427 DEBUG            PET2 about to destroy Grid: 0x2e9dfd0
20220720 025144.430 DEBUG            PET2 about to destroy Grid: 0x2e9f270
20220720 025144.441 INFO             PET2  NUMBER_OF_PROCESSORS           4
20220720 025144.441 INFO             PET2  PASS  Example ESMF_NUOPCAtmModelEx, ESMF_NUOPCAtmModelEx.F90, line 806
20220720 025144.441 INFO             PET2 Finalizing ESMF
20220720 025144.391 INFO             PET3 !!!!!!!!!!!!!!!!!!!!!!!!!!!!!!!!!!!!!!!!!!!!!!!!!!!!!!
20220720 025144.391 INFO             PET3 !!! THE ESMF_LOG IS SET TO OUTPUT ALL LOG MESSAGES !!!
20220720 025144.391 INFO             PET3 !!!     THIS MAY CAUSE SLOWDOWN IN PERFORMANCE     !!!
20220720 025144.391 INFO             PET3 !!! FOR PRODUCTION RUNS, USE:                      !!!
20220720 025144.391 INFO             PET3 !!!                   ESMF_LOGKIND_Multi_On_Error  !!!
20220720 025144.391 INFO             PET3 !!!!!!!!!!!!!!!!!!!!!!!!!!!!!!!!!!!!!!!!!!!!!!!!!!!!!!
20220720 025144.391 INFO             PET3 Running with ESMF Version   : v8.4.0b06-4-gd14c4971e8
20220720 025144.391 INFO             PET3 ESMF library build date/time: "Jul 20 2022" "02:22:08"
20220720 025144.391 INFO             PET3 ESMF library build location : /glade/scratch/dunlap/esmf-testing/gfortran_10.1.0_mpt_O_develop
20220720 025144.391 INFO             PET3 ESMF_COMM                   : mpt
20220720 025144.391 INFO             PET3 ESMF_MOAB                   : enabled
20220720 025144.391 INFO             PET3 ESMF_LAPACK                 : enabled
20220720 025144.391 INFO             PET3 ESMF_NETCDF                 : enabled
20220720 025144.391 INFO             PET3 ESMF_PNETCDF                : disabled
20220720 025144.391 INFO             PET3 ESMF_PIO                    : enabled
20220720 025144.391 INFO             PET3 ESMF_YAMLCPP                : enabled
20220720 025144.427 DEBUG            PET3 about to destroy Grid: 0x2e9e2b0
20220720 025144.430 DEBUG            PET3 about to destroy Grid: 0x2e9eea0
20220720 025144.441 INFO             PET3  NUMBER_OF_PROCESSORS           4
20220720 025144.441 INFO             PET3  PASS  Example ESMF_NUOPCAtmModelEx, ESMF_NUOPCAtmModelEx.F90, line 806
20220720 025144.441 INFO             PET3 Finalizing ESMF
