build time -- 2022-06-28 02:20:49.164855
20220628 024535.290 INFO             PET0 !!!!!!!!!!!!!!!!!!!!!!!!!!!!!!!!!!!!!!!!!!!!!!!!!!!!!!
20220628 024535.290 INFO             PET0 !!! THE ESMF_LOG IS SET TO OUTPUT ALL LOG MESSAGES !!!
20220628 024535.290 INFO             PET0 !!!     THIS MAY CAUSE SLOWDOWN IN PERFORMANCE     !!!
20220628 024535.290 INFO             PET0 !!! FOR PRODUCTION RUNS, USE:                      !!!
20220628 024535.290 INFO             PET0 !!!                   ESMF_LOGKIND_Multi_On_Error  !!!
20220628 024535.290 INFO             PET0 !!!!!!!!!!!!!!!!!!!!!!!!!!!!!!!!!!!!!!!!!!!!!!!!!!!!!!
20220628 024535.290 INFO             PET0 Running with ESMF Version   : v8.4.0b01-2-gf0d4ab211d
20220628 024535.290 INFO             PET0 ESMF library build date/time: "Jun 28 2022" "02:18:50"
20220628 024535.290 INFO             PET0 ESMF library build location : /glade/scratch/dunlap/esmf-testing/gfortran_10.1.0_mpt_O_develop
20220628 024535.290 INFO             PET0 ESMF_COMM                   : mpt
20220628 024535.290 INFO             PET0 ESMF_MOAB                   : enabled
20220628 024535.290 INFO             PET0 ESMF_LAPACK                 : enabled
20220628 024535.290 INFO             PET0 ESMF_NETCDF                 : enabled
20220628 024535.290 INFO             PET0 ESMF_PNETCDF                : disabled
20220628 024535.290 INFO             PET0 ESMF_PIO                    : enabled
20220628 024535.290 INFO             PET0 ESMF_YAMLCPP                : enabled
20220628 024535.290 INFO             PET0  NUMBER_OF_PROCESSORS           1
20220628 024535.290 INFO             PET0  PASS  Example ESMF_TimeEx, ESMF_TimeEx.F90, line 141
20220628 024535.290 INFO             PET0 Finalizing ESMF
