build time -- 2022-07-16 01:17:01.334914
20220716 014957.862 INFO             PET0 !!!!!!!!!!!!!!!!!!!!!!!!!!!!!!!!!!!!!!!!!!!!!!!!!!!!!!
20220716 014957.862 INFO             PET0 !!! THE ESMF_LOG IS SET TO OUTPUT ALL LOG MESSAGES !!!
20220716 014957.862 INFO             PET0 !!!     THIS MAY CAUSE SLOWDOWN IN PERFORMANCE     !!!
20220716 014957.862 INFO             PET0 !!! FOR PRODUCTION RUNS, USE:                      !!!
20220716 014957.862 INFO             PET0 !!!                   ESMF_LOGKIND_Multi_On_Error  !!!
20220716 014957.862 INFO             PET0 !!!!!!!!!!!!!!!!!!!!!!!!!!!!!!!!!!!!!!!!!!!!!!!!!!!!!!
20220716 014957.862 INFO             PET0 Running with ESMF Version   : v8.4.0b04-8-g9865973e1f
20220716 014957.862 INFO             PET0 ESMF library build date/time: "Jul 16 2022" "01:14:47"
20220716 014957.862 INFO             PET0 ESMF library build location : /gpfsm/dnb04/projects/p98/mpotts/esmf/intel_19.1.3_intelmpi_O_feature_named-alias
20220716 014957.862 INFO             PET0 ESMF_COMM                   : intelmpi
20220716 014957.863 INFO             PET0 ESMF_MOAB                   : enabled
20220716 014957.863 INFO             PET0 ESMF_LAPACK                 : enabled
20220716 014957.863 INFO             PET0 ESMF_NETCDF                 : enabled
20220716 014957.863 INFO             PET0 ESMF_PNETCDF                : disabled
20220716 014957.863 INFO             PET0 ESMF_PIO                    : enabled
20220716 014957.863 INFO             PET0 ESMF_YAMLCPP                : enabled
20220716 014957.873 INFO             PET0 ESMF_FieldRedistStoreNF(): Just entered routine.
20220716 014957.907 INFO             PET0 ESMF_FieldRedistStoreNF(): Leaving routine.
20220716 014957.917 INFO             PET0  NUMBER_OF_PROCESSORS           4
20220716 014957.917 INFO             PET0  PASS  Example ESMF_RHandleFromFileEx, ESMF_RHandleFromFileEx.F90, line 192
20220716 014957.917 INFO             PET0 Finalizing ESMF
20220716 014957.868 INFO             PET1 !!!!!!!!!!!!!!!!!!!!!!!!!!!!!!!!!!!!!!!!!!!!!!!!!!!!!!
20220716 014957.868 INFO             PET1 !!! THE ESMF_LOG IS SET TO OUTPUT ALL LOG MESSAGES !!!
20220716 014957.868 INFO             PET1 !!!     THIS MAY CAUSE SLOWDOWN IN PERFORMANCE     !!!
20220716 014957.868 INFO             PET1 !!! FOR PRODUCTION RUNS, USE:                      !!!
20220716 014957.868 INFO             PET1 !!!                   ESMF_LOGKIND_Multi_On_Error  !!!
20220716 014957.868 INFO             PET1 !!!!!!!!!!!!!!!!!!!!!!!!!!!!!!!!!!!!!!!!!!!!!!!!!!!!!!
20220716 014957.868 INFO             PET1 Running with ESMF Version   : v8.4.0b04-8-g9865973e1f
20220716 014957.868 INFO             PET1 ESMF library build date/time: "Jul 16 2022" "01:14:47"
20220716 014957.868 INFO             PET1 ESMF library build location : /gpfsm/dnb04/projects/p98/mpotts/esmf/intel_19.1.3_intelmpi_O_feature_named-alias
20220716 014957.868 INFO             PET1 ESMF_COMM                   : intelmpi
20220716 014957.869 INFO             PET1 ESMF_MOAB                   : enabled
20220716 014957.869 INFO             PET1 ESMF_LAPACK                 : enabled
20220716 014957.869 INFO             PET1 ESMF_NETCDF                 : enabled
20220716 014957.869 INFO             PET1 ESMF_PNETCDF                : disabled
20220716 014957.869 INFO             PET1 ESMF_PIO                    : enabled
20220716 014957.869 INFO             PET1 ESMF_YAMLCPP                : enabled
20220716 014957.872 INFO             PET1 ESMF_FieldRedistStoreNF(): Just entered routine.
20220716 014957.906 INFO             PET1 ESMF_FieldRedistStoreNF(): Leaving routine.
20220716 014957.917 INFO             PET1  NUMBER_OF_PROCESSORS           4
20220716 014957.917 INFO             PET1  PASS  Example ESMF_RHandleFromFileEx, ESMF_RHandleFromFileEx.F90, line 192
20220716 014957.917 INFO             PET1 Finalizing ESMF
20220716 014957.870 INFO             PET2 !!!!!!!!!!!!!!!!!!!!!!!!!!!!!!!!!!!!!!!!!!!!!!!!!!!!!!
20220716 014957.870 INFO             PET2 !!! THE ESMF_LOG IS SET TO OUTPUT ALL LOG MESSAGES !!!
20220716 014957.870 INFO             PET2 !!!     THIS MAY CAUSE SLOWDOWN IN PERFORMANCE     !!!
20220716 014957.870 INFO             PET2 !!! FOR PRODUCTION RUNS, USE:                      !!!
20220716 014957.870 INFO             PET2 !!!                   ESMF_LOGKIND_Multi_On_Error  !!!
20220716 014957.870 INFO             PET2 !!!!!!!!!!!!!!!!!!!!!!!!!!!!!!!!!!!!!!!!!!!!!!!!!!!!!!
20220716 014957.870 INFO             PET2 Running with ESMF Version   : v8.4.0b04-8-g9865973e1f
20220716 014957.870 INFO             PET2 ESMF library build date/time: "Jul 16 2022" "01:14:47"
20220716 014957.870 INFO             PET2 ESMF library build location : /gpfsm/dnb04/projects/p98/mpotts/esmf/intel_19.1.3_intelmpi_O_feature_named-alias
20220716 014957.870 INFO             PET2 ESMF_COMM                   : intelmpi
20220716 014957.870 INFO             PET2 ESMF_MOAB                   : enabled
20220716 014957.870 INFO             PET2 ESMF_LAPACK                 : enabled
20220716 014957.870 INFO             PET2 ESMF_NETCDF                 : enabled
20220716 014957.870 INFO             PET2 ESMF_PNETCDF                : disabled
20220716 014957.870 INFO             PET2 ESMF_PIO                    : enabled
20220716 014957.870 INFO             PET2 ESMF_YAMLCPP                : enabled
20220716 014957.872 INFO             PET2 ESMF_FieldRedistStoreNF(): Just entered routine.
20220716 014957.907 INFO             PET2 ESMF_FieldRedistStoreNF(): Leaving routine.
20220716 014957.917 INFO             PET2  NUMBER_OF_PROCESSORS           4
20220716 014957.917 INFO             PET2  PASS  Example ESMF_RHandleFromFileEx, ESMF_RHandleFromFileEx.F90, line 192
20220716 014957.917 INFO             PET2 Finalizing ESMF
20220716 014957.870 INFO             PET3 !!!!!!!!!!!!!!!!!!!!!!!!!!!!!!!!!!!!!!!!!!!!!!!!!!!!!!
20220716 014957.870 INFO             PET3 !!! THE ESMF_LOG IS SET TO OUTPUT ALL LOG MESSAGES !!!
20220716 014957.870 INFO             PET3 !!!     THIS MAY CAUSE SLOWDOWN IN PERFORMANCE     !!!
20220716 014957.870 INFO             PET3 !!! FOR PRODUCTION RUNS, USE:                      !!!
20220716 014957.870 INFO             PET3 !!!                   ESMF_LOGKIND_Multi_On_Error  !!!
20220716 014957.870 INFO             PET3 !!!!!!!!!!!!!!!!!!!!!!!!!!!!!!!!!!!!!!!!!!!!!!!!!!!!!!
20220716 014957.870 INFO             PET3 Running with ESMF Version   : v8.4.0b04-8-g9865973e1f
20220716 014957.870 INFO             PET3 ESMF library build date/time: "Jul 16 2022" "01:14:47"
20220716 014957.870 INFO             PET3 ESMF library build location : /gpfsm/dnb04/projects/p98/mpotts/esmf/intel_19.1.3_intelmpi_O_feature_named-alias
20220716 014957.870 INFO             PET3 ESMF_COMM                   : intelmpi
20220716 014957.870 INFO             PET3 ESMF_MOAB                   : enabled
20220716 014957.870 INFO             PET3 ESMF_LAPACK                 : enabled
20220716 014957.870 INFO             PET3 ESMF_NETCDF                 : enabled
20220716 014957.870 INFO             PET3 ESMF_PNETCDF                : disabled
20220716 014957.870 INFO             PET3 ESMF_PIO                    : enabled
20220716 014957.870 INFO             PET3 ESMF_YAMLCPP                : enabled
20220716 014957.873 INFO             PET3 ESMF_FieldRedistStoreNF(): Just entered routine.
20220716 014957.907 INFO             PET3 ESMF_FieldRedistStoreNF(): Leaving routine.
20220716 014957.917 INFO             PET3  NUMBER_OF_PROCESSORS           4
20220716 014957.917 INFO             PET3  PASS  Example ESMF_RHandleFromFileEx, ESMF_RHandleFromFileEx.F90, line 192
20220716 014957.917 INFO             PET3 Finalizing ESMF
