build time -- 2022-07-16 01:17:01.334914
20220716 015235.401 INFO             PET0 !!!!!!!!!!!!!!!!!!!!!!!!!!!!!!!!!!!!!!!!!!!!!!!!!!!!!!
20220716 015235.401 INFO             PET0 !!! THE ESMF_LOG IS SET TO OUTPUT ALL LOG MESSAGES !!!
20220716 015235.401 INFO             PET0 !!!     THIS MAY CAUSE SLOWDOWN IN PERFORMANCE     !!!
20220716 015235.401 INFO             PET0 !!! FOR PRODUCTION RUNS, USE:                      !!!
20220716 015235.401 INFO             PET0 !!!                   ESMF_LOGKIND_Multi_On_Error  !!!
20220716 015235.401 INFO             PET0 !!!!!!!!!!!!!!!!!!!!!!!!!!!!!!!!!!!!!!!!!!!!!!!!!!!!!!
20220716 015235.401 INFO             PET0 Running with ESMF Version   : v8.4.0b04-8-g9865973e1f
20220716 015235.401 INFO             PET0 ESMF library build date/time: "Jul 16 2022" "01:14:47"
20220716 015235.401 INFO             PET0 ESMF library build location : /gpfsm/dnb04/projects/p98/mpotts/esmf/intel_19.1.3_intelmpi_O_feature_named-alias
20220716 015235.401 INFO             PET0 ESMF_COMM                   : intelmpi
20220716 015235.402 INFO             PET0 ESMF_MOAB                   : enabled
20220716 015235.402 INFO             PET0 ESMF_LAPACK                 : enabled
20220716 015235.402 INFO             PET0 ESMF_NETCDF                 : enabled
20220716 015235.402 INFO             PET0 ESMF_PNETCDF                : disabled
20220716 015235.402 INFO             PET0 ESMF_PIO                    : enabled
20220716 015235.402 INFO             PET0 ESMF_YAMLCPP                : enabled
20220716 015235.444 DEBUG            PET0 about to destroy Grid: 0xa86fa0
20220716 015235.448 DEBUG            PET0 about to destroy Grid: 0xa88d60
20220716 015235.458 INFO             PET0  NUMBER_OF_PROCESSORS           4
20220716 015235.458 INFO             PET0  PASS  Example ESMF_NUOPCAtmModelEx, ESMF_NUOPCAtmModelEx.F90, line 806
20220716 015235.458 INFO             PET0 Finalizing ESMF
20220716 015235.401 INFO             PET1 !!!!!!!!!!!!!!!!!!!!!!!!!!!!!!!!!!!!!!!!!!!!!!!!!!!!!!
20220716 015235.401 INFO             PET1 !!! THE ESMF_LOG IS SET TO OUTPUT ALL LOG MESSAGES !!!
20220716 015235.401 INFO             PET1 !!!     THIS MAY CAUSE SLOWDOWN IN PERFORMANCE     !!!
20220716 015235.401 INFO             PET1 !!! FOR PRODUCTION RUNS, USE:                      !!!
20220716 015235.401 INFO             PET1 !!!                   ESMF_LOGKIND_Multi_On_Error  !!!
20220716 015235.401 INFO             PET1 !!!!!!!!!!!!!!!!!!!!!!!!!!!!!!!!!!!!!!!!!!!!!!!!!!!!!!
20220716 015235.401 INFO             PET1 Running with ESMF Version   : v8.4.0b04-8-g9865973e1f
20220716 015235.401 INFO             PET1 ESMF library build date/time: "Jul 16 2022" "01:14:47"
20220716 015235.401 INFO             PET1 ESMF library build location : /gpfsm/dnb04/projects/p98/mpotts/esmf/intel_19.1.3_intelmpi_O_feature_named-alias
20220716 015235.401 INFO             PET1 ESMF_COMM                   : intelmpi
20220716 015235.401 INFO             PET1 ESMF_MOAB                   : enabled
20220716 015235.401 INFO             PET1 ESMF_LAPACK                 : enabled
20220716 015235.401 INFO             PET1 ESMF_NETCDF                 : enabled
20220716 015235.401 INFO             PET1 ESMF_PNETCDF                : disabled
20220716 015235.401 INFO             PET1 ESMF_PIO                    : enabled
20220716 015235.401 INFO             PET1 ESMF_YAMLCPP                : enabled
20220716 015235.444 DEBUG            PET1 about to destroy Grid: 0xa86c50
20220716 015235.448 DEBUG            PET1 about to destroy Grid: 0xa87c60
20220716 015235.458 INFO             PET1  NUMBER_OF_PROCESSORS           4
20220716 015235.458 INFO             PET1  PASS  Example ESMF_NUOPCAtmModelEx, ESMF_NUOPCAtmModelEx.F90, line 806
20220716 015235.458 INFO             PET1 Finalizing ESMF
20220716 015235.401 INFO             PET2 !!!!!!!!!!!!!!!!!!!!!!!!!!!!!!!!!!!!!!!!!!!!!!!!!!!!!!
20220716 015235.401 INFO             PET2 !!! THE ESMF_LOG IS SET TO OUTPUT ALL LOG MESSAGES !!!
20220716 015235.401 INFO             PET2 !!!     THIS MAY CAUSE SLOWDOWN IN PERFORMANCE     !!!
20220716 015235.401 INFO             PET2 !!! FOR PRODUCTION RUNS, USE:                      !!!
20220716 015235.401 INFO             PET2 !!!                   ESMF_LOGKIND_Multi_On_Error  !!!
20220716 015235.401 INFO             PET2 !!!!!!!!!!!!!!!!!!!!!!!!!!!!!!!!!!!!!!!!!!!!!!!!!!!!!!
20220716 015235.401 INFO             PET2 Running with ESMF Version   : v8.4.0b04-8-g9865973e1f
20220716 015235.401 INFO             PET2 ESMF library build date/time: "Jul 16 2022" "01:14:47"
20220716 015235.401 INFO             PET2 ESMF library build location : /gpfsm/dnb04/projects/p98/mpotts/esmf/intel_19.1.3_intelmpi_O_feature_named-alias
20220716 015235.401 INFO             PET2 ESMF_COMM                   : intelmpi
20220716 015235.402 INFO             PET2 ESMF_MOAB                   : enabled
20220716 015235.402 INFO             PET2 ESMF_LAPACK                 : enabled
20220716 015235.402 INFO             PET2 ESMF_NETCDF                 : enabled
20220716 015235.402 INFO             PET2 ESMF_PNETCDF                : disabled
20220716 015235.402 INFO             PET2 ESMF_PIO                    : enabled
20220716 015235.402 INFO             PET2 ESMF_YAMLCPP                : enabled
20220716 015235.444 DEBUG            PET2 about to destroy Grid: 0xa86b80
20220716 015235.448 DEBUG            PET2 about to destroy Grid: 0xa87b90
20220716 015235.459 INFO             PET2  NUMBER_OF_PROCESSORS           4
20220716 015235.459 INFO             PET2  PASS  Example ESMF_NUOPCAtmModelEx, ESMF_NUOPCAtmModelEx.F90, line 806
20220716 015235.459 INFO             PET2 Finalizing ESMF
20220716 015235.401 INFO             PET3 !!!!!!!!!!!!!!!!!!!!!!!!!!!!!!!!!!!!!!!!!!!!!!!!!!!!!!
20220716 015235.401 INFO             PET3 !!! THE ESMF_LOG IS SET TO OUTPUT ALL LOG MESSAGES !!!
20220716 015235.401 INFO             PET3 !!!     THIS MAY CAUSE SLOWDOWN IN PERFORMANCE     !!!
20220716 015235.401 INFO             PET3 !!! FOR PRODUCTION RUNS, USE:                      !!!
20220716 015235.401 INFO             PET3 !!!                   ESMF_LOGKIND_Multi_On_Error  !!!
20220716 015235.401 INFO             PET3 !!!!!!!!!!!!!!!!!!!!!!!!!!!!!!!!!!!!!!!!!!!!!!!!!!!!!!
20220716 015235.401 INFO             PET3 Running with ESMF Version   : v8.4.0b04-8-g9865973e1f
20220716 015235.401 INFO             PET3 ESMF library build date/time: "Jul 16 2022" "01:14:47"
20220716 015235.401 INFO             PET3 ESMF library build location : /gpfsm/dnb04/projects/p98/mpotts/esmf/intel_19.1.3_intelmpi_O_feature_named-alias
20220716 015235.401 INFO             PET3 ESMF_COMM                   : intelmpi
20220716 015235.402 INFO             PET3 ESMF_MOAB                   : enabled
20220716 015235.402 INFO             PET3 ESMF_LAPACK                 : enabled
20220716 015235.402 INFO             PET3 ESMF_NETCDF                 : enabled
20220716 015235.402 INFO             PET3 ESMF_PNETCDF                : disabled
20220716 015235.402 INFO             PET3 ESMF_PIO                    : enabled
20220716 015235.402 INFO             PET3 ESMF_YAMLCPP                : enabled
20220716 015235.444 DEBUG            PET3 about to destroy Grid: 0xa86c60
20220716 015235.448 DEBUG            PET3 about to destroy Grid: 0xa87c70
20220716 015235.458 INFO             PET3  NUMBER_OF_PROCESSORS           4
20220716 015235.459 INFO             PET3  PASS  Example ESMF_NUOPCAtmModelEx, ESMF_NUOPCAtmModelEx.F90, line 806
20220716 015235.459 INFO             PET3 Finalizing ESMF
