build time -- 2022-06-29 03:16:40
20220629 062634.851 INFO             PET0 !!!!!!!!!!!!!!!!!!!!!!!!!!!!!!!!!!!!!!!!!!!!!!!!!!!!!!
20220629 062634.851 INFO             PET0 !!! THE ESMF_LOG IS SET TO OUTPUT ALL LOG MESSAGES !!!
20220629 062634.851 INFO             PET0 !!!     THIS MAY CAUSE SLOWDOWN IN PERFORMANCE     !!!
20220629 062634.851 INFO             PET0 !!! FOR PRODUCTION RUNS, USE:                      !!!
20220629 062634.851 INFO             PET0 !!!                   ESMF_LOGKIND_Multi_On_Error  !!!
20220629 062634.851 INFO             PET0 !!!!!!!!!!!!!!!!!!!!!!!!!!!!!!!!!!!!!!!!!!!!!!!!!!!!!!
20220629 062634.851 INFO             PET0 Running with ESMF Version   : v8.4.0b01-2-gf0d4ab211d
20220629 062634.851 INFO             PET0 ESMF library build date/time: "Jun 29 2022" "03:15:01"
20220629 062634.851 INFO             PET0 ESMF library build location : /global/cscratch1/sd/rsdunlap/esmf-testing/intel_19.1.2_mpiuni_g_develop
20220629 062634.851 INFO             PET0 ESMF_COMM                   : mpiuni
20220629 062634.853 INFO             PET0 ESMF_MOAB                   : enabled
20220629 062634.853 INFO             PET0 ESMF_LAPACK                 : enabled
20220629 062634.853 INFO             PET0 ESMF_NETCDF                 : enabled
20220629 062634.853 INFO             PET0 ESMF_PNETCDF                : disabled
20220629 062634.853 INFO             PET0 ESMF_PIO                    : disabled
20220629 062634.853 INFO             PET0 ESMF_YAMLCPP                : enabled
20220629 062634.855 INFO             PET0  NUMBER_OF_PROCESSORS           1
20220629 062634.855 INFO             PET0  PASS  Example ESMF_TimeIntervalEx, ESMF_TimeIntervalEx.F90, line 176
20220629 062634.855 INFO             PET0 Finalizing ESMF
