build time -- 2022-07-17 03:46:37
20220717 230907.214 INFO             PET0 !!!!!!!!!!!!!!!!!!!!!!!!!!!!!!!!!!!!!!!!!!!!!!!!!!!!!!
20220717 230907.214 INFO             PET0 !!! THE ESMF_LOG IS SET TO OUTPUT ALL LOG MESSAGES !!!
20220717 230907.214 INFO             PET0 !!!     THIS MAY CAUSE SLOWDOWN IN PERFORMANCE     !!!
20220717 230907.214 INFO             PET0 !!! FOR PRODUCTION RUNS, USE:                      !!!
20220717 230907.214 INFO             PET0 !!!                   ESMF_LOGKIND_Multi_On_Error  !!!
20220717 230907.214 INFO             PET0 !!!!!!!!!!!!!!!!!!!!!!!!!!!!!!!!!!!!!!!!!!!!!!!!!!!!!!
20220717 230907.214 INFO             PET0 Running with ESMF Version   : v8.4.0b04-2-gc831a7cd4a
20220717 230907.214 INFO             PET0 ESMF library build date/time: "Jul 17 2022" "03:45:03"
20220717 230907.214 INFO             PET0 ESMF library build location : /global/cscratch1/sd/rsdunlap/esmf-testing/intel_19.1.2_mpiuni_g_develop
20220717 230907.214 INFO             PET0 ESMF_COMM                   : mpiuni
20220717 230907.216 INFO             PET0 ESMF_MOAB                   : enabled
20220717 230907.216 INFO             PET0 ESMF_LAPACK                 : enabled
20220717 230907.216 INFO             PET0 ESMF_NETCDF                 : enabled
20220717 230907.216 INFO             PET0 ESMF_PNETCDF                : disabled
20220717 230907.216 INFO             PET0 ESMF_PIO                    : disabled
20220717 230907.216 INFO             PET0 ESMF_YAMLCPP                : enabled
20220717 230907.216 INFO             PET0 Log Write 2
20220717 230907.216 ERROR            PET0 Invalid object  - Convergence failure
20220717 230907.216 ERROR            PET0 ESMCI_Fraction.C:1444 ESMCI::Fraction::validate() must have non-zero denominator.
20220717 230907.216 ERROR            PET0 ESMCI_Time.C:838 ESMCI::Time::syncToRealTime() Wrong argument specified  - ; calkindflag is JULIANDAY, MODJULIANDAY or NOCALENDAR.
20220717 230907.216 ERROR            PET0 ESMF_Time.F90:1485 ESMF_TimeSyncToRealTime() Wrong argument specified  - Internal subroutine call returned Error
20220717 230907.216 ERROR            PET0 Wrong argument specified  - getting wall clock time
20220717 230907.219 INFO             PET0  NUMBER_OF_PROCESSORS           1
20220717 230907.221 INFO             PET0  PASS  Example ESMF_LogErrEx, ESMF_LogErrEx.F90, line 186
20220717 230907.221 INFO             PET0 Finalizing ESMF
