build time -- 2022-07-19 03:12:18
20220719 104350.803 INFO             PET0 !!!!!!!!!!!!!!!!!!!!!!!!!!!!!!!!!!!!!!!!!!!!!!!!!!!!!!
20220719 104350.803 INFO             PET0 !!! THE ESMF_LOG IS SET TO OUTPUT ALL LOG MESSAGES !!!
20220719 104350.803 INFO             PET0 !!!     THIS MAY CAUSE SLOWDOWN IN PERFORMANCE     !!!
20220719 104350.803 INFO             PET0 !!! FOR PRODUCTION RUNS, USE:                      !!!
20220719 104350.803 INFO             PET0 !!!                   ESMF_LOGKIND_Multi_On_Error  !!!
20220719 104350.803 INFO             PET0 !!!!!!!!!!!!!!!!!!!!!!!!!!!!!!!!!!!!!!!!!!!!!!!!!!!!!!
20220719 104350.803 INFO             PET0 Running with ESMF Version   : v8.4.0b05-10-g2a13bec76f
20220719 104350.803 INFO             PET0 ESMF library build date/time: "Jul 19 2022" "03:09:39"
20220719 104350.803 INFO             PET0 ESMF library build location : /global/cscratch1/sd/rsdunlap/esmf-testing/intel_19.1.2_mpiuni_g_develop
20220719 104350.804 INFO             PET0 ESMF_COMM                   : mpiuni
20220719 104350.805 INFO             PET0 ESMF_MOAB                   : enabled
20220719 104350.805 INFO             PET0 ESMF_LAPACK                 : enabled
20220719 104350.805 INFO             PET0 ESMF_NETCDF                 : enabled
20220719 104350.805 INFO             PET0 ESMF_PNETCDF                : disabled
20220719 104350.805 INFO             PET0 ESMF_PIO                    : disabled
20220719 104350.805 INFO             PET0 ESMF_YAMLCPP                : enabled
20220719 104350.807 INFO             PET0  NUMBER_OF_PROCESSORS           1
20220719 104350.807 INFO             PET0  PASS  Example CalendarEx, ESMF_CalendarEx.F90, line 217
20220719 104350.807 INFO             PET0 Finalizing ESMF
