build time -- 2022-07-12 04:16:07
20220712 083437.490 INFO             PET0 !!!!!!!!!!!!!!!!!!!!!!!!!!!!!!!!!!!!!!!!!!!!!!!!!!!!!!
20220712 083437.490 INFO             PET0 !!! THE ESMF_LOG IS SET TO OUTPUT ALL LOG MESSAGES !!!
20220712 083437.490 INFO             PET0 !!!     THIS MAY CAUSE SLOWDOWN IN PERFORMANCE     !!!
20220712 083437.490 INFO             PET0 !!! FOR PRODUCTION RUNS, USE:                      !!!
20220712 083437.490 INFO             PET0 !!!                   ESMF_LOGKIND_Multi_On_Error  !!!
20220712 083437.490 INFO             PET0 !!!!!!!!!!!!!!!!!!!!!!!!!!!!!!!!!!!!!!!!!!!!!!!!!!!!!!
20220712 083437.490 INFO             PET0 Running with ESMF Version   : v8.4.0b03-3-g14a79d558f
20220712 083437.490 INFO             PET0 ESMF library build date/time: "Jul 12 2022" "04:14:34"
20220712 083437.490 INFO             PET0 ESMF library build location : /global/cscratch1/sd/rsdunlap/esmf-testing/intel_19.1.2_mpiuni_g_develop
20220712 083437.490 INFO             PET0 ESMF_COMM                   : mpiuni
20220712 083437.492 INFO             PET0 ESMF_MOAB                   : enabled
20220712 083437.492 INFO             PET0 ESMF_LAPACK                 : enabled
20220712 083437.492 INFO             PET0 ESMF_NETCDF                 : enabled
20220712 083437.492 INFO             PET0 ESMF_PNETCDF                : disabled
20220712 083437.492 INFO             PET0 ESMF_PIO                    : disabled
20220712 083437.492 INFO             PET0 ESMF_YAMLCPP                : enabled
20220712 083437.493 INFO             PET0  NUMBER_OF_PROCESSORS           1
20220712 083437.493 INFO             PET0  PASS  Example ESMF_VMDefaultBasicsEx, ESMF_VMDefaultBasicsEx.F90, line 107
20220712 083437.493 INFO             PET0 Finalizing ESMF
