build time -- 2022-07-01 03:00:03
20220701 064713.445 INFO             PET0 !!!!!!!!!!!!!!!!!!!!!!!!!!!!!!!!!!!!!!!!!!!!!!!!!!!!!!
20220701 064713.445 INFO             PET0 !!! THE ESMF_LOG IS SET TO OUTPUT ALL LOG MESSAGES !!!
20220701 064713.445 INFO             PET0 !!!     THIS MAY CAUSE SLOWDOWN IN PERFORMANCE     !!!
20220701 064713.445 INFO             PET0 !!! FOR PRODUCTION RUNS, USE:                      !!!
20220701 064713.445 INFO             PET0 !!!                   ESMF_LOGKIND_Multi_On_Error  !!!
20220701 064713.445 INFO             PET0 !!!!!!!!!!!!!!!!!!!!!!!!!!!!!!!!!!!!!!!!!!!!!!!!!!!!!!
20220701 064713.445 INFO             PET0 Running with ESMF Version   : v8.4.0b02
20220701 064713.445 INFO             PET0 ESMF library build date/time: "Jul  1 2022" "02:58:14"
20220701 064713.445 INFO             PET0 ESMF library build location : /global/cscratch1/sd/rsdunlap/esmf-testing/intel_19.1.2_mpiuni_g_develop
20220701 064713.445 INFO             PET0 ESMF_COMM                   : mpiuni
20220701 064713.447 INFO             PET0 ESMF_MOAB                   : enabled
20220701 064713.447 INFO             PET0 ESMF_LAPACK                 : enabled
20220701 064713.447 INFO             PET0 ESMF_NETCDF                 : enabled
20220701 064713.447 INFO             PET0 ESMF_PNETCDF                : disabled
20220701 064713.447 INFO             PET0 ESMF_PIO                    : disabled
20220701 064713.447 INFO             PET0 ESMF_YAMLCPP                : enabled
20220701 064713.450 INFO             PET0  NUMBER_OF_PROCESSORS           1
20220701 064713.450 INFO             PET0  PASS  Example ESMF_VMHigherRankDataEx, ESMF_VMHigherRankDataEx.F90, line 140
20220701 064713.450 INFO             PET0 Finalizing ESMF
