build time -- 2022-07-06 03:33:46
20220706 070524.055 INFO             PET0 !!!!!!!!!!!!!!!!!!!!!!!!!!!!!!!!!!!!!!!!!!!!!!!!!!!!!!
20220706 070524.055 INFO             PET0 !!! THE ESMF_LOG IS SET TO OUTPUT ALL LOG MESSAGES !!!
20220706 070524.055 INFO             PET0 !!!     THIS MAY CAUSE SLOWDOWN IN PERFORMANCE     !!!
20220706 070524.055 INFO             PET0 !!! FOR PRODUCTION RUNS, USE:                      !!!
20220706 070524.055 INFO             PET0 !!!                   ESMF_LOGKIND_Multi_On_Error  !!!
20220706 070524.055 INFO             PET0 !!!!!!!!!!!!!!!!!!!!!!!!!!!!!!!!!!!!!!!!!!!!!!!!!!!!!!
20220706 070524.055 INFO             PET0 Running with ESMF Version   : v8.4.0b03
20220706 070524.055 INFO             PET0 ESMF library build date/time: "Jul  6 2022" "03:32:13"
20220706 070524.055 INFO             PET0 ESMF library build location : /global/cscratch1/sd/rsdunlap/esmf-testing/intel_19.1.2_mpiuni_g_develop
20220706 070524.055 INFO             PET0 ESMF_COMM                   : mpiuni
20220706 070524.057 INFO             PET0 ESMF_MOAB                   : enabled
20220706 070524.057 INFO             PET0 ESMF_LAPACK                 : enabled
20220706 070524.057 INFO             PET0 ESMF_NETCDF                 : enabled
20220706 070524.057 INFO             PET0 ESMF_PNETCDF                : disabled
20220706 070524.057 INFO             PET0 ESMF_PIO                    : disabled
20220706 070524.057 INFO             PET0 ESMF_YAMLCPP                : enabled
20220706 070524.080 INFO             PET0  NUMBER_OF_PROCESSORS           1
20220706 070524.082 INFO             PET0  PASS  Example ESMF_RHandleReusabilityEx, ESMF_RHandleReusabilityEx.F90, line 582
20220706 070524.082 INFO             PET0 Finalizing ESMF
