build time -- 2022-06-08 13:55:12
20220608 212750.247 INFO             PET0 !!!!!!!!!!!!!!!!!!!!!!!!!!!!!!!!!!!!!!!!!!!!!!!!!!!!!!
20220608 212750.247 INFO             PET0 !!! THE ESMF_LOG IS SET TO OUTPUT ALL LOG MESSAGES !!!
20220608 212750.247 INFO             PET0 !!!     THIS MAY CAUSE SLOWDOWN IN PERFORMANCE     !!!
20220608 212750.247 INFO             PET0 !!! FOR PRODUCTION RUNS, USE:                      !!!
20220608 212750.247 INFO             PET0 !!!                   ESMF_LOGKIND_Multi_On_Error  !!!
20220608 212750.247 INFO             PET0 !!!!!!!!!!!!!!!!!!!!!!!!!!!!!!!!!!!!!!!!!!!!!!!!!!!!!!
20220608 212750.247 INFO             PET0 Running with ESMF Version   : v8.4.0b01-2-gf0d4ab211d
20220608 212750.248 INFO             PET0 ESMF library build date/time: "Jun  8 2022" "13:52:55"
20220608 212750.248 INFO             PET0 ESMF library build location : /global/cscratch1/sd/rsdunlap/esmf-testing/intel_19.1.2_mpiuni_g_develop
20220608 212750.248 INFO             PET0 ESMF_COMM                   : mpiuni
20220608 212750.253 INFO             PET0 ESMF_MOAB                   : enabled
20220608 212750.253 INFO             PET0 ESMF_LAPACK                 : enabled
20220608 212750.253 INFO             PET0 ESMF_NETCDF                 : enabled
20220608 212750.253 INFO             PET0 ESMF_PNETCDF                : disabled
20220608 212750.253 INFO             PET0 ESMF_PIO                    : disabled
20220608 212750.253 INFO             PET0 ESMF_YAMLCPP                : enabled
20220608 212750.673 INFO             PET0  NUMBER_OF_PROCESSORS           1
20220608 212750.675 INFO             PET0  PASS  Example ESMF_GridUsageEx, ESMF_GridUsageEx.F90, line 3470
20220608 212750.675 INFO             PET0 Finalizing ESMF
